[2025-12-21 16:00:40,232] {taskinstance.py:1032} INFO - Dependencies all met for <TaskInstance: HomeWork6.fill_table__order_items manual__2025-12-21T16:00:36.659607+00:00 [queued]>
[2025-12-21 16:00:40,242] {taskinstance.py:1032} INFO - Dependencies all met for <TaskInstance: HomeWork6.fill_table__order_items manual__2025-12-21T16:00:36.659607+00:00 [queued]>
[2025-12-21 16:00:40,242] {taskinstance.py:1238} INFO - 
--------------------------------------------------------------------------------
[2025-12-21 16:00:40,242] {taskinstance.py:1239} INFO - Starting attempt 1 of 2
[2025-12-21 16:00:40,242] {taskinstance.py:1240} INFO - 
--------------------------------------------------------------------------------
[2025-12-21 16:00:40,251] {taskinstance.py:1259} INFO - Executing <Task(PostgresOperator): fill_table__order_items> on 2025-12-21 16:00:36.659607+00:00
[2025-12-21 16:00:40,261] {standard_task_runner.py:76} INFO - Running: ['***', 'tasks', 'run', 'HomeWork6', 'fill_table__order_items', 'manual__2025-12-21T16:00:36.659607+00:00', '--job-id', '176', '--raw', '--subdir', 'DAGS_FOLDER/HomeWork6.py', '--cfg-path', '/tmp/tmpp0mdfmx5', '--error-file', '/tmp/tmpdptoqrmo']
[2025-12-21 16:00:40,262] {standard_task_runner.py:77} INFO - Job 176: Subtask fill_table__order_items
[2025-12-21 16:00:40,256] {standard_task_runner.py:52} INFO - Started process 2613 to run task
[2025-12-21 16:00:40,331] {logging_mixin.py:109} INFO - Running <TaskInstance: HomeWork6.fill_table__order_items manual__2025-12-21T16:00:36.659607+00:00 [running]> on host ee9896260e3b
[2025-12-21 16:00:40,396] {taskinstance.py:1426} INFO - Exporting the following env vars:
AIRFLOW_CTX_DAG_OWNER=Solovev Egor
AIRFLOW_CTX_DAG_ID=HomeWork6
AIRFLOW_CTX_TASK_ID=fill_table__order_items
AIRFLOW_CTX_EXECUTION_DATE=2025-12-21T16:00:36.659607+00:00
AIRFLOW_CTX_DAG_RUN_ID=manual__2025-12-21T16:00:36.659607+00:00
[2025-12-21 16:00:40,407] {base.py:79} INFO - Using connection to: id: postgresql. Host: postgres, Port: 5432, Schema: postgres, Login: ***, Password: ***, extra: {}
[2025-12-21 16:00:40,414] {dbapi.py:225} INFO - Running statement: 
                COPY order_items FROM '/opt/***/data_files/order_items.csv'
                DELIMITER ',' CSV HEADER;
        , parameters: None
[2025-12-21 16:00:40,505] {dbapi.py:233} INFO - Rows affected: 20000
[2025-12-21 16:00:40,536] {taskinstance.py:1277} INFO - Marking task as SUCCESS. dag_id=HomeWork6, task_id=fill_table__order_items, execution_date=20251221T160036, start_date=20251221T160040, end_date=20251221T160040
[2025-12-21 16:00:40,560] {local_task_job.py:154} INFO - Task exited with return code 0
[2025-12-21 16:00:40,614] {local_task_job.py:264} INFO - 0 downstream tasks scheduled from follow-on schedule check
