[2025-12-21 19:49:52,055] {taskinstance.py:1032} INFO - Dependencies all met for <TaskInstance: SolovevEgor_HW_05_ds_2025.truncate_tables scheduled__2025-12-21T19:49:35.094788+00:00 [queued]>
[2025-12-21 19:49:52,064] {taskinstance.py:1032} INFO - Dependencies all met for <TaskInstance: SolovevEgor_HW_05_ds_2025.truncate_tables scheduled__2025-12-21T19:49:35.094788+00:00 [queued]>
[2025-12-21 19:49:52,064] {taskinstance.py:1238} INFO - 
--------------------------------------------------------------------------------
[2025-12-21 19:49:52,064] {taskinstance.py:1239} INFO - Starting attempt 1 of 2
[2025-12-21 19:49:52,064] {taskinstance.py:1240} INFO - 
--------------------------------------------------------------------------------
[2025-12-21 19:49:52,073] {taskinstance.py:1259} INFO - Executing <Task(PostgresOperator): truncate_tables> on 2025-12-21 19:49:35.094788+00:00
[2025-12-21 19:49:52,080] {standard_task_runner.py:76} INFO - Running: ['***', 'tasks', 'run', 'SolovevEgor_HW_05_ds_2025', 'truncate_tables', 'scheduled__2025-12-21T19:49:35.094788+00:00', '--job-id', '3111', '--raw', '--subdir', 'DAGS_FOLDER/SolovevEgor_HW_06_ds_2025.py', '--cfg-path', '/tmp/tmprh2st9_5', '--error-file', '/tmp/tmpcq16p6e_']
[2025-12-21 19:49:52,081] {standard_task_runner.py:77} INFO - Job 3111: Subtask truncate_tables
[2025-12-21 19:49:52,077] {standard_task_runner.py:52} INFO - Started process 219 to run task
[2025-12-21 19:49:52,134] {logging_mixin.py:109} INFO - Running <TaskInstance: SolovevEgor_HW_05_ds_2025.truncate_tables scheduled__2025-12-21T19:49:35.094788+00:00 [running]> on host f4f0113aed8c
[2025-12-21 19:49:52,179] {taskinstance.py:1426} INFO - Exporting the following env vars:
AIRFLOW_CTX_DAG_OWNER=Solovev Egor
AIRFLOW_CTX_DAG_ID=SolovevEgor_HW_05_ds_2025
AIRFLOW_CTX_TASK_ID=truncate_tables
AIRFLOW_CTX_EXECUTION_DATE=2025-12-21T19:49:35.094788+00:00
AIRFLOW_CTX_DAG_RUN_ID=scheduled__2025-12-21T19:49:35.094788+00:00
[2025-12-21 19:49:52,187] {base.py:79} INFO - Using connection to: id: postgresql. Host: postgres, Port: 5432, Schema: postgres, Login: ***, Password: ***, extra: {}
[2025-12-21 19:49:52,191] {dbapi.py:225} INFO - Running statement: truncate table customer, order_items, orders, product;, parameters: None
[2025-12-21 19:49:52,219] {taskinstance.py:1277} INFO - Marking task as SUCCESS. dag_id=SolovevEgor_HW_05_ds_2025, task_id=truncate_tables, execution_date=20251221T194935, start_date=20251221T194952, end_date=20251221T194952
[2025-12-21 19:49:52,259] {local_task_job.py:154} INFO - Task exited with return code 0
[2025-12-21 19:49:52,294] {local_task_job.py:264} INFO - 4 downstream tasks scheduled from follow-on schedule check
