[2025-12-21 19:03:46,486] {taskinstance.py:1032} INFO - Dependencies all met for <TaskInstance: SolovevEgor_HW_05_ds_2025.run_query1 scheduled__2025-12-21T19:03:23.858510+00:00 [queued]>
[2025-12-21 19:03:46,501] {taskinstance.py:1032} INFO - Dependencies all met for <TaskInstance: SolovevEgor_HW_05_ds_2025.run_query1 scheduled__2025-12-21T19:03:23.858510+00:00 [queued]>
[2025-12-21 19:03:46,501] {taskinstance.py:1238} INFO - 
--------------------------------------------------------------------------------
[2025-12-21 19:03:46,501] {taskinstance.py:1239} INFO - Starting attempt 1 of 2
[2025-12-21 19:03:46,501] {taskinstance.py:1240} INFO - 
--------------------------------------------------------------------------------
[2025-12-21 19:03:46,527] {taskinstance.py:1259} INFO - Executing <Task(PythonOperator): run_query1> on 2025-12-21 19:03:23.858510+00:00
[2025-12-21 19:03:46,546] {standard_task_runner.py:76} INFO - Running: ['***', 'tasks', 'run', 'SolovevEgor_HW_05_ds_2025', 'run_query1', 'scheduled__2025-12-21T19:03:23.858510+00:00', '--job-id', '1908', '--raw', '--subdir', 'DAGS_FOLDER/SolovevEgor_HW_06_ds_2025.py', '--cfg-path', '/tmp/tmpxyzwc6z6', '--error-file', '/tmp/tmpndp_ziwe']
[2025-12-21 19:03:46,547] {standard_task_runner.py:77} INFO - Job 1908: Subtask run_query1
[2025-12-21 19:03:46,535] {standard_task_runner.py:52} INFO - Started process 10823 to run task
[2025-12-21 19:03:46,680] {logging_mixin.py:109} INFO - Running <TaskInstance: SolovevEgor_HW_05_ds_2025.run_query1 scheduled__2025-12-21T19:03:23.858510+00:00 [running]> on host b97b26732d6a
[2025-12-21 19:03:46,827] {taskinstance.py:1426} INFO - Exporting the following env vars:
AIRFLOW_CTX_DAG_OWNER=Solovev Egor
AIRFLOW_CTX_DAG_ID=SolovevEgor_HW_05_ds_2025
AIRFLOW_CTX_TASK_ID=run_query1
AIRFLOW_CTX_EXECUTION_DATE=2025-12-21T19:03:23.858510+00:00
AIRFLOW_CTX_DAG_RUN_ID=scheduled__2025-12-21T19:03:23.858510+00:00
[2025-12-21 19:03:47,475] {base.py:79} INFO - Using connection to: id: postgresql. Host: postgres, Port: 5432, Schema: postgres, Login: ***, Password: ***, extra: {}
[2025-12-21 19:03:47,740] {logging_mixin.py:109} INFO -   first_name last_name     amount  top3_min_amount  top3_max_amount
0     Hamlen  Slograve      60.34                1             3494
1      Milli   Hubbert      71.48                2             3493
2      Hildy  Bilbrook     432.94                3             3492
3        Tye    Doohan  129789.93             3492                3
4     Jeffry    Slowly  133657.05             3493                2
5     Jillie    Fyndon  136632.46             3494                1
[2025-12-21 19:03:47,740] {python.py:175} INFO - Done. Returned value was: 1234567
[2025-12-21 19:03:47,809] {taskinstance.py:1277} INFO - Marking task as SUCCESS. dag_id=SolovevEgor_HW_05_ds_2025, task_id=run_query1, execution_date=20251221T190323, start_date=20251221T190346, end_date=20251221T190347
[2025-12-21 19:03:47,911] {local_task_job.py:154} INFO - Task exited with return code 0
[2025-12-21 19:03:48,004] {local_task_job.py:264} INFO - 0 downstream tasks scheduled from follow-on schedule check
