[2025-12-21 18:53:18,969] {taskinstance.py:1032} INFO - Dependencies all met for <TaskInstance: SolovevEgor_HW_05_ds_2025.truncate_tables scheduled__2025-12-21T18:52:55.650007+00:00 [queued]>
[2025-12-21 18:53:19,037] {taskinstance.py:1032} INFO - Dependencies all met for <TaskInstance: SolovevEgor_HW_05_ds_2025.truncate_tables scheduled__2025-12-21T18:52:55.650007+00:00 [queued]>
[2025-12-21 18:53:19,037] {taskinstance.py:1238} INFO - 
--------------------------------------------------------------------------------
[2025-12-21 18:53:19,037] {taskinstance.py:1239} INFO - Starting attempt 1 of 2
[2025-12-21 18:53:19,038] {taskinstance.py:1240} INFO - 
--------------------------------------------------------------------------------
[2025-12-21 18:53:19,099] {taskinstance.py:1259} INFO - Executing <Task(PostgresOperator): truncate_tables> on 2025-12-21 18:52:55.650007+00:00
[2025-12-21 18:53:19,138] {standard_task_runner.py:76} INFO - Running: ['***', 'tasks', 'run', 'SolovevEgor_HW_05_ds_2025', 'truncate_tables', 'scheduled__2025-12-21T18:52:55.650007+00:00', '--job-id', '1494', '--raw', '--subdir', 'DAGS_FOLDER/SolovevEgor_HW_06_ds_2025.py', '--cfg-path', '/tmp/tmp39qy6_56', '--error-file', '/tmp/tmpaoxrg77t']
[2025-12-21 18:53:19,149] {standard_task_runner.py:77} INFO - Job 1494: Subtask truncate_tables
[2025-12-21 18:53:19,122] {standard_task_runner.py:52} INFO - Started process 9660 to run task
[2025-12-21 18:53:19,421] {logging_mixin.py:109} INFO - Running <TaskInstance: SolovevEgor_HW_05_ds_2025.truncate_tables scheduled__2025-12-21T18:52:55.650007+00:00 [running]> on host b97b26732d6a
[2025-12-21 18:53:19,655] {taskinstance.py:1426} INFO - Exporting the following env vars:
AIRFLOW_CTX_DAG_OWNER=Solovev Egor
AIRFLOW_CTX_DAG_ID=SolovevEgor_HW_05_ds_2025
AIRFLOW_CTX_TASK_ID=truncate_tables
AIRFLOW_CTX_EXECUTION_DATE=2025-12-21T18:52:55.650007+00:00
AIRFLOW_CTX_DAG_RUN_ID=scheduled__2025-12-21T18:52:55.650007+00:00
[2025-12-21 18:53:19,707] {base.py:79} INFO - Using connection to: id: postgresql. Host: postgres, Port: 5432, Schema: postgres, Login: ***, Password: ***, extra: {}
[2025-12-21 18:53:19,723] {dbapi.py:225} INFO - Running statement: truncate table customer, order_items, orders, product;, parameters: None
[2025-12-21 18:53:19,982] {taskinstance.py:1277} INFO - Marking task as SUCCESS. dag_id=SolovevEgor_HW_05_ds_2025, task_id=truncate_tables, execution_date=20251221T185255, start_date=20251221T185318, end_date=20251221T185319
[2025-12-21 18:53:20,073] {local_task_job.py:154} INFO - Task exited with return code 0
[2025-12-21 18:53:20,276] {local_task_job.py:264} INFO - 4 downstream tasks scheduled from follow-on schedule check
