[2025-12-21 15:56:22,743] {taskinstance.py:1032} INFO - Dependencies all met for <TaskInstance: HomeWork6.fill_table__product manual__2025-12-21T15:56:19.335376+00:00 [queued]>
[2025-12-21 15:56:22,753] {taskinstance.py:1032} INFO - Dependencies all met for <TaskInstance: HomeWork6.fill_table__product manual__2025-12-21T15:56:19.335376+00:00 [queued]>
[2025-12-21 15:56:22,753] {taskinstance.py:1238} INFO - 
--------------------------------------------------------------------------------
[2025-12-21 15:56:22,753] {taskinstance.py:1239} INFO - Starting attempt 1 of 2
[2025-12-21 15:56:22,753] {taskinstance.py:1240} INFO - 
--------------------------------------------------------------------------------
[2025-12-21 15:56:22,762] {taskinstance.py:1259} INFO - Executing <Task(PostgresOperator): fill_table__product> on 2025-12-21 15:56:19.335376+00:00
[2025-12-21 15:56:22,771] {standard_task_runner.py:52} INFO - Started process 2340 to run task
[2025-12-21 15:56:22,776] {standard_task_runner.py:76} INFO - Running: ['***', 'tasks', 'run', 'HomeWork6', 'fill_table__product', 'manual__2025-12-21T15:56:19.335376+00:00', '--job-id', '140', '--raw', '--subdir', 'DAGS_FOLDER/HomeWork6.py', '--cfg-path', '/tmp/tmpb69xckgl', '--error-file', '/tmp/tmph_wnemi1']
[2025-12-21 15:56:22,777] {standard_task_runner.py:77} INFO - Job 140: Subtask fill_table__product
[2025-12-21 15:56:22,868] {logging_mixin.py:109} INFO - Running <TaskInstance: HomeWork6.fill_table__product manual__2025-12-21T15:56:19.335376+00:00 [running]> on host ee9896260e3b
[2025-12-21 15:56:22,968] {taskinstance.py:1426} INFO - Exporting the following env vars:
AIRFLOW_CTX_DAG_OWNER=Solovev Egor
AIRFLOW_CTX_DAG_ID=HomeWork6
AIRFLOW_CTX_TASK_ID=fill_table__product
AIRFLOW_CTX_EXECUTION_DATE=2025-12-21T15:56:19.335376+00:00
AIRFLOW_CTX_DAG_RUN_ID=manual__2025-12-21T15:56:19.335376+00:00
[2025-12-21 15:56:22,982] {base.py:79} INFO - Using connection to: id: postgresql. Host: postgres, Port: 5432, Schema: postgres, Login: ***, Password: ***, extra: {}
[2025-12-21 15:56:22,990] {dbapi.py:225} INFO - Running statement: 
                COPY product FROM '/opt/***/data_files/product.csv'
                DELIMITER ',' CSV HEADER;
        , parameters: None
[2025-12-21 15:56:22,992] {dbapi.py:233} INFO - Rows affected: 190
[2025-12-21 15:56:23,015] {taskinstance.py:1277} INFO - Marking task as SUCCESS. dag_id=HomeWork6, task_id=fill_table__product, execution_date=20251221T155619, start_date=20251221T155622, end_date=20251221T155623
[2025-12-21 15:56:23,070] {local_task_job.py:154} INFO - Task exited with return code 0
[2025-12-21 15:56:23,109] {local_task_job.py:264} INFO - 0 downstream tasks scheduled from follow-on schedule check
