[2025-12-21 19:49:24,038] {taskinstance.py:1032} INFO - Dependencies all met for <TaskInstance: SolovevEgor_HW_05_ds_2025.fill_table__product scheduled__2025-12-21T19:49:05.094788+00:00 [queued]>
[2025-12-21 19:49:24,049] {taskinstance.py:1032} INFO - Dependencies all met for <TaskInstance: SolovevEgor_HW_05_ds_2025.fill_table__product scheduled__2025-12-21T19:49:05.094788+00:00 [queued]>
[2025-12-21 19:49:24,049] {taskinstance.py:1238} INFO - 
--------------------------------------------------------------------------------
[2025-12-21 19:49:24,049] {taskinstance.py:1239} INFO - Starting attempt 1 of 2
[2025-12-21 19:49:24,049] {taskinstance.py:1240} INFO - 
--------------------------------------------------------------------------------
[2025-12-21 19:49:24,066] {taskinstance.py:1259} INFO - Executing <Task(PostgresOperator): fill_table__product> on 2025-12-21 19:49:05.094788+00:00
[2025-12-21 19:49:24,076] {standard_task_runner.py:76} INFO - Running: ['***', 'tasks', 'run', 'SolovevEgor_HW_05_ds_2025', 'fill_table__product', 'scheduled__2025-12-21T19:49:05.094788+00:00', '--job-id', '3097', '--raw', '--subdir', 'DAGS_FOLDER/SolovevEgor_HW_06_ds_2025.py', '--cfg-path', '/tmp/tmpxjgnl91u', '--error-file', '/tmp/tmphgcyj6vm']
[2025-12-21 19:49:24,077] {standard_task_runner.py:77} INFO - Job 3097: Subtask fill_table__product
[2025-12-21 19:49:24,072] {standard_task_runner.py:52} INFO - Started process 174 to run task
[2025-12-21 19:49:24,171] {logging_mixin.py:109} INFO - Running <TaskInstance: SolovevEgor_HW_05_ds_2025.fill_table__product scheduled__2025-12-21T19:49:05.094788+00:00 [running]> on host f4f0113aed8c
[2025-12-21 19:49:23,261] {taskinstance.py:1426} INFO - Exporting the following env vars:
AIRFLOW_CTX_DAG_OWNER=Solovev Egor
AIRFLOW_CTX_DAG_ID=SolovevEgor_HW_05_ds_2025
AIRFLOW_CTX_TASK_ID=fill_table__product
AIRFLOW_CTX_EXECUTION_DATE=2025-12-21T19:49:05.094788+00:00
AIRFLOW_CTX_DAG_RUN_ID=scheduled__2025-12-21T19:49:05.094788+00:00
[2025-12-21 19:49:23,275] {base.py:79} INFO - Using connection to: id: postgresql. Host: postgres, Port: 5432, Schema: postgres, Login: ***, Password: ***, extra: {}
[2025-12-21 19:49:23,282] {dbapi.py:225} INFO - Running statement: 
                COPY product FROM '/opt/***/data_files/product.csv'
                DELIMITER ',' CSV HEADER;
        , parameters: None
[2025-12-21 19:49:23,284] {dbapi.py:233} INFO - Rows affected: 190
[2025-12-21 19:49:23,312] {taskinstance.py:1277} INFO - Marking task as SUCCESS. dag_id=SolovevEgor_HW_05_ds_2025, task_id=fill_table__product, execution_date=20251221T194905, start_date=20251221T194924, end_date=20251221T194923
[2025-12-21 19:49:23,339] {local_task_job.py:154} INFO - Task exited with return code 0
[2025-12-21 19:49:23,432] {local_task_job.py:264} INFO - 0 downstream tasks scheduled from follow-on schedule check
