[2025-12-21 19:05:27,293] {taskinstance.py:1032} INFO - Dependencies all met for <TaskInstance: SolovevEgor_HW_05_ds_2025.fill_table__orders scheduled__2025-12-21T19:05:08.858510+00:00 [queued]>
[2025-12-21 19:05:27,307] {taskinstance.py:1032} INFO - Dependencies all met for <TaskInstance: SolovevEgor_HW_05_ds_2025.fill_table__orders scheduled__2025-12-21T19:05:08.858510+00:00 [queued]>
[2025-12-21 19:05:27,307] {taskinstance.py:1238} INFO - 
--------------------------------------------------------------------------------
[2025-12-21 19:05:27,307] {taskinstance.py:1239} INFO - Starting attempt 1 of 2
[2025-12-21 19:05:27,307] {taskinstance.py:1240} INFO - 
--------------------------------------------------------------------------------
[2025-12-21 19:05:27,320] {taskinstance.py:1259} INFO - Executing <Task(PostgresOperator): fill_table__orders> on 2025-12-21 19:05:08.858510+00:00
[2025-12-21 19:05:27,338] {standard_task_runner.py:76} INFO - Running: ['***', 'tasks', 'run', 'SolovevEgor_HW_05_ds_2025', 'fill_table__orders', 'scheduled__2025-12-21T19:05:08.858510+00:00', '--job-id', '1967', '--raw', '--subdir', 'DAGS_FOLDER/SolovevEgor_HW_06_ds_2025.py', '--cfg-path', '/tmp/tmp6ad_w4ve', '--error-file', '/tmp/tmp203g1kbq']
[2025-12-21 19:05:27,341] {standard_task_runner.py:77} INFO - Job 1967: Subtask fill_table__orders
[2025-12-21 19:05:27,331] {standard_task_runner.py:52} INFO - Started process 11015 to run task
[2025-12-21 19:05:27,421] {logging_mixin.py:109} INFO - Running <TaskInstance: SolovevEgor_HW_05_ds_2025.fill_table__orders scheduled__2025-12-21T19:05:08.858510+00:00 [running]> on host b97b26732d6a
[2025-12-21 19:05:27,491] {taskinstance.py:1426} INFO - Exporting the following env vars:
AIRFLOW_CTX_DAG_OWNER=Solovev Egor
AIRFLOW_CTX_DAG_ID=SolovevEgor_HW_05_ds_2025
AIRFLOW_CTX_TASK_ID=fill_table__orders
AIRFLOW_CTX_EXECUTION_DATE=2025-12-21T19:05:08.858510+00:00
AIRFLOW_CTX_DAG_RUN_ID=scheduled__2025-12-21T19:05:08.858510+00:00
[2025-12-21 19:05:27,504] {base.py:79} INFO - Using connection to: id: postgresql. Host: postgres, Port: 5432, Schema: postgres, Login: ***, Password: ***, extra: {}
[2025-12-21 19:05:27,510] {dbapi.py:225} INFO - Running statement: 
                COPY orders FROM '/opt/***/data_files/orders.csv'
                DELIMITER ',' CSV HEADER;
        , parameters: None
[2025-12-21 19:05:27,575] {dbapi.py:233} INFO - Rows affected: 20000
[2025-12-21 19:05:27,607] {taskinstance.py:1277} INFO - Marking task as SUCCESS. dag_id=SolovevEgor_HW_05_ds_2025, task_id=fill_table__orders, execution_date=20251221T190508, start_date=20251221T190527, end_date=20251221T190527
[2025-12-21 19:05:27,638] {local_task_job.py:154} INFO - Task exited with return code 0
[2025-12-21 19:05:27,694] {local_task_job.py:264} INFO - 0 downstream tasks scheduled from follow-on schedule check
