[2025-12-21 19:37:25,694] {taskinstance.py:1032} INFO - Dependencies all met for <TaskInstance: SolovevEgor_HW_05_ds_2025.fill_table__product scheduled__2025-12-21T19:37:07.579304+00:00 [queued]>
[2025-12-21 19:37:25,705] {taskinstance.py:1032} INFO - Dependencies all met for <TaskInstance: SolovevEgor_HW_05_ds_2025.fill_table__product scheduled__2025-12-21T19:37:07.579304+00:00 [queued]>
[2025-12-21 19:37:25,705] {taskinstance.py:1238} INFO - 
--------------------------------------------------------------------------------
[2025-12-21 19:37:25,705] {taskinstance.py:1239} INFO - Starting attempt 1 of 2
[2025-12-21 19:37:25,705] {taskinstance.py:1240} INFO - 
--------------------------------------------------------------------------------
[2025-12-21 19:37:25,714] {taskinstance.py:1259} INFO - Executing <Task(PostgresOperator): fill_table__product> on 2025-12-21 19:37:07.579304+00:00
[2025-12-21 19:37:25,723] {standard_task_runner.py:76} INFO - Running: ['***', 'tasks', 'run', 'SolovevEgor_HW_05_ds_2025', 'fill_table__product', 'scheduled__2025-12-21T19:37:07.579304+00:00', '--job-id', '2841', '--raw', '--subdir', 'DAGS_FOLDER/SolovevEgor_HW_06_ds_2025.py', '--cfg-path', '/tmp/tmp51go493o', '--error-file', '/tmp/tmpvfucodqs']
[2025-12-21 19:37:25,724] {standard_task_runner.py:77} INFO - Job 2841: Subtask fill_table__product
[2025-12-21 19:37:25,719] {standard_task_runner.py:52} INFO - Started process 467 to run task
[2025-12-21 19:37:25,798] {logging_mixin.py:109} INFO - Running <TaskInstance: SolovevEgor_HW_05_ds_2025.fill_table__product scheduled__2025-12-21T19:37:07.579304+00:00 [running]> on host 0262ea7a04e5
[2025-12-21 19:37:25,864] {taskinstance.py:1426} INFO - Exporting the following env vars:
AIRFLOW_CTX_DAG_OWNER=Solovev Egor
AIRFLOW_CTX_DAG_ID=SolovevEgor_HW_05_ds_2025
AIRFLOW_CTX_TASK_ID=fill_table__product
AIRFLOW_CTX_EXECUTION_DATE=2025-12-21T19:37:07.579304+00:00
AIRFLOW_CTX_DAG_RUN_ID=scheduled__2025-12-21T19:37:07.579304+00:00
[2025-12-21 19:37:25,874] {base.py:79} INFO - Using connection to: id: postgresql. Host: postgres, Port: 5432, Schema: postgres, Login: ***, Password: ***, extra: {}
[2025-12-21 19:37:25,880] {dbapi.py:225} INFO - Running statement: 
                COPY product FROM '/opt/***/data_files/product.csv'
                DELIMITER ',' CSV HEADER;
        , parameters: None
[2025-12-21 19:37:25,881] {dbapi.py:233} INFO - Rows affected: 190
[2025-12-21 19:37:25,900] {taskinstance.py:1277} INFO - Marking task as SUCCESS. dag_id=SolovevEgor_HW_05_ds_2025, task_id=fill_table__product, execution_date=20251221T193707, start_date=20251221T193725, end_date=20251221T193725
[2025-12-21 19:37:25,941] {local_task_job.py:154} INFO - Task exited with return code 0
[2025-12-21 19:37:25,990] {local_task_job.py:264} INFO - 0 downstream tasks scheduled from follow-on schedule check
