[2025-12-21 15:44:49,819] {taskinstance.py:1032} INFO - Dependencies all met for <TaskInstance: HomeWork6.fill_table__orders manual__2025-12-21T15:44:42.624181+00:00 [queued]>
[2025-12-21 15:44:49,834] {taskinstance.py:1032} INFO - Dependencies all met for <TaskInstance: HomeWork6.fill_table__orders manual__2025-12-21T15:44:42.624181+00:00 [queued]>
[2025-12-21 15:44:49,834] {taskinstance.py:1238} INFO - 
--------------------------------------------------------------------------------
[2025-12-21 15:44:49,834] {taskinstance.py:1239} INFO - Starting attempt 1 of 2
[2025-12-21 15:44:49,834] {taskinstance.py:1240} INFO - 
--------------------------------------------------------------------------------
[2025-12-21 15:44:49,861] {taskinstance.py:1259} INFO - Executing <Task(PostgresOperator): fill_table__orders> on 2025-12-21 15:44:42.624181+00:00
[2025-12-21 15:44:49,871] {standard_task_runner.py:52} INFO - Started process 1752 to run task
[2025-12-21 15:44:49,876] {standard_task_runner.py:76} INFO - Running: ['***', 'tasks', 'run', 'HomeWork6', 'fill_table__orders', 'manual__2025-12-21T15:44:42.624181+00:00', '--job-id', '91', '--raw', '--subdir', 'DAGS_FOLDER/HomeWork6.py', '--cfg-path', '/tmp/tmpn1_owden', '--error-file', '/tmp/tmps3eergwm']
[2025-12-21 15:44:49,877] {standard_task_runner.py:77} INFO - Job 91: Subtask fill_table__orders
[2025-12-21 15:44:49,983] {logging_mixin.py:109} INFO - Running <TaskInstance: HomeWork6.fill_table__orders manual__2025-12-21T15:44:42.624181+00:00 [running]> on host ee9896260e3b
[2025-12-21 15:44:50,060] {taskinstance.py:1426} INFO - Exporting the following env vars:
AIRFLOW_CTX_DAG_OWNER=Solovev Egor
AIRFLOW_CTX_DAG_ID=HomeWork6
AIRFLOW_CTX_TASK_ID=fill_table__orders
AIRFLOW_CTX_EXECUTION_DATE=2025-12-21T15:44:42.624181+00:00
AIRFLOW_CTX_DAG_RUN_ID=manual__2025-12-21T15:44:42.624181+00:00
[2025-12-21 15:44:50,073] {base.py:79} INFO - Using connection to: id: postgresql. Host: postgres, Port: 5432, Schema: postgres, Login: ***, Password: ***, extra: {}
[2025-12-21 15:44:50,079] {dbapi.py:225} INFO - Running statement: 
                COPY orders FROM '/opt/***/data_files/orders.csv'
                DELIMITER ',' CSV HEADER;
        , parameters: None
[2025-12-21 15:44:50,145] {dbapi.py:233} INFO - Rows affected: 20000
[2025-12-21 15:44:50,199] {taskinstance.py:1277} INFO - Marking task as SUCCESS. dag_id=HomeWork6, task_id=fill_table__orders, execution_date=20251221T154442, start_date=20251221T154449, end_date=20251221T154450
[2025-12-21 15:44:50,253] {local_task_job.py:154} INFO - Task exited with return code 0
[2025-12-21 15:44:50,305] {local_task_job.py:264} INFO - 1 downstream tasks scheduled from follow-on schedule check
