[2025-12-21 19:21:58,422] {taskinstance.py:1032} INFO - Dependencies all met for <TaskInstance: SolovevEgor_HW_05_ds_2025.run_query1 scheduled__2025-12-21T19:21:34.418805+00:00 [queued]>
[2025-12-21 19:21:58,550] {taskinstance.py:1032} INFO - Dependencies all met for <TaskInstance: SolovevEgor_HW_05_ds_2025.run_query1 scheduled__2025-12-21T19:21:34.418805+00:00 [queued]>
[2025-12-21 19:21:58,553] {taskinstance.py:1238} INFO - 
--------------------------------------------------------------------------------
[2025-12-21 19:21:58,553] {taskinstance.py:1239} INFO - Starting attempt 1 of 2
[2025-12-21 19:21:58,553] {taskinstance.py:1240} INFO - 
--------------------------------------------------------------------------------
[2025-12-21 19:21:58,630] {taskinstance.py:1259} INFO - Executing <Task(PythonOperator): run_query1> on 2025-12-21 19:21:34.418805+00:00
[2025-12-21 19:21:58,674] {standard_task_runner.py:76} INFO - Running: ['***', 'tasks', 'run', 'SolovevEgor_HW_05_ds_2025', 'run_query1', 'scheduled__2025-12-21T19:21:34.418805+00:00', '--job-id', '2442', '--raw', '--subdir', 'DAGS_FOLDER/SolovevEgor_HW_06_ds_2025.py', '--cfg-path', '/tmp/tmpp3j_p667', '--error-file', '/tmp/tmpqslkwfly']
[2025-12-21 19:21:58,676] {standard_task_runner.py:77} INFO - Job 2442: Subtask run_query1
[2025-12-21 19:21:58,657] {standard_task_runner.py:52} INFO - Started process 171 to run task
[2025-12-21 19:21:58,807] {logging_mixin.py:109} INFO - Running <TaskInstance: SolovevEgor_HW_05_ds_2025.run_query1 scheduled__2025-12-21T19:21:34.418805+00:00 [running]> on host ed73df1569bc
[2025-12-21 19:21:58,942] {taskinstance.py:1426} INFO - Exporting the following env vars:
AIRFLOW_CTX_DAG_OWNER=Solovev Egor
AIRFLOW_CTX_DAG_ID=SolovevEgor_HW_05_ds_2025
AIRFLOW_CTX_TASK_ID=run_query1
AIRFLOW_CTX_EXECUTION_DATE=2025-12-21T19:21:34.418805+00:00
AIRFLOW_CTX_DAG_RUN_ID=scheduled__2025-12-21T19:21:34.418805+00:00
[2025-12-21 19:21:59,669] {base.py:79} INFO - Using connection to: id: postgresql. Host: postgres, Port: 5432, Schema: postgres, Login: ***, Password: ***, extra: {}
[2025-12-21 19:21:59,854] {python.py:175} INFO - Done. Returned value was: 0
[2025-12-21 19:21:59,914] {taskinstance.py:1277} INFO - Marking task as SUCCESS. dag_id=SolovevEgor_HW_05_ds_2025, task_id=run_query1, execution_date=20251221T192134, start_date=20251221T192158, end_date=20251221T192159
[2025-12-21 19:21:59,973] {local_task_job.py:154} INFO - Task exited with return code 0
[2025-12-21 19:22:00,046] {local_task_job.py:264} INFO - 0 downstream tasks scheduled from follow-on schedule check
