[2025-12-21 19:49:09,325] {taskinstance.py:1032} INFO - Dependencies all met for <TaskInstance: SolovevEgor_HW_05_ds_2025.fill_table__product scheduled__2025-12-21T19:48:50.094788+00:00 [queued]>
[2025-12-21 19:49:09,339] {taskinstance.py:1032} INFO - Dependencies all met for <TaskInstance: SolovevEgor_HW_05_ds_2025.fill_table__product scheduled__2025-12-21T19:48:50.094788+00:00 [queued]>
[2025-12-21 19:49:09,340] {taskinstance.py:1238} INFO - 
--------------------------------------------------------------------------------
[2025-12-21 19:49:09,340] {taskinstance.py:1239} INFO - Starting attempt 1 of 2
[2025-12-21 19:49:09,340] {taskinstance.py:1240} INFO - 
--------------------------------------------------------------------------------
[2025-12-21 19:49:09,357] {taskinstance.py:1259} INFO - Executing <Task(PostgresOperator): fill_table__product> on 2025-12-21 19:48:50.094788+00:00
[2025-12-21 19:49:09,366] {standard_task_runner.py:76} INFO - Running: ['***', 'tasks', 'run', 'SolovevEgor_HW_05_ds_2025', 'fill_table__product', 'scheduled__2025-12-21T19:48:50.094788+00:00', '--job-id', '3089', '--raw', '--subdir', 'DAGS_FOLDER/SolovevEgor_HW_06_ds_2025.py', '--cfg-path', '/tmp/tmpv5bmr_nq', '--error-file', '/tmp/tmpukrv2rm_']
[2025-12-21 19:49:09,368] {standard_task_runner.py:77} INFO - Job 3089: Subtask fill_table__product
[2025-12-21 19:49:09,362] {standard_task_runner.py:52} INFO - Started process 145 to run task
[2025-12-21 19:49:09,482] {logging_mixin.py:109} INFO - Running <TaskInstance: SolovevEgor_HW_05_ds_2025.fill_table__product scheduled__2025-12-21T19:48:50.094788+00:00 [running]> on host f4f0113aed8c
[2025-12-21 19:49:09,563] {taskinstance.py:1426} INFO - Exporting the following env vars:
AIRFLOW_CTX_DAG_OWNER=Solovev Egor
AIRFLOW_CTX_DAG_ID=SolovevEgor_HW_05_ds_2025
AIRFLOW_CTX_TASK_ID=fill_table__product
AIRFLOW_CTX_EXECUTION_DATE=2025-12-21T19:48:50.094788+00:00
AIRFLOW_CTX_DAG_RUN_ID=scheduled__2025-12-21T19:48:50.094788+00:00
[2025-12-21 19:49:09,574] {base.py:79} INFO - Using connection to: id: postgresql. Host: postgres, Port: 5432, Schema: postgres, Login: ***, Password: ***, extra: {}
[2025-12-21 19:49:09,581] {dbapi.py:225} INFO - Running statement: 
                COPY product FROM '/opt/***/data_files/product.csv'
                DELIMITER ',' CSV HEADER;
        , parameters: None
[2025-12-21 19:49:09,583] {dbapi.py:233} INFO - Rows affected: 190
[2025-12-21 19:49:09,602] {taskinstance.py:1277} INFO - Marking task as SUCCESS. dag_id=SolovevEgor_HW_05_ds_2025, task_id=fill_table__product, execution_date=20251221T194850, start_date=20251221T194909, end_date=20251221T194909
[2025-12-21 19:49:09,628] {local_task_job.py:154} INFO - Task exited with return code 0
[2025-12-21 19:49:09,683] {local_task_job.py:264} INFO - 0 downstream tasks scheduled from follow-on schedule check
