[2025-12-21 20:01:53,727] {taskinstance.py:1032} INFO - Dependencies all met for <TaskInstance: SolovevEgor_HW_05_ds_2025.fill_table__product scheduled__2025-12-21T20:01:34.873629+00:00 [queued]>
[2025-12-21 20:01:53,741] {taskinstance.py:1032} INFO - Dependencies all met for <TaskInstance: SolovevEgor_HW_05_ds_2025.fill_table__product scheduled__2025-12-21T20:01:34.873629+00:00 [queued]>
[2025-12-21 20:01:53,741] {taskinstance.py:1238} INFO - 
--------------------------------------------------------------------------------
[2025-12-21 20:01:53,741] {taskinstance.py:1239} INFO - Starting attempt 1 of 2
[2025-12-21 20:01:53,742] {taskinstance.py:1240} INFO - 
--------------------------------------------------------------------------------
[2025-12-21 20:01:53,756] {taskinstance.py:1259} INFO - Executing <Task(PostgresOperator): fill_table__product> on 2025-12-21 20:01:34.873629+00:00
[2025-12-21 20:01:53,767] {standard_task_runner.py:76} INFO - Running: ['***', 'tasks', 'run', 'SolovevEgor_HW_05_ds_2025', 'fill_table__product', 'scheduled__2025-12-21T20:01:34.873629+00:00', '--job-id', '3429', '--raw', '--subdir', 'DAGS_FOLDER/SolovevEgor_HW_06_ds_2025.py', '--cfg-path', '/tmp/tmpwth_psg4', '--error-file', '/tmp/tmpdqw8r9b8']
[2025-12-21 20:01:53,761] {standard_task_runner.py:52} INFO - Started process 183 to run task
[2025-12-21 20:01:53,769] {standard_task_runner.py:77} INFO - Job 3429: Subtask fill_table__product
[2025-12-21 20:01:53,843] {logging_mixin.py:109} INFO - Running <TaskInstance: SolovevEgor_HW_05_ds_2025.fill_table__product scheduled__2025-12-21T20:01:34.873629+00:00 [running]> on host 6bc1d04857cc
[2025-12-21 20:01:53,915] {taskinstance.py:1426} INFO - Exporting the following env vars:
AIRFLOW_CTX_DAG_OWNER=Solovev Egor
AIRFLOW_CTX_DAG_ID=SolovevEgor_HW_05_ds_2025
AIRFLOW_CTX_TASK_ID=fill_table__product
AIRFLOW_CTX_EXECUTION_DATE=2025-12-21T20:01:34.873629+00:00
AIRFLOW_CTX_DAG_RUN_ID=scheduled__2025-12-21T20:01:34.873629+00:00
[2025-12-21 20:01:53,934] {base.py:79} INFO - Using connection to: id: postgresql. Host: postgres, Port: 5432, Schema: postgres, Login: ***, Password: ***, extra: {}
[2025-12-21 20:01:53,940] {dbapi.py:225} INFO - Running statement: 
                COPY product FROM '/opt/***/data_files/product.csv'
                DELIMITER ',' CSV HEADER;
        , parameters: None
[2025-12-21 20:01:53,942] {dbapi.py:233} INFO - Rows affected: 190
[2025-12-21 20:01:53,964] {taskinstance.py:1277} INFO - Marking task as SUCCESS. dag_id=SolovevEgor_HW_05_ds_2025, task_id=fill_table__product, execution_date=20251221T200134, start_date=20251221T200153, end_date=20251221T200153
[2025-12-21 20:01:54,024] {local_task_job.py:154} INFO - Task exited with return code 0
[2025-12-21 20:01:54,082] {local_task_job.py:264} INFO - 0 downstream tasks scheduled from follow-on schedule check
