[2025-12-21 18:52:09,305] {taskinstance.py:1032} INFO - Dependencies all met for <TaskInstance: SolovevEgor_HW_05_ds_2025.fill_table__orders scheduled__2025-12-21T18:51:44.286340+00:00 [queued]>
[2025-12-21 18:52:09,455] {taskinstance.py:1032} INFO - Dependencies all met for <TaskInstance: SolovevEgor_HW_05_ds_2025.fill_table__orders scheduled__2025-12-21T18:51:44.286340+00:00 [queued]>
[2025-12-21 18:52:09,457] {taskinstance.py:1238} INFO - 
--------------------------------------------------------------------------------
[2025-12-21 18:52:09,458] {taskinstance.py:1239} INFO - Starting attempt 1 of 2
[2025-12-21 18:52:09,458] {taskinstance.py:1240} INFO - 
--------------------------------------------------------------------------------
[2025-12-21 18:52:09,576] {taskinstance.py:1259} INFO - Executing <Task(PostgresOperator): fill_table__orders> on 2025-12-21 18:51:44.286340+00:00
[2025-12-21 18:52:09,677] {standard_task_runner.py:76} INFO - Running: ['***', 'tasks', 'run', 'SolovevEgor_HW_05_ds_2025', 'fill_table__orders', 'scheduled__2025-12-21T18:51:44.286340+00:00', '--job-id', '1458', '--raw', '--subdir', 'DAGS_FOLDER/SolovevEgor_HW_06_ds_2025.py', '--cfg-path', '/tmp/tmpyf04j8ng', '--error-file', '/tmp/tmpwrr581ai']
[2025-12-21 18:52:09,620] {standard_task_runner.py:52} INFO - Started process 9551 to run task
[2025-12-21 18:52:09,679] {standard_task_runner.py:77} INFO - Job 1458: Subtask fill_table__orders
[2025-12-21 18:52:09,974] {logging_mixin.py:109} INFO - Running <TaskInstance: SolovevEgor_HW_05_ds_2025.fill_table__orders scheduled__2025-12-21T18:51:44.286340+00:00 [running]> on host b97b26732d6a
[2025-12-21 18:52:10,293] {taskinstance.py:1426} INFO - Exporting the following env vars:
AIRFLOW_CTX_DAG_OWNER=Solovev Egor
AIRFLOW_CTX_DAG_ID=SolovevEgor_HW_05_ds_2025
AIRFLOW_CTX_TASK_ID=fill_table__orders
AIRFLOW_CTX_EXECUTION_DATE=2025-12-21T18:51:44.286340+00:00
AIRFLOW_CTX_DAG_RUN_ID=scheduled__2025-12-21T18:51:44.286340+00:00
[2025-12-21 18:52:10,333] {base.py:79} INFO - Using connection to: id: postgresql. Host: postgres, Port: 5432, Schema: postgres, Login: ***, Password: ***, extra: {}
[2025-12-21 18:52:10,345] {dbapi.py:225} INFO - Running statement: 
                COPY orders FROM '/opt/***/data_files/orders.csv'
                DELIMITER ',' CSV HEADER;
        , parameters: None
[2025-12-21 18:52:10,623] {dbapi.py:233} INFO - Rows affected: 20000
[2025-12-21 18:52:10,722] {taskinstance.py:1277} INFO - Marking task as SUCCESS. dag_id=SolovevEgor_HW_05_ds_2025, task_id=fill_table__orders, execution_date=20251221T185144, start_date=20251221T185209, end_date=20251221T185210
[2025-12-21 18:52:10,815] {local_task_job.py:154} INFO - Task exited with return code 0
[2025-12-21 18:52:11,083] {local_task_job.py:264} INFO - 0 downstream tasks scheduled from follow-on schedule check
