[2025-12-21 18:46:15,979] {taskinstance.py:1032} INFO - Dependencies all met for <TaskInstance: SolovevEgor_HW_05_ds_2025.fill_table__orders scheduled__2025-12-21T18:39:27.389294+00:00 [queued]>
[2025-12-21 18:46:16,087] {taskinstance.py:1032} INFO - Dependencies all met for <TaskInstance: SolovevEgor_HW_05_ds_2025.fill_table__orders scheduled__2025-12-21T18:39:27.389294+00:00 [queued]>
[2025-12-21 18:46:16,087] {taskinstance.py:1238} INFO - 
--------------------------------------------------------------------------------
[2025-12-21 18:46:16,088] {taskinstance.py:1239} INFO - Starting attempt 2 of 2
[2025-12-21 18:46:16,089] {taskinstance.py:1240} INFO - 
--------------------------------------------------------------------------------
[2025-12-21 18:46:16,183] {taskinstance.py:1259} INFO - Executing <Task(PostgresOperator): fill_table__orders> on 2025-12-21 18:39:27.389294+00:00
[2025-12-21 18:46:16,265] {standard_task_runner.py:76} INFO - Running: ['***', 'tasks', 'run', 'SolovevEgor_HW_05_ds_2025', 'fill_table__orders', 'scheduled__2025-12-21T18:39:27.389294+00:00', '--job-id', '1229', '--raw', '--subdir', 'DAGS_FOLDER/SolovevEgor_HW_06_ds_2025.py', '--cfg-path', '/tmp/tmpquuuqtx0', '--error-file', '/tmp/tmpul8gk6xm']
[2025-12-21 18:46:16,268] {standard_task_runner.py:77} INFO - Job 1229: Subtask fill_table__orders
[2025-12-21 18:46:16,231] {standard_task_runner.py:52} INFO - Started process 8903 to run task
[2025-12-21 18:46:16,707] {logging_mixin.py:109} INFO - Running <TaskInstance: SolovevEgor_HW_05_ds_2025.fill_table__orders scheduled__2025-12-21T18:39:27.389294+00:00 [running]> on host b97b26732d6a
[2025-12-21 18:46:16,905] {taskinstance.py:1426} INFO - Exporting the following env vars:
AIRFLOW_CTX_DAG_OWNER=Solovev Egor
AIRFLOW_CTX_DAG_ID=SolovevEgor_HW_05_ds_2025
AIRFLOW_CTX_TASK_ID=fill_table__orders
AIRFLOW_CTX_EXECUTION_DATE=2025-12-21T18:39:27.389294+00:00
AIRFLOW_CTX_DAG_RUN_ID=scheduled__2025-12-21T18:39:27.389294+00:00
[2025-12-21 18:46:16,938] {base.py:79} INFO - Using connection to: id: postgresql. Host: postgres, Port: 5432, Schema: postgres, Login: ***, Password: ***, extra: {}
[2025-12-21 18:46:16,951] {dbapi.py:225} INFO - Running statement: 
                COPY orders FROM '/opt/***/data_files/orders.csv'
                DELIMITER ',' CSV HEADER;
        , parameters: None
[2025-12-21 18:46:17,194] {dbapi.py:233} INFO - Rows affected: 20000
[2025-12-21 18:46:17,244] {taskinstance.py:1277} INFO - Marking task as SUCCESS. dag_id=SolovevEgor_HW_05_ds_2025, task_id=fill_table__orders, execution_date=20251221T183927, start_date=20251221T184615, end_date=20251221T184617
[2025-12-21 18:46:17,329] {local_task_job.py:154} INFO - Task exited with return code 0
[2025-12-21 18:46:18,227] {local_task_job.py:264} INFO - 0 downstream tasks scheduled from follow-on schedule check
