[2025-12-21 19:42:34,970] {taskinstance.py:1032} INFO - Dependencies all met for <TaskInstance: SolovevEgor_HW_05_ds_2025.run_query2 scheduled__2025-12-21T19:41:54.920202+00:00 [queued]>
[2025-12-21 19:42:34,999] {taskinstance.py:1032} INFO - Dependencies all met for <TaskInstance: SolovevEgor_HW_05_ds_2025.run_query2 scheduled__2025-12-21T19:41:54.920202+00:00 [queued]>
[2025-12-21 19:42:35,000] {taskinstance.py:1238} INFO - 
--------------------------------------------------------------------------------
[2025-12-21 19:42:35,000] {taskinstance.py:1239} INFO - Starting attempt 1 of 2
[2025-12-21 19:42:35,000] {taskinstance.py:1240} INFO - 
--------------------------------------------------------------------------------
[2025-12-21 19:42:35,024] {taskinstance.py:1259} INFO - Executing <Task(PythonOperator): run_query2> on 2025-12-21 19:41:54.920202+00:00
[2025-12-21 19:42:35,036] {standard_task_runner.py:52} INFO - Started process 136 to run task
[2025-12-21 19:42:35,051] {standard_task_runner.py:76} INFO - Running: ['***', 'tasks', 'run', 'SolovevEgor_HW_05_ds_2025', 'run_query2', 'scheduled__2025-12-21T19:41:54.920202+00:00', '--job-id', '2999', '--raw', '--subdir', 'DAGS_FOLDER/SolovevEgor_HW_06_ds_2025.py', '--cfg-path', '/tmp/tmp5eoxl99v', '--error-file', '/tmp/tmp2uog0zp4']
[2025-12-21 19:42:35,052] {standard_task_runner.py:77} INFO - Job 2999: Subtask run_query2
[2025-12-21 19:42:35,241] {logging_mixin.py:109} INFO - Running <TaskInstance: SolovevEgor_HW_05_ds_2025.run_query2 scheduled__2025-12-21T19:41:54.920202+00:00 [running]> on host 2ff0b5b09a4c
[2025-12-21 19:42:35,528] {taskinstance.py:1426} INFO - Exporting the following env vars:
AIRFLOW_CTX_DAG_OWNER=Solovev Egor
AIRFLOW_CTX_DAG_ID=SolovevEgor_HW_05_ds_2025
AIRFLOW_CTX_TASK_ID=run_query2
AIRFLOW_CTX_EXECUTION_DATE=2025-12-21T19:41:54.920202+00:00
AIRFLOW_CTX_DAG_RUN_ID=scheduled__2025-12-21T19:41:54.920202+00:00
[2025-12-21 19:42:36,041] {base.py:79} INFO - Using connection to: id: postgresql. Host: postgres, Port: 5432, Schema: postgres, Login: ***, Password: ***, extra: {}
[2025-12-21 19:42:36,142] {python.py:175} INFO - Done. Returned value was: 0
[2025-12-21 19:42:36,193] {taskinstance.py:1277} INFO - Marking task as SUCCESS. dag_id=SolovevEgor_HW_05_ds_2025, task_id=run_query2, execution_date=20251221T194154, start_date=20251221T194234, end_date=20251221T194236
[2025-12-21 19:42:36,269] {local_task_job.py:154} INFO - Task exited with return code 0
[2025-12-21 19:42:36,351] {local_task_job.py:264} INFO - 0 downstream tasks scheduled from follow-on schedule check
