[2025-12-21 15:59:42,236] {taskinstance.py:1032} INFO - Dependencies all met for <TaskInstance: HomeWork6.fill_table__orders manual__2025-12-21T15:59:37.890585+00:00 [queued]>
[2025-12-21 15:59:42,250] {taskinstance.py:1032} INFO - Dependencies all met for <TaskInstance: HomeWork6.fill_table__orders manual__2025-12-21T15:59:37.890585+00:00 [queued]>
[2025-12-21 15:59:42,251] {taskinstance.py:1238} INFO - 
--------------------------------------------------------------------------------
[2025-12-21 15:59:42,251] {taskinstance.py:1239} INFO - Starting attempt 1 of 2
[2025-12-21 15:59:42,251] {taskinstance.py:1240} INFO - 
--------------------------------------------------------------------------------
[2025-12-21 15:59:42,267] {taskinstance.py:1259} INFO - Executing <Task(PostgresOperator): fill_table__orders> on 2025-12-21 15:59:37.890585+00:00
[2025-12-21 15:59:42,274] {standard_task_runner.py:52} INFO - Started process 2541 to run task
[2025-12-21 15:59:42,279] {standard_task_runner.py:76} INFO - Running: ['***', 'tasks', 'run', 'HomeWork6', 'fill_table__orders', 'manual__2025-12-21T15:59:37.890585+00:00', '--job-id', '163', '--raw', '--subdir', 'DAGS_FOLDER/HomeWork6.py', '--cfg-path', '/tmp/tmp4x00lmrw', '--error-file', '/tmp/tmp3_6zrr6s']
[2025-12-21 15:59:42,280] {standard_task_runner.py:77} INFO - Job 163: Subtask fill_table__orders
[2025-12-21 15:59:42,380] {logging_mixin.py:109} INFO - Running <TaskInstance: HomeWork6.fill_table__orders manual__2025-12-21T15:59:37.890585+00:00 [running]> on host ee9896260e3b
[2025-12-21 15:59:42,450] {taskinstance.py:1426} INFO - Exporting the following env vars:
AIRFLOW_CTX_DAG_OWNER=Solovev Egor
AIRFLOW_CTX_DAG_ID=HomeWork6
AIRFLOW_CTX_TASK_ID=fill_table__orders
AIRFLOW_CTX_EXECUTION_DATE=2025-12-21T15:59:37.890585+00:00
AIRFLOW_CTX_DAG_RUN_ID=manual__2025-12-21T15:59:37.890585+00:00
[2025-12-21 15:59:42,462] {base.py:79} INFO - Using connection to: id: postgresql. Host: postgres, Port: 5432, Schema: postgres, Login: ***, Password: ***, extra: {}
[2025-12-21 15:59:42,469] {dbapi.py:225} INFO - Running statement: 
                COPY orders FROM '/opt/***/data_files/orders.csv'
                DELIMITER ',' CSV HEADER;
        , parameters: None
[2025-12-21 15:59:42,537] {dbapi.py:233} INFO - Rows affected: 20000
[2025-12-21 15:59:42,550] {taskinstance.py:1277} INFO - Marking task as SUCCESS. dag_id=HomeWork6, task_id=fill_table__orders, execution_date=20251221T155937, start_date=20251221T155942, end_date=20251221T155942
[2025-12-21 15:59:42,613] {local_task_job.py:154} INFO - Task exited with return code 0
[2025-12-21 15:59:42,643] {local_task_job.py:264} INFO - 0 downstream tasks scheduled from follow-on schedule check
