[2025-12-21 19:26:04,697] {taskinstance.py:1032} INFO - Dependencies all met for <TaskInstance: SolovevEgor_HW_05_ds_2025.truncate_tables scheduled__2025-12-21T19:24:04.693354+00:00 [queued]>
[2025-12-21 19:26:04,713] {taskinstance.py:1032} INFO - Dependencies all met for <TaskInstance: SolovevEgor_HW_05_ds_2025.truncate_tables scheduled__2025-12-21T19:24:04.693354+00:00 [queued]>
[2025-12-21 19:26:04,714] {taskinstance.py:1238} INFO - 
--------------------------------------------------------------------------------
[2025-12-21 19:26:04,714] {taskinstance.py:1239} INFO - Starting attempt 1 of 2
[2025-12-21 19:26:04,714] {taskinstance.py:1240} INFO - 
--------------------------------------------------------------------------------
[2025-12-21 19:26:04,733] {taskinstance.py:1259} INFO - Executing <Task(PostgresOperator): truncate_tables> on 2025-12-21 19:24:04.693354+00:00
[2025-12-21 19:26:04,749] {standard_task_runner.py:76} INFO - Running: ['***', 'tasks', 'run', 'SolovevEgor_HW_05_ds_2025', 'truncate_tables', 'scheduled__2025-12-21T19:24:04.693354+00:00', '--job-id', '2518', '--raw', '--subdir', 'DAGS_FOLDER/SolovevEgor_HW_06_ds_2025.py', '--cfg-path', '/tmp/tmp2qb3fwov', '--error-file', '/tmp/tmpd38cr1xc']
[2025-12-21 19:26:04,750] {standard_task_runner.py:77} INFO - Job 2518: Subtask truncate_tables
[2025-12-21 19:26:04,740] {standard_task_runner.py:52} INFO - Started process 75 to run task
[2025-12-21 19:26:04,845] {logging_mixin.py:109} INFO - Running <TaskInstance: SolovevEgor_HW_05_ds_2025.truncate_tables scheduled__2025-12-21T19:24:04.693354+00:00 [running]> on host 6e44f93f8024
[2025-12-21 19:26:04,929] {taskinstance.py:1426} INFO - Exporting the following env vars:
AIRFLOW_CTX_DAG_OWNER=Solovev Egor
AIRFLOW_CTX_DAG_ID=SolovevEgor_HW_05_ds_2025
AIRFLOW_CTX_TASK_ID=truncate_tables
AIRFLOW_CTX_EXECUTION_DATE=2025-12-21T19:24:04.693354+00:00
AIRFLOW_CTX_DAG_RUN_ID=scheduled__2025-12-21T19:24:04.693354+00:00
[2025-12-21 19:26:04,942] {base.py:79} INFO - Using connection to: id: postgresql. Host: postgres, Port: 5432, Schema: postgres, Login: ***, Password: ***, extra: {}
[2025-12-21 19:26:04,952] {dbapi.py:225} INFO - Running statement: truncate table customer, order_items, orders, product;, parameters: None
[2025-12-21 19:26:04,998] {taskinstance.py:1277} INFO - Marking task as SUCCESS. dag_id=SolovevEgor_HW_05_ds_2025, task_id=truncate_tables, execution_date=20251221T192404, start_date=20251221T192604, end_date=20251221T192604
[2025-12-21 19:26:05,053] {local_task_job.py:154} INFO - Task exited with return code 0
[2025-12-21 19:26:05,135] {local_task_job.py:264} INFO - 4 downstream tasks scheduled from follow-on schedule check
