[2025-12-21 18:56:21,975] {taskinstance.py:1032} INFO - Dependencies all met for <TaskInstance: SolovevEgor_HW_05_ds_2025.run_query1 scheduled__2025-12-21T18:50:44.167164+00:00 [queued]>
[2025-12-21 18:56:22,038] {taskinstance.py:1032} INFO - Dependencies all met for <TaskInstance: SolovevEgor_HW_05_ds_2025.run_query1 scheduled__2025-12-21T18:50:44.167164+00:00 [queued]>
[2025-12-21 18:56:22,038] {taskinstance.py:1238} INFO - 
--------------------------------------------------------------------------------
[2025-12-21 18:56:22,039] {taskinstance.py:1239} INFO - Starting attempt 1 of 2
[2025-12-21 18:56:22,039] {taskinstance.py:1240} INFO - 
--------------------------------------------------------------------------------
[2025-12-21 18:56:22,090] {taskinstance.py:1259} INFO - Executing <Task(PythonOperator): run_query1> on 2025-12-21 18:50:44.167164+00:00
[2025-12-21 18:56:22,108] {standard_task_runner.py:52} INFO - Started process 10009 to run task
[2025-12-21 18:56:22,121] {standard_task_runner.py:76} INFO - Running: ['***', 'tasks', 'run', 'SolovevEgor_HW_05_ds_2025', 'run_query1', 'scheduled__2025-12-21T18:50:44.167164+00:00', '--job-id', '1625', '--raw', '--subdir', 'DAGS_FOLDER/SolovevEgor_HW_06_ds_2025.py', '--cfg-path', '/tmp/tmpotbn400d', '--error-file', '/tmp/tmpz_z89do8']
[2025-12-21 18:56:22,127] {standard_task_runner.py:77} INFO - Job 1625: Subtask run_query1
[2025-12-21 18:56:22,438] {logging_mixin.py:109} INFO - Running <TaskInstance: SolovevEgor_HW_05_ds_2025.run_query1 scheduled__2025-12-21T18:50:44.167164+00:00 [running]> on host b97b26732d6a
[2025-12-21 18:56:22,765] {taskinstance.py:1426} INFO - Exporting the following env vars:
AIRFLOW_CTX_DAG_OWNER=Solovev Egor
AIRFLOW_CTX_DAG_ID=SolovevEgor_HW_05_ds_2025
AIRFLOW_CTX_TASK_ID=run_query1
AIRFLOW_CTX_EXECUTION_DATE=2025-12-21T18:50:44.167164+00:00
AIRFLOW_CTX_DAG_RUN_ID=scheduled__2025-12-21T18:50:44.167164+00:00
[2025-12-21 18:56:24,093] {base.py:79} INFO - Using connection to: id: postgresql. Host: postgres, Port: 5432, Schema: postgres, Login: ***, Password: ***, extra: {}
[2025-12-21 18:56:24,167] {logging_mixin.py:109} INFO - Empty DataFrame
Columns: [first_name, last_name, amount, top3_min_amount, top3_max_amount]
Index: []
[2025-12-21 18:56:24,167] {logging_mixin.py:109} WARNING - [ERROR] Неверный запрос!
[2025-12-21 18:56:24,168] {python.py:175} INFO - Done. Returned value was: None
[2025-12-21 18:56:24,408] {taskinstance.py:1277} INFO - Marking task as SUCCESS. dag_id=SolovevEgor_HW_05_ds_2025, task_id=run_query1, execution_date=20251221T185044, start_date=20251221T185621, end_date=20251221T185624
[2025-12-21 18:56:24,526] {local_task_job.py:154} INFO - Task exited with return code 0
[2025-12-21 18:56:24,635] {local_task_job.py:264} INFO - 0 downstream tasks scheduled from follow-on schedule check
