[2025-12-21 19:37:45,485] {taskinstance.py:1032} INFO - Dependencies all met for <TaskInstance: SolovevEgor_HW_05_ds_2025.run_query1 scheduled__2025-12-21T19:32:24.109677+00:00 [queued]>
[2025-12-21 19:37:45,500] {taskinstance.py:1032} INFO - Dependencies all met for <TaskInstance: SolovevEgor_HW_05_ds_2025.run_query1 scheduled__2025-12-21T19:32:24.109677+00:00 [queued]>
[2025-12-21 19:37:45,501] {taskinstance.py:1238} INFO - 
--------------------------------------------------------------------------------
[2025-12-21 19:37:45,501] {taskinstance.py:1239} INFO - Starting attempt 2 of 2
[2025-12-21 19:37:45,501] {taskinstance.py:1240} INFO - 
--------------------------------------------------------------------------------
[2025-12-21 19:37:45,512] {taskinstance.py:1259} INFO - Executing <Task(PythonOperator): run_query1> on 2025-12-21 19:32:24.109677+00:00
[2025-12-21 19:37:45,522] {standard_task_runner.py:76} INFO - Running: ['***', 'tasks', 'run', 'SolovevEgor_HW_05_ds_2025', 'run_query1', 'scheduled__2025-12-21T19:32:24.109677+00:00', '--job-id', '2857', '--raw', '--subdir', 'DAGS_FOLDER/SolovevEgor_HW_06_ds_2025.py', '--cfg-path', '/tmp/tmp8v9ibej7', '--error-file', '/tmp/tmpkyg55wb9']
[2025-12-21 19:37:45,523] {standard_task_runner.py:77} INFO - Job 2857: Subtask run_query1
[2025-12-21 19:37:45,517] {standard_task_runner.py:52} INFO - Started process 509 to run task
[2025-12-21 19:37:45,578] {logging_mixin.py:109} INFO - Running <TaskInstance: SolovevEgor_HW_05_ds_2025.run_query1 scheduled__2025-12-21T19:32:24.109677+00:00 [running]> on host 0262ea7a04e5
[2025-12-21 19:37:45,623] {taskinstance.py:1426} INFO - Exporting the following env vars:
AIRFLOW_CTX_DAG_OWNER=Solovev Egor
AIRFLOW_CTX_DAG_ID=SolovevEgor_HW_05_ds_2025
AIRFLOW_CTX_TASK_ID=run_query1
AIRFLOW_CTX_EXECUTION_DATE=2025-12-21T19:32:24.109677+00:00
AIRFLOW_CTX_DAG_RUN_ID=scheduled__2025-12-21T19:32:24.109677+00:00
[2025-12-21 19:37:45,846] {base.py:79} INFO - Using connection to: id: postgresql. Host: postgres, Port: 5432, Schema: postgres, Login: ***, Password: ***, extra: {}
[2025-12-21 19:37:45,883] {python.py:175} INFO - Done. Returned value was: 0
[2025-12-21 19:37:45,907] {taskinstance.py:1277} INFO - Marking task as SUCCESS. dag_id=SolovevEgor_HW_05_ds_2025, task_id=run_query1, execution_date=20251221T193224, start_date=20251221T193745, end_date=20251221T193745
[2025-12-21 19:37:45,944] {local_task_job.py:154} INFO - Task exited with return code 0
[2025-12-21 19:37:45,971] {local_task_job.py:264} INFO - 0 downstream tasks scheduled from follow-on schedule check
