[2025-12-21 12:55:56,617] {taskinstance.py:1032} INFO - Dependencies all met for <TaskInstance: my_new_docker_dag.start_greeting manual__2025-12-21T12:55:55.780927+00:00 [queued]>
[2025-12-21 12:55:56,626] {taskinstance.py:1032} INFO - Dependencies all met for <TaskInstance: my_new_docker_dag.start_greeting manual__2025-12-21T12:55:55.780927+00:00 [queued]>
[2025-12-21 12:55:56,627] {taskinstance.py:1238} INFO - 
--------------------------------------------------------------------------------
[2025-12-21 12:55:56,627] {taskinstance.py:1239} INFO - Starting attempt 1 of 2
[2025-12-21 12:55:56,627] {taskinstance.py:1240} INFO - 
--------------------------------------------------------------------------------
[2025-12-21 12:55:56,650] {taskinstance.py:1259} INFO - Executing <Task(BashOperator): start_greeting> on 2025-12-21 12:55:55.780927+00:00
[2025-12-21 12:55:56,665] {standard_task_runner.py:76} INFO - Running: ['***', 'tasks', 'run', 'my_new_docker_dag', 'start_greeting', 'manual__2025-12-21T12:55:55.780927+00:00', '--job-id', '10', '--raw', '--subdir', 'DAGS_FOLDER/my_new_dag.py', '--cfg-path', '/tmp/tmp9e_jd6m1', '--error-file', '/tmp/tmpywde7ar4']
[2025-12-21 12:55:56,667] {standard_task_runner.py:77} INFO - Job 10: Subtask start_greeting
[2025-12-21 12:55:56,660] {standard_task_runner.py:52} INFO - Started process 334 to run task
[2025-12-21 12:55:56,740] {logging_mixin.py:109} INFO - Running <TaskInstance: my_new_docker_dag.start_greeting manual__2025-12-21T12:55:55.780927+00:00 [running]> on host ee339cd127e9
[2025-12-21 12:55:56,796] {taskinstance.py:1426} INFO - Exporting the following env vars:
AIRFLOW_CTX_DAG_OWNER=***
AIRFLOW_CTX_DAG_ID=my_new_docker_dag
AIRFLOW_CTX_TASK_ID=start_greeting
AIRFLOW_CTX_EXECUTION_DATE=2025-12-21T12:55:55.780927+00:00
AIRFLOW_CTX_DAG_RUN_ID=manual__2025-12-21T12:55:55.780927+00:00
[2025-12-21 12:55:56,797] {subprocess.py:62} INFO - Tmp dir root location: 
 /tmp
[2025-12-21 12:55:56,799] {subprocess.py:74} INFO - Running command: ['bash', '-c', 'echo "Hello world!!Hello World!!"']
[2025-12-21 12:55:56,810] {subprocess.py:85} INFO - Output:
[2025-12-21 12:55:56,813] {subprocess.py:89} INFO - Hello world!!Hello World!!
[2025-12-21 12:55:56,813] {subprocess.py:93} INFO - Command exited with return code 0
[2025-12-21 12:55:56,839] {taskinstance.py:1277} INFO - Marking task as SUCCESS. dag_id=my_new_docker_dag, task_id=start_greeting, execution_date=20251221T125555, start_date=20251221T125556, end_date=20251221T125556
[2025-12-21 12:55:56,884] {local_task_job.py:154} INFO - Task exited with return code 0
[2025-12-21 12:55:56,924] {local_task_job.py:264} INFO - 1 downstream tasks scheduled from follow-on schedule check
