[2025-12-21 19:16:55,919] {taskinstance.py:1032} INFO - Dependencies all met for <TaskInstance: SolovevEgor_HW_05_ds_2025.fill_table__order_items scheduled__2025-12-21T19:16:37.427947+00:00 [queued]>
[2025-12-21 19:16:55,933] {taskinstance.py:1032} INFO - Dependencies all met for <TaskInstance: SolovevEgor_HW_05_ds_2025.fill_table__order_items scheduled__2025-12-21T19:16:37.427947+00:00 [queued]>
[2025-12-21 19:16:55,934] {taskinstance.py:1238} INFO - 
--------------------------------------------------------------------------------
[2025-12-21 19:16:55,934] {taskinstance.py:1239} INFO - Starting attempt 1 of 2
[2025-12-21 19:16:55,934] {taskinstance.py:1240} INFO - 
--------------------------------------------------------------------------------
[2025-12-21 19:16:55,947] {taskinstance.py:1259} INFO - Executing <Task(PostgresOperator): fill_table__order_items> on 2025-12-21 19:16:37.427947+00:00
[2025-12-21 19:16:55,956] {standard_task_runner.py:76} INFO - Running: ['***', 'tasks', 'run', 'SolovevEgor_HW_05_ds_2025', 'fill_table__order_items', 'scheduled__2025-12-21T19:16:37.427947+00:00', '--job-id', '2344', '--raw', '--subdir', 'DAGS_FOLDER/SolovevEgor_HW_06_ds_2025.py', '--cfg-path', '/tmp/tmpccw58dr2', '--error-file', '/tmp/tmpijlue26n']
[2025-12-21 19:16:55,958] {standard_task_runner.py:77} INFO - Job 2344: Subtask fill_table__order_items
[2025-12-21 19:16:55,951] {standard_task_runner.py:52} INFO - Started process 127 to run task
[2025-12-21 19:16:56,024] {logging_mixin.py:109} INFO - Running <TaskInstance: SolovevEgor_HW_05_ds_2025.fill_table__order_items scheduled__2025-12-21T19:16:37.427947+00:00 [running]> on host 73327a86500c
[2025-12-21 19:16:56,093] {taskinstance.py:1426} INFO - Exporting the following env vars:
AIRFLOW_CTX_DAG_OWNER=Solovev Egor
AIRFLOW_CTX_DAG_ID=SolovevEgor_HW_05_ds_2025
AIRFLOW_CTX_TASK_ID=fill_table__order_items
AIRFLOW_CTX_EXECUTION_DATE=2025-12-21T19:16:37.427947+00:00
AIRFLOW_CTX_DAG_RUN_ID=scheduled__2025-12-21T19:16:37.427947+00:00
[2025-12-21 19:16:56,104] {base.py:79} INFO - Using connection to: id: postgresql. Host: postgres, Port: 5432, Schema: postgres, Login: ***, Password: ***, extra: {}
[2025-12-21 19:16:56,113] {dbapi.py:225} INFO - Running statement: 
                COPY order_items FROM '/opt/***/data_files/order_items.csv'
                DELIMITER ',' CSV HEADER;
        , parameters: None
[2025-12-21 19:16:56,173] {dbapi.py:233} INFO - Rows affected: 20000
[2025-12-21 19:16:56,192] {taskinstance.py:1277} INFO - Marking task as SUCCESS. dag_id=SolovevEgor_HW_05_ds_2025, task_id=fill_table__order_items, execution_date=20251221T191637, start_date=20251221T191655, end_date=20251221T191656
[2025-12-21 19:16:56,215] {local_task_job.py:154} INFO - Task exited with return code 0
[2025-12-21 19:16:56,271] {local_task_job.py:264} INFO - 0 downstream tasks scheduled from follow-on schedule check
