[2025-12-21 18:59:13,773] {taskinstance.py:1032} INFO - Dependencies all met for <TaskInstance: SolovevEgor_HW_05_ds_2025.fill_table__order_items scheduled__2025-12-21T18:53:40.650007+00:00 [queued]>
[2025-12-21 18:59:13,811] {taskinstance.py:1032} INFO - Dependencies all met for <TaskInstance: SolovevEgor_HW_05_ds_2025.fill_table__order_items scheduled__2025-12-21T18:53:40.650007+00:00 [queued]>
[2025-12-21 18:59:13,812] {taskinstance.py:1238} INFO - 
--------------------------------------------------------------------------------
[2025-12-21 18:59:13,812] {taskinstance.py:1239} INFO - Starting attempt 2 of 2
[2025-12-21 18:59:13,812] {taskinstance.py:1240} INFO - 
--------------------------------------------------------------------------------
[2025-12-21 18:59:13,871] {taskinstance.py:1259} INFO - Executing <Task(PostgresOperator): fill_table__order_items> on 2025-12-21 18:53:40.650007+00:00
[2025-12-21 18:59:13,905] {standard_task_runner.py:52} INFO - Started process 10327 to run task
[2025-12-21 18:59:13,950] {standard_task_runner.py:76} INFO - Running: ['***', 'tasks', 'run', 'SolovevEgor_HW_05_ds_2025', 'fill_table__order_items', 'scheduled__2025-12-21T18:53:40.650007+00:00', '--job-id', '1736', '--raw', '--subdir', 'DAGS_FOLDER/SolovevEgor_HW_06_ds_2025.py', '--cfg-path', '/tmp/tmp_e69753y', '--error-file', '/tmp/tmp10y4o6l6']
[2025-12-21 18:59:13,952] {standard_task_runner.py:77} INFO - Job 1736: Subtask fill_table__order_items
[2025-12-21 18:59:14,425] {logging_mixin.py:109} INFO - Running <TaskInstance: SolovevEgor_HW_05_ds_2025.fill_table__order_items scheduled__2025-12-21T18:53:40.650007+00:00 [running]> on host b97b26732d6a
[2025-12-21 18:59:14,688] {taskinstance.py:1426} INFO - Exporting the following env vars:
AIRFLOW_CTX_DAG_OWNER=Solovev Egor
AIRFLOW_CTX_DAG_ID=SolovevEgor_HW_05_ds_2025
AIRFLOW_CTX_TASK_ID=fill_table__order_items
AIRFLOW_CTX_EXECUTION_DATE=2025-12-21T18:53:40.650007+00:00
AIRFLOW_CTX_DAG_RUN_ID=scheduled__2025-12-21T18:53:40.650007+00:00
[2025-12-21 18:59:14,762] {base.py:79} INFO - Using connection to: id: postgresql. Host: postgres, Port: 5432, Schema: postgres, Login: ***, Password: ***, extra: {}
[2025-12-21 18:59:14,791] {dbapi.py:225} INFO - Running statement: 
                COPY order_items FROM '/opt/***/data_files/order_items.csv'
                DELIMITER ',' CSV HEADER;
        , parameters: None
[2025-12-21 18:59:15,213] {dbapi.py:233} INFO - Rows affected: 20000
[2025-12-21 18:59:15,511] {taskinstance.py:1277} INFO - Marking task as SUCCESS. dag_id=SolovevEgor_HW_05_ds_2025, task_id=fill_table__order_items, execution_date=20251221T185340, start_date=20251221T185913, end_date=20251221T185915
[2025-12-21 18:59:15,710] {local_task_job.py:154} INFO - Task exited with return code 0
[2025-12-21 18:59:15,908] {local_task_job.py:264} INFO - 2 downstream tasks scheduled from follow-on schedule check
