[2025-12-21 19:12:12,543] {taskinstance.py:1032} INFO - Dependencies all met for <TaskInstance: SolovevEgor_HW_05_ds_2025.fill_table__product scheduled__2025-12-21T19:11:53.858510+00:00 [queued]>
[2025-12-21 19:12:12,552] {taskinstance.py:1032} INFO - Dependencies all met for <TaskInstance: SolovevEgor_HW_05_ds_2025.fill_table__product scheduled__2025-12-21T19:11:53.858510+00:00 [queued]>
[2025-12-21 19:12:12,552] {taskinstance.py:1238} INFO - 
--------------------------------------------------------------------------------
[2025-12-21 19:12:12,553] {taskinstance.py:1239} INFO - Starting attempt 1 of 2
[2025-12-21 19:12:12,553] {taskinstance.py:1240} INFO - 
--------------------------------------------------------------------------------
[2025-12-21 19:12:12,560] {taskinstance.py:1259} INFO - Executing <Task(PostgresOperator): fill_table__product> on 2025-12-21 19:11:53.858510+00:00
[2025-12-21 19:12:12,568] {standard_task_runner.py:76} INFO - Running: ['***', 'tasks', 'run', 'SolovevEgor_HW_05_ds_2025', 'fill_table__product', 'scheduled__2025-12-21T19:11:53.858510+00:00', '--job-id', '2204', '--raw', '--subdir', 'DAGS_FOLDER/SolovevEgor_HW_06_ds_2025.py', '--cfg-path', '/tmp/tmpzz6npa8f', '--error-file', '/tmp/tmpkq2qf9o_']
[2025-12-21 19:12:12,568] {standard_task_runner.py:77} INFO - Job 2204: Subtask fill_table__product
[2025-12-21 19:12:12,564] {standard_task_runner.py:52} INFO - Started process 11803 to run task
[2025-12-21 19:12:12,626] {logging_mixin.py:109} INFO - Running <TaskInstance: SolovevEgor_HW_05_ds_2025.fill_table__product scheduled__2025-12-21T19:11:53.858510+00:00 [running]> on host b97b26732d6a
[2025-12-21 19:12:12,681] {taskinstance.py:1426} INFO - Exporting the following env vars:
AIRFLOW_CTX_DAG_OWNER=Solovev Egor
AIRFLOW_CTX_DAG_ID=SolovevEgor_HW_05_ds_2025
AIRFLOW_CTX_TASK_ID=fill_table__product
AIRFLOW_CTX_EXECUTION_DATE=2025-12-21T19:11:53.858510+00:00
AIRFLOW_CTX_DAG_RUN_ID=scheduled__2025-12-21T19:11:53.858510+00:00
[2025-12-21 19:12:12,692] {base.py:79} INFO - Using connection to: id: postgresql. Host: postgres, Port: 5432, Schema: postgres, Login: ***, Password: ***, extra: {}
[2025-12-21 19:12:12,697] {dbapi.py:225} INFO - Running statement: 
                COPY product FROM '/opt/***/data_files/product.csv'
                DELIMITER ',' CSV HEADER;
        , parameters: None
[2025-12-21 19:12:12,699] {dbapi.py:233} INFO - Rows affected: 190
[2025-12-21 19:12:12,717] {taskinstance.py:1277} INFO - Marking task as SUCCESS. dag_id=SolovevEgor_HW_05_ds_2025, task_id=fill_table__product, execution_date=20251221T191153, start_date=20251221T191212, end_date=20251221T191212
[2025-12-21 19:12:12,744] {local_task_job.py:154} INFO - Task exited with return code 0
[2025-12-21 19:12:12,780] {local_task_job.py:264} INFO - 0 downstream tasks scheduled from follow-on schedule check
