[2025-12-21 20:01:27,208] {taskinstance.py:1032} INFO - Dependencies all met for <TaskInstance: SolovevEgor_HW_05_ds_2025.run_query1 scheduled__2025-12-21T20:01:04.873629+00:00 [queued]>
[2025-12-21 20:01:27,224] {taskinstance.py:1032} INFO - Dependencies all met for <TaskInstance: SolovevEgor_HW_05_ds_2025.run_query1 scheduled__2025-12-21T20:01:04.873629+00:00 [queued]>
[2025-12-21 20:01:27,224] {taskinstance.py:1238} INFO - 
--------------------------------------------------------------------------------
[2025-12-21 20:01:27,224] {taskinstance.py:1239} INFO - Starting attempt 1 of 2
[2025-12-21 20:01:27,224] {taskinstance.py:1240} INFO - 
--------------------------------------------------------------------------------
[2025-12-21 20:01:27,239] {taskinstance.py:1259} INFO - Executing <Task(PythonOperator): run_query1> on 2025-12-21 20:01:04.873629+00:00
[2025-12-21 20:01:27,248] {standard_task_runner.py:76} INFO - Running: ['***', 'tasks', 'run', 'SolovevEgor_HW_05_ds_2025', 'run_query1', 'scheduled__2025-12-21T20:01:04.873629+00:00', '--job-id', '3410', '--raw', '--subdir', 'DAGS_FOLDER/SolovevEgor_HW_06_ds_2025.py', '--cfg-path', '/tmp/tmplesk5ban', '--error-file', '/tmp/tmpfv__i83i']
[2025-12-21 20:01:27,249] {standard_task_runner.py:77} INFO - Job 3410: Subtask run_query1
[2025-12-21 20:01:27,244] {standard_task_runner.py:52} INFO - Started process 126 to run task
[2025-12-21 20:01:27,330] {logging_mixin.py:109} INFO - Running <TaskInstance: SolovevEgor_HW_05_ds_2025.run_query1 scheduled__2025-12-21T20:01:04.873629+00:00 [running]> on host 6bc1d04857cc
[2025-12-21 20:01:27,399] {taskinstance.py:1426} INFO - Exporting the following env vars:
AIRFLOW_CTX_DAG_OWNER=Solovev Egor
AIRFLOW_CTX_DAG_ID=SolovevEgor_HW_05_ds_2025
AIRFLOW_CTX_TASK_ID=run_query1
AIRFLOW_CTX_EXECUTION_DATE=2025-12-21T20:01:04.873629+00:00
AIRFLOW_CTX_DAG_RUN_ID=scheduled__2025-12-21T20:01:04.873629+00:00
[2025-12-21 20:01:27,678] {base.py:79} INFO - Using connection to: id: postgresql. Host: postgres, Port: 5432, Schema: postgres, Login: ***, Password: ***, extra: {}
[2025-12-21 20:01:27,721] {python.py:175} INFO - Done. Returned value was: 0
[2025-12-21 20:01:27,754] {taskinstance.py:1277} INFO - Marking task as SUCCESS. dag_id=SolovevEgor_HW_05_ds_2025, task_id=run_query1, execution_date=20251221T200104, start_date=20251221T200127, end_date=20251221T200127
[2025-12-21 20:01:27,789] {local_task_job.py:154} INFO - Task exited with return code 0
[2025-12-21 20:01:27,820] {local_task_job.py:264} INFO - 0 downstream tasks scheduled from follow-on schedule check
