[2025-12-21 18:11:21,897] {taskinstance.py:1032} INFO - Dependencies all met for <TaskInstance: SolovevEgor_HW_05_ds_2025.fill_table__order_items manual__2025-12-21T18:11:17.849601+00:00 [queued]>
[2025-12-21 18:11:21,907] {taskinstance.py:1032} INFO - Dependencies all met for <TaskInstance: SolovevEgor_HW_05_ds_2025.fill_table__order_items manual__2025-12-21T18:11:17.849601+00:00 [queued]>
[2025-12-21 18:11:21,907] {taskinstance.py:1238} INFO - 
--------------------------------------------------------------------------------
[2025-12-21 18:11:21,907] {taskinstance.py:1239} INFO - Starting attempt 1 of 2
[2025-12-21 18:11:21,907] {taskinstance.py:1240} INFO - 
--------------------------------------------------------------------------------
[2025-12-21 18:11:21,918] {taskinstance.py:1259} INFO - Executing <Task(PostgresOperator): fill_table__order_items> on 2025-12-21 18:11:17.849601+00:00
[2025-12-21 18:11:21,923] {standard_task_runner.py:52} INFO - Started process 5878 to run task
[2025-12-21 18:11:21,928] {standard_task_runner.py:76} INFO - Running: ['***', 'tasks', 'run', 'SolovevEgor_HW_05_ds_2025', 'fill_table__order_items', 'manual__2025-12-21T18:11:17.849601+00:00', '--job-id', '383', '--raw', '--subdir', 'DAGS_FOLDER/SolovevEgor_HW_06_ds_2025.py', '--cfg-path', '/tmp/tmpa7jy8s2o', '--error-file', '/tmp/tmptulk6pda']
[2025-12-21 18:11:21,929] {standard_task_runner.py:77} INFO - Job 383: Subtask fill_table__order_items
[2025-12-21 18:11:21,994] {logging_mixin.py:109} INFO - Running <TaskInstance: SolovevEgor_HW_05_ds_2025.fill_table__order_items manual__2025-12-21T18:11:17.849601+00:00 [running]> on host b97b26732d6a
[2025-12-21 18:11:22,055] {taskinstance.py:1426} INFO - Exporting the following env vars:
AIRFLOW_CTX_DAG_OWNER=Solovev Egor
AIRFLOW_CTX_DAG_ID=SolovevEgor_HW_05_ds_2025
AIRFLOW_CTX_TASK_ID=fill_table__order_items
AIRFLOW_CTX_EXECUTION_DATE=2025-12-21T18:11:17.849601+00:00
AIRFLOW_CTX_DAG_RUN_ID=manual__2025-12-21T18:11:17.849601+00:00
[2025-12-21 18:11:22,068] {base.py:79} INFO - Using connection to: id: postgresql. Host: postgres, Port: 5432, Schema: postgres, Login: ***, Password: ***, extra: {}
[2025-12-21 18:11:22,074] {dbapi.py:225} INFO - Running statement: 
                COPY order_items FROM '/opt/***/data_files/order_items.csv'
                DELIMITER ',' CSV HEADER;
        , parameters: None
[2025-12-21 18:11:22,126] {dbapi.py:233} INFO - Rows affected: 20000
[2025-12-21 18:11:22,171] {taskinstance.py:1277} INFO - Marking task as SUCCESS. dag_id=SolovevEgor_HW_05_ds_2025, task_id=fill_table__order_items, execution_date=20251221T181117, start_date=20251221T181121, end_date=20251221T181122
[2025-12-21 18:11:22,221] {local_task_job.py:154} INFO - Task exited with return code 0
[2025-12-21 18:11:22,253] {local_task_job.py:264} INFO - 0 downstream tasks scheduled from follow-on schedule check
