[2025-12-21 18:51:31,543] {taskinstance.py:1032} INFO - Dependencies all met for <TaskInstance: SolovevEgor_HW_05_ds_2025.run_query1 scheduled__2025-12-21T18:50:59.286340+00:00 [queued]>
[2025-12-21 18:51:31,638] {taskinstance.py:1032} INFO - Dependencies all met for <TaskInstance: SolovevEgor_HW_05_ds_2025.run_query1 scheduled__2025-12-21T18:50:59.286340+00:00 [queued]>
[2025-12-21 18:51:31,639] {taskinstance.py:1238} INFO - 
--------------------------------------------------------------------------------
[2025-12-21 18:51:31,639] {taskinstance.py:1239} INFO - Starting attempt 1 of 2
[2025-12-21 18:51:31,640] {taskinstance.py:1240} INFO - 
--------------------------------------------------------------------------------
[2025-12-21 18:51:31,727] {taskinstance.py:1259} INFO - Executing <Task(PythonOperator): run_query1> on 2025-12-21 18:50:59.286340+00:00
[2025-12-21 18:51:31,806] {standard_task_runner.py:76} INFO - Running: ['***', 'tasks', 'run', 'SolovevEgor_HW_05_ds_2025', 'run_query1', 'scheduled__2025-12-21T18:50:59.286340+00:00', '--job-id', '1433', '--raw', '--subdir', 'DAGS_FOLDER/SolovevEgor_HW_06_ds_2025.py', '--cfg-path', '/tmp/tmpuauqg79o', '--error-file', '/tmp/tmpidbc1c56']
[2025-12-21 18:51:31,816] {standard_task_runner.py:77} INFO - Job 1433: Subtask run_query1
[2025-12-21 18:51:31,764] {standard_task_runner.py:52} INFO - Started process 9479 to run task
[2025-12-21 18:51:32,210] {logging_mixin.py:109} INFO - Running <TaskInstance: SolovevEgor_HW_05_ds_2025.run_query1 scheduled__2025-12-21T18:50:59.286340+00:00 [running]> on host b97b26732d6a
[2025-12-21 18:51:32,460] {taskinstance.py:1426} INFO - Exporting the following env vars:
AIRFLOW_CTX_DAG_OWNER=Solovev Egor
AIRFLOW_CTX_DAG_ID=SolovevEgor_HW_05_ds_2025
AIRFLOW_CTX_TASK_ID=run_query1
AIRFLOW_CTX_EXECUTION_DATE=2025-12-21T18:50:59.286340+00:00
AIRFLOW_CTX_DAG_RUN_ID=scheduled__2025-12-21T18:50:59.286340+00:00
[2025-12-21 18:51:33,419] {base.py:79} INFO - Using connection to: id: postgresql. Host: postgres, Port: 5432, Schema: postgres, Login: ***, Password: ***, extra: {}
[2025-12-21 18:51:33,626] {python.py:175} INFO - Done. Returned value was: None
[2025-12-21 18:51:33,663] {taskinstance.py:1277} INFO - Marking task as SUCCESS. dag_id=SolovevEgor_HW_05_ds_2025, task_id=run_query1, execution_date=20251221T185059, start_date=20251221T185131, end_date=20251221T185133
[2025-12-21 18:51:33,724] {local_task_job.py:154} INFO - Task exited with return code 0
[2025-12-21 18:51:33,811] {local_task_job.py:264} INFO - 0 downstream tasks scheduled from follow-on schedule check
