[2025-12-21 20:01:16,959] {taskinstance.py:1032} INFO - Dependencies all met for <TaskInstance: SolovevEgor_HW_05_ds_2025.run_query1 manual__2025-12-21T19:55:01.999248+00:00 [queued]>
[2025-12-21 20:01:17,071] {taskinstance.py:1032} INFO - Dependencies all met for <TaskInstance: SolovevEgor_HW_05_ds_2025.run_query1 manual__2025-12-21T19:55:01.999248+00:00 [queued]>
[2025-12-21 20:01:17,082] {taskinstance.py:1238} INFO - 
--------------------------------------------------------------------------------
[2025-12-21 20:01:17,082] {taskinstance.py:1239} INFO - Starting attempt 2 of 2
[2025-12-21 20:01:17,082] {taskinstance.py:1240} INFO - 
--------------------------------------------------------------------------------
[2025-12-21 20:01:17,212] {taskinstance.py:1259} INFO - Executing <Task(PythonOperator): run_query1> on 2025-12-21 19:55:01.999248+00:00
[2025-12-21 20:01:17,249] {standard_task_runner.py:76} INFO - Running: ['***', 'tasks', 'run', 'SolovevEgor_HW_05_ds_2025', 'run_query1', 'manual__2025-12-21T19:55:01.999248+00:00', '--job-id', '3395', '--raw', '--subdir', 'DAGS_FOLDER/SolovevEgor_HW_06_ds_2025.py', '--cfg-path', '/tmp/tmp8smegh4x', '--error-file', '/tmp/tmps7_cjkro']
[2025-12-21 20:01:17,251] {standard_task_runner.py:77} INFO - Job 3395: Subtask run_query1
[2025-12-21 20:01:17,231] {standard_task_runner.py:52} INFO - Started process 97 to run task
[2025-12-21 20:01:17,687] {logging_mixin.py:109} INFO - Running <TaskInstance: SolovevEgor_HW_05_ds_2025.run_query1 manual__2025-12-21T19:55:01.999248+00:00 [running]> on host 6bc1d04857cc
[2025-12-21 20:01:18,036] {taskinstance.py:1426} INFO - Exporting the following env vars:
AIRFLOW_CTX_DAG_OWNER=Solovev Egor
AIRFLOW_CTX_DAG_ID=SolovevEgor_HW_05_ds_2025
AIRFLOW_CTX_TASK_ID=run_query1
AIRFLOW_CTX_EXECUTION_DATE=2025-12-21T19:55:01.999248+00:00
AIRFLOW_CTX_DAG_RUN_ID=manual__2025-12-21T19:55:01.999248+00:00
[2025-12-21 20:01:20,167] {base.py:79} INFO - Using connection to: id: postgresql. Host: postgres, Port: 5432, Schema: postgres, Login: ***, Password: ***, extra: {}
[2025-12-21 20:01:20,307] {python.py:175} INFO - Done. Returned value was: 0
[2025-12-21 20:01:20,374] {taskinstance.py:1277} INFO - Marking task as SUCCESS. dag_id=SolovevEgor_HW_05_ds_2025, task_id=run_query1, execution_date=20251221T195501, start_date=20251221T200116, end_date=20251221T200120
[2025-12-21 20:01:20,468] {local_task_job.py:154} INFO - Task exited with return code 0
[2025-12-21 20:01:20,840] {local_task_job.py:264} INFO - 0 downstream tasks scheduled from follow-on schedule check
