[2025-12-21 18:57:54,192] {taskinstance.py:1032} INFO - Dependencies all met for <TaskInstance: SolovevEgor_HW_05_ds_2025.fill_table__customer scheduled__2025-12-21T18:57:25.866409+00:00 [queued]>
[2025-12-21 18:57:54,290] {taskinstance.py:1032} INFO - Dependencies all met for <TaskInstance: SolovevEgor_HW_05_ds_2025.fill_table__customer scheduled__2025-12-21T18:57:25.866409+00:00 [queued]>
[2025-12-21 18:57:54,293] {taskinstance.py:1238} INFO - 
--------------------------------------------------------------------------------
[2025-12-21 18:57:54,294] {taskinstance.py:1239} INFO - Starting attempt 1 of 2
[2025-12-21 18:57:54,294] {taskinstance.py:1240} INFO - 
--------------------------------------------------------------------------------
[2025-12-21 18:57:54,398] {taskinstance.py:1259} INFO - Executing <Task(PostgresOperator): fill_table__customer> on 2025-12-21 18:57:25.866409+00:00
[2025-12-21 18:57:54,471] {standard_task_runner.py:76} INFO - Running: ['***', 'tasks', 'run', 'SolovevEgor_HW_05_ds_2025', 'fill_table__customer', 'scheduled__2025-12-21T18:57:25.866409+00:00', '--job-id', '1689', '--raw', '--subdir', 'DAGS_FOLDER/SolovevEgor_HW_06_ds_2025.py', '--cfg-path', '/tmp/tmp6gio7y2c', '--error-file', '/tmp/tmpv9nmxgak']
[2025-12-21 18:57:54,478] {standard_task_runner.py:77} INFO - Job 1689: Subtask fill_table__customer
[2025-12-21 18:57:54,448] {standard_task_runner.py:52} INFO - Started process 10191 to run task
[2025-12-21 18:57:54,866] {logging_mixin.py:109} INFO - Running <TaskInstance: SolovevEgor_HW_05_ds_2025.fill_table__customer scheduled__2025-12-21T18:57:25.866409+00:00 [running]> on host b97b26732d6a
[2025-12-21 18:57:55,258] {taskinstance.py:1426} INFO - Exporting the following env vars:
AIRFLOW_CTX_DAG_OWNER=Solovev Egor
AIRFLOW_CTX_DAG_ID=SolovevEgor_HW_05_ds_2025
AIRFLOW_CTX_TASK_ID=fill_table__customer
AIRFLOW_CTX_EXECUTION_DATE=2025-12-21T18:57:25.866409+00:00
AIRFLOW_CTX_DAG_RUN_ID=scheduled__2025-12-21T18:57:25.866409+00:00
[2025-12-21 18:57:55,325] {base.py:79} INFO - Using connection to: id: postgresql. Host: postgres, Port: 5432, Schema: postgres, Login: ***, Password: ***, extra: {}
[2025-12-21 18:57:55,361] {dbapi.py:225} INFO - Running statement: 
                COPY customer FROM '/opt/***/data_files/customer.csv'
                DELIMITER ';' CSV HEADER;
        , parameters: None
[2025-12-21 18:57:55,397] {taskinstance.py:1700} ERROR - Task failed with exception
Traceback (most recent call last):
  File "/home/airflow/.local/lib/python3.6/site-packages/airflow/models/taskinstance.py", line 1329, in _run_raw_task
    self._execute_task_with_callbacks(context)
  File "/home/airflow/.local/lib/python3.6/site-packages/airflow/models/taskinstance.py", line 1455, in _execute_task_with_callbacks
    result = self._execute_task(context, self.task)
  File "/home/airflow/.local/lib/python3.6/site-packages/airflow/models/taskinstance.py", line 1511, in _execute_task
    result = execute_callable(context=context)
  File "/home/airflow/.local/lib/python3.6/site-packages/airflow/providers/postgres/operators/postgres.py", line 69, in execute
    self.hook.run(self.sql, self.autocommit, parameters=self.parameters)
  File "/home/airflow/.local/lib/python3.6/site-packages/airflow/hooks/dbapi.py", line 205, in run
    self._run_command(cur, sql_statement, parameters)
  File "/home/airflow/.local/lib/python3.6/site-packages/airflow/hooks/dbapi.py", line 229, in _run_command
    cur.execute(sql_statement)
psycopg2.errors.UniqueViolation: duplicate key value violates unique constraint "customer_pkey"
DETAIL:  Key (customer_id)=(1) already exists.
CONTEXT:  COPY customer, line 2

[2025-12-21 18:57:55,566] {taskinstance.py:1277} INFO - Marking task as UP_FOR_RETRY. dag_id=SolovevEgor_HW_05_ds_2025, task_id=fill_table__customer, execution_date=20251221T185725, start_date=20251221T185754, end_date=20251221T185755
[2025-12-21 18:57:55,608] {standard_task_runner.py:92} ERROR - Failed to execute job 1689 for task fill_table__customer
Traceback (most recent call last):
  File "/home/airflow/.local/lib/python3.6/site-packages/airflow/task/task_runner/standard_task_runner.py", line 85, in _start_by_fork
    args.func(args, dag=self.dag)
  File "/home/airflow/.local/lib/python3.6/site-packages/airflow/cli/cli_parser.py", line 48, in command
    return func(*args, **kwargs)
  File "/home/airflow/.local/lib/python3.6/site-packages/airflow/utils/cli.py", line 92, in wrapper
    return f(*args, **kwargs)
  File "/home/airflow/.local/lib/python3.6/site-packages/airflow/cli/commands/task_command.py", line 298, in task_run
    _run_task_by_selected_method(args, dag, ti)
  File "/home/airflow/.local/lib/python3.6/site-packages/airflow/cli/commands/task_command.py", line 107, in _run_task_by_selected_method
    _run_raw_task(args, ti)
  File "/home/airflow/.local/lib/python3.6/site-packages/airflow/cli/commands/task_command.py", line 184, in _run_raw_task
    error_file=args.error_file,
  File "/home/airflow/.local/lib/python3.6/site-packages/airflow/utils/session.py", line 70, in wrapper
    return func(*args, session=session, **kwargs)
  File "/home/airflow/.local/lib/python3.6/site-packages/airflow/models/taskinstance.py", line 1329, in _run_raw_task
    self._execute_task_with_callbacks(context)
  File "/home/airflow/.local/lib/python3.6/site-packages/airflow/models/taskinstance.py", line 1455, in _execute_task_with_callbacks
    result = self._execute_task(context, self.task)
  File "/home/airflow/.local/lib/python3.6/site-packages/airflow/models/taskinstance.py", line 1511, in _execute_task
    result = execute_callable(context=context)
  File "/home/airflow/.local/lib/python3.6/site-packages/airflow/providers/postgres/operators/postgres.py", line 69, in execute
    self.hook.run(self.sql, self.autocommit, parameters=self.parameters)
  File "/home/airflow/.local/lib/python3.6/site-packages/airflow/hooks/dbapi.py", line 205, in run
    self._run_command(cur, sql_statement, parameters)
  File "/home/airflow/.local/lib/python3.6/site-packages/airflow/hooks/dbapi.py", line 229, in _run_command
    cur.execute(sql_statement)
psycopg2.errors.UniqueViolation: duplicate key value violates unique constraint "customer_pkey"
DETAIL:  Key (customer_id)=(1) already exists.
CONTEXT:  COPY customer, line 2

[2025-12-21 18:57:55,785] {local_task_job.py:154} INFO - Task exited with return code 1
[2025-12-21 18:57:56,172] {local_task_job.py:264} INFO - 0 downstream tasks scheduled from follow-on schedule check
