[2025-12-21 15:38:53,461] {taskinstance.py:1032} INFO - Dependencies all met for <TaskInstance: HomeWork6.truncate_tables manual__2025-12-21T15:38:49.710496+00:00 [queued]>
[2025-12-21 15:38:53,479] {taskinstance.py:1032} INFO - Dependencies all met for <TaskInstance: HomeWork6.truncate_tables manual__2025-12-21T15:38:49.710496+00:00 [queued]>
[2025-12-21 15:38:53,479] {taskinstance.py:1238} INFO - 
--------------------------------------------------------------------------------
[2025-12-21 15:38:53,479] {taskinstance.py:1239} INFO - Starting attempt 1 of 2
[2025-12-21 15:38:53,479] {taskinstance.py:1240} INFO - 
--------------------------------------------------------------------------------
[2025-12-21 15:38:53,505] {taskinstance.py:1259} INFO - Executing <Task(PostgresOperator): truncate_tables> on 2025-12-21 15:38:49.710496+00:00
[2025-12-21 15:38:53,516] {standard_task_runner.py:52} INFO - Started process 1472 to run task
[2025-12-21 15:38:53,523] {standard_task_runner.py:76} INFO - Running: ['***', 'tasks', 'run', 'HomeWork6', 'truncate_tables', 'manual__2025-12-21T15:38:49.710496+00:00', '--job-id', '75', '--raw', '--subdir', 'DAGS_FOLDER/HomeWork6.py', '--cfg-path', '/tmp/tmp85mdpgki', '--error-file', '/tmp/tmpz01ojtff']
[2025-12-21 15:38:53,525] {standard_task_runner.py:77} INFO - Job 75: Subtask truncate_tables
[2025-12-21 15:38:53,731] {logging_mixin.py:109} INFO - Running <TaskInstance: HomeWork6.truncate_tables manual__2025-12-21T15:38:49.710496+00:00 [running]> on host ee9896260e3b
[2025-12-21 15:38:53,939] {taskinstance.py:1426} INFO - Exporting the following env vars:
AIRFLOW_CTX_DAG_OWNER=Solovev Egor
AIRFLOW_CTX_DAG_ID=HomeWork6
AIRFLOW_CTX_TASK_ID=truncate_tables
AIRFLOW_CTX_EXECUTION_DATE=2025-12-21T15:38:49.710496+00:00
AIRFLOW_CTX_DAG_RUN_ID=manual__2025-12-21T15:38:49.710496+00:00
[2025-12-21 15:38:53,962] {base.py:79} INFO - Using connection to: id: postgresql. Host: postgres, Port: 5432, Schema: postgres, Login: ***, Password: ***, extra: {}
[2025-12-21 15:38:53,973] {dbapi.py:225} INFO - Running statement: truncate table customer, order_items, orders, product;, parameters: None
[2025-12-21 15:38:54,058] {taskinstance.py:1277} INFO - Marking task as SUCCESS. dag_id=HomeWork6, task_id=truncate_tables, execution_date=20251221T153849, start_date=20251221T153853, end_date=20251221T153854
[2025-12-21 15:38:54,144] {local_task_job.py:154} INFO - Task exited with return code 0
[2025-12-21 15:38:54,243] {local_task_job.py:264} INFO - 1 downstream tasks scheduled from follow-on schedule check
