[2025-12-21 16:01:02,589] {taskinstance.py:1032} INFO - Dependencies all met for <TaskInstance: HomeWork6.fill_table__orders manual__2025-12-21T16:01:00.929373+00:00 [queued]>
[2025-12-21 16:01:02,596] {taskinstance.py:1032} INFO - Dependencies all met for <TaskInstance: HomeWork6.fill_table__orders manual__2025-12-21T16:01:00.929373+00:00 [queued]>
[2025-12-21 16:01:02,596] {taskinstance.py:1238} INFO - 
--------------------------------------------------------------------------------
[2025-12-21 16:01:02,596] {taskinstance.py:1239} INFO - Starting attempt 1 of 2
[2025-12-21 16:01:02,597] {taskinstance.py:1240} INFO - 
--------------------------------------------------------------------------------
[2025-12-21 16:01:02,604] {taskinstance.py:1259} INFO - Executing <Task(PostgresOperator): fill_table__orders> on 2025-12-21 16:01:00.929373+00:00
[2025-12-21 16:01:02,614] {standard_task_runner.py:76} INFO - Running: ['***', 'tasks', 'run', 'HomeWork6', 'fill_table__orders', 'manual__2025-12-21T16:01:00.929373+00:00', '--job-id', '184', '--raw', '--subdir', 'DAGS_FOLDER/HomeWork6.py', '--cfg-path', '/tmp/tmp23b754lh', '--error-file', '/tmp/tmp0u32ldo5']
[2025-12-21 16:01:02,615] {standard_task_runner.py:77} INFO - Job 184: Subtask fill_table__orders
[2025-12-21 16:01:02,610] {standard_task_runner.py:52} INFO - Started process 2645 to run task
[2025-12-21 16:01:02,671] {logging_mixin.py:109} INFO - Running <TaskInstance: HomeWork6.fill_table__orders manual__2025-12-21T16:01:00.929373+00:00 [running]> on host ee9896260e3b
[2025-12-21 16:01:02,728] {taskinstance.py:1426} INFO - Exporting the following env vars:
AIRFLOW_CTX_DAG_OWNER=Solovev Egor
AIRFLOW_CTX_DAG_ID=HomeWork6
AIRFLOW_CTX_TASK_ID=fill_table__orders
AIRFLOW_CTX_EXECUTION_DATE=2025-12-21T16:01:00.929373+00:00
AIRFLOW_CTX_DAG_RUN_ID=manual__2025-12-21T16:01:00.929373+00:00
[2025-12-21 16:01:02,737] {base.py:79} INFO - Using connection to: id: postgresql. Host: postgres, Port: 5432, Schema: postgres, Login: ***, Password: ***, extra: {}
[2025-12-21 16:01:02,742] {dbapi.py:225} INFO - Running statement: 
                COPY orders FROM '/opt/***/data_files/orders.csv'
                DELIMITER ',' CSV HEADER;
        , parameters: None
[2025-12-21 16:01:02,790] {dbapi.py:233} INFO - Rows affected: 20000
[2025-12-21 16:01:02,809] {taskinstance.py:1277} INFO - Marking task as SUCCESS. dag_id=HomeWork6, task_id=fill_table__orders, execution_date=20251221T160100, start_date=20251221T160102, end_date=20251221T160102
[2025-12-21 16:01:02,831] {local_task_job.py:154} INFO - Task exited with return code 0
[2025-12-21 16:01:02,861] {local_task_job.py:264} INFO - 0 downstream tasks scheduled from follow-on schedule check
