[2025-12-21 19:39:29,736] {taskinstance.py:1032} INFO - Dependencies all met for <TaskInstance: SolovevEgor_HW_05_ds_2025.fill_table__product scheduled__2025-12-21T19:39:07.579304+00:00 [queued]>
[2025-12-21 19:39:29,765] {taskinstance.py:1032} INFO - Dependencies all met for <TaskInstance: SolovevEgor_HW_05_ds_2025.fill_table__product scheduled__2025-12-21T19:39:07.579304+00:00 [queued]>
[2025-12-21 19:39:29,766] {taskinstance.py:1238} INFO - 
--------------------------------------------------------------------------------
[2025-12-21 19:39:29,766] {taskinstance.py:1239} INFO - Starting attempt 1 of 2
[2025-12-21 19:39:29,766] {taskinstance.py:1240} INFO - 
--------------------------------------------------------------------------------
[2025-12-21 19:39:29,808] {taskinstance.py:1259} INFO - Executing <Task(PostgresOperator): fill_table__product> on 2025-12-21 19:39:07.579304+00:00
[2025-12-21 19:39:29,817] {standard_task_runner.py:52} INFO - Started process 704 to run task
[2025-12-21 19:39:29,831] {standard_task_runner.py:76} INFO - Running: ['***', 'tasks', 'run', 'SolovevEgor_HW_05_ds_2025', 'fill_table__product', 'scheduled__2025-12-21T19:39:07.579304+00:00', '--job-id', '2921', '--raw', '--subdir', 'DAGS_FOLDER/SolovevEgor_HW_06_ds_2025.py', '--cfg-path', '/tmp/tmpmg6eqf8b', '--error-file', '/tmp/tmptk7ru5mw']
[2025-12-21 19:39:29,832] {standard_task_runner.py:77} INFO - Job 2921: Subtask fill_table__product
[2025-12-21 19:39:29,988] {logging_mixin.py:109} INFO - Running <TaskInstance: SolovevEgor_HW_05_ds_2025.fill_table__product scheduled__2025-12-21T19:39:07.579304+00:00 [running]> on host 0262ea7a04e5
[2025-12-21 19:39:30,133] {taskinstance.py:1426} INFO - Exporting the following env vars:
AIRFLOW_CTX_DAG_OWNER=Solovev Egor
AIRFLOW_CTX_DAG_ID=SolovevEgor_HW_05_ds_2025
AIRFLOW_CTX_TASK_ID=fill_table__product
AIRFLOW_CTX_EXECUTION_DATE=2025-12-21T19:39:07.579304+00:00
AIRFLOW_CTX_DAG_RUN_ID=scheduled__2025-12-21T19:39:07.579304+00:00
[2025-12-21 19:39:30,158] {base.py:79} INFO - Using connection to: id: postgresql. Host: postgres, Port: 5432, Schema: postgres, Login: ***, Password: ***, extra: {}
[2025-12-21 19:39:30,166] {dbapi.py:225} INFO - Running statement: 
                COPY product FROM '/opt/***/data_files/product.csv'
                DELIMITER ',' CSV HEADER;
        , parameters: None
[2025-12-21 19:39:30,171] {dbapi.py:233} INFO - Rows affected: 190
[2025-12-21 19:39:30,257] {taskinstance.py:1277} INFO - Marking task as SUCCESS. dag_id=SolovevEgor_HW_05_ds_2025, task_id=fill_table__product, execution_date=20251221T193907, start_date=20251221T193929, end_date=20251221T193930
[2025-12-21 19:39:30,341] {local_task_job.py:154} INFO - Task exited with return code 0
[2025-12-21 19:39:30,470] {local_task_job.py:264} INFO - 0 downstream tasks scheduled from follow-on schedule check
