[2025-12-21 19:26:33,188] {taskinstance.py:1032} INFO - Dependencies all met for <TaskInstance: SolovevEgor_HW_05_ds_2025.fill_table__customer scheduled__2025-12-21T19:26:14.431821+00:00 [queued]>
[2025-12-21 19:26:33,210] {taskinstance.py:1032} INFO - Dependencies all met for <TaskInstance: SolovevEgor_HW_05_ds_2025.fill_table__customer scheduled__2025-12-21T19:26:14.431821+00:00 [queued]>
[2025-12-21 19:26:33,210] {taskinstance.py:1238} INFO - 
--------------------------------------------------------------------------------
[2025-12-21 19:26:33,211] {taskinstance.py:1239} INFO - Starting attempt 1 of 2
[2025-12-21 19:26:33,211] {taskinstance.py:1240} INFO - 
--------------------------------------------------------------------------------
[2025-12-21 19:26:33,227] {taskinstance.py:1259} INFO - Executing <Task(PostgresOperator): fill_table__customer> on 2025-12-21 19:26:14.431821+00:00
[2025-12-21 19:26:33,244] {standard_task_runner.py:76} INFO - Running: ['***', 'tasks', 'run', 'SolovevEgor_HW_05_ds_2025', 'fill_table__customer', 'scheduled__2025-12-21T19:26:14.431821+00:00', '--job-id', '2552', '--raw', '--subdir', 'DAGS_FOLDER/SolovevEgor_HW_06_ds_2025.py', '--cfg-path', '/tmp/tmp6_cvn7ys', '--error-file', '/tmp/tmp1eqbe5ns']
[2025-12-21 19:26:33,245] {standard_task_runner.py:77} INFO - Job 2552: Subtask fill_table__customer
[2025-12-21 19:26:33,237] {standard_task_runner.py:52} INFO - Started process 169 to run task
[2025-12-21 19:26:33,360] {logging_mixin.py:109} INFO - Running <TaskInstance: SolovevEgor_HW_05_ds_2025.fill_table__customer scheduled__2025-12-21T19:26:14.431821+00:00 [running]> on host 6e44f93f8024
[2025-12-21 19:26:33,476] {taskinstance.py:1426} INFO - Exporting the following env vars:
AIRFLOW_CTX_DAG_OWNER=Solovev Egor
AIRFLOW_CTX_DAG_ID=SolovevEgor_HW_05_ds_2025
AIRFLOW_CTX_TASK_ID=fill_table__customer
AIRFLOW_CTX_EXECUTION_DATE=2025-12-21T19:26:14.431821+00:00
AIRFLOW_CTX_DAG_RUN_ID=scheduled__2025-12-21T19:26:14.431821+00:00
[2025-12-21 19:26:33,492] {base.py:79} INFO - Using connection to: id: postgresql. Host: postgres, Port: 5432, Schema: postgres, Login: ***, Password: ***, extra: {}
[2025-12-21 19:26:33,500] {dbapi.py:225} INFO - Running statement: 
                COPY customer FROM '/opt/***/data_files/customer.csv'
                DELIMITER ';' CSV HEADER;
        , parameters: None
[2025-12-21 19:26:33,537] {dbapi.py:233} INFO - Rows affected: 4000
[2025-12-21 19:26:33,566] {taskinstance.py:1277} INFO - Marking task as SUCCESS. dag_id=SolovevEgor_HW_05_ds_2025, task_id=fill_table__customer, execution_date=20251221T192614, start_date=20251221T192633, end_date=20251221T192633
[2025-12-21 19:26:33,601] {local_task_job.py:154} INFO - Task exited with return code 0
[2025-12-21 19:26:33,677] {local_task_job.py:264} INFO - 0 downstream tasks scheduled from follow-on schedule check
