[2025-12-21 19:42:21,345] {taskinstance.py:1032} INFO - Dependencies all met for <TaskInstance: SolovevEgor_HW_05_ds_2025.fill_table__orders scheduled__2025-12-21T19:40:22.579304+00:00 [queued]>
[2025-12-21 19:42:21,425] {taskinstance.py:1032} INFO - Dependencies all met for <TaskInstance: SolovevEgor_HW_05_ds_2025.fill_table__orders scheduled__2025-12-21T19:40:22.579304+00:00 [queued]>
[2025-12-21 19:42:21,426] {taskinstance.py:1238} INFO - 
--------------------------------------------------------------------------------
[2025-12-21 19:42:21,426] {taskinstance.py:1239} INFO - Starting attempt 1 of 2
[2025-12-21 19:42:21,426] {taskinstance.py:1240} INFO - 
--------------------------------------------------------------------------------
[2025-12-21 19:42:21,522] {taskinstance.py:1259} INFO - Executing <Task(PostgresOperator): fill_table__orders> on 2025-12-21 19:40:22.579304+00:00
[2025-12-21 19:42:21,562] {standard_task_runner.py:76} INFO - Running: ['***', 'tasks', 'run', 'SolovevEgor_HW_05_ds_2025', 'fill_table__orders', 'scheduled__2025-12-21T19:40:22.579304+00:00', '--job-id', '2974', '--raw', '--subdir', 'DAGS_FOLDER/SolovevEgor_HW_06_ds_2025.py', '--cfg-path', '/tmp/tmphe68z1w5', '--error-file', '/tmp/tmpfcxyyi0b']
[2025-12-21 19:42:21,564] {standard_task_runner.py:77} INFO - Job 2974: Subtask fill_table__orders
[2025-12-21 19:42:21,548] {standard_task_runner.py:52} INFO - Started process 90 to run task
[2025-12-21 19:42:21,825] {logging_mixin.py:109} INFO - Running <TaskInstance: SolovevEgor_HW_05_ds_2025.fill_table__orders scheduled__2025-12-21T19:40:22.579304+00:00 [running]> on host 2ff0b5b09a4c
[2025-12-21 19:42:22,316] {taskinstance.py:1426} INFO - Exporting the following env vars:
AIRFLOW_CTX_DAG_OWNER=Solovev Egor
AIRFLOW_CTX_DAG_ID=SolovevEgor_HW_05_ds_2025
AIRFLOW_CTX_TASK_ID=fill_table__orders
AIRFLOW_CTX_EXECUTION_DATE=2025-12-21T19:40:22.579304+00:00
AIRFLOW_CTX_DAG_RUN_ID=scheduled__2025-12-21T19:40:22.579304+00:00
[2025-12-21 19:42:22,412] {base.py:79} INFO - Using connection to: id: postgresql. Host: postgres, Port: 5432, Schema: postgres, Login: ***, Password: ***, extra: {}
[2025-12-21 19:42:22,444] {dbapi.py:225} INFO - Running statement: 
                COPY orders FROM '/opt/***/data_files/orders.csv'
                DELIMITER ',' CSV HEADER;
        , parameters: None
[2025-12-21 19:42:22,672] {dbapi.py:233} INFO - Rows affected: 20000
[2025-12-21 19:42:22,908] {taskinstance.py:1277} INFO - Marking task as SUCCESS. dag_id=SolovevEgor_HW_05_ds_2025, task_id=fill_table__orders, execution_date=20251221T194022, start_date=20251221T194221, end_date=20251221T194222
[2025-12-21 19:42:23,006] {local_task_job.py:154} INFO - Task exited with return code 0
[2025-12-21 19:42:23,510] {local_task_job.py:264} INFO - 0 downstream tasks scheduled from follow-on schedule check
