[2025-12-21 17:20:18,062] {taskinstance.py:1032} INFO - Dependencies all met for <TaskInstance: SolovevEgor_HW_05_ds_20259834765986593865.fill_table__product manual__2025-12-21T17:20:14.640097+00:00 [queued]>
[2025-12-21 17:20:18,077] {taskinstance.py:1032} INFO - Dependencies all met for <TaskInstance: SolovevEgor_HW_05_ds_20259834765986593865.fill_table__product manual__2025-12-21T17:20:14.640097+00:00 [queued]>
[2025-12-21 17:20:18,077] {taskinstance.py:1238} INFO - 
--------------------------------------------------------------------------------
[2025-12-21 17:20:18,077] {taskinstance.py:1239} INFO - Starting attempt 1 of 2
[2025-12-21 17:20:18,078] {taskinstance.py:1240} INFO - 
--------------------------------------------------------------------------------
[2025-12-21 17:20:18,088] {taskinstance.py:1259} INFO - Executing <Task(PostgresOperator): fill_table__product> on 2025-12-21 17:20:14.640097+00:00
[2025-12-21 17:20:18,100] {standard_task_runner.py:76} INFO - Running: ['***', 'tasks', 'run', 'SolovevEgor_HW_05_ds_20259834765986593865', 'fill_table__product', 'manual__2025-12-21T17:20:14.640097+00:00', '--job-id', '261', '--raw', '--subdir', 'DAGS_FOLDER/SolovevEgor_HW_06_ds_2025.py', '--cfg-path', '/tmp/tmpzhlikr8q', '--error-file', '/tmp/tmpn12zwql1']
[2025-12-21 17:20:18,102] {standard_task_runner.py:77} INFO - Job 261: Subtask fill_table__product
[2025-12-21 17:20:18,094] {standard_task_runner.py:52} INFO - Started process 3171 to run task
[2025-12-21 17:20:18,199] {logging_mixin.py:109} INFO - Running <TaskInstance: SolovevEgor_HW_05_ds_20259834765986593865.fill_table__product manual__2025-12-21T17:20:14.640097+00:00 [running]> on host b97b26732d6a
[2025-12-21 17:20:18,286] {taskinstance.py:1426} INFO - Exporting the following env vars:
AIRFLOW_CTX_DAG_OWNER=Solovev Egor
AIRFLOW_CTX_DAG_ID=SolovevEgor_HW_05_ds_20259834765986593865
AIRFLOW_CTX_TASK_ID=fill_table__product
AIRFLOW_CTX_EXECUTION_DATE=2025-12-21T17:20:14.640097+00:00
AIRFLOW_CTX_DAG_RUN_ID=manual__2025-12-21T17:20:14.640097+00:00
[2025-12-21 17:20:18,301] {base.py:79} INFO - Using connection to: id: postgresql. Host: postgres, Port: 5432, Schema: postgres, Login: ***, Password: ***, extra: {}
[2025-12-21 17:20:18,308] {dbapi.py:225} INFO - Running statement: 
                COPY product FROM '/opt/***/data_files/product.csv'
                DELIMITER ',' CSV HEADER;
        , parameters: None
[2025-12-21 17:20:18,311] {dbapi.py:233} INFO - Rows affected: 190
[2025-12-21 17:20:18,354] {taskinstance.py:1277} INFO - Marking task as SUCCESS. dag_id=SolovevEgor_HW_05_ds_20259834765986593865, task_id=fill_table__product, execution_date=20251221T172014, start_date=20251221T172018, end_date=20251221T172018
[2025-12-21 17:20:18,402] {local_task_job.py:154} INFO - Task exited with return code 0
[2025-12-21 17:20:18,468] {local_task_job.py:264} INFO - 0 downstream tasks scheduled from follow-on schedule check
