[2025-12-21 19:26:06,866] {taskinstance.py:1032} INFO - Dependencies all met for <TaskInstance: SolovevEgor_HW_05_ds_2025.fill_table__customer scheduled__2025-12-21T19:24:04.693354+00:00 [queued]>
[2025-12-21 19:26:06,937] {taskinstance.py:1032} INFO - Dependencies all met for <TaskInstance: SolovevEgor_HW_05_ds_2025.fill_table__customer scheduled__2025-12-21T19:24:04.693354+00:00 [queued]>
[2025-12-21 19:26:06,938] {taskinstance.py:1238} INFO - 
--------------------------------------------------------------------------------
[2025-12-21 19:26:06,939] {taskinstance.py:1239} INFO - Starting attempt 1 of 2
[2025-12-21 19:26:06,939] {taskinstance.py:1240} INFO - 
--------------------------------------------------------------------------------
[2025-12-21 19:26:06,970] {taskinstance.py:1259} INFO - Executing <Task(PostgresOperator): fill_table__customer> on 2025-12-21 19:24:04.693354+00:00
[2025-12-21 19:26:06,990] {standard_task_runner.py:52} INFO - Started process 84 to run task
[2025-12-21 19:26:07,008] {standard_task_runner.py:76} INFO - Running: ['***', 'tasks', 'run', 'SolovevEgor_HW_05_ds_2025', 'fill_table__customer', 'scheduled__2025-12-21T19:24:04.693354+00:00', '--job-id', '2521', '--raw', '--subdir', 'DAGS_FOLDER/SolovevEgor_HW_06_ds_2025.py', '--cfg-path', '/tmp/tmpbt5ypt8s', '--error-file', '/tmp/tmpo1lgpulu']
[2025-12-21 19:26:07,016] {standard_task_runner.py:77} INFO - Job 2521: Subtask fill_table__customer
[2025-12-21 19:26:07,226] {logging_mixin.py:109} INFO - Running <TaskInstance: SolovevEgor_HW_05_ds_2025.fill_table__customer scheduled__2025-12-21T19:24:04.693354+00:00 [running]> on host 6e44f93f8024
[2025-12-21 19:26:07,352] {taskinstance.py:1426} INFO - Exporting the following env vars:
AIRFLOW_CTX_DAG_OWNER=Solovev Egor
AIRFLOW_CTX_DAG_ID=SolovevEgor_HW_05_ds_2025
AIRFLOW_CTX_TASK_ID=fill_table__customer
AIRFLOW_CTX_EXECUTION_DATE=2025-12-21T19:24:04.693354+00:00
AIRFLOW_CTX_DAG_RUN_ID=scheduled__2025-12-21T19:24:04.693354+00:00
[2025-12-21 19:26:07,375] {base.py:79} INFO - Using connection to: id: postgresql. Host: postgres, Port: 5432, Schema: postgres, Login: ***, Password: ***, extra: {}
[2025-12-21 19:26:07,385] {dbapi.py:225} INFO - Running statement: 
                COPY customer FROM '/opt/***/data_files/customer.csv'
                DELIMITER ';' CSV HEADER;
        , parameters: None
[2025-12-21 19:26:07,431] {dbapi.py:233} INFO - Rows affected: 4000
[2025-12-21 19:26:07,481] {taskinstance.py:1277} INFO - Marking task as SUCCESS. dag_id=SolovevEgor_HW_05_ds_2025, task_id=fill_table__customer, execution_date=20251221T192404, start_date=20251221T192606, end_date=20251221T192607
[2025-12-21 19:26:07,534] {local_task_job.py:154} INFO - Task exited with return code 0
[2025-12-21 19:26:07,646] {local_task_job.py:264} INFO - 0 downstream tasks scheduled from follow-on schedule check
