[2025-12-21 19:18:10,054] {taskinstance.py:1032} INFO - Dependencies all met for <TaskInstance: SolovevEgor_HW_05_ds_2025.fill_table__product scheduled__2025-12-21T19:17:52.427947+00:00 [queued]>
[2025-12-21 19:18:10,069] {taskinstance.py:1032} INFO - Dependencies all met for <TaskInstance: SolovevEgor_HW_05_ds_2025.fill_table__product scheduled__2025-12-21T19:17:52.427947+00:00 [queued]>
[2025-12-21 19:18:10,070] {taskinstance.py:1238} INFO - 
--------------------------------------------------------------------------------
[2025-12-21 19:18:10,070] {taskinstance.py:1239} INFO - Starting attempt 1 of 2
[2025-12-21 19:18:10,070] {taskinstance.py:1240} INFO - 
--------------------------------------------------------------------------------
[2025-12-21 19:18:10,082] {taskinstance.py:1259} INFO - Executing <Task(PostgresOperator): fill_table__product> on 2025-12-21 19:17:52.427947+00:00
[2025-12-21 19:18:10,091] {standard_task_runner.py:76} INFO - Running: ['***', 'tasks', 'run', 'SolovevEgor_HW_05_ds_2025', 'fill_table__product', 'scheduled__2025-12-21T19:17:52.427947+00:00', '--job-id', '2386', '--raw', '--subdir', 'DAGS_FOLDER/SolovevEgor_HW_06_ds_2025.py', '--cfg-path', '/tmp/tmp6cdvtd32', '--error-file', '/tmp/tmpe69uik1h']
[2025-12-21 19:18:10,092] {standard_task_runner.py:77} INFO - Job 2386: Subtask fill_table__product
[2025-12-21 19:18:10,087] {standard_task_runner.py:52} INFO - Started process 270 to run task
[2025-12-21 19:18:10,167] {logging_mixin.py:109} INFO - Running <TaskInstance: SolovevEgor_HW_05_ds_2025.fill_table__product scheduled__2025-12-21T19:17:52.427947+00:00 [running]> on host 73327a86500c
[2025-12-21 19:18:10,235] {taskinstance.py:1426} INFO - Exporting the following env vars:
AIRFLOW_CTX_DAG_OWNER=Solovev Egor
AIRFLOW_CTX_DAG_ID=SolovevEgor_HW_05_ds_2025
AIRFLOW_CTX_TASK_ID=fill_table__product
AIRFLOW_CTX_EXECUTION_DATE=2025-12-21T19:17:52.427947+00:00
AIRFLOW_CTX_DAG_RUN_ID=scheduled__2025-12-21T19:17:52.427947+00:00
[2025-12-21 19:18:10,245] {base.py:79} INFO - Using connection to: id: postgresql. Host: postgres, Port: 5432, Schema: postgres, Login: ***, Password: ***, extra: {}
[2025-12-21 19:18:10,250] {dbapi.py:225} INFO - Running statement: 
                COPY product FROM '/opt/***/data_files/product.csv'
                DELIMITER ',' CSV HEADER;
        , parameters: None
[2025-12-21 19:18:10,252] {dbapi.py:233} INFO - Rows affected: 190
[2025-12-21 19:18:10,279] {taskinstance.py:1277} INFO - Marking task as SUCCESS. dag_id=SolovevEgor_HW_05_ds_2025, task_id=fill_table__product, execution_date=20251221T191752, start_date=20251221T191810, end_date=20251221T191810
[2025-12-21 19:18:10,308] {local_task_job.py:154} INFO - Task exited with return code 0
[2025-12-21 19:18:10,354] {local_task_job.py:264} INFO - 0 downstream tasks scheduled from follow-on schedule check
