[2025-12-21 16:00:31,595] {taskinstance.py:1032} INFO - Dependencies all met for <TaskInstance: HomeWork6.fill_table__order_items manual__2025-12-21T15:55:27.466938+00:00 [queued]>
[2025-12-21 16:00:31,604] {taskinstance.py:1032} INFO - Dependencies all met for <TaskInstance: HomeWork6.fill_table__order_items manual__2025-12-21T15:55:27.466938+00:00 [queued]>
[2025-12-21 16:00:31,605] {taskinstance.py:1238} INFO - 
--------------------------------------------------------------------------------
[2025-12-21 16:00:31,605] {taskinstance.py:1239} INFO - Starting attempt 1 of 2
[2025-12-21 16:00:31,605] {taskinstance.py:1240} INFO - 
--------------------------------------------------------------------------------
[2025-12-21 16:00:31,614] {taskinstance.py:1259} INFO - Executing <Task(PostgresOperator): fill_table__order_items> on 2025-12-21 15:55:27.466938+00:00
[2025-12-21 16:00:31,622] {standard_task_runner.py:76} INFO - Running: ['***', 'tasks', 'run', 'HomeWork6', 'fill_table__order_items', 'manual__2025-12-21T15:55:27.466938+00:00', '--job-id', '169', '--raw', '--subdir', 'DAGS_FOLDER/HomeWork6.py', '--cfg-path', '/tmp/tmp3d1r_9o1', '--error-file', '/tmp/tmphbshzo04']
[2025-12-21 16:00:31,623] {standard_task_runner.py:77} INFO - Job 169: Subtask fill_table__order_items
[2025-12-21 16:00:31,619] {standard_task_runner.py:52} INFO - Started process 2590 to run task
[2025-12-21 16:00:31,692] {logging_mixin.py:109} INFO - Running <TaskInstance: HomeWork6.fill_table__order_items manual__2025-12-21T15:55:27.466938+00:00 [running]> on host ee9896260e3b
[2025-12-21 16:00:31,754] {taskinstance.py:1426} INFO - Exporting the following env vars:
AIRFLOW_CTX_DAG_OWNER=Solovev Egor
AIRFLOW_CTX_DAG_ID=HomeWork6
AIRFLOW_CTX_TASK_ID=fill_table__order_items
AIRFLOW_CTX_EXECUTION_DATE=2025-12-21T15:55:27.466938+00:00
AIRFLOW_CTX_DAG_RUN_ID=manual__2025-12-21T15:55:27.466938+00:00
[2025-12-21 16:00:31,765] {base.py:79} INFO - Using connection to: id: postgresql. Host: postgres, Port: 5432, Schema: postgres, Login: ***, Password: ***, extra: {}
[2025-12-21 16:00:31,771] {dbapi.py:225} INFO - Running statement: 
                COPY order_items FROM '/opt/***/data_files/order_items.csv'
                DELIMITER ',' CSV HEADER;
        , parameters: None
[2025-12-21 16:00:31,841] {dbapi.py:233} INFO - Rows affected: 20000
[2025-12-21 16:00:31,862] {taskinstance.py:1277} INFO - Marking task as SUCCESS. dag_id=HomeWork6, task_id=fill_table__order_items, execution_date=20251221T155527, start_date=20251221T160031, end_date=20251221T160031
[2025-12-21 16:00:31,920] {local_task_job.py:154} INFO - Task exited with return code 0
[2025-12-21 16:00:31,951] {local_task_job.py:264} INFO - 0 downstream tasks scheduled from follow-on schedule check
