[2025-12-21 19:22:10,595] {taskinstance.py:1032} INFO - Dependencies all met for <TaskInstance: SolovevEgor_HW_05_ds_2025.run_query1 scheduled__2025-12-21T19:21:49.693354+00:00 [queued]>
[2025-12-21 19:22:10,607] {taskinstance.py:1032} INFO - Dependencies all met for <TaskInstance: SolovevEgor_HW_05_ds_2025.run_query1 scheduled__2025-12-21T19:21:49.693354+00:00 [queued]>
[2025-12-21 19:22:10,607] {taskinstance.py:1238} INFO - 
--------------------------------------------------------------------------------
[2025-12-21 19:22:10,607] {taskinstance.py:1239} INFO - Starting attempt 1 of 2
[2025-12-21 19:22:10,607] {taskinstance.py:1240} INFO - 
--------------------------------------------------------------------------------
[2025-12-21 19:22:10,616] {taskinstance.py:1259} INFO - Executing <Task(PythonOperator): run_query1> on 2025-12-21 19:21:49.693354+00:00
[2025-12-21 19:22:10,626] {standard_task_runner.py:76} INFO - Running: ['***', 'tasks', 'run', 'SolovevEgor_HW_05_ds_2025', 'run_query1', 'scheduled__2025-12-21T19:21:49.693354+00:00', '--job-id', '2450', '--raw', '--subdir', 'DAGS_FOLDER/SolovevEgor_HW_06_ds_2025.py', '--cfg-path', '/tmp/tmpgykz0f4m', '--error-file', '/tmp/tmpffp67ups']
[2025-12-21 19:22:10,627] {standard_task_runner.py:77} INFO - Job 2450: Subtask run_query1
[2025-12-21 19:22:10,623] {standard_task_runner.py:52} INFO - Started process 190 to run task
[2025-12-21 19:22:10,686] {logging_mixin.py:109} INFO - Running <TaskInstance: SolovevEgor_HW_05_ds_2025.run_query1 scheduled__2025-12-21T19:21:49.693354+00:00 [running]> on host ed73df1569bc
[2025-12-21 19:22:10,740] {taskinstance.py:1426} INFO - Exporting the following env vars:
AIRFLOW_CTX_DAG_OWNER=Solovev Egor
AIRFLOW_CTX_DAG_ID=SolovevEgor_HW_05_ds_2025
AIRFLOW_CTX_TASK_ID=run_query1
AIRFLOW_CTX_EXECUTION_DATE=2025-12-21T19:21:49.693354+00:00
AIRFLOW_CTX_DAG_RUN_ID=scheduled__2025-12-21T19:21:49.693354+00:00
[2025-12-21 19:22:10,976] {base.py:79} INFO - Using connection to: id: postgresql. Host: postgres, Port: 5432, Schema: postgres, Login: ***, Password: ***, extra: {}
[2025-12-21 19:22:11,022] {python.py:175} INFO - Done. Returned value was: 0
[2025-12-21 19:22:11,044] {taskinstance.py:1277} INFO - Marking task as SUCCESS. dag_id=SolovevEgor_HW_05_ds_2025, task_id=run_query1, execution_date=20251221T192149, start_date=20251221T192210, end_date=20251221T192211
[2025-12-21 19:22:11,086] {local_task_job.py:154} INFO - Task exited with return code 0
[2025-12-21 19:22:11,115] {local_task_job.py:264} INFO - 0 downstream tasks scheduled from follow-on schedule check
