[2025-12-21 12:55:57,769] {taskinstance.py:1032} INFO - Dependencies all met for <TaskInstance: my_new_docker_dag.end_message manual__2025-12-21T12:55:55.780927+00:00 [queued]>
[2025-12-21 12:55:57,780] {taskinstance.py:1032} INFO - Dependencies all met for <TaskInstance: my_new_docker_dag.end_message manual__2025-12-21T12:55:55.780927+00:00 [queued]>
[2025-12-21 12:55:57,781] {taskinstance.py:1238} INFO - 
--------------------------------------------------------------------------------
[2025-12-21 12:55:57,781] {taskinstance.py:1239} INFO - Starting attempt 1 of 2
[2025-12-21 12:55:57,781] {taskinstance.py:1240} INFO - 
--------------------------------------------------------------------------------
[2025-12-21 12:55:57,793] {taskinstance.py:1259} INFO - Executing <Task(BashOperator): end_message> on 2025-12-21 12:55:55.780927+00:00
[2025-12-21 12:55:57,803] {standard_task_runner.py:76} INFO - Running: ['***', 'tasks', 'run', 'my_new_docker_dag', 'end_message', 'manual__2025-12-21T12:55:55.780927+00:00', '--job-id', '11', '--raw', '--subdir', 'DAGS_FOLDER/my_new_dag.py', '--cfg-path', '/tmp/tmpizt9frai', '--error-file', '/tmp/tmpd4jj49x8']
[2025-12-21 12:55:57,804] {standard_task_runner.py:77} INFO - Job 11: Subtask end_message
[2025-12-21 12:55:57,797] {standard_task_runner.py:52} INFO - Started process 337 to run task
[2025-12-21 12:55:57,862] {logging_mixin.py:109} INFO - Running <TaskInstance: my_new_docker_dag.end_message manual__2025-12-21T12:55:55.780927+00:00 [running]> on host ee339cd127e9
[2025-12-21 12:55:57,907] {taskinstance.py:1426} INFO - Exporting the following env vars:
AIRFLOW_CTX_DAG_OWNER=***
AIRFLOW_CTX_DAG_ID=my_new_docker_dag
AIRFLOW_CTX_TASK_ID=end_message
AIRFLOW_CTX_EXECUTION_DATE=2025-12-21T12:55:55.780927+00:00
AIRFLOW_CTX_DAG_RUN_ID=manual__2025-12-21T12:55:55.780927+00:00
[2025-12-21 12:55:57,908] {subprocess.py:62} INFO - Tmp dir root location: 
 /tmp
[2025-12-21 12:55:57,909] {subprocess.py:74} INFO - Running command: ['bash', '-c', 'echo "This DAG has finished sucessfully."']
[2025-12-21 12:55:57,917] {subprocess.py:85} INFO - Output:
[2025-12-21 12:55:57,919] {subprocess.py:89} INFO - This DAG has finished sucessfully.
[2025-12-21 12:55:57,919] {subprocess.py:93} INFO - Command exited with return code 0
[2025-12-21 12:55:57,945] {taskinstance.py:1277} INFO - Marking task as SUCCESS. dag_id=my_new_docker_dag, task_id=end_message, execution_date=20251221T125555, start_date=20251221T125557, end_date=20251221T125557
[2025-12-21 12:55:57,980] {local_task_job.py:154} INFO - Task exited with return code 0
[2025-12-21 12:55:58,004] {local_task_job.py:264} INFO - 0 downstream tasks scheduled from follow-on schedule check
