[2025-12-21 14:15:24,229] {taskinstance.py:1032} INFO - Dependencies all met for <TaskInstance: HomeWork6.Create_Tables_customer__order_items__orders__product_ scheduled__2025-12-20T14:15:01.358232+00:00 [queued]>
[2025-12-21 14:15:24,240] {taskinstance.py:1032} INFO - Dependencies all met for <TaskInstance: HomeWork6.Create_Tables_customer__order_items__orders__product_ scheduled__2025-12-20T14:15:01.358232+00:00 [queued]>
[2025-12-21 14:15:24,240] {taskinstance.py:1238} INFO - 
--------------------------------------------------------------------------------
[2025-12-21 14:15:24,240] {taskinstance.py:1239} INFO - Starting attempt 1 of 2
[2025-12-21 14:15:24,240] {taskinstance.py:1240} INFO - 
--------------------------------------------------------------------------------
[2025-12-21 14:15:24,259] {taskinstance.py:1259} INFO - Executing <Task(PostgresOperator): Create_Tables_customer__order_items__orders__product_> on 2025-12-20 14:15:01.358232+00:00
[2025-12-21 14:15:24,268] {standard_task_runner.py:76} INFO - Running: ['***', 'tasks', 'run', 'HomeWork6', 'Create_Tables_customer__order_items__orders__product_', 'scheduled__2025-12-20T14:15:01.358232+00:00', '--job-id', '13', '--raw', '--subdir', 'DAGS_FOLDER/HomeWork6.py', '--cfg-path', '/tmp/tmpfh7nq1ja', '--error-file', '/tmp/tmp91lanz5m']
[2025-12-21 14:15:24,269] {standard_task_runner.py:77} INFO - Job 13: Subtask Create_Tables_customer__order_items__orders__product_
[2025-12-21 14:15:24,264] {standard_task_runner.py:52} INFO - Started process 2118 to run task
[2025-12-21 14:15:24,330] {logging_mixin.py:109} INFO - Running <TaskInstance: HomeWork6.Create_Tables_customer__order_items__orders__product_ scheduled__2025-12-20T14:15:01.358232+00:00 [running]> on host 16edff5d31fa
[2025-12-21 14:15:24,388] {taskinstance.py:1426} INFO - Exporting the following env vars:
AIRFLOW_CTX_DAG_OWNER=Solovev Egor
AIRFLOW_CTX_DAG_ID=HomeWork6
AIRFLOW_CTX_TASK_ID=Create_Tables_customer__order_items__orders__product_
AIRFLOW_CTX_EXECUTION_DATE=2025-12-20T14:15:01.358232+00:00
AIRFLOW_CTX_DAG_RUN_ID=scheduled__2025-12-20T14:15:01.358232+00:00
[2025-12-21 14:15:24,415] {taskinstance.py:1700} ERROR - Task failed with exception
Traceback (most recent call last):
  File "/home/airflow/.local/lib/python3.6/site-packages/airflow/models/taskinstance.py", line 1329, in _run_raw_task
    self._execute_task_with_callbacks(context)
  File "/home/airflow/.local/lib/python3.6/site-packages/airflow/models/taskinstance.py", line 1455, in _execute_task_with_callbacks
    result = self._execute_task(context, self.task)
  File "/home/airflow/.local/lib/python3.6/site-packages/airflow/models/taskinstance.py", line 1511, in _execute_task
    result = execute_callable(context=context)
  File "/home/airflow/.local/lib/python3.6/site-packages/airflow/providers/postgres/operators/postgres.py", line 69, in execute
    self.hook.run(self.sql, self.autocommit, parameters=self.parameters)
  File "/home/airflow/.local/lib/python3.6/site-packages/airflow/hooks/dbapi.py", line 198, in run
    with closing(self.get_conn()) as conn:
  File "/home/airflow/.local/lib/python3.6/site-packages/airflow/providers/postgres/hooks/postgres.py", line 88, in get_conn
    conn = deepcopy(self.connection or self.get_connection(conn_id))
  File "/home/airflow/.local/lib/python3.6/site-packages/airflow/hooks/base.py", line 68, in get_connection
    conn = Connection.get_connection_from_secrets(conn_id)
  File "/home/airflow/.local/lib/python3.6/site-packages/airflow/models/connection.py", line 410, in get_connection_from_secrets
    raise AirflowNotFoundException(f"The conn_id `{conn_id}` isn't defined")
airflow.exceptions.AirflowNotFoundException: The conn_id `postgres` isn't defined
[2025-12-21 14:15:24,422] {taskinstance.py:1277} INFO - Marking task as UP_FOR_RETRY. dag_id=HomeWork6, task_id=Create_Tables_customer__order_items__orders__product_, execution_date=20251220T141501, start_date=20251221T141524, end_date=20251221T141524
[2025-12-21 14:15:24,435] {standard_task_runner.py:92} ERROR - Failed to execute job 13 for task Create_Tables_customer__order_items__orders__product_
Traceback (most recent call last):
  File "/home/airflow/.local/lib/python3.6/site-packages/airflow/task/task_runner/standard_task_runner.py", line 85, in _start_by_fork
    args.func(args, dag=self.dag)
  File "/home/airflow/.local/lib/python3.6/site-packages/airflow/cli/cli_parser.py", line 48, in command
    return func(*args, **kwargs)
  File "/home/airflow/.local/lib/python3.6/site-packages/airflow/utils/cli.py", line 92, in wrapper
    return f(*args, **kwargs)
  File "/home/airflow/.local/lib/python3.6/site-packages/airflow/cli/commands/task_command.py", line 298, in task_run
    _run_task_by_selected_method(args, dag, ti)
  File "/home/airflow/.local/lib/python3.6/site-packages/airflow/cli/commands/task_command.py", line 107, in _run_task_by_selected_method
    _run_raw_task(args, ti)
  File "/home/airflow/.local/lib/python3.6/site-packages/airflow/cli/commands/task_command.py", line 184, in _run_raw_task
    error_file=args.error_file,
  File "/home/airflow/.local/lib/python3.6/site-packages/airflow/utils/session.py", line 70, in wrapper
    return func(*args, session=session, **kwargs)
  File "/home/airflow/.local/lib/python3.6/site-packages/airflow/models/taskinstance.py", line 1329, in _run_raw_task
    self._execute_task_with_callbacks(context)
  File "/home/airflow/.local/lib/python3.6/site-packages/airflow/models/taskinstance.py", line 1455, in _execute_task_with_callbacks
    result = self._execute_task(context, self.task)
  File "/home/airflow/.local/lib/python3.6/site-packages/airflow/models/taskinstance.py", line 1511, in _execute_task
    result = execute_callable(context=context)
  File "/home/airflow/.local/lib/python3.6/site-packages/airflow/providers/postgres/operators/postgres.py", line 69, in execute
    self.hook.run(self.sql, self.autocommit, parameters=self.parameters)
  File "/home/airflow/.local/lib/python3.6/site-packages/airflow/hooks/dbapi.py", line 198, in run
    with closing(self.get_conn()) as conn:
  File "/home/airflow/.local/lib/python3.6/site-packages/airflow/providers/postgres/hooks/postgres.py", line 88, in get_conn
    conn = deepcopy(self.connection or self.get_connection(conn_id))
  File "/home/airflow/.local/lib/python3.6/site-packages/airflow/hooks/base.py", line 68, in get_connection
    conn = Connection.get_connection_from_secrets(conn_id)
  File "/home/airflow/.local/lib/python3.6/site-packages/airflow/models/connection.py", line 410, in get_connection_from_secrets
    raise AirflowNotFoundException(f"The conn_id `{conn_id}` isn't defined")
airflow.exceptions.AirflowNotFoundException: The conn_id `postgres` isn't defined
[2025-12-21 14:15:24,447] {local_task_job.py:154} INFO - Task exited with return code 1
[2025-12-21 14:15:24,486] {local_task_job.py:264} INFO - 0 downstream tasks scheduled from follow-on schedule check
