[2025-12-21 19:30:14,226] {taskinstance.py:1032} INFO - Dependencies all met for <TaskInstance: SolovevEgor_HW_05_ds_2025.fill_table__product scheduled__2025-12-21T19:29:54.571227+00:00 [queued]>
[2025-12-21 19:30:14,242] {taskinstance.py:1032} INFO - Dependencies all met for <TaskInstance: SolovevEgor_HW_05_ds_2025.fill_table__product scheduled__2025-12-21T19:29:54.571227+00:00 [queued]>
[2025-12-21 19:30:14,242] {taskinstance.py:1238} INFO - 
--------------------------------------------------------------------------------
[2025-12-21 19:30:14,242] {taskinstance.py:1239} INFO - Starting attempt 1 of 2
[2025-12-21 19:30:14,243] {taskinstance.py:1240} INFO - 
--------------------------------------------------------------------------------
[2025-12-21 19:30:14,260] {taskinstance.py:1259} INFO - Executing <Task(PostgresOperator): fill_table__product> on 2025-12-21 19:29:54.571227+00:00
[2025-12-21 19:30:14,272] {standard_task_runner.py:76} INFO - Running: ['***', 'tasks', 'run', 'SolovevEgor_HW_05_ds_2025', 'fill_table__product', 'scheduled__2025-12-21T19:29:54.571227+00:00', '--job-id', '2653', '--raw', '--subdir', 'DAGS_FOLDER/SolovevEgor_HW_06_ds_2025.py', '--cfg-path', '/tmp/tmpk_39fiza', '--error-file', '/tmp/tmpwj7a0g9r']
[2025-12-21 19:30:14,273] {standard_task_runner.py:77} INFO - Job 2653: Subtask fill_table__product
[2025-12-21 19:30:14,267] {standard_task_runner.py:52} INFO - Started process 191 to run task
[2025-12-21 19:30:14,368] {logging_mixin.py:109} INFO - Running <TaskInstance: SolovevEgor_HW_05_ds_2025.fill_table__product scheduled__2025-12-21T19:29:54.571227+00:00 [running]> on host 9137b36361c5
[2025-12-21 19:30:14,434] {taskinstance.py:1426} INFO - Exporting the following env vars:
AIRFLOW_CTX_DAG_OWNER=Solovev Egor
AIRFLOW_CTX_DAG_ID=SolovevEgor_HW_05_ds_2025
AIRFLOW_CTX_TASK_ID=fill_table__product
AIRFLOW_CTX_EXECUTION_DATE=2025-12-21T19:29:54.571227+00:00
AIRFLOW_CTX_DAG_RUN_ID=scheduled__2025-12-21T19:29:54.571227+00:00
[2025-12-21 19:30:14,446] {base.py:79} INFO - Using connection to: id: postgresql. Host: postgres, Port: 5432, Schema: postgres, Login: ***, Password: ***, extra: {}
[2025-12-21 19:30:14,451] {dbapi.py:225} INFO - Running statement: 
                COPY product FROM '/opt/***/data_files/product.csv'
                DELIMITER ',' CSV HEADER;
        , parameters: None
[2025-12-21 19:30:14,453] {dbapi.py:233} INFO - Rows affected: 190
[2025-12-21 19:30:14,470] {taskinstance.py:1277} INFO - Marking task as SUCCESS. dag_id=SolovevEgor_HW_05_ds_2025, task_id=fill_table__product, execution_date=20251221T192954, start_date=20251221T193014, end_date=20251221T193014
[2025-12-21 19:30:14,490] {local_task_job.py:154} INFO - Task exited with return code 0
[2025-12-21 19:30:14,547] {local_task_job.py:264} INFO - 0 downstream tasks scheduled from follow-on schedule check
