[2025-12-21 19:54:29,494] {taskinstance.py:1032} INFO - Dependencies all met for <TaskInstance: SolovevEgor_HW_05_ds_2025.run_query1 scheduled__2025-12-21T19:54:04.212630+00:00 [queued]>
[2025-12-21 19:54:29,510] {taskinstance.py:1032} INFO - Dependencies all met for <TaskInstance: SolovevEgor_HW_05_ds_2025.run_query1 scheduled__2025-12-21T19:54:04.212630+00:00 [queued]>
[2025-12-21 19:54:29,511] {taskinstance.py:1238} INFO - 
--------------------------------------------------------------------------------
[2025-12-21 19:54:29,511] {taskinstance.py:1239} INFO - Starting attempt 1 of 2
[2025-12-21 19:54:29,511] {taskinstance.py:1240} INFO - 
--------------------------------------------------------------------------------
[2025-12-21 19:54:29,526] {taskinstance.py:1259} INFO - Executing <Task(PythonOperator): run_query1> on 2025-12-21 19:54:04.212630+00:00
[2025-12-21 19:54:29,539] {standard_task_runner.py:76} INFO - Running: ['***', 'tasks', 'run', 'SolovevEgor_HW_05_ds_2025', 'run_query1', 'scheduled__2025-12-21T19:54:04.212630+00:00', '--job-id', '3225', '--raw', '--subdir', 'DAGS_FOLDER/SolovevEgor_HW_06_ds_2025.py', '--cfg-path', '/tmp/tmpj5hwbseo', '--error-file', '/tmp/tmpkl8f6u3z']
[2025-12-21 19:54:29,540] {standard_task_runner.py:77} INFO - Job 3225: Subtask run_query1
[2025-12-21 19:54:29,531] {standard_task_runner.py:52} INFO - Started process 638 to run task
[2025-12-21 19:54:29,630] {logging_mixin.py:109} INFO - Running <TaskInstance: SolovevEgor_HW_05_ds_2025.run_query1 scheduled__2025-12-21T19:54:04.212630+00:00 [running]> on host f4f0113aed8c
[2025-12-21 19:54:29,707] {taskinstance.py:1426} INFO - Exporting the following env vars:
AIRFLOW_CTX_DAG_OWNER=Solovev Egor
AIRFLOW_CTX_DAG_ID=SolovevEgor_HW_05_ds_2025
AIRFLOW_CTX_TASK_ID=run_query1
AIRFLOW_CTX_EXECUTION_DATE=2025-12-21T19:54:04.212630+00:00
AIRFLOW_CTX_DAG_RUN_ID=scheduled__2025-12-21T19:54:04.212630+00:00
[2025-12-21 19:54:30,170] {base.py:79} INFO - Using connection to: id: postgresql. Host: postgres, Port: 5432, Schema: postgres, Login: ***, Password: ***, extra: {}
[2025-12-21 19:54:30,285] {python.py:175} INFO - Done. Returned value was: 0
[2025-12-21 19:54:30,336] {taskinstance.py:1277} INFO - Marking task as SUCCESS. dag_id=SolovevEgor_HW_05_ds_2025, task_id=run_query1, execution_date=20251221T195404, start_date=20251221T195429, end_date=20251221T195430
[2025-12-21 19:54:30,408] {local_task_job.py:154} INFO - Task exited with return code 0
[2025-12-21 19:54:30,482] {local_task_job.py:264} INFO - 0 downstream tasks scheduled from follow-on schedule check
