[2025-12-21 18:43:46,537] {taskinstance.py:1032} INFO - Dependencies all met for <TaskInstance: SolovevEgor_HW_05_ds_2025.fill_table__customer scheduled__2025-12-21T18:43:13.704608+00:00 [queued]>
[2025-12-21 18:43:46,614] {taskinstance.py:1032} INFO - Dependencies all met for <TaskInstance: SolovevEgor_HW_05_ds_2025.fill_table__customer scheduled__2025-12-21T18:43:13.704608+00:00 [queued]>
[2025-12-21 18:43:46,614] {taskinstance.py:1238} INFO - 
--------------------------------------------------------------------------------
[2025-12-21 18:43:46,615] {taskinstance.py:1239} INFO - Starting attempt 1 of 2
[2025-12-21 18:43:46,615] {taskinstance.py:1240} INFO - 
--------------------------------------------------------------------------------
[2025-12-21 18:43:46,662] {taskinstance.py:1259} INFO - Executing <Task(PostgresOperator): fill_table__customer> on 2025-12-21 18:43:13.704608+00:00
[2025-12-21 18:43:46,690] {standard_task_runner.py:52} INFO - Started process 8719 to run task
[2025-12-21 18:43:46,717] {standard_task_runner.py:76} INFO - Running: ['***', 'tasks', 'run', 'SolovevEgor_HW_05_ds_2025', 'fill_table__customer', 'scheduled__2025-12-21T18:43:13.704608+00:00', '--job-id', '1182', '--raw', '--subdir', 'DAGS_FOLDER/SolovevEgor_HW_06_ds_2025.py', '--cfg-path', '/tmp/tmpy5_ofqo3', '--error-file', '/tmp/tmpmnzzxsp6']
[2025-12-21 18:43:46,719] {standard_task_runner.py:77} INFO - Job 1182: Subtask fill_table__customer
[2025-12-21 18:43:47,033] {logging_mixin.py:109} INFO - Running <TaskInstance: SolovevEgor_HW_05_ds_2025.fill_table__customer scheduled__2025-12-21T18:43:13.704608+00:00 [running]> on host b97b26732d6a
[2025-12-21 18:43:47,386] {taskinstance.py:1426} INFO - Exporting the following env vars:
AIRFLOW_CTX_DAG_OWNER=Solovev Egor
AIRFLOW_CTX_DAG_ID=SolovevEgor_HW_05_ds_2025
AIRFLOW_CTX_TASK_ID=fill_table__customer
AIRFLOW_CTX_EXECUTION_DATE=2025-12-21T18:43:13.704608+00:00
AIRFLOW_CTX_DAG_RUN_ID=scheduled__2025-12-21T18:43:13.704608+00:00
[2025-12-21 18:43:47,448] {base.py:79} INFO - Using connection to: id: postgresql. Host: postgres, Port: 5432, Schema: postgres, Login: ***, Password: ***, extra: {}
[2025-12-21 18:43:47,486] {dbapi.py:225} INFO - Running statement: 
                COPY customer FROM '/opt/***/data_files/customer.csv'
                DELIMITER ';' CSV HEADER;
        , parameters: None
[2025-12-21 18:43:47,663] {dbapi.py:233} INFO - Rows affected: 4000
[2025-12-21 18:43:47,848] {taskinstance.py:1277} INFO - Marking task as SUCCESS. dag_id=SolovevEgor_HW_05_ds_2025, task_id=fill_table__customer, execution_date=20251221T184313, start_date=20251221T184346, end_date=20251221T184347
[2025-12-21 18:43:48,010] {local_task_job.py:154} INFO - Task exited with return code 0
[2025-12-21 18:43:48,287] {local_task_job.py:264} INFO - 0 downstream tasks scheduled from follow-on schedule check
