[2025-12-21 15:44:10,962] {taskinstance.py:1032} INFO - Dependencies all met for <TaskInstance: HomeWork6.fill_table__product manual__2025-12-21T15:44:03.033893+00:00 [queued]>
[2025-12-21 15:44:10,972] {taskinstance.py:1032} INFO - Dependencies all met for <TaskInstance: HomeWork6.fill_table__product manual__2025-12-21T15:44:03.033893+00:00 [queued]>
[2025-12-21 15:44:10,972] {taskinstance.py:1238} INFO - 
--------------------------------------------------------------------------------
[2025-12-21 15:44:10,972] {taskinstance.py:1239} INFO - Starting attempt 1 of 2
[2025-12-21 15:44:10,972] {taskinstance.py:1240} INFO - 
--------------------------------------------------------------------------------
[2025-12-21 15:44:10,990] {taskinstance.py:1259} INFO - Executing <Task(PostgresOperator): fill_table__product> on 2025-12-21 15:44:03.033893+00:00
[2025-12-21 15:44:10,996] {standard_task_runner.py:52} INFO - Started process 1714 to run task
[2025-12-21 15:44:11,000] {standard_task_runner.py:76} INFO - Running: ['***', 'tasks', 'run', 'HomeWork6', 'fill_table__product', 'manual__2025-12-21T15:44:03.033893+00:00', '--job-id', '86', '--raw', '--subdir', 'DAGS_FOLDER/HomeWork6.py', '--cfg-path', '/tmp/tmpeekbb2p_', '--error-file', '/tmp/tmpesil1jd3']
[2025-12-21 15:44:11,000] {standard_task_runner.py:77} INFO - Job 86: Subtask fill_table__product
[2025-12-21 15:44:11,077] {logging_mixin.py:109} INFO - Running <TaskInstance: HomeWork6.fill_table__product manual__2025-12-21T15:44:03.033893+00:00 [running]> on host ee9896260e3b
[2025-12-21 15:44:11,135] {taskinstance.py:1426} INFO - Exporting the following env vars:
AIRFLOW_CTX_DAG_OWNER=Solovev Egor
AIRFLOW_CTX_DAG_ID=HomeWork6
AIRFLOW_CTX_TASK_ID=fill_table__product
AIRFLOW_CTX_EXECUTION_DATE=2025-12-21T15:44:03.033893+00:00
AIRFLOW_CTX_DAG_RUN_ID=manual__2025-12-21T15:44:03.033893+00:00
[2025-12-21 15:44:11,146] {base.py:79} INFO - Using connection to: id: postgresql. Host: postgres, Port: 5432, Schema: postgres, Login: ***, Password: ***, extra: {}
[2025-12-21 15:44:11,152] {dbapi.py:225} INFO - Running statement: 
                COPY product FROM '/opt/***/data_files/product.csv'
                DELIMITER ',' CSV HEADER;
        , parameters: None
[2025-12-21 15:44:11,154] {dbapi.py:233} INFO - Rows affected: 190
[2025-12-21 15:44:11,169] {taskinstance.py:1277} INFO - Marking task as SUCCESS. dag_id=HomeWork6, task_id=fill_table__product, execution_date=20251221T154403, start_date=20251221T154410, end_date=20251221T154411
[2025-12-21 15:44:11,216] {local_task_job.py:154} INFO - Task exited with return code 0
[2025-12-21 15:44:11,247] {local_task_job.py:264} INFO - 0 downstream tasks scheduled from follow-on schedule check
