[2025-12-21 18:38:33,917] {taskinstance.py:1032} INFO - Dependencies all met for <TaskInstance: SolovevEgor_HW_05_ds_2025.fill_table__order_items scheduled__2025-12-21T18:38:10.705625+00:00 [queued]>
[2025-12-21 18:38:33,948] {taskinstance.py:1032} INFO - Dependencies all met for <TaskInstance: SolovevEgor_HW_05_ds_2025.fill_table__order_items scheduled__2025-12-21T18:38:10.705625+00:00 [queued]>
[2025-12-21 18:38:33,948] {taskinstance.py:1238} INFO - 
--------------------------------------------------------------------------------
[2025-12-21 18:38:33,949] {taskinstance.py:1239} INFO - Starting attempt 1 of 2
[2025-12-21 18:38:33,949] {taskinstance.py:1240} INFO - 
--------------------------------------------------------------------------------
[2025-12-21 18:38:33,979] {taskinstance.py:1259} INFO - Executing <Task(PostgresOperator): fill_table__order_items> on 2025-12-21 18:38:10.705625+00:00
[2025-12-21 18:38:33,989] {standard_task_runner.py:52} INFO - Started process 8080 to run task
[2025-12-21 18:38:34,018] {standard_task_runner.py:76} INFO - Running: ['***', 'tasks', 'run', 'SolovevEgor_HW_05_ds_2025', 'fill_table__order_items', 'scheduled__2025-12-21T18:38:10.705625+00:00', '--job-id', '943', '--raw', '--subdir', 'DAGS_FOLDER/SolovevEgor_HW_06_ds_2025.py', '--cfg-path', '/tmp/tmpv0n6usnb', '--error-file', '/tmp/tmpvglzxmlo']
[2025-12-21 18:38:34,019] {standard_task_runner.py:77} INFO - Job 943: Subtask fill_table__order_items
[2025-12-21 18:38:34,313] {logging_mixin.py:109} INFO - Running <TaskInstance: SolovevEgor_HW_05_ds_2025.fill_table__order_items scheduled__2025-12-21T18:38:10.705625+00:00 [running]> on host b97b26732d6a
[2025-12-21 18:38:34,552] {taskinstance.py:1426} INFO - Exporting the following env vars:
AIRFLOW_CTX_DAG_OWNER=Solovev Egor
AIRFLOW_CTX_DAG_ID=SolovevEgor_HW_05_ds_2025
AIRFLOW_CTX_TASK_ID=fill_table__order_items
AIRFLOW_CTX_EXECUTION_DATE=2025-12-21T18:38:10.705625+00:00
AIRFLOW_CTX_DAG_RUN_ID=scheduled__2025-12-21T18:38:10.705625+00:00
[2025-12-21 18:38:34,574] {base.py:79} INFO - Using connection to: id: postgresql. Host: postgres, Port: 5432, Schema: postgres, Login: ***, Password: ***, extra: {}
[2025-12-21 18:38:34,590] {dbapi.py:225} INFO - Running statement: 
                COPY order_items FROM '/opt/***/data_files/order_items.csv'
                DELIMITER ',' CSV HEADER;
        , parameters: None
[2025-12-21 18:38:34,791] {dbapi.py:233} INFO - Rows affected: 20000
[2025-12-21 18:38:34,845] {taskinstance.py:1277} INFO - Marking task as SUCCESS. dag_id=SolovevEgor_HW_05_ds_2025, task_id=fill_table__order_items, execution_date=20251221T183810, start_date=20251221T183833, end_date=20251221T183834
[2025-12-21 18:38:34,943] {local_task_job.py:154} INFO - Task exited with return code 0
[2025-12-21 18:38:35,104] {local_task_job.py:264} INFO - 0 downstream tasks scheduled from follow-on schedule check
