[2025-12-21 15:56:22,808] {taskinstance.py:1032} INFO - Dependencies all met for <TaskInstance: HomeWork6.fill_table__orders manual__2025-12-21T15:56:19.335376+00:00 [queued]>
[2025-12-21 15:56:22,836] {taskinstance.py:1032} INFO - Dependencies all met for <TaskInstance: HomeWork6.fill_table__orders manual__2025-12-21T15:56:19.335376+00:00 [queued]>
[2025-12-21 15:56:22,836] {taskinstance.py:1238} INFO - 
--------------------------------------------------------------------------------
[2025-12-21 15:56:22,836] {taskinstance.py:1239} INFO - Starting attempt 1 of 2
[2025-12-21 15:56:22,837] {taskinstance.py:1240} INFO - 
--------------------------------------------------------------------------------
[2025-12-21 15:56:22,849] {taskinstance.py:1259} INFO - Executing <Task(PostgresOperator): fill_table__orders> on 2025-12-21 15:56:19.335376+00:00
[2025-12-21 15:56:22,855] {standard_task_runner.py:52} INFO - Started process 2342 to run task
[2025-12-21 15:56:22,861] {standard_task_runner.py:76} INFO - Running: ['***', 'tasks', 'run', 'HomeWork6', 'fill_table__orders', 'manual__2025-12-21T15:56:19.335376+00:00', '--job-id', '142', '--raw', '--subdir', 'DAGS_FOLDER/HomeWork6.py', '--cfg-path', '/tmp/tmp25jhkep5', '--error-file', '/tmp/tmpg_7ugn7x']
[2025-12-21 15:56:22,861] {standard_task_runner.py:77} INFO - Job 142: Subtask fill_table__orders
[2025-12-21 15:56:22,965] {logging_mixin.py:109} INFO - Running <TaskInstance: HomeWork6.fill_table__orders manual__2025-12-21T15:56:19.335376+00:00 [running]> on host ee9896260e3b
[2025-12-21 15:56:23,052] {taskinstance.py:1426} INFO - Exporting the following env vars:
AIRFLOW_CTX_DAG_OWNER=Solovev Egor
AIRFLOW_CTX_DAG_ID=HomeWork6
AIRFLOW_CTX_TASK_ID=fill_table__orders
AIRFLOW_CTX_EXECUTION_DATE=2025-12-21T15:56:19.335376+00:00
AIRFLOW_CTX_DAG_RUN_ID=manual__2025-12-21T15:56:19.335376+00:00
[2025-12-21 15:56:23,062] {base.py:79} INFO - Using connection to: id: postgresql. Host: postgres, Port: 5432, Schema: postgres, Login: ***, Password: ***, extra: {}
[2025-12-21 15:56:23,067] {dbapi.py:225} INFO - Running statement: 
                COPY orders FROM '/opt/***/data_files/orders.csv'
                DELIMITER ',' CSV HEADER;
        , parameters: None
[2025-12-21 15:56:23,122] {dbapi.py:233} INFO - Rows affected: 20000
[2025-12-21 15:56:23,151] {taskinstance.py:1277} INFO - Marking task as SUCCESS. dag_id=HomeWork6, task_id=fill_table__orders, execution_date=20251221T155619, start_date=20251221T155622, end_date=20251221T155623
[2025-12-21 15:56:23,193] {local_task_job.py:154} INFO - Task exited with return code 0
[2025-12-21 15:56:23,225] {local_task_job.py:264} INFO - 0 downstream tasks scheduled from follow-on schedule check
[2025-12-21 15:56:23,248] {dagrun.py:545} INFO - Marking run <DagRun HomeWork6 @ 2025-12-21 15:56:19.335376+00:00: manual__2025-12-21T15:56:19.335376+00:00, externally triggered: True> successful
[2025-12-21 15:56:23,251] {dagrun.py:605} INFO - DagRun Finished: dag_id=HomeWork6, execution_date=2025-12-21 15:56:19.335376+00:00, run_id=manual__2025-12-21T15:56:19.335376+00:00, run_start_date=2025-12-21 15:56:19.783110+00:00, run_end_date=2025-12-21 15:56:23.251781+00:00, run_duration=3.468671, state=success, external_trigger=True, run_type=manual, data_interval_start=2025-12-20 15:56:19.335376+00:00, data_interval_end=2025-12-21 15:56:19.335376+00:00, dag_hash=8e1d14d7a09ec68d722164b90871c5e8
