[2025-12-21 18:56:16,675] {taskinstance.py:1032} INFO - Dependencies all met for <TaskInstance: SolovevEgor_HW_05_ds_2025.fill_table__orders scheduled__2025-12-21T18:50:44.167164+00:00 [queued]>
[2025-12-21 18:56:16,767] {taskinstance.py:1032} INFO - Dependencies all met for <TaskInstance: SolovevEgor_HW_05_ds_2025.fill_table__orders scheduled__2025-12-21T18:50:44.167164+00:00 [queued]>
[2025-12-21 18:56:16,768] {taskinstance.py:1238} INFO - 
--------------------------------------------------------------------------------
[2025-12-21 18:56:16,768] {taskinstance.py:1239} INFO - Starting attempt 2 of 2
[2025-12-21 18:56:16,768] {taskinstance.py:1240} INFO - 
--------------------------------------------------------------------------------
[2025-12-21 18:56:16,925] {taskinstance.py:1259} INFO - Executing <Task(PostgresOperator): fill_table__orders> on 2025-12-21 18:50:44.167164+00:00
[2025-12-21 18:56:16,978] {standard_task_runner.py:76} INFO - Running: ['***', 'tasks', 'run', 'SolovevEgor_HW_05_ds_2025', 'fill_table__orders', 'scheduled__2025-12-21T18:50:44.167164+00:00', '--job-id', '1618', '--raw', '--subdir', 'DAGS_FOLDER/SolovevEgor_HW_06_ds_2025.py', '--cfg-path', '/tmp/tmprlzteht2', '--error-file', '/tmp/tmpr4ttrqyq']
[2025-12-21 18:56:16,985] {standard_task_runner.py:77} INFO - Job 1618: Subtask fill_table__orders
[2025-12-21 18:56:16,959] {standard_task_runner.py:52} INFO - Started process 10000 to run task
[2025-12-21 18:56:17,386] {logging_mixin.py:109} INFO - Running <TaskInstance: SolovevEgor_HW_05_ds_2025.fill_table__orders scheduled__2025-12-21T18:50:44.167164+00:00 [running]> on host b97b26732d6a
[2025-12-21 18:56:17,706] {taskinstance.py:1426} INFO - Exporting the following env vars:
AIRFLOW_CTX_DAG_OWNER=Solovev Egor
AIRFLOW_CTX_DAG_ID=SolovevEgor_HW_05_ds_2025
AIRFLOW_CTX_TASK_ID=fill_table__orders
AIRFLOW_CTX_EXECUTION_DATE=2025-12-21T18:50:44.167164+00:00
AIRFLOW_CTX_DAG_RUN_ID=scheduled__2025-12-21T18:50:44.167164+00:00
[2025-12-21 18:56:17,802] {base.py:79} INFO - Using connection to: id: postgresql. Host: postgres, Port: 5432, Schema: postgres, Login: ***, Password: ***, extra: {}
[2025-12-21 18:56:17,835] {dbapi.py:225} INFO - Running statement: 
                COPY orders FROM '/opt/***/data_files/orders.csv'
                DELIMITER ',' CSV HEADER;
        , parameters: None
[2025-12-21 18:56:18,077] {dbapi.py:233} INFO - Rows affected: 20000
[2025-12-21 18:56:17,822] {taskinstance.py:1277} INFO - Marking task as SUCCESS. dag_id=SolovevEgor_HW_05_ds_2025, task_id=fill_table__orders, execution_date=20251221T185044, start_date=20251221T185616, end_date=20251221T185617
[2025-12-21 18:56:17,946] {local_task_job.py:154} INFO - Task exited with return code 0
[2025-12-21 18:56:18,226] {local_task_job.py:264} INFO - 0 downstream tasks scheduled from follow-on schedule check
