[2025-12-21 20:09:10,825] {taskinstance.py:1032} INFO - Dependencies all met for <TaskInstance: SolovevEgor_HW_05_ds_2025.run_query2 manual__2025-12-21T20:09:06.831304+00:00 [queued]>
[2025-12-21 20:09:10,839] {taskinstance.py:1032} INFO - Dependencies all met for <TaskInstance: SolovevEgor_HW_05_ds_2025.run_query2 manual__2025-12-21T20:09:06.831304+00:00 [queued]>
[2025-12-21 20:09:10,839] {taskinstance.py:1238} INFO - 
--------------------------------------------------------------------------------
[2025-12-21 20:09:10,839] {taskinstance.py:1239} INFO - Starting attempt 1 of 2
[2025-12-21 20:09:10,839] {taskinstance.py:1240} INFO - 
--------------------------------------------------------------------------------
[2025-12-21 20:09:10,851] {taskinstance.py:1259} INFO - Executing <Task(PythonOperator): run_query2> on 2025-12-21 20:09:06.831304+00:00
[2025-12-21 20:09:10,861] {standard_task_runner.py:76} INFO - Running: ['***', 'tasks', 'run', 'SolovevEgor_HW_05_ds_2025', 'run_query2', 'manual__2025-12-21T20:09:06.831304+00:00', '--job-id', '3476', '--raw', '--subdir', 'DAGS_FOLDER/SolovevEgor_HW_06_ds_2025.py', '--cfg-path', '/tmp/tmpw5hhv0ww', '--error-file', '/tmp/tmpg6ay2nq3']
[2025-12-21 20:09:10,862] {standard_task_runner.py:77} INFO - Job 3476: Subtask run_query2
[2025-12-21 20:09:10,856] {standard_task_runner.py:52} INFO - Started process 621 to run task
[2025-12-21 20:09:10,924] {logging_mixin.py:109} INFO - Running <TaskInstance: SolovevEgor_HW_05_ds_2025.run_query2 manual__2025-12-21T20:09:06.831304+00:00 [running]> on host 6bc1d04857cc
[2025-12-21 20:09:10,982] {taskinstance.py:1426} INFO - Exporting the following env vars:
AIRFLOW_CTX_DAG_OWNER=Solovev Egor
AIRFLOW_CTX_DAG_ID=SolovevEgor_HW_05_ds_2025
AIRFLOW_CTX_TASK_ID=run_query2
AIRFLOW_CTX_EXECUTION_DATE=2025-12-21T20:09:06.831304+00:00
AIRFLOW_CTX_DAG_RUN_ID=manual__2025-12-21T20:09:06.831304+00:00
[2025-12-21 20:09:10,983] {logging_mixin.py:109} INFO - Выполняется запрос query8.sql в 20251221_200910
[2025-12-21 20:09:11,373] {base.py:79} INFO - Using connection to: id: postgresql. Host: postgres, Port: 5432, Schema: postgres, Login: ***, Password: ***, extra: {}
[2025-12-21 20:09:11,429] {python.py:175} INFO - Done. Returned value was: 0
[2025-12-21 20:09:11,456] {taskinstance.py:1277} INFO - Marking task as SUCCESS. dag_id=SolovevEgor_HW_05_ds_2025, task_id=run_query2, execution_date=20251221T200906, start_date=20251221T200910, end_date=20251221T200911
[2025-12-21 20:09:11,482] {local_task_job.py:154} INFO - Task exited with return code 0
[2025-12-21 20:09:11,512] {local_task_job.py:264} INFO - 0 downstream tasks scheduled from follow-on schedule check
