[2025-12-21 15:59:32,038] {taskinstance.py:1032} INFO - Dependencies all met for <TaskInstance: HomeWork6.fill_table__orders manual__2025-12-21T15:54:17.331195+00:00 [queued]>
[2025-12-21 15:59:32,049] {taskinstance.py:1032} INFO - Dependencies all met for <TaskInstance: HomeWork6.fill_table__orders manual__2025-12-21T15:54:17.331195+00:00 [queued]>
[2025-12-21 15:59:32,050] {taskinstance.py:1238} INFO - 
--------------------------------------------------------------------------------
[2025-12-21 15:59:32,050] {taskinstance.py:1239} INFO - Starting attempt 2 of 2
[2025-12-21 15:59:32,050] {taskinstance.py:1240} INFO - 
--------------------------------------------------------------------------------
[2025-12-21 15:59:32,059] {taskinstance.py:1259} INFO - Executing <Task(PostgresOperator): fill_table__orders> on 2025-12-21 15:54:17.331195+00:00
[2025-12-21 15:59:32,065] {standard_task_runner.py:52} INFO - Started process 2520 to run task
[2025-12-21 15:59:32,071] {standard_task_runner.py:76} INFO - Running: ['***', 'tasks', 'run', 'HomeWork6', 'fill_table__orders', 'manual__2025-12-21T15:54:17.331195+00:00', '--job-id', '154', '--raw', '--subdir', 'DAGS_FOLDER/HomeWork6.py', '--cfg-path', '/tmp/tmpoy3bwnd9', '--error-file', '/tmp/tmpnnov9t3g']
[2025-12-21 15:59:32,071] {standard_task_runner.py:77} INFO - Job 154: Subtask fill_table__orders
[2025-12-21 15:59:32,149] {logging_mixin.py:109} INFO - Running <TaskInstance: HomeWork6.fill_table__orders manual__2025-12-21T15:54:17.331195+00:00 [running]> on host ee9896260e3b
[2025-12-21 15:59:32,214] {taskinstance.py:1426} INFO - Exporting the following env vars:
AIRFLOW_CTX_DAG_OWNER=Solovev Egor
AIRFLOW_CTX_DAG_ID=HomeWork6
AIRFLOW_CTX_TASK_ID=fill_table__orders
AIRFLOW_CTX_EXECUTION_DATE=2025-12-21T15:54:17.331195+00:00
AIRFLOW_CTX_DAG_RUN_ID=manual__2025-12-21T15:54:17.331195+00:00
[2025-12-21 15:59:32,226] {base.py:79} INFO - Using connection to: id: postgresql. Host: postgres, Port: 5432, Schema: postgres, Login: ***, Password: ***, extra: {}
[2025-12-21 15:59:32,235] {dbapi.py:225} INFO - Running statement: 
                COPY orders FROM '/opt/***/data_files/orders.csv'
                DELIMITER ',' CSV HEADER;
        , parameters: None
[2025-12-21 15:59:32,237] {taskinstance.py:1700} ERROR - Task failed with exception
Traceback (most recent call last):
  File "/home/airflow/.local/lib/python3.6/site-packages/airflow/models/taskinstance.py", line 1329, in _run_raw_task
    self._execute_task_with_callbacks(context)
  File "/home/airflow/.local/lib/python3.6/site-packages/airflow/models/taskinstance.py", line 1455, in _execute_task_with_callbacks
    result = self._execute_task(context, self.task)
  File "/home/airflow/.local/lib/python3.6/site-packages/airflow/models/taskinstance.py", line 1511, in _execute_task
    result = execute_callable(context=context)
  File "/home/airflow/.local/lib/python3.6/site-packages/airflow/providers/postgres/operators/postgres.py", line 69, in execute
    self.hook.run(self.sql, self.autocommit, parameters=self.parameters)
  File "/home/airflow/.local/lib/python3.6/site-packages/airflow/hooks/dbapi.py", line 205, in run
    self._run_command(cur, sql_statement, parameters)
  File "/home/airflow/.local/lib/python3.6/site-packages/airflow/hooks/dbapi.py", line 229, in _run_command
    cur.execute(sql_statement)
psycopg2.errors.UndefinedTable: relation "orders" does not exist

[2025-12-21 15:59:32,253] {taskinstance.py:1277} INFO - Marking task as FAILED. dag_id=HomeWork6, task_id=fill_table__orders, execution_date=20251221T155417, start_date=20251221T155932, end_date=20251221T155932
[2025-12-21 15:59:32,267] {standard_task_runner.py:92} ERROR - Failed to execute job 154 for task fill_table__orders
Traceback (most recent call last):
  File "/home/airflow/.local/lib/python3.6/site-packages/airflow/task/task_runner/standard_task_runner.py", line 85, in _start_by_fork
    args.func(args, dag=self.dag)
  File "/home/airflow/.local/lib/python3.6/site-packages/airflow/cli/cli_parser.py", line 48, in command
    return func(*args, **kwargs)
  File "/home/airflow/.local/lib/python3.6/site-packages/airflow/utils/cli.py", line 92, in wrapper
    return f(*args, **kwargs)
  File "/home/airflow/.local/lib/python3.6/site-packages/airflow/cli/commands/task_command.py", line 298, in task_run
    _run_task_by_selected_method(args, dag, ti)
  File "/home/airflow/.local/lib/python3.6/site-packages/airflow/cli/commands/task_command.py", line 107, in _run_task_by_selected_method
    _run_raw_task(args, ti)
  File "/home/airflow/.local/lib/python3.6/site-packages/airflow/cli/commands/task_command.py", line 184, in _run_raw_task
    error_file=args.error_file,
  File "/home/airflow/.local/lib/python3.6/site-packages/airflow/utils/session.py", line 70, in wrapper
    return func(*args, session=session, **kwargs)
  File "/home/airflow/.local/lib/python3.6/site-packages/airflow/models/taskinstance.py", line 1329, in _run_raw_task
    self._execute_task_with_callbacks(context)
  File "/home/airflow/.local/lib/python3.6/site-packages/airflow/models/taskinstance.py", line 1455, in _execute_task_with_callbacks
    result = self._execute_task(context, self.task)
  File "/home/airflow/.local/lib/python3.6/site-packages/airflow/models/taskinstance.py", line 1511, in _execute_task
    result = execute_callable(context=context)
  File "/home/airflow/.local/lib/python3.6/site-packages/airflow/providers/postgres/operators/postgres.py", line 69, in execute
    self.hook.run(self.sql, self.autocommit, parameters=self.parameters)
  File "/home/airflow/.local/lib/python3.6/site-packages/airflow/hooks/dbapi.py", line 205, in run
    self._run_command(cur, sql_statement, parameters)
  File "/home/airflow/.local/lib/python3.6/site-packages/airflow/hooks/dbapi.py", line 229, in _run_command
    cur.execute(sql_statement)
psycopg2.errors.UndefinedTable: relation "orders" does not exist

[2025-12-21 15:59:32,283] {local_task_job.py:154} INFO - Task exited with return code 1
[2025-12-21 15:59:32,318] {local_task_job.py:264} INFO - 0 downstream tasks scheduled from follow-on schedule check
