[2025-12-21 20:37:13,700] {taskinstance.py:1032} INFO - Dependencies all met for <TaskInstance: SolovevEgor_HW_05_ds_2025.fill_table__orders manual__2025-12-21T20:37:10.450870+00:00 [queued]>
[2025-12-21 20:37:13,711] {taskinstance.py:1032} INFO - Dependencies all met for <TaskInstance: SolovevEgor_HW_05_ds_2025.fill_table__orders manual__2025-12-21T20:37:10.450870+00:00 [queued]>
[2025-12-21 20:37:13,711] {taskinstance.py:1238} INFO - 
--------------------------------------------------------------------------------
[2025-12-21 20:37:13,711] {taskinstance.py:1239} INFO - Starting attempt 1 of 2
[2025-12-21 20:37:13,712] {taskinstance.py:1240} INFO - 
--------------------------------------------------------------------------------
[2025-12-21 20:37:13,724] {taskinstance.py:1259} INFO - Executing <Task(PostgresOperator): fill_table__orders> on 2025-12-21 20:37:10.450870+00:00
[2025-12-21 20:37:13,732] {standard_task_runner.py:76} INFO - Running: ['***', 'tasks', 'run', 'SolovevEgor_HW_05_ds_2025', 'fill_table__orders', 'manual__2025-12-21T20:37:10.450870+00:00', '--job-id', '3517', '--raw', '--subdir', 'DAGS_FOLDER/SolovevEgor_HW_06_ds_2025.py', '--cfg-path', '/tmp/tmpgq21wb7k', '--error-file', '/tmp/tmpsu7nrzk3']
[2025-12-21 20:37:13,733] {standard_task_runner.py:77} INFO - Job 3517: Subtask fill_table__orders
[2025-12-21 20:37:13,728] {standard_task_runner.py:52} INFO - Started process 123 to run task
[2025-12-21 20:37:13,797] {logging_mixin.py:109} INFO - Running <TaskInstance: SolovevEgor_HW_05_ds_2025.fill_table__orders manual__2025-12-21T20:37:10.450870+00:00 [running]> on host 5d7f2889b39e
[2025-12-21 20:37:13,854] {taskinstance.py:1426} INFO - Exporting the following env vars:
AIRFLOW_CTX_DAG_OWNER=Solovev Egor
AIRFLOW_CTX_DAG_ID=SolovevEgor_HW_05_ds_2025
AIRFLOW_CTX_TASK_ID=fill_table__orders
AIRFLOW_CTX_EXECUTION_DATE=2025-12-21T20:37:10.450870+00:00
AIRFLOW_CTX_DAG_RUN_ID=manual__2025-12-21T20:37:10.450870+00:00
[2025-12-21 20:37:13,863] {base.py:79} INFO - Using connection to: id: postgresql. Host: postgres, Port: 5432, Schema: postgres, Login: ***, Password: ***, extra: {}
[2025-12-21 20:37:13,868] {dbapi.py:225} INFO - Running statement: 
                COPY orders FROM '/opt/***/data_files/orders.csv'
                DELIMITER ',' CSV HEADER;
        , parameters: None
[2025-12-21 20:37:13,925] {dbapi.py:233} INFO - Rows affected: 20000
[2025-12-21 20:37:13,943] {taskinstance.py:1277} INFO - Marking task as SUCCESS. dag_id=SolovevEgor_HW_05_ds_2025, task_id=fill_table__orders, execution_date=20251221T203710, start_date=20251221T203713, end_date=20251221T203713
[2025-12-21 20:37:13,991] {local_task_job.py:154} INFO - Task exited with return code 0
[2025-12-21 20:37:14,030] {local_task_job.py:264} INFO - 0 downstream tasks scheduled from follow-on schedule check
