[2025-12-21 17:18:25,410] {taskinstance.py:1032} INFO - Dependencies all met for <TaskInstance: SolovevEgor_HW_05_ds_20259834765986593865.fill_table__customer manual__2025-12-21T17:18:21.854040+00:00 [queued]>
[2025-12-21 17:18:25,422] {taskinstance.py:1032} INFO - Dependencies all met for <TaskInstance: SolovevEgor_HW_05_ds_20259834765986593865.fill_table__customer manual__2025-12-21T17:18:21.854040+00:00 [queued]>
[2025-12-21 17:18:25,422] {taskinstance.py:1238} INFO - 
--------------------------------------------------------------------------------
[2025-12-21 17:18:25,422] {taskinstance.py:1239} INFO - Starting attempt 1 of 2
[2025-12-21 17:18:25,422] {taskinstance.py:1240} INFO - 
--------------------------------------------------------------------------------
[2025-12-21 17:18:25,433] {taskinstance.py:1259} INFO - Executing <Task(PostgresOperator): fill_table__customer> on 2025-12-21 17:18:21.854040+00:00
[2025-12-21 17:18:25,442] {standard_task_runner.py:76} INFO - Running: ['***', 'tasks', 'run', 'SolovevEgor_HW_05_ds_20259834765986593865', 'fill_table__customer', 'manual__2025-12-21T17:18:21.854040+00:00', '--job-id', '255', '--raw', '--subdir', 'DAGS_FOLDER/SolovevEgor_HW_06_ds_2025.py', '--cfg-path', '/tmp/tmp2_3nlwnw', '--error-file', '/tmp/tmphnf4_pl5']
[2025-12-21 17:18:25,444] {standard_task_runner.py:77} INFO - Job 255: Subtask fill_table__customer
[2025-12-21 17:18:25,437] {standard_task_runner.py:52} INFO - Started process 3069 to run task
[2025-12-21 17:18:25,515] {logging_mixin.py:109} INFO - Running <TaskInstance: SolovevEgor_HW_05_ds_20259834765986593865.fill_table__customer manual__2025-12-21T17:18:21.854040+00:00 [running]> on host b97b26732d6a
[2025-12-21 17:18:25,613] {taskinstance.py:1426} INFO - Exporting the following env vars:
AIRFLOW_CTX_DAG_OWNER=Solovev Egor
AIRFLOW_CTX_DAG_ID=SolovevEgor_HW_05_ds_20259834765986593865
AIRFLOW_CTX_TASK_ID=fill_table__customer
AIRFLOW_CTX_EXECUTION_DATE=2025-12-21T17:18:21.854040+00:00
AIRFLOW_CTX_DAG_RUN_ID=manual__2025-12-21T17:18:21.854040+00:00
[2025-12-21 17:18:25,628] {base.py:79} INFO - Using connection to: id: postgresql. Host: postgres, Port: 5432, Schema: postgres, Login: ***, Password: ***, extra: {}
[2025-12-21 17:18:25,635] {dbapi.py:225} INFO - Running statement: 
                COPY customer FROM '/opt/***/data_files/customer.csv'
                DELIMITER ';' CSV HEADER;
        , parameters: None
[2025-12-21 17:18:25,652] {dbapi.py:233} INFO - Rows affected: 4000
[2025-12-21 17:18:25,672] {taskinstance.py:1277} INFO - Marking task as SUCCESS. dag_id=SolovevEgor_HW_05_ds_20259834765986593865, task_id=fill_table__customer, execution_date=20251221T171821, start_date=20251221T171825, end_date=20251221T171825
[2025-12-21 17:18:25,702] {local_task_job.py:154} INFO - Task exited with return code 0
[2025-12-21 17:18:25,827] {local_task_job.py:264} INFO - 0 downstream tasks scheduled from follow-on schedule check
