[2025-12-21 10:26:40,282] {taskinstance.py:1032} INFO - Dependencies all met for <TaskInstance: my_new_docker_dag.end_message scheduled__2025-12-20T10:26:20.890113+00:00 [queued]>
[2025-12-21 10:26:40,317] {taskinstance.py:1032} INFO - Dependencies all met for <TaskInstance: my_new_docker_dag.end_message scheduled__2025-12-20T10:26:20.890113+00:00 [queued]>
[2025-12-21 10:26:40,317] {taskinstance.py:1238} INFO - 
--------------------------------------------------------------------------------
[2025-12-21 10:26:40,318] {taskinstance.py:1239} INFO - Starting attempt 1 of 2
[2025-12-21 10:26:40,318] {taskinstance.py:1240} INFO - 
--------------------------------------------------------------------------------
[2025-12-21 10:26:40,379] {taskinstance.py:1259} INFO - Executing <Task(BashOperator): end_message> on 2025-12-20 10:26:20.890113+00:00
[2025-12-21 10:26:40,407] {standard_task_runner.py:76} INFO - Running: ['***', 'tasks', 'run', 'my_new_docker_dag', 'end_message', 'scheduled__2025-12-20T10:26:20.890113+00:00', '--job-id', '3', '--raw', '--subdir', 'DAGS_FOLDER/my_new_dag.py', '--cfg-path', '/tmp/tmp5vmi0cq2', '--error-file', '/tmp/tmp6l42ltar']
[2025-12-21 10:26:40,410] {standard_task_runner.py:77} INFO - Job 3: Subtask end_message
[2025-12-21 10:26:40,391] {standard_task_runner.py:52} INFO - Started process 2643 to run task
[2025-12-21 10:26:40,599] {logging_mixin.py:109} INFO - Running <TaskInstance: my_new_docker_dag.end_message scheduled__2025-12-20T10:26:20.890113+00:00 [running]> on host 85bb2a1a44b9
[2025-12-21 10:26:40,778] {taskinstance.py:1426} INFO - Exporting the following env vars:
AIRFLOW_CTX_DAG_OWNER=***
AIRFLOW_CTX_DAG_ID=my_new_docker_dag
AIRFLOW_CTX_TASK_ID=end_message
AIRFLOW_CTX_EXECUTION_DATE=2025-12-20T10:26:20.890113+00:00
AIRFLOW_CTX_DAG_RUN_ID=scheduled__2025-12-20T10:26:20.890113+00:00
[2025-12-21 10:26:40,781] {subprocess.py:62} INFO - Tmp dir root location: 
 /tmp
[2025-12-21 10:26:40,791] {subprocess.py:74} INFO - Running command: ['bash', '-c', 'echo "This DAG has finished sucessfully."']
[2025-12-21 10:26:40,823] {subprocess.py:85} INFO - Output:
[2025-12-21 10:26:40,827] {subprocess.py:89} INFO - This DAG has finished sucessfully.
[2025-12-21 10:26:40,828] {subprocess.py:93} INFO - Command exited with return code 0
[2025-12-21 10:26:40,940] {taskinstance.py:1277} INFO - Marking task as SUCCESS. dag_id=my_new_docker_dag, task_id=end_message, execution_date=20251220T102620, start_date=20251221T102640, end_date=20251221T102640
[2025-12-21 10:26:41,048] {local_task_job.py:154} INFO - Task exited with return code 0
[2025-12-21 10:26:41,188] {local_task_job.py:264} INFO - 0 downstream tasks scheduled from follow-on schedule check
