[2025-12-21 19:56:54,780] {taskinstance.py:1032} INFO - Dependencies all met for <TaskInstance: SolovevEgor_HW_05_ds_2025.fill_table__product scheduled__2025-12-21T19:56:31.534496+00:00 [queued]>
[2025-12-21 19:56:54,831] {taskinstance.py:1032} INFO - Dependencies all met for <TaskInstance: SolovevEgor_HW_05_ds_2025.fill_table__product scheduled__2025-12-21T19:56:31.534496+00:00 [queued]>
[2025-12-21 19:56:54,831] {taskinstance.py:1238} INFO - 
--------------------------------------------------------------------------------
[2025-12-21 19:56:54,831] {taskinstance.py:1239} INFO - Starting attempt 1 of 2
[2025-12-21 19:56:54,832] {taskinstance.py:1240} INFO - 
--------------------------------------------------------------------------------
[2025-12-21 19:56:54,856] {taskinstance.py:1259} INFO - Executing <Task(PostgresOperator): fill_table__product> on 2025-12-21 19:56:31.534496+00:00
[2025-12-21 19:56:54,875] {standard_task_runner.py:76} INFO - Running: ['***', 'tasks', 'run', 'SolovevEgor_HW_05_ds_2025', 'fill_table__product', 'scheduled__2025-12-21T19:56:31.534496+00:00', '--job-id', '3325', '--raw', '--subdir', 'DAGS_FOLDER/SolovevEgor_HW_06_ds_2025.py', '--cfg-path', '/tmp/tmp8held8wd', '--error-file', '/tmp/tmp92s37k43']
[2025-12-21 19:56:54,877] {standard_task_runner.py:77} INFO - Job 3325: Subtask fill_table__product
[2025-12-21 19:56:54,868] {standard_task_runner.py:52} INFO - Started process 920 to run task
[2025-12-21 19:56:55,071] {logging_mixin.py:109} INFO - Running <TaskInstance: SolovevEgor_HW_05_ds_2025.fill_table__product scheduled__2025-12-21T19:56:31.534496+00:00 [running]> on host f4f0113aed8c
[2025-12-21 19:56:55,212] {taskinstance.py:1426} INFO - Exporting the following env vars:
AIRFLOW_CTX_DAG_OWNER=Solovev Egor
AIRFLOW_CTX_DAG_ID=SolovevEgor_HW_05_ds_2025
AIRFLOW_CTX_TASK_ID=fill_table__product
AIRFLOW_CTX_EXECUTION_DATE=2025-12-21T19:56:31.534496+00:00
AIRFLOW_CTX_DAG_RUN_ID=scheduled__2025-12-21T19:56:31.534496+00:00
[2025-12-21 19:56:55,229] {base.py:79} INFO - Using connection to: id: postgresql. Host: postgres, Port: 5432, Schema: postgres, Login: ***, Password: ***, extra: {}
[2025-12-21 19:56:55,237] {dbapi.py:225} INFO - Running statement: 
                COPY product FROM '/opt/***/data_files/product.csv'
                DELIMITER ',' CSV HEADER;
        , parameters: None
[2025-12-21 19:56:55,239] {dbapi.py:233} INFO - Rows affected: 190
[2025-12-21 19:56:55,287] {taskinstance.py:1277} INFO - Marking task as SUCCESS. dag_id=SolovevEgor_HW_05_ds_2025, task_id=fill_table__product, execution_date=20251221T195631, start_date=20251221T195654, end_date=20251221T195655
[2025-12-21 19:56:55,349] {local_task_job.py:154} INFO - Task exited with return code 0
[2025-12-21 19:56:55,423] {local_task_job.py:264} INFO - 0 downstream tasks scheduled from follow-on schedule check
