[2025-12-21 19:22:10,624] {taskinstance.py:1032} INFO - Dependencies all met for <TaskInstance: SolovevEgor_HW_05_ds_2025.run_query2 scheduled__2025-12-21T19:21:49.693354+00:00 [queued]>
[2025-12-21 19:22:10,633] {taskinstance.py:1032} INFO - Dependencies all met for <TaskInstance: SolovevEgor_HW_05_ds_2025.run_query2 scheduled__2025-12-21T19:21:49.693354+00:00 [queued]>
[2025-12-21 19:22:10,634] {taskinstance.py:1238} INFO - 
--------------------------------------------------------------------------------
[2025-12-21 19:22:10,634] {taskinstance.py:1239} INFO - Starting attempt 1 of 2
[2025-12-21 19:22:10,634] {taskinstance.py:1240} INFO - 
--------------------------------------------------------------------------------
[2025-12-21 19:22:10,645] {taskinstance.py:1259} INFO - Executing <Task(PythonOperator): run_query2> on 2025-12-21 19:21:49.693354+00:00
[2025-12-21 19:22:10,653] {standard_task_runner.py:76} INFO - Running: ['***', 'tasks', 'run', 'SolovevEgor_HW_05_ds_2025', 'run_query2', 'scheduled__2025-12-21T19:21:49.693354+00:00', '--job-id', '2451', '--raw', '--subdir', 'DAGS_FOLDER/SolovevEgor_HW_06_ds_2025.py', '--cfg-path', '/tmp/tmp__qbg1h9', '--error-file', '/tmp/tmp6n2ilpml']
[2025-12-21 19:22:10,653] {standard_task_runner.py:77} INFO - Job 2451: Subtask run_query2
[2025-12-21 19:22:10,649] {standard_task_runner.py:52} INFO - Started process 191 to run task
[2025-12-21 19:22:10,711] {logging_mixin.py:109} INFO - Running <TaskInstance: SolovevEgor_HW_05_ds_2025.run_query2 scheduled__2025-12-21T19:21:49.693354+00:00 [running]> on host ed73df1569bc
[2025-12-21 19:22:10,767] {taskinstance.py:1426} INFO - Exporting the following env vars:
AIRFLOW_CTX_DAG_OWNER=Solovev Egor
AIRFLOW_CTX_DAG_ID=SolovevEgor_HW_05_ds_2025
AIRFLOW_CTX_TASK_ID=run_query2
AIRFLOW_CTX_EXECUTION_DATE=2025-12-21T19:21:49.693354+00:00
AIRFLOW_CTX_DAG_RUN_ID=scheduled__2025-12-21T19:21:49.693354+00:00
[2025-12-21 19:22:11,003] {base.py:79} INFO - Using connection to: id: postgresql. Host: postgres, Port: 5432, Schema: postgres, Login: ***, Password: ***, extra: {}
[2025-12-21 19:22:11,051] {python.py:175} INFO - Done. Returned value was: 0
[2025-12-21 19:22:11,074] {taskinstance.py:1277} INFO - Marking task as SUCCESS. dag_id=SolovevEgor_HW_05_ds_2025, task_id=run_query2, execution_date=20251221T192149, start_date=20251221T192210, end_date=20251221T192211
[2025-12-21 19:22:11,114] {local_task_job.py:154} INFO - Task exited with return code 0
[2025-12-21 19:22:11,147] {local_task_job.py:264} INFO - 0 downstream tasks scheduled from follow-on schedule check
