[2025-12-21 19:23:22,297] {taskinstance.py:1032} INFO - Dependencies all met for <TaskInstance: SolovevEgor_HW_05_ds_2025.fill_table__product scheduled__2025-12-21T19:23:04.693354+00:00 [queued]>
[2025-12-21 19:23:22,307] {taskinstance.py:1032} INFO - Dependencies all met for <TaskInstance: SolovevEgor_HW_05_ds_2025.fill_table__product scheduled__2025-12-21T19:23:04.693354+00:00 [queued]>
[2025-12-21 19:23:22,308] {taskinstance.py:1238} INFO - 
--------------------------------------------------------------------------------
[2025-12-21 19:23:22,308] {taskinstance.py:1239} INFO - Starting attempt 1 of 2
[2025-12-21 19:23:22,308] {taskinstance.py:1240} INFO - 
--------------------------------------------------------------------------------
[2025-12-21 19:23:22,318] {taskinstance.py:1259} INFO - Executing <Task(PostgresOperator): fill_table__product> on 2025-12-21 19:23:04.693354+00:00
[2025-12-21 19:23:22,327] {standard_task_runner.py:76} INFO - Running: ['***', 'tasks', 'run', 'SolovevEgor_HW_05_ds_2025', 'fill_table__product', 'scheduled__2025-12-21T19:23:04.693354+00:00', '--job-id', '2486', '--raw', '--subdir', 'DAGS_FOLDER/SolovevEgor_HW_06_ds_2025.py', '--cfg-path', '/tmp/tmp0ii4x2rd', '--error-file', '/tmp/tmp8ghmglgf']
[2025-12-21 19:23:22,328] {standard_task_runner.py:77} INFO - Job 2486: Subtask fill_table__product
[2025-12-21 19:23:22,323] {standard_task_runner.py:52} INFO - Started process 326 to run task
[2025-12-21 19:23:22,402] {logging_mixin.py:109} INFO - Running <TaskInstance: SolovevEgor_HW_05_ds_2025.fill_table__product scheduled__2025-12-21T19:23:04.693354+00:00 [running]> on host ed73df1569bc
[2025-12-21 19:23:22,469] {taskinstance.py:1426} INFO - Exporting the following env vars:
AIRFLOW_CTX_DAG_OWNER=Solovev Egor
AIRFLOW_CTX_DAG_ID=SolovevEgor_HW_05_ds_2025
AIRFLOW_CTX_TASK_ID=fill_table__product
AIRFLOW_CTX_EXECUTION_DATE=2025-12-21T19:23:04.693354+00:00
AIRFLOW_CTX_DAG_RUN_ID=scheduled__2025-12-21T19:23:04.693354+00:00
[2025-12-21 19:23:22,479] {base.py:79} INFO - Using connection to: id: postgresql. Host: postgres, Port: 5432, Schema: postgres, Login: ***, Password: ***, extra: {}
[2025-12-21 19:23:22,485] {dbapi.py:225} INFO - Running statement: 
                COPY product FROM '/opt/***/data_files/product.csv'
                DELIMITER ',' CSV HEADER;
        , parameters: None
[2025-12-21 19:23:22,487] {dbapi.py:233} INFO - Rows affected: 190
[2025-12-21 19:23:22,516] {taskinstance.py:1277} INFO - Marking task as SUCCESS. dag_id=SolovevEgor_HW_05_ds_2025, task_id=fill_table__product, execution_date=20251221T192304, start_date=20251221T192322, end_date=20251221T192322
[2025-12-21 19:23:22,544] {local_task_job.py:154} INFO - Task exited with return code 0
[2025-12-21 19:23:22,595] {local_task_job.py:264} INFO - 0 downstream tasks scheduled from follow-on schedule check
