[2025-12-21 19:42:25,914] {taskinstance.py:1032} INFO - Dependencies all met for <TaskInstance: SolovevEgor_HW_05_ds_2025.run_query2 scheduled__2025-12-21T19:40:22.579304+00:00 [queued]>
[2025-12-21 19:42:25,956] {taskinstance.py:1032} INFO - Dependencies all met for <TaskInstance: SolovevEgor_HW_05_ds_2025.run_query2 scheduled__2025-12-21T19:40:22.579304+00:00 [queued]>
[2025-12-21 19:42:25,956] {taskinstance.py:1238} INFO - 
--------------------------------------------------------------------------------
[2025-12-21 19:42:25,957] {taskinstance.py:1239} INFO - Starting attempt 1 of 2
[2025-12-21 19:42:25,957] {taskinstance.py:1240} INFO - 
--------------------------------------------------------------------------------
[2025-12-21 19:42:26,019] {taskinstance.py:1259} INFO - Executing <Task(PythonOperator): run_query2> on 2025-12-21 19:40:22.579304+00:00
[2025-12-21 19:42:26,068] {standard_task_runner.py:76} INFO - Running: ['***', 'tasks', 'run', 'SolovevEgor_HW_05_ds_2025', 'run_query2', 'scheduled__2025-12-21T19:40:22.579304+00:00', '--job-id', '2981', '--raw', '--subdir', 'DAGS_FOLDER/SolovevEgor_HW_06_ds_2025.py', '--cfg-path', '/tmp/tmpa1s7vr37', '--error-file', '/tmp/tmp1r9xvoka']
[2025-12-21 19:42:26,076] {standard_task_runner.py:77} INFO - Job 2981: Subtask run_query2
[2025-12-21 19:42:26,047] {standard_task_runner.py:52} INFO - Started process 105 to run task
[2025-12-21 19:42:26,447] {logging_mixin.py:109} INFO - Running <TaskInstance: SolovevEgor_HW_05_ds_2025.run_query2 scheduled__2025-12-21T19:40:22.579304+00:00 [running]> on host 2ff0b5b09a4c
[2025-12-21 19:42:26,704] {taskinstance.py:1426} INFO - Exporting the following env vars:
AIRFLOW_CTX_DAG_OWNER=Solovev Egor
AIRFLOW_CTX_DAG_ID=SolovevEgor_HW_05_ds_2025
AIRFLOW_CTX_TASK_ID=run_query2
AIRFLOW_CTX_EXECUTION_DATE=2025-12-21T19:40:22.579304+00:00
AIRFLOW_CTX_DAG_RUN_ID=scheduled__2025-12-21T19:40:22.579304+00:00
[2025-12-21 19:42:27,914] {base.py:79} INFO - Using connection to: id: postgresql. Host: postgres, Port: 5432, Schema: postgres, Login: ***, Password: ***, extra: {}
[2025-12-21 19:42:28,021] {logging_mixin.py:109} WARNING - [ERROR] Неверный запрос!
[2025-12-21 19:42:28,022] {python.py:175} INFO - Done. Returned value was: 1
[2025-12-21 19:42:28,204] {taskinstance.py:1277} INFO - Marking task as SUCCESS. dag_id=SolovevEgor_HW_05_ds_2025, task_id=run_query2, execution_date=20251221T194022, start_date=20251221T194225, end_date=20251221T194228
[2025-12-21 19:42:28,455] {local_task_job.py:154} INFO - Task exited with return code 0
[2025-12-21 19:42:28,637] {local_task_job.py:264} INFO - 0 downstream tasks scheduled from follow-on schedule check
