[2025-12-21 17:26:28,067] {taskinstance.py:1032} INFO - Dependencies all met for <TaskInstance: SolovevEgor_HW_05_ds_20259834765986593865.fill_table__customer manual__2025-12-21T17:26:24.592102+00:00 [queued]>
[2025-12-21 17:26:28,087] {taskinstance.py:1032} INFO - Dependencies all met for <TaskInstance: SolovevEgor_HW_05_ds_20259834765986593865.fill_table__customer manual__2025-12-21T17:26:24.592102+00:00 [queued]>
[2025-12-21 17:26:28,088] {taskinstance.py:1238} INFO - 
--------------------------------------------------------------------------------
[2025-12-21 17:26:28,088] {taskinstance.py:1239} INFO - Starting attempt 1 of 2
[2025-12-21 17:26:28,088] {taskinstance.py:1240} INFO - 
--------------------------------------------------------------------------------
[2025-12-21 17:26:28,107] {taskinstance.py:1259} INFO - Executing <Task(PostgresOperator): fill_table__customer> on 2025-12-21 17:26:24.592102+00:00
[2025-12-21 17:26:28,131] {standard_task_runner.py:76} INFO - Running: ['***', 'tasks', 'run', 'SolovevEgor_HW_05_ds_20259834765986593865', 'fill_table__customer', 'manual__2025-12-21T17:26:24.592102+00:00', '--job-id', '288', '--raw', '--subdir', 'DAGS_FOLDER/SolovevEgor_HW_06_ds_2025.py', '--cfg-path', '/tmp/tmpbn888h0x', '--error-file', '/tmp/tmptbtvuejz']
[2025-12-21 17:26:28,132] {standard_task_runner.py:77} INFO - Job 288: Subtask fill_table__customer
[2025-12-21 17:26:28,125] {standard_task_runner.py:52} INFO - Started process 3510 to run task
[2025-12-21 17:26:28,222] {logging_mixin.py:109} INFO - Running <TaskInstance: SolovevEgor_HW_05_ds_20259834765986593865.fill_table__customer manual__2025-12-21T17:26:24.592102+00:00 [running]> on host b97b26732d6a
[2025-12-21 17:26:28,297] {taskinstance.py:1426} INFO - Exporting the following env vars:
AIRFLOW_CTX_DAG_OWNER=Solovev Egor
AIRFLOW_CTX_DAG_ID=SolovevEgor_HW_05_ds_20259834765986593865
AIRFLOW_CTX_TASK_ID=fill_table__customer
AIRFLOW_CTX_EXECUTION_DATE=2025-12-21T17:26:24.592102+00:00
AIRFLOW_CTX_DAG_RUN_ID=manual__2025-12-21T17:26:24.592102+00:00
[2025-12-21 17:26:28,310] {base.py:79} INFO - Using connection to: id: postgresql. Host: postgres, Port: 5432, Schema: postgres, Login: ***, Password: ***, extra: {}
[2025-12-21 17:26:28,317] {dbapi.py:225} INFO - Running statement: 
                COPY customer FROM '/opt/***/data_files/customer.csv'
                DELIMITER ';' CSV HEADER;
        , parameters: None
[2025-12-21 17:26:28,340] {dbapi.py:233} INFO - Rows affected: 4000
[2025-12-21 17:26:28,386] {taskinstance.py:1277} INFO - Marking task as SUCCESS. dag_id=SolovevEgor_HW_05_ds_20259834765986593865, task_id=fill_table__customer, execution_date=20251221T172624, start_date=20251221T172628, end_date=20251221T172628
[2025-12-21 17:26:28,431] {local_task_job.py:154} INFO - Task exited with return code 0
[2025-12-21 17:26:28,495] {local_task_job.py:264} INFO - 1 downstream tasks scheduled from follow-on schedule check
