[2025-12-21 15:50:59,284] {taskinstance.py:1032} INFO - Dependencies all met for <TaskInstance: HomeWork6.fill_table__customer manual__2025-12-21T15:45:57.214255+00:00 [queued]>
[2025-12-21 15:50:59,298] {taskinstance.py:1032} INFO - Dependencies all met for <TaskInstance: HomeWork6.fill_table__customer manual__2025-12-21T15:45:57.214255+00:00 [queued]>
[2025-12-21 15:50:59,299] {taskinstance.py:1238} INFO - 
--------------------------------------------------------------------------------
[2025-12-21 15:50:59,299] {taskinstance.py:1239} INFO - Starting attempt 2 of 2
[2025-12-21 15:50:59,299] {taskinstance.py:1240} INFO - 
--------------------------------------------------------------------------------
[2025-12-21 15:50:59,324] {taskinstance.py:1259} INFO - Executing <Task(PostgresOperator): fill_table__customer> on 2025-12-21 15:45:57.214255+00:00
[2025-12-21 15:50:59,332] {standard_task_runner.py:52} INFO - Started process 2020 to run task
[2025-12-21 15:50:59,337] {standard_task_runner.py:76} INFO - Running: ['***', 'tasks', 'run', 'HomeWork6', 'fill_table__customer', 'manual__2025-12-21T15:45:57.214255+00:00', '--job-id', '99', '--raw', '--subdir', 'DAGS_FOLDER/HomeWork6.py', '--cfg-path', '/tmp/tmp57afljqx', '--error-file', '/tmp/tmpo75ac6oo']
[2025-12-21 15:50:59,338] {standard_task_runner.py:77} INFO - Job 99: Subtask fill_table__customer
[2025-12-21 15:50:59,427] {logging_mixin.py:109} INFO - Running <TaskInstance: HomeWork6.fill_table__customer manual__2025-12-21T15:45:57.214255+00:00 [running]> on host ee9896260e3b
[2025-12-21 15:50:59,508] {taskinstance.py:1426} INFO - Exporting the following env vars:
AIRFLOW_CTX_DAG_OWNER=Solovev Egor
AIRFLOW_CTX_DAG_ID=HomeWork6
AIRFLOW_CTX_TASK_ID=fill_table__customer
AIRFLOW_CTX_EXECUTION_DATE=2025-12-21T15:45:57.214255+00:00
AIRFLOW_CTX_DAG_RUN_ID=manual__2025-12-21T15:45:57.214255+00:00
[2025-12-21 15:50:59,521] {base.py:79} INFO - Using connection to: id: postgresql. Host: postgres, Port: 5432, Schema: postgres, Login: ***, Password: ***, extra: {}
[2025-12-21 15:50:59,530] {dbapi.py:225} INFO - Running statement: 
                COPY customer FROM '/opt/***/data_files/customer.csv'
                DELIMITER ';' CSV HEADER;
        , parameters: None
[2025-12-21 15:50:59,531] {taskinstance.py:1700} ERROR - Task failed with exception
Traceback (most recent call last):
  File "/home/airflow/.local/lib/python3.6/site-packages/airflow/models/taskinstance.py", line 1329, in _run_raw_task
    self._execute_task_with_callbacks(context)
  File "/home/airflow/.local/lib/python3.6/site-packages/airflow/models/taskinstance.py", line 1455, in _execute_task_with_callbacks
    result = self._execute_task(context, self.task)
  File "/home/airflow/.local/lib/python3.6/site-packages/airflow/models/taskinstance.py", line 1511, in _execute_task
    result = execute_callable(context=context)
  File "/home/airflow/.local/lib/python3.6/site-packages/airflow/providers/postgres/operators/postgres.py", line 69, in execute
    self.hook.run(self.sql, self.autocommit, parameters=self.parameters)
  File "/home/airflow/.local/lib/python3.6/site-packages/airflow/hooks/dbapi.py", line 205, in run
    self._run_command(cur, sql_statement, parameters)
  File "/home/airflow/.local/lib/python3.6/site-packages/airflow/hooks/dbapi.py", line 229, in _run_command
    cur.execute(sql_statement)
psycopg2.errors.UndefinedTable: relation "customer" does not exist

[2025-12-21 15:50:59,556] {taskinstance.py:1277} INFO - Marking task as FAILED. dag_id=HomeWork6, task_id=fill_table__customer, execution_date=20251221T154557, start_date=20251221T155059, end_date=20251221T155059
[2025-12-21 15:50:59,572] {standard_task_runner.py:92} ERROR - Failed to execute job 99 for task fill_table__customer
Traceback (most recent call last):
  File "/home/airflow/.local/lib/python3.6/site-packages/airflow/task/task_runner/standard_task_runner.py", line 85, in _start_by_fork
    args.func(args, dag=self.dag)
  File "/home/airflow/.local/lib/python3.6/site-packages/airflow/cli/cli_parser.py", line 48, in command
    return func(*args, **kwargs)
  File "/home/airflow/.local/lib/python3.6/site-packages/airflow/utils/cli.py", line 92, in wrapper
    return f(*args, **kwargs)
  File "/home/airflow/.local/lib/python3.6/site-packages/airflow/cli/commands/task_command.py", line 298, in task_run
    _run_task_by_selected_method(args, dag, ti)
  File "/home/airflow/.local/lib/python3.6/site-packages/airflow/cli/commands/task_command.py", line 107, in _run_task_by_selected_method
    _run_raw_task(args, ti)
  File "/home/airflow/.local/lib/python3.6/site-packages/airflow/cli/commands/task_command.py", line 184, in _run_raw_task
    error_file=args.error_file,
  File "/home/airflow/.local/lib/python3.6/site-packages/airflow/utils/session.py", line 70, in wrapper
    return func(*args, session=session, **kwargs)
  File "/home/airflow/.local/lib/python3.6/site-packages/airflow/models/taskinstance.py", line 1329, in _run_raw_task
    self._execute_task_with_callbacks(context)
  File "/home/airflow/.local/lib/python3.6/site-packages/airflow/models/taskinstance.py", line 1455, in _execute_task_with_callbacks
    result = self._execute_task(context, self.task)
  File "/home/airflow/.local/lib/python3.6/site-packages/airflow/models/taskinstance.py", line 1511, in _execute_task
    result = execute_callable(context=context)
  File "/home/airflow/.local/lib/python3.6/site-packages/airflow/providers/postgres/operators/postgres.py", line 69, in execute
    self.hook.run(self.sql, self.autocommit, parameters=self.parameters)
  File "/home/airflow/.local/lib/python3.6/site-packages/airflow/hooks/dbapi.py", line 205, in run
    self._run_command(cur, sql_statement, parameters)
  File "/home/airflow/.local/lib/python3.6/site-packages/airflow/hooks/dbapi.py", line 229, in _run_command
    cur.execute(sql_statement)
psycopg2.errors.UndefinedTable: relation "customer" does not exist

[2025-12-21 15:50:59,596] {local_task_job.py:154} INFO - Task exited with return code 1
[2025-12-21 15:50:59,659] {local_task_job.py:264} INFO - 0 downstream tasks scheduled from follow-on schedule check
