[2025-12-21 18:42:08,392] {taskinstance.py:1032} INFO - Dependencies all met for <TaskInstance: SolovevEgor_HW_05_ds_2025.truncate_tables scheduled__2025-12-21T18:41:46.655398+00:00 [queued]>
[2025-12-21 18:42:08,414] {taskinstance.py:1032} INFO - Dependencies all met for <TaskInstance: SolovevEgor_HW_05_ds_2025.truncate_tables scheduled__2025-12-21T18:41:46.655398+00:00 [queued]>
[2025-12-21 18:42:08,414] {taskinstance.py:1238} INFO - 
--------------------------------------------------------------------------------
[2025-12-21 18:42:08,414] {taskinstance.py:1239} INFO - Starting attempt 1 of 2
[2025-12-21 18:42:08,415] {taskinstance.py:1240} INFO - 
--------------------------------------------------------------------------------
[2025-12-21 18:42:08,439] {taskinstance.py:1259} INFO - Executing <Task(PostgresOperator): truncate_tables> on 2025-12-21 18:41:46.655398+00:00
[2025-12-21 18:42:08,450] {standard_task_runner.py:52} INFO - Started process 8505 to run task
[2025-12-21 18:42:08,471] {standard_task_runner.py:76} INFO - Running: ['***', 'tasks', 'run', 'SolovevEgor_HW_05_ds_2025', 'truncate_tables', 'scheduled__2025-12-21T18:41:46.655398+00:00', '--job-id', '1100', '--raw', '--subdir', 'DAGS_FOLDER/SolovevEgor_HW_06_ds_2025.py', '--cfg-path', '/tmp/tmpp5klnhg6', '--error-file', '/tmp/tmplchf3uo2']
[2025-12-21 18:42:08,472] {standard_task_runner.py:77} INFO - Job 1100: Subtask truncate_tables
[2025-12-21 18:42:08,678] {logging_mixin.py:109} INFO - Running <TaskInstance: SolovevEgor_HW_05_ds_2025.truncate_tables scheduled__2025-12-21T18:41:46.655398+00:00 [running]> on host b97b26732d6a
[2025-12-21 18:42:08,842] {taskinstance.py:1426} INFO - Exporting the following env vars:
AIRFLOW_CTX_DAG_OWNER=Solovev Egor
AIRFLOW_CTX_DAG_ID=SolovevEgor_HW_05_ds_2025
AIRFLOW_CTX_TASK_ID=truncate_tables
AIRFLOW_CTX_EXECUTION_DATE=2025-12-21T18:41:46.655398+00:00
AIRFLOW_CTX_DAG_RUN_ID=scheduled__2025-12-21T18:41:46.655398+00:00
[2025-12-21 18:42:08,869] {base.py:79} INFO - Using connection to: id: postgresql. Host: postgres, Port: 5432, Schema: postgres, Login: ***, Password: ***, extra: {}
[2025-12-21 18:42:08,881] {dbapi.py:225} INFO - Running statement: truncate table customer, order_items, orders, product;, parameters: None
[2025-12-21 18:42:09,148] {taskinstance.py:1277} INFO - Marking task as SUCCESS. dag_id=SolovevEgor_HW_05_ds_2025, task_id=truncate_tables, execution_date=20251221T184146, start_date=20251221T184208, end_date=20251221T184209
[2025-12-21 18:42:09,222] {local_task_job.py:154} INFO - Task exited with return code 0
[2025-12-21 18:42:09,318] {local_task_job.py:264} INFO - 4 downstream tasks scheduled from follow-on schedule check
