[2025-12-21 19:40:13,938] {taskinstance.py:1032} INFO - Dependencies all met for <TaskInstance: SolovevEgor_HW_05_ds_2025.run_query2 scheduled__2025-12-21T19:34:48.891684+00:00 [queued]>
[2025-12-21 19:40:13,962] {taskinstance.py:1032} INFO - Dependencies all met for <TaskInstance: SolovevEgor_HW_05_ds_2025.run_query2 scheduled__2025-12-21T19:34:48.891684+00:00 [queued]>
[2025-12-21 19:40:13,962] {taskinstance.py:1238} INFO - 
--------------------------------------------------------------------------------
[2025-12-21 19:40:13,962] {taskinstance.py:1239} INFO - Starting attempt 2 of 2
[2025-12-21 19:40:13,963] {taskinstance.py:1240} INFO - 
--------------------------------------------------------------------------------
[2025-12-21 19:40:13,994] {taskinstance.py:1259} INFO - Executing <Task(PythonOperator): run_query2> on 2025-12-21 19:34:48.891684+00:00
[2025-12-21 19:40:14,010] {standard_task_runner.py:52} INFO - Started process 790 to run task
[2025-12-21 19:40:14,019] {standard_task_runner.py:76} INFO - Running: ['***', 'tasks', 'run', 'SolovevEgor_HW_05_ds_2025', 'run_query2', 'scheduled__2025-12-21T19:34:48.891684+00:00', '--job-id', '2953', '--raw', '--subdir', 'DAGS_FOLDER/SolovevEgor_HW_06_ds_2025.py', '--cfg-path', '/tmp/tmp0rkyhzcl', '--error-file', '/tmp/tmpinuzb81q']
[2025-12-21 19:40:14,025] {standard_task_runner.py:77} INFO - Job 2953: Subtask run_query2
[2025-12-21 19:40:14,159] {logging_mixin.py:109} INFO - Running <TaskInstance: SolovevEgor_HW_05_ds_2025.run_query2 scheduled__2025-12-21T19:34:48.891684+00:00 [running]> on host 0262ea7a04e5
[2025-12-21 19:40:14,285] {taskinstance.py:1426} INFO - Exporting the following env vars:
AIRFLOW_CTX_DAG_OWNER=Solovev Egor
AIRFLOW_CTX_DAG_ID=SolovevEgor_HW_05_ds_2025
AIRFLOW_CTX_TASK_ID=run_query2
AIRFLOW_CTX_EXECUTION_DATE=2025-12-21T19:34:48.891684+00:00
AIRFLOW_CTX_DAG_RUN_ID=scheduled__2025-12-21T19:34:48.891684+00:00
[2025-12-21 19:40:14,912] {base.py:79} INFO - Using connection to: id: postgresql. Host: postgres, Port: 5432, Schema: postgres, Login: ***, Password: ***, extra: {}
[2025-12-21 19:40:15,033] {python.py:175} INFO - Done. Returned value was: 0
[2025-12-21 19:40:15,082] {taskinstance.py:1277} INFO - Marking task as SUCCESS. dag_id=SolovevEgor_HW_05_ds_2025, task_id=run_query2, execution_date=20251221T193448, start_date=20251221T194013, end_date=20251221T194015
[2025-12-21 19:40:15,190] {local_task_job.py:154} INFO - Task exited with return code 0
[2025-12-21 19:40:15,299] {local_task_job.py:264} INFO - 0 downstream tasks scheduled from follow-on schedule check
