[2025-12-21 20:01:24,948] {taskinstance.py:1032} INFO - Dependencies all met for <TaskInstance: SolovevEgor_HW_05_ds_2025.fill_table__product scheduled__2025-12-21T20:01:04.873629+00:00 [queued]>
[2025-12-21 20:01:24,969] {taskinstance.py:1032} INFO - Dependencies all met for <TaskInstance: SolovevEgor_HW_05_ds_2025.fill_table__product scheduled__2025-12-21T20:01:04.873629+00:00 [queued]>
[2025-12-21 20:01:24,970] {taskinstance.py:1238} INFO - 
--------------------------------------------------------------------------------
[2025-12-21 20:01:24,970] {taskinstance.py:1239} INFO - Starting attempt 1 of 2
[2025-12-21 20:01:24,970] {taskinstance.py:1240} INFO - 
--------------------------------------------------------------------------------
[2025-12-21 20:01:24,987] {taskinstance.py:1259} INFO - Executing <Task(PostgresOperator): fill_table__product> on 2025-12-21 20:01:04.873629+00:00
[2025-12-21 20:01:25,001] {standard_task_runner.py:76} INFO - Running: ['***', 'tasks', 'run', 'SolovevEgor_HW_05_ds_2025', 'fill_table__product', 'scheduled__2025-12-21T20:01:04.873629+00:00', '--job-id', '3408', '--raw', '--subdir', 'DAGS_FOLDER/SolovevEgor_HW_06_ds_2025.py', '--cfg-path', '/tmp/tmprv6j1xu9', '--error-file', '/tmp/tmppvoqk811']
[2025-12-21 20:01:25,003] {standard_task_runner.py:77} INFO - Job 3408: Subtask fill_table__product
[2025-12-21 20:01:24,994] {standard_task_runner.py:52} INFO - Started process 122 to run task
[2025-12-21 20:01:25,104] {logging_mixin.py:109} INFO - Running <TaskInstance: SolovevEgor_HW_05_ds_2025.fill_table__product scheduled__2025-12-21T20:01:04.873629+00:00 [running]> on host 6bc1d04857cc
[2025-12-21 20:01:25,202] {taskinstance.py:1426} INFO - Exporting the following env vars:
AIRFLOW_CTX_DAG_OWNER=Solovev Egor
AIRFLOW_CTX_DAG_ID=SolovevEgor_HW_05_ds_2025
AIRFLOW_CTX_TASK_ID=fill_table__product
AIRFLOW_CTX_EXECUTION_DATE=2025-12-21T20:01:04.873629+00:00
AIRFLOW_CTX_DAG_RUN_ID=scheduled__2025-12-21T20:01:04.873629+00:00
[2025-12-21 20:01:25,218] {base.py:79} INFO - Using connection to: id: postgresql. Host: postgres, Port: 5432, Schema: postgres, Login: ***, Password: ***, extra: {}
[2025-12-21 20:01:25,225] {dbapi.py:225} INFO - Running statement: 
                COPY product FROM '/opt/***/data_files/product.csv'
                DELIMITER ',' CSV HEADER;
        , parameters: None
[2025-12-21 20:01:25,227] {dbapi.py:233} INFO - Rows affected: 190
[2025-12-21 20:01:25,269] {taskinstance.py:1277} INFO - Marking task as SUCCESS. dag_id=SolovevEgor_HW_05_ds_2025, task_id=fill_table__product, execution_date=20251221T200104, start_date=20251221T200124, end_date=20251221T200125
[2025-12-21 20:01:25,311] {local_task_job.py:154} INFO - Task exited with return code 0
[2025-12-21 20:01:25,682] {local_task_job.py:264} INFO - 0 downstream tasks scheduled from follow-on schedule check
