[2025-12-21 18:53:09,139] {taskinstance.py:1032} INFO - Dependencies all met for <TaskInstance: SolovevEgor_HW_05_ds_2025.fill_table__orders scheduled__2025-12-21T18:52:40.650007+00:00 [queued]>
[2025-12-21 18:53:09,195] {taskinstance.py:1032} INFO - Dependencies all met for <TaskInstance: SolovevEgor_HW_05_ds_2025.fill_table__orders scheduled__2025-12-21T18:52:40.650007+00:00 [queued]>
[2025-12-21 18:53:09,195] {taskinstance.py:1238} INFO - 
--------------------------------------------------------------------------------
[2025-12-21 18:53:09,196] {taskinstance.py:1239} INFO - Starting attempt 1 of 2
[2025-12-21 18:53:09,196] {taskinstance.py:1240} INFO - 
--------------------------------------------------------------------------------
[2025-12-21 18:53:09,248] {taskinstance.py:1259} INFO - Executing <Task(PostgresOperator): fill_table__orders> on 2025-12-21 18:52:40.650007+00:00
[2025-12-21 18:53:09,310] {standard_task_runner.py:76} INFO - Running: ['***', 'tasks', 'run', 'SolovevEgor_HW_05_ds_2025', 'fill_table__orders', 'scheduled__2025-12-21T18:52:40.650007+00:00', '--job-id', '1484', '--raw', '--subdir', 'DAGS_FOLDER/SolovevEgor_HW_06_ds_2025.py', '--cfg-path', '/tmp/tmpvj1_cqdw', '--error-file', '/tmp/tmpyuawxjh8']
[2025-12-21 18:53:09,313] {standard_task_runner.py:77} INFO - Job 1484: Subtask fill_table__orders
[2025-12-21 18:53:09,289] {standard_task_runner.py:52} INFO - Started process 9643 to run task
[2025-12-21 18:53:09,664] {logging_mixin.py:109} INFO - Running <TaskInstance: SolovevEgor_HW_05_ds_2025.fill_table__orders scheduled__2025-12-21T18:52:40.650007+00:00 [running]> on host b97b26732d6a
[2025-12-21 18:53:10,024] {taskinstance.py:1426} INFO - Exporting the following env vars:
AIRFLOW_CTX_DAG_OWNER=Solovev Egor
AIRFLOW_CTX_DAG_ID=SolovevEgor_HW_05_ds_2025
AIRFLOW_CTX_TASK_ID=fill_table__orders
AIRFLOW_CTX_EXECUTION_DATE=2025-12-21T18:52:40.650007+00:00
AIRFLOW_CTX_DAG_RUN_ID=scheduled__2025-12-21T18:52:40.650007+00:00
[2025-12-21 18:53:10,075] {base.py:79} INFO - Using connection to: id: postgresql. Host: postgres, Port: 5432, Schema: postgres, Login: ***, Password: ***, extra: {}
[2025-12-21 18:53:10,110] {dbapi.py:225} INFO - Running statement: 
                COPY orders FROM '/opt/***/data_files/orders.csv'
                DELIMITER ',' CSV HEADER;
        , parameters: None
[2025-12-21 18:53:10,551] {dbapi.py:233} INFO - Rows affected: 20000
[2025-12-21 18:53:10,640] {taskinstance.py:1277} INFO - Marking task as SUCCESS. dag_id=SolovevEgor_HW_05_ds_2025, task_id=fill_table__orders, execution_date=20251221T185240, start_date=20251221T185309, end_date=20251221T185310
[2025-12-21 18:53:10,786] {local_task_job.py:154} INFO - Task exited with return code 0
[2025-12-21 18:53:11,157] {local_task_job.py:264} INFO - 0 downstream tasks scheduled from follow-on schedule check
