[2025-12-21 19:08:57,927] {taskinstance.py:1032} INFO - Dependencies all met for <TaskInstance: SolovevEgor_HW_05_ds_2025.run_query1 scheduled__2025-12-21T19:08:38.858510+00:00 [queued]>
[2025-12-21 19:08:57,937] {taskinstance.py:1032} INFO - Dependencies all met for <TaskInstance: SolovevEgor_HW_05_ds_2025.run_query1 scheduled__2025-12-21T19:08:38.858510+00:00 [queued]>
[2025-12-21 19:08:57,938] {taskinstance.py:1238} INFO - 
--------------------------------------------------------------------------------
[2025-12-21 19:08:57,938] {taskinstance.py:1239} INFO - Starting attempt 1 of 2
[2025-12-21 19:08:57,938] {taskinstance.py:1240} INFO - 
--------------------------------------------------------------------------------
[2025-12-21 19:08:57,950] {taskinstance.py:1259} INFO - Executing <Task(PythonOperator): run_query1> on 2025-12-21 19:08:38.858510+00:00
[2025-12-21 19:08:57,960] {standard_task_runner.py:76} INFO - Running: ['***', 'tasks', 'run', 'SolovevEgor_HW_05_ds_2025', 'run_query1', 'scheduled__2025-12-21T19:08:38.858510+00:00', '--job-id', '2094', '--raw', '--subdir', 'DAGS_FOLDER/SolovevEgor_HW_06_ds_2025.py', '--cfg-path', '/tmp/tmp6n7n709u', '--error-file', '/tmp/tmp19p323ve']
[2025-12-21 19:08:57,962] {standard_task_runner.py:77} INFO - Job 2094: Subtask run_query1
[2025-12-21 19:08:57,955] {standard_task_runner.py:52} INFO - Started process 11435 to run task
[2025-12-21 19:08:58,021] {logging_mixin.py:109} INFO - Running <TaskInstance: SolovevEgor_HW_05_ds_2025.run_query1 scheduled__2025-12-21T19:08:38.858510+00:00 [running]> on host b97b26732d6a
[2025-12-21 19:08:58,073] {taskinstance.py:1426} INFO - Exporting the following env vars:
AIRFLOW_CTX_DAG_OWNER=Solovev Egor
AIRFLOW_CTX_DAG_ID=SolovevEgor_HW_05_ds_2025
AIRFLOW_CTX_TASK_ID=run_query1
AIRFLOW_CTX_EXECUTION_DATE=2025-12-21T19:08:38.858510+00:00
AIRFLOW_CTX_DAG_RUN_ID=scheduled__2025-12-21T19:08:38.858510+00:00
[2025-12-21 19:08:58,341] {base.py:79} INFO - Using connection to: id: postgresql. Host: postgres, Port: 5432, Schema: postgres, Login: ***, Password: ***, extra: {}
[2025-12-21 19:08:58,393] {logging_mixin.py:109} INFO - Текущая директория: /opt/***
[2025-12-21 19:08:58,394] {logging_mixin.py:109} INFO - Полный путь: /opt/***/query5.sql
[2025-12-21 19:08:58,394] {python.py:175} INFO - Done. Returned value was: 1234567
[2025-12-21 19:08:58,415] {taskinstance.py:1277} INFO - Marking task as SUCCESS. dag_id=SolovevEgor_HW_05_ds_2025, task_id=run_query1, execution_date=20251221T190838, start_date=20251221T190857, end_date=20251221T190858
[2025-12-21 19:08:58,461] {local_task_job.py:154} INFO - Task exited with return code 0
[2025-12-21 19:08:58,490] {local_task_job.py:264} INFO - 0 downstream tasks scheduled from follow-on schedule check
