[2025-12-21 19:12:42,856] {taskinstance.py:1032} INFO - Dependencies all met for <TaskInstance: SolovevEgor_HW_05_ds_2025.fill_table__order_items scheduled__2025-12-21T19:12:23.858510+00:00 [queued]>
[2025-12-21 19:12:42,870] {taskinstance.py:1032} INFO - Dependencies all met for <TaskInstance: SolovevEgor_HW_05_ds_2025.fill_table__order_items scheduled__2025-12-21T19:12:23.858510+00:00 [queued]>
[2025-12-21 19:12:42,870] {taskinstance.py:1238} INFO - 
--------------------------------------------------------------------------------
[2025-12-21 19:12:42,870] {taskinstance.py:1239} INFO - Starting attempt 1 of 2
[2025-12-21 19:12:42,870] {taskinstance.py:1240} INFO - 
--------------------------------------------------------------------------------
[2025-12-21 19:12:42,881] {taskinstance.py:1259} INFO - Executing <Task(PostgresOperator): fill_table__order_items> on 2025-12-21 19:12:23.858510+00:00
[2025-12-21 19:12:42,892] {standard_task_runner.py:76} INFO - Running: ['***', 'tasks', 'run', 'SolovevEgor_HW_05_ds_2025', 'fill_table__order_items', 'scheduled__2025-12-21T19:12:23.858510+00:00', '--job-id', '2220', '--raw', '--subdir', 'DAGS_FOLDER/SolovevEgor_HW_06_ds_2025.py', '--cfg-path', '/tmp/tmpynmsocis', '--error-file', '/tmp/tmp76kon9vt']
[2025-12-21 19:12:42,893] {standard_task_runner.py:77} INFO - Job 2220: Subtask fill_table__order_items
[2025-12-21 19:12:42,887] {standard_task_runner.py:52} INFO - Started process 11864 to run task
[2025-12-21 19:12:42,962] {logging_mixin.py:109} INFO - Running <TaskInstance: SolovevEgor_HW_05_ds_2025.fill_table__order_items scheduled__2025-12-21T19:12:23.858510+00:00 [running]> on host b97b26732d6a
[2025-12-21 19:12:43,034] {taskinstance.py:1426} INFO - Exporting the following env vars:
AIRFLOW_CTX_DAG_OWNER=Solovev Egor
AIRFLOW_CTX_DAG_ID=SolovevEgor_HW_05_ds_2025
AIRFLOW_CTX_TASK_ID=fill_table__order_items
AIRFLOW_CTX_EXECUTION_DATE=2025-12-21T19:12:23.858510+00:00
AIRFLOW_CTX_DAG_RUN_ID=scheduled__2025-12-21T19:12:23.858510+00:00
[2025-12-21 19:12:43,046] {base.py:79} INFO - Using connection to: id: postgresql. Host: postgres, Port: 5432, Schema: postgres, Login: ***, Password: ***, extra: {}
[2025-12-21 19:12:43,052] {dbapi.py:225} INFO - Running statement: 
                COPY order_items FROM '/opt/***/data_files/order_items.csv'
                DELIMITER ',' CSV HEADER;
        , parameters: None
[2025-12-21 19:12:43,112] {dbapi.py:233} INFO - Rows affected: 20000
[2025-12-21 19:12:43,143] {taskinstance.py:1277} INFO - Marking task as SUCCESS. dag_id=SolovevEgor_HW_05_ds_2025, task_id=fill_table__order_items, execution_date=20251221T191223, start_date=20251221T191242, end_date=20251221T191243
[2025-12-21 19:12:43,190] {local_task_job.py:154} INFO - Task exited with return code 0
[2025-12-21 19:12:43,221] {local_task_job.py:264} INFO - 2 downstream tasks scheduled from follow-on schedule check
