[2025-12-21 18:13:16,017] {taskinstance.py:1032} INFO - Dependencies all met for <TaskInstance: SolovevEgor_HW_05_ds_2025.fill_table__order_items scheduled__2025-12-21T18:12:57.291768+00:00 [queued]>
[2025-12-21 18:13:16,035] {taskinstance.py:1032} INFO - Dependencies all met for <TaskInstance: SolovevEgor_HW_05_ds_2025.fill_table__order_items scheduled__2025-12-21T18:12:57.291768+00:00 [queued]>
[2025-12-21 18:13:16,035] {taskinstance.py:1238} INFO - 
--------------------------------------------------------------------------------
[2025-12-21 18:13:16,035] {taskinstance.py:1239} INFO - Starting attempt 1 of 2
[2025-12-21 18:13:16,035] {taskinstance.py:1240} INFO - 
--------------------------------------------------------------------------------
[2025-12-21 18:13:16,050] {taskinstance.py:1259} INFO - Executing <Task(PostgresOperator): fill_table__order_items> on 2025-12-21 18:12:57.291768+00:00
[2025-12-21 18:13:16,058] {standard_task_runner.py:52} INFO - Started process 6097 to run task
[2025-12-21 18:13:16,063] {standard_task_runner.py:76} INFO - Running: ['***', 'tasks', 'run', 'SolovevEgor_HW_05_ds_2025', 'fill_table__order_items', 'scheduled__2025-12-21T18:12:57.291768+00:00', '--job-id', '448', '--raw', '--subdir', 'DAGS_FOLDER/SolovevEgor_HW_06_ds_2025.py', '--cfg-path', '/tmp/tmplf2172gm', '--error-file', '/tmp/tmp34wwn4t9']
[2025-12-21 18:13:16,064] {standard_task_runner.py:77} INFO - Job 448: Subtask fill_table__order_items
[2025-12-21 18:13:16,137] {logging_mixin.py:109} INFO - Running <TaskInstance: SolovevEgor_HW_05_ds_2025.fill_table__order_items scheduled__2025-12-21T18:12:57.291768+00:00 [running]> on host b97b26732d6a
[2025-12-21 18:13:16,198] {taskinstance.py:1426} INFO - Exporting the following env vars:
AIRFLOW_CTX_DAG_OWNER=Solovev Egor
AIRFLOW_CTX_DAG_ID=SolovevEgor_HW_05_ds_2025
AIRFLOW_CTX_TASK_ID=fill_table__order_items
AIRFLOW_CTX_EXECUTION_DATE=2025-12-21T18:12:57.291768+00:00
AIRFLOW_CTX_DAG_RUN_ID=scheduled__2025-12-21T18:12:57.291768+00:00
[2025-12-21 18:13:16,209] {base.py:79} INFO - Using connection to: id: postgresql. Host: postgres, Port: 5432, Schema: postgres, Login: ***, Password: ***, extra: {}
[2025-12-21 18:13:16,215] {dbapi.py:225} INFO - Running statement: 
                COPY order_items FROM '/opt/***/data_files/order_items.csv'
                DELIMITER ',' CSV HEADER;
        , parameters: None
[2025-12-21 18:13:16,277] {dbapi.py:233} INFO - Rows affected: 20000
[2025-12-21 18:13:16,293] {taskinstance.py:1277} INFO - Marking task as SUCCESS. dag_id=SolovevEgor_HW_05_ds_2025, task_id=fill_table__order_items, execution_date=20251221T181257, start_date=20251221T181316, end_date=20251221T181316
[2025-12-21 18:13:16,316] {local_task_job.py:154} INFO - Task exited with return code 0
[2025-12-21 18:13:16,350] {local_task_job.py:264} INFO - 0 downstream tasks scheduled from follow-on schedule check
