[2025-12-21 19:55:09,992] {taskinstance.py:1032} INFO - Dependencies all met for <TaskInstance: SolovevEgor_HW_05_ds_2025.fill_table__customer manual__2025-12-21T19:55:01.999248+00:00 [queued]>
[2025-12-21 19:55:10,049] {taskinstance.py:1032} INFO - Dependencies all met for <TaskInstance: SolovevEgor_HW_05_ds_2025.fill_table__customer manual__2025-12-21T19:55:01.999248+00:00 [queued]>
[2025-12-21 19:55:10,050] {taskinstance.py:1238} INFO - 
--------------------------------------------------------------------------------
[2025-12-21 19:55:10,050] {taskinstance.py:1239} INFO - Starting attempt 1 of 2
[2025-12-21 19:55:10,050] {taskinstance.py:1240} INFO - 
--------------------------------------------------------------------------------
[2025-12-21 19:55:10,105] {taskinstance.py:1259} INFO - Executing <Task(PostgresOperator): fill_table__customer> on 2025-12-21 19:55:01.999248+00:00
[2025-12-21 19:55:10,130] {standard_task_runner.py:76} INFO - Running: ['***', 'tasks', 'run', 'SolovevEgor_HW_05_ds_2025', 'fill_table__customer', 'manual__2025-12-21T19:55:01.999248+00:00', '--job-id', '3253', '--raw', '--subdir', 'DAGS_FOLDER/SolovevEgor_HW_06_ds_2025.py', '--cfg-path', '/tmp/tmp_0olbnwm', '--error-file', '/tmp/tmpw944nxf_']
[2025-12-21 19:55:10,115] {standard_task_runner.py:52} INFO - Started process 715 to run task
[2025-12-21 19:55:10,132] {standard_task_runner.py:77} INFO - Job 3253: Subtask fill_table__customer
[2025-12-21 19:55:10,285] {logging_mixin.py:109} INFO - Running <TaskInstance: SolovevEgor_HW_05_ds_2025.fill_table__customer manual__2025-12-21T19:55:01.999248+00:00 [running]> on host f4f0113aed8c
[2025-12-21 19:55:10,444] {taskinstance.py:1426} INFO - Exporting the following env vars:
AIRFLOW_CTX_DAG_OWNER=Solovev Egor
AIRFLOW_CTX_DAG_ID=SolovevEgor_HW_05_ds_2025
AIRFLOW_CTX_TASK_ID=fill_table__customer
AIRFLOW_CTX_EXECUTION_DATE=2025-12-21T19:55:01.999248+00:00
AIRFLOW_CTX_DAG_RUN_ID=manual__2025-12-21T19:55:01.999248+00:00
[2025-12-21 19:55:10,470] {base.py:79} INFO - Using connection to: id: postgresql. Host: postgres, Port: 5432, Schema: postgres, Login: ***, Password: ***, extra: {}
[2025-12-21 19:55:10,481] {dbapi.py:225} INFO - Running statement: 
                COPY customer FROM '/opt/***/data_files/customer.csv'
                DELIMITER ';' CSV HEADER;
        , parameters: None
[2025-12-21 19:55:10,523] {dbapi.py:233} INFO - Rows affected: 4000
[2025-12-21 19:55:10,568] {taskinstance.py:1277} INFO - Marking task as SUCCESS. dag_id=SolovevEgor_HW_05_ds_2025, task_id=fill_table__customer, execution_date=20251221T195501, start_date=20251221T195510, end_date=20251221T195510
[2025-12-21 19:55:10,651] {local_task_job.py:154} INFO - Task exited with return code 0
[2025-12-21 19:55:10,737] {local_task_job.py:264} INFO - 0 downstream tasks scheduled from follow-on schedule check
