[2025-12-12 12:28:52,561] {processor.py:163} INFO - Started process (PID=69) to work on /home/airflow/.local/lib/python3.6/site-packages/airflow/example_dags/example_subdag_operator.py
[2025-12-12 12:28:52,562] {processor.py:642} INFO - Processing file /home/airflow/.local/lib/python3.6/site-packages/airflow/example_dags/example_subdag_operator.py for tasks to queue
[2025-12-12 12:28:52,562] {logging_mixin.py:109} INFO - [2025-12-12 12:28:52,562] {dagbag.py:500} INFO - Filling up the DagBag from /home/airflow/.local/lib/python3.6/site-packages/airflow/example_dags/example_subdag_operator.py
[2025-12-12 12:28:52,610] {processor.py:654} INFO - DAG(s) dict_keys(['example_subdag_operator.section-1', 'example_subdag_operator.section-2', 'example_subdag_operator']) retrieved from /home/airflow/.local/lib/python3.6/site-packages/airflow/example_dags/example_subdag_operator.py
[2025-12-12 12:28:54,398] {logging_mixin.py:109} INFO - [2025-12-12 12:28:54,398] {manager.py:496} INFO - Created Permission View: can edit on DAG:example_subdag_operator
[2025-12-12 12:28:54,405] {logging_mixin.py:109} INFO - [2025-12-12 12:28:54,405] {manager.py:496} INFO - Created Permission View: can read on DAG:example_subdag_operator
[2025-12-12 12:28:54,406] {logging_mixin.py:109} INFO - [2025-12-12 12:28:54,405] {dag.py:2396} INFO - Sync 3 DAGs
[2025-12-12 12:28:54,414] {logging_mixin.py:109} INFO - [2025-12-12 12:28:54,414] {dag.py:2415} INFO - Creating ORM DAG for example_subdag_operator
[2025-12-12 12:28:54,415] {logging_mixin.py:109} INFO - [2025-12-12 12:28:54,415] {dag.py:2415} INFO - Creating ORM DAG for example_subdag_operator.section-2
[2025-12-12 12:28:54,415] {logging_mixin.py:109} INFO - [2025-12-12 12:28:54,415] {dag.py:2415} INFO - Creating ORM DAG for example_subdag_operator.section-1
[2025-12-12 12:28:54,421] {logging_mixin.py:109} INFO - [2025-12-12 12:28:54,421] {dag.py:2935} INFO - Setting next_dagrun for example_subdag_operator to 2025-12-10T00:00:00+00:00
[2025-12-12 12:28:54,421] {logging_mixin.py:109} INFO - [2025-12-12 12:28:54,421] {dag.py:2935} INFO - Setting next_dagrun for example_subdag_operator.section-1 to None
[2025-12-12 12:28:54,421] {logging_mixin.py:109} INFO - [2025-12-12 12:28:54,421] {dag.py:2935} INFO - Setting next_dagrun for example_subdag_operator.section-2 to None
[2025-12-12 12:28:54,428] {logging_mixin.py:109} INFO - [2025-12-12 12:28:54,428] {dag.py:2396} INFO - Sync 2 DAGs
[2025-12-12 12:28:54,434] {logging_mixin.py:109} INFO - [2025-12-12 12:28:54,434] {dag.py:2935} INFO - Setting next_dagrun for example_subdag_operator.section-1 to None
[2025-12-12 12:28:54,434] {logging_mixin.py:109} INFO - [2025-12-12 12:28:54,434] {dag.py:2935} INFO - Setting next_dagrun for example_subdag_operator.section-2 to None
[2025-12-12 12:28:54,441] {processor.py:171} INFO - Processing /home/airflow/.local/lib/python3.6/site-packages/airflow/example_dags/example_subdag_operator.py took 1.884 seconds
[2025-12-12 12:29:24,631] {processor.py:163} INFO - Started process (PID=468) to work on /home/airflow/.local/lib/python3.6/site-packages/airflow/example_dags/example_subdag_operator.py
[2025-12-12 12:29:24,642] {processor.py:642} INFO - Processing file /home/airflow/.local/lib/python3.6/site-packages/airflow/example_dags/example_subdag_operator.py for tasks to queue
[2025-12-12 12:29:24,643] {logging_mixin.py:109} INFO - [2025-12-12 12:29:24,643] {dagbag.py:500} INFO - Filling up the DagBag from /home/airflow/.local/lib/python3.6/site-packages/airflow/example_dags/example_subdag_operator.py
[2025-12-12 12:29:24,679] {processor.py:654} INFO - DAG(s) dict_keys(['example_subdag_operator.section-1', 'example_subdag_operator.section-2', 'example_subdag_operator']) retrieved from /home/airflow/.local/lib/python3.6/site-packages/airflow/example_dags/example_subdag_operator.py
[2025-12-12 12:29:24,690] {logging_mixin.py:109} INFO - [2025-12-12 12:29:24,689] {dag.py:2396} INFO - Sync 3 DAGs
[2025-12-12 12:29:24,704] {logging_mixin.py:109} INFO - [2025-12-12 12:29:24,704] {dag.py:2935} INFO - Setting next_dagrun for example_subdag_operator to 2025-12-10T00:00:00+00:00
[2025-12-12 12:29:24,704] {logging_mixin.py:109} INFO - [2025-12-12 12:29:24,704] {dag.py:2935} INFO - Setting next_dagrun for example_subdag_operator.section-1 to None
[2025-12-12 12:29:24,705] {logging_mixin.py:109} INFO - [2025-12-12 12:29:24,705] {dag.py:2935} INFO - Setting next_dagrun for example_subdag_operator.section-2 to None
[2025-12-12 12:29:24,709] {logging_mixin.py:109} INFO - [2025-12-12 12:29:24,709] {dag.py:2396} INFO - Sync 2 DAGs
[2025-12-12 12:29:24,715] {logging_mixin.py:109} INFO - [2025-12-12 12:29:24,715] {dag.py:2935} INFO - Setting next_dagrun for example_subdag_operator.section-1 to None
[2025-12-12 12:29:24,715] {logging_mixin.py:109} INFO - [2025-12-12 12:29:24,715] {dag.py:2935} INFO - Setting next_dagrun for example_subdag_operator.section-2 to None
[2025-12-12 12:29:24,722] {processor.py:171} INFO - Processing /home/airflow/.local/lib/python3.6/site-packages/airflow/example_dags/example_subdag_operator.py took 0.095 seconds
