[2025-12-21 20:02:39,388] {taskinstance.py:1032} INFO - Dependencies all met for <TaskInstance: SolovevEgor_HW_05_ds_2025.fill_table__order_items scheduled__2025-12-21T20:02:19.873629+00:00 [queued]>
[2025-12-21 20:02:39,398] {taskinstance.py:1032} INFO - Dependencies all met for <TaskInstance: SolovevEgor_HW_05_ds_2025.fill_table__order_items scheduled__2025-12-21T20:02:19.873629+00:00 [queued]>
[2025-12-21 20:02:39,398] {taskinstance.py:1238} INFO - 
--------------------------------------------------------------------------------
[2025-12-21 20:02:39,399] {taskinstance.py:1239} INFO - Starting attempt 1 of 2
[2025-12-21 20:02:39,399] {taskinstance.py:1240} INFO - 
--------------------------------------------------------------------------------
[2025-12-21 20:02:39,410] {taskinstance.py:1259} INFO - Executing <Task(PostgresOperator): fill_table__order_items> on 2025-12-21 20:02:19.873629+00:00
[2025-12-21 20:02:39,422] {standard_task_runner.py:76} INFO - Running: ['***', 'tasks', 'run', 'SolovevEgor_HW_05_ds_2025', 'fill_table__order_items', 'scheduled__2025-12-21T20:02:19.873629+00:00', '--job-id', '3457', '--raw', '--subdir', 'DAGS_FOLDER/SolovevEgor_HW_06_ds_2025.py', '--cfg-path', '/tmp/tmp6i6omupq', '--error-file', '/tmp/tmp9x8e41e4']
[2025-12-21 20:02:39,423] {standard_task_runner.py:77} INFO - Job 3457: Subtask fill_table__order_items
[2025-12-21 20:02:39,418] {standard_task_runner.py:52} INFO - Started process 270 to run task
[2025-12-21 20:02:39,505] {logging_mixin.py:109} INFO - Running <TaskInstance: SolovevEgor_HW_05_ds_2025.fill_table__order_items scheduled__2025-12-21T20:02:19.873629+00:00 [running]> on host 6bc1d04857cc
[2025-12-21 20:02:39,591] {taskinstance.py:1426} INFO - Exporting the following env vars:
AIRFLOW_CTX_DAG_OWNER=Solovev Egor
AIRFLOW_CTX_DAG_ID=SolovevEgor_HW_05_ds_2025
AIRFLOW_CTX_TASK_ID=fill_table__order_items
AIRFLOW_CTX_EXECUTION_DATE=2025-12-21T20:02:19.873629+00:00
AIRFLOW_CTX_DAG_RUN_ID=scheduled__2025-12-21T20:02:19.873629+00:00
[2025-12-21 20:02:39,606] {base.py:79} INFO - Using connection to: id: postgresql. Host: postgres, Port: 5432, Schema: postgres, Login: ***, Password: ***, extra: {}
[2025-12-21 20:02:39,613] {dbapi.py:225} INFO - Running statement: 
                COPY order_items FROM '/opt/***/data_files/order_items.csv'
                DELIMITER ',' CSV HEADER;
        , parameters: None
[2025-12-21 20:02:39,736] {dbapi.py:233} INFO - Rows affected: 20000
[2025-12-21 20:02:39,783] {taskinstance.py:1277} INFO - Marking task as SUCCESS. dag_id=SolovevEgor_HW_05_ds_2025, task_id=fill_table__order_items, execution_date=20251221T200219, start_date=20251221T200239, end_date=20251221T200239
[2025-12-21 20:02:39,845] {local_task_job.py:154} INFO - Task exited with return code 0
[2025-12-21 20:02:39,905] {local_task_job.py:264} INFO - 0 downstream tasks scheduled from follow-on schedule check
