[2025-12-21 19:18:09,989] {taskinstance.py:1032} INFO - Dependencies all met for <TaskInstance: SolovevEgor_HW_05_ds_2025.fill_table__order_items scheduled__2025-12-21T19:17:52.427947+00:00 [queued]>
[2025-12-21 19:18:10,000] {taskinstance.py:1032} INFO - Dependencies all met for <TaskInstance: SolovevEgor_HW_05_ds_2025.fill_table__order_items scheduled__2025-12-21T19:17:52.427947+00:00 [queued]>
[2025-12-21 19:18:10,000] {taskinstance.py:1238} INFO - 
--------------------------------------------------------------------------------
[2025-12-21 19:18:10,001] {taskinstance.py:1239} INFO - Starting attempt 1 of 2
[2025-12-21 19:18:10,001] {taskinstance.py:1240} INFO - 
--------------------------------------------------------------------------------
[2025-12-21 19:18:10,011] {taskinstance.py:1259} INFO - Executing <Task(PostgresOperator): fill_table__order_items> on 2025-12-21 19:17:52.427947+00:00
[2025-12-21 19:18:10,021] {standard_task_runner.py:76} INFO - Running: ['***', 'tasks', 'run', 'SolovevEgor_HW_05_ds_2025', 'fill_table__order_items', 'scheduled__2025-12-21T19:17:52.427947+00:00', '--job-id', '2387', '--raw', '--subdir', 'DAGS_FOLDER/SolovevEgor_HW_06_ds_2025.py', '--cfg-path', '/tmp/tmpc1lc_e7h', '--error-file', '/tmp/tmps3kkieri']
[2025-12-21 19:18:10,022] {standard_task_runner.py:77} INFO - Job 2387: Subtask fill_table__order_items
[2025-12-21 19:18:10,016] {standard_task_runner.py:52} INFO - Started process 268 to run task
[2025-12-21 19:18:10,096] {logging_mixin.py:109} INFO - Running <TaskInstance: SolovevEgor_HW_05_ds_2025.fill_table__order_items scheduled__2025-12-21T19:17:52.427947+00:00 [running]> on host 73327a86500c
[2025-12-21 19:18:10,166] {taskinstance.py:1426} INFO - Exporting the following env vars:
AIRFLOW_CTX_DAG_OWNER=Solovev Egor
AIRFLOW_CTX_DAG_ID=SolovevEgor_HW_05_ds_2025
AIRFLOW_CTX_TASK_ID=fill_table__order_items
AIRFLOW_CTX_EXECUTION_DATE=2025-12-21T19:17:52.427947+00:00
AIRFLOW_CTX_DAG_RUN_ID=scheduled__2025-12-21T19:17:52.427947+00:00
[2025-12-21 19:18:10,177] {base.py:79} INFO - Using connection to: id: postgresql. Host: postgres, Port: 5432, Schema: postgres, Login: ***, Password: ***, extra: {}
[2025-12-21 19:18:10,183] {dbapi.py:225} INFO - Running statement: 
                COPY order_items FROM '/opt/***/data_files/order_items.csv'
                DELIMITER ',' CSV HEADER;
        , parameters: None
[2025-12-21 19:18:10,251] {dbapi.py:233} INFO - Rows affected: 20000
[2025-12-21 19:18:10,269] {taskinstance.py:1277} INFO - Marking task as SUCCESS. dag_id=SolovevEgor_HW_05_ds_2025, task_id=fill_table__order_items, execution_date=20251221T191752, start_date=20251221T191809, end_date=20251221T191810
[2025-12-21 19:18:10,320] {local_task_job.py:154} INFO - Task exited with return code 0
[2025-12-21 19:18:10,371] {local_task_job.py:264} INFO - 0 downstream tasks scheduled from follow-on schedule check
