[2025-12-21 19:11:29,128] {taskinstance.py:1032} INFO - Dependencies all met for <TaskInstance: SolovevEgor_HW_05_ds_2025.run_query2 scheduled__2025-12-21T19:11:08.858510+00:00 [queued]>
[2025-12-21 19:11:29,139] {taskinstance.py:1032} INFO - Dependencies all met for <TaskInstance: SolovevEgor_HW_05_ds_2025.run_query2 scheduled__2025-12-21T19:11:08.858510+00:00 [queued]>
[2025-12-21 19:11:29,140] {taskinstance.py:1238} INFO - 
--------------------------------------------------------------------------------
[2025-12-21 19:11:29,140] {taskinstance.py:1239} INFO - Starting attempt 1 of 2
[2025-12-21 19:11:29,140] {taskinstance.py:1240} INFO - 
--------------------------------------------------------------------------------
[2025-12-21 19:11:29,149] {taskinstance.py:1259} INFO - Executing <Task(PythonOperator): run_query2> on 2025-12-21 19:11:08.858510+00:00
[2025-12-21 19:11:29,158] {standard_task_runner.py:76} INFO - Running: ['***', 'tasks', 'run', 'SolovevEgor_HW_05_ds_2025', 'run_query2', 'scheduled__2025-12-21T19:11:08.858510+00:00', '--job-id', '2182', '--raw', '--subdir', 'DAGS_FOLDER/SolovevEgor_HW_06_ds_2025.py', '--cfg-path', '/tmp/tmpxmlvhnu_', '--error-file', '/tmp/tmpro88nw73']
[2025-12-21 19:11:29,159] {standard_task_runner.py:77} INFO - Job 2182: Subtask run_query2
[2025-12-21 19:11:29,154] {standard_task_runner.py:52} INFO - Started process 11731 to run task
[2025-12-21 19:11:29,215] {logging_mixin.py:109} INFO - Running <TaskInstance: SolovevEgor_HW_05_ds_2025.run_query2 scheduled__2025-12-21T19:11:08.858510+00:00 [running]> on host b97b26732d6a
[2025-12-21 19:11:29,271] {taskinstance.py:1426} INFO - Exporting the following env vars:
AIRFLOW_CTX_DAG_OWNER=Solovev Egor
AIRFLOW_CTX_DAG_ID=SolovevEgor_HW_05_ds_2025
AIRFLOW_CTX_TASK_ID=run_query2
AIRFLOW_CTX_EXECUTION_DATE=2025-12-21T19:11:08.858510+00:00
AIRFLOW_CTX_DAG_RUN_ID=scheduled__2025-12-21T19:11:08.858510+00:00
[2025-12-21 19:11:29,526] {base.py:79} INFO - Using connection to: id: postgresql. Host: postgres, Port: 5432, Schema: postgres, Login: ***, Password: ***, extra: {}
[2025-12-21 19:11:29,569] {python.py:175} INFO - Done. Returned value was: 1234567
[2025-12-21 19:11:29,589] {taskinstance.py:1277} INFO - Marking task as SUCCESS. dag_id=SolovevEgor_HW_05_ds_2025, task_id=run_query2, execution_date=20251221T191108, start_date=20251221T191129, end_date=20251221T191129
[2025-12-21 19:11:29,619] {local_task_job.py:154} INFO - Task exited with return code 0
[2025-12-21 19:11:29,653] {local_task_job.py:264} INFO - 0 downstream tasks scheduled from follow-on schedule check
