[2025-12-21 10:26:37,645] {taskinstance.py:1032} INFO - Dependencies all met for <TaskInstance: my_new_docker_dag.start_greeting scheduled__2025-12-20T10:26:20.890113+00:00 [queued]>
[2025-12-21 10:26:37,672] {taskinstance.py:1032} INFO - Dependencies all met for <TaskInstance: my_new_docker_dag.start_greeting scheduled__2025-12-20T10:26:20.890113+00:00 [queued]>
[2025-12-21 10:26:37,672] {taskinstance.py:1238} INFO - 
--------------------------------------------------------------------------------
[2025-12-21 10:26:37,672] {taskinstance.py:1239} INFO - Starting attempt 1 of 2
[2025-12-21 10:26:37,672] {taskinstance.py:1240} INFO - 
--------------------------------------------------------------------------------
[2025-12-21 10:26:37,696] {taskinstance.py:1259} INFO - Executing <Task(BashOperator): start_greeting> on 2025-12-20 10:26:20.890113+00:00
[2025-12-21 10:26:37,718] {standard_task_runner.py:76} INFO - Running: ['***', 'tasks', 'run', 'my_new_docker_dag', 'start_greeting', 'scheduled__2025-12-20T10:26:20.890113+00:00', '--job-id', '2', '--raw', '--subdir', 'DAGS_FOLDER/my_new_dag.py', '--cfg-path', '/tmp/tmpyx4_tgp0', '--error-file', '/tmp/tmpk7ejtce1']
[2025-12-21 10:26:37,720] {standard_task_runner.py:77} INFO - Job 2: Subtask start_greeting
[2025-12-21 10:26:37,705] {standard_task_runner.py:52} INFO - Started process 2633 to run task
[2025-12-21 10:26:37,896] {logging_mixin.py:109} INFO - Running <TaskInstance: my_new_docker_dag.start_greeting scheduled__2025-12-20T10:26:20.890113+00:00 [running]> on host 85bb2a1a44b9
[2025-12-21 10:26:38,092] {taskinstance.py:1426} INFO - Exporting the following env vars:
AIRFLOW_CTX_DAG_OWNER=***
AIRFLOW_CTX_DAG_ID=my_new_docker_dag
AIRFLOW_CTX_TASK_ID=start_greeting
AIRFLOW_CTX_EXECUTION_DATE=2025-12-20T10:26:20.890113+00:00
AIRFLOW_CTX_DAG_RUN_ID=scheduled__2025-12-20T10:26:20.890113+00:00
[2025-12-21 10:26:38,097] {subprocess.py:62} INFO - Tmp dir root location: 
 /tmp
[2025-12-21 10:26:38,100] {subprocess.py:74} INFO - Running command: ['bash', '-c', 'echo "Hello world!!"']
[2025-12-21 10:26:38,154] {subprocess.py:85} INFO - Output:
[2025-12-21 10:26:38,168] {subprocess.py:89} INFO - Hello world!!
[2025-12-21 10:26:38,169] {subprocess.py:93} INFO - Command exited with return code 0
[2025-12-21 10:26:38,295] {taskinstance.py:1277} INFO - Marking task as SUCCESS. dag_id=my_new_docker_dag, task_id=start_greeting, execution_date=20251220T102620, start_date=20251221T102637, end_date=20251221T102638
[2025-12-21 10:26:38,399] {local_task_job.py:154} INFO - Task exited with return code 0
[2025-12-21 10:26:38,530] {local_task_job.py:264} INFO - 1 downstream tasks scheduled from follow-on schedule check
