[2025-12-21 17:20:29,615] {taskinstance.py:1032} INFO - Dependencies all met for <TaskInstance: SolovevEgor_HW_05_ds_20259834765986593865.fill_table__orders manual__2025-12-21T17:20:25.818253+00:00 [queued]>
[2025-12-21 17:20:29,631] {taskinstance.py:1032} INFO - Dependencies all met for <TaskInstance: SolovevEgor_HW_05_ds_20259834765986593865.fill_table__orders manual__2025-12-21T17:20:25.818253+00:00 [queued]>
[2025-12-21 17:20:29,631] {taskinstance.py:1238} INFO - 
--------------------------------------------------------------------------------
[2025-12-21 17:20:29,632] {taskinstance.py:1239} INFO - Starting attempt 1 of 2
[2025-12-21 17:20:29,632] {taskinstance.py:1240} INFO - 
--------------------------------------------------------------------------------
[2025-12-21 17:20:29,656] {taskinstance.py:1259} INFO - Executing <Task(PostgresOperator): fill_table__orders> on 2025-12-21 17:20:25.818253+00:00
[2025-12-21 17:20:29,668] {standard_task_runner.py:76} INFO - Running: ['***', 'tasks', 'run', 'SolovevEgor_HW_05_ds_20259834765986593865', 'fill_table__orders', 'manual__2025-12-21T17:20:25.818253+00:00', '--job-id', '273', '--raw', '--subdir', 'DAGS_FOLDER/SolovevEgor_HW_06_ds_2025.py', '--cfg-path', '/tmp/tmpsc3_piqq', '--error-file', '/tmp/tmpbdso48bg']
[2025-12-21 17:20:29,669] {standard_task_runner.py:77} INFO - Job 273: Subtask fill_table__orders
[2025-12-21 17:20:29,663] {standard_task_runner.py:52} INFO - Started process 3196 to run task
[2025-12-21 17:20:29,751] {logging_mixin.py:109} INFO - Running <TaskInstance: SolovevEgor_HW_05_ds_20259834765986593865.fill_table__orders manual__2025-12-21T17:20:25.818253+00:00 [running]> on host b97b26732d6a
[2025-12-21 17:20:29,820] {taskinstance.py:1426} INFO - Exporting the following env vars:
AIRFLOW_CTX_DAG_OWNER=Solovev Egor
AIRFLOW_CTX_DAG_ID=SolovevEgor_HW_05_ds_20259834765986593865
AIRFLOW_CTX_TASK_ID=fill_table__orders
AIRFLOW_CTX_EXECUTION_DATE=2025-12-21T17:20:25.818253+00:00
AIRFLOW_CTX_DAG_RUN_ID=manual__2025-12-21T17:20:25.818253+00:00
[2025-12-21 17:20:29,830] {base.py:79} INFO - Using connection to: id: postgresql. Host: postgres, Port: 5432, Schema: postgres, Login: ***, Password: ***, extra: {}
[2025-12-21 17:20:29,835] {dbapi.py:225} INFO - Running statement: 
                COPY orders FROM '/opt/***/data_files/orders.csv'
                DELIMITER ',' CSV HEADER;
        , parameters: None
[2025-12-21 17:20:29,897] {dbapi.py:233} INFO - Rows affected: 20000
[2025-12-21 17:20:29,924] {taskinstance.py:1277} INFO - Marking task as SUCCESS. dag_id=SolovevEgor_HW_05_ds_20259834765986593865, task_id=fill_table__orders, execution_date=20251221T172025, start_date=20251221T172029, end_date=20251221T172029
[2025-12-21 17:20:29,966] {local_task_job.py:154} INFO - Task exited with return code 0
[2025-12-21 17:20:30,011] {local_task_job.py:264} INFO - 0 downstream tasks scheduled from follow-on schedule check
