[2025-12-21 18:43:28,585] {taskinstance.py:1032} INFO - Dependencies all met for <TaskInstance: SolovevEgor_HW_05_ds_2025.fill_table__order_items scheduled__2025-12-21T18:42:58.704608+00:00 [queued]>
[2025-12-21 18:43:28,620] {taskinstance.py:1032} INFO - Dependencies all met for <TaskInstance: SolovevEgor_HW_05_ds_2025.fill_table__order_items scheduled__2025-12-21T18:42:58.704608+00:00 [queued]>
[2025-12-21 18:43:28,621] {taskinstance.py:1238} INFO - 
--------------------------------------------------------------------------------
[2025-12-21 18:43:28,621] {taskinstance.py:1239} INFO - Starting attempt 1 of 2
[2025-12-21 18:43:28,621] {taskinstance.py:1240} INFO - 
--------------------------------------------------------------------------------
[2025-12-21 18:43:28,673] {taskinstance.py:1259} INFO - Executing <Task(PostgresOperator): fill_table__order_items> on 2025-12-21 18:42:58.704608+00:00
[2025-12-21 18:43:28,704] {standard_task_runner.py:52} INFO - Started process 8676 to run task
[2025-12-21 18:43:28,723] {standard_task_runner.py:76} INFO - Running: ['***', 'tasks', 'run', 'SolovevEgor_HW_05_ds_2025', 'fill_table__order_items', 'scheduled__2025-12-21T18:42:58.704608+00:00', '--job-id', '1166', '--raw', '--subdir', 'DAGS_FOLDER/SolovevEgor_HW_06_ds_2025.py', '--cfg-path', '/tmp/tmp_39kgak8', '--error-file', '/tmp/tmp_ys6ay3d']
[2025-12-21 18:43:28,733] {standard_task_runner.py:77} INFO - Job 1166: Subtask fill_table__order_items
[2025-12-21 18:43:29,158] {logging_mixin.py:109} INFO - Running <TaskInstance: SolovevEgor_HW_05_ds_2025.fill_table__order_items scheduled__2025-12-21T18:42:58.704608+00:00 [running]> on host b97b26732d6a
[2025-12-21 18:43:29,582] {taskinstance.py:1426} INFO - Exporting the following env vars:
AIRFLOW_CTX_DAG_OWNER=Solovev Egor
AIRFLOW_CTX_DAG_ID=SolovevEgor_HW_05_ds_2025
AIRFLOW_CTX_TASK_ID=fill_table__order_items
AIRFLOW_CTX_EXECUTION_DATE=2025-12-21T18:42:58.704608+00:00
AIRFLOW_CTX_DAG_RUN_ID=scheduled__2025-12-21T18:42:58.704608+00:00
[2025-12-21 18:43:29,637] {base.py:79} INFO - Using connection to: id: postgresql. Host: postgres, Port: 5432, Schema: postgres, Login: ***, Password: ***, extra: {}
[2025-12-21 18:43:29,682] {dbapi.py:225} INFO - Running statement: 
                COPY order_items FROM '/opt/***/data_files/order_items.csv'
                DELIMITER ',' CSV HEADER;
        , parameters: None
[2025-12-21 18:43:29,956] {dbapi.py:233} INFO - Rows affected: 20000
[2025-12-21 18:43:30,029] {taskinstance.py:1277} INFO - Marking task as SUCCESS. dag_id=SolovevEgor_HW_05_ds_2025, task_id=fill_table__order_items, execution_date=20251221T184258, start_date=20251221T184328, end_date=20251221T184330
[2025-12-21 18:43:30,149] {local_task_job.py:154} INFO - Task exited with return code 0
[2025-12-21 18:43:31,342] {local_task_job.py:264} INFO - 0 downstream tasks scheduled from follow-on schedule check
