[2025-12-21 18:38:34,022] {taskinstance.py:1032} INFO - Dependencies all met for <TaskInstance: SolovevEgor_HW_05_ds_2025.fill_table__orders scheduled__2025-12-21T18:38:10.705625+00:00 [queued]>
[2025-12-21 18:38:34,072] {taskinstance.py:1032} INFO - Dependencies all met for <TaskInstance: SolovevEgor_HW_05_ds_2025.fill_table__orders scheduled__2025-12-21T18:38:10.705625+00:00 [queued]>
[2025-12-21 18:38:34,072] {taskinstance.py:1238} INFO - 
--------------------------------------------------------------------------------
[2025-12-21 18:38:34,072] {taskinstance.py:1239} INFO - Starting attempt 1 of 2
[2025-12-21 18:38:34,073] {taskinstance.py:1240} INFO - 
--------------------------------------------------------------------------------
[2025-12-21 18:38:34,121] {taskinstance.py:1259} INFO - Executing <Task(PostgresOperator): fill_table__orders> on 2025-12-21 18:38:10.705625+00:00
[2025-12-21 18:38:34,138] {standard_task_runner.py:52} INFO - Started process 8081 to run task
[2025-12-21 18:38:34,157] {standard_task_runner.py:76} INFO - Running: ['***', 'tasks', 'run', 'SolovevEgor_HW_05_ds_2025', 'fill_table__orders', 'scheduled__2025-12-21T18:38:10.705625+00:00', '--job-id', '942', '--raw', '--subdir', 'DAGS_FOLDER/SolovevEgor_HW_06_ds_2025.py', '--cfg-path', '/tmp/tmp9fhrl47m', '--error-file', '/tmp/tmp94dw6qh8']
[2025-12-21 18:38:34,158] {standard_task_runner.py:77} INFO - Job 942: Subtask fill_table__orders
[2025-12-21 18:38:34,375] {logging_mixin.py:109} INFO - Running <TaskInstance: SolovevEgor_HW_05_ds_2025.fill_table__orders scheduled__2025-12-21T18:38:10.705625+00:00 [running]> on host b97b26732d6a
[2025-12-21 18:38:34,588] {taskinstance.py:1426} INFO - Exporting the following env vars:
AIRFLOW_CTX_DAG_OWNER=Solovev Egor
AIRFLOW_CTX_DAG_ID=SolovevEgor_HW_05_ds_2025
AIRFLOW_CTX_TASK_ID=fill_table__orders
AIRFLOW_CTX_EXECUTION_DATE=2025-12-21T18:38:10.705625+00:00
AIRFLOW_CTX_DAG_RUN_ID=scheduled__2025-12-21T18:38:10.705625+00:00
[2025-12-21 18:38:34,630] {base.py:79} INFO - Using connection to: id: postgresql. Host: postgres, Port: 5432, Schema: postgres, Login: ***, Password: ***, extra: {}
[2025-12-21 18:38:34,641] {dbapi.py:225} INFO - Running statement: 
                COPY orders FROM '/opt/***/data_files/orders.csv'
                DELIMITER ',' CSV HEADER;
        , parameters: None
[2025-12-21 18:38:34,876] {dbapi.py:233} INFO - Rows affected: 20000
[2025-12-21 18:38:34,928] {taskinstance.py:1277} INFO - Marking task as SUCCESS. dag_id=SolovevEgor_HW_05_ds_2025, task_id=fill_table__orders, execution_date=20251221T183810, start_date=20251221T183834, end_date=20251221T183834
[2025-12-21 18:38:35,006] {local_task_job.py:154} INFO - Task exited with return code 0
[2025-12-21 18:38:35,216] {local_task_job.py:264} INFO - 0 downstream tasks scheduled from follow-on schedule check
