[2025-12-21 19:49:53,769] {taskinstance.py:1032} INFO - Dependencies all met for <TaskInstance: SolovevEgor_HW_05_ds_2025.fill_table__order_items scheduled__2025-12-21T19:49:35.094788+00:00 [queued]>
[2025-12-21 19:49:53,786] {taskinstance.py:1032} INFO - Dependencies all met for <TaskInstance: SolovevEgor_HW_05_ds_2025.fill_table__order_items scheduled__2025-12-21T19:49:35.094788+00:00 [queued]>
[2025-12-21 19:49:53,786] {taskinstance.py:1238} INFO - 
--------------------------------------------------------------------------------
[2025-12-21 19:49:53,786] {taskinstance.py:1239} INFO - Starting attempt 1 of 2
[2025-12-21 19:49:53,786] {taskinstance.py:1240} INFO - 
--------------------------------------------------------------------------------
[2025-12-21 19:49:53,801] {taskinstance.py:1259} INFO - Executing <Task(PostgresOperator): fill_table__order_items> on 2025-12-21 19:49:35.094788+00:00
[2025-12-21 19:49:53,815] {standard_task_runner.py:76} INFO - Running: ['***', 'tasks', 'run', 'SolovevEgor_HW_05_ds_2025', 'fill_table__order_items', 'scheduled__2025-12-21T19:49:35.094788+00:00', '--job-id', '3115', '--raw', '--subdir', 'DAGS_FOLDER/SolovevEgor_HW_06_ds_2025.py', '--cfg-path', '/tmp/tmphcq57194', '--error-file', '/tmp/tmpglx01q2e']
[2025-12-21 19:49:53,817] {standard_task_runner.py:77} INFO - Job 3115: Subtask fill_table__order_items
[2025-12-21 19:49:53,809] {standard_task_runner.py:52} INFO - Started process 227 to run task
[2025-12-21 19:49:53,893] {logging_mixin.py:109} INFO - Running <TaskInstance: SolovevEgor_HW_05_ds_2025.fill_table__order_items scheduled__2025-12-21T19:49:35.094788+00:00 [running]> on host f4f0113aed8c
[2025-12-21 19:49:53,954] {taskinstance.py:1426} INFO - Exporting the following env vars:
AIRFLOW_CTX_DAG_OWNER=Solovev Egor
AIRFLOW_CTX_DAG_ID=SolovevEgor_HW_05_ds_2025
AIRFLOW_CTX_TASK_ID=fill_table__order_items
AIRFLOW_CTX_EXECUTION_DATE=2025-12-21T19:49:35.094788+00:00
AIRFLOW_CTX_DAG_RUN_ID=scheduled__2025-12-21T19:49:35.094788+00:00
[2025-12-21 19:49:53,965] {base.py:79} INFO - Using connection to: id: postgresql. Host: postgres, Port: 5432, Schema: postgres, Login: ***, Password: ***, extra: {}
[2025-12-21 19:49:53,970] {dbapi.py:225} INFO - Running statement: 
                COPY order_items FROM '/opt/***/data_files/order_items.csv'
                DELIMITER ',' CSV HEADER;
        , parameters: None
[2025-12-21 19:49:54,067] {dbapi.py:233} INFO - Rows affected: 20000
[2025-12-21 19:49:54,090] {taskinstance.py:1277} INFO - Marking task as SUCCESS. dag_id=SolovevEgor_HW_05_ds_2025, task_id=fill_table__order_items, execution_date=20251221T194935, start_date=20251221T194953, end_date=20251221T194954
[2025-12-21 19:49:54,115] {local_task_job.py:154} INFO - Task exited with return code 0
[2025-12-21 19:49:54,164] {local_task_job.py:264} INFO - 0 downstream tasks scheduled from follow-on schedule check
