[2025-12-21 18:51:26,561] {taskinstance.py:1032} INFO - Dependencies all met for <TaskInstance: SolovevEgor_HW_05_ds_2025.fill_table__orders scheduled__2025-12-21T18:50:59.286340+00:00 [queued]>
[2025-12-21 18:51:26,631] {taskinstance.py:1032} INFO - Dependencies all met for <TaskInstance: SolovevEgor_HW_05_ds_2025.fill_table__orders scheduled__2025-12-21T18:50:59.286340+00:00 [queued]>
[2025-12-21 18:51:26,632] {taskinstance.py:1238} INFO - 
--------------------------------------------------------------------------------
[2025-12-21 18:51:26,633] {taskinstance.py:1239} INFO - Starting attempt 1 of 2
[2025-12-21 18:51:26,633] {taskinstance.py:1240} INFO - 
--------------------------------------------------------------------------------
[2025-12-21 18:51:26,703] {taskinstance.py:1259} INFO - Executing <Task(PostgresOperator): fill_table__orders> on 2025-12-21 18:50:59.286340+00:00
[2025-12-21 18:51:26,754] {standard_task_runner.py:76} INFO - Running: ['***', 'tasks', 'run', 'SolovevEgor_HW_05_ds_2025', 'fill_table__orders', 'scheduled__2025-12-21T18:50:59.286340+00:00', '--job-id', '1431', '--raw', '--subdir', 'DAGS_FOLDER/SolovevEgor_HW_06_ds_2025.py', '--cfg-path', '/tmp/tmpcraiu17x', '--error-file', '/tmp/tmpdzxt0mr2']
[2025-12-21 18:51:26,757] {standard_task_runner.py:77} INFO - Job 1431: Subtask fill_table__orders
[2025-12-21 18:51:26,728] {standard_task_runner.py:52} INFO - Started process 9462 to run task
[2025-12-21 18:51:27,094] {logging_mixin.py:109} INFO - Running <TaskInstance: SolovevEgor_HW_05_ds_2025.fill_table__orders scheduled__2025-12-21T18:50:59.286340+00:00 [running]> on host b97b26732d6a
[2025-12-21 18:51:27,427] {taskinstance.py:1426} INFO - Exporting the following env vars:
AIRFLOW_CTX_DAG_OWNER=Solovev Egor
AIRFLOW_CTX_DAG_ID=SolovevEgor_HW_05_ds_2025
AIRFLOW_CTX_TASK_ID=fill_table__orders
AIRFLOW_CTX_EXECUTION_DATE=2025-12-21T18:50:59.286340+00:00
AIRFLOW_CTX_DAG_RUN_ID=scheduled__2025-12-21T18:50:59.286340+00:00
[2025-12-21 18:51:27,464] {base.py:79} INFO - Using connection to: id: postgresql. Host: postgres, Port: 5432, Schema: postgres, Login: ***, Password: ***, extra: {}
[2025-12-21 18:51:27,483] {dbapi.py:225} INFO - Running statement: 
                COPY orders FROM '/opt/***/data_files/orders.csv'
                DELIMITER ',' CSV HEADER;
        , parameters: None
[2025-12-21 18:51:27,738] {dbapi.py:233} INFO - Rows affected: 20000
[2025-12-21 18:51:27,825] {taskinstance.py:1277} INFO - Marking task as SUCCESS. dag_id=SolovevEgor_HW_05_ds_2025, task_id=fill_table__orders, execution_date=20251221T185059, start_date=20251221T185126, end_date=20251221T185127
[2025-12-21 18:51:27,918] {local_task_job.py:154} INFO - Task exited with return code 0
[2025-12-21 18:51:29,340] {local_task_job.py:264} INFO - 0 downstream tasks scheduled from follow-on schedule check
