[2025-12-21 19:56:26,052] {taskinstance.py:1032} INFO - Dependencies all met for <TaskInstance: SolovevEgor_HW_05_ds_2025.fill_table__customer scheduled__2025-12-21T19:56:04.212630+00:00 [queued]>
[2025-12-21 19:56:26,076] {taskinstance.py:1032} INFO - Dependencies all met for <TaskInstance: SolovevEgor_HW_05_ds_2025.fill_table__customer scheduled__2025-12-21T19:56:04.212630+00:00 [queued]>
[2025-12-21 19:56:26,077] {taskinstance.py:1238} INFO - 
--------------------------------------------------------------------------------
[2025-12-21 19:56:26,077] {taskinstance.py:1239} INFO - Starting attempt 1 of 2
[2025-12-21 19:56:26,077] {taskinstance.py:1240} INFO - 
--------------------------------------------------------------------------------
[2025-12-21 19:56:26,095] {taskinstance.py:1259} INFO - Executing <Task(PostgresOperator): fill_table__customer> on 2025-12-21 19:56:04.212630+00:00
[2025-12-21 19:56:26,117] {standard_task_runner.py:76} INFO - Running: ['***', 'tasks', 'run', 'SolovevEgor_HW_05_ds_2025', 'fill_table__customer', 'scheduled__2025-12-21T19:56:04.212630+00:00', '--job-id', '3306', '--raw', '--subdir', 'DAGS_FOLDER/SolovevEgor_HW_06_ds_2025.py', '--cfg-path', '/tmp/tmpnza9zsar', '--error-file', '/tmp/tmp8e6ez0ff']
[2025-12-21 19:56:26,120] {standard_task_runner.py:77} INFO - Job 3306: Subtask fill_table__customer
[2025-12-21 19:56:26,107] {standard_task_runner.py:52} INFO - Started process 861 to run task
[2025-12-21 19:56:26,267] {logging_mixin.py:109} INFO - Running <TaskInstance: SolovevEgor_HW_05_ds_2025.fill_table__customer scheduled__2025-12-21T19:56:04.212630+00:00 [running]> on host f4f0113aed8c
[2025-12-21 19:56:26,415] {taskinstance.py:1426} INFO - Exporting the following env vars:
AIRFLOW_CTX_DAG_OWNER=Solovev Egor
AIRFLOW_CTX_DAG_ID=SolovevEgor_HW_05_ds_2025
AIRFLOW_CTX_TASK_ID=fill_table__customer
AIRFLOW_CTX_EXECUTION_DATE=2025-12-21T19:56:04.212630+00:00
AIRFLOW_CTX_DAG_RUN_ID=scheduled__2025-12-21T19:56:04.212630+00:00
[2025-12-21 19:56:26,432] {base.py:79} INFO - Using connection to: id: postgresql. Host: postgres, Port: 5432, Schema: postgres, Login: ***, Password: ***, extra: {}
[2025-12-21 19:56:26,444] {dbapi.py:225} INFO - Running statement: 
                COPY customer FROM '/opt/***/data_files/customer.csv'
                DELIMITER ';' CSV HEADER;
        , parameters: None
[2025-12-21 19:56:26,489] {dbapi.py:233} INFO - Rows affected: 4000
[2025-12-21 19:56:26,533] {taskinstance.py:1277} INFO - Marking task as SUCCESS. dag_id=SolovevEgor_HW_05_ds_2025, task_id=fill_table__customer, execution_date=20251221T195604, start_date=20251221T195626, end_date=20251221T195626
[2025-12-21 19:56:26,575] {local_task_job.py:154} INFO - Task exited with return code 0
[2025-12-21 19:56:26,701] {local_task_job.py:264} INFO - 0 downstream tasks scheduled from follow-on schedule check
