[2025-12-21 20:16:45,562] {taskinstance.py:1032} INFO - Dependencies all met for <TaskInstance: SolovevEgor_HW_05_ds_2025.truncate_tables manual__2025-12-21T20:16:44.395038+00:00 [queued]>
[2025-12-21 20:16:45,572] {taskinstance.py:1032} INFO - Dependencies all met for <TaskInstance: SolovevEgor_HW_05_ds_2025.truncate_tables manual__2025-12-21T20:16:44.395038+00:00 [queued]>
[2025-12-21 20:16:45,572] {taskinstance.py:1238} INFO - 
--------------------------------------------------------------------------------
[2025-12-21 20:16:45,572] {taskinstance.py:1239} INFO - Starting attempt 1 of 2
[2025-12-21 20:16:45,572] {taskinstance.py:1240} INFO - 
--------------------------------------------------------------------------------
[2025-12-21 20:16:45,591] {taskinstance.py:1259} INFO - Executing <Task(PostgresOperator): truncate_tables> on 2025-12-21 20:16:44.395038+00:00
[2025-12-21 20:16:45,600] {standard_task_runner.py:76} INFO - Running: ['***', 'tasks', 'run', 'SolovevEgor_HW_05_ds_2025', 'truncate_tables', 'manual__2025-12-21T20:16:44.395038+00:00', '--job-id', '3495', '--raw', '--subdir', 'DAGS_FOLDER/SolovevEgor_HW_06_ds_2025.py', '--cfg-path', '/tmp/tmpxkwqg8gf', '--error-file', '/tmp/tmphf7y59_4']
[2025-12-21 20:16:45,601] {standard_task_runner.py:77} INFO - Job 3495: Subtask truncate_tables
[2025-12-21 20:16:45,596] {standard_task_runner.py:52} INFO - Started process 1015 to run task
[2025-12-21 20:16:45,657] {logging_mixin.py:109} INFO - Running <TaskInstance: SolovevEgor_HW_05_ds_2025.truncate_tables manual__2025-12-21T20:16:44.395038+00:00 [running]> on host 6bc1d04857cc
[2025-12-21 20:16:45,733] {taskinstance.py:1426} INFO - Exporting the following env vars:
AIRFLOW_CTX_DAG_OWNER=Solovev Egor
AIRFLOW_CTX_DAG_ID=SolovevEgor_HW_05_ds_2025
AIRFLOW_CTX_TASK_ID=truncate_tables
AIRFLOW_CTX_EXECUTION_DATE=2025-12-21T20:16:44.395038+00:00
AIRFLOW_CTX_DAG_RUN_ID=manual__2025-12-21T20:16:44.395038+00:00
[2025-12-21 20:16:45,742] {base.py:79} INFO - Using connection to: id: postgresql. Host: postgres, Port: 5432, Schema: postgres, Login: ***, Password: ***, extra: {}
[2025-12-21 20:16:45,749] {dbapi.py:225} INFO - Running statement: truncate table customer, order_items, orders, product;, parameters: None
[2025-12-21 20:16:45,777] {taskinstance.py:1277} INFO - Marking task as SUCCESS. dag_id=SolovevEgor_HW_05_ds_2025, task_id=truncate_tables, execution_date=20251221T201644, start_date=20251221T201645, end_date=20251221T201645
[2025-12-21 20:16:45,817] {local_task_job.py:154} INFO - Task exited with return code 0
[2025-12-21 20:16:45,859] {local_task_job.py:264} INFO - 4 downstream tasks scheduled from follow-on schedule check
