[2025-12-21 19:07:43,538] {taskinstance.py:1032} INFO - Dependencies all met for <TaskInstance: SolovevEgor_HW_05_ds_2025.run_query1 scheduled__2025-12-21T19:07:23.858510+00:00 [queued]>
[2025-12-21 19:07:43,549] {taskinstance.py:1032} INFO - Dependencies all met for <TaskInstance: SolovevEgor_HW_05_ds_2025.run_query1 scheduled__2025-12-21T19:07:23.858510+00:00 [queued]>
[2025-12-21 19:07:43,550] {taskinstance.py:1238} INFO - 
--------------------------------------------------------------------------------
[2025-12-21 19:07:43,550] {taskinstance.py:1239} INFO - Starting attempt 1 of 2
[2025-12-21 19:07:43,550] {taskinstance.py:1240} INFO - 
--------------------------------------------------------------------------------
[2025-12-21 19:07:43,559] {taskinstance.py:1259} INFO - Executing <Task(PythonOperator): run_query1> on 2025-12-21 19:07:23.858510+00:00
[2025-12-21 19:07:43,571] {standard_task_runner.py:76} INFO - Running: ['***', 'tasks', 'run', 'SolovevEgor_HW_05_ds_2025', 'run_query1', 'scheduled__2025-12-21T19:07:23.858510+00:00', '--job-id', '2045', '--raw', '--subdir', 'DAGS_FOLDER/SolovevEgor_HW_06_ds_2025.py', '--cfg-path', '/tmp/tmp4i33j1jv', '--error-file', '/tmp/tmpi9wwqer4']
[2025-12-21 19:07:43,564] {standard_task_runner.py:52} INFO - Started process 11277 to run task
[2025-12-21 19:07:43,572] {standard_task_runner.py:77} INFO - Job 2045: Subtask run_query1
[2025-12-21 19:07:43,632] {logging_mixin.py:109} INFO - Running <TaskInstance: SolovevEgor_HW_05_ds_2025.run_query1 scheduled__2025-12-21T19:07:23.858510+00:00 [running]> on host b97b26732d6a
[2025-12-21 19:07:43,684] {taskinstance.py:1426} INFO - Exporting the following env vars:
AIRFLOW_CTX_DAG_OWNER=Solovev Egor
AIRFLOW_CTX_DAG_ID=SolovevEgor_HW_05_ds_2025
AIRFLOW_CTX_TASK_ID=run_query1
AIRFLOW_CTX_EXECUTION_DATE=2025-12-21T19:07:23.858510+00:00
AIRFLOW_CTX_DAG_RUN_ID=scheduled__2025-12-21T19:07:23.858510+00:00
[2025-12-21 19:07:43,914] {base.py:79} INFO - Using connection to: id: postgresql. Host: postgres, Port: 5432, Schema: postgres, Login: ***, Password: ***, extra: {}
[2025-12-21 19:07:43,953] {logging_mixin.py:109} INFO - Текущая директория: /opt/***
[2025-12-21 19:07:43,953] {python.py:175} INFO - Done. Returned value was: 1234567
[2025-12-21 19:07:43,973] {taskinstance.py:1277} INFO - Marking task as SUCCESS. dag_id=SolovevEgor_HW_05_ds_2025, task_id=run_query1, execution_date=20251221T190723, start_date=20251221T190743, end_date=20251221T190743
[2025-12-21 19:07:44,028] {local_task_job.py:154} INFO - Task exited with return code 0
[2025-12-21 19:07:44,054] {local_task_job.py:264} INFO - 0 downstream tasks scheduled from follow-on schedule check
