[2025-12-21 18:55:25,553] {taskinstance.py:1032} INFO - Dependencies all met for <TaskInstance: SolovevEgor_HW_05_ds_2025.fill_table__customer scheduled__2025-12-21T18:54:59.778381+00:00 [queued]>
[2025-12-21 18:55:25,610] {taskinstance.py:1032} INFO - Dependencies all met for <TaskInstance: SolovevEgor_HW_05_ds_2025.fill_table__customer scheduled__2025-12-21T18:54:59.778381+00:00 [queued]>
[2025-12-21 18:55:25,611] {taskinstance.py:1238} INFO - 
--------------------------------------------------------------------------------
[2025-12-21 18:55:25,611] {taskinstance.py:1239} INFO - Starting attempt 1 of 2
[2025-12-21 18:55:25,612] {taskinstance.py:1240} INFO - 
--------------------------------------------------------------------------------
[2025-12-21 18:55:25,676] {taskinstance.py:1259} INFO - Executing <Task(PostgresOperator): fill_table__customer> on 2025-12-21 18:54:59.778381+00:00
[2025-12-21 18:55:25,695] {standard_task_runner.py:52} INFO - Started process 9912 to run task
[2025-12-21 18:55:25,722] {standard_task_runner.py:76} INFO - Running: ['***', 'tasks', 'run', 'SolovevEgor_HW_05_ds_2025', 'fill_table__customer', 'scheduled__2025-12-21T18:54:59.778381+00:00', '--job-id', '1588', '--raw', '--subdir', 'DAGS_FOLDER/SolovevEgor_HW_06_ds_2025.py', '--cfg-path', '/tmp/tmp0y6nvwgn', '--error-file', '/tmp/tmp27hm47ae']
[2025-12-21 18:55:25,734] {standard_task_runner.py:77} INFO - Job 1588: Subtask fill_table__customer
[2025-12-21 18:55:26,217] {logging_mixin.py:109} INFO - Running <TaskInstance: SolovevEgor_HW_05_ds_2025.fill_table__customer scheduled__2025-12-21T18:54:59.778381+00:00 [running]> on host b97b26732d6a
[2025-12-21 18:55:26,707] {taskinstance.py:1426} INFO - Exporting the following env vars:
AIRFLOW_CTX_DAG_OWNER=Solovev Egor
AIRFLOW_CTX_DAG_ID=SolovevEgor_HW_05_ds_2025
AIRFLOW_CTX_TASK_ID=fill_table__customer
AIRFLOW_CTX_EXECUTION_DATE=2025-12-21T18:54:59.778381+00:00
AIRFLOW_CTX_DAG_RUN_ID=scheduled__2025-12-21T18:54:59.778381+00:00
[2025-12-21 18:55:26,775] {base.py:79} INFO - Using connection to: id: postgresql. Host: postgres, Port: 5432, Schema: postgres, Login: ***, Password: ***, extra: {}
[2025-12-21 18:55:26,810] {dbapi.py:225} INFO - Running statement: 
                COPY customer FROM '/opt/***/data_files/customer.csv'
                DELIMITER ';' CSV HEADER;
        , parameters: None
[2025-12-21 18:55:26,923] {dbapi.py:233} INFO - Rows affected: 4000
[2025-12-21 18:55:28,063] {taskinstance.py:1277} INFO - Marking task as SUCCESS. dag_id=SolovevEgor_HW_05_ds_2025, task_id=fill_table__customer, execution_date=20251221T185459, start_date=20251221T185525, end_date=20251221T185528
[2025-12-21 18:55:28,158] {local_task_job.py:154} INFO - Task exited with return code 0
[2025-12-21 18:55:28,351] {local_task_job.py:264} INFO - 0 downstream tasks scheduled from follow-on schedule check
