[2025-12-21 15:37:08,271] {taskinstance.py:1032} INFO - Dependencies all met for <TaskInstance: HomeWork6.fill_table__customer manual__2025-12-21T15:37:03.974080+00:00 [queued]>
[2025-12-21 15:37:08,290] {taskinstance.py:1032} INFO - Dependencies all met for <TaskInstance: HomeWork6.fill_table__customer manual__2025-12-21T15:37:03.974080+00:00 [queued]>
[2025-12-21 15:37:08,290] {taskinstance.py:1238} INFO - 
--------------------------------------------------------------------------------
[2025-12-21 15:37:08,290] {taskinstance.py:1239} INFO - Starting attempt 1 of 2
[2025-12-21 15:37:08,290] {taskinstance.py:1240} INFO - 
--------------------------------------------------------------------------------
[2025-12-21 15:37:08,306] {taskinstance.py:1259} INFO - Executing <Task(PostgresOperator): fill_table__customer> on 2025-12-21 15:37:03.974080+00:00
[2025-12-21 15:37:08,316] {standard_task_runner.py:52} INFO - Started process 1397 to run task
[2025-12-21 15:37:08,322] {standard_task_runner.py:76} INFO - Running: ['***', 'tasks', 'run', 'HomeWork6', 'fill_table__customer', 'manual__2025-12-21T15:37:03.974080+00:00', '--job-id', '69', '--raw', '--subdir', 'DAGS_FOLDER/HomeWork6.py', '--cfg-path', '/tmp/tmp47s__92v', '--error-file', '/tmp/tmpj_5auk3r']
[2025-12-21 15:37:08,323] {standard_task_runner.py:77} INFO - Job 69: Subtask fill_table__customer
[2025-12-21 15:37:08,416] {logging_mixin.py:109} INFO - Running <TaskInstance: HomeWork6.fill_table__customer manual__2025-12-21T15:37:03.974080+00:00 [running]> on host ee9896260e3b
[2025-12-21 15:37:08,489] {taskinstance.py:1426} INFO - Exporting the following env vars:
AIRFLOW_CTX_DAG_OWNER=Solovev Egor
AIRFLOW_CTX_DAG_ID=HomeWork6
AIRFLOW_CTX_TASK_ID=fill_table__customer
AIRFLOW_CTX_EXECUTION_DATE=2025-12-21T15:37:03.974080+00:00
AIRFLOW_CTX_DAG_RUN_ID=manual__2025-12-21T15:37:03.974080+00:00
[2025-12-21 15:37:08,507] {base.py:79} INFO - Using connection to: id: postgresql. Host: postgres, Port: 5432, Schema: postgres, Login: ***, Password: ***, extra: {}
[2025-12-21 15:37:08,517] {dbapi.py:225} INFO - Running statement: 
                COPY customer FROM '/opt/***/data_files/customer.csv'
                DELIMITER ';' CSV HEADER;
        , parameters: None
[2025-12-21 15:37:08,546] {dbapi.py:233} INFO - Rows affected: 4000
[2025-12-21 15:37:08,606] {taskinstance.py:1277} INFO - Marking task as SUCCESS. dag_id=HomeWork6, task_id=fill_table__customer, execution_date=20251221T153703, start_date=20251221T153708, end_date=20251221T153708
[2025-12-21 15:37:08,657] {local_task_job.py:154} INFO - Task exited with return code 0
[2025-12-21 15:37:08,708] {local_task_job.py:264} INFO - 1 downstream tasks scheduled from follow-on schedule check
