[2025-12-21 19:00:02,878] {taskinstance.py:1032} INFO - Dependencies all met for <TaskInstance: SolovevEgor_HW_05_ds_2025.run_query1 scheduled__2025-12-21T18:59:38.858510+00:00 [queued]>
[2025-12-21 19:00:02,912] {taskinstance.py:1032} INFO - Dependencies all met for <TaskInstance: SolovevEgor_HW_05_ds_2025.run_query1 scheduled__2025-12-21T18:59:38.858510+00:00 [queued]>
[2025-12-21 19:00:02,912] {taskinstance.py:1238} INFO - 
--------------------------------------------------------------------------------
[2025-12-21 19:00:02,912] {taskinstance.py:1239} INFO - Starting attempt 1 of 2
[2025-12-21 19:00:02,912] {taskinstance.py:1240} INFO - 
--------------------------------------------------------------------------------
[2025-12-21 19:00:02,941] {taskinstance.py:1259} INFO - Executing <Task(PythonOperator): run_query1> on 2025-12-21 18:59:38.858510+00:00
[2025-12-21 19:00:02,964] {standard_task_runner.py:76} INFO - Running: ['***', 'tasks', 'run', 'SolovevEgor_HW_05_ds_2025', 'run_query1', 'scheduled__2025-12-21T18:59:38.858510+00:00', '--job-id', '1785', '--raw', '--subdir', 'DAGS_FOLDER/SolovevEgor_HW_06_ds_2025.py', '--cfg-path', '/tmp/tmptgy5fsmw', '--error-file', '/tmp/tmpa0srgrel']
[2025-12-21 19:00:02,966] {standard_task_runner.py:77} INFO - Job 1785: Subtask run_query1
[2025-12-21 19:00:02,954] {standard_task_runner.py:52} INFO - Started process 10450 to run task
[2025-12-21 19:00:03,113] {logging_mixin.py:109} INFO - Running <TaskInstance: SolovevEgor_HW_05_ds_2025.run_query1 scheduled__2025-12-21T18:59:38.858510+00:00 [running]> on host b97b26732d6a
[2025-12-21 19:00:03,270] {taskinstance.py:1426} INFO - Exporting the following env vars:
AIRFLOW_CTX_DAG_OWNER=Solovev Egor
AIRFLOW_CTX_DAG_ID=SolovevEgor_HW_05_ds_2025
AIRFLOW_CTX_TASK_ID=run_query1
AIRFLOW_CTX_EXECUTION_DATE=2025-12-21T18:59:38.858510+00:00
AIRFLOW_CTX_DAG_RUN_ID=scheduled__2025-12-21T18:59:38.858510+00:00
[2025-12-21 19:00:03,271] {logging_mixin.py:109} INFO - Вот мой DF!
[2025-12-21 19:00:03,831] {base.py:79} INFO - Using connection to: id: postgresql. Host: postgres, Port: 5432, Schema: postgres, Login: ***, Password: ***, extra: {}
[2025-12-21 19:00:03,923] {python.py:175} INFO - Done. Returned value was: 0
[2025-12-21 19:00:03,979] {taskinstance.py:1277} INFO - Marking task as SUCCESS. dag_id=SolovevEgor_HW_05_ds_2025, task_id=run_query1, execution_date=20251221T185938, start_date=20251221T190002, end_date=20251221T190003
[2025-12-21 19:00:04,052] {local_task_job.py:154} INFO - Task exited with return code 0
[2025-12-21 19:00:04,119] {local_task_job.py:264} INFO - 0 downstream tasks scheduled from follow-on schedule check
