[2025-12-21 19:51:39,488] {taskinstance.py:1032} INFO - Dependencies all met for <TaskInstance: SolovevEgor_HW_05_ds_2025.fill_table__customer scheduled__2025-12-21T19:51:20.094788+00:00 [queued]>
[2025-12-21 19:51:39,500] {taskinstance.py:1032} INFO - Dependencies all met for <TaskInstance: SolovevEgor_HW_05_ds_2025.fill_table__customer scheduled__2025-12-21T19:51:20.094788+00:00 [queued]>
[2025-12-21 19:51:39,500] {taskinstance.py:1238} INFO - 
--------------------------------------------------------------------------------
[2025-12-21 19:51:39,500] {taskinstance.py:1239} INFO - Starting attempt 1 of 2
[2025-12-21 19:51:39,500] {taskinstance.py:1240} INFO - 
--------------------------------------------------------------------------------
[2025-12-21 19:51:39,511] {taskinstance.py:1259} INFO - Executing <Task(PostgresOperator): fill_table__customer> on 2025-12-21 19:51:20.094788+00:00
[2025-12-21 19:51:39,522] {standard_task_runner.py:76} INFO - Running: ['***', 'tasks', 'run', 'SolovevEgor_HW_05_ds_2025', 'fill_table__customer', 'scheduled__2025-12-21T19:51:20.094788+00:00', '--job-id', '3168', '--raw', '--subdir', 'DAGS_FOLDER/SolovevEgor_HW_06_ds_2025.py', '--cfg-path', '/tmp/tmpwvobzfnp', '--error-file', '/tmp/tmpihlsocea']
[2025-12-21 19:51:39,523] {standard_task_runner.py:77} INFO - Job 3168: Subtask fill_table__customer
[2025-12-21 19:51:39,516] {standard_task_runner.py:52} INFO - Started process 418 to run task
[2025-12-21 19:51:39,596] {logging_mixin.py:109} INFO - Running <TaskInstance: SolovevEgor_HW_05_ds_2025.fill_table__customer scheduled__2025-12-21T19:51:20.094788+00:00 [running]> on host f4f0113aed8c
[2025-12-21 19:51:39,662] {taskinstance.py:1426} INFO - Exporting the following env vars:
AIRFLOW_CTX_DAG_OWNER=Solovev Egor
AIRFLOW_CTX_DAG_ID=SolovevEgor_HW_05_ds_2025
AIRFLOW_CTX_TASK_ID=fill_table__customer
AIRFLOW_CTX_EXECUTION_DATE=2025-12-21T19:51:20.094788+00:00
AIRFLOW_CTX_DAG_RUN_ID=scheduled__2025-12-21T19:51:20.094788+00:00
[2025-12-21 19:51:39,672] {base.py:79} INFO - Using connection to: id: postgresql. Host: postgres, Port: 5432, Schema: postgres, Login: ***, Password: ***, extra: {}
[2025-12-21 19:51:39,678] {dbapi.py:225} INFO - Running statement: 
                COPY customer FROM '/opt/***/data_files/customer.csv'
                DELIMITER ';' CSV HEADER;
        , parameters: None
[2025-12-21 19:51:39,696] {dbapi.py:233} INFO - Rows affected: 4000
[2025-12-21 19:51:39,727] {taskinstance.py:1277} INFO - Marking task as SUCCESS. dag_id=SolovevEgor_HW_05_ds_2025, task_id=fill_table__customer, execution_date=20251221T195120, start_date=20251221T195139, end_date=20251221T195139
[2025-12-21 19:51:39,781] {local_task_job.py:154} INFO - Task exited with return code 0
[2025-12-21 19:51:39,814] {local_task_job.py:264} INFO - 2 downstream tasks scheduled from follow-on schedule check
