[2025-12-21 19:55:09,698] {taskinstance.py:1032} INFO - Dependencies all met for <TaskInstance: SolovevEgor_HW_05_ds_2025.fill_table__order_items manual__2025-12-21T19:55:01.999248+00:00 [queued]>
[2025-12-21 19:55:09,725] {taskinstance.py:1032} INFO - Dependencies all met for <TaskInstance: SolovevEgor_HW_05_ds_2025.fill_table__order_items manual__2025-12-21T19:55:01.999248+00:00 [queued]>
[2025-12-21 19:55:09,726] {taskinstance.py:1238} INFO - 
--------------------------------------------------------------------------------
[2025-12-21 19:55:09,726] {taskinstance.py:1239} INFO - Starting attempt 1 of 2
[2025-12-21 19:55:09,727] {taskinstance.py:1240} INFO - 
--------------------------------------------------------------------------------
[2025-12-21 19:55:09,768] {taskinstance.py:1259} INFO - Executing <Task(PostgresOperator): fill_table__order_items> on 2025-12-21 19:55:01.999248+00:00
[2025-12-21 19:55:09,798] {standard_task_runner.py:76} INFO - Running: ['***', 'tasks', 'run', 'SolovevEgor_HW_05_ds_2025', 'fill_table__order_items', 'manual__2025-12-21T19:55:01.999248+00:00', '--job-id', '3251', '--raw', '--subdir', 'DAGS_FOLDER/SolovevEgor_HW_06_ds_2025.py', '--cfg-path', '/tmp/tmp2et5nth7', '--error-file', '/tmp/tmpgzbxwupp']
[2025-12-21 19:55:09,799] {standard_task_runner.py:77} INFO - Job 3251: Subtask fill_table__order_items
[2025-12-21 19:55:09,787] {standard_task_runner.py:52} INFO - Started process 712 to run task
[2025-12-21 19:55:09,972] {logging_mixin.py:109} INFO - Running <TaskInstance: SolovevEgor_HW_05_ds_2025.fill_table__order_items manual__2025-12-21T19:55:01.999248+00:00 [running]> on host f4f0113aed8c
[2025-12-21 19:55:10,114] {taskinstance.py:1426} INFO - Exporting the following env vars:
AIRFLOW_CTX_DAG_OWNER=Solovev Egor
AIRFLOW_CTX_DAG_ID=SolovevEgor_HW_05_ds_2025
AIRFLOW_CTX_TASK_ID=fill_table__order_items
AIRFLOW_CTX_EXECUTION_DATE=2025-12-21T19:55:01.999248+00:00
AIRFLOW_CTX_DAG_RUN_ID=manual__2025-12-21T19:55:01.999248+00:00
[2025-12-21 19:55:10,136] {base.py:79} INFO - Using connection to: id: postgresql. Host: postgres, Port: 5432, Schema: postgres, Login: ***, Password: ***, extra: {}
[2025-12-21 19:55:10,146] {dbapi.py:225} INFO - Running statement: 
                COPY order_items FROM '/opt/***/data_files/order_items.csv'
                DELIMITER ',' CSV HEADER;
        , parameters: None
[2025-12-21 19:55:10,372] {dbapi.py:233} INFO - Rows affected: 20000
[2025-12-21 19:55:10,423] {taskinstance.py:1277} INFO - Marking task as SUCCESS. dag_id=SolovevEgor_HW_05_ds_2025, task_id=fill_table__order_items, execution_date=20251221T195501, start_date=20251221T195509, end_date=20251221T195510
[2025-12-21 19:55:10,495] {local_task_job.py:154} INFO - Task exited with return code 0
[2025-12-21 19:55:10,646] {local_task_job.py:264} INFO - 2 downstream tasks scheduled from follow-on schedule check
