[2025-12-21 20:01:16,996] {taskinstance.py:1032} INFO - Dependencies all met for <TaskInstance: SolovevEgor_HW_05_ds_2025.run_query2 scheduled__2025-12-21T19:55:34.212630+00:00 [queued]>
[2025-12-21 20:01:17,025] {taskinstance.py:1032} INFO - Dependencies all met for <TaskInstance: SolovevEgor_HW_05_ds_2025.run_query2 scheduled__2025-12-21T19:55:34.212630+00:00 [queued]>
[2025-12-21 20:01:17,025] {taskinstance.py:1238} INFO - 
--------------------------------------------------------------------------------
[2025-12-21 20:01:17,026] {taskinstance.py:1239} INFO - Starting attempt 2 of 2
[2025-12-21 20:01:17,026] {taskinstance.py:1240} INFO - 
--------------------------------------------------------------------------------
[2025-12-21 20:01:17,060] {taskinstance.py:1259} INFO - Executing <Task(PythonOperator): run_query2> on 2025-12-21 19:55:34.212630+00:00
[2025-12-21 20:01:17,127] {standard_task_runner.py:76} INFO - Running: ['***', 'tasks', 'run', 'SolovevEgor_HW_05_ds_2025', 'run_query2', 'scheduled__2025-12-21T19:55:34.212630+00:00', '--job-id', '3401', '--raw', '--subdir', 'DAGS_FOLDER/SolovevEgor_HW_06_ds_2025.py', '--cfg-path', '/tmp/tmp9o218jkh', '--error-file', '/tmp/tmp0u7yqyke']
[2025-12-21 20:01:17,141] {standard_task_runner.py:77} INFO - Job 3401: Subtask run_query2
[2025-12-21 20:01:17,097] {standard_task_runner.py:52} INFO - Started process 92 to run task
[2025-12-21 20:01:17,520] {logging_mixin.py:109} INFO - Running <TaskInstance: SolovevEgor_HW_05_ds_2025.run_query2 scheduled__2025-12-21T19:55:34.212630+00:00 [running]> on host 6bc1d04857cc
[2025-12-21 20:01:17,793] {taskinstance.py:1426} INFO - Exporting the following env vars:
AIRFLOW_CTX_DAG_OWNER=Solovev Egor
AIRFLOW_CTX_DAG_ID=SolovevEgor_HW_05_ds_2025
AIRFLOW_CTX_TASK_ID=run_query2
AIRFLOW_CTX_EXECUTION_DATE=2025-12-21T19:55:34.212630+00:00
AIRFLOW_CTX_DAG_RUN_ID=scheduled__2025-12-21T19:55:34.212630+00:00
[2025-12-21 20:01:20,104] {base.py:79} INFO - Using connection to: id: postgresql. Host: postgres, Port: 5432, Schema: postgres, Login: ***, Password: ***, extra: {}
[2025-12-21 20:01:20,296] {python.py:175} INFO - Done. Returned value was: 0
[2025-12-21 20:01:20,377] {taskinstance.py:1277} INFO - Marking task as SUCCESS. dag_id=SolovevEgor_HW_05_ds_2025, task_id=run_query2, execution_date=20251221T195534, start_date=20251221T200117, end_date=20251221T200120
[2025-12-21 20:01:20,448] {local_task_job.py:154} INFO - Task exited with return code 0
[2025-12-21 20:01:20,516] {local_task_job.py:264} INFO - 0 downstream tasks scheduled from follow-on schedule check
