[2025-12-21 17:18:25,380] {taskinstance.py:1032} INFO - Dependencies all met for <TaskInstance: SolovevEgor_HW_05_ds_20259834765986593865.fill_table__product manual__2025-12-21T17:18:21.854040+00:00 [queued]>
[2025-12-21 17:18:25,391] {taskinstance.py:1032} INFO - Dependencies all met for <TaskInstance: SolovevEgor_HW_05_ds_20259834765986593865.fill_table__product manual__2025-12-21T17:18:21.854040+00:00 [queued]>
[2025-12-21 17:18:25,392] {taskinstance.py:1238} INFO - 
--------------------------------------------------------------------------------
[2025-12-21 17:18:25,392] {taskinstance.py:1239} INFO - Starting attempt 1 of 2
[2025-12-21 17:18:25,392] {taskinstance.py:1240} INFO - 
--------------------------------------------------------------------------------
[2025-12-21 17:18:25,402] {taskinstance.py:1259} INFO - Executing <Task(PostgresOperator): fill_table__product> on 2025-12-21 17:18:21.854040+00:00
[2025-12-21 17:18:25,414] {standard_task_runner.py:76} INFO - Running: ['***', 'tasks', 'run', 'SolovevEgor_HW_05_ds_20259834765986593865', 'fill_table__product', 'manual__2025-12-21T17:18:21.854040+00:00', '--job-id', '254', '--raw', '--subdir', 'DAGS_FOLDER/SolovevEgor_HW_06_ds_2025.py', '--cfg-path', '/tmp/tmpcy3g1wfi', '--error-file', '/tmp/tmp70r54mgz']
[2025-12-21 17:18:25,414] {standard_task_runner.py:77} INFO - Job 254: Subtask fill_table__product
[2025-12-21 17:18:25,409] {standard_task_runner.py:52} INFO - Started process 3068 to run task
[2025-12-21 17:18:25,476] {logging_mixin.py:109} INFO - Running <TaskInstance: SolovevEgor_HW_05_ds_20259834765986593865.fill_table__product manual__2025-12-21T17:18:21.854040+00:00 [running]> on host b97b26732d6a
[2025-12-21 17:18:25,547] {taskinstance.py:1426} INFO - Exporting the following env vars:
AIRFLOW_CTX_DAG_OWNER=Solovev Egor
AIRFLOW_CTX_DAG_ID=SolovevEgor_HW_05_ds_20259834765986593865
AIRFLOW_CTX_TASK_ID=fill_table__product
AIRFLOW_CTX_EXECUTION_DATE=2025-12-21T17:18:21.854040+00:00
AIRFLOW_CTX_DAG_RUN_ID=manual__2025-12-21T17:18:21.854040+00:00
[2025-12-21 17:18:25,567] {base.py:79} INFO - Using connection to: id: postgresql. Host: postgres, Port: 5432, Schema: postgres, Login: ***, Password: ***, extra: {}
[2025-12-21 17:18:25,574] {dbapi.py:225} INFO - Running statement: 
                COPY product FROM '/opt/***/data_files/product.csv'
                DELIMITER ',' CSV HEADER;
        , parameters: None
[2025-12-21 17:18:25,577] {dbapi.py:233} INFO - Rows affected: 190
[2025-12-21 17:18:25,611] {taskinstance.py:1277} INFO - Marking task as SUCCESS. dag_id=SolovevEgor_HW_05_ds_20259834765986593865, task_id=fill_table__product, execution_date=20251221T171821, start_date=20251221T171825, end_date=20251221T171825
[2025-12-21 17:18:25,674] {local_task_job.py:154} INFO - Task exited with return code 0
[2025-12-21 17:18:25,731] {local_task_job.py:264} INFO - 0 downstream tasks scheduled from follow-on schedule check
