[2025-12-21 20:09:10,446] {taskinstance.py:1032} INFO - Dependencies all met for <TaskInstance: SolovevEgor_HW_05_ds_2025.fill_table__orders manual__2025-12-21T20:09:06.831304+00:00 [queued]>
[2025-12-21 20:09:10,464] {taskinstance.py:1032} INFO - Dependencies all met for <TaskInstance: SolovevEgor_HW_05_ds_2025.fill_table__orders manual__2025-12-21T20:09:06.831304+00:00 [queued]>
[2025-12-21 20:09:10,465] {taskinstance.py:1238} INFO - 
--------------------------------------------------------------------------------
[2025-12-21 20:09:10,465] {taskinstance.py:1239} INFO - Starting attempt 1 of 2
[2025-12-21 20:09:10,465] {taskinstance.py:1240} INFO - 
--------------------------------------------------------------------------------
[2025-12-21 20:09:10,481] {taskinstance.py:1259} INFO - Executing <Task(PostgresOperator): fill_table__orders> on 2025-12-21 20:09:06.831304+00:00
[2025-12-21 20:09:10,494] {standard_task_runner.py:76} INFO - Running: ['***', 'tasks', 'run', 'SolovevEgor_HW_05_ds_2025', 'fill_table__orders', 'manual__2025-12-21T20:09:06.831304+00:00', '--job-id', '3475', '--raw', '--subdir', 'DAGS_FOLDER/SolovevEgor_HW_06_ds_2025.py', '--cfg-path', '/tmp/tmp5ixxmprh', '--error-file', '/tmp/tmpcf6z5_fs']
[2025-12-21 20:09:10,495] {standard_task_runner.py:77} INFO - Job 3475: Subtask fill_table__orders
[2025-12-21 20:09:10,486] {standard_task_runner.py:52} INFO - Started process 617 to run task
[2025-12-21 20:09:10,587] {logging_mixin.py:109} INFO - Running <TaskInstance: SolovevEgor_HW_05_ds_2025.fill_table__orders manual__2025-12-21T20:09:06.831304+00:00 [running]> on host 6bc1d04857cc
[2025-12-21 20:09:10,656] {taskinstance.py:1426} INFO - Exporting the following env vars:
AIRFLOW_CTX_DAG_OWNER=Solovev Egor
AIRFLOW_CTX_DAG_ID=SolovevEgor_HW_05_ds_2025
AIRFLOW_CTX_TASK_ID=fill_table__orders
AIRFLOW_CTX_EXECUTION_DATE=2025-12-21T20:09:06.831304+00:00
AIRFLOW_CTX_DAG_RUN_ID=manual__2025-12-21T20:09:06.831304+00:00
[2025-12-21 20:09:10,667] {base.py:79} INFO - Using connection to: id: postgresql. Host: postgres, Port: 5432, Schema: postgres, Login: ***, Password: ***, extra: {}
[2025-12-21 20:09:10,672] {dbapi.py:225} INFO - Running statement: 
                COPY orders FROM '/opt/***/data_files/orders.csv'
                DELIMITER ',' CSV HEADER;
        , parameters: None
[2025-12-21 20:09:10,744] {dbapi.py:233} INFO - Rows affected: 20000
[2025-12-21 20:09:10,763] {taskinstance.py:1277} INFO - Marking task as SUCCESS. dag_id=SolovevEgor_HW_05_ds_2025, task_id=fill_table__orders, execution_date=20251221T200906, start_date=20251221T200910, end_date=20251221T200910
[2025-12-21 20:09:10,797] {local_task_job.py:154} INFO - Task exited with return code 0
[2025-12-21 20:09:10,834] {local_task_job.py:264} INFO - 0 downstream tasks scheduled from follow-on schedule check
