[2025-12-21 19:23:41,865] {taskinstance.py:1032} INFO - Dependencies all met for <TaskInstance: SolovevEgor_HW_05_ds_2025.fill_table__product scheduled__2025-12-21T19:23:19.693354+00:00 [queued]>
[2025-12-21 19:23:41,880] {taskinstance.py:1032} INFO - Dependencies all met for <TaskInstance: SolovevEgor_HW_05_ds_2025.fill_table__product scheduled__2025-12-21T19:23:19.693354+00:00 [queued]>
[2025-12-21 19:23:41,881] {taskinstance.py:1238} INFO - 
--------------------------------------------------------------------------------
[2025-12-21 19:23:41,881] {taskinstance.py:1239} INFO - Starting attempt 1 of 2
[2025-12-21 19:23:41,881] {taskinstance.py:1240} INFO - 
--------------------------------------------------------------------------------
[2025-12-21 19:23:41,897] {taskinstance.py:1259} INFO - Executing <Task(PostgresOperator): fill_table__product> on 2025-12-21 19:23:19.693354+00:00
[2025-12-21 19:23:41,911] {standard_task_runner.py:76} INFO - Running: ['***', 'tasks', 'run', 'SolovevEgor_HW_05_ds_2025', 'fill_table__product', 'scheduled__2025-12-21T19:23:19.693354+00:00', '--job-id', '2494', '--raw', '--subdir', 'DAGS_FOLDER/SolovevEgor_HW_06_ds_2025.py', '--cfg-path', '/tmp/tmpx4ubx8m2', '--error-file', '/tmp/tmp76k62kxo']
[2025-12-21 19:23:41,913] {standard_task_runner.py:77} INFO - Job 2494: Subtask fill_table__product
[2025-12-21 19:23:41,904] {standard_task_runner.py:52} INFO - Started process 350 to run task
[2025-12-21 19:23:42,018] {logging_mixin.py:109} INFO - Running <TaskInstance: SolovevEgor_HW_05_ds_2025.fill_table__product scheduled__2025-12-21T19:23:19.693354+00:00 [running]> on host ed73df1569bc
[2025-12-21 19:23:42,170] {taskinstance.py:1426} INFO - Exporting the following env vars:
AIRFLOW_CTX_DAG_OWNER=Solovev Egor
AIRFLOW_CTX_DAG_ID=SolovevEgor_HW_05_ds_2025
AIRFLOW_CTX_TASK_ID=fill_table__product
AIRFLOW_CTX_EXECUTION_DATE=2025-12-21T19:23:19.693354+00:00
AIRFLOW_CTX_DAG_RUN_ID=scheduled__2025-12-21T19:23:19.693354+00:00
[2025-12-21 19:23:42,193] {base.py:79} INFO - Using connection to: id: postgresql. Host: postgres, Port: 5432, Schema: postgres, Login: ***, Password: ***, extra: {}
[2025-12-21 19:23:42,211] {dbapi.py:225} INFO - Running statement: 
                COPY product FROM '/opt/***/data_files/product.csv'
                DELIMITER ',' CSV HEADER;
        , parameters: None
[2025-12-21 19:23:42,214] {dbapi.py:233} INFO - Rows affected: 190
[2025-12-21 19:23:42,240] {taskinstance.py:1277} INFO - Marking task as SUCCESS. dag_id=SolovevEgor_HW_05_ds_2025, task_id=fill_table__product, execution_date=20251221T192319, start_date=20251221T192341, end_date=20251221T192342
[2025-12-21 19:23:42,294] {local_task_job.py:154} INFO - Task exited with return code 0
[2025-12-21 19:23:42,359] {local_task_job.py:264} INFO - 0 downstream tasks scheduled from follow-on schedule check
