[2025-12-21 18:33:48,664] {taskinstance.py:1032} INFO - Dependencies all met for <TaskInstance: SolovevEgor_HW_05_ds_2025.fill_table__order_items scheduled__2025-12-21T18:33:24.241242+00:00 [queued]>
[2025-12-21 18:33:48,698] {taskinstance.py:1032} INFO - Dependencies all met for <TaskInstance: SolovevEgor_HW_05_ds_2025.fill_table__order_items scheduled__2025-12-21T18:33:24.241242+00:00 [queued]>
[2025-12-21 18:33:48,698] {taskinstance.py:1238} INFO - 
--------------------------------------------------------------------------------
[2025-12-21 18:33:48,698] {taskinstance.py:1239} INFO - Starting attempt 1 of 2
[2025-12-21 18:33:48,698] {taskinstance.py:1240} INFO - 
--------------------------------------------------------------------------------
[2025-12-21 18:33:48,752] {taskinstance.py:1259} INFO - Executing <Task(PostgresOperator): fill_table__order_items> on 2025-12-21 18:33:24.241242+00:00
[2025-12-21 18:33:48,763] {standard_task_runner.py:52} INFO - Started process 7523 to run task
[2025-12-21 18:33:48,775] {standard_task_runner.py:76} INFO - Running: ['***', 'tasks', 'run', 'SolovevEgor_HW_05_ds_2025', 'fill_table__order_items', 'scheduled__2025-12-21T18:33:24.241242+00:00', '--job-id', '745', '--raw', '--subdir', 'DAGS_FOLDER/SolovevEgor_HW_06_ds_2025.py', '--cfg-path', '/tmp/tmpbzmds3fx', '--error-file', '/tmp/tmphzc8i0p0']
[2025-12-21 18:33:48,776] {standard_task_runner.py:77} INFO - Job 745: Subtask fill_table__order_items
[2025-12-21 18:33:48,929] {logging_mixin.py:109} INFO - Running <TaskInstance: SolovevEgor_HW_05_ds_2025.fill_table__order_items scheduled__2025-12-21T18:33:24.241242+00:00 [running]> on host b97b26732d6a
[2025-12-21 18:33:49,104] {taskinstance.py:1426} INFO - Exporting the following env vars:
AIRFLOW_CTX_DAG_OWNER=Solovev Egor
AIRFLOW_CTX_DAG_ID=SolovevEgor_HW_05_ds_2025
AIRFLOW_CTX_TASK_ID=fill_table__order_items
AIRFLOW_CTX_EXECUTION_DATE=2025-12-21T18:33:24.241242+00:00
AIRFLOW_CTX_DAG_RUN_ID=scheduled__2025-12-21T18:33:24.241242+00:00
[2025-12-21 18:33:49,137] {base.py:79} INFO - Using connection to: id: postgresql. Host: postgres, Port: 5432, Schema: postgres, Login: ***, Password: ***, extra: {}
[2025-12-21 18:33:49,147] {dbapi.py:225} INFO - Running statement: 
                COPY order_items FROM '/opt/***/data_files/order_items.csv'
                DELIMITER ',' CSV HEADER;
        , parameters: None
[2025-12-21 18:33:49,275] {dbapi.py:233} INFO - Rows affected: 20000
[2025-12-21 18:33:49,333] {taskinstance.py:1277} INFO - Marking task as SUCCESS. dag_id=SolovevEgor_HW_05_ds_2025, task_id=fill_table__order_items, execution_date=20251221T183324, start_date=20251221T183348, end_date=20251221T183349
[2025-12-21 18:33:49,400] {local_task_job.py:154} INFO - Task exited with return code 0
[2025-12-21 18:33:49,500] {local_task_job.py:264} INFO - 2 downstream tasks scheduled from follow-on schedule check
