[2025-12-21 18:20:07,885] {taskinstance.py:1032} INFO - Dependencies all met for <TaskInstance: SolovevEgor_HW_05_ds_2025.fill_table__customer scheduled__2025-12-21T18:19:49.372814+00:00 [queued]>
[2025-12-21 18:20:07,900] {taskinstance.py:1032} INFO - Dependencies all met for <TaskInstance: SolovevEgor_HW_05_ds_2025.fill_table__customer scheduled__2025-12-21T18:19:49.372814+00:00 [queued]>
[2025-12-21 18:20:07,900] {taskinstance.py:1238} INFO - 
--------------------------------------------------------------------------------
[2025-12-21 18:20:07,900] {taskinstance.py:1239} INFO - Starting attempt 1 of 2
[2025-12-21 18:20:07,900] {taskinstance.py:1240} INFO - 
--------------------------------------------------------------------------------
[2025-12-21 18:20:07,913] {taskinstance.py:1259} INFO - Executing <Task(PostgresOperator): fill_table__customer> on 2025-12-21 18:19:49.372814+00:00
[2025-12-21 18:20:07,919] {standard_task_runner.py:52} INFO - Started process 6800 to run task
[2025-12-21 18:20:07,925] {standard_task_runner.py:76} INFO - Running: ['***', 'tasks', 'run', 'SolovevEgor_HW_05_ds_2025', 'fill_table__customer', 'scheduled__2025-12-21T18:19:49.372814+00:00', '--job-id', '638', '--raw', '--subdir', 'DAGS_FOLDER/SolovevEgor_HW_06_ds_2025.py', '--cfg-path', '/tmp/tmpx4giy8kp', '--error-file', '/tmp/tmp6qto6gv9']
[2025-12-21 18:20:07,926] {standard_task_runner.py:77} INFO - Job 638: Subtask fill_table__customer
[2025-12-21 18:20:07,997] {logging_mixin.py:109} INFO - Running <TaskInstance: SolovevEgor_HW_05_ds_2025.fill_table__customer scheduled__2025-12-21T18:19:49.372814+00:00 [running]> on host b97b26732d6a
[2025-12-21 18:20:08,062] {taskinstance.py:1426} INFO - Exporting the following env vars:
AIRFLOW_CTX_DAG_OWNER=Solovev Egor
AIRFLOW_CTX_DAG_ID=SolovevEgor_HW_05_ds_2025
AIRFLOW_CTX_TASK_ID=fill_table__customer
AIRFLOW_CTX_EXECUTION_DATE=2025-12-21T18:19:49.372814+00:00
AIRFLOW_CTX_DAG_RUN_ID=scheduled__2025-12-21T18:19:49.372814+00:00
[2025-12-21 18:20:08,072] {base.py:79} INFO - Using connection to: id: postgresql. Host: postgres, Port: 5432, Schema: postgres, Login: ***, Password: ***, extra: {}
[2025-12-21 18:20:08,078] {dbapi.py:225} INFO - Running statement: 
                COPY customer FROM '/opt/***/data_files/customer.csv'
                DELIMITER ';' CSV HEADER;
        , parameters: None
[2025-12-21 18:20:08,103] {dbapi.py:233} INFO - Rows affected: 4000
[2025-12-21 18:20:08,132] {taskinstance.py:1277} INFO - Marking task as SUCCESS. dag_id=SolovevEgor_HW_05_ds_2025, task_id=fill_table__customer, execution_date=20251221T181949, start_date=20251221T182007, end_date=20251221T182008
[2025-12-21 18:20:08,179] {local_task_job.py:154} INFO - Task exited with return code 0
[2025-12-21 18:20:08,226] {local_task_job.py:264} INFO - 0 downstream tasks scheduled from follow-on schedule check
