[2025-12-21 20:37:33,080] {taskinstance.py:1032} INFO - Dependencies all met for <TaskInstance: SolovevEgor_HW_05_ds_2025.fill_table__product manual__2025-12-21T20:37:28.210010+00:00 [queued]>
[2025-12-21 20:37:33,096] {taskinstance.py:1032} INFO - Dependencies all met for <TaskInstance: SolovevEgor_HW_05_ds_2025.fill_table__product manual__2025-12-21T20:37:28.210010+00:00 [queued]>
[2025-12-21 20:37:33,096] {taskinstance.py:1238} INFO - 
--------------------------------------------------------------------------------
[2025-12-21 20:37:33,096] {taskinstance.py:1239} INFO - Starting attempt 1 of 2
[2025-12-21 20:37:33,096] {taskinstance.py:1240} INFO - 
--------------------------------------------------------------------------------
[2025-12-21 20:37:33,110] {taskinstance.py:1259} INFO - Executing <Task(PostgresOperator): fill_table__product> on 2025-12-21 20:37:28.210010+00:00
[2025-12-21 20:37:33,129] {standard_task_runner.py:76} INFO - Running: ['***', 'tasks', 'run', 'SolovevEgor_HW_05_ds_2025', 'fill_table__product', 'manual__2025-12-21T20:37:28.210010+00:00', '--job-id', '3523', '--raw', '--subdir', 'DAGS_FOLDER/SolovevEgor_HW_06_ds_2025.py', '--cfg-path', '/tmp/tmphsgj_amd', '--error-file', '/tmp/tmp2w5uevun']
[2025-12-21 20:37:33,131] {standard_task_runner.py:77} INFO - Job 3523: Subtask fill_table__product
[2025-12-21 20:37:33,118] {standard_task_runner.py:52} INFO - Started process 147 to run task
[2025-12-21 20:37:33,229] {logging_mixin.py:109} INFO - Running <TaskInstance: SolovevEgor_HW_05_ds_2025.fill_table__product manual__2025-12-21T20:37:28.210010+00:00 [running]> on host 5d7f2889b39e
[2025-12-21 20:37:33,310] {taskinstance.py:1426} INFO - Exporting the following env vars:
AIRFLOW_CTX_DAG_OWNER=Solovev Egor
AIRFLOW_CTX_DAG_ID=SolovevEgor_HW_05_ds_2025
AIRFLOW_CTX_TASK_ID=fill_table__product
AIRFLOW_CTX_EXECUTION_DATE=2025-12-21T20:37:28.210010+00:00
AIRFLOW_CTX_DAG_RUN_ID=manual__2025-12-21T20:37:28.210010+00:00
[2025-12-21 20:37:33,323] {base.py:79} INFO - Using connection to: id: postgresql. Host: postgres, Port: 5432, Schema: postgres, Login: ***, Password: ***, extra: {}
[2025-12-21 20:37:33,329] {dbapi.py:225} INFO - Running statement: 
                COPY product FROM '/opt/***/data_files/product.csv'
                DELIMITER ',' CSV HEADER;
        , parameters: None
[2025-12-21 20:37:33,332] {dbapi.py:233} INFO - Rows affected: 190
[2025-12-21 20:37:33,358] {taskinstance.py:1277} INFO - Marking task as SUCCESS. dag_id=SolovevEgor_HW_05_ds_2025, task_id=fill_table__product, execution_date=20251221T203728, start_date=20251221T203733, end_date=20251221T203733
[2025-12-21 20:37:33,393] {local_task_job.py:154} INFO - Task exited with return code 0
[2025-12-21 20:37:33,489] {local_task_job.py:264} INFO - 0 downstream tasks scheduled from follow-on schedule check
