[2025-12-21 16:01:03,021] {taskinstance.py:1032} INFO - Dependencies all met for <TaskInstance: HomeWork6.truncate_tables manual__2025-12-21T16:01:00.929373+00:00 [queued]>
[2025-12-21 16:01:03,031] {taskinstance.py:1032} INFO - Dependencies all met for <TaskInstance: HomeWork6.truncate_tables manual__2025-12-21T16:01:00.929373+00:00 [queued]>
[2025-12-21 16:01:03,031] {taskinstance.py:1238} INFO - 
--------------------------------------------------------------------------------
[2025-12-21 16:01:03,031] {taskinstance.py:1239} INFO - Starting attempt 1 of 2
[2025-12-21 16:01:03,031] {taskinstance.py:1240} INFO - 
--------------------------------------------------------------------------------
[2025-12-21 16:01:03,042] {taskinstance.py:1259} INFO - Executing <Task(PostgresOperator): truncate_tables> on 2025-12-21 16:01:00.929373+00:00
[2025-12-21 16:01:03,049] {standard_task_runner.py:76} INFO - Running: ['***', 'tasks', 'run', 'HomeWork6', 'truncate_tables', 'manual__2025-12-21T16:01:00.929373+00:00', '--job-id', '180', '--raw', '--subdir', 'DAGS_FOLDER/HomeWork6.py', '--cfg-path', '/tmp/tmp7l5b_9c1', '--error-file', '/tmp/tmpn15_3e8s']
[2025-12-21 16:01:03,050] {standard_task_runner.py:77} INFO - Job 180: Subtask truncate_tables
[2025-12-21 16:01:03,046] {standard_task_runner.py:52} INFO - Started process 2640 to run task
[2025-12-21 16:01:03,104] {logging_mixin.py:109} INFO - Running <TaskInstance: HomeWork6.truncate_tables manual__2025-12-21T16:01:00.929373+00:00 [running]> on host ee9896260e3b
[2025-12-21 16:01:03,150] {taskinstance.py:1426} INFO - Exporting the following env vars:
AIRFLOW_CTX_DAG_OWNER=Solovev Egor
AIRFLOW_CTX_DAG_ID=HomeWork6
AIRFLOW_CTX_TASK_ID=truncate_tables
AIRFLOW_CTX_EXECUTION_DATE=2025-12-21T16:01:00.929373+00:00
AIRFLOW_CTX_DAG_RUN_ID=manual__2025-12-21T16:01:00.929373+00:00
[2025-12-21 16:01:03,159] {base.py:79} INFO - Using connection to: id: postgresql. Host: postgres, Port: 5432, Schema: postgres, Login: ***, Password: ***, extra: {}
[2025-12-21 16:01:03,163] {dbapi.py:225} INFO - Running statement: truncate table customer, order_items, orders, product;, parameters: None
[2025-12-21 16:01:03,191] {taskinstance.py:1277} INFO - Marking task as SUCCESS. dag_id=HomeWork6, task_id=truncate_tables, execution_date=20251221T160100, start_date=20251221T160103, end_date=20251221T160103
[2025-12-21 16:01:03,228] {local_task_job.py:154} INFO - Task exited with return code 0
[2025-12-21 16:01:03,304] {local_task_job.py:264} INFO - 0 downstream tasks scheduled from follow-on schedule check
