[2025-12-21 19:16:43,606] {taskinstance.py:1032} INFO - Dependencies all met for <TaskInstance: SolovevEgor_HW_05_ds_2025.run_query1 scheduled__2025-12-21T19:10:53.858510+00:00 [queued]>
[2025-12-21 19:16:43,654] {taskinstance.py:1032} INFO - Dependencies all met for <TaskInstance: SolovevEgor_HW_05_ds_2025.run_query1 scheduled__2025-12-21T19:10:53.858510+00:00 [queued]>
[2025-12-21 19:16:43,655] {taskinstance.py:1238} INFO - 
--------------------------------------------------------------------------------
[2025-12-21 19:16:43,655] {taskinstance.py:1239} INFO - Starting attempt 2 of 2
[2025-12-21 19:16:43,655] {taskinstance.py:1240} INFO - 
--------------------------------------------------------------------------------
[2025-12-21 19:16:43,683] {taskinstance.py:1259} INFO - Executing <Task(PythonOperator): run_query1> on 2025-12-21 19:10:53.858510+00:00
[2025-12-21 19:16:43,715] {standard_task_runner.py:76} INFO - Running: ['***', 'tasks', 'run', 'SolovevEgor_HW_05_ds_2025', 'run_query1', 'scheduled__2025-12-21T19:10:53.858510+00:00', '--job-id', '2329', '--raw', '--subdir', 'DAGS_FOLDER/SolovevEgor_HW_06_ds_2025.py', '--cfg-path', '/tmp/tmpxu46aqru', '--error-file', '/tmp/tmps24j42y_']
[2025-12-21 19:16:43,697] {standard_task_runner.py:52} INFO - Started process 87 to run task
[2025-12-21 19:16:43,716] {standard_task_runner.py:77} INFO - Job 2329: Subtask run_query1
[2025-12-21 19:16:43,866] {logging_mixin.py:109} INFO - Running <TaskInstance: SolovevEgor_HW_05_ds_2025.run_query1 scheduled__2025-12-21T19:10:53.858510+00:00 [running]> on host 73327a86500c
[2025-12-21 19:16:43,983] {taskinstance.py:1426} INFO - Exporting the following env vars:
AIRFLOW_CTX_DAG_OWNER=Solovev Egor
AIRFLOW_CTX_DAG_ID=SolovevEgor_HW_05_ds_2025
AIRFLOW_CTX_TASK_ID=run_query1
AIRFLOW_CTX_EXECUTION_DATE=2025-12-21T19:10:53.858510+00:00
AIRFLOW_CTX_DAG_RUN_ID=scheduled__2025-12-21T19:10:53.858510+00:00
[2025-12-21 19:16:45,857] {base.py:79} INFO - Using connection to: id: postgresql. Host: postgres, Port: 5432, Schema: postgres, Login: ***, Password: ***, extra: {}
[2025-12-21 19:16:45,981] {python.py:175} INFO - Done. Returned value was: 0
[2025-12-21 19:16:46,037] {taskinstance.py:1277} INFO - Marking task as SUCCESS. dag_id=SolovevEgor_HW_05_ds_2025, task_id=run_query1, execution_date=20251221T191053, start_date=20251221T191643, end_date=20251221T191646
[2025-12-21 19:16:46,103] {local_task_job.py:154} INFO - Task exited with return code 0
[2025-12-21 19:16:46,185] {local_task_job.py:264} INFO - 0 downstream tasks scheduled from follow-on schedule check
