[2025-12-21 19:42:59,234] {taskinstance.py:1032} INFO - Dependencies all met for <TaskInstance: SolovevEgor_HW_05_ds_2025.fill_table__order_items scheduled__2025-12-21T19:42:39.920202+00:00 [queued]>
[2025-12-21 19:42:59,252] {taskinstance.py:1032} INFO - Dependencies all met for <TaskInstance: SolovevEgor_HW_05_ds_2025.fill_table__order_items scheduled__2025-12-21T19:42:39.920202+00:00 [queued]>
[2025-12-21 19:42:59,252] {taskinstance.py:1238} INFO - 
--------------------------------------------------------------------------------
[2025-12-21 19:42:59,252] {taskinstance.py:1239} INFO - Starting attempt 1 of 2
[2025-12-21 19:42:59,253] {taskinstance.py:1240} INFO - 
--------------------------------------------------------------------------------
[2025-12-21 19:42:59,267] {taskinstance.py:1259} INFO - Executing <Task(PostgresOperator): fill_table__order_items> on 2025-12-21 19:42:39.920202+00:00
[2025-12-21 19:42:59,277] {standard_task_runner.py:76} INFO - Running: ['***', 'tasks', 'run', 'SolovevEgor_HW_05_ds_2025', 'fill_table__order_items', 'scheduled__2025-12-21T19:42:39.920202+00:00', '--job-id', '3011', '--raw', '--subdir', 'DAGS_FOLDER/SolovevEgor_HW_06_ds_2025.py', '--cfg-path', '/tmp/tmpau8larlj', '--error-file', '/tmp/tmp6tzd1ikw']
[2025-12-21 19:42:59,278] {standard_task_runner.py:77} INFO - Job 3011: Subtask fill_table__order_items
[2025-12-21 19:42:59,273] {standard_task_runner.py:52} INFO - Started process 182 to run task
[2025-12-21 19:42:59,345] {logging_mixin.py:109} INFO - Running <TaskInstance: SolovevEgor_HW_05_ds_2025.fill_table__order_items scheduled__2025-12-21T19:42:39.920202+00:00 [running]> on host 2ff0b5b09a4c
[2025-12-21 19:42:59,411] {taskinstance.py:1426} INFO - Exporting the following env vars:
AIRFLOW_CTX_DAG_OWNER=Solovev Egor
AIRFLOW_CTX_DAG_ID=SolovevEgor_HW_05_ds_2025
AIRFLOW_CTX_TASK_ID=fill_table__order_items
AIRFLOW_CTX_EXECUTION_DATE=2025-12-21T19:42:39.920202+00:00
AIRFLOW_CTX_DAG_RUN_ID=scheduled__2025-12-21T19:42:39.920202+00:00
[2025-12-21 19:42:59,424] {base.py:79} INFO - Using connection to: id: postgresql. Host: postgres, Port: 5432, Schema: postgres, Login: ***, Password: ***, extra: {}
[2025-12-21 19:42:59,431] {dbapi.py:225} INFO - Running statement: 
                COPY order_items FROM '/opt/***/data_files/order_items.csv'
                DELIMITER ',' CSV HEADER;
        , parameters: None
[2025-12-21 19:42:59,498] {dbapi.py:233} INFO - Rows affected: 20000
[2025-12-21 19:42:59,517] {taskinstance.py:1277} INFO - Marking task as SUCCESS. dag_id=SolovevEgor_HW_05_ds_2025, task_id=fill_table__order_items, execution_date=20251221T194239, start_date=20251221T194259, end_date=20251221T194259
[2025-12-21 19:42:59,574] {local_task_job.py:154} INFO - Task exited with return code 0
[2025-12-21 19:42:59,621] {local_task_job.py:264} INFO - 0 downstream tasks scheduled from follow-on schedule check
