[2025-12-21 19:00:17,508] {taskinstance.py:1032} INFO - Dependencies all met for <TaskInstance: SolovevEgor_HW_05_ds_2025.fill_table__customer scheduled__2025-12-21T18:59:53.858510+00:00 [queued]>
[2025-12-21 19:00:17,566] {taskinstance.py:1032} INFO - Dependencies all met for <TaskInstance: SolovevEgor_HW_05_ds_2025.fill_table__customer scheduled__2025-12-21T18:59:53.858510+00:00 [queued]>
[2025-12-21 19:00:17,566] {taskinstance.py:1238} INFO - 
--------------------------------------------------------------------------------
[2025-12-21 19:00:17,566] {taskinstance.py:1239} INFO - Starting attempt 1 of 2
[2025-12-21 19:00:17,567] {taskinstance.py:1240} INFO - 
--------------------------------------------------------------------------------
[2025-12-21 19:00:17,603] {taskinstance.py:1259} INFO - Executing <Task(PostgresOperator): fill_table__customer> on 2025-12-21 18:59:53.858510+00:00
[2025-12-21 19:00:17,617] {standard_task_runner.py:76} INFO - Running: ['***', 'tasks', 'run', 'SolovevEgor_HW_05_ds_2025', 'fill_table__customer', 'scheduled__2025-12-21T18:59:53.858510+00:00', '--job-id', '1792', '--raw', '--subdir', 'DAGS_FOLDER/SolovevEgor_HW_06_ds_2025.py', '--cfg-path', '/tmp/tmpzeyqx6td', '--error-file', '/tmp/tmpiig8bk8n']
[2025-12-21 19:00:17,618] {standard_task_runner.py:77} INFO - Job 1792: Subtask fill_table__customer
[2025-12-21 19:00:17,610] {standard_task_runner.py:52} INFO - Started process 10469 to run task
[2025-12-21 19:00:17,758] {logging_mixin.py:109} INFO - Running <TaskInstance: SolovevEgor_HW_05_ds_2025.fill_table__customer scheduled__2025-12-21T18:59:53.858510+00:00 [running]> on host b97b26732d6a
[2025-12-21 19:00:17,918] {taskinstance.py:1426} INFO - Exporting the following env vars:
AIRFLOW_CTX_DAG_OWNER=Solovev Egor
AIRFLOW_CTX_DAG_ID=SolovevEgor_HW_05_ds_2025
AIRFLOW_CTX_TASK_ID=fill_table__customer
AIRFLOW_CTX_EXECUTION_DATE=2025-12-21T18:59:53.858510+00:00
AIRFLOW_CTX_DAG_RUN_ID=scheduled__2025-12-21T18:59:53.858510+00:00
[2025-12-21 19:00:17,955] {base.py:79} INFO - Using connection to: id: postgresql. Host: postgres, Port: 5432, Schema: postgres, Login: ***, Password: ***, extra: {}
[2025-12-21 19:00:17,963] {dbapi.py:225} INFO - Running statement: 
                COPY customer FROM '/opt/***/data_files/customer.csv'
                DELIMITER ';' CSV HEADER;
        , parameters: None
[2025-12-21 19:00:18,013] {dbapi.py:233} INFO - Rows affected: 4000
[2025-12-21 19:00:18,064] {taskinstance.py:1277} INFO - Marking task as SUCCESS. dag_id=SolovevEgor_HW_05_ds_2025, task_id=fill_table__customer, execution_date=20251221T185953, start_date=20251221T190017, end_date=20251221T190018
[2025-12-21 19:00:18,142] {local_task_job.py:154} INFO - Task exited with return code 0
[2025-12-21 19:00:18,237] {local_task_job.py:264} INFO - 0 downstream tasks scheduled from follow-on schedule check
