[2025-12-21 19:10:12,250] {taskinstance.py:1032} INFO - Dependencies all met for <TaskInstance: SolovevEgor_HW_05_ds_2025.fill_table__orders scheduled__2025-12-21T19:09:53.858510+00:00 [queued]>
[2025-12-21 19:10:12,267] {taskinstance.py:1032} INFO - Dependencies all met for <TaskInstance: SolovevEgor_HW_05_ds_2025.fill_table__orders scheduled__2025-12-21T19:09:53.858510+00:00 [queued]>
[2025-12-21 19:10:12,267] {taskinstance.py:1238} INFO - 
--------------------------------------------------------------------------------
[2025-12-21 19:10:12,268] {taskinstance.py:1239} INFO - Starting attempt 1 of 2
[2025-12-21 19:10:12,268] {taskinstance.py:1240} INFO - 
--------------------------------------------------------------------------------
[2025-12-21 19:10:12,281] {taskinstance.py:1259} INFO - Executing <Task(PostgresOperator): fill_table__orders> on 2025-12-21 19:09:53.858510+00:00
[2025-12-21 19:10:12,287] {standard_task_runner.py:52} INFO - Started process 11587 to run task
[2025-12-21 19:10:12,293] {standard_task_runner.py:76} INFO - Running: ['***', 'tasks', 'run', 'SolovevEgor_HW_05_ds_2025', 'fill_table__orders', 'scheduled__2025-12-21T19:09:53.858510+00:00', '--job-id', '2139', '--raw', '--subdir', 'DAGS_FOLDER/SolovevEgor_HW_06_ds_2025.py', '--cfg-path', '/tmp/tmpz5wj2qz1', '--error-file', '/tmp/tmp42yx26vx']
[2025-12-21 19:10:12,294] {standard_task_runner.py:77} INFO - Job 2139: Subtask fill_table__orders
[2025-12-21 19:10:12,363] {logging_mixin.py:109} INFO - Running <TaskInstance: SolovevEgor_HW_05_ds_2025.fill_table__orders scheduled__2025-12-21T19:09:53.858510+00:00 [running]> on host b97b26732d6a
[2025-12-21 19:10:12,421] {taskinstance.py:1426} INFO - Exporting the following env vars:
AIRFLOW_CTX_DAG_OWNER=Solovev Egor
AIRFLOW_CTX_DAG_ID=SolovevEgor_HW_05_ds_2025
AIRFLOW_CTX_TASK_ID=fill_table__orders
AIRFLOW_CTX_EXECUTION_DATE=2025-12-21T19:09:53.858510+00:00
AIRFLOW_CTX_DAG_RUN_ID=scheduled__2025-12-21T19:09:53.858510+00:00
[2025-12-21 19:10:12,430] {base.py:79} INFO - Using connection to: id: postgresql. Host: postgres, Port: 5432, Schema: postgres, Login: ***, Password: ***, extra: {}
[2025-12-21 19:10:12,435] {dbapi.py:225} INFO - Running statement: 
                COPY orders FROM '/opt/***/data_files/orders.csv'
                DELIMITER ',' CSV HEADER;
        , parameters: None
[2025-12-21 19:10:12,495] {dbapi.py:233} INFO - Rows affected: 20000
[2025-12-21 19:10:12,514] {taskinstance.py:1277} INFO - Marking task as SUCCESS. dag_id=SolovevEgor_HW_05_ds_2025, task_id=fill_table__orders, execution_date=20251221T190953, start_date=20251221T191012, end_date=20251221T191012
[2025-12-21 19:10:12,550] {local_task_job.py:154} INFO - Task exited with return code 0
[2025-12-21 19:10:12,586] {local_task_job.py:264} INFO - 0 downstream tasks scheduled from follow-on schedule check
