[2025-12-21 18:58:47,338] {taskinstance.py:1032} INFO - Dependencies all met for <TaskInstance: SolovevEgor_HW_05_ds_2025.fill_table__product scheduled__2025-12-21T18:58:17.232062+00:00 [queued]>
[2025-12-21 18:58:47,402] {taskinstance.py:1032} INFO - Dependencies all met for <TaskInstance: SolovevEgor_HW_05_ds_2025.fill_table__product scheduled__2025-12-21T18:58:17.232062+00:00 [queued]>
[2025-12-21 18:58:47,402] {taskinstance.py:1238} INFO - 
--------------------------------------------------------------------------------
[2025-12-21 18:58:47,403] {taskinstance.py:1239} INFO - Starting attempt 1 of 2
[2025-12-21 18:58:47,403] {taskinstance.py:1240} INFO - 
--------------------------------------------------------------------------------
[2025-12-21 18:58:47,442] {taskinstance.py:1259} INFO - Executing <Task(PostgresOperator): fill_table__product> on 2025-12-21 18:58:17.232062+00:00
[2025-12-21 18:58:47,473] {standard_task_runner.py:76} INFO - Running: ['***', 'tasks', 'run', 'SolovevEgor_HW_05_ds_2025', 'fill_table__product', 'scheduled__2025-12-21T18:58:17.232062+00:00', '--job-id', '1722', '--raw', '--subdir', 'DAGS_FOLDER/SolovevEgor_HW_06_ds_2025.py', '--cfg-path', '/tmp/tmp45zd1pbl', '--error-file', '/tmp/tmpe__i7a4r']
[2025-12-21 18:58:47,475] {standard_task_runner.py:77} INFO - Job 1722: Subtask fill_table__product
[2025-12-21 18:58:47,459] {standard_task_runner.py:52} INFO - Started process 10285 to run task
[2025-12-21 18:58:47,759] {logging_mixin.py:109} INFO - Running <TaskInstance: SolovevEgor_HW_05_ds_2025.fill_table__product scheduled__2025-12-21T18:58:17.232062+00:00 [running]> on host b97b26732d6a
[2025-12-21 18:58:47,961] {taskinstance.py:1426} INFO - Exporting the following env vars:
AIRFLOW_CTX_DAG_OWNER=Solovev Egor
AIRFLOW_CTX_DAG_ID=SolovevEgor_HW_05_ds_2025
AIRFLOW_CTX_TASK_ID=fill_table__product
AIRFLOW_CTX_EXECUTION_DATE=2025-12-21T18:58:17.232062+00:00
AIRFLOW_CTX_DAG_RUN_ID=scheduled__2025-12-21T18:58:17.232062+00:00
[2025-12-21 18:58:48,006] {base.py:79} INFO - Using connection to: id: postgresql. Host: postgres, Port: 5432, Schema: postgres, Login: ***, Password: ***, extra: {}
[2025-12-21 18:58:48,020] {dbapi.py:225} INFO - Running statement: 
                COPY product FROM '/opt/***/data_files/product.csv'
                DELIMITER ',' CSV HEADER;
        , parameters: None
[2025-12-21 18:58:48,023] {dbapi.py:233} INFO - Rows affected: 190
[2025-12-21 18:58:48,079] {taskinstance.py:1277} INFO - Marking task as SUCCESS. dag_id=SolovevEgor_HW_05_ds_2025, task_id=fill_table__product, execution_date=20251221T185817, start_date=20251221T185847, end_date=20251221T185848
[2025-12-21 18:58:48,149] {local_task_job.py:154} INFO - Task exited with return code 0
[2025-12-21 18:58:48,591] {local_task_job.py:264} INFO - 0 downstream tasks scheduled from follow-on schedule check
