[2025-12-21 18:36:08,182] {taskinstance.py:1032} INFO - Dependencies all met for <TaskInstance: SolovevEgor_HW_05_ds_2025.fill_table__order_items scheduled__2025-12-21T18:35:43.616145+00:00 [queued]>
[2025-12-21 18:36:08,245] {taskinstance.py:1032} INFO - Dependencies all met for <TaskInstance: SolovevEgor_HW_05_ds_2025.fill_table__order_items scheduled__2025-12-21T18:35:43.616145+00:00 [queued]>
[2025-12-21 18:36:08,245] {taskinstance.py:1238} INFO - 
--------------------------------------------------------------------------------
[2025-12-21 18:36:08,246] {taskinstance.py:1239} INFO - Starting attempt 1 of 2
[2025-12-21 18:36:08,246] {taskinstance.py:1240} INFO - 
--------------------------------------------------------------------------------
[2025-12-21 18:36:08,281] {taskinstance.py:1259} INFO - Executing <Task(PostgresOperator): fill_table__order_items> on 2025-12-21 18:35:43.616145+00:00
[2025-12-21 18:36:08,296] {standard_task_runner.py:52} INFO - Started process 7779 to run task
[2025-12-21 18:36:08,304] {standard_task_runner.py:76} INFO - Running: ['***', 'tasks', 'run', 'SolovevEgor_HW_05_ds_2025', 'fill_table__order_items', 'scheduled__2025-12-21T18:35:43.616145+00:00', '--job-id', '831', '--raw', '--subdir', 'DAGS_FOLDER/SolovevEgor_HW_06_ds_2025.py', '--cfg-path', '/tmp/tmp6_pjt8zh', '--error-file', '/tmp/tmpj1q9gh00']
[2025-12-21 18:36:08,305] {standard_task_runner.py:77} INFO - Job 831: Subtask fill_table__order_items
[2025-12-21 18:36:08,453] {logging_mixin.py:109} INFO - Running <TaskInstance: SolovevEgor_HW_05_ds_2025.fill_table__order_items scheduled__2025-12-21T18:35:43.616145+00:00 [running]> on host b97b26732d6a
[2025-12-21 18:36:08,616] {taskinstance.py:1426} INFO - Exporting the following env vars:
AIRFLOW_CTX_DAG_OWNER=Solovev Egor
AIRFLOW_CTX_DAG_ID=SolovevEgor_HW_05_ds_2025
AIRFLOW_CTX_TASK_ID=fill_table__order_items
AIRFLOW_CTX_EXECUTION_DATE=2025-12-21T18:35:43.616145+00:00
AIRFLOW_CTX_DAG_RUN_ID=scheduled__2025-12-21T18:35:43.616145+00:00
[2025-12-21 18:36:08,638] {base.py:79} INFO - Using connection to: id: postgresql. Host: postgres, Port: 5432, Schema: postgres, Login: ***, Password: ***, extra: {}
[2025-12-21 18:36:08,651] {dbapi.py:225} INFO - Running statement: 
                COPY order_items FROM '/opt/***/data_files/order_items.csv'
                DELIMITER ',' CSV HEADER;
        , parameters: None
[2025-12-21 18:36:08,797] {dbapi.py:233} INFO - Rows affected: 20000
[2025-12-21 18:36:08,845] {taskinstance.py:1277} INFO - Marking task as SUCCESS. dag_id=SolovevEgor_HW_05_ds_2025, task_id=fill_table__order_items, execution_date=20251221T183543, start_date=20251221T183608, end_date=20251221T183608
[2025-12-21 18:36:08,956] {local_task_job.py:154} INFO - Task exited with return code 0
[2025-12-21 18:36:09,175] {local_task_job.py:264} INFO - 0 downstream tasks scheduled from follow-on schedule check
