[2025-12-21 17:26:28,031] {taskinstance.py:1032} INFO - Dependencies all met for <TaskInstance: SolovevEgor_HW_05_ds_20259834765986593865.fill_table__product manual__2025-12-21T17:26:24.592102+00:00 [queued]>
[2025-12-21 17:26:28,046] {taskinstance.py:1032} INFO - Dependencies all met for <TaskInstance: SolovevEgor_HW_05_ds_20259834765986593865.fill_table__product manual__2025-12-21T17:26:24.592102+00:00 [queued]>
[2025-12-21 17:26:28,046] {taskinstance.py:1238} INFO - 
--------------------------------------------------------------------------------
[2025-12-21 17:26:28,046] {taskinstance.py:1239} INFO - Starting attempt 1 of 2
[2025-12-21 17:26:28,046] {taskinstance.py:1240} INFO - 
--------------------------------------------------------------------------------
[2025-12-21 17:26:28,058] {taskinstance.py:1259} INFO - Executing <Task(PostgresOperator): fill_table__product> on 2025-12-21 17:26:24.592102+00:00
[2025-12-21 17:26:28,070] {standard_task_runner.py:76} INFO - Running: ['***', 'tasks', 'run', 'SolovevEgor_HW_05_ds_20259834765986593865', 'fill_table__product', 'manual__2025-12-21T17:26:24.592102+00:00', '--job-id', '291', '--raw', '--subdir', 'DAGS_FOLDER/SolovevEgor_HW_06_ds_2025.py', '--cfg-path', '/tmp/tmpiu4fivza', '--error-file', '/tmp/tmpc_prl0g0']
[2025-12-21 17:26:28,071] {standard_task_runner.py:77} INFO - Job 291: Subtask fill_table__product
[2025-12-21 17:26:28,065] {standard_task_runner.py:52} INFO - Started process 3509 to run task
[2025-12-21 17:26:28,169] {logging_mixin.py:109} INFO - Running <TaskInstance: SolovevEgor_HW_05_ds_20259834765986593865.fill_table__product manual__2025-12-21T17:26:24.592102+00:00 [running]> on host b97b26732d6a
[2025-12-21 17:26:28,252] {taskinstance.py:1426} INFO - Exporting the following env vars:
AIRFLOW_CTX_DAG_OWNER=Solovev Egor
AIRFLOW_CTX_DAG_ID=SolovevEgor_HW_05_ds_20259834765986593865
AIRFLOW_CTX_TASK_ID=fill_table__product
AIRFLOW_CTX_EXECUTION_DATE=2025-12-21T17:26:24.592102+00:00
AIRFLOW_CTX_DAG_RUN_ID=manual__2025-12-21T17:26:24.592102+00:00
[2025-12-21 17:26:28,262] {base.py:79} INFO - Using connection to: id: postgresql. Host: postgres, Port: 5432, Schema: postgres, Login: ***, Password: ***, extra: {}
[2025-12-21 17:26:28,268] {dbapi.py:225} INFO - Running statement: 
                COPY product FROM '/opt/***/data_files/product.csv'
                DELIMITER ',' CSV HEADER;
        , parameters: None
[2025-12-21 17:26:28,269] {dbapi.py:233} INFO - Rows affected: 190
[2025-12-21 17:26:28,304] {taskinstance.py:1277} INFO - Marking task as SUCCESS. dag_id=SolovevEgor_HW_05_ds_20259834765986593865, task_id=fill_table__product, execution_date=20251221T172624, start_date=20251221T172628, end_date=20251221T172628
[2025-12-21 17:26:28,333] {local_task_job.py:154} INFO - Task exited with return code 0
[2025-12-21 17:26:28,385] {local_task_job.py:264} INFO - 0 downstream tasks scheduled from follow-on schedule check
