[2025-12-21 15:01:36,966] {taskinstance.py:1032} INFO - Dependencies all met for <TaskInstance: HomeWork6.check_customer_file manual__2025-12-21T14:56:30.640495+00:00 [queued]>
[2025-12-21 15:01:36,987] {taskinstance.py:1032} INFO - Dependencies all met for <TaskInstance: HomeWork6.check_customer_file manual__2025-12-21T14:56:30.640495+00:00 [queued]>
[2025-12-21 15:01:36,987] {taskinstance.py:1238} INFO - 
--------------------------------------------------------------------------------
[2025-12-21 15:01:36,987] {taskinstance.py:1239} INFO - Starting attempt 2 of 2
[2025-12-21 15:01:36,987] {taskinstance.py:1240} INFO - 
--------------------------------------------------------------------------------
[2025-12-21 15:01:37,016] {taskinstance.py:1259} INFO - Executing <Task(FileSensor): check_customer_file> on 2025-12-21 14:56:30.640495+00:00
[2025-12-21 15:01:37,029] {standard_task_runner.py:52} INFO - Started process 3719 to run task
[2025-12-21 15:01:37,046] {standard_task_runner.py:76} INFO - Running: ['***', 'tasks', 'run', 'HomeWork6', 'check_customer_file', 'manual__2025-12-21T14:56:30.640495+00:00', '--job-id', '37', '--raw', '--subdir', 'DAGS_FOLDER/HomeWork6.py', '--cfg-path', '/tmp/tmpn7tsw5wp', '--error-file', '/tmp/tmp2u1ooi0j']
[2025-12-21 15:01:37,047] {standard_task_runner.py:77} INFO - Job 37: Subtask check_customer_file
[2025-12-21 15:01:37,173] {logging_mixin.py:109} INFO - Running <TaskInstance: HomeWork6.check_customer_file manual__2025-12-21T14:56:30.640495+00:00 [running]> on host 16edff5d31fa
[2025-12-21 15:01:37,319] {taskinstance.py:1426} INFO - Exporting the following env vars:
AIRFLOW_CTX_DAG_OWNER=Solovev Egor
AIRFLOW_CTX_DAG_ID=HomeWork6
AIRFLOW_CTX_TASK_ID=check_customer_file
AIRFLOW_CTX_EXECUTION_DATE=2025-12-21T14:56:30.640495+00:00
AIRFLOW_CTX_DAG_RUN_ID=manual__2025-12-21T14:56:30.640495+00:00
[2025-12-21 15:01:37,368] {taskinstance.py:1700} ERROR - Task failed with exception
Traceback (most recent call last):
  File "/home/airflow/.local/lib/python3.6/site-packages/airflow/models/taskinstance.py", line 1329, in _run_raw_task
    self._execute_task_with_callbacks(context)
  File "/home/airflow/.local/lib/python3.6/site-packages/airflow/models/taskinstance.py", line 1455, in _execute_task_with_callbacks
    result = self._execute_task(context, self.task)
  File "/home/airflow/.local/lib/python3.6/site-packages/airflow/models/taskinstance.py", line 1511, in _execute_task
    result = execute_callable(context=context)
  File "/home/airflow/.local/lib/python3.6/site-packages/airflow/sensors/base.py", line 234, in execute
    while not self.poke(context):
  File "/home/airflow/.local/lib/python3.6/site-packages/airflow/sensors/filesystem.py", line 56, in poke
    hook = FSHook(self.fs_conn_id)
  File "/home/airflow/.local/lib/python3.6/site-packages/airflow/hooks/filesystem.py", line 38, in __init__
    conn = self.get_connection(conn_id)
  File "/home/airflow/.local/lib/python3.6/site-packages/airflow/hooks/base.py", line 68, in get_connection
    conn = Connection.get_connection_from_secrets(conn_id)
  File "/home/airflow/.local/lib/python3.6/site-packages/airflow/models/connection.py", line 410, in get_connection_from_secrets
    raise AirflowNotFoundException(f"The conn_id `{conn_id}` isn't defined")
airflow.exceptions.AirflowNotFoundException: The conn_id `fs_default` isn't defined
[2025-12-21 15:01:37,382] {taskinstance.py:1277} INFO - Marking task as FAILED. dag_id=HomeWork6, task_id=check_customer_file, execution_date=20251221T145630, start_date=20251221T150136, end_date=20251221T150137
[2025-12-21 15:01:37,408] {standard_task_runner.py:92} ERROR - Failed to execute job 37 for task check_customer_file
Traceback (most recent call last):
  File "/home/airflow/.local/lib/python3.6/site-packages/airflow/task/task_runner/standard_task_runner.py", line 85, in _start_by_fork
    args.func(args, dag=self.dag)
  File "/home/airflow/.local/lib/python3.6/site-packages/airflow/cli/cli_parser.py", line 48, in command
    return func(*args, **kwargs)
  File "/home/airflow/.local/lib/python3.6/site-packages/airflow/utils/cli.py", line 92, in wrapper
    return f(*args, **kwargs)
  File "/home/airflow/.local/lib/python3.6/site-packages/airflow/cli/commands/task_command.py", line 298, in task_run
    _run_task_by_selected_method(args, dag, ti)
  File "/home/airflow/.local/lib/python3.6/site-packages/airflow/cli/commands/task_command.py", line 107, in _run_task_by_selected_method
    _run_raw_task(args, ti)
  File "/home/airflow/.local/lib/python3.6/site-packages/airflow/cli/commands/task_command.py", line 184, in _run_raw_task
    error_file=args.error_file,
  File "/home/airflow/.local/lib/python3.6/site-packages/airflow/utils/session.py", line 70, in wrapper
    return func(*args, session=session, **kwargs)
  File "/home/airflow/.local/lib/python3.6/site-packages/airflow/models/taskinstance.py", line 1329, in _run_raw_task
    self._execute_task_with_callbacks(context)
  File "/home/airflow/.local/lib/python3.6/site-packages/airflow/models/taskinstance.py", line 1455, in _execute_task_with_callbacks
    result = self._execute_task(context, self.task)
  File "/home/airflow/.local/lib/python3.6/site-packages/airflow/models/taskinstance.py", line 1511, in _execute_task
    result = execute_callable(context=context)
  File "/home/airflow/.local/lib/python3.6/site-packages/airflow/sensors/base.py", line 234, in execute
    while not self.poke(context):
  File "/home/airflow/.local/lib/python3.6/site-packages/airflow/sensors/filesystem.py", line 56, in poke
    hook = FSHook(self.fs_conn_id)
  File "/home/airflow/.local/lib/python3.6/site-packages/airflow/hooks/filesystem.py", line 38, in __init__
    conn = self.get_connection(conn_id)
  File "/home/airflow/.local/lib/python3.6/site-packages/airflow/hooks/base.py", line 68, in get_connection
    conn = Connection.get_connection_from_secrets(conn_id)
  File "/home/airflow/.local/lib/python3.6/site-packages/airflow/models/connection.py", line 410, in get_connection_from_secrets
    raise AirflowNotFoundException(f"The conn_id `{conn_id}` isn't defined")
airflow.exceptions.AirflowNotFoundException: The conn_id `fs_default` isn't defined
[2025-12-21 15:01:37,457] {local_task_job.py:154} INFO - Task exited with return code 1
[2025-12-21 15:01:37,549] {local_task_job.py:264} INFO - 0 downstream tasks scheduled from follow-on schedule check
