[2025-12-21 19:02:32,112] {taskinstance.py:1032} INFO - Dependencies all met for <TaskInstance: SolovevEgor_HW_05_ds_2025.run_query2 scheduled__2025-12-21T19:02:08.858510+00:00 [queued]>
[2025-12-21 19:02:32,137] {taskinstance.py:1032} INFO - Dependencies all met for <TaskInstance: SolovevEgor_HW_05_ds_2025.run_query2 scheduled__2025-12-21T19:02:08.858510+00:00 [queued]>
[2025-12-21 19:02:32,137] {taskinstance.py:1238} INFO - 
--------------------------------------------------------------------------------
[2025-12-21 19:02:32,137] {taskinstance.py:1239} INFO - Starting attempt 1 of 2
[2025-12-21 19:02:32,137] {taskinstance.py:1240} INFO - 
--------------------------------------------------------------------------------
[2025-12-21 19:02:32,170] {taskinstance.py:1259} INFO - Executing <Task(PythonOperator): run_query2> on 2025-12-21 19:02:08.858510+00:00
[2025-12-21 19:02:32,186] {standard_task_runner.py:76} INFO - Running: ['***', 'tasks', 'run', 'SolovevEgor_HW_05_ds_2025', 'run_query2', 'scheduled__2025-12-21T19:02:08.858510+00:00', '--job-id', '1867', '--raw', '--subdir', 'DAGS_FOLDER/SolovevEgor_HW_06_ds_2025.py', '--cfg-path', '/tmp/tmp2kvblcjt', '--error-file', '/tmp/tmpmb_5j6jl']
[2025-12-21 19:02:32,188] {standard_task_runner.py:77} INFO - Job 1867: Subtask run_query2
[2025-12-21 19:02:32,178] {standard_task_runner.py:52} INFO - Started process 10697 to run task
[2025-12-21 19:02:32,310] {logging_mixin.py:109} INFO - Running <TaskInstance: SolovevEgor_HW_05_ds_2025.run_query2 scheduled__2025-12-21T19:02:08.858510+00:00 [running]> on host b97b26732d6a
[2025-12-21 19:02:32,460] {taskinstance.py:1426} INFO - Exporting the following env vars:
AIRFLOW_CTX_DAG_OWNER=Solovev Egor
AIRFLOW_CTX_DAG_ID=SolovevEgor_HW_05_ds_2025
AIRFLOW_CTX_TASK_ID=run_query2
AIRFLOW_CTX_EXECUTION_DATE=2025-12-21T19:02:08.858510+00:00
AIRFLOW_CTX_DAG_RUN_ID=scheduled__2025-12-21T19:02:08.858510+00:00
[2025-12-21 19:02:32,461] {logging_mixin.py:109} INFO - Вот мой DF!
[2025-12-21 19:02:33,067] {base.py:79} INFO - Using connection to: id: postgresql. Host: postgres, Port: 5432, Schema: postgres, Login: ***, Password: ***, extra: {}
[2025-12-21 19:02:33,203] {python.py:175} INFO - Done. Returned value was: 1234567
[2025-12-21 19:02:32,359] {taskinstance.py:1277} INFO - Marking task as SUCCESS. dag_id=SolovevEgor_HW_05_ds_2025, task_id=run_query2, execution_date=20251221T190208, start_date=20251221T190232, end_date=20251221T190232
[2025-12-21 19:02:32,411] {local_task_job.py:154} INFO - Task exited with return code 0
[2025-12-21 19:02:32,455] {local_task_job.py:264} INFO - 0 downstream tasks scheduled from follow-on schedule check
