[2025-12-21 20:37:14,930] {taskinstance.py:1032} INFO - Dependencies all met for <TaskInstance: SolovevEgor_HW_05_ds_2025.run_query1 manual__2025-12-21T20:37:10.450870+00:00 [queued]>
[2025-12-21 20:37:14,940] {taskinstance.py:1032} INFO - Dependencies all met for <TaskInstance: SolovevEgor_HW_05_ds_2025.run_query1 manual__2025-12-21T20:37:10.450870+00:00 [queued]>
[2025-12-21 20:37:14,941] {taskinstance.py:1238} INFO - 
--------------------------------------------------------------------------------
[2025-12-21 20:37:14,941] {taskinstance.py:1239} INFO - Starting attempt 1 of 2
[2025-12-21 20:37:14,941] {taskinstance.py:1240} INFO - 
--------------------------------------------------------------------------------
[2025-12-21 20:37:14,951] {taskinstance.py:1259} INFO - Executing <Task(PythonOperator): run_query1> on 2025-12-21 20:37:10.450870+00:00
[2025-12-21 20:37:14,958] {standard_task_runner.py:76} INFO - Running: ['***', 'tasks', 'run', 'SolovevEgor_HW_05_ds_2025', 'run_query1', 'manual__2025-12-21T20:37:10.450870+00:00', '--job-id', '3519', '--raw', '--subdir', 'DAGS_FOLDER/SolovevEgor_HW_06_ds_2025.py', '--cfg-path', '/tmp/tmp4h2yy7hj', '--error-file', '/tmp/tmp29gwgqm2']
[2025-12-21 20:37:14,959] {standard_task_runner.py:77} INFO - Job 3519: Subtask run_query1
[2025-12-21 20:37:14,955] {standard_task_runner.py:52} INFO - Started process 126 to run task
[2025-12-21 20:37:15,024] {logging_mixin.py:109} INFO - Running <TaskInstance: SolovevEgor_HW_05_ds_2025.run_query1 manual__2025-12-21T20:37:10.450870+00:00 [running]> on host 5d7f2889b39e
[2025-12-21 20:37:15,070] {taskinstance.py:1426} INFO - Exporting the following env vars:
AIRFLOW_CTX_DAG_OWNER=Solovev Egor
AIRFLOW_CTX_DAG_ID=SolovevEgor_HW_05_ds_2025
AIRFLOW_CTX_TASK_ID=run_query1
AIRFLOW_CTX_EXECUTION_DATE=2025-12-21T20:37:10.450870+00:00
AIRFLOW_CTX_DAG_RUN_ID=manual__2025-12-21T20:37:10.450870+00:00
[2025-12-21 20:37:15,071] {logging_mixin.py:109} INFO - Выполняется запрос query5.sql в 20251221_203715
[2025-12-21 20:37:15,783] {base.py:79} INFO - Using connection to: id: postgresql. Host: postgres, Port: 5432, Schema: postgres, Login: ***, Password: ***, extra: {}
[2025-12-21 20:37:15,820] {python.py:175} INFO - Done. Returned value was: 0
[2025-12-21 20:37:15,840] {taskinstance.py:1277} INFO - Marking task as SUCCESS. dag_id=SolovevEgor_HW_05_ds_2025, task_id=run_query1, execution_date=20251221T203710, start_date=20251221T203714, end_date=20251221T203715
[2025-12-21 20:37:15,866] {local_task_job.py:154} INFO - Task exited with return code 0
[2025-12-21 20:37:15,890] {local_task_job.py:264} INFO - 0 downstream tasks scheduled from follow-on schedule check
