[2025-12-21 17:15:22,965] {taskinstance.py:1032} INFO - Dependencies all met for <TaskInstance: SolovevEgor_HW_05_ds_20259834765986593865.fill_table__order_items scheduled__2025-12-20T17:15:10.739199+00:00 [queued]>
[2025-12-21 17:15:22,988] {taskinstance.py:1032} INFO - Dependencies all met for <TaskInstance: SolovevEgor_HW_05_ds_20259834765986593865.fill_table__order_items scheduled__2025-12-20T17:15:10.739199+00:00 [queued]>
[2025-12-21 17:15:22,989] {taskinstance.py:1238} INFO - 
--------------------------------------------------------------------------------
[2025-12-21 17:15:22,989] {taskinstance.py:1239} INFO - Starting attempt 1 of 2
[2025-12-21 17:15:22,989] {taskinstance.py:1240} INFO - 
--------------------------------------------------------------------------------
[2025-12-21 17:15:23,008] {taskinstance.py:1259} INFO - Executing <Task(PostgresOperator): fill_table__order_items> on 2025-12-20 17:15:10.739199+00:00
[2025-12-21 17:15:23,024] {standard_task_runner.py:76} INFO - Running: ['***', 'tasks', 'run', 'SolovevEgor_HW_05_ds_20259834765986593865', 'fill_table__order_items', 'scheduled__2025-12-20T17:15:10.739199+00:00', '--job-id', '244', '--raw', '--subdir', 'DAGS_FOLDER/SolovevEgor_HW_06_ds_2025.py', '--cfg-path', '/tmp/tmp9zqml0zf', '--error-file', '/tmp/tmp4n3qllqk']
[2025-12-21 17:15:23,027] {standard_task_runner.py:77} INFO - Job 244: Subtask fill_table__order_items
[2025-12-21 17:15:23,019] {standard_task_runner.py:52} INFO - Started process 2895 to run task
[2025-12-21 17:15:23,115] {logging_mixin.py:109} INFO - Running <TaskInstance: SolovevEgor_HW_05_ds_20259834765986593865.fill_table__order_items scheduled__2025-12-20T17:15:10.739199+00:00 [running]> on host b97b26732d6a
[2025-12-21 17:15:23,211] {taskinstance.py:1426} INFO - Exporting the following env vars:
AIRFLOW_CTX_DAG_OWNER=Solovev Egor
AIRFLOW_CTX_DAG_ID=SolovevEgor_HW_05_ds_20259834765986593865
AIRFLOW_CTX_TASK_ID=fill_table__order_items
AIRFLOW_CTX_EXECUTION_DATE=2025-12-20T17:15:10.739199+00:00
AIRFLOW_CTX_DAG_RUN_ID=scheduled__2025-12-20T17:15:10.739199+00:00
[2025-12-21 17:15:23,226] {base.py:79} INFO - Using connection to: id: postgresql. Host: postgres, Port: 5432, Schema: postgres, Login: ***, Password: ***, extra: {}
[2025-12-21 17:15:23,232] {dbapi.py:225} INFO - Running statement: 
                COPY order_items FROM '/opt/***/data_files/order_items.csv'
                DELIMITER ',' CSV HEADER;
        , parameters: None
[2025-12-21 17:15:23,284] {taskinstance.py:1700} ERROR - Task failed with exception
Traceback (most recent call last):
  File "/home/airflow/.local/lib/python3.6/site-packages/airflow/models/taskinstance.py", line 1329, in _run_raw_task
    self._execute_task_with_callbacks(context)
  File "/home/airflow/.local/lib/python3.6/site-packages/airflow/models/taskinstance.py", line 1455, in _execute_task_with_callbacks
    result = self._execute_task(context, self.task)
  File "/home/airflow/.local/lib/python3.6/site-packages/airflow/models/taskinstance.py", line 1511, in _execute_task
    result = execute_callable(context=context)
  File "/home/airflow/.local/lib/python3.6/site-packages/airflow/providers/postgres/operators/postgres.py", line 69, in execute
    self.hook.run(self.sql, self.autocommit, parameters=self.parameters)
  File "/home/airflow/.local/lib/python3.6/site-packages/airflow/hooks/dbapi.py", line 205, in run
    self._run_command(cur, sql_statement, parameters)
  File "/home/airflow/.local/lib/python3.6/site-packages/airflow/hooks/dbapi.py", line 229, in _run_command
    cur.execute(sql_statement)
psycopg2.errors.UniqueViolation: duplicate key value violates unique constraint "order_items_pkey"
DETAIL:  Key (order_item_id)=(1) already exists.
CONTEXT:  COPY order_items, line 2

[2025-12-21 17:15:23,304] {taskinstance.py:1277} INFO - Marking task as UP_FOR_RETRY. dag_id=SolovevEgor_HW_05_ds_20259834765986593865, task_id=fill_table__order_items, execution_date=20251220T171510, start_date=20251221T171522, end_date=20251221T171523
[2025-12-21 17:15:23,318] {standard_task_runner.py:92} ERROR - Failed to execute job 244 for task fill_table__order_items
Traceback (most recent call last):
  File "/home/airflow/.local/lib/python3.6/site-packages/airflow/task/task_runner/standard_task_runner.py", line 85, in _start_by_fork
    args.func(args, dag=self.dag)
  File "/home/airflow/.local/lib/python3.6/site-packages/airflow/cli/cli_parser.py", line 48, in command
    return func(*args, **kwargs)
  File "/home/airflow/.local/lib/python3.6/site-packages/airflow/utils/cli.py", line 92, in wrapper
    return f(*args, **kwargs)
  File "/home/airflow/.local/lib/python3.6/site-packages/airflow/cli/commands/task_command.py", line 298, in task_run
    _run_task_by_selected_method(args, dag, ti)
  File "/home/airflow/.local/lib/python3.6/site-packages/airflow/cli/commands/task_command.py", line 107, in _run_task_by_selected_method
    _run_raw_task(args, ti)
  File "/home/airflow/.local/lib/python3.6/site-packages/airflow/cli/commands/task_command.py", line 184, in _run_raw_task
    error_file=args.error_file,
  File "/home/airflow/.local/lib/python3.6/site-packages/airflow/utils/session.py", line 70, in wrapper
    return func(*args, session=session, **kwargs)
  File "/home/airflow/.local/lib/python3.6/site-packages/airflow/models/taskinstance.py", line 1329, in _run_raw_task
    self._execute_task_with_callbacks(context)
  File "/home/airflow/.local/lib/python3.6/site-packages/airflow/models/taskinstance.py", line 1455, in _execute_task_with_callbacks
    result = self._execute_task(context, self.task)
  File "/home/airflow/.local/lib/python3.6/site-packages/airflow/models/taskinstance.py", line 1511, in _execute_task
    result = execute_callable(context=context)
  File "/home/airflow/.local/lib/python3.6/site-packages/airflow/providers/postgres/operators/postgres.py", line 69, in execute
    self.hook.run(self.sql, self.autocommit, parameters=self.parameters)
  File "/home/airflow/.local/lib/python3.6/site-packages/airflow/hooks/dbapi.py", line 205, in run
    self._run_command(cur, sql_statement, parameters)
  File "/home/airflow/.local/lib/python3.6/site-packages/airflow/hooks/dbapi.py", line 229, in _run_command
    cur.execute(sql_statement)
psycopg2.errors.UniqueViolation: duplicate key value violates unique constraint "order_items_pkey"
DETAIL:  Key (order_item_id)=(1) already exists.
CONTEXT:  COPY order_items, line 2

[2025-12-21 17:15:23,332] {local_task_job.py:154} INFO - Task exited with return code 1
[2025-12-21 17:15:23,364] {local_task_job.py:264} INFO - 0 downstream tasks scheduled from follow-on schedule check
