[2025-12-21 18:14:01,545] {taskinstance.py:1032} INFO - Dependencies all met for <TaskInstance: SolovevEgor_HW_05_ds_2025.fill_table__product scheduled__2025-12-21T18:13:42.291768+00:00 [queued]>
[2025-12-21 18:14:01,558] {taskinstance.py:1032} INFO - Dependencies all met for <TaskInstance: SolovevEgor_HW_05_ds_2025.fill_table__product scheduled__2025-12-21T18:13:42.291768+00:00 [queued]>
[2025-12-21 18:14:01,559] {taskinstance.py:1238} INFO - 
--------------------------------------------------------------------------------
[2025-12-21 18:14:01,559] {taskinstance.py:1239} INFO - Starting attempt 1 of 2
[2025-12-21 18:14:01,559] {taskinstance.py:1240} INFO - 
--------------------------------------------------------------------------------
[2025-12-21 18:14:01,573] {taskinstance.py:1259} INFO - Executing <Task(PostgresOperator): fill_table__product> on 2025-12-21 18:13:42.291768+00:00
[2025-12-21 18:14:01,579] {standard_task_runner.py:52} INFO - Started process 6175 to run task
[2025-12-21 18:14:01,585] {standard_task_runner.py:76} INFO - Running: ['***', 'tasks', 'run', 'SolovevEgor_HW_05_ds_2025', 'fill_table__product', 'scheduled__2025-12-21T18:13:42.291768+00:00', '--job-id', '471', '--raw', '--subdir', 'DAGS_FOLDER/SolovevEgor_HW_06_ds_2025.py', '--cfg-path', '/tmp/tmp0218xbh5', '--error-file', '/tmp/tmpl2vtl4ua']
[2025-12-21 18:14:01,585] {standard_task_runner.py:77} INFO - Job 471: Subtask fill_table__product
[2025-12-21 18:14:01,664] {logging_mixin.py:109} INFO - Running <TaskInstance: SolovevEgor_HW_05_ds_2025.fill_table__product scheduled__2025-12-21T18:13:42.291768+00:00 [running]> on host b97b26732d6a
[2025-12-21 18:14:01,726] {taskinstance.py:1426} INFO - Exporting the following env vars:
AIRFLOW_CTX_DAG_OWNER=Solovev Egor
AIRFLOW_CTX_DAG_ID=SolovevEgor_HW_05_ds_2025
AIRFLOW_CTX_TASK_ID=fill_table__product
AIRFLOW_CTX_EXECUTION_DATE=2025-12-21T18:13:42.291768+00:00
AIRFLOW_CTX_DAG_RUN_ID=scheduled__2025-12-21T18:13:42.291768+00:00
[2025-12-21 18:14:01,736] {base.py:79} INFO - Using connection to: id: postgresql. Host: postgres, Port: 5432, Schema: postgres, Login: ***, Password: ***, extra: {}
[2025-12-21 18:14:01,742] {dbapi.py:225} INFO - Running statement: 
                COPY product FROM '/opt/***/data_files/product.csv'
                DELIMITER ',' CSV HEADER;
        , parameters: None
[2025-12-21 18:14:01,743] {dbapi.py:233} INFO - Rows affected: 190
[2025-12-21 18:14:01,762] {taskinstance.py:1277} INFO - Marking task as SUCCESS. dag_id=SolovevEgor_HW_05_ds_2025, task_id=fill_table__product, execution_date=20251221T181342, start_date=20251221T181401, end_date=20251221T181401
[2025-12-21 18:14:01,798] {local_task_job.py:154} INFO - Task exited with return code 0
[2025-12-21 18:14:01,834] {local_task_job.py:264} INFO - 0 downstream tasks scheduled from follow-on schedule check
