[2025-12-21 15:14:22,348] {taskinstance.py:1032} INFO - Dependencies all met for <TaskInstance: HomeWork6.Fill_Tables_customer__order_items__orders__product_ manual__2025-12-21T15:14:20.830126+00:00 [queued]>
[2025-12-21 15:14:22,364] {taskinstance.py:1032} INFO - Dependencies all met for <TaskInstance: HomeWork6.Fill_Tables_customer__order_items__orders__product_ manual__2025-12-21T15:14:20.830126+00:00 [queued]>
[2025-12-21 15:14:22,365] {taskinstance.py:1238} INFO - 
--------------------------------------------------------------------------------
[2025-12-21 15:14:22,365] {taskinstance.py:1239} INFO - Starting attempt 1 of 2
[2025-12-21 15:14:22,366] {taskinstance.py:1240} INFO - 
--------------------------------------------------------------------------------
[2025-12-21 15:14:22,393] {taskinstance.py:1259} INFO - Executing <Task(PostgresOperator): Fill_Tables_customer__order_items__orders__product_> on 2025-12-21 15:14:20.830126+00:00
[2025-12-21 15:14:22,400] {standard_task_runner.py:52} INFO - Started process 472 to run task
[2025-12-21 15:14:22,405] {standard_task_runner.py:76} INFO - Running: ['***', 'tasks', 'run', 'HomeWork6', 'Fill_Tables_customer__order_items__orders__product_', 'manual__2025-12-21T15:14:20.830126+00:00', '--job-id', '47', '--raw', '--subdir', 'DAGS_FOLDER/HomeWork6.py', '--cfg-path', '/tmp/tmpjkv6fvic', '--error-file', '/tmp/tmpwin0ybdj']
[2025-12-21 15:14:22,405] {standard_task_runner.py:77} INFO - Job 47: Subtask Fill_Tables_customer__order_items__orders__product_
[2025-12-21 15:14:22,491] {logging_mixin.py:109} INFO - Running <TaskInstance: HomeWork6.Fill_Tables_customer__order_items__orders__product_ manual__2025-12-21T15:14:20.830126+00:00 [running]> on host ee9896260e3b
[2025-12-21 15:14:22,559] {taskinstance.py:1426} INFO - Exporting the following env vars:
AIRFLOW_CTX_DAG_OWNER=Solovev Egor
AIRFLOW_CTX_DAG_ID=HomeWork6
AIRFLOW_CTX_TASK_ID=Fill_Tables_customer__order_items__orders__product_
AIRFLOW_CTX_EXECUTION_DATE=2025-12-21T15:14:20.830126+00:00
AIRFLOW_CTX_DAG_RUN_ID=manual__2025-12-21T15:14:20.830126+00:00
[2025-12-21 15:14:22,572] {base.py:79} INFO - Using connection to: id: postgresql. Host: postgres, Port: 5432, Schema: postgres, Login: ***, Password: ***, extra: {}
[2025-12-21 15:14:22,579] {dbapi.py:225} INFO - Running statement: 
                COPY customer FROM '/opt/***/data_files/customer.csv'
                DELIMITER ';' CSV HEADER;
        , parameters: None
[2025-12-21 15:14:22,602] {dbapi.py:233} INFO - Rows affected: 4000
[2025-12-21 15:14:22,622] {taskinstance.py:1277} INFO - Marking task as SUCCESS. dag_id=HomeWork6, task_id=Fill_Tables_customer__order_items__orders__product_, execution_date=20251221T151420, start_date=20251221T151422, end_date=20251221T151422
[2025-12-21 15:14:22,663] {local_task_job.py:154} INFO - Task exited with return code 0
[2025-12-21 15:14:22,700] {local_task_job.py:264} INFO - 0 downstream tasks scheduled from follow-on schedule check
