[2025-12-21 18:40:38,378] {taskinstance.py:1032} INFO - Dependencies all met for <TaskInstance: SolovevEgor_HW_05_ds_2025.fill_table__orders scheduled__2025-12-21T18:40:12.642863+00:00 [queued]>
[2025-12-21 18:40:38,407] {taskinstance.py:1032} INFO - Dependencies all met for <TaskInstance: SolovevEgor_HW_05_ds_2025.fill_table__orders scheduled__2025-12-21T18:40:12.642863+00:00 [queued]>
[2025-12-21 18:40:38,408] {taskinstance.py:1238} INFO - 
--------------------------------------------------------------------------------
[2025-12-21 18:40:38,408] {taskinstance.py:1239} INFO - Starting attempt 1 of 2
[2025-12-21 18:40:38,408] {taskinstance.py:1240} INFO - 
--------------------------------------------------------------------------------
[2025-12-21 18:40:38,444] {taskinstance.py:1259} INFO - Executing <Task(PostgresOperator): fill_table__orders> on 2025-12-21 18:40:12.642863+00:00
[2025-12-21 18:40:38,460] {standard_task_runner.py:52} INFO - Started process 8292 to run task
[2025-12-21 18:40:38,476] {standard_task_runner.py:76} INFO - Running: ['***', 'tasks', 'run', 'SolovevEgor_HW_05_ds_2025', 'fill_table__orders', 'scheduled__2025-12-21T18:40:12.642863+00:00', '--job-id', '1020', '--raw', '--subdir', 'DAGS_FOLDER/SolovevEgor_HW_06_ds_2025.py', '--cfg-path', '/tmp/tmp1emj6nu0', '--error-file', '/tmp/tmphwllwh93']
[2025-12-21 18:40:38,477] {standard_task_runner.py:77} INFO - Job 1020: Subtask fill_table__orders
[2025-12-21 18:40:38,621] {logging_mixin.py:109} INFO - Running <TaskInstance: SolovevEgor_HW_05_ds_2025.fill_table__orders scheduled__2025-12-21T18:40:12.642863+00:00 [running]> on host b97b26732d6a
[2025-12-21 18:40:38,779] {taskinstance.py:1426} INFO - Exporting the following env vars:
AIRFLOW_CTX_DAG_OWNER=Solovev Egor
AIRFLOW_CTX_DAG_ID=SolovevEgor_HW_05_ds_2025
AIRFLOW_CTX_TASK_ID=fill_table__orders
AIRFLOW_CTX_EXECUTION_DATE=2025-12-21T18:40:12.642863+00:00
AIRFLOW_CTX_DAG_RUN_ID=scheduled__2025-12-21T18:40:12.642863+00:00
[2025-12-21 18:40:38,800] {base.py:79} INFO - Using connection to: id: postgresql. Host: postgres, Port: 5432, Schema: postgres, Login: ***, Password: ***, extra: {}
[2025-12-21 18:40:38,810] {dbapi.py:225} INFO - Running statement: 
                COPY orders FROM '/opt/***/data_files/orders.csv'
                DELIMITER ',' CSV HEADER;
        , parameters: None
[2025-12-21 18:40:38,918] {dbapi.py:233} INFO - Rows affected: 20000
[2025-12-21 18:40:38,966] {taskinstance.py:1277} INFO - Marking task as SUCCESS. dag_id=SolovevEgor_HW_05_ds_2025, task_id=fill_table__orders, execution_date=20251221T184012, start_date=20251221T184038, end_date=20251221T184038
[2025-12-21 18:40:39,054] {local_task_job.py:154} INFO - Task exited with return code 0
[2025-12-21 18:40:39,208] {local_task_job.py:264} INFO - 0 downstream tasks scheduled from follow-on schedule check
