[2025-12-21 15:51:58,483] {taskinstance.py:1032} INFO - Dependencies all met for <TaskInstance: HomeWork6.fill_table__product manual__2025-12-21T15:51:56.777709+00:00 [queued]>
[2025-12-21 15:51:58,503] {taskinstance.py:1032} INFO - Dependencies all met for <TaskInstance: HomeWork6.fill_table__product manual__2025-12-21T15:51:56.777709+00:00 [queued]>
[2025-12-21 15:51:58,503] {taskinstance.py:1238} INFO - 
--------------------------------------------------------------------------------
[2025-12-21 15:51:58,503] {taskinstance.py:1239} INFO - Starting attempt 1 of 2
[2025-12-21 15:51:58,503] {taskinstance.py:1240} INFO - 
--------------------------------------------------------------------------------
[2025-12-21 15:51:58,521] {taskinstance.py:1259} INFO - Executing <Task(PostgresOperator): fill_table__product> on 2025-12-21 15:51:56.777709+00:00
[2025-12-21 15:51:58,531] {standard_task_runner.py:52} INFO - Started process 2081 to run task
[2025-12-21 15:51:58,538] {standard_task_runner.py:76} INFO - Running: ['***', 'tasks', 'run', 'HomeWork6', 'fill_table__product', 'manual__2025-12-21T15:51:56.777709+00:00', '--job-id', '109', '--raw', '--subdir', 'DAGS_FOLDER/HomeWork6.py', '--cfg-path', '/tmp/tmph_6x1zcn', '--error-file', '/tmp/tmpro7pyx8j']
[2025-12-21 15:51:58,539] {standard_task_runner.py:77} INFO - Job 109: Subtask fill_table__product
[2025-12-21 15:51:58,649] {logging_mixin.py:109} INFO - Running <TaskInstance: HomeWork6.fill_table__product manual__2025-12-21T15:51:56.777709+00:00 [running]> on host ee9896260e3b
[2025-12-21 15:51:58,725] {taskinstance.py:1426} INFO - Exporting the following env vars:
AIRFLOW_CTX_DAG_OWNER=Solovev Egor
AIRFLOW_CTX_DAG_ID=HomeWork6
AIRFLOW_CTX_TASK_ID=fill_table__product
AIRFLOW_CTX_EXECUTION_DATE=2025-12-21T15:51:56.777709+00:00
AIRFLOW_CTX_DAG_RUN_ID=manual__2025-12-21T15:51:56.777709+00:00
[2025-12-21 15:51:58,737] {base.py:79} INFO - Using connection to: id: postgresql. Host: postgres, Port: 5432, Schema: postgres, Login: ***, Password: ***, extra: {}
[2025-12-21 15:51:58,745] {dbapi.py:225} INFO - Running statement: 
                COPY product FROM '/opt/***/data_files/product.csv'
                DELIMITER ',' CSV HEADER;
        , parameters: None
[2025-12-21 15:51:58,747] {dbapi.py:233} INFO - Rows affected: 190
[2025-12-21 15:51:58,764] {taskinstance.py:1277} INFO - Marking task as SUCCESS. dag_id=HomeWork6, task_id=fill_table__product, execution_date=20251221T155156, start_date=20251221T155158, end_date=20251221T155158
[2025-12-21 15:51:58,790] {local_task_job.py:154} INFO - Task exited with return code 0
[2025-12-21 15:51:58,836] {local_task_job.py:264} INFO - 0 downstream tasks scheduled from follow-on schedule check
