[2025-12-21 16:00:39,197] {taskinstance.py:1032} INFO - Dependencies all met for <TaskInstance: HomeWork6.truncate_tables manual__2025-12-21T16:00:36.659607+00:00 [queued]>
[2025-12-21 16:00:39,206] {taskinstance.py:1032} INFO - Dependencies all met for <TaskInstance: HomeWork6.truncate_tables manual__2025-12-21T16:00:36.659607+00:00 [queued]>
[2025-12-21 16:00:39,207] {taskinstance.py:1238} INFO - 
--------------------------------------------------------------------------------
[2025-12-21 16:00:39,207] {taskinstance.py:1239} INFO - Starting attempt 1 of 2
[2025-12-21 16:00:39,207] {taskinstance.py:1240} INFO - 
--------------------------------------------------------------------------------
[2025-12-21 16:00:39,219] {taskinstance.py:1259} INFO - Executing <Task(PostgresOperator): truncate_tables> on 2025-12-21 16:00:36.659607+00:00
[2025-12-21 16:00:39,227] {standard_task_runner.py:76} INFO - Running: ['***', 'tasks', 'run', 'HomeWork6', 'truncate_tables', 'manual__2025-12-21T16:00:36.659607+00:00', '--job-id', '174', '--raw', '--subdir', 'DAGS_FOLDER/HomeWork6.py', '--cfg-path', '/tmp/tmpb_or4v2_', '--error-file', '/tmp/tmppvbvodi7']
[2025-12-21 16:00:39,228] {standard_task_runner.py:77} INFO - Job 174: Subtask truncate_tables
[2025-12-21 16:00:39,224] {standard_task_runner.py:52} INFO - Started process 2607 to run task
[2025-12-21 16:00:39,287] {logging_mixin.py:109} INFO - Running <TaskInstance: HomeWork6.truncate_tables manual__2025-12-21T16:00:36.659607+00:00 [running]> on host ee9896260e3b
[2025-12-21 16:00:39,332] {taskinstance.py:1426} INFO - Exporting the following env vars:
AIRFLOW_CTX_DAG_OWNER=Solovev Egor
AIRFLOW_CTX_DAG_ID=HomeWork6
AIRFLOW_CTX_TASK_ID=truncate_tables
AIRFLOW_CTX_EXECUTION_DATE=2025-12-21T16:00:36.659607+00:00
AIRFLOW_CTX_DAG_RUN_ID=manual__2025-12-21T16:00:36.659607+00:00
[2025-12-21 16:00:39,340] {base.py:79} INFO - Using connection to: id: postgresql. Host: postgres, Port: 5432, Schema: postgres, Login: ***, Password: ***, extra: {}
[2025-12-21 16:00:39,345] {dbapi.py:225} INFO - Running statement: truncate table customer, order_items, orders, product;, parameters: None
[2025-12-21 16:00:39,375] {taskinstance.py:1277} INFO - Marking task as SUCCESS. dag_id=HomeWork6, task_id=truncate_tables, execution_date=20251221T160036, start_date=20251221T160039, end_date=20251221T160039
[2025-12-21 16:00:39,408] {local_task_job.py:154} INFO - Task exited with return code 0
[2025-12-21 16:00:39,442] {local_task_job.py:264} INFO - 4 downstream tasks scheduled from follow-on schedule check
