[2025-12-13 16:47:09,933] {processor.py:163} INFO - Started process (PID=57) to work on /home/airflow/.local/lib/python3.6/site-packages/airflow/example_dags/example_task_group_decorator.py
[2025-12-13 16:47:09,935] {processor.py:642} INFO - Processing file /home/airflow/.local/lib/python3.6/site-packages/airflow/example_dags/example_task_group_decorator.py for tasks to queue
[2025-12-13 16:47:09,936] {logging_mixin.py:109} INFO - [2025-12-13 16:47:09,936] {dagbag.py:500} INFO - Filling up the DagBag from /home/airflow/.local/lib/python3.6/site-packages/airflow/example_dags/example_task_group_decorator.py
[2025-12-13 16:47:10,021] {processor.py:654} INFO - DAG(s) dict_keys(['example_task_group_decorator']) retrieved from /home/airflow/.local/lib/python3.6/site-packages/airflow/example_dags/example_task_group_decorator.py
[2025-12-13 16:47:10,357] {logging_mixin.py:109} INFO - [2025-12-13 16:47:10,357] {dag.py:2396} INFO - Sync 1 DAGs
[2025-12-13 16:47:10,376] {logging_mixin.py:109} INFO - [2025-12-13 16:47:10,375] {dag.py:2935} INFO - Setting next_dagrun for example_task_group_decorator to 2025-12-12T16:47:10.375611+00:00
[2025-12-13 16:47:10,388] {processor.py:171} INFO - Processing /home/airflow/.local/lib/python3.6/site-packages/airflow/example_dags/example_task_group_decorator.py took 0.461 seconds
[2025-12-13 16:47:40,808] {processor.py:163} INFO - Started process (PID=119) to work on /home/airflow/.local/lib/python3.6/site-packages/airflow/example_dags/example_task_group_decorator.py
[2025-12-13 16:47:40,809] {processor.py:642} INFO - Processing file /home/airflow/.local/lib/python3.6/site-packages/airflow/example_dags/example_task_group_decorator.py for tasks to queue
[2025-12-13 16:47:40,810] {logging_mixin.py:109} INFO - [2025-12-13 16:47:40,810] {dagbag.py:500} INFO - Filling up the DagBag from /home/airflow/.local/lib/python3.6/site-packages/airflow/example_dags/example_task_group_decorator.py
[2025-12-13 16:47:40,852] {processor.py:654} INFO - DAG(s) dict_keys(['example_task_group_decorator']) retrieved from /home/airflow/.local/lib/python3.6/site-packages/airflow/example_dags/example_task_group_decorator.py
[2025-12-13 16:47:41,039] {logging_mixin.py:109} INFO - [2025-12-13 16:47:41,039] {dag.py:2396} INFO - Sync 1 DAGs
[2025-12-13 16:47:41,052] {logging_mixin.py:109} INFO - [2025-12-13 16:47:41,052] {dag.py:2935} INFO - Setting next_dagrun for example_task_group_decorator to 2025-12-12T16:47:41.052022+00:00
[2025-12-13 16:47:41,062] {processor.py:171} INFO - Processing /home/airflow/.local/lib/python3.6/site-packages/airflow/example_dags/example_task_group_decorator.py took 0.258 seconds
[2025-12-13 16:48:11,174] {processor.py:163} INFO - Started process (PID=171) to work on /home/airflow/.local/lib/python3.6/site-packages/airflow/example_dags/example_task_group_decorator.py
[2025-12-13 16:48:11,176] {processor.py:642} INFO - Processing file /home/airflow/.local/lib/python3.6/site-packages/airflow/example_dags/example_task_group_decorator.py for tasks to queue
[2025-12-13 16:48:11,176] {logging_mixin.py:109} INFO - [2025-12-13 16:48:11,176] {dagbag.py:500} INFO - Filling up the DagBag from /home/airflow/.local/lib/python3.6/site-packages/airflow/example_dags/example_task_group_decorator.py
[2025-12-13 16:48:11,228] {processor.py:654} INFO - DAG(s) dict_keys(['example_task_group_decorator']) retrieved from /home/airflow/.local/lib/python3.6/site-packages/airflow/example_dags/example_task_group_decorator.py
[2025-12-13 16:48:11,461] {logging_mixin.py:109} INFO - [2025-12-13 16:48:11,461] {dag.py:2396} INFO - Sync 1 DAGs
[2025-12-13 16:48:11,483] {logging_mixin.py:109} INFO - [2025-12-13 16:48:11,483] {dag.py:2935} INFO - Setting next_dagrun for example_task_group_decorator to 2025-12-12T16:48:11.482640+00:00
[2025-12-13 16:48:11,494] {processor.py:171} INFO - Processing /home/airflow/.local/lib/python3.6/site-packages/airflow/example_dags/example_task_group_decorator.py took 0.326 seconds
[2025-12-13 16:48:41,788] {processor.py:163} INFO - Started process (PID=240) to work on /home/airflow/.local/lib/python3.6/site-packages/airflow/example_dags/example_task_group_decorator.py
[2025-12-13 16:48:41,790] {processor.py:642} INFO - Processing file /home/airflow/.local/lib/python3.6/site-packages/airflow/example_dags/example_task_group_decorator.py for tasks to queue
[2025-12-13 16:48:41,790] {logging_mixin.py:109} INFO - [2025-12-13 16:48:41,790] {dagbag.py:500} INFO - Filling up the DagBag from /home/airflow/.local/lib/python3.6/site-packages/airflow/example_dags/example_task_group_decorator.py
[2025-12-13 16:48:41,831] {processor.py:654} INFO - DAG(s) dict_keys(['example_task_group_decorator']) retrieved from /home/airflow/.local/lib/python3.6/site-packages/airflow/example_dags/example_task_group_decorator.py
[2025-12-13 16:48:42,014] {logging_mixin.py:109} INFO - [2025-12-13 16:48:42,014] {dag.py:2396} INFO - Sync 1 DAGs
[2025-12-13 16:48:42,029] {logging_mixin.py:109} INFO - [2025-12-13 16:48:42,029] {dag.py:2935} INFO - Setting next_dagrun for example_task_group_decorator to 2025-12-12T16:48:42.029220+00:00
[2025-12-13 16:48:42,040] {processor.py:171} INFO - Processing /home/airflow/.local/lib/python3.6/site-packages/airflow/example_dags/example_task_group_decorator.py took 0.255 seconds
[2025-12-13 16:49:12,566] {processor.py:163} INFO - Started process (PID=288) to work on /home/airflow/.local/lib/python3.6/site-packages/airflow/example_dags/example_task_group_decorator.py
[2025-12-13 16:49:12,568] {processor.py:642} INFO - Processing file /home/airflow/.local/lib/python3.6/site-packages/airflow/example_dags/example_task_group_decorator.py for tasks to queue
[2025-12-13 16:49:12,568] {logging_mixin.py:109} INFO - [2025-12-13 16:49:12,568] {dagbag.py:500} INFO - Filling up the DagBag from /home/airflow/.local/lib/python3.6/site-packages/airflow/example_dags/example_task_group_decorator.py
[2025-12-13 16:49:12,635] {processor.py:654} INFO - DAG(s) dict_keys(['example_task_group_decorator']) retrieved from /home/airflow/.local/lib/python3.6/site-packages/airflow/example_dags/example_task_group_decorator.py
[2025-12-13 16:49:12,964] {logging_mixin.py:109} INFO - [2025-12-13 16:49:12,964] {dag.py:2396} INFO - Sync 1 DAGs
[2025-12-13 16:49:12,997] {logging_mixin.py:109} INFO - [2025-12-13 16:49:12,997] {dag.py:2935} INFO - Setting next_dagrun for example_task_group_decorator to 2025-12-12T16:49:12.996379+00:00
[2025-12-13 16:49:13,030] {processor.py:171} INFO - Processing /home/airflow/.local/lib/python3.6/site-packages/airflow/example_dags/example_task_group_decorator.py took 0.469 seconds
[2025-12-13 16:49:43,981] {processor.py:163} INFO - Started process (PID=350) to work on /home/airflow/.local/lib/python3.6/site-packages/airflow/example_dags/example_task_group_decorator.py
[2025-12-13 16:49:43,982] {processor.py:642} INFO - Processing file /home/airflow/.local/lib/python3.6/site-packages/airflow/example_dags/example_task_group_decorator.py for tasks to queue
[2025-12-13 16:49:43,983] {logging_mixin.py:109} INFO - [2025-12-13 16:49:43,983] {dagbag.py:500} INFO - Filling up the DagBag from /home/airflow/.local/lib/python3.6/site-packages/airflow/example_dags/example_task_group_decorator.py
[2025-12-13 16:49:44,042] {processor.py:654} INFO - DAG(s) dict_keys(['example_task_group_decorator']) retrieved from /home/airflow/.local/lib/python3.6/site-packages/airflow/example_dags/example_task_group_decorator.py
[2025-12-13 16:49:44,405] {logging_mixin.py:109} INFO - [2025-12-13 16:49:44,405] {dag.py:2396} INFO - Sync 1 DAGs
[2025-12-13 16:49:44,438] {logging_mixin.py:109} INFO - [2025-12-13 16:49:44,438] {dag.py:2935} INFO - Setting next_dagrun for example_task_group_decorator to 2025-12-12T16:49:44.438192+00:00
[2025-12-13 16:49:44,473] {processor.py:171} INFO - Processing /home/airflow/.local/lib/python3.6/site-packages/airflow/example_dags/example_task_group_decorator.py took 0.499 seconds
[2025-12-13 16:50:14,890] {processor.py:163} INFO - Started process (PID=402) to work on /home/airflow/.local/lib/python3.6/site-packages/airflow/example_dags/example_task_group_decorator.py
[2025-12-13 16:50:14,891] {processor.py:642} INFO - Processing file /home/airflow/.local/lib/python3.6/site-packages/airflow/example_dags/example_task_group_decorator.py for tasks to queue
[2025-12-13 16:50:14,892] {logging_mixin.py:109} INFO - [2025-12-13 16:50:14,891] {dagbag.py:500} INFO - Filling up the DagBag from /home/airflow/.local/lib/python3.6/site-packages/airflow/example_dags/example_task_group_decorator.py
[2025-12-13 16:50:14,929] {processor.py:654} INFO - DAG(s) dict_keys(['example_task_group_decorator']) retrieved from /home/airflow/.local/lib/python3.6/site-packages/airflow/example_dags/example_task_group_decorator.py
[2025-12-13 16:50:15,101] {logging_mixin.py:109} INFO - [2025-12-13 16:50:15,101] {dag.py:2396} INFO - Sync 1 DAGs
[2025-12-13 16:50:15,115] {logging_mixin.py:109} INFO - [2025-12-13 16:50:15,115] {dag.py:2935} INFO - Setting next_dagrun for example_task_group_decorator to 2025-12-12T16:50:15.115017+00:00
[2025-12-13 16:50:15,135] {processor.py:171} INFO - Processing /home/airflow/.local/lib/python3.6/site-packages/airflow/example_dags/example_task_group_decorator.py took 0.248 seconds
[2025-12-13 16:52:40,924] {processor.py:163} INFO - Started process (PID=57) to work on /home/airflow/.local/lib/python3.6/site-packages/airflow/example_dags/example_task_group_decorator.py
[2025-12-13 16:52:40,927] {processor.py:642} INFO - Processing file /home/airflow/.local/lib/python3.6/site-packages/airflow/example_dags/example_task_group_decorator.py for tasks to queue
[2025-12-13 16:52:40,928] {logging_mixin.py:109} INFO - [2025-12-13 16:52:40,927] {dagbag.py:500} INFO - Filling up the DagBag from /home/airflow/.local/lib/python3.6/site-packages/airflow/example_dags/example_task_group_decorator.py
[2025-12-13 16:52:41,021] {processor.py:654} INFO - DAG(s) dict_keys(['example_task_group_decorator']) retrieved from /home/airflow/.local/lib/python3.6/site-packages/airflow/example_dags/example_task_group_decorator.py
[2025-12-13 16:52:41,331] {logging_mixin.py:109} INFO - [2025-12-13 16:52:41,331] {dag.py:2396} INFO - Sync 1 DAGs
[2025-12-13 16:52:41,362] {logging_mixin.py:109} INFO - [2025-12-13 16:52:41,362] {dag.py:2935} INFO - Setting next_dagrun for example_task_group_decorator to 2025-12-12T16:52:41.361524+00:00
[2025-12-13 16:52:41,388] {processor.py:171} INFO - Processing /home/airflow/.local/lib/python3.6/site-packages/airflow/example_dags/example_task_group_decorator.py took 0.470 seconds
[2025-12-13 16:53:11,908] {processor.py:163} INFO - Started process (PID=109) to work on /home/airflow/.local/lib/python3.6/site-packages/airflow/example_dags/example_task_group_decorator.py
[2025-12-13 16:53:11,909] {processor.py:642} INFO - Processing file /home/airflow/.local/lib/python3.6/site-packages/airflow/example_dags/example_task_group_decorator.py for tasks to queue
[2025-12-13 16:53:11,910] {logging_mixin.py:109} INFO - [2025-12-13 16:53:11,910] {dagbag.py:500} INFO - Filling up the DagBag from /home/airflow/.local/lib/python3.6/site-packages/airflow/example_dags/example_task_group_decorator.py
[2025-12-13 16:53:11,951] {processor.py:654} INFO - DAG(s) dict_keys(['example_task_group_decorator']) retrieved from /home/airflow/.local/lib/python3.6/site-packages/airflow/example_dags/example_task_group_decorator.py
[2025-12-13 16:53:12,151] {logging_mixin.py:109} INFO - [2025-12-13 16:53:12,151] {dag.py:2396} INFO - Sync 1 DAGs
[2025-12-13 16:53:12,166] {logging_mixin.py:109} INFO - [2025-12-13 16:53:12,165] {dag.py:2935} INFO - Setting next_dagrun for example_task_group_decorator to 2025-12-12T16:53:12.165719+00:00
[2025-12-13 16:53:12,178] {processor.py:171} INFO - Processing /home/airflow/.local/lib/python3.6/site-packages/airflow/example_dags/example_task_group_decorator.py took 0.273 seconds
[2025-12-13 16:53:42,371] {processor.py:163} INFO - Started process (PID=171) to work on /home/airflow/.local/lib/python3.6/site-packages/airflow/example_dags/example_task_group_decorator.py
[2025-12-13 16:53:42,374] {processor.py:642} INFO - Processing file /home/airflow/.local/lib/python3.6/site-packages/airflow/example_dags/example_task_group_decorator.py for tasks to queue
[2025-12-13 16:53:42,375] {logging_mixin.py:109} INFO - [2025-12-13 16:53:42,375] {dagbag.py:500} INFO - Filling up the DagBag from /home/airflow/.local/lib/python3.6/site-packages/airflow/example_dags/example_task_group_decorator.py
[2025-12-13 16:53:42,521] {processor.py:654} INFO - DAG(s) dict_keys(['example_task_group_decorator']) retrieved from /home/airflow/.local/lib/python3.6/site-packages/airflow/example_dags/example_task_group_decorator.py
[2025-12-13 16:53:42,863] {logging_mixin.py:109} INFO - [2025-12-13 16:53:42,863] {dag.py:2396} INFO - Sync 1 DAGs
[2025-12-13 16:53:42,892] {logging_mixin.py:109} INFO - [2025-12-13 16:53:42,892] {dag.py:2935} INFO - Setting next_dagrun for example_task_group_decorator to 2025-12-12T16:53:42.892438+00:00
[2025-12-13 16:53:42,908] {processor.py:171} INFO - Processing /home/airflow/.local/lib/python3.6/site-packages/airflow/example_dags/example_task_group_decorator.py took 0.546 seconds
[2025-12-13 16:54:13,482] {processor.py:163} INFO - Started process (PID=223) to work on /home/airflow/.local/lib/python3.6/site-packages/airflow/example_dags/example_task_group_decorator.py
[2025-12-13 16:54:13,483] {processor.py:642} INFO - Processing file /home/airflow/.local/lib/python3.6/site-packages/airflow/example_dags/example_task_group_decorator.py for tasks to queue
[2025-12-13 16:54:13,483] {logging_mixin.py:109} INFO - [2025-12-13 16:54:13,483] {dagbag.py:500} INFO - Filling up the DagBag from /home/airflow/.local/lib/python3.6/site-packages/airflow/example_dags/example_task_group_decorator.py
[2025-12-13 16:54:13,519] {processor.py:654} INFO - DAG(s) dict_keys(['example_task_group_decorator']) retrieved from /home/airflow/.local/lib/python3.6/site-packages/airflow/example_dags/example_task_group_decorator.py
[2025-12-13 16:54:13,686] {logging_mixin.py:109} INFO - [2025-12-13 16:54:13,686] {dag.py:2396} INFO - Sync 1 DAGs
[2025-12-13 16:54:13,701] {logging_mixin.py:109} INFO - [2025-12-13 16:54:13,701] {dag.py:2935} INFO - Setting next_dagrun for example_task_group_decorator to 2025-12-12T16:54:13.701617+00:00
[2025-12-13 16:54:13,713] {processor.py:171} INFO - Processing /home/airflow/.local/lib/python3.6/site-packages/airflow/example_dags/example_task_group_decorator.py took 0.234 seconds
[2025-12-13 16:54:43,868] {processor.py:163} INFO - Started process (PID=285) to work on /home/airflow/.local/lib/python3.6/site-packages/airflow/example_dags/example_task_group_decorator.py
[2025-12-13 16:54:43,869] {processor.py:642} INFO - Processing file /home/airflow/.local/lib/python3.6/site-packages/airflow/example_dags/example_task_group_decorator.py for tasks to queue
[2025-12-13 16:54:43,870] {logging_mixin.py:109} INFO - [2025-12-13 16:54:43,870] {dagbag.py:500} INFO - Filling up the DagBag from /home/airflow/.local/lib/python3.6/site-packages/airflow/example_dags/example_task_group_decorator.py
[2025-12-13 16:54:43,906] {processor.py:654} INFO - DAG(s) dict_keys(['example_task_group_decorator']) retrieved from /home/airflow/.local/lib/python3.6/site-packages/airflow/example_dags/example_task_group_decorator.py
[2025-12-13 16:54:44,075] {logging_mixin.py:109} INFO - [2025-12-13 16:54:44,074] {dag.py:2396} INFO - Sync 1 DAGs
[2025-12-13 16:54:44,087] {logging_mixin.py:109} INFO - [2025-12-13 16:54:44,087] {dag.py:2935} INFO - Setting next_dagrun for example_task_group_decorator to 2025-12-12T16:54:44.087469+00:00
[2025-12-13 16:54:44,106] {processor.py:171} INFO - Processing /home/airflow/.local/lib/python3.6/site-packages/airflow/example_dags/example_task_group_decorator.py took 0.241 seconds
[2025-12-13 16:55:14,421] {processor.py:163} INFO - Started process (PID=337) to work on /home/airflow/.local/lib/python3.6/site-packages/airflow/example_dags/example_task_group_decorator.py
[2025-12-13 16:55:14,423] {processor.py:642} INFO - Processing file /home/airflow/.local/lib/python3.6/site-packages/airflow/example_dags/example_task_group_decorator.py for tasks to queue
[2025-12-13 16:55:14,424] {logging_mixin.py:109} INFO - [2025-12-13 16:55:14,424] {dagbag.py:500} INFO - Filling up the DagBag from /home/airflow/.local/lib/python3.6/site-packages/airflow/example_dags/example_task_group_decorator.py
[2025-12-13 16:55:14,483] {processor.py:654} INFO - DAG(s) dict_keys(['example_task_group_decorator']) retrieved from /home/airflow/.local/lib/python3.6/site-packages/airflow/example_dags/example_task_group_decorator.py
[2025-12-13 16:55:14,896] {logging_mixin.py:109} INFO - [2025-12-13 16:55:14,896] {dag.py:2396} INFO - Sync 1 DAGs
[2025-12-13 16:55:14,914] {logging_mixin.py:109} INFO - [2025-12-13 16:55:14,914] {dag.py:2935} INFO - Setting next_dagrun for example_task_group_decorator to 2025-12-12T16:55:14.914488+00:00
[2025-12-13 16:55:14,925] {processor.py:171} INFO - Processing /home/airflow/.local/lib/python3.6/site-packages/airflow/example_dags/example_task_group_decorator.py took 0.511 seconds
[2025-12-13 16:55:44,996] {processor.py:163} INFO - Started process (PID=401) to work on /home/airflow/.local/lib/python3.6/site-packages/airflow/example_dags/example_task_group_decorator.py
[2025-12-13 16:55:44,997] {processor.py:642} INFO - Processing file /home/airflow/.local/lib/python3.6/site-packages/airflow/example_dags/example_task_group_decorator.py for tasks to queue
[2025-12-13 16:55:44,998] {logging_mixin.py:109} INFO - [2025-12-13 16:55:44,998] {dagbag.py:500} INFO - Filling up the DagBag from /home/airflow/.local/lib/python3.6/site-packages/airflow/example_dags/example_task_group_decorator.py
[2025-12-13 16:55:45,038] {processor.py:654} INFO - DAG(s) dict_keys(['example_task_group_decorator']) retrieved from /home/airflow/.local/lib/python3.6/site-packages/airflow/example_dags/example_task_group_decorator.py
[2025-12-13 16:55:45,213] {logging_mixin.py:109} INFO - [2025-12-13 16:55:45,213] {dag.py:2396} INFO - Sync 1 DAGs
[2025-12-13 16:55:45,228] {logging_mixin.py:109} INFO - [2025-12-13 16:55:45,228] {dag.py:2935} INFO - Setting next_dagrun for example_task_group_decorator to 2025-12-12T16:55:45.228312+00:00
[2025-12-13 16:55:45,238] {processor.py:171} INFO - Processing /home/airflow/.local/lib/python3.6/site-packages/airflow/example_dags/example_task_group_decorator.py took 0.245 seconds
[2025-12-13 16:56:15,550] {processor.py:163} INFO - Started process (PID=451) to work on /home/airflow/.local/lib/python3.6/site-packages/airflow/example_dags/example_task_group_decorator.py
[2025-12-13 16:56:15,552] {processor.py:642} INFO - Processing file /home/airflow/.local/lib/python3.6/site-packages/airflow/example_dags/example_task_group_decorator.py for tasks to queue
[2025-12-13 16:56:15,552] {logging_mixin.py:109} INFO - [2025-12-13 16:56:15,552] {dagbag.py:500} INFO - Filling up the DagBag from /home/airflow/.local/lib/python3.6/site-packages/airflow/example_dags/example_task_group_decorator.py
[2025-12-13 16:56:15,590] {processor.py:654} INFO - DAG(s) dict_keys(['example_task_group_decorator']) retrieved from /home/airflow/.local/lib/python3.6/site-packages/airflow/example_dags/example_task_group_decorator.py
[2025-12-13 16:56:15,758] {logging_mixin.py:109} INFO - [2025-12-13 16:56:15,758] {dag.py:2396} INFO - Sync 1 DAGs
[2025-12-13 16:56:15,772] {logging_mixin.py:109} INFO - [2025-12-13 16:56:15,772] {dag.py:2935} INFO - Setting next_dagrun for example_task_group_decorator to 2025-12-12T16:56:15.771874+00:00
[2025-12-13 16:56:15,790] {processor.py:171} INFO - Processing /home/airflow/.local/lib/python3.6/site-packages/airflow/example_dags/example_task_group_decorator.py took 0.243 seconds
[2025-12-13 16:56:45,989] {processor.py:163} INFO - Started process (PID=513) to work on /home/airflow/.local/lib/python3.6/site-packages/airflow/example_dags/example_task_group_decorator.py
[2025-12-13 16:56:45,989] {processor.py:642} INFO - Processing file /home/airflow/.local/lib/python3.6/site-packages/airflow/example_dags/example_task_group_decorator.py for tasks to queue
[2025-12-13 16:56:45,990] {logging_mixin.py:109} INFO - [2025-12-13 16:56:45,990] {dagbag.py:500} INFO - Filling up the DagBag from /home/airflow/.local/lib/python3.6/site-packages/airflow/example_dags/example_task_group_decorator.py
[2025-12-13 16:56:46,032] {processor.py:654} INFO - DAG(s) dict_keys(['example_task_group_decorator']) retrieved from /home/airflow/.local/lib/python3.6/site-packages/airflow/example_dags/example_task_group_decorator.py
[2025-12-13 16:56:46,216] {logging_mixin.py:109} INFO - [2025-12-13 16:56:46,216] {dag.py:2396} INFO - Sync 1 DAGs
[2025-12-13 16:56:46,231] {logging_mixin.py:109} INFO - [2025-12-13 16:56:46,231] {dag.py:2935} INFO - Setting next_dagrun for example_task_group_decorator to 2025-12-12T16:56:46.231257+00:00
[2025-12-13 16:56:46,242] {processor.py:171} INFO - Processing /home/airflow/.local/lib/python3.6/site-packages/airflow/example_dags/example_task_group_decorator.py took 0.257 seconds
[2025-12-13 16:57:16,330] {processor.py:163} INFO - Started process (PID=565) to work on /home/airflow/.local/lib/python3.6/site-packages/airflow/example_dags/example_task_group_decorator.py
[2025-12-13 16:57:16,331] {processor.py:642} INFO - Processing file /home/airflow/.local/lib/python3.6/site-packages/airflow/example_dags/example_task_group_decorator.py for tasks to queue
[2025-12-13 16:57:16,332] {logging_mixin.py:109} INFO - [2025-12-13 16:57:16,332] {dagbag.py:500} INFO - Filling up the DagBag from /home/airflow/.local/lib/python3.6/site-packages/airflow/example_dags/example_task_group_decorator.py
[2025-12-13 16:57:16,369] {processor.py:654} INFO - DAG(s) dict_keys(['example_task_group_decorator']) retrieved from /home/airflow/.local/lib/python3.6/site-packages/airflow/example_dags/example_task_group_decorator.py
[2025-12-13 16:57:16,540] {logging_mixin.py:109} INFO - [2025-12-13 16:57:16,540] {dag.py:2396} INFO - Sync 1 DAGs
[2025-12-13 16:57:16,554] {logging_mixin.py:109} INFO - [2025-12-13 16:57:16,554] {dag.py:2935} INFO - Setting next_dagrun for example_task_group_decorator to 2025-12-12T16:57:16.554506+00:00
[2025-12-13 16:57:16,566] {processor.py:171} INFO - Processing /home/airflow/.local/lib/python3.6/site-packages/airflow/example_dags/example_task_group_decorator.py took 0.241 seconds
[2025-12-13 16:57:46,675] {processor.py:163} INFO - Started process (PID=627) to work on /home/airflow/.local/lib/python3.6/site-packages/airflow/example_dags/example_task_group_decorator.py
[2025-12-13 16:57:46,676] {processor.py:642} INFO - Processing file /home/airflow/.local/lib/python3.6/site-packages/airflow/example_dags/example_task_group_decorator.py for tasks to queue
[2025-12-13 16:57:46,677] {logging_mixin.py:109} INFO - [2025-12-13 16:57:46,676] {dagbag.py:500} INFO - Filling up the DagBag from /home/airflow/.local/lib/python3.6/site-packages/airflow/example_dags/example_task_group_decorator.py
[2025-12-13 16:57:46,713] {processor.py:654} INFO - DAG(s) dict_keys(['example_task_group_decorator']) retrieved from /home/airflow/.local/lib/python3.6/site-packages/airflow/example_dags/example_task_group_decorator.py
[2025-12-13 16:57:46,894] {logging_mixin.py:109} INFO - [2025-12-13 16:57:46,894] {dag.py:2396} INFO - Sync 1 DAGs
[2025-12-13 16:57:46,907] {logging_mixin.py:109} INFO - [2025-12-13 16:57:46,907] {dag.py:2935} INFO - Setting next_dagrun for example_task_group_decorator to 2025-12-12T16:57:46.907170+00:00
[2025-12-13 16:57:46,927] {processor.py:171} INFO - Processing /home/airflow/.local/lib/python3.6/site-packages/airflow/example_dags/example_task_group_decorator.py took 0.256 seconds
[2025-12-13 16:58:17,728] {processor.py:163} INFO - Started process (PID=679) to work on /home/airflow/.local/lib/python3.6/site-packages/airflow/example_dags/example_task_group_decorator.py
[2025-12-13 16:58:17,729] {processor.py:642} INFO - Processing file /home/airflow/.local/lib/python3.6/site-packages/airflow/example_dags/example_task_group_decorator.py for tasks to queue
[2025-12-13 16:58:17,730] {logging_mixin.py:109} INFO - [2025-12-13 16:58:17,729] {dagbag.py:500} INFO - Filling up the DagBag from /home/airflow/.local/lib/python3.6/site-packages/airflow/example_dags/example_task_group_decorator.py
[2025-12-13 16:58:17,766] {processor.py:654} INFO - DAG(s) dict_keys(['example_task_group_decorator']) retrieved from /home/airflow/.local/lib/python3.6/site-packages/airflow/example_dags/example_task_group_decorator.py
[2025-12-13 16:58:17,936] {logging_mixin.py:109} INFO - [2025-12-13 16:58:17,936] {dag.py:2396} INFO - Sync 1 DAGs
[2025-12-13 16:58:17,949] {logging_mixin.py:109} INFO - [2025-12-13 16:58:17,949] {dag.py:2935} INFO - Setting next_dagrun for example_task_group_decorator to 2025-12-12T16:58:17.949309+00:00
[2025-12-13 16:58:17,959] {processor.py:171} INFO - Processing /home/airflow/.local/lib/python3.6/site-packages/airflow/example_dags/example_task_group_decorator.py took 0.234 seconds
[2025-12-13 16:58:48,927] {processor.py:163} INFO - Started process (PID=741) to work on /home/airflow/.local/lib/python3.6/site-packages/airflow/example_dags/example_task_group_decorator.py
[2025-12-13 16:58:48,928] {processor.py:642} INFO - Processing file /home/airflow/.local/lib/python3.6/site-packages/airflow/example_dags/example_task_group_decorator.py for tasks to queue
[2025-12-13 16:58:48,929] {logging_mixin.py:109} INFO - [2025-12-13 16:58:48,929] {dagbag.py:500} INFO - Filling up the DagBag from /home/airflow/.local/lib/python3.6/site-packages/airflow/example_dags/example_task_group_decorator.py
[2025-12-13 16:58:48,969] {processor.py:654} INFO - DAG(s) dict_keys(['example_task_group_decorator']) retrieved from /home/airflow/.local/lib/python3.6/site-packages/airflow/example_dags/example_task_group_decorator.py
[2025-12-13 16:58:49,163] {logging_mixin.py:109} INFO - [2025-12-13 16:58:49,162] {dag.py:2396} INFO - Sync 1 DAGs
[2025-12-13 16:58:49,176] {logging_mixin.py:109} INFO - [2025-12-13 16:58:49,176] {dag.py:2935} INFO - Setting next_dagrun for example_task_group_decorator to 2025-12-12T16:58:49.176401+00:00
[2025-12-13 16:58:49,195] {processor.py:171} INFO - Processing /home/airflow/.local/lib/python3.6/site-packages/airflow/example_dags/example_task_group_decorator.py took 0.271 seconds
[2025-12-13 16:59:19,292] {processor.py:163} INFO - Started process (PID=803) to work on /home/airflow/.local/lib/python3.6/site-packages/airflow/example_dags/example_task_group_decorator.py
[2025-12-13 16:59:19,293] {processor.py:642} INFO - Processing file /home/airflow/.local/lib/python3.6/site-packages/airflow/example_dags/example_task_group_decorator.py for tasks to queue
[2025-12-13 16:59:19,294] {logging_mixin.py:109} INFO - [2025-12-13 16:59:19,294] {dagbag.py:500} INFO - Filling up the DagBag from /home/airflow/.local/lib/python3.6/site-packages/airflow/example_dags/example_task_group_decorator.py
[2025-12-13 16:59:19,339] {processor.py:654} INFO - DAG(s) dict_keys(['example_task_group_decorator']) retrieved from /home/airflow/.local/lib/python3.6/site-packages/airflow/example_dags/example_task_group_decorator.py
[2025-12-13 16:59:19,520] {logging_mixin.py:109} INFO - [2025-12-13 16:59:19,520] {dag.py:2396} INFO - Sync 1 DAGs
[2025-12-13 16:59:19,532] {logging_mixin.py:109} INFO - [2025-12-13 16:59:19,532] {dag.py:2935} INFO - Setting next_dagrun for example_task_group_decorator to 2025-12-12T16:59:19.532205+00:00
[2025-12-13 16:59:19,554] {processor.py:171} INFO - Processing /home/airflow/.local/lib/python3.6/site-packages/airflow/example_dags/example_task_group_decorator.py took 0.266 seconds
[2025-12-13 16:59:50,704] {processor.py:163} INFO - Started process (PID=855) to work on /home/airflow/.local/lib/python3.6/site-packages/airflow/example_dags/example_task_group_decorator.py
[2025-12-13 16:59:50,706] {processor.py:642} INFO - Processing file /home/airflow/.local/lib/python3.6/site-packages/airflow/example_dags/example_task_group_decorator.py for tasks to queue
[2025-12-13 16:59:50,707] {logging_mixin.py:109} INFO - [2025-12-13 16:59:50,707] {dagbag.py:500} INFO - Filling up the DagBag from /home/airflow/.local/lib/python3.6/site-packages/airflow/example_dags/example_task_group_decorator.py
[2025-12-13 16:59:50,769] {processor.py:654} INFO - DAG(s) dict_keys(['example_task_group_decorator']) retrieved from /home/airflow/.local/lib/python3.6/site-packages/airflow/example_dags/example_task_group_decorator.py
[2025-12-13 16:59:51,112] {logging_mixin.py:109} INFO - [2025-12-13 16:59:51,112] {dag.py:2396} INFO - Sync 1 DAGs
[2025-12-13 16:59:51,136] {logging_mixin.py:109} INFO - [2025-12-13 16:59:51,136] {dag.py:2935} INFO - Setting next_dagrun for example_task_group_decorator to 2025-12-12T16:59:51.136394+00:00
[2025-12-13 16:59:51,148] {processor.py:171} INFO - Processing /home/airflow/.local/lib/python3.6/site-packages/airflow/example_dags/example_task_group_decorator.py took 0.451 seconds
