[2025-12-13 16:47:10,286] {processor.py:163} INFO - Started process (PID=58) to work on /home/airflow/.local/lib/python3.6/site-packages/airflow/example_dags/example_python_operator.py
[2025-12-13 16:47:10,287] {processor.py:642} INFO - Processing file /home/airflow/.local/lib/python3.6/site-packages/airflow/example_dags/example_python_operator.py for tasks to queue
[2025-12-13 16:47:10,288] {logging_mixin.py:109} INFO - [2025-12-13 16:47:10,288] {dagbag.py:500} INFO - Filling up the DagBag from /home/airflow/.local/lib/python3.6/site-packages/airflow/example_dags/example_python_operator.py
[2025-12-13 16:47:10,333] {processor.py:654} INFO - DAG(s) dict_keys(['example_python_operator']) retrieved from /home/airflow/.local/lib/python3.6/site-packages/airflow/example_dags/example_python_operator.py
[2025-12-13 16:47:10,346] {logging_mixin.py:109} INFO - [2025-12-13 16:47:10,345] {dag.py:2396} INFO - Sync 1 DAGs
[2025-12-13 16:47:10,367] {logging_mixin.py:109} INFO - [2025-12-13 16:47:10,367] {dag.py:2935} INFO - Setting next_dagrun for example_python_operator to None
[2025-12-13 16:47:10,387] {processor.py:171} INFO - Processing /home/airflow/.local/lib/python3.6/site-packages/airflow/example_dags/example_python_operator.py took 0.105 seconds
[2025-12-13 16:47:40,890] {processor.py:163} INFO - Started process (PID=120) to work on /home/airflow/.local/lib/python3.6/site-packages/airflow/example_dags/example_python_operator.py
[2025-12-13 16:47:40,891] {processor.py:642} INFO - Processing file /home/airflow/.local/lib/python3.6/site-packages/airflow/example_dags/example_python_operator.py for tasks to queue
[2025-12-13 16:47:40,892] {logging_mixin.py:109} INFO - [2025-12-13 16:47:40,892] {dagbag.py:500} INFO - Filling up the DagBag from /home/airflow/.local/lib/python3.6/site-packages/airflow/example_dags/example_python_operator.py
[2025-12-13 16:47:40,926] {processor.py:654} INFO - DAG(s) dict_keys(['example_python_operator']) retrieved from /home/airflow/.local/lib/python3.6/site-packages/airflow/example_dags/example_python_operator.py
[2025-12-13 16:47:40,938] {logging_mixin.py:109} INFO - [2025-12-13 16:47:40,938] {dag.py:2396} INFO - Sync 1 DAGs
[2025-12-13 16:47:40,957] {logging_mixin.py:109} INFO - [2025-12-13 16:47:40,957] {dag.py:2935} INFO - Setting next_dagrun for example_python_operator to None
[2025-12-13 16:47:40,977] {processor.py:171} INFO - Processing /home/airflow/.local/lib/python3.6/site-packages/airflow/example_dags/example_python_operator.py took 0.091 seconds
[2025-12-13 16:48:11,271] {processor.py:163} INFO - Started process (PID=172) to work on /home/airflow/.local/lib/python3.6/site-packages/airflow/example_dags/example_python_operator.py
[2025-12-13 16:48:11,275] {processor.py:642} INFO - Processing file /home/airflow/.local/lib/python3.6/site-packages/airflow/example_dags/example_python_operator.py for tasks to queue
[2025-12-13 16:48:11,276] {logging_mixin.py:109} INFO - [2025-12-13 16:48:11,276] {dagbag.py:500} INFO - Filling up the DagBag from /home/airflow/.local/lib/python3.6/site-packages/airflow/example_dags/example_python_operator.py
[2025-12-13 16:48:11,316] {processor.py:654} INFO - DAG(s) dict_keys(['example_python_operator']) retrieved from /home/airflow/.local/lib/python3.6/site-packages/airflow/example_dags/example_python_operator.py
[2025-12-13 16:48:11,328] {logging_mixin.py:109} INFO - [2025-12-13 16:48:11,328] {dag.py:2396} INFO - Sync 1 DAGs
[2025-12-13 16:48:11,344] {logging_mixin.py:109} INFO - [2025-12-13 16:48:11,344] {dag.py:2935} INFO - Setting next_dagrun for example_python_operator to None
[2025-12-13 16:48:11,362] {processor.py:171} INFO - Processing /home/airflow/.local/lib/python3.6/site-packages/airflow/example_dags/example_python_operator.py took 0.095 seconds
[2025-12-13 16:48:41,734] {processor.py:163} INFO - Started process (PID=239) to work on /home/airflow/.local/lib/python3.6/site-packages/airflow/example_dags/example_python_operator.py
[2025-12-13 16:48:41,735] {processor.py:642} INFO - Processing file /home/airflow/.local/lib/python3.6/site-packages/airflow/example_dags/example_python_operator.py for tasks to queue
[2025-12-13 16:48:41,736] {logging_mixin.py:109} INFO - [2025-12-13 16:48:41,736] {dagbag.py:500} INFO - Filling up the DagBag from /home/airflow/.local/lib/python3.6/site-packages/airflow/example_dags/example_python_operator.py
[2025-12-13 16:48:41,769] {processor.py:654} INFO - DAG(s) dict_keys(['example_python_operator']) retrieved from /home/airflow/.local/lib/python3.6/site-packages/airflow/example_dags/example_python_operator.py
[2025-12-13 16:48:41,779] {logging_mixin.py:109} INFO - [2025-12-13 16:48:41,779] {dag.py:2396} INFO - Sync 1 DAGs
[2025-12-13 16:48:41,795] {logging_mixin.py:109} INFO - [2025-12-13 16:48:41,795] {dag.py:2935} INFO - Setting next_dagrun for example_python_operator to None
[2025-12-13 16:48:41,803] {processor.py:171} INFO - Processing /home/airflow/.local/lib/python3.6/site-packages/airflow/example_dags/example_python_operator.py took 0.074 seconds
[2025-12-13 16:49:12,876] {processor.py:163} INFO - Started process (PID=289) to work on /home/airflow/.local/lib/python3.6/site-packages/airflow/example_dags/example_python_operator.py
[2025-12-13 16:49:12,878] {processor.py:642} INFO - Processing file /home/airflow/.local/lib/python3.6/site-packages/airflow/example_dags/example_python_operator.py for tasks to queue
[2025-12-13 16:49:12,879] {logging_mixin.py:109} INFO - [2025-12-13 16:49:12,879] {dagbag.py:500} INFO - Filling up the DagBag from /home/airflow/.local/lib/python3.6/site-packages/airflow/example_dags/example_python_operator.py
[2025-12-13 16:49:12,938] {processor.py:654} INFO - DAG(s) dict_keys(['example_python_operator']) retrieved from /home/airflow/.local/lib/python3.6/site-packages/airflow/example_dags/example_python_operator.py
[2025-12-13 16:49:12,952] {logging_mixin.py:109} INFO - [2025-12-13 16:49:12,951] {dag.py:2396} INFO - Sync 1 DAGs
[2025-12-13 16:49:12,984] {logging_mixin.py:109} INFO - [2025-12-13 16:49:12,984] {dag.py:2935} INFO - Setting next_dagrun for example_python_operator to None
[2025-12-13 16:49:13,026] {processor.py:171} INFO - Processing /home/airflow/.local/lib/python3.6/site-packages/airflow/example_dags/example_python_operator.py took 0.157 seconds
[2025-12-13 16:49:44,514] {processor.py:163} INFO - Started process (PID=351) to work on /home/airflow/.local/lib/python3.6/site-packages/airflow/example_dags/example_python_operator.py
[2025-12-13 16:49:44,517] {processor.py:642} INFO - Processing file /home/airflow/.local/lib/python3.6/site-packages/airflow/example_dags/example_python_operator.py for tasks to queue
[2025-12-13 16:49:44,518] {logging_mixin.py:109} INFO - [2025-12-13 16:49:44,518] {dagbag.py:500} INFO - Filling up the DagBag from /home/airflow/.local/lib/python3.6/site-packages/airflow/example_dags/example_python_operator.py
[2025-12-13 16:49:44,607] {processor.py:654} INFO - DAG(s) dict_keys(['example_python_operator']) retrieved from /home/airflow/.local/lib/python3.6/site-packages/airflow/example_dags/example_python_operator.py
[2025-12-13 16:49:44,634] {logging_mixin.py:109} INFO - [2025-12-13 16:49:44,633] {dag.py:2396} INFO - Sync 1 DAGs
[2025-12-13 16:49:44,676] {logging_mixin.py:109} INFO - [2025-12-13 16:49:44,676] {dag.py:2935} INFO - Setting next_dagrun for example_python_operator to None
[2025-12-13 16:49:44,700] {processor.py:171} INFO - Processing /home/airflow/.local/lib/python3.6/site-packages/airflow/example_dags/example_python_operator.py took 0.196 seconds
[2025-12-13 16:50:15,335] {processor.py:163} INFO - Started process (PID=406) to work on /home/airflow/.local/lib/python3.6/site-packages/airflow/example_dags/example_python_operator.py
[2025-12-13 16:50:15,337] {processor.py:642} INFO - Processing file /home/airflow/.local/lib/python3.6/site-packages/airflow/example_dags/example_python_operator.py for tasks to queue
[2025-12-13 16:50:15,338] {logging_mixin.py:109} INFO - [2025-12-13 16:50:15,337] {dagbag.py:500} INFO - Filling up the DagBag from /home/airflow/.local/lib/python3.6/site-packages/airflow/example_dags/example_python_operator.py
[2025-12-13 16:50:15,373] {processor.py:654} INFO - DAG(s) dict_keys(['example_python_operator']) retrieved from /home/airflow/.local/lib/python3.6/site-packages/airflow/example_dags/example_python_operator.py
[2025-12-13 16:50:15,383] {logging_mixin.py:109} INFO - [2025-12-13 16:50:15,383] {dag.py:2396} INFO - Sync 1 DAGs
[2025-12-13 16:50:15,397] {logging_mixin.py:109} INFO - [2025-12-13 16:50:15,397] {dag.py:2935} INFO - Setting next_dagrun for example_python_operator to None
[2025-12-13 16:50:15,405] {processor.py:171} INFO - Processing /home/airflow/.local/lib/python3.6/site-packages/airflow/example_dags/example_python_operator.py took 0.074 seconds
[2025-12-13 16:52:41,145] {processor.py:163} INFO - Started process (PID=58) to work on /home/airflow/.local/lib/python3.6/site-packages/airflow/example_dags/example_python_operator.py
[2025-12-13 16:52:41,148] {processor.py:642} INFO - Processing file /home/airflow/.local/lib/python3.6/site-packages/airflow/example_dags/example_python_operator.py for tasks to queue
[2025-12-13 16:52:41,149] {logging_mixin.py:109} INFO - [2025-12-13 16:52:41,149] {dagbag.py:500} INFO - Filling up the DagBag from /home/airflow/.local/lib/python3.6/site-packages/airflow/example_dags/example_python_operator.py
[2025-12-13 16:52:41,209] {processor.py:654} INFO - DAG(s) dict_keys(['example_python_operator']) retrieved from /home/airflow/.local/lib/python3.6/site-packages/airflow/example_dags/example_python_operator.py
[2025-12-13 16:52:41,224] {logging_mixin.py:109} INFO - [2025-12-13 16:52:41,223] {dag.py:2396} INFO - Sync 1 DAGs
[2025-12-13 16:52:41,246] {logging_mixin.py:109} INFO - [2025-12-13 16:52:41,246] {dag.py:2935} INFO - Setting next_dagrun for example_python_operator to None
[2025-12-13 16:52:41,266] {processor.py:171} INFO - Processing /home/airflow/.local/lib/python3.6/site-packages/airflow/example_dags/example_python_operator.py took 0.128 seconds
[2025-12-13 16:53:11,979] {processor.py:163} INFO - Started process (PID=110) to work on /home/airflow/.local/lib/python3.6/site-packages/airflow/example_dags/example_python_operator.py
[2025-12-13 16:53:11,981] {processor.py:642} INFO - Processing file /home/airflow/.local/lib/python3.6/site-packages/airflow/example_dags/example_python_operator.py for tasks to queue
[2025-12-13 16:53:11,981] {logging_mixin.py:109} INFO - [2025-12-13 16:53:11,981] {dagbag.py:500} INFO - Filling up the DagBag from /home/airflow/.local/lib/python3.6/site-packages/airflow/example_dags/example_python_operator.py
[2025-12-13 16:53:12,015] {processor.py:654} INFO - DAG(s) dict_keys(['example_python_operator']) retrieved from /home/airflow/.local/lib/python3.6/site-packages/airflow/example_dags/example_python_operator.py
[2025-12-13 16:53:12,026] {logging_mixin.py:109} INFO - [2025-12-13 16:53:12,026] {dag.py:2396} INFO - Sync 1 DAGs
[2025-12-13 16:53:12,044] {logging_mixin.py:109} INFO - [2025-12-13 16:53:12,044] {dag.py:2935} INFO - Setting next_dagrun for example_python_operator to None
[2025-12-13 16:53:12,054] {processor.py:171} INFO - Processing /home/airflow/.local/lib/python3.6/site-packages/airflow/example_dags/example_python_operator.py took 0.078 seconds
[2025-12-13 16:53:42,916] {processor.py:163} INFO - Started process (PID=172) to work on /home/airflow/.local/lib/python3.6/site-packages/airflow/example_dags/example_python_operator.py
[2025-12-13 16:53:42,917] {processor.py:642} INFO - Processing file /home/airflow/.local/lib/python3.6/site-packages/airflow/example_dags/example_python_operator.py for tasks to queue
[2025-12-13 16:53:42,918] {logging_mixin.py:109} INFO - [2025-12-13 16:53:42,918] {dagbag.py:500} INFO - Filling up the DagBag from /home/airflow/.local/lib/python3.6/site-packages/airflow/example_dags/example_python_operator.py
[2025-12-13 16:53:42,983] {processor.py:654} INFO - DAG(s) dict_keys(['example_python_operator']) retrieved from /home/airflow/.local/lib/python3.6/site-packages/airflow/example_dags/example_python_operator.py
[2025-12-13 16:53:42,998] {logging_mixin.py:109} INFO - [2025-12-13 16:53:42,998] {dag.py:2396} INFO - Sync 1 DAGs
[2025-12-13 16:53:43,017] {logging_mixin.py:109} INFO - [2025-12-13 16:53:43,017] {dag.py:2935} INFO - Setting next_dagrun for example_python_operator to None
[2025-12-13 16:53:43,035] {processor.py:171} INFO - Processing /home/airflow/.local/lib/python3.6/site-packages/airflow/example_dags/example_python_operator.py took 0.123 seconds
[2025-12-13 16:54:13,729] {processor.py:163} INFO - Started process (PID=224) to work on /home/airflow/.local/lib/python3.6/site-packages/airflow/example_dags/example_python_operator.py
[2025-12-13 16:54:13,731] {processor.py:642} INFO - Processing file /home/airflow/.local/lib/python3.6/site-packages/airflow/example_dags/example_python_operator.py for tasks to queue
[2025-12-13 16:54:13,731] {logging_mixin.py:109} INFO - [2025-12-13 16:54:13,731] {dagbag.py:500} INFO - Filling up the DagBag from /home/airflow/.local/lib/python3.6/site-packages/airflow/example_dags/example_python_operator.py
[2025-12-13 16:54:13,762] {processor.py:654} INFO - DAG(s) dict_keys(['example_python_operator']) retrieved from /home/airflow/.local/lib/python3.6/site-packages/airflow/example_dags/example_python_operator.py
[2025-12-13 16:54:13,773] {logging_mixin.py:109} INFO - [2025-12-13 16:54:13,772] {dag.py:2396} INFO - Sync 1 DAGs
[2025-12-13 16:54:13,786] {logging_mixin.py:109} INFO - [2025-12-13 16:54:13,786] {dag.py:2935} INFO - Setting next_dagrun for example_python_operator to None
[2025-12-13 16:54:13,793] {processor.py:171} INFO - Processing /home/airflow/.local/lib/python3.6/site-packages/airflow/example_dags/example_python_operator.py took 0.067 seconds
[2025-12-13 16:54:44,122] {processor.py:163} INFO - Started process (PID=286) to work on /home/airflow/.local/lib/python3.6/site-packages/airflow/example_dags/example_python_operator.py
[2025-12-13 16:54:44,123] {processor.py:642} INFO - Processing file /home/airflow/.local/lib/python3.6/site-packages/airflow/example_dags/example_python_operator.py for tasks to queue
[2025-12-13 16:54:44,124] {logging_mixin.py:109} INFO - [2025-12-13 16:54:44,124] {dagbag.py:500} INFO - Filling up the DagBag from /home/airflow/.local/lib/python3.6/site-packages/airflow/example_dags/example_python_operator.py
[2025-12-13 16:54:44,156] {processor.py:654} INFO - DAG(s) dict_keys(['example_python_operator']) retrieved from /home/airflow/.local/lib/python3.6/site-packages/airflow/example_dags/example_python_operator.py
[2025-12-13 16:54:44,165] {logging_mixin.py:109} INFO - [2025-12-13 16:54:44,165] {dag.py:2396} INFO - Sync 1 DAGs
[2025-12-13 16:54:44,179] {logging_mixin.py:109} INFO - [2025-12-13 16:54:44,179] {dag.py:2935} INFO - Setting next_dagrun for example_python_operator to None
[2025-12-13 16:54:44,187] {processor.py:171} INFO - Processing /home/airflow/.local/lib/python3.6/site-packages/airflow/example_dags/example_python_operator.py took 0.068 seconds
[2025-12-13 16:55:14,444] {processor.py:163} INFO - Started process (PID=338) to work on /home/airflow/.local/lib/python3.6/site-packages/airflow/example_dags/example_python_operator.py
[2025-12-13 16:55:14,446] {processor.py:642} INFO - Processing file /home/airflow/.local/lib/python3.6/site-packages/airflow/example_dags/example_python_operator.py for tasks to queue
[2025-12-13 16:55:14,447] {logging_mixin.py:109} INFO - [2025-12-13 16:55:14,446] {dagbag.py:500} INFO - Filling up the DagBag from /home/airflow/.local/lib/python3.6/site-packages/airflow/example_dags/example_python_operator.py
[2025-12-13 16:55:14,510] {processor.py:654} INFO - DAG(s) dict_keys(['example_python_operator']) retrieved from /home/airflow/.local/lib/python3.6/site-packages/airflow/example_dags/example_python_operator.py
[2025-12-13 16:55:14,541] {logging_mixin.py:109} INFO - [2025-12-13 16:55:14,541] {dag.py:2396} INFO - Sync 1 DAGs
[2025-12-13 16:55:14,592] {logging_mixin.py:109} INFO - [2025-12-13 16:55:14,591] {dag.py:2935} INFO - Setting next_dagrun for example_python_operator to None
[2025-12-13 16:55:14,619] {processor.py:171} INFO - Processing /home/airflow/.local/lib/python3.6/site-packages/airflow/example_dags/example_python_operator.py took 0.180 seconds
[2025-12-13 16:55:44,837] {processor.py:163} INFO - Started process (PID=399) to work on /home/airflow/.local/lib/python3.6/site-packages/airflow/example_dags/example_python_operator.py
[2025-12-13 16:55:44,839] {processor.py:642} INFO - Processing file /home/airflow/.local/lib/python3.6/site-packages/airflow/example_dags/example_python_operator.py for tasks to queue
[2025-12-13 16:55:44,839] {logging_mixin.py:109} INFO - [2025-12-13 16:55:44,839] {dagbag.py:500} INFO - Filling up the DagBag from /home/airflow/.local/lib/python3.6/site-packages/airflow/example_dags/example_python_operator.py
[2025-12-13 16:55:44,870] {processor.py:654} INFO - DAG(s) dict_keys(['example_python_operator']) retrieved from /home/airflow/.local/lib/python3.6/site-packages/airflow/example_dags/example_python_operator.py
[2025-12-13 16:55:44,879] {logging_mixin.py:109} INFO - [2025-12-13 16:55:44,879] {dag.py:2396} INFO - Sync 1 DAGs
[2025-12-13 16:55:44,894] {logging_mixin.py:109} INFO - [2025-12-13 16:55:44,893] {dag.py:2935} INFO - Setting next_dagrun for example_python_operator to None
[2025-12-13 16:55:44,902] {processor.py:171} INFO - Processing /home/airflow/.local/lib/python3.6/site-packages/airflow/example_dags/example_python_operator.py took 0.069 seconds
[2025-12-13 16:56:15,806] {processor.py:163} INFO - Started process (PID=452) to work on /home/airflow/.local/lib/python3.6/site-packages/airflow/example_dags/example_python_operator.py
[2025-12-13 16:56:15,807] {processor.py:642} INFO - Processing file /home/airflow/.local/lib/python3.6/site-packages/airflow/example_dags/example_python_operator.py for tasks to queue
[2025-12-13 16:56:15,807] {logging_mixin.py:109} INFO - [2025-12-13 16:56:15,807] {dagbag.py:500} INFO - Filling up the DagBag from /home/airflow/.local/lib/python3.6/site-packages/airflow/example_dags/example_python_operator.py
[2025-12-13 16:56:15,841] {processor.py:654} INFO - DAG(s) dict_keys(['example_python_operator']) retrieved from /home/airflow/.local/lib/python3.6/site-packages/airflow/example_dags/example_python_operator.py
[2025-12-13 16:56:15,850] {logging_mixin.py:109} INFO - [2025-12-13 16:56:15,850] {dag.py:2396} INFO - Sync 1 DAGs
[2025-12-13 16:56:15,865] {logging_mixin.py:109} INFO - [2025-12-13 16:56:15,865] {dag.py:2935} INFO - Setting next_dagrun for example_python_operator to None
[2025-12-13 16:56:15,874] {processor.py:171} INFO - Processing /home/airflow/.local/lib/python3.6/site-packages/airflow/example_dags/example_python_operator.py took 0.072 seconds
[2025-12-13 16:56:45,996] {processor.py:163} INFO - Started process (PID=514) to work on /home/airflow/.local/lib/python3.6/site-packages/airflow/example_dags/example_python_operator.py
[2025-12-13 16:56:45,997] {processor.py:642} INFO - Processing file /home/airflow/.local/lib/python3.6/site-packages/airflow/example_dags/example_python_operator.py for tasks to queue
[2025-12-13 16:56:45,998] {logging_mixin.py:109} INFO - [2025-12-13 16:56:45,998] {dagbag.py:500} INFO - Filling up the DagBag from /home/airflow/.local/lib/python3.6/site-packages/airflow/example_dags/example_python_operator.py
[2025-12-13 16:56:46,033] {processor.py:654} INFO - DAG(s) dict_keys(['example_python_operator']) retrieved from /home/airflow/.local/lib/python3.6/site-packages/airflow/example_dags/example_python_operator.py
[2025-12-13 16:56:46,042] {logging_mixin.py:109} INFO - [2025-12-13 16:56:46,042] {dag.py:2396} INFO - Sync 1 DAGs
[2025-12-13 16:56:46,058] {logging_mixin.py:109} INFO - [2025-12-13 16:56:46,058] {dag.py:2935} INFO - Setting next_dagrun for example_python_operator to None
[2025-12-13 16:56:46,066] {processor.py:171} INFO - Processing /home/airflow/.local/lib/python3.6/site-packages/airflow/example_dags/example_python_operator.py took 0.073 seconds
[2025-12-13 16:57:16,582] {processor.py:163} INFO - Started process (PID=566) to work on /home/airflow/.local/lib/python3.6/site-packages/airflow/example_dags/example_python_operator.py
[2025-12-13 16:57:16,584] {processor.py:642} INFO - Processing file /home/airflow/.local/lib/python3.6/site-packages/airflow/example_dags/example_python_operator.py for tasks to queue
[2025-12-13 16:57:16,585] {logging_mixin.py:109} INFO - [2025-12-13 16:57:16,585] {dagbag.py:500} INFO - Filling up the DagBag from /home/airflow/.local/lib/python3.6/site-packages/airflow/example_dags/example_python_operator.py
[2025-12-13 16:57:16,616] {processor.py:654} INFO - DAG(s) dict_keys(['example_python_operator']) retrieved from /home/airflow/.local/lib/python3.6/site-packages/airflow/example_dags/example_python_operator.py
[2025-12-13 16:57:16,627] {logging_mixin.py:109} INFO - [2025-12-13 16:57:16,626] {dag.py:2396} INFO - Sync 1 DAGs
[2025-12-13 16:57:16,641] {logging_mixin.py:109} INFO - [2025-12-13 16:57:16,641] {dag.py:2935} INFO - Setting next_dagrun for example_python_operator to None
[2025-12-13 16:57:16,649] {processor.py:171} INFO - Processing /home/airflow/.local/lib/python3.6/site-packages/airflow/example_dags/example_python_operator.py took 0.070 seconds
[2025-12-13 16:57:46,944] {processor.py:163} INFO - Started process (PID=628) to work on /home/airflow/.local/lib/python3.6/site-packages/airflow/example_dags/example_python_operator.py
[2025-12-13 16:57:46,946] {processor.py:642} INFO - Processing file /home/airflow/.local/lib/python3.6/site-packages/airflow/example_dags/example_python_operator.py for tasks to queue
[2025-12-13 16:57:46,946] {logging_mixin.py:109} INFO - [2025-12-13 16:57:46,946] {dagbag.py:500} INFO - Filling up the DagBag from /home/airflow/.local/lib/python3.6/site-packages/airflow/example_dags/example_python_operator.py
[2025-12-13 16:57:46,981] {processor.py:654} INFO - DAG(s) dict_keys(['example_python_operator']) retrieved from /home/airflow/.local/lib/python3.6/site-packages/airflow/example_dags/example_python_operator.py
[2025-12-13 16:57:46,992] {logging_mixin.py:109} INFO - [2025-12-13 16:57:46,992] {dag.py:2396} INFO - Sync 1 DAGs
[2025-12-13 16:57:47,010] {logging_mixin.py:109} INFO - [2025-12-13 16:57:47,010] {dag.py:2935} INFO - Setting next_dagrun for example_python_operator to None
[2025-12-13 16:57:47,019] {processor.py:171} INFO - Processing /home/airflow/.local/lib/python3.6/site-packages/airflow/example_dags/example_python_operator.py took 0.079 seconds
[2025-12-13 16:58:17,732] {processor.py:163} INFO - Started process (PID=680) to work on /home/airflow/.local/lib/python3.6/site-packages/airflow/example_dags/example_python_operator.py
[2025-12-13 16:58:17,734] {processor.py:642} INFO - Processing file /home/airflow/.local/lib/python3.6/site-packages/airflow/example_dags/example_python_operator.py for tasks to queue
[2025-12-13 16:58:17,734] {logging_mixin.py:109} INFO - [2025-12-13 16:58:17,734] {dagbag.py:500} INFO - Filling up the DagBag from /home/airflow/.local/lib/python3.6/site-packages/airflow/example_dags/example_python_operator.py
[2025-12-13 16:58:17,766] {processor.py:654} INFO - DAG(s) dict_keys(['example_python_operator']) retrieved from /home/airflow/.local/lib/python3.6/site-packages/airflow/example_dags/example_python_operator.py
[2025-12-13 16:58:17,775] {logging_mixin.py:109} INFO - [2025-12-13 16:58:17,775] {dag.py:2396} INFO - Sync 1 DAGs
[2025-12-13 16:58:17,789] {logging_mixin.py:109} INFO - [2025-12-13 16:58:17,789] {dag.py:2935} INFO - Setting next_dagrun for example_python_operator to None
[2025-12-13 16:58:17,797] {processor.py:171} INFO - Processing /home/airflow/.local/lib/python3.6/site-packages/airflow/example_dags/example_python_operator.py took 0.069 seconds
[2025-12-13 16:58:49,212] {processor.py:163} INFO - Started process (PID=742) to work on /home/airflow/.local/lib/python3.6/site-packages/airflow/example_dags/example_python_operator.py
[2025-12-13 16:58:49,213] {processor.py:642} INFO - Processing file /home/airflow/.local/lib/python3.6/site-packages/airflow/example_dags/example_python_operator.py for tasks to queue
[2025-12-13 16:58:49,213] {logging_mixin.py:109} INFO - [2025-12-13 16:58:49,213] {dagbag.py:500} INFO - Filling up the DagBag from /home/airflow/.local/lib/python3.6/site-packages/airflow/example_dags/example_python_operator.py
[2025-12-13 16:58:49,246] {processor.py:654} INFO - DAG(s) dict_keys(['example_python_operator']) retrieved from /home/airflow/.local/lib/python3.6/site-packages/airflow/example_dags/example_python_operator.py
[2025-12-13 16:58:49,257] {logging_mixin.py:109} INFO - [2025-12-13 16:58:49,256] {dag.py:2396} INFO - Sync 1 DAGs
[2025-12-13 16:58:49,274] {logging_mixin.py:109} INFO - [2025-12-13 16:58:49,274] {dag.py:2935} INFO - Setting next_dagrun for example_python_operator to None
[2025-12-13 16:58:49,283] {processor.py:171} INFO - Processing /home/airflow/.local/lib/python3.6/site-packages/airflow/example_dags/example_python_operator.py took 0.075 seconds
[2025-12-13 16:59:19,574] {processor.py:163} INFO - Started process (PID=804) to work on /home/airflow/.local/lib/python3.6/site-packages/airflow/example_dags/example_python_operator.py
[2025-12-13 16:59:19,576] {processor.py:642} INFO - Processing file /home/airflow/.local/lib/python3.6/site-packages/airflow/example_dags/example_python_operator.py for tasks to queue
[2025-12-13 16:59:19,576] {logging_mixin.py:109} INFO - [2025-12-13 16:59:19,576] {dagbag.py:500} INFO - Filling up the DagBag from /home/airflow/.local/lib/python3.6/site-packages/airflow/example_dags/example_python_operator.py
[2025-12-13 16:59:19,611] {processor.py:654} INFO - DAG(s) dict_keys(['example_python_operator']) retrieved from /home/airflow/.local/lib/python3.6/site-packages/airflow/example_dags/example_python_operator.py
[2025-12-13 16:59:19,622] {logging_mixin.py:109} INFO - [2025-12-13 16:59:19,622] {dag.py:2396} INFO - Sync 1 DAGs
[2025-12-13 16:59:19,641] {logging_mixin.py:109} INFO - [2025-12-13 16:59:19,641] {dag.py:2935} INFO - Setting next_dagrun for example_python_operator to None
[2025-12-13 16:59:19,650] {processor.py:171} INFO - Processing /home/airflow/.local/lib/python3.6/site-packages/airflow/example_dags/example_python_operator.py took 0.080 seconds
[2025-12-13 16:59:50,713] {processor.py:163} INFO - Started process (PID=856) to work on /home/airflow/.local/lib/python3.6/site-packages/airflow/example_dags/example_python_operator.py
[2025-12-13 16:59:50,714] {processor.py:642} INFO - Processing file /home/airflow/.local/lib/python3.6/site-packages/airflow/example_dags/example_python_operator.py for tasks to queue
[2025-12-13 16:59:50,715] {logging_mixin.py:109} INFO - [2025-12-13 16:59:50,715] {dagbag.py:500} INFO - Filling up the DagBag from /home/airflow/.local/lib/python3.6/site-packages/airflow/example_dags/example_python_operator.py
[2025-12-13 16:59:50,765] {processor.py:654} INFO - DAG(s) dict_keys(['example_python_operator']) retrieved from /home/airflow/.local/lib/python3.6/site-packages/airflow/example_dags/example_python_operator.py
[2025-12-13 16:59:50,780] {logging_mixin.py:109} INFO - [2025-12-13 16:59:50,780] {dag.py:2396} INFO - Sync 1 DAGs
[2025-12-13 16:59:50,801] {logging_mixin.py:109} INFO - [2025-12-13 16:59:50,800] {dag.py:2935} INFO - Setting next_dagrun for example_python_operator to None
[2025-12-13 16:59:50,817] {processor.py:171} INFO - Processing /home/airflow/.local/lib/python3.6/site-packages/airflow/example_dags/example_python_operator.py took 0.107 seconds
