[2025-12-13 16:47:08,948] {processor.py:163} INFO - Started process (PID=50) to work on /home/airflow/.local/lib/python3.6/site-packages/airflow/example_dags/example_trigger_controller_dag.py
[2025-12-13 16:47:08,951] {processor.py:642} INFO - Processing file /home/airflow/.local/lib/python3.6/site-packages/airflow/example_dags/example_trigger_controller_dag.py for tasks to queue
[2025-12-13 16:47:08,953] {logging_mixin.py:109} INFO - [2025-12-13 16:47:08,952] {dagbag.py:500} INFO - Filling up the DagBag from /home/airflow/.local/lib/python3.6/site-packages/airflow/example_dags/example_trigger_controller_dag.py
[2025-12-13 16:47:09,009] {processor.py:654} INFO - DAG(s) dict_keys(['example_trigger_controller_dag']) retrieved from /home/airflow/.local/lib/python3.6/site-packages/airflow/example_dags/example_trigger_controller_dag.py
[2025-12-13 16:47:09,026] {logging_mixin.py:109} INFO - [2025-12-13 16:47:09,026] {dag.py:2396} INFO - Sync 1 DAGs
[2025-12-13 16:47:09,056] {logging_mixin.py:109} INFO - [2025-12-13 16:47:09,055] {dag.py:2935} INFO - Setting next_dagrun for example_trigger_controller_dag to 2021-01-01T00:00:00+00:00
[2025-12-13 16:47:09,076] {processor.py:171} INFO - Processing /home/airflow/.local/lib/python3.6/site-packages/airflow/example_dags/example_trigger_controller_dag.py took 0.135 seconds
[2025-12-13 16:47:39,373] {processor.py:163} INFO - Started process (PID=112) to work on /home/airflow/.local/lib/python3.6/site-packages/airflow/example_dags/example_trigger_controller_dag.py
[2025-12-13 16:47:39,375] {processor.py:642} INFO - Processing file /home/airflow/.local/lib/python3.6/site-packages/airflow/example_dags/example_trigger_controller_dag.py for tasks to queue
[2025-12-13 16:47:39,376] {logging_mixin.py:109} INFO - [2025-12-13 16:47:39,376] {dagbag.py:500} INFO - Filling up the DagBag from /home/airflow/.local/lib/python3.6/site-packages/airflow/example_dags/example_trigger_controller_dag.py
[2025-12-13 16:47:39,404] {processor.py:654} INFO - DAG(s) dict_keys(['example_trigger_controller_dag']) retrieved from /home/airflow/.local/lib/python3.6/site-packages/airflow/example_dags/example_trigger_controller_dag.py
[2025-12-13 16:47:39,415] {logging_mixin.py:109} INFO - [2025-12-13 16:47:39,415] {dag.py:2396} INFO - Sync 1 DAGs
[2025-12-13 16:47:39,431] {logging_mixin.py:109} INFO - [2025-12-13 16:47:39,431] {dag.py:2935} INFO - Setting next_dagrun for example_trigger_controller_dag to 2021-01-01T00:00:00+00:00
[2025-12-13 16:47:39,439] {processor.py:171} INFO - Processing /home/airflow/.local/lib/python3.6/site-packages/airflow/example_dags/example_trigger_controller_dag.py took 0.072 seconds
[2025-12-13 16:48:09,634] {processor.py:163} INFO - Started process (PID=164) to work on /home/airflow/.local/lib/python3.6/site-packages/airflow/example_dags/example_trigger_controller_dag.py
[2025-12-13 16:48:09,635] {processor.py:642} INFO - Processing file /home/airflow/.local/lib/python3.6/site-packages/airflow/example_dags/example_trigger_controller_dag.py for tasks to queue
[2025-12-13 16:48:09,636] {logging_mixin.py:109} INFO - [2025-12-13 16:48:09,636] {dagbag.py:500} INFO - Filling up the DagBag from /home/airflow/.local/lib/python3.6/site-packages/airflow/example_dags/example_trigger_controller_dag.py
[2025-12-13 16:48:09,665] {processor.py:654} INFO - DAG(s) dict_keys(['example_trigger_controller_dag']) retrieved from /home/airflow/.local/lib/python3.6/site-packages/airflow/example_dags/example_trigger_controller_dag.py
[2025-12-13 16:48:09,676] {logging_mixin.py:109} INFO - [2025-12-13 16:48:09,676] {dag.py:2396} INFO - Sync 1 DAGs
[2025-12-13 16:48:09,693] {logging_mixin.py:109} INFO - [2025-12-13 16:48:09,693] {dag.py:2935} INFO - Setting next_dagrun for example_trigger_controller_dag to 2021-01-01T00:00:00+00:00
[2025-12-13 16:48:09,701] {processor.py:171} INFO - Processing /home/airflow/.local/lib/python3.6/site-packages/airflow/example_dags/example_trigger_controller_dag.py took 0.071 seconds
[2025-12-13 16:48:39,786] {processor.py:163} INFO - Started process (PID=223) to work on /home/airflow/.local/lib/python3.6/site-packages/airflow/example_dags/example_trigger_controller_dag.py
[2025-12-13 16:48:39,787] {processor.py:642} INFO - Processing file /home/airflow/.local/lib/python3.6/site-packages/airflow/example_dags/example_trigger_controller_dag.py for tasks to queue
[2025-12-13 16:48:39,788] {logging_mixin.py:109} INFO - [2025-12-13 16:48:39,788] {dagbag.py:500} INFO - Filling up the DagBag from /home/airflow/.local/lib/python3.6/site-packages/airflow/example_dags/example_trigger_controller_dag.py
[2025-12-13 16:48:39,819] {processor.py:654} INFO - DAG(s) dict_keys(['example_trigger_controller_dag']) retrieved from /home/airflow/.local/lib/python3.6/site-packages/airflow/example_dags/example_trigger_controller_dag.py
[2025-12-13 16:48:39,829] {logging_mixin.py:109} INFO - [2025-12-13 16:48:39,829] {dag.py:2396} INFO - Sync 1 DAGs
[2025-12-13 16:48:39,846] {logging_mixin.py:109} INFO - [2025-12-13 16:48:39,846] {dag.py:2935} INFO - Setting next_dagrun for example_trigger_controller_dag to 2021-01-01T00:00:00+00:00
[2025-12-13 16:48:39,854] {processor.py:171} INFO - Processing /home/airflow/.local/lib/python3.6/site-packages/airflow/example_dags/example_trigger_controller_dag.py took 0.073 seconds
[2025-12-13 16:49:09,947] {processor.py:163} INFO - Started process (PID=278) to work on /home/airflow/.local/lib/python3.6/site-packages/airflow/example_dags/example_trigger_controller_dag.py
[2025-12-13 16:49:09,948] {processor.py:642} INFO - Processing file /home/airflow/.local/lib/python3.6/site-packages/airflow/example_dags/example_trigger_controller_dag.py for tasks to queue
[2025-12-13 16:49:09,949] {logging_mixin.py:109} INFO - [2025-12-13 16:49:09,949] {dagbag.py:500} INFO - Filling up the DagBag from /home/airflow/.local/lib/python3.6/site-packages/airflow/example_dags/example_trigger_controller_dag.py
[2025-12-13 16:49:09,975] {processor.py:654} INFO - DAG(s) dict_keys(['example_trigger_controller_dag']) retrieved from /home/airflow/.local/lib/python3.6/site-packages/airflow/example_dags/example_trigger_controller_dag.py
[2025-12-13 16:49:09,983] {logging_mixin.py:109} INFO - [2025-12-13 16:49:09,983] {dag.py:2396} INFO - Sync 1 DAGs
[2025-12-13 16:49:09,998] {logging_mixin.py:109} INFO - [2025-12-13 16:49:09,998] {dag.py:2935} INFO - Setting next_dagrun for example_trigger_controller_dag to 2021-01-01T00:00:00+00:00
[2025-12-13 16:49:10,005] {processor.py:171} INFO - Processing /home/airflow/.local/lib/python3.6/site-packages/airflow/example_dags/example_trigger_controller_dag.py took 0.061 seconds
[2025-12-13 16:49:41,026] {processor.py:163} INFO - Started process (PID=330) to work on /home/airflow/.local/lib/python3.6/site-packages/airflow/example_dags/example_trigger_controller_dag.py
[2025-12-13 16:49:41,027] {processor.py:642} INFO - Processing file /home/airflow/.local/lib/python3.6/site-packages/airflow/example_dags/example_trigger_controller_dag.py for tasks to queue
[2025-12-13 16:49:41,028] {logging_mixin.py:109} INFO - [2025-12-13 16:49:41,028] {dagbag.py:500} INFO - Filling up the DagBag from /home/airflow/.local/lib/python3.6/site-packages/airflow/example_dags/example_trigger_controller_dag.py
[2025-12-13 16:49:41,055] {processor.py:654} INFO - DAG(s) dict_keys(['example_trigger_controller_dag']) retrieved from /home/airflow/.local/lib/python3.6/site-packages/airflow/example_dags/example_trigger_controller_dag.py
[2025-12-13 16:49:41,064] {logging_mixin.py:109} INFO - [2025-12-13 16:49:41,064] {dag.py:2396} INFO - Sync 1 DAGs
[2025-12-13 16:49:41,079] {logging_mixin.py:109} INFO - [2025-12-13 16:49:41,079] {dag.py:2935} INFO - Setting next_dagrun for example_trigger_controller_dag to 2021-01-01T00:00:00+00:00
[2025-12-13 16:49:41,087] {processor.py:171} INFO - Processing /home/airflow/.local/lib/python3.6/site-packages/airflow/example_dags/example_trigger_controller_dag.py took 0.064 seconds
[2025-12-13 16:50:12,030] {processor.py:163} INFO - Started process (PID=392) to work on /home/airflow/.local/lib/python3.6/site-packages/airflow/example_dags/example_trigger_controller_dag.py
[2025-12-13 16:50:12,033] {processor.py:642} INFO - Processing file /home/airflow/.local/lib/python3.6/site-packages/airflow/example_dags/example_trigger_controller_dag.py for tasks to queue
[2025-12-13 16:50:12,035] {logging_mixin.py:109} INFO - [2025-12-13 16:50:12,035] {dagbag.py:500} INFO - Filling up the DagBag from /home/airflow/.local/lib/python3.6/site-packages/airflow/example_dags/example_trigger_controller_dag.py
[2025-12-13 16:50:12,103] {processor.py:654} INFO - DAG(s) dict_keys(['example_trigger_controller_dag']) retrieved from /home/airflow/.local/lib/python3.6/site-packages/airflow/example_dags/example_trigger_controller_dag.py
[2025-12-13 16:50:12,122] {logging_mixin.py:109} INFO - [2025-12-13 16:50:12,122] {dag.py:2396} INFO - Sync 1 DAGs
[2025-12-13 16:50:12,159] {logging_mixin.py:109} INFO - [2025-12-13 16:50:12,158] {dag.py:2935} INFO - Setting next_dagrun for example_trigger_controller_dag to 2021-01-01T00:00:00+00:00
[2025-12-13 16:50:12,189] {processor.py:171} INFO - Processing /home/airflow/.local/lib/python3.6/site-packages/airflow/example_dags/example_trigger_controller_dag.py took 0.169 seconds
[2025-12-13 16:50:42,584] {processor.py:163} INFO - Started process (PID=444) to work on /home/airflow/.local/lib/python3.6/site-packages/airflow/example_dags/example_trigger_controller_dag.py
[2025-12-13 16:50:42,585] {processor.py:642} INFO - Processing file /home/airflow/.local/lib/python3.6/site-packages/airflow/example_dags/example_trigger_controller_dag.py for tasks to queue
[2025-12-13 16:50:42,585] {logging_mixin.py:109} INFO - [2025-12-13 16:50:42,585] {dagbag.py:500} INFO - Filling up the DagBag from /home/airflow/.local/lib/python3.6/site-packages/airflow/example_dags/example_trigger_controller_dag.py
[2025-12-13 16:50:42,610] {processor.py:654} INFO - DAG(s) dict_keys(['example_trigger_controller_dag']) retrieved from /home/airflow/.local/lib/python3.6/site-packages/airflow/example_dags/example_trigger_controller_dag.py
[2025-12-13 16:50:42,619] {logging_mixin.py:109} INFO - [2025-12-13 16:50:42,619] {dag.py:2396} INFO - Sync 1 DAGs
[2025-12-13 16:50:42,633] {logging_mixin.py:109} INFO - [2025-12-13 16:50:42,633] {dag.py:2935} INFO - Setting next_dagrun for example_trigger_controller_dag to 2021-01-01T00:00:00+00:00
[2025-12-13 16:50:42,641] {processor.py:171} INFO - Processing /home/airflow/.local/lib/python3.6/site-packages/airflow/example_dags/example_trigger_controller_dag.py took 0.061 seconds
[2025-12-13 16:52:40,076] {processor.py:163} INFO - Started process (PID=50) to work on /home/airflow/.local/lib/python3.6/site-packages/airflow/example_dags/example_trigger_controller_dag.py
[2025-12-13 16:52:40,079] {processor.py:642} INFO - Processing file /home/airflow/.local/lib/python3.6/site-packages/airflow/example_dags/example_trigger_controller_dag.py for tasks to queue
[2025-12-13 16:52:40,080] {logging_mixin.py:109} INFO - [2025-12-13 16:52:40,080] {dagbag.py:500} INFO - Filling up the DagBag from /home/airflow/.local/lib/python3.6/site-packages/airflow/example_dags/example_trigger_controller_dag.py
[2025-12-13 16:52:40,141] {processor.py:654} INFO - DAG(s) dict_keys(['example_trigger_controller_dag']) retrieved from /home/airflow/.local/lib/python3.6/site-packages/airflow/example_dags/example_trigger_controller_dag.py
[2025-12-13 16:52:40,172] {logging_mixin.py:109} INFO - [2025-12-13 16:52:40,172] {dag.py:2396} INFO - Sync 1 DAGs
[2025-12-13 16:52:40,218] {logging_mixin.py:109} INFO - [2025-12-13 16:52:40,218] {dag.py:2935} INFO - Setting next_dagrun for example_trigger_controller_dag to 2021-01-01T00:00:00+00:00
[2025-12-13 16:52:40,233] {processor.py:171} INFO - Processing /home/airflow/.local/lib/python3.6/site-packages/airflow/example_dags/example_trigger_controller_dag.py took 0.163 seconds
[2025-12-13 16:53:10,484] {processor.py:163} INFO - Started process (PID=102) to work on /home/airflow/.local/lib/python3.6/site-packages/airflow/example_dags/example_trigger_controller_dag.py
[2025-12-13 16:53:10,485] {processor.py:642} INFO - Processing file /home/airflow/.local/lib/python3.6/site-packages/airflow/example_dags/example_trigger_controller_dag.py for tasks to queue
[2025-12-13 16:53:10,486] {logging_mixin.py:109} INFO - [2025-12-13 16:53:10,485] {dagbag.py:500} INFO - Filling up the DagBag from /home/airflow/.local/lib/python3.6/site-packages/airflow/example_dags/example_trigger_controller_dag.py
[2025-12-13 16:53:10,513] {processor.py:654} INFO - DAG(s) dict_keys(['example_trigger_controller_dag']) retrieved from /home/airflow/.local/lib/python3.6/site-packages/airflow/example_dags/example_trigger_controller_dag.py
[2025-12-13 16:53:10,522] {logging_mixin.py:109} INFO - [2025-12-13 16:53:10,522] {dag.py:2396} INFO - Sync 1 DAGs
[2025-12-13 16:53:10,537] {logging_mixin.py:109} INFO - [2025-12-13 16:53:10,536] {dag.py:2935} INFO - Setting next_dagrun for example_trigger_controller_dag to 2021-01-01T00:00:00+00:00
[2025-12-13 16:53:10,543] {processor.py:171} INFO - Processing /home/airflow/.local/lib/python3.6/site-packages/airflow/example_dags/example_trigger_controller_dag.py took 0.064 seconds
[2025-12-13 16:53:41,641] {processor.py:163} INFO - Started process (PID=164) to work on /home/airflow/.local/lib/python3.6/site-packages/airflow/example_dags/example_trigger_controller_dag.py
[2025-12-13 16:53:41,642] {processor.py:642} INFO - Processing file /home/airflow/.local/lib/python3.6/site-packages/airflow/example_dags/example_trigger_controller_dag.py for tasks to queue
[2025-12-13 16:53:41,643] {logging_mixin.py:109} INFO - [2025-12-13 16:53:41,643] {dagbag.py:500} INFO - Filling up the DagBag from /home/airflow/.local/lib/python3.6/site-packages/airflow/example_dags/example_trigger_controller_dag.py
[2025-12-13 16:53:41,678] {processor.py:654} INFO - DAG(s) dict_keys(['example_trigger_controller_dag']) retrieved from /home/airflow/.local/lib/python3.6/site-packages/airflow/example_dags/example_trigger_controller_dag.py
[2025-12-13 16:53:41,689] {logging_mixin.py:109} INFO - [2025-12-13 16:53:41,689] {dag.py:2396} INFO - Sync 1 DAGs
[2025-12-13 16:53:41,706] {logging_mixin.py:109} INFO - [2025-12-13 16:53:41,705] {dag.py:2935} INFO - Setting next_dagrun for example_trigger_controller_dag to 2021-01-01T00:00:00+00:00
[2025-12-13 16:53:41,713] {processor.py:171} INFO - Processing /home/airflow/.local/lib/python3.6/site-packages/airflow/example_dags/example_trigger_controller_dag.py took 0.077 seconds
[2025-12-13 16:54:12,031] {processor.py:163} INFO - Started process (PID=216) to work on /home/airflow/.local/lib/python3.6/site-packages/airflow/example_dags/example_trigger_controller_dag.py
[2025-12-13 16:54:12,032] {processor.py:642} INFO - Processing file /home/airflow/.local/lib/python3.6/site-packages/airflow/example_dags/example_trigger_controller_dag.py for tasks to queue
[2025-12-13 16:54:12,033] {logging_mixin.py:109} INFO - [2025-12-13 16:54:12,033] {dagbag.py:500} INFO - Filling up the DagBag from /home/airflow/.local/lib/python3.6/site-packages/airflow/example_dags/example_trigger_controller_dag.py
[2025-12-13 16:54:12,060] {processor.py:654} INFO - DAG(s) dict_keys(['example_trigger_controller_dag']) retrieved from /home/airflow/.local/lib/python3.6/site-packages/airflow/example_dags/example_trigger_controller_dag.py
[2025-12-13 16:54:12,070] {logging_mixin.py:109} INFO - [2025-12-13 16:54:12,070] {dag.py:2396} INFO - Sync 1 DAGs
[2025-12-13 16:54:12,085] {logging_mixin.py:109} INFO - [2025-12-13 16:54:12,085] {dag.py:2935} INFO - Setting next_dagrun for example_trigger_controller_dag to 2021-01-01T00:00:00+00:00
[2025-12-13 16:54:12,092] {processor.py:171} INFO - Processing /home/airflow/.local/lib/python3.6/site-packages/airflow/example_dags/example_trigger_controller_dag.py took 0.065 seconds
[2025-12-13 16:54:42,287] {processor.py:163} INFO - Started process (PID=278) to work on /home/airflow/.local/lib/python3.6/site-packages/airflow/example_dags/example_trigger_controller_dag.py
[2025-12-13 16:54:42,289] {processor.py:642} INFO - Processing file /home/airflow/.local/lib/python3.6/site-packages/airflow/example_dags/example_trigger_controller_dag.py for tasks to queue
[2025-12-13 16:54:42,289] {logging_mixin.py:109} INFO - [2025-12-13 16:54:42,289] {dagbag.py:500} INFO - Filling up the DagBag from /home/airflow/.local/lib/python3.6/site-packages/airflow/example_dags/example_trigger_controller_dag.py
[2025-12-13 16:54:42,320] {processor.py:654} INFO - DAG(s) dict_keys(['example_trigger_controller_dag']) retrieved from /home/airflow/.local/lib/python3.6/site-packages/airflow/example_dags/example_trigger_controller_dag.py
[2025-12-13 16:54:42,329] {logging_mixin.py:109} INFO - [2025-12-13 16:54:42,329] {dag.py:2396} INFO - Sync 1 DAGs
[2025-12-13 16:54:42,344] {logging_mixin.py:109} INFO - [2025-12-13 16:54:42,344] {dag.py:2935} INFO - Setting next_dagrun for example_trigger_controller_dag to 2021-01-01T00:00:00+00:00
[2025-12-13 16:54:42,356] {processor.py:171} INFO - Processing /home/airflow/.local/lib/python3.6/site-packages/airflow/example_dags/example_trigger_controller_dag.py took 0.073 seconds
[2025-12-13 16:55:12,675] {processor.py:163} INFO - Started process (PID=330) to work on /home/airflow/.local/lib/python3.6/site-packages/airflow/example_dags/example_trigger_controller_dag.py
[2025-12-13 16:55:12,677] {processor.py:642} INFO - Processing file /home/airflow/.local/lib/python3.6/site-packages/airflow/example_dags/example_trigger_controller_dag.py for tasks to queue
[2025-12-13 16:55:12,678] {logging_mixin.py:109} INFO - [2025-12-13 16:55:12,677] {dagbag.py:500} INFO - Filling up the DagBag from /home/airflow/.local/lib/python3.6/site-packages/airflow/example_dags/example_trigger_controller_dag.py
[2025-12-13 16:55:12,713] {processor.py:654} INFO - DAG(s) dict_keys(['example_trigger_controller_dag']) retrieved from /home/airflow/.local/lib/python3.6/site-packages/airflow/example_dags/example_trigger_controller_dag.py
[2025-12-13 16:55:12,725] {logging_mixin.py:109} INFO - [2025-12-13 16:55:12,725] {dag.py:2396} INFO - Sync 1 DAGs
[2025-12-13 16:55:12,742] {logging_mixin.py:109} INFO - [2025-12-13 16:55:12,742] {dag.py:2935} INFO - Setting next_dagrun for example_trigger_controller_dag to 2021-01-01T00:00:00+00:00
[2025-12-13 16:55:12,752] {processor.py:171} INFO - Processing /home/airflow/.local/lib/python3.6/site-packages/airflow/example_dags/example_trigger_controller_dag.py took 0.081 seconds
[2025-12-13 16:55:43,367] {processor.py:163} INFO - Started process (PID=392) to work on /home/airflow/.local/lib/python3.6/site-packages/airflow/example_dags/example_trigger_controller_dag.py
[2025-12-13 16:55:43,369] {processor.py:642} INFO - Processing file /home/airflow/.local/lib/python3.6/site-packages/airflow/example_dags/example_trigger_controller_dag.py for tasks to queue
[2025-12-13 16:55:43,369] {logging_mixin.py:109} INFO - [2025-12-13 16:55:43,369] {dagbag.py:500} INFO - Filling up the DagBag from /home/airflow/.local/lib/python3.6/site-packages/airflow/example_dags/example_trigger_controller_dag.py
[2025-12-13 16:55:43,401] {processor.py:654} INFO - DAG(s) dict_keys(['example_trigger_controller_dag']) retrieved from /home/airflow/.local/lib/python3.6/site-packages/airflow/example_dags/example_trigger_controller_dag.py
[2025-12-13 16:55:43,415] {logging_mixin.py:109} INFO - [2025-12-13 16:55:43,415] {dag.py:2396} INFO - Sync 1 DAGs
[2025-12-13 16:55:43,433] {logging_mixin.py:109} INFO - [2025-12-13 16:55:43,432] {dag.py:2935} INFO - Setting next_dagrun for example_trigger_controller_dag to 2021-01-01T00:00:00+00:00
[2025-12-13 16:55:43,440] {processor.py:171} INFO - Processing /home/airflow/.local/lib/python3.6/site-packages/airflow/example_dags/example_trigger_controller_dag.py took 0.077 seconds
[2025-12-13 16:56:14,119] {processor.py:163} INFO - Started process (PID=444) to work on /home/airflow/.local/lib/python3.6/site-packages/airflow/example_dags/example_trigger_controller_dag.py
[2025-12-13 16:56:14,120] {processor.py:642} INFO - Processing file /home/airflow/.local/lib/python3.6/site-packages/airflow/example_dags/example_trigger_controller_dag.py for tasks to queue
[2025-12-13 16:56:14,121] {logging_mixin.py:109} INFO - [2025-12-13 16:56:14,121] {dagbag.py:500} INFO - Filling up the DagBag from /home/airflow/.local/lib/python3.6/site-packages/airflow/example_dags/example_trigger_controller_dag.py
[2025-12-13 16:56:14,145] {processor.py:654} INFO - DAG(s) dict_keys(['example_trigger_controller_dag']) retrieved from /home/airflow/.local/lib/python3.6/site-packages/airflow/example_dags/example_trigger_controller_dag.py
[2025-12-13 16:56:14,154] {logging_mixin.py:109} INFO - [2025-12-13 16:56:14,154] {dag.py:2396} INFO - Sync 1 DAGs
[2025-12-13 16:56:14,168] {logging_mixin.py:109} INFO - [2025-12-13 16:56:14,168] {dag.py:2935} INFO - Setting next_dagrun for example_trigger_controller_dag to 2021-01-01T00:00:00+00:00
[2025-12-13 16:56:14,176] {processor.py:171} INFO - Processing /home/airflow/.local/lib/python3.6/site-packages/airflow/example_dags/example_trigger_controller_dag.py took 0.061 seconds
[2025-12-13 16:56:44,492] {processor.py:163} INFO - Started process (PID=506) to work on /home/airflow/.local/lib/python3.6/site-packages/airflow/example_dags/example_trigger_controller_dag.py
[2025-12-13 16:56:44,493] {processor.py:642} INFO - Processing file /home/airflow/.local/lib/python3.6/site-packages/airflow/example_dags/example_trigger_controller_dag.py for tasks to queue
[2025-12-13 16:56:44,493] {logging_mixin.py:109} INFO - [2025-12-13 16:56:44,493] {dagbag.py:500} INFO - Filling up the DagBag from /home/airflow/.local/lib/python3.6/site-packages/airflow/example_dags/example_trigger_controller_dag.py
[2025-12-13 16:56:44,525] {processor.py:654} INFO - DAG(s) dict_keys(['example_trigger_controller_dag']) retrieved from /home/airflow/.local/lib/python3.6/site-packages/airflow/example_dags/example_trigger_controller_dag.py
[2025-12-13 16:56:44,537] {logging_mixin.py:109} INFO - [2025-12-13 16:56:44,537] {dag.py:2396} INFO - Sync 1 DAGs
[2025-12-13 16:56:44,555] {logging_mixin.py:109} INFO - [2025-12-13 16:56:44,555] {dag.py:2935} INFO - Setting next_dagrun for example_trigger_controller_dag to 2021-01-01T00:00:00+00:00
[2025-12-13 16:56:44,577] {processor.py:171} INFO - Processing /home/airflow/.local/lib/python3.6/site-packages/airflow/example_dags/example_trigger_controller_dag.py took 0.090 seconds
[2025-12-13 16:57:14,731] {processor.py:163} INFO - Started process (PID=558) to work on /home/airflow/.local/lib/python3.6/site-packages/airflow/example_dags/example_trigger_controller_dag.py
[2025-12-13 16:57:14,732] {processor.py:642} INFO - Processing file /home/airflow/.local/lib/python3.6/site-packages/airflow/example_dags/example_trigger_controller_dag.py for tasks to queue
[2025-12-13 16:57:14,733] {logging_mixin.py:109} INFO - [2025-12-13 16:57:14,732] {dagbag.py:500} INFO - Filling up the DagBag from /home/airflow/.local/lib/python3.6/site-packages/airflow/example_dags/example_trigger_controller_dag.py
[2025-12-13 16:57:14,760] {processor.py:654} INFO - DAG(s) dict_keys(['example_trigger_controller_dag']) retrieved from /home/airflow/.local/lib/python3.6/site-packages/airflow/example_dags/example_trigger_controller_dag.py
[2025-12-13 16:57:14,771] {logging_mixin.py:109} INFO - [2025-12-13 16:57:14,771] {dag.py:2396} INFO - Sync 1 DAGs
[2025-12-13 16:57:14,786] {logging_mixin.py:109} INFO - [2025-12-13 16:57:14,786] {dag.py:2935} INFO - Setting next_dagrun for example_trigger_controller_dag to 2021-01-01T00:00:00+00:00
[2025-12-13 16:57:14,793] {processor.py:171} INFO - Processing /home/airflow/.local/lib/python3.6/site-packages/airflow/example_dags/example_trigger_controller_dag.py took 0.066 seconds
[2025-12-13 16:57:45,012] {processor.py:163} INFO - Started process (PID=620) to work on /home/airflow/.local/lib/python3.6/site-packages/airflow/example_dags/example_trigger_controller_dag.py
[2025-12-13 16:57:45,014] {processor.py:642} INFO - Processing file /home/airflow/.local/lib/python3.6/site-packages/airflow/example_dags/example_trigger_controller_dag.py for tasks to queue
[2025-12-13 16:57:45,014] {logging_mixin.py:109} INFO - [2025-12-13 16:57:45,014] {dagbag.py:500} INFO - Filling up the DagBag from /home/airflow/.local/lib/python3.6/site-packages/airflow/example_dags/example_trigger_controller_dag.py
[2025-12-13 16:57:45,040] {processor.py:654} INFO - DAG(s) dict_keys(['example_trigger_controller_dag']) retrieved from /home/airflow/.local/lib/python3.6/site-packages/airflow/example_dags/example_trigger_controller_dag.py
[2025-12-13 16:57:45,050] {logging_mixin.py:109} INFO - [2025-12-13 16:57:45,050] {dag.py:2396} INFO - Sync 1 DAGs
[2025-12-13 16:57:45,066] {logging_mixin.py:109} INFO - [2025-12-13 16:57:45,066] {dag.py:2935} INFO - Setting next_dagrun for example_trigger_controller_dag to 2021-01-01T00:00:00+00:00
[2025-12-13 16:57:45,074] {processor.py:171} INFO - Processing /home/airflow/.local/lib/python3.6/site-packages/airflow/example_dags/example_trigger_controller_dag.py took 0.066 seconds
[2025-12-13 16:58:15,134] {processor.py:163} INFO - Started process (PID=672) to work on /home/airflow/.local/lib/python3.6/site-packages/airflow/example_dags/example_trigger_controller_dag.py
[2025-12-13 16:58:15,135] {processor.py:642} INFO - Processing file /home/airflow/.local/lib/python3.6/site-packages/airflow/example_dags/example_trigger_controller_dag.py for tasks to queue
[2025-12-13 16:58:15,136] {logging_mixin.py:109} INFO - [2025-12-13 16:58:15,136] {dagbag.py:500} INFO - Filling up the DagBag from /home/airflow/.local/lib/python3.6/site-packages/airflow/example_dags/example_trigger_controller_dag.py
[2025-12-13 16:58:15,161] {processor.py:654} INFO - DAG(s) dict_keys(['example_trigger_controller_dag']) retrieved from /home/airflow/.local/lib/python3.6/site-packages/airflow/example_dags/example_trigger_controller_dag.py
[2025-12-13 16:58:15,171] {logging_mixin.py:109} INFO - [2025-12-13 16:58:15,171] {dag.py:2396} INFO - Sync 1 DAGs
[2025-12-13 16:58:15,188] {logging_mixin.py:109} INFO - [2025-12-13 16:58:15,188] {dag.py:2935} INFO - Setting next_dagrun for example_trigger_controller_dag to 2021-01-01T00:00:00+00:00
[2025-12-13 16:58:15,198] {processor.py:171} INFO - Processing /home/airflow/.local/lib/python3.6/site-packages/airflow/example_dags/example_trigger_controller_dag.py took 0.068 seconds
[2025-12-13 16:58:46,385] {processor.py:163} INFO - Started process (PID=734) to work on /home/airflow/.local/lib/python3.6/site-packages/airflow/example_dags/example_trigger_controller_dag.py
[2025-12-13 16:58:46,387] {processor.py:642} INFO - Processing file /home/airflow/.local/lib/python3.6/site-packages/airflow/example_dags/example_trigger_controller_dag.py for tasks to queue
[2025-12-13 16:58:46,387] {logging_mixin.py:109} INFO - [2025-12-13 16:58:46,387] {dagbag.py:500} INFO - Filling up the DagBag from /home/airflow/.local/lib/python3.6/site-packages/airflow/example_dags/example_trigger_controller_dag.py
[2025-12-13 16:58:46,413] {processor.py:654} INFO - DAG(s) dict_keys(['example_trigger_controller_dag']) retrieved from /home/airflow/.local/lib/python3.6/site-packages/airflow/example_dags/example_trigger_controller_dag.py
[2025-12-13 16:58:46,422] {logging_mixin.py:109} INFO - [2025-12-13 16:58:46,422] {dag.py:2396} INFO - Sync 1 DAGs
[2025-12-13 16:58:46,440] {logging_mixin.py:109} INFO - [2025-12-13 16:58:46,440] {dag.py:2935} INFO - Setting next_dagrun for example_trigger_controller_dag to 2021-01-01T00:00:00+00:00
[2025-12-13 16:58:46,450] {processor.py:171} INFO - Processing /home/airflow/.local/lib/python3.6/site-packages/airflow/example_dags/example_trigger_controller_dag.py took 0.069 seconds
[2025-12-13 16:59:16,647] {processor.py:163} INFO - Started process (PID=786) to work on /home/airflow/.local/lib/python3.6/site-packages/airflow/example_dags/example_trigger_controller_dag.py
[2025-12-13 16:59:16,648] {processor.py:642} INFO - Processing file /home/airflow/.local/lib/python3.6/site-packages/airflow/example_dags/example_trigger_controller_dag.py for tasks to queue
[2025-12-13 16:59:16,649] {logging_mixin.py:109} INFO - [2025-12-13 16:59:16,649] {dagbag.py:500} INFO - Filling up the DagBag from /home/airflow/.local/lib/python3.6/site-packages/airflow/example_dags/example_trigger_controller_dag.py
[2025-12-13 16:59:16,675] {processor.py:654} INFO - DAG(s) dict_keys(['example_trigger_controller_dag']) retrieved from /home/airflow/.local/lib/python3.6/site-packages/airflow/example_dags/example_trigger_controller_dag.py
[2025-12-13 16:59:16,687] {logging_mixin.py:109} INFO - [2025-12-13 16:59:16,687] {dag.py:2396} INFO - Sync 1 DAGs
[2025-12-13 16:59:16,703] {logging_mixin.py:109} INFO - [2025-12-13 16:59:16,703] {dag.py:2935} INFO - Setting next_dagrun for example_trigger_controller_dag to 2021-01-01T00:00:00+00:00
[2025-12-13 16:59:16,711] {processor.py:171} INFO - Processing /home/airflow/.local/lib/python3.6/site-packages/airflow/example_dags/example_trigger_controller_dag.py took 0.067 seconds
[2025-12-13 16:59:46,888] {processor.py:163} INFO - Started process (PID=848) to work on /home/airflow/.local/lib/python3.6/site-packages/airflow/example_dags/example_trigger_controller_dag.py
[2025-12-13 16:59:46,889] {processor.py:642} INFO - Processing file /home/airflow/.local/lib/python3.6/site-packages/airflow/example_dags/example_trigger_controller_dag.py for tasks to queue
[2025-12-13 16:59:46,890] {logging_mixin.py:109} INFO - [2025-12-13 16:59:46,890] {dagbag.py:500} INFO - Filling up the DagBag from /home/airflow/.local/lib/python3.6/site-packages/airflow/example_dags/example_trigger_controller_dag.py
[2025-12-13 16:59:46,921] {processor.py:654} INFO - DAG(s) dict_keys(['example_trigger_controller_dag']) retrieved from /home/airflow/.local/lib/python3.6/site-packages/airflow/example_dags/example_trigger_controller_dag.py
[2025-12-13 16:59:46,931] {logging_mixin.py:109} INFO - [2025-12-13 16:59:46,931] {dag.py:2396} INFO - Sync 1 DAGs
[2025-12-13 16:59:46,946] {logging_mixin.py:109} INFO - [2025-12-13 16:59:46,946] {dag.py:2935} INFO - Setting next_dagrun for example_trigger_controller_dag to 2021-01-01T00:00:00+00:00
[2025-12-13 16:59:46,954] {processor.py:171} INFO - Processing /home/airflow/.local/lib/python3.6/site-packages/airflow/example_dags/example_trigger_controller_dag.py took 0.070 seconds
