[2025-12-13 16:47:10,634] {processor.py:163} INFO - Started process (PID=63) to work on /home/airflow/.local/lib/python3.6/site-packages/airflow/example_dags/example_trigger_target_dag.py
[2025-12-13 16:47:10,635] {processor.py:642} INFO - Processing file /home/airflow/.local/lib/python3.6/site-packages/airflow/example_dags/example_trigger_target_dag.py for tasks to queue
[2025-12-13 16:47:10,636] {logging_mixin.py:109} INFO - [2025-12-13 16:47:10,635] {dagbag.py:500} INFO - Filling up the DagBag from /home/airflow/.local/lib/python3.6/site-packages/airflow/example_dags/example_trigger_target_dag.py
[2025-12-13 16:47:10,682] {processor.py:654} INFO - DAG(s) dict_keys(['example_trigger_target_dag']) retrieved from /home/airflow/.local/lib/python3.6/site-packages/airflow/example_dags/example_trigger_target_dag.py
[2025-12-13 16:47:10,698] {logging_mixin.py:109} INFO - [2025-12-13 16:47:10,698] {dag.py:2396} INFO - Sync 1 DAGs
[2025-12-13 16:47:10,727] {logging_mixin.py:109} INFO - [2025-12-13 16:47:10,727] {dag.py:2935} INFO - Setting next_dagrun for example_trigger_target_dag to None
[2025-12-13 16:47:10,740] {processor.py:171} INFO - Processing /home/airflow/.local/lib/python3.6/site-packages/airflow/example_dags/example_trigger_target_dag.py took 0.110 seconds
[2025-12-13 16:47:41,160] {processor.py:163} INFO - Started process (PID=125) to work on /home/airflow/.local/lib/python3.6/site-packages/airflow/example_dags/example_trigger_target_dag.py
[2025-12-13 16:47:41,162] {processor.py:642} INFO - Processing file /home/airflow/.local/lib/python3.6/site-packages/airflow/example_dags/example_trigger_target_dag.py for tasks to queue
[2025-12-13 16:47:41,162] {logging_mixin.py:109} INFO - [2025-12-13 16:47:41,162] {dagbag.py:500} INFO - Filling up the DagBag from /home/airflow/.local/lib/python3.6/site-packages/airflow/example_dags/example_trigger_target_dag.py
[2025-12-13 16:47:41,190] {processor.py:654} INFO - DAG(s) dict_keys(['example_trigger_target_dag']) retrieved from /home/airflow/.local/lib/python3.6/site-packages/airflow/example_dags/example_trigger_target_dag.py
[2025-12-13 16:47:41,199] {logging_mixin.py:109} INFO - [2025-12-13 16:47:41,199] {dag.py:2396} INFO - Sync 1 DAGs
[2025-12-13 16:47:41,212] {logging_mixin.py:109} INFO - [2025-12-13 16:47:41,212] {dag.py:2935} INFO - Setting next_dagrun for example_trigger_target_dag to None
[2025-12-13 16:47:41,219] {processor.py:171} INFO - Processing /home/airflow/.local/lib/python3.6/site-packages/airflow/example_dags/example_trigger_target_dag.py took 0.062 seconds
[2025-12-13 16:48:11,629] {processor.py:163} INFO - Started process (PID=177) to work on /home/airflow/.local/lib/python3.6/site-packages/airflow/example_dags/example_trigger_target_dag.py
[2025-12-13 16:48:11,631] {processor.py:642} INFO - Processing file /home/airflow/.local/lib/python3.6/site-packages/airflow/example_dags/example_trigger_target_dag.py for tasks to queue
[2025-12-13 16:48:11,631] {logging_mixin.py:109} INFO - [2025-12-13 16:48:11,631] {dagbag.py:500} INFO - Filling up the DagBag from /home/airflow/.local/lib/python3.6/site-packages/airflow/example_dags/example_trigger_target_dag.py
[2025-12-13 16:48:11,672] {processor.py:654} INFO - DAG(s) dict_keys(['example_trigger_target_dag']) retrieved from /home/airflow/.local/lib/python3.6/site-packages/airflow/example_dags/example_trigger_target_dag.py
[2025-12-13 16:48:11,684] {logging_mixin.py:109} INFO - [2025-12-13 16:48:11,684] {dag.py:2396} INFO - Sync 1 DAGs
[2025-12-13 16:48:10,653] {logging_mixin.py:109} INFO - [2025-12-13 16:48:10,653] {dag.py:2935} INFO - Setting next_dagrun for example_trigger_target_dag to None
[2025-12-13 16:48:10,662] {processor.py:171} INFO - Processing /home/airflow/.local/lib/python3.6/site-packages/airflow/example_dags/example_trigger_target_dag.py took 0.092 seconds
[2025-12-13 16:48:41,035] {processor.py:163} INFO - Started process (PID=231) to work on /home/airflow/.local/lib/python3.6/site-packages/airflow/example_dags/example_trigger_target_dag.py
[2025-12-13 16:48:41,040] {processor.py:642} INFO - Processing file /home/airflow/.local/lib/python3.6/site-packages/airflow/example_dags/example_trigger_target_dag.py for tasks to queue
[2025-12-13 16:48:41,041] {logging_mixin.py:109} INFO - [2025-12-13 16:48:41,041] {dagbag.py:500} INFO - Filling up the DagBag from /home/airflow/.local/lib/python3.6/site-packages/airflow/example_dags/example_trigger_target_dag.py
[2025-12-13 16:48:41,072] {processor.py:654} INFO - DAG(s) dict_keys(['example_trigger_target_dag']) retrieved from /home/airflow/.local/lib/python3.6/site-packages/airflow/example_dags/example_trigger_target_dag.py
[2025-12-13 16:48:41,083] {logging_mixin.py:109} INFO - [2025-12-13 16:48:41,083] {dag.py:2396} INFO - Sync 1 DAGs
[2025-12-13 16:48:41,097] {logging_mixin.py:109} INFO - [2025-12-13 16:48:41,097] {dag.py:2935} INFO - Setting next_dagrun for example_trigger_target_dag to None
[2025-12-13 16:48:41,105] {processor.py:171} INFO - Processing /home/airflow/.local/lib/python3.6/site-packages/airflow/example_dags/example_trigger_target_dag.py took 0.075 seconds
[2025-12-13 16:49:11,202] {processor.py:163} INFO - Started process (PID=283) to work on /home/airflow/.local/lib/python3.6/site-packages/airflow/example_dags/example_trigger_target_dag.py
[2025-12-13 16:49:11,204] {processor.py:642} INFO - Processing file /home/airflow/.local/lib/python3.6/site-packages/airflow/example_dags/example_trigger_target_dag.py for tasks to queue
[2025-12-13 16:49:11,204] {logging_mixin.py:109} INFO - [2025-12-13 16:49:11,204] {dagbag.py:500} INFO - Filling up the DagBag from /home/airflow/.local/lib/python3.6/site-packages/airflow/example_dags/example_trigger_target_dag.py
[2025-12-13 16:49:11,234] {processor.py:654} INFO - DAG(s) dict_keys(['example_trigger_target_dag']) retrieved from /home/airflow/.local/lib/python3.6/site-packages/airflow/example_dags/example_trigger_target_dag.py
[2025-12-13 16:49:11,242] {logging_mixin.py:109} INFO - [2025-12-13 16:49:11,242] {dag.py:2396} INFO - Sync 1 DAGs
[2025-12-13 16:49:11,257] {logging_mixin.py:109} INFO - [2025-12-13 16:49:11,257] {dag.py:2935} INFO - Setting next_dagrun for example_trigger_target_dag to None
[2025-12-13 16:49:11,264] {processor.py:171} INFO - Processing /home/airflow/.local/lib/python3.6/site-packages/airflow/example_dags/example_trigger_target_dag.py took 0.064 seconds
[2025-12-13 16:49:41,312] {processor.py:163} INFO - Started process (PID=341) to work on /home/airflow/.local/lib/python3.6/site-packages/airflow/example_dags/example_trigger_target_dag.py
[2025-12-13 16:49:41,314] {processor.py:642} INFO - Processing file /home/airflow/.local/lib/python3.6/site-packages/airflow/example_dags/example_trigger_target_dag.py for tasks to queue
[2025-12-13 16:49:41,315] {logging_mixin.py:109} INFO - [2025-12-13 16:49:41,315] {dagbag.py:500} INFO - Filling up the DagBag from /home/airflow/.local/lib/python3.6/site-packages/airflow/example_dags/example_trigger_target_dag.py
[2025-12-13 16:49:41,362] {processor.py:654} INFO - DAG(s) dict_keys(['example_trigger_target_dag']) retrieved from /home/airflow/.local/lib/python3.6/site-packages/airflow/example_dags/example_trigger_target_dag.py
[2025-12-13 16:49:41,373] {logging_mixin.py:109} INFO - [2025-12-13 16:49:41,372] {dag.py:2396} INFO - Sync 1 DAGs
[2025-12-13 16:49:41,401] {logging_mixin.py:109} INFO - [2025-12-13 16:49:41,401] {dag.py:2935} INFO - Setting next_dagrun for example_trigger_target_dag to None
[2025-12-13 16:49:41,411] {processor.py:171} INFO - Processing /home/airflow/.local/lib/python3.6/site-packages/airflow/example_dags/example_trigger_target_dag.py took 0.104 seconds
[2025-12-13 16:50:12,458] {processor.py:163} INFO - Started process (PID=397) to work on /home/airflow/.local/lib/python3.6/site-packages/airflow/example_dags/example_trigger_target_dag.py
[2025-12-13 16:50:12,459] {processor.py:642} INFO - Processing file /home/airflow/.local/lib/python3.6/site-packages/airflow/example_dags/example_trigger_target_dag.py for tasks to queue
[2025-12-13 16:50:12,460] {logging_mixin.py:109} INFO - [2025-12-13 16:50:12,459] {dagbag.py:500} INFO - Filling up the DagBag from /home/airflow/.local/lib/python3.6/site-packages/airflow/example_dags/example_trigger_target_dag.py
[2025-12-13 16:50:12,491] {processor.py:654} INFO - DAG(s) dict_keys(['example_trigger_target_dag']) retrieved from /home/airflow/.local/lib/python3.6/site-packages/airflow/example_dags/example_trigger_target_dag.py
[2025-12-13 16:50:12,499] {logging_mixin.py:109} INFO - [2025-12-13 16:50:12,499] {dag.py:2396} INFO - Sync 1 DAGs
[2025-12-13 16:50:12,513] {logging_mixin.py:109} INFO - [2025-12-13 16:50:12,513] {dag.py:2935} INFO - Setting next_dagrun for example_trigger_target_dag to None
[2025-12-13 16:50:12,520] {processor.py:171} INFO - Processing /home/airflow/.local/lib/python3.6/site-packages/airflow/example_dags/example_trigger_target_dag.py took 0.066 seconds
[2025-12-13 16:50:42,765] {processor.py:163} INFO - Started process (PID=449) to work on /home/airflow/.local/lib/python3.6/site-packages/airflow/example_dags/example_trigger_target_dag.py
[2025-12-13 16:50:42,766] {processor.py:642} INFO - Processing file /home/airflow/.local/lib/python3.6/site-packages/airflow/example_dags/example_trigger_target_dag.py for tasks to queue
[2025-12-13 16:50:42,766] {logging_mixin.py:109} INFO - [2025-12-13 16:50:42,766] {dagbag.py:500} INFO - Filling up the DagBag from /home/airflow/.local/lib/python3.6/site-packages/airflow/example_dags/example_trigger_target_dag.py
[2025-12-13 16:50:42,801] {processor.py:654} INFO - DAG(s) dict_keys(['example_trigger_target_dag']) retrieved from /home/airflow/.local/lib/python3.6/site-packages/airflow/example_dags/example_trigger_target_dag.py
[2025-12-13 16:50:42,810] {logging_mixin.py:109} INFO - [2025-12-13 16:50:42,809] {dag.py:2396} INFO - Sync 1 DAGs
[2025-12-13 16:50:42,825] {logging_mixin.py:109} INFO - [2025-12-13 16:50:42,825] {dag.py:2935} INFO - Setting next_dagrun for example_trigger_target_dag to None
[2025-12-13 16:50:42,832] {processor.py:171} INFO - Processing /home/airflow/.local/lib/python3.6/site-packages/airflow/example_dags/example_trigger_target_dag.py took 0.071 seconds
[2025-12-13 16:52:41,554] {processor.py:163} INFO - Started process (PID=63) to work on /home/airflow/.local/lib/python3.6/site-packages/airflow/example_dags/example_trigger_target_dag.py
[2025-12-13 16:52:41,558] {processor.py:642} INFO - Processing file /home/airflow/.local/lib/python3.6/site-packages/airflow/example_dags/example_trigger_target_dag.py for tasks to queue
[2025-12-13 16:52:41,559] {logging_mixin.py:109} INFO - [2025-12-13 16:52:41,559] {dagbag.py:500} INFO - Filling up the DagBag from /home/airflow/.local/lib/python3.6/site-packages/airflow/example_dags/example_trigger_target_dag.py
[2025-12-13 16:52:41,610] {processor.py:654} INFO - DAG(s) dict_keys(['example_trigger_target_dag']) retrieved from /home/airflow/.local/lib/python3.6/site-packages/airflow/example_dags/example_trigger_target_dag.py
[2025-12-13 16:52:41,627] {logging_mixin.py:109} INFO - [2025-12-13 16:52:41,627] {dag.py:2396} INFO - Sync 1 DAGs
[2025-12-13 16:52:41,651] {logging_mixin.py:109} INFO - [2025-12-13 16:52:41,651] {dag.py:2935} INFO - Setting next_dagrun for example_trigger_target_dag to None
[2025-12-13 16:52:41,663] {processor.py:171} INFO - Processing /home/airflow/.local/lib/python3.6/site-packages/airflow/example_dags/example_trigger_target_dag.py took 0.116 seconds
[2025-12-13 16:53:12,285] {processor.py:163} INFO - Started process (PID=115) to work on /home/airflow/.local/lib/python3.6/site-packages/airflow/example_dags/example_trigger_target_dag.py
[2025-12-13 16:53:12,287] {processor.py:642} INFO - Processing file /home/airflow/.local/lib/python3.6/site-packages/airflow/example_dags/example_trigger_target_dag.py for tasks to queue
[2025-12-13 16:53:12,287] {logging_mixin.py:109} INFO - [2025-12-13 16:53:12,287] {dagbag.py:500} INFO - Filling up the DagBag from /home/airflow/.local/lib/python3.6/site-packages/airflow/example_dags/example_trigger_target_dag.py
[2025-12-13 16:53:12,325] {processor.py:654} INFO - DAG(s) dict_keys(['example_trigger_target_dag']) retrieved from /home/airflow/.local/lib/python3.6/site-packages/airflow/example_dags/example_trigger_target_dag.py
[2025-12-13 16:53:12,335] {logging_mixin.py:109} INFO - [2025-12-13 16:53:12,335] {dag.py:2396} INFO - Sync 1 DAGs
[2025-12-13 16:53:12,349] {logging_mixin.py:109} INFO - [2025-12-13 16:53:12,349] {dag.py:2935} INFO - Setting next_dagrun for example_trigger_target_dag to None
[2025-12-13 16:53:12,361] {processor.py:171} INFO - Processing /home/airflow/.local/lib/python3.6/site-packages/airflow/example_dags/example_trigger_target_dag.py took 0.080 seconds
[2025-12-13 16:53:43,325] {processor.py:163} INFO - Started process (PID=177) to work on /home/airflow/.local/lib/python3.6/site-packages/airflow/example_dags/example_trigger_target_dag.py
[2025-12-13 16:53:43,327] {processor.py:642} INFO - Processing file /home/airflow/.local/lib/python3.6/site-packages/airflow/example_dags/example_trigger_target_dag.py for tasks to queue
[2025-12-13 16:53:43,331] {logging_mixin.py:109} INFO - [2025-12-13 16:53:43,330] {dagbag.py:500} INFO - Filling up the DagBag from /home/airflow/.local/lib/python3.6/site-packages/airflow/example_dags/example_trigger_target_dag.py
[2025-12-13 16:53:43,428] {processor.py:654} INFO - DAG(s) dict_keys(['example_trigger_target_dag']) retrieved from /home/airflow/.local/lib/python3.6/site-packages/airflow/example_dags/example_trigger_target_dag.py
[2025-12-13 16:53:43,458] {logging_mixin.py:109} INFO - [2025-12-13 16:53:43,458] {dag.py:2396} INFO - Sync 1 DAGs
[2025-12-13 16:53:43,505] {logging_mixin.py:109} INFO - [2025-12-13 16:53:43,504] {dag.py:2935} INFO - Setting next_dagrun for example_trigger_target_dag to None
[2025-12-13 16:53:43,533] {processor.py:171} INFO - Processing /home/airflow/.local/lib/python3.6/site-packages/airflow/example_dags/example_trigger_target_dag.py took 0.212 seconds
[2025-12-13 16:54:13,967] {processor.py:163} INFO - Started process (PID=229) to work on /home/airflow/.local/lib/python3.6/site-packages/airflow/example_dags/example_trigger_target_dag.py
[2025-12-13 16:54:13,968] {processor.py:642} INFO - Processing file /home/airflow/.local/lib/python3.6/site-packages/airflow/example_dags/example_trigger_target_dag.py for tasks to queue
[2025-12-13 16:54:13,969] {logging_mixin.py:109} INFO - [2025-12-13 16:54:13,969] {dagbag.py:500} INFO - Filling up the DagBag from /home/airflow/.local/lib/python3.6/site-packages/airflow/example_dags/example_trigger_target_dag.py
[2025-12-13 16:54:13,999] {processor.py:654} INFO - DAG(s) dict_keys(['example_trigger_target_dag']) retrieved from /home/airflow/.local/lib/python3.6/site-packages/airflow/example_dags/example_trigger_target_dag.py
[2025-12-13 16:54:14,008] {logging_mixin.py:109} INFO - [2025-12-13 16:54:14,008] {dag.py:2396} INFO - Sync 1 DAGs
[2025-12-13 16:54:14,022] {logging_mixin.py:109} INFO - [2025-12-13 16:54:14,022] {dag.py:2935} INFO - Setting next_dagrun for example_trigger_target_dag to None
[2025-12-13 16:54:14,029] {processor.py:171} INFO - Processing /home/airflow/.local/lib/python3.6/site-packages/airflow/example_dags/example_trigger_target_dag.py took 0.065 seconds
[2025-12-13 16:54:44,365] {processor.py:163} INFO - Started process (PID=291) to work on /home/airflow/.local/lib/python3.6/site-packages/airflow/example_dags/example_trigger_target_dag.py
[2025-12-13 16:54:44,366] {processor.py:642} INFO - Processing file /home/airflow/.local/lib/python3.6/site-packages/airflow/example_dags/example_trigger_target_dag.py for tasks to queue
[2025-12-13 16:54:44,367] {logging_mixin.py:109} INFO - [2025-12-13 16:54:44,367] {dagbag.py:500} INFO - Filling up the DagBag from /home/airflow/.local/lib/python3.6/site-packages/airflow/example_dags/example_trigger_target_dag.py
[2025-12-13 16:54:44,395] {processor.py:654} INFO - DAG(s) dict_keys(['example_trigger_target_dag']) retrieved from /home/airflow/.local/lib/python3.6/site-packages/airflow/example_dags/example_trigger_target_dag.py
[2025-12-13 16:54:44,403] {logging_mixin.py:109} INFO - [2025-12-13 16:54:44,403] {dag.py:2396} INFO - Sync 1 DAGs
[2025-12-13 16:54:44,417] {logging_mixin.py:109} INFO - [2025-12-13 16:54:44,417] {dag.py:2935} INFO - Setting next_dagrun for example_trigger_target_dag to None
[2025-12-13 16:54:44,424] {processor.py:171} INFO - Processing /home/airflow/.local/lib/python3.6/site-packages/airflow/example_dags/example_trigger_target_dag.py took 0.062 seconds
[2025-12-13 16:55:15,149] {processor.py:163} INFO - Started process (PID=343) to work on /home/airflow/.local/lib/python3.6/site-packages/airflow/example_dags/example_trigger_target_dag.py
[2025-12-13 16:55:15,150] {processor.py:642} INFO - Processing file /home/airflow/.local/lib/python3.6/site-packages/airflow/example_dags/example_trigger_target_dag.py for tasks to queue
[2025-12-13 16:55:15,151] {logging_mixin.py:109} INFO - [2025-12-13 16:55:15,151] {dagbag.py:500} INFO - Filling up the DagBag from /home/airflow/.local/lib/python3.6/site-packages/airflow/example_dags/example_trigger_target_dag.py
[2025-12-13 16:55:15,187] {processor.py:654} INFO - DAG(s) dict_keys(['example_trigger_target_dag']) retrieved from /home/airflow/.local/lib/python3.6/site-packages/airflow/example_dags/example_trigger_target_dag.py
[2025-12-13 16:55:15,198] {logging_mixin.py:109} INFO - [2025-12-13 16:55:15,197] {dag.py:2396} INFO - Sync 1 DAGs
[2025-12-13 16:55:15,225] {logging_mixin.py:109} INFO - [2025-12-13 16:55:15,225] {dag.py:2935} INFO - Setting next_dagrun for example_trigger_target_dag to None
[2025-12-13 16:55:15,248] {processor.py:171} INFO - Processing /home/airflow/.local/lib/python3.6/site-packages/airflow/example_dags/example_trigger_target_dag.py took 0.103 seconds
[2025-12-13 16:55:46,245] {processor.py:163} INFO - Started process (PID=405) to work on /home/airflow/.local/lib/python3.6/site-packages/airflow/example_dags/example_trigger_target_dag.py
[2025-12-13 16:55:46,247] {processor.py:642} INFO - Processing file /home/airflow/.local/lib/python3.6/site-packages/airflow/example_dags/example_trigger_target_dag.py for tasks to queue
[2025-12-13 16:55:46,247] {logging_mixin.py:109} INFO - [2025-12-13 16:55:46,247] {dagbag.py:500} INFO - Filling up the DagBag from /home/airflow/.local/lib/python3.6/site-packages/airflow/example_dags/example_trigger_target_dag.py
[2025-12-13 16:55:46,281] {processor.py:654} INFO - DAG(s) dict_keys(['example_trigger_target_dag']) retrieved from /home/airflow/.local/lib/python3.6/site-packages/airflow/example_dags/example_trigger_target_dag.py
[2025-12-13 16:55:46,291] {logging_mixin.py:109} INFO - [2025-12-13 16:55:46,291] {dag.py:2396} INFO - Sync 1 DAGs
[2025-12-13 16:55:46,306] {logging_mixin.py:109} INFO - [2025-12-13 16:55:46,305] {dag.py:2935} INFO - Setting next_dagrun for example_trigger_target_dag to None
[2025-12-13 16:55:46,314] {processor.py:171} INFO - Processing /home/airflow/.local/lib/python3.6/site-packages/airflow/example_dags/example_trigger_target_dag.py took 0.074 seconds
[2025-12-13 16:56:17,044] {processor.py:163} INFO - Started process (PID=457) to work on /home/airflow/.local/lib/python3.6/site-packages/airflow/example_dags/example_trigger_target_dag.py
[2025-12-13 16:56:17,054] {processor.py:642} INFO - Processing file /home/airflow/.local/lib/python3.6/site-packages/airflow/example_dags/example_trigger_target_dag.py for tasks to queue
[2025-12-13 16:56:17,055] {logging_mixin.py:109} INFO - [2025-12-13 16:56:17,055] {dagbag.py:500} INFO - Filling up the DagBag from /home/airflow/.local/lib/python3.6/site-packages/airflow/example_dags/example_trigger_target_dag.py
[2025-12-13 16:56:17,089] {processor.py:654} INFO - DAG(s) dict_keys(['example_trigger_target_dag']) retrieved from /home/airflow/.local/lib/python3.6/site-packages/airflow/example_dags/example_trigger_target_dag.py
[2025-12-13 16:56:17,098] {logging_mixin.py:109} INFO - [2025-12-13 16:56:17,098] {dag.py:2396} INFO - Sync 1 DAGs
[2025-12-13 16:56:17,112] {logging_mixin.py:109} INFO - [2025-12-13 16:56:17,111] {dag.py:2935} INFO - Setting next_dagrun for example_trigger_target_dag to None
[2025-12-13 16:56:17,120] {processor.py:171} INFO - Processing /home/airflow/.local/lib/python3.6/site-packages/airflow/example_dags/example_trigger_target_dag.py took 0.080 seconds
[2025-12-13 16:56:47,335] {processor.py:163} INFO - Started process (PID=519) to work on /home/airflow/.local/lib/python3.6/site-packages/airflow/example_dags/example_trigger_target_dag.py
[2025-12-13 16:56:47,335] {processor.py:642} INFO - Processing file /home/airflow/.local/lib/python3.6/site-packages/airflow/example_dags/example_trigger_target_dag.py for tasks to queue
[2025-12-13 16:56:47,336] {logging_mixin.py:109} INFO - [2025-12-13 16:56:47,336] {dagbag.py:500} INFO - Filling up the DagBag from /home/airflow/.local/lib/python3.6/site-packages/airflow/example_dags/example_trigger_target_dag.py
[2025-12-13 16:56:47,371] {processor.py:654} INFO - DAG(s) dict_keys(['example_trigger_target_dag']) retrieved from /home/airflow/.local/lib/python3.6/site-packages/airflow/example_dags/example_trigger_target_dag.py
[2025-12-13 16:56:47,381] {logging_mixin.py:109} INFO - [2025-12-13 16:56:47,381] {dag.py:2396} INFO - Sync 1 DAGs
[2025-12-13 16:56:47,399] {logging_mixin.py:109} INFO - [2025-12-13 16:56:47,399] {dag.py:2935} INFO - Setting next_dagrun for example_trigger_target_dag to None
[2025-12-13 16:56:47,407] {processor.py:171} INFO - Processing /home/airflow/.local/lib/python3.6/site-packages/airflow/example_dags/example_trigger_target_dag.py took 0.077 seconds
[2025-12-13 16:57:17,844] {processor.py:163} INFO - Started process (PID=571) to work on /home/airflow/.local/lib/python3.6/site-packages/airflow/example_dags/example_trigger_target_dag.py
[2025-12-13 16:57:17,855] {processor.py:642} INFO - Processing file /home/airflow/.local/lib/python3.6/site-packages/airflow/example_dags/example_trigger_target_dag.py for tasks to queue
[2025-12-13 16:57:17,855] {logging_mixin.py:109} INFO - [2025-12-13 16:57:17,855] {dagbag.py:500} INFO - Filling up the DagBag from /home/airflow/.local/lib/python3.6/site-packages/airflow/example_dags/example_trigger_target_dag.py
[2025-12-13 16:57:17,884] {processor.py:654} INFO - DAG(s) dict_keys(['example_trigger_target_dag']) retrieved from /home/airflow/.local/lib/python3.6/site-packages/airflow/example_dags/example_trigger_target_dag.py
[2025-12-13 16:57:17,894] {logging_mixin.py:109} INFO - [2025-12-13 16:57:17,894] {dag.py:2396} INFO - Sync 1 DAGs
[2025-12-13 16:57:17,913] {logging_mixin.py:109} INFO - [2025-12-13 16:57:17,913] {dag.py:2935} INFO - Setting next_dagrun for example_trigger_target_dag to None
[2025-12-13 16:57:17,921] {processor.py:171} INFO - Processing /home/airflow/.local/lib/python3.6/site-packages/airflow/example_dags/example_trigger_target_dag.py took 0.081 seconds
[2025-12-13 16:57:48,132] {processor.py:163} INFO - Started process (PID=633) to work on /home/airflow/.local/lib/python3.6/site-packages/airflow/example_dags/example_trigger_target_dag.py
[2025-12-13 16:57:48,133] {processor.py:642} INFO - Processing file /home/airflow/.local/lib/python3.6/site-packages/airflow/example_dags/example_trigger_target_dag.py for tasks to queue
[2025-12-13 16:57:48,133] {logging_mixin.py:109} INFO - [2025-12-13 16:57:48,133] {dagbag.py:500} INFO - Filling up the DagBag from /home/airflow/.local/lib/python3.6/site-packages/airflow/example_dags/example_trigger_target_dag.py
[2025-12-13 16:57:48,164] {processor.py:654} INFO - DAG(s) dict_keys(['example_trigger_target_dag']) retrieved from /home/airflow/.local/lib/python3.6/site-packages/airflow/example_dags/example_trigger_target_dag.py
[2025-12-13 16:57:48,174] {logging_mixin.py:109} INFO - [2025-12-13 16:57:48,174] {dag.py:2396} INFO - Sync 1 DAGs
[2025-12-13 16:57:48,188] {logging_mixin.py:109} INFO - [2025-12-13 16:57:48,188] {dag.py:2935} INFO - Setting next_dagrun for example_trigger_target_dag to None
[2025-12-13 16:57:48,195] {processor.py:171} INFO - Processing /home/airflow/.local/lib/python3.6/site-packages/airflow/example_dags/example_trigger_target_dag.py took 0.067 seconds
[2025-12-13 16:58:19,046] {processor.py:163} INFO - Started process (PID=692) to work on /home/airflow/.local/lib/python3.6/site-packages/airflow/example_dags/example_trigger_target_dag.py
[2025-12-13 16:58:19,056] {processor.py:642} INFO - Processing file /home/airflow/.local/lib/python3.6/site-packages/airflow/example_dags/example_trigger_target_dag.py for tasks to queue
[2025-12-13 16:58:19,057] {logging_mixin.py:109} INFO - [2025-12-13 16:58:19,057] {dagbag.py:500} INFO - Filling up the DagBag from /home/airflow/.local/lib/python3.6/site-packages/airflow/example_dags/example_trigger_target_dag.py
[2025-12-13 16:58:19,093] {processor.py:654} INFO - DAG(s) dict_keys(['example_trigger_target_dag']) retrieved from /home/airflow/.local/lib/python3.6/site-packages/airflow/example_dags/example_trigger_target_dag.py
[2025-12-13 16:58:19,105] {logging_mixin.py:109} INFO - [2025-12-13 16:58:19,105] {dag.py:2396} INFO - Sync 1 DAGs
[2025-12-13 16:58:19,124] {logging_mixin.py:109} INFO - [2025-12-13 16:58:19,124] {dag.py:2935} INFO - Setting next_dagrun for example_trigger_target_dag to None
[2025-12-13 16:58:19,133] {processor.py:171} INFO - Processing /home/airflow/.local/lib/python3.6/site-packages/airflow/example_dags/example_trigger_target_dag.py took 0.094 seconds
[2025-12-13 16:58:49,487] {processor.py:163} INFO - Started process (PID=747) to work on /home/airflow/.local/lib/python3.6/site-packages/airflow/example_dags/example_trigger_target_dag.py
[2025-12-13 16:58:49,488] {processor.py:642} INFO - Processing file /home/airflow/.local/lib/python3.6/site-packages/airflow/example_dags/example_trigger_target_dag.py for tasks to queue
[2025-12-13 16:58:49,488] {logging_mixin.py:109} INFO - [2025-12-13 16:58:49,488] {dagbag.py:500} INFO - Filling up the DagBag from /home/airflow/.local/lib/python3.6/site-packages/airflow/example_dags/example_trigger_target_dag.py
[2025-12-13 16:58:49,521] {processor.py:654} INFO - DAG(s) dict_keys(['example_trigger_target_dag']) retrieved from /home/airflow/.local/lib/python3.6/site-packages/airflow/example_dags/example_trigger_target_dag.py
[2025-12-13 16:58:49,530] {logging_mixin.py:109} INFO - [2025-12-13 16:58:49,530] {dag.py:2396} INFO - Sync 1 DAGs
[2025-12-13 16:58:49,546] {logging_mixin.py:109} INFO - [2025-12-13 16:58:49,546] {dag.py:2935} INFO - Setting next_dagrun for example_trigger_target_dag to None
[2025-12-13 16:58:49,554] {processor.py:171} INFO - Processing /home/airflow/.local/lib/python3.6/site-packages/airflow/example_dags/example_trigger_target_dag.py took 0.071 seconds
[2025-12-13 16:59:19,839] {processor.py:163} INFO - Started process (PID=809) to work on /home/airflow/.local/lib/python3.6/site-packages/airflow/example_dags/example_trigger_target_dag.py
[2025-12-13 16:59:19,840] {processor.py:642} INFO - Processing file /home/airflow/.local/lib/python3.6/site-packages/airflow/example_dags/example_trigger_target_dag.py for tasks to queue
[2025-12-13 16:59:19,841] {logging_mixin.py:109} INFO - [2025-12-13 16:59:19,841] {dagbag.py:500} INFO - Filling up the DagBag from /home/airflow/.local/lib/python3.6/site-packages/airflow/example_dags/example_trigger_target_dag.py
[2025-12-13 16:59:19,874] {processor.py:654} INFO - DAG(s) dict_keys(['example_trigger_target_dag']) retrieved from /home/airflow/.local/lib/python3.6/site-packages/airflow/example_dags/example_trigger_target_dag.py
[2025-12-13 16:59:19,884] {logging_mixin.py:109} INFO - [2025-12-13 16:59:19,884] {dag.py:2396} INFO - Sync 1 DAGs
[2025-12-13 16:59:19,899] {logging_mixin.py:109} INFO - [2025-12-13 16:59:19,899] {dag.py:2935} INFO - Setting next_dagrun for example_trigger_target_dag to None
[2025-12-13 16:59:19,907] {processor.py:171} INFO - Processing /home/airflow/.local/lib/python3.6/site-packages/airflow/example_dags/example_trigger_target_dag.py took 0.072 seconds
[2025-12-13 16:59:51,264] {processor.py:163} INFO - Started process (PID=861) to work on /home/airflow/.local/lib/python3.6/site-packages/airflow/example_dags/example_trigger_target_dag.py
[2025-12-13 16:59:51,266] {processor.py:642} INFO - Processing file /home/airflow/.local/lib/python3.6/site-packages/airflow/example_dags/example_trigger_target_dag.py for tasks to queue
[2025-12-13 16:59:51,266] {logging_mixin.py:109} INFO - [2025-12-13 16:59:51,266] {dagbag.py:500} INFO - Filling up the DagBag from /home/airflow/.local/lib/python3.6/site-packages/airflow/example_dags/example_trigger_target_dag.py
[2025-12-13 16:59:51,328] {processor.py:654} INFO - DAG(s) dict_keys(['example_trigger_target_dag']) retrieved from /home/airflow/.local/lib/python3.6/site-packages/airflow/example_dags/example_trigger_target_dag.py
[2025-12-13 16:59:51,344] {logging_mixin.py:109} INFO - [2025-12-13 16:59:51,344] {dag.py:2396} INFO - Sync 1 DAGs
[2025-12-13 16:59:51,366] {logging_mixin.py:109} INFO - [2025-12-13 16:59:51,366] {dag.py:2935} INFO - Setting next_dagrun for example_trigger_target_dag to None
[2025-12-13 16:59:51,374] {processor.py:171} INFO - Processing /home/airflow/.local/lib/python3.6/site-packages/airflow/example_dags/example_trigger_target_dag.py took 0.115 seconds
