[2025-12-13 16:47:11,510] {processor.py:163} INFO - Started process (PID=71) to work on /home/airflow/.local/lib/python3.6/site-packages/airflow/example_dags/example_external_task_marker_dag.py
[2025-12-13 16:47:11,511] {processor.py:642} INFO - Processing file /home/airflow/.local/lib/python3.6/site-packages/airflow/example_dags/example_external_task_marker_dag.py for tasks to queue
[2025-12-13 16:47:11,512] {logging_mixin.py:109} INFO - [2025-12-13 16:47:11,512] {dagbag.py:500} INFO - Filling up the DagBag from /home/airflow/.local/lib/python3.6/site-packages/airflow/example_dags/example_external_task_marker_dag.py
[2025-12-13 16:47:11,548] {processor.py:654} INFO - DAG(s) dict_keys(['example_external_task_marker_parent', 'example_external_task_marker_child']) retrieved from /home/airflow/.local/lib/python3.6/site-packages/airflow/example_dags/example_external_task_marker_dag.py
[2025-12-13 16:47:11,564] {logging_mixin.py:109} INFO - [2025-12-13 16:47:11,564] {dag.py:2396} INFO - Sync 2 DAGs
[2025-12-13 16:47:11,586] {logging_mixin.py:109} INFO - [2025-12-13 16:47:11,586] {dag.py:2935} INFO - Setting next_dagrun for example_external_task_marker_child to None
[2025-12-13 16:47:11,586] {logging_mixin.py:109} INFO - [2025-12-13 16:47:11,586] {dag.py:2935} INFO - Setting next_dagrun for example_external_task_marker_parent to None
[2025-12-13 16:47:11,606] {processor.py:171} INFO - Processing /home/airflow/.local/lib/python3.6/site-packages/airflow/example_dags/example_external_task_marker_dag.py took 0.100 seconds
[2025-12-13 16:47:41,663] {processor.py:163} INFO - Started process (PID=133) to work on /home/airflow/.local/lib/python3.6/site-packages/airflow/example_dags/example_external_task_marker_dag.py
[2025-12-13 16:47:41,664] {processor.py:642} INFO - Processing file /home/airflow/.local/lib/python3.6/site-packages/airflow/example_dags/example_external_task_marker_dag.py for tasks to queue
[2025-12-13 16:47:41,665] {logging_mixin.py:109} INFO - [2025-12-13 16:47:41,665] {dagbag.py:500} INFO - Filling up the DagBag from /home/airflow/.local/lib/python3.6/site-packages/airflow/example_dags/example_external_task_marker_dag.py
[2025-12-13 16:47:41,691] {processor.py:654} INFO - DAG(s) dict_keys(['example_external_task_marker_parent', 'example_external_task_marker_child']) retrieved from /home/airflow/.local/lib/python3.6/site-packages/airflow/example_dags/example_external_task_marker_dag.py
[2025-12-13 16:47:41,702] {logging_mixin.py:109} INFO - [2025-12-13 16:47:41,702] {dag.py:2396} INFO - Sync 2 DAGs
[2025-12-13 16:47:41,715] {logging_mixin.py:109} INFO - [2025-12-13 16:47:41,715] {dag.py:2935} INFO - Setting next_dagrun for example_external_task_marker_child to None
[2025-12-13 16:47:41,715] {logging_mixin.py:109} INFO - [2025-12-13 16:47:41,715] {dag.py:2935} INFO - Setting next_dagrun for example_external_task_marker_parent to None
[2025-12-13 16:47:41,722] {processor.py:171} INFO - Processing /home/airflow/.local/lib/python3.6/site-packages/airflow/example_dags/example_external_task_marker_dag.py took 0.064 seconds
[2025-12-13 16:48:12,001] {processor.py:163} INFO - Started process (PID=185) to work on /home/airflow/.local/lib/python3.6/site-packages/airflow/example_dags/example_external_task_marker_dag.py
[2025-12-13 16:48:12,003] {processor.py:642} INFO - Processing file /home/airflow/.local/lib/python3.6/site-packages/airflow/example_dags/example_external_task_marker_dag.py for tasks to queue
[2025-12-13 16:48:12,003] {logging_mixin.py:109} INFO - [2025-12-13 16:48:12,003] {dagbag.py:500} INFO - Filling up the DagBag from /home/airflow/.local/lib/python3.6/site-packages/airflow/example_dags/example_external_task_marker_dag.py
[2025-12-13 16:48:12,034] {processor.py:654} INFO - DAG(s) dict_keys(['example_external_task_marker_parent', 'example_external_task_marker_child']) retrieved from /home/airflow/.local/lib/python3.6/site-packages/airflow/example_dags/example_external_task_marker_dag.py
[2025-12-13 16:48:12,047] {logging_mixin.py:109} INFO - [2025-12-13 16:48:12,047] {dag.py:2396} INFO - Sync 2 DAGs
[2025-12-13 16:48:12,066] {logging_mixin.py:109} INFO - [2025-12-13 16:48:12,066] {dag.py:2935} INFO - Setting next_dagrun for example_external_task_marker_child to None
[2025-12-13 16:48:12,066] {logging_mixin.py:109} INFO - [2025-12-13 16:48:12,066] {dag.py:2935} INFO - Setting next_dagrun for example_external_task_marker_parent to None
[2025-12-13 16:48:12,086] {processor.py:171} INFO - Processing /home/airflow/.local/lib/python3.6/site-packages/airflow/example_dags/example_external_task_marker_dag.py took 0.089 seconds
[2025-12-13 16:48:42,154] {processor.py:163} INFO - Started process (PID=246) to work on /home/airflow/.local/lib/python3.6/site-packages/airflow/example_dags/example_external_task_marker_dag.py
[2025-12-13 16:48:42,155] {processor.py:642} INFO - Processing file /home/airflow/.local/lib/python3.6/site-packages/airflow/example_dags/example_external_task_marker_dag.py for tasks to queue
[2025-12-13 16:48:42,156] {logging_mixin.py:109} INFO - [2025-12-13 16:48:42,155] {dagbag.py:500} INFO - Filling up the DagBag from /home/airflow/.local/lib/python3.6/site-packages/airflow/example_dags/example_external_task_marker_dag.py
[2025-12-13 16:48:42,184] {processor.py:654} INFO - DAG(s) dict_keys(['example_external_task_marker_parent', 'example_external_task_marker_child']) retrieved from /home/airflow/.local/lib/python3.6/site-packages/airflow/example_dags/example_external_task_marker_dag.py
[2025-12-13 16:48:42,194] {logging_mixin.py:109} INFO - [2025-12-13 16:48:42,194] {dag.py:2396} INFO - Sync 2 DAGs
[2025-12-13 16:48:42,208] {logging_mixin.py:109} INFO - [2025-12-13 16:48:42,208] {dag.py:2935} INFO - Setting next_dagrun for example_external_task_marker_child to None
[2025-12-13 16:48:42,208] {logging_mixin.py:109} INFO - [2025-12-13 16:48:42,208] {dag.py:2935} INFO - Setting next_dagrun for example_external_task_marker_parent to None
[2025-12-13 16:48:42,215] {processor.py:171} INFO - Processing /home/airflow/.local/lib/python3.6/site-packages/airflow/example_dags/example_external_task_marker_dag.py took 0.065 seconds
[2025-12-13 16:49:13,867] {processor.py:163} INFO - Started process (PID=298) to work on /home/airflow/.local/lib/python3.6/site-packages/airflow/example_dags/example_external_task_marker_dag.py
[2025-12-13 16:49:13,869] {processor.py:642} INFO - Processing file /home/airflow/.local/lib/python3.6/site-packages/airflow/example_dags/example_external_task_marker_dag.py for tasks to queue
[2025-12-13 16:49:13,870] {logging_mixin.py:109} INFO - [2025-12-13 16:49:13,870] {dagbag.py:500} INFO - Filling up the DagBag from /home/airflow/.local/lib/python3.6/site-packages/airflow/example_dags/example_external_task_marker_dag.py
[2025-12-13 16:49:13,910] {processor.py:654} INFO - DAG(s) dict_keys(['example_external_task_marker_parent', 'example_external_task_marker_child']) retrieved from /home/airflow/.local/lib/python3.6/site-packages/airflow/example_dags/example_external_task_marker_dag.py
[2025-12-13 16:49:13,930] {logging_mixin.py:109} INFO - [2025-12-13 16:49:13,930] {dag.py:2396} INFO - Sync 2 DAGs
[2025-12-13 16:49:13,951] {logging_mixin.py:109} INFO - [2025-12-13 16:49:13,951] {dag.py:2935} INFO - Setting next_dagrun for example_external_task_marker_child to None
[2025-12-13 16:49:13,952] {logging_mixin.py:109} INFO - [2025-12-13 16:49:13,952] {dag.py:2935} INFO - Setting next_dagrun for example_external_task_marker_parent to None
[2025-12-13 16:49:13,962] {processor.py:171} INFO - Processing /home/airflow/.local/lib/python3.6/site-packages/airflow/example_dags/example_external_task_marker_dag.py took 0.101 seconds
[2025-12-13 16:49:44,784] {processor.py:163} INFO - Started process (PID=364) to work on /home/airflow/.local/lib/python3.6/site-packages/airflow/example_dags/example_external_task_marker_dag.py
[2025-12-13 16:49:44,786] {processor.py:642} INFO - Processing file /home/airflow/.local/lib/python3.6/site-packages/airflow/example_dags/example_external_task_marker_dag.py for tasks to queue
[2025-12-13 16:49:44,786] {logging_mixin.py:109} INFO - [2025-12-13 16:49:44,786] {dagbag.py:500} INFO - Filling up the DagBag from /home/airflow/.local/lib/python3.6/site-packages/airflow/example_dags/example_external_task_marker_dag.py
[2025-12-13 16:49:44,815] {processor.py:654} INFO - DAG(s) dict_keys(['example_external_task_marker_parent', 'example_external_task_marker_child']) retrieved from /home/airflow/.local/lib/python3.6/site-packages/airflow/example_dags/example_external_task_marker_dag.py
[2025-12-13 16:49:44,825] {logging_mixin.py:109} INFO - [2025-12-13 16:49:44,825] {dag.py:2396} INFO - Sync 2 DAGs
[2025-12-13 16:49:44,840] {logging_mixin.py:109} INFO - [2025-12-13 16:49:44,840] {dag.py:2935} INFO - Setting next_dagrun for example_external_task_marker_child to None
[2025-12-13 16:49:44,840] {logging_mixin.py:109} INFO - [2025-12-13 16:49:44,840] {dag.py:2935} INFO - Setting next_dagrun for example_external_task_marker_parent to None
[2025-12-13 16:49:44,847] {processor.py:171} INFO - Processing /home/airflow/.local/lib/python3.6/site-packages/airflow/example_dags/example_external_task_marker_dag.py took 0.066 seconds
[2025-12-13 16:50:15,766] {processor.py:163} INFO - Started process (PID=411) to work on /home/airflow/.local/lib/python3.6/site-packages/airflow/example_dags/example_external_task_marker_dag.py
[2025-12-13 16:50:15,767] {processor.py:642} INFO - Processing file /home/airflow/.local/lib/python3.6/site-packages/airflow/example_dags/example_external_task_marker_dag.py for tasks to queue
[2025-12-13 16:50:15,767] {logging_mixin.py:109} INFO - [2025-12-13 16:50:15,767] {dagbag.py:500} INFO - Filling up the DagBag from /home/airflow/.local/lib/python3.6/site-packages/airflow/example_dags/example_external_task_marker_dag.py
[2025-12-13 16:50:15,797] {processor.py:654} INFO - DAG(s) dict_keys(['example_external_task_marker_parent', 'example_external_task_marker_child']) retrieved from /home/airflow/.local/lib/python3.6/site-packages/airflow/example_dags/example_external_task_marker_dag.py
[2025-12-13 16:50:15,808] {logging_mixin.py:109} INFO - [2025-12-13 16:50:15,808] {dag.py:2396} INFO - Sync 2 DAGs
[2025-12-13 16:50:15,823] {logging_mixin.py:109} INFO - [2025-12-13 16:50:15,823] {dag.py:2935} INFO - Setting next_dagrun for example_external_task_marker_child to None
[2025-12-13 16:50:15,823] {logging_mixin.py:109} INFO - [2025-12-13 16:50:15,823] {dag.py:2935} INFO - Setting next_dagrun for example_external_task_marker_parent to None
[2025-12-13 16:50:15,833] {processor.py:171} INFO - Processing /home/airflow/.local/lib/python3.6/site-packages/airflow/example_dags/example_external_task_marker_dag.py took 0.071 seconds
[2025-12-13 16:52:42,640] {processor.py:163} INFO - Started process (PID=71) to work on /home/airflow/.local/lib/python3.6/site-packages/airflow/example_dags/example_external_task_marker_dag.py
[2025-12-13 16:52:42,643] {processor.py:642} INFO - Processing file /home/airflow/.local/lib/python3.6/site-packages/airflow/example_dags/example_external_task_marker_dag.py for tasks to queue
[2025-12-13 16:52:42,645] {logging_mixin.py:109} INFO - [2025-12-13 16:52:42,644] {dagbag.py:500} INFO - Filling up the DagBag from /home/airflow/.local/lib/python3.6/site-packages/airflow/example_dags/example_external_task_marker_dag.py
[2025-12-13 16:52:42,703] {processor.py:654} INFO - DAG(s) dict_keys(['example_external_task_marker_parent', 'example_external_task_marker_child']) retrieved from /home/airflow/.local/lib/python3.6/site-packages/airflow/example_dags/example_external_task_marker_dag.py
[2025-12-13 16:52:42,731] {logging_mixin.py:109} INFO - [2025-12-13 16:52:42,731] {dag.py:2396} INFO - Sync 2 DAGs
[2025-12-13 16:52:42,765] {logging_mixin.py:109} INFO - [2025-12-13 16:52:42,765] {dag.py:2935} INFO - Setting next_dagrun for example_external_task_marker_child to None
[2025-12-13 16:52:42,766] {logging_mixin.py:109} INFO - [2025-12-13 16:52:42,766] {dag.py:2935} INFO - Setting next_dagrun for example_external_task_marker_parent to None
[2025-12-13 16:52:42,782] {processor.py:171} INFO - Processing /home/airflow/.local/lib/python3.6/site-packages/airflow/example_dags/example_external_task_marker_dag.py took 0.149 seconds
[2025-12-13 16:53:12,945] {processor.py:163} INFO - Started process (PID=123) to work on /home/airflow/.local/lib/python3.6/site-packages/airflow/example_dags/example_external_task_marker_dag.py
[2025-12-13 16:53:12,946] {processor.py:642} INFO - Processing file /home/airflow/.local/lib/python3.6/site-packages/airflow/example_dags/example_external_task_marker_dag.py for tasks to queue
[2025-12-13 16:53:12,947] {logging_mixin.py:109} INFO - [2025-12-13 16:53:12,947] {dagbag.py:500} INFO - Filling up the DagBag from /home/airflow/.local/lib/python3.6/site-packages/airflow/example_dags/example_external_task_marker_dag.py
[2025-12-13 16:53:12,982] {processor.py:654} INFO - DAG(s) dict_keys(['example_external_task_marker_parent', 'example_external_task_marker_child']) retrieved from /home/airflow/.local/lib/python3.6/site-packages/airflow/example_dags/example_external_task_marker_dag.py
[2025-12-13 16:53:12,998] {logging_mixin.py:109} INFO - [2025-12-13 16:53:12,998] {dag.py:2396} INFO - Sync 2 DAGs
[2025-12-13 16:53:13,015] {logging_mixin.py:109} INFO - [2025-12-13 16:53:13,015] {dag.py:2935} INFO - Setting next_dagrun for example_external_task_marker_child to None
[2025-12-13 16:53:13,015] {logging_mixin.py:109} INFO - [2025-12-13 16:53:13,015] {dag.py:2935} INFO - Setting next_dagrun for example_external_task_marker_parent to None
[2025-12-13 16:53:13,023] {processor.py:171} INFO - Processing /home/airflow/.local/lib/python3.6/site-packages/airflow/example_dags/example_external_task_marker_dag.py took 0.082 seconds
[2025-12-13 16:53:44,506] {processor.py:163} INFO - Started process (PID=185) to work on /home/airflow/.local/lib/python3.6/site-packages/airflow/example_dags/example_external_task_marker_dag.py
[2025-12-13 16:53:44,508] {processor.py:642} INFO - Processing file /home/airflow/.local/lib/python3.6/site-packages/airflow/example_dags/example_external_task_marker_dag.py for tasks to queue
[2025-12-13 16:53:44,509] {logging_mixin.py:109} INFO - [2025-12-13 16:53:44,509] {dagbag.py:500} INFO - Filling up the DagBag from /home/airflow/.local/lib/python3.6/site-packages/airflow/example_dags/example_external_task_marker_dag.py
[2025-12-13 16:53:44,538] {processor.py:654} INFO - DAG(s) dict_keys(['example_external_task_marker_parent', 'example_external_task_marker_child']) retrieved from /home/airflow/.local/lib/python3.6/site-packages/airflow/example_dags/example_external_task_marker_dag.py
[2025-12-13 16:53:44,549] {logging_mixin.py:109} INFO - [2025-12-13 16:53:44,549] {dag.py:2396} INFO - Sync 2 DAGs
[2025-12-13 16:53:44,565] {logging_mixin.py:109} INFO - [2025-12-13 16:53:44,564] {dag.py:2935} INFO - Setting next_dagrun for example_external_task_marker_child to None
[2025-12-13 16:53:44,565] {logging_mixin.py:109} INFO - [2025-12-13 16:53:44,565] {dag.py:2935} INFO - Setting next_dagrun for example_external_task_marker_parent to None
[2025-12-13 16:53:44,573] {processor.py:171} INFO - Processing /home/airflow/.local/lib/python3.6/site-packages/airflow/example_dags/example_external_task_marker_dag.py took 0.070 seconds
[2025-12-13 16:54:15,501] {processor.py:163} INFO - Started process (PID=237) to work on /home/airflow/.local/lib/python3.6/site-packages/airflow/example_dags/example_external_task_marker_dag.py
[2025-12-13 16:54:15,503] {processor.py:642} INFO - Processing file /home/airflow/.local/lib/python3.6/site-packages/airflow/example_dags/example_external_task_marker_dag.py for tasks to queue
[2025-12-13 16:54:15,503] {logging_mixin.py:109} INFO - [2025-12-13 16:54:15,503] {dagbag.py:500} INFO - Filling up the DagBag from /home/airflow/.local/lib/python3.6/site-packages/airflow/example_dags/example_external_task_marker_dag.py
[2025-12-13 16:54:15,555] {processor.py:654} INFO - DAG(s) dict_keys(['example_external_task_marker_parent', 'example_external_task_marker_child']) retrieved from /home/airflow/.local/lib/python3.6/site-packages/airflow/example_dags/example_external_task_marker_dag.py
[2025-12-13 16:54:15,582] {logging_mixin.py:109} INFO - [2025-12-13 16:54:15,582] {dag.py:2396} INFO - Sync 2 DAGs
[2025-12-13 16:54:15,597] {logging_mixin.py:109} INFO - [2025-12-13 16:54:15,597] {dag.py:2935} INFO - Setting next_dagrun for example_external_task_marker_child to None
[2025-12-13 16:54:15,597] {logging_mixin.py:109} INFO - [2025-12-13 16:54:15,597] {dag.py:2935} INFO - Setting next_dagrun for example_external_task_marker_parent to None
[2025-12-13 16:54:15,615] {processor.py:171} INFO - Processing /home/airflow/.local/lib/python3.6/site-packages/airflow/example_dags/example_external_task_marker_dag.py took 0.117 seconds
[2025-12-13 16:54:45,924] {processor.py:163} INFO - Started process (PID=299) to work on /home/airflow/.local/lib/python3.6/site-packages/airflow/example_dags/example_external_task_marker_dag.py
[2025-12-13 16:54:45,925] {processor.py:642} INFO - Processing file /home/airflow/.local/lib/python3.6/site-packages/airflow/example_dags/example_external_task_marker_dag.py for tasks to queue
[2025-12-13 16:54:45,926] {logging_mixin.py:109} INFO - [2025-12-13 16:54:45,925] {dagbag.py:500} INFO - Filling up the DagBag from /home/airflow/.local/lib/python3.6/site-packages/airflow/example_dags/example_external_task_marker_dag.py
[2025-12-13 16:54:45,952] {processor.py:654} INFO - DAG(s) dict_keys(['example_external_task_marker_parent', 'example_external_task_marker_child']) retrieved from /home/airflow/.local/lib/python3.6/site-packages/airflow/example_dags/example_external_task_marker_dag.py
[2025-12-13 16:54:45,966] {logging_mixin.py:109} INFO - [2025-12-13 16:54:45,966] {dag.py:2396} INFO - Sync 2 DAGs
[2025-12-13 16:54:45,983] {logging_mixin.py:109} INFO - [2025-12-13 16:54:45,983] {dag.py:2935} INFO - Setting next_dagrun for example_external_task_marker_child to None
[2025-12-13 16:54:45,983] {logging_mixin.py:109} INFO - [2025-12-13 16:54:45,983] {dag.py:2935} INFO - Setting next_dagrun for example_external_task_marker_parent to None
[2025-12-13 16:54:45,991] {processor.py:171} INFO - Processing /home/airflow/.local/lib/python3.6/site-packages/airflow/example_dags/example_external_task_marker_dag.py took 0.071 seconds
[2025-12-13 16:55:17,541] {processor.py:163} INFO - Started process (PID=358) to work on /home/airflow/.local/lib/python3.6/site-packages/airflow/example_dags/example_external_task_marker_dag.py
[2025-12-13 16:55:17,543] {processor.py:642} INFO - Processing file /home/airflow/.local/lib/python3.6/site-packages/airflow/example_dags/example_external_task_marker_dag.py for tasks to queue
[2025-12-13 16:55:17,544] {logging_mixin.py:109} INFO - [2025-12-13 16:55:17,544] {dagbag.py:500} INFO - Filling up the DagBag from /home/airflow/.local/lib/python3.6/site-packages/airflow/example_dags/example_external_task_marker_dag.py
[2025-12-13 16:55:17,700] {processor.py:654} INFO - DAG(s) dict_keys(['example_external_task_marker_parent', 'example_external_task_marker_child']) retrieved from /home/airflow/.local/lib/python3.6/site-packages/airflow/example_dags/example_external_task_marker_dag.py
[2025-12-13 16:55:17,762] {logging_mixin.py:109} INFO - [2025-12-13 16:55:17,762] {dag.py:2396} INFO - Sync 2 DAGs
[2025-12-13 16:55:17,810] {logging_mixin.py:109} INFO - [2025-12-13 16:55:17,810] {dag.py:2935} INFO - Setting next_dagrun for example_external_task_marker_child to None
[2025-12-13 16:55:17,811] {logging_mixin.py:109} INFO - [2025-12-13 16:55:17,811] {dag.py:2935} INFO - Setting next_dagrun for example_external_task_marker_parent to None
[2025-12-13 16:55:17,834] {processor.py:171} INFO - Processing /home/airflow/.local/lib/python3.6/site-packages/airflow/example_dags/example_external_task_marker_dag.py took 0.300 seconds
[2025-12-13 16:55:48,760] {processor.py:163} INFO - Started process (PID=413) to work on /home/airflow/.local/lib/python3.6/site-packages/airflow/example_dags/example_external_task_marker_dag.py
[2025-12-13 16:55:48,761] {processor.py:642} INFO - Processing file /home/airflow/.local/lib/python3.6/site-packages/airflow/example_dags/example_external_task_marker_dag.py for tasks to queue
[2025-12-13 16:55:48,761] {logging_mixin.py:109} INFO - [2025-12-13 16:55:48,761] {dagbag.py:500} INFO - Filling up the DagBag from /home/airflow/.local/lib/python3.6/site-packages/airflow/example_dags/example_external_task_marker_dag.py
[2025-12-13 16:55:48,791] {processor.py:654} INFO - DAG(s) dict_keys(['example_external_task_marker_parent', 'example_external_task_marker_child']) retrieved from /home/airflow/.local/lib/python3.6/site-packages/airflow/example_dags/example_external_task_marker_dag.py
[2025-12-13 16:55:48,802] {logging_mixin.py:109} INFO - [2025-12-13 16:55:48,802] {dag.py:2396} INFO - Sync 2 DAGs
[2025-12-13 16:55:48,817] {logging_mixin.py:109} INFO - [2025-12-13 16:55:48,817] {dag.py:2935} INFO - Setting next_dagrun for example_external_task_marker_child to None
[2025-12-13 16:55:48,817] {logging_mixin.py:109} INFO - [2025-12-13 16:55:48,817] {dag.py:2935} INFO - Setting next_dagrun for example_external_task_marker_parent to None
[2025-12-13 16:55:48,825] {processor.py:171} INFO - Processing /home/airflow/.local/lib/python3.6/site-packages/airflow/example_dags/example_external_task_marker_dag.py took 0.069 seconds
[2025-12-13 16:56:19,655] {processor.py:163} INFO - Started process (PID=475) to work on /home/airflow/.local/lib/python3.6/site-packages/airflow/example_dags/example_external_task_marker_dag.py
[2025-12-13 16:56:19,656] {processor.py:642} INFO - Processing file /home/airflow/.local/lib/python3.6/site-packages/airflow/example_dags/example_external_task_marker_dag.py for tasks to queue
[2025-12-13 16:56:19,657] {logging_mixin.py:109} INFO - [2025-12-13 16:56:19,657] {dagbag.py:500} INFO - Filling up the DagBag from /home/airflow/.local/lib/python3.6/site-packages/airflow/example_dags/example_external_task_marker_dag.py
[2025-12-13 16:56:19,689] {processor.py:654} INFO - DAG(s) dict_keys(['example_external_task_marker_parent', 'example_external_task_marker_child']) retrieved from /home/airflow/.local/lib/python3.6/site-packages/airflow/example_dags/example_external_task_marker_dag.py
[2025-12-13 16:56:19,703] {logging_mixin.py:109} INFO - [2025-12-13 16:56:19,703] {dag.py:2396} INFO - Sync 2 DAGs
[2025-12-13 16:56:19,720] {logging_mixin.py:109} INFO - [2025-12-13 16:56:19,720] {dag.py:2935} INFO - Setting next_dagrun for example_external_task_marker_child to None
[2025-12-13 16:56:19,720] {logging_mixin.py:109} INFO - [2025-12-13 16:56:19,720] {dag.py:2935} INFO - Setting next_dagrun for example_external_task_marker_parent to None
[2025-12-13 16:56:19,729] {processor.py:171} INFO - Processing /home/airflow/.local/lib/python3.6/site-packages/airflow/example_dags/example_external_task_marker_dag.py took 0.079 seconds
[2025-12-13 16:56:50,193] {processor.py:163} INFO - Started process (PID=527) to work on /home/airflow/.local/lib/python3.6/site-packages/airflow/example_dags/example_external_task_marker_dag.py
[2025-12-13 16:56:50,194] {processor.py:642} INFO - Processing file /home/airflow/.local/lib/python3.6/site-packages/airflow/example_dags/example_external_task_marker_dag.py for tasks to queue
[2025-12-13 16:56:50,195] {logging_mixin.py:109} INFO - [2025-12-13 16:56:50,195] {dagbag.py:500} INFO - Filling up the DagBag from /home/airflow/.local/lib/python3.6/site-packages/airflow/example_dags/example_external_task_marker_dag.py
[2025-12-13 16:56:50,223] {processor.py:654} INFO - DAG(s) dict_keys(['example_external_task_marker_parent', 'example_external_task_marker_child']) retrieved from /home/airflow/.local/lib/python3.6/site-packages/airflow/example_dags/example_external_task_marker_dag.py
[2025-12-13 16:56:50,235] {logging_mixin.py:109} INFO - [2025-12-13 16:56:50,235] {dag.py:2396} INFO - Sync 2 DAGs
[2025-12-13 16:56:50,250] {logging_mixin.py:109} INFO - [2025-12-13 16:56:50,250] {dag.py:2935} INFO - Setting next_dagrun for example_external_task_marker_child to None
[2025-12-13 16:56:50,250] {logging_mixin.py:109} INFO - [2025-12-13 16:56:50,250] {dag.py:2935} INFO - Setting next_dagrun for example_external_task_marker_parent to None
[2025-12-13 16:56:50,259] {processor.py:171} INFO - Processing /home/airflow/.local/lib/python3.6/site-packages/airflow/example_dags/example_external_task_marker_dag.py took 0.070 seconds
[2025-12-13 16:57:20,362] {processor.py:163} INFO - Started process (PID=589) to work on /home/airflow/.local/lib/python3.6/site-packages/airflow/example_dags/example_external_task_marker_dag.py
[2025-12-13 16:57:20,364] {processor.py:642} INFO - Processing file /home/airflow/.local/lib/python3.6/site-packages/airflow/example_dags/example_external_task_marker_dag.py for tasks to queue
[2025-12-13 16:57:20,364] {logging_mixin.py:109} INFO - [2025-12-13 16:57:20,364] {dagbag.py:500} INFO - Filling up the DagBag from /home/airflow/.local/lib/python3.6/site-packages/airflow/example_dags/example_external_task_marker_dag.py
[2025-12-13 16:57:20,393] {processor.py:654} INFO - DAG(s) dict_keys(['example_external_task_marker_parent', 'example_external_task_marker_child']) retrieved from /home/airflow/.local/lib/python3.6/site-packages/airflow/example_dags/example_external_task_marker_dag.py
[2025-12-13 16:57:20,407] {logging_mixin.py:109} INFO - [2025-12-13 16:57:20,407] {dag.py:2396} INFO - Sync 2 DAGs
[2025-12-13 16:57:20,423] {logging_mixin.py:109} INFO - [2025-12-13 16:57:20,423] {dag.py:2935} INFO - Setting next_dagrun for example_external_task_marker_child to None
[2025-12-13 16:57:20,423] {logging_mixin.py:109} INFO - [2025-12-13 16:57:20,423] {dag.py:2935} INFO - Setting next_dagrun for example_external_task_marker_parent to None
[2025-12-13 16:57:20,435] {processor.py:171} INFO - Processing /home/airflow/.local/lib/python3.6/site-packages/airflow/example_dags/example_external_task_marker_dag.py took 0.076 seconds
[2025-12-13 16:57:50,531] {processor.py:163} INFO - Started process (PID=640) to work on /home/airflow/.local/lib/python3.6/site-packages/airflow/example_dags/example_external_task_marker_dag.py
[2025-12-13 16:57:50,533] {processor.py:642} INFO - Processing file /home/airflow/.local/lib/python3.6/site-packages/airflow/example_dags/example_external_task_marker_dag.py for tasks to queue
[2025-12-13 16:57:50,533] {logging_mixin.py:109} INFO - [2025-12-13 16:57:50,533] {dagbag.py:500} INFO - Filling up the DagBag from /home/airflow/.local/lib/python3.6/site-packages/airflow/example_dags/example_external_task_marker_dag.py
[2025-12-13 16:57:50,560] {processor.py:654} INFO - DAG(s) dict_keys(['example_external_task_marker_parent', 'example_external_task_marker_child']) retrieved from /home/airflow/.local/lib/python3.6/site-packages/airflow/example_dags/example_external_task_marker_dag.py
[2025-12-13 16:57:50,570] {logging_mixin.py:109} INFO - [2025-12-13 16:57:50,570] {dag.py:2396} INFO - Sync 2 DAGs
[2025-12-13 16:57:50,585] {logging_mixin.py:109} INFO - [2025-12-13 16:57:50,585] {dag.py:2935} INFO - Setting next_dagrun for example_external_task_marker_child to None
[2025-12-13 16:57:50,585] {logging_mixin.py:109} INFO - [2025-12-13 16:57:50,585] {dag.py:2935} INFO - Setting next_dagrun for example_external_task_marker_parent to None
[2025-12-13 16:57:50,593] {processor.py:171} INFO - Processing /home/airflow/.local/lib/python3.6/site-packages/airflow/example_dags/example_external_task_marker_dag.py took 0.065 seconds
[2025-12-13 16:58:21,776] {processor.py:163} INFO - Started process (PID=703) to work on /home/airflow/.local/lib/python3.6/site-packages/airflow/example_dags/example_external_task_marker_dag.py
[2025-12-13 16:58:21,777] {processor.py:642} INFO - Processing file /home/airflow/.local/lib/python3.6/site-packages/airflow/example_dags/example_external_task_marker_dag.py for tasks to queue
[2025-12-13 16:58:21,778] {logging_mixin.py:109} INFO - [2025-12-13 16:58:21,778] {dagbag.py:500} INFO - Filling up the DagBag from /home/airflow/.local/lib/python3.6/site-packages/airflow/example_dags/example_external_task_marker_dag.py
[2025-12-13 16:58:21,808] {processor.py:654} INFO - DAG(s) dict_keys(['example_external_task_marker_parent', 'example_external_task_marker_child']) retrieved from /home/airflow/.local/lib/python3.6/site-packages/airflow/example_dags/example_external_task_marker_dag.py
[2025-12-13 16:58:21,824] {logging_mixin.py:109} INFO - [2025-12-13 16:58:21,824] {dag.py:2396} INFO - Sync 2 DAGs
[2025-12-13 16:58:21,851] {logging_mixin.py:109} INFO - [2025-12-13 16:58:21,851] {dag.py:2935} INFO - Setting next_dagrun for example_external_task_marker_child to None
[2025-12-13 16:58:21,851] {logging_mixin.py:109} INFO - [2025-12-13 16:58:21,851] {dag.py:2935} INFO - Setting next_dagrun for example_external_task_marker_parent to None
[2025-12-13 16:58:21,867] {processor.py:171} INFO - Processing /home/airflow/.local/lib/python3.6/site-packages/airflow/example_dags/example_external_task_marker_dag.py took 0.095 seconds
[2025-12-13 16:58:52,063] {processor.py:163} INFO - Started process (PID=755) to work on /home/airflow/.local/lib/python3.6/site-packages/airflow/example_dags/example_external_task_marker_dag.py
[2025-12-13 16:58:52,064] {processor.py:642} INFO - Processing file /home/airflow/.local/lib/python3.6/site-packages/airflow/example_dags/example_external_task_marker_dag.py for tasks to queue
[2025-12-13 16:58:52,065] {logging_mixin.py:109} INFO - [2025-12-13 16:58:52,065] {dagbag.py:500} INFO - Filling up the DagBag from /home/airflow/.local/lib/python3.6/site-packages/airflow/example_dags/example_external_task_marker_dag.py
[2025-12-13 16:58:52,091] {processor.py:654} INFO - DAG(s) dict_keys(['example_external_task_marker_parent', 'example_external_task_marker_child']) retrieved from /home/airflow/.local/lib/python3.6/site-packages/airflow/example_dags/example_external_task_marker_dag.py
[2025-12-13 16:58:52,102] {logging_mixin.py:109} INFO - [2025-12-13 16:58:52,102] {dag.py:2396} INFO - Sync 2 DAGs
[2025-12-13 16:58:52,118] {logging_mixin.py:109} INFO - [2025-12-13 16:58:52,118] {dag.py:2935} INFO - Setting next_dagrun for example_external_task_marker_child to None
[2025-12-13 16:58:52,118] {logging_mixin.py:109} INFO - [2025-12-13 16:58:52,118] {dag.py:2935} INFO - Setting next_dagrun for example_external_task_marker_parent to None
[2025-12-13 16:58:52,126] {processor.py:171} INFO - Processing /home/airflow/.local/lib/python3.6/site-packages/airflow/example_dags/example_external_task_marker_dag.py took 0.066 seconds
[2025-12-13 16:59:22,351] {processor.py:163} INFO - Started process (PID=817) to work on /home/airflow/.local/lib/python3.6/site-packages/airflow/example_dags/example_external_task_marker_dag.py
[2025-12-13 16:59:22,352] {processor.py:642} INFO - Processing file /home/airflow/.local/lib/python3.6/site-packages/airflow/example_dags/example_external_task_marker_dag.py for tasks to queue
[2025-12-13 16:59:22,352] {logging_mixin.py:109} INFO - [2025-12-13 16:59:22,352] {dagbag.py:500} INFO - Filling up the DagBag from /home/airflow/.local/lib/python3.6/site-packages/airflow/example_dags/example_external_task_marker_dag.py
[2025-12-13 16:59:22,387] {processor.py:654} INFO - DAG(s) dict_keys(['example_external_task_marker_parent', 'example_external_task_marker_child']) retrieved from /home/airflow/.local/lib/python3.6/site-packages/airflow/example_dags/example_external_task_marker_dag.py
[2025-12-13 16:59:22,408] {logging_mixin.py:109} INFO - [2025-12-13 16:59:22,408] {dag.py:2396} INFO - Sync 2 DAGs
[2025-12-13 16:59:22,429] {logging_mixin.py:109} INFO - [2025-12-13 16:59:22,429] {dag.py:2935} INFO - Setting next_dagrun for example_external_task_marker_child to None
[2025-12-13 16:59:22,430] {logging_mixin.py:109} INFO - [2025-12-13 16:59:22,429] {dag.py:2935} INFO - Setting next_dagrun for example_external_task_marker_parent to None
[2025-12-13 16:59:22,447] {processor.py:171} INFO - Processing /home/airflow/.local/lib/python3.6/site-packages/airflow/example_dags/example_external_task_marker_dag.py took 0.099 seconds
[2025-12-13 16:59:53,106] {processor.py:163} INFO - Started process (PID=869) to work on /home/airflow/.local/lib/python3.6/site-packages/airflow/example_dags/example_external_task_marker_dag.py
[2025-12-13 16:59:53,109] {processor.py:642} INFO - Processing file /home/airflow/.local/lib/python3.6/site-packages/airflow/example_dags/example_external_task_marker_dag.py for tasks to queue
[2025-12-13 16:59:53,109] {logging_mixin.py:109} INFO - [2025-12-13 16:59:53,109] {dagbag.py:500} INFO - Filling up the DagBag from /home/airflow/.local/lib/python3.6/site-packages/airflow/example_dags/example_external_task_marker_dag.py
[2025-12-13 16:59:53,155] {processor.py:654} INFO - DAG(s) dict_keys(['example_external_task_marker_parent', 'example_external_task_marker_child']) retrieved from /home/airflow/.local/lib/python3.6/site-packages/airflow/example_dags/example_external_task_marker_dag.py
[2025-12-13 16:59:53,186] {logging_mixin.py:109} INFO - [2025-12-13 16:59:53,185] {dag.py:2396} INFO - Sync 2 DAGs
[2025-12-13 16:59:53,213] {logging_mixin.py:109} INFO - [2025-12-13 16:59:53,213] {dag.py:2935} INFO - Setting next_dagrun for example_external_task_marker_child to None
[2025-12-13 16:59:53,213] {logging_mixin.py:109} INFO - [2025-12-13 16:59:53,213] {dag.py:2935} INFO - Setting next_dagrun for example_external_task_marker_parent to None
[2025-12-13 16:59:53,223] {processor.py:171} INFO - Processing /home/airflow/.local/lib/python3.6/site-packages/airflow/example_dags/example_external_task_marker_dag.py took 0.122 seconds
