[2025-12-13 16:47:08,586] {processor.py:163} INFO - Started process (PID=43) to work on /home/airflow/.local/lib/python3.6/site-packages/airflow/example_dags/example_branch_python_dop_operator_3.py
[2025-12-13 16:47:08,587] {processor.py:642} INFO - Processing file /home/airflow/.local/lib/python3.6/site-packages/airflow/example_dags/example_branch_python_dop_operator_3.py for tasks to queue
[2025-12-13 16:47:08,588] {logging_mixin.py:109} INFO - [2025-12-13 16:47:08,588] {dagbag.py:500} INFO - Filling up the DagBag from /home/airflow/.local/lib/python3.6/site-packages/airflow/example_dags/example_branch_python_dop_operator_3.py
[2025-12-13 16:47:08,676] {processor.py:654} INFO - DAG(s) dict_keys(['example_branch_dop_operator_v3']) retrieved from /home/airflow/.local/lib/python3.6/site-packages/airflow/example_dags/example_branch_python_dop_operator_3.py
[2025-12-13 16:47:08,695] {logging_mixin.py:109} INFO - [2025-12-13 16:47:08,694] {dag.py:2396} INFO - Sync 1 DAGs
[2025-12-13 16:47:08,746] {logging_mixin.py:109} INFO - [2025-12-13 16:47:08,746] {dag.py:2935} INFO - Setting next_dagrun for example_branch_dop_operator_v3 to 2025-12-13T16:46:00+00:00
[2025-12-13 16:47:08,761] {processor.py:171} INFO - Processing /home/airflow/.local/lib/python3.6/site-packages/airflow/example_dags/example_branch_python_dop_operator_3.py took 0.181 seconds
[2025-12-13 16:47:38,812] {processor.py:163} INFO - Started process (PID=105) to work on /home/airflow/.local/lib/python3.6/site-packages/airflow/example_dags/example_branch_python_dop_operator_3.py
[2025-12-13 16:47:38,823] {processor.py:642} INFO - Processing file /home/airflow/.local/lib/python3.6/site-packages/airflow/example_dags/example_branch_python_dop_operator_3.py for tasks to queue
[2025-12-13 16:47:38,823] {logging_mixin.py:109} INFO - [2025-12-13 16:47:38,823] {dagbag.py:500} INFO - Filling up the DagBag from /home/airflow/.local/lib/python3.6/site-packages/airflow/example_dags/example_branch_python_dop_operator_3.py
[2025-12-13 16:47:38,855] {processor.py:654} INFO - DAG(s) dict_keys(['example_branch_dop_operator_v3']) retrieved from /home/airflow/.local/lib/python3.6/site-packages/airflow/example_dags/example_branch_python_dop_operator_3.py
[2025-12-13 16:47:38,865] {logging_mixin.py:109} INFO - [2025-12-13 16:47:38,865] {dag.py:2396} INFO - Sync 1 DAGs
[2025-12-13 16:47:38,888] {logging_mixin.py:109} INFO - [2025-12-13 16:47:38,888] {dag.py:2935} INFO - Setting next_dagrun for example_branch_dop_operator_v3 to 2025-12-13T16:46:00+00:00
[2025-12-13 16:47:38,898] {processor.py:171} INFO - Processing /home/airflow/.local/lib/python3.6/site-packages/airflow/example_dags/example_branch_python_dop_operator_3.py took 0.090 seconds
[2025-12-13 16:48:08,977] {processor.py:163} INFO - Started process (PID=157) to work on /home/airflow/.local/lib/python3.6/site-packages/airflow/example_dags/example_branch_python_dop_operator_3.py
[2025-12-13 16:48:08,988] {processor.py:642} INFO - Processing file /home/airflow/.local/lib/python3.6/site-packages/airflow/example_dags/example_branch_python_dop_operator_3.py for tasks to queue
[2025-12-13 16:48:08,988] {logging_mixin.py:109} INFO - [2025-12-13 16:48:08,988] {dagbag.py:500} INFO - Filling up the DagBag from /home/airflow/.local/lib/python3.6/site-packages/airflow/example_dags/example_branch_python_dop_operator_3.py
[2025-12-13 16:48:09,020] {processor.py:654} INFO - DAG(s) dict_keys(['example_branch_dop_operator_v3']) retrieved from /home/airflow/.local/lib/python3.6/site-packages/airflow/example_dags/example_branch_python_dop_operator_3.py
[2025-12-13 16:48:09,030] {logging_mixin.py:109} INFO - [2025-12-13 16:48:09,030] {dag.py:2396} INFO - Sync 1 DAGs
[2025-12-13 16:48:09,055] {logging_mixin.py:109} INFO - [2025-12-13 16:48:09,055] {dag.py:2935} INFO - Setting next_dagrun for example_branch_dop_operator_v3 to 2025-12-13T16:47:00+00:00
[2025-12-13 16:48:09,075] {processor.py:171} INFO - Processing /home/airflow/.local/lib/python3.6/site-packages/airflow/example_dags/example_branch_python_dop_operator_3.py took 0.101 seconds
[2025-12-13 16:48:39,366] {processor.py:163} INFO - Started process (PID=209) to work on /home/airflow/.local/lib/python3.6/site-packages/airflow/example_dags/example_branch_python_dop_operator_3.py
[2025-12-13 16:48:39,377] {processor.py:642} INFO - Processing file /home/airflow/.local/lib/python3.6/site-packages/airflow/example_dags/example_branch_python_dop_operator_3.py for tasks to queue
[2025-12-13 16:48:39,377] {logging_mixin.py:109} INFO - [2025-12-13 16:48:39,377] {dagbag.py:500} INFO - Filling up the DagBag from /home/airflow/.local/lib/python3.6/site-packages/airflow/example_dags/example_branch_python_dop_operator_3.py
[2025-12-13 16:48:39,407] {processor.py:654} INFO - DAG(s) dict_keys(['example_branch_dop_operator_v3']) retrieved from /home/airflow/.local/lib/python3.6/site-packages/airflow/example_dags/example_branch_python_dop_operator_3.py
[2025-12-13 16:48:39,416] {logging_mixin.py:109} INFO - [2025-12-13 16:48:39,415] {dag.py:2396} INFO - Sync 1 DAGs
[2025-12-13 16:48:39,436] {logging_mixin.py:109} INFO - [2025-12-13 16:48:39,436] {dag.py:2935} INFO - Setting next_dagrun for example_branch_dop_operator_v3 to 2025-12-13T16:47:00+00:00
[2025-12-13 16:48:39,445] {processor.py:171} INFO - Processing /home/airflow/.local/lib/python3.6/site-packages/airflow/example_dags/example_branch_python_dop_operator_3.py took 0.083 seconds
[2025-12-13 16:49:09,536] {processor.py:163} INFO - Started process (PID=271) to work on /home/airflow/.local/lib/python3.6/site-packages/airflow/example_dags/example_branch_python_dop_operator_3.py
[2025-12-13 16:49:09,547] {processor.py:642} INFO - Processing file /home/airflow/.local/lib/python3.6/site-packages/airflow/example_dags/example_branch_python_dop_operator_3.py for tasks to queue
[2025-12-13 16:49:09,548] {logging_mixin.py:109} INFO - [2025-12-13 16:49:09,548] {dagbag.py:500} INFO - Filling up the DagBag from /home/airflow/.local/lib/python3.6/site-packages/airflow/example_dags/example_branch_python_dop_operator_3.py
[2025-12-13 16:49:09,585] {processor.py:654} INFO - DAG(s) dict_keys(['example_branch_dop_operator_v3']) retrieved from /home/airflow/.local/lib/python3.6/site-packages/airflow/example_dags/example_branch_python_dop_operator_3.py
[2025-12-13 16:49:09,594] {logging_mixin.py:109} INFO - [2025-12-13 16:49:09,593] {dag.py:2396} INFO - Sync 1 DAGs
[2025-12-13 16:49:09,611] {logging_mixin.py:109} INFO - [2025-12-13 16:49:09,611] {dag.py:2935} INFO - Setting next_dagrun for example_branch_dop_operator_v3 to 2025-12-13T16:48:00+00:00
[2025-12-13 16:49:09,631] {processor.py:171} INFO - Processing /home/airflow/.local/lib/python3.6/site-packages/airflow/example_dags/example_branch_python_dop_operator_3.py took 0.099 seconds
[2025-12-13 16:49:40,519] {processor.py:163} INFO - Started process (PID=323) to work on /home/airflow/.local/lib/python3.6/site-packages/airflow/example_dags/example_branch_python_dop_operator_3.py
[2025-12-13 16:49:40,530] {processor.py:642} INFO - Processing file /home/airflow/.local/lib/python3.6/site-packages/airflow/example_dags/example_branch_python_dop_operator_3.py for tasks to queue
[2025-12-13 16:49:40,530] {logging_mixin.py:109} INFO - [2025-12-13 16:49:40,530] {dagbag.py:500} INFO - Filling up the DagBag from /home/airflow/.local/lib/python3.6/site-packages/airflow/example_dags/example_branch_python_dop_operator_3.py
[2025-12-13 16:49:40,566] {processor.py:654} INFO - DAG(s) dict_keys(['example_branch_dop_operator_v3']) retrieved from /home/airflow/.local/lib/python3.6/site-packages/airflow/example_dags/example_branch_python_dop_operator_3.py
[2025-12-13 16:49:40,582] {logging_mixin.py:109} INFO - [2025-12-13 16:49:40,581] {dag.py:2396} INFO - Sync 1 DAGs
[2025-12-13 16:49:40,606] {logging_mixin.py:109} INFO - [2025-12-13 16:49:40,606] {dag.py:2935} INFO - Setting next_dagrun for example_branch_dop_operator_v3 to 2025-12-13T16:48:00+00:00
[2025-12-13 16:49:40,614] {processor.py:171} INFO - Processing /home/airflow/.local/lib/python3.6/site-packages/airflow/example_dags/example_branch_python_dop_operator_3.py took 0.099 seconds
[2025-12-13 16:50:10,979] {processor.py:163} INFO - Started process (PID=385) to work on /home/airflow/.local/lib/python3.6/site-packages/airflow/example_dags/example_branch_python_dop_operator_3.py
[2025-12-13 16:50:10,982] {processor.py:642} INFO - Processing file /home/airflow/.local/lib/python3.6/site-packages/airflow/example_dags/example_branch_python_dop_operator_3.py for tasks to queue
[2025-12-13 16:50:10,983] {logging_mixin.py:109} INFO - [2025-12-13 16:50:10,983] {dagbag.py:500} INFO - Filling up the DagBag from /home/airflow/.local/lib/python3.6/site-packages/airflow/example_dags/example_branch_python_dop_operator_3.py
[2025-12-13 16:50:11,038] {processor.py:654} INFO - DAG(s) dict_keys(['example_branch_dop_operator_v3']) retrieved from /home/airflow/.local/lib/python3.6/site-packages/airflow/example_dags/example_branch_python_dop_operator_3.py
[2025-12-13 16:50:11,056] {logging_mixin.py:109} INFO - [2025-12-13 16:50:11,055] {dag.py:2396} INFO - Sync 1 DAGs
[2025-12-13 16:50:11,085] {logging_mixin.py:109} INFO - [2025-12-13 16:50:11,085] {dag.py:2935} INFO - Setting next_dagrun for example_branch_dop_operator_v3 to 2025-12-13T16:49:00+00:00
[2025-12-13 16:50:11,110] {processor.py:171} INFO - Processing /home/airflow/.local/lib/python3.6/site-packages/airflow/example_dags/example_branch_python_dop_operator_3.py took 0.140 seconds
[2025-12-13 16:50:41,253] {processor.py:163} INFO - Started process (PID=437) to work on /home/airflow/.local/lib/python3.6/site-packages/airflow/example_dags/example_branch_python_dop_operator_3.py
[2025-12-13 16:50:41,255] {processor.py:642} INFO - Processing file /home/airflow/.local/lib/python3.6/site-packages/airflow/example_dags/example_branch_python_dop_operator_3.py for tasks to queue
[2025-12-13 16:50:41,255] {logging_mixin.py:109} INFO - [2025-12-13 16:50:41,255] {dagbag.py:500} INFO - Filling up the DagBag from /home/airflow/.local/lib/python3.6/site-packages/airflow/example_dags/example_branch_python_dop_operator_3.py
[2025-12-13 16:50:41,283] {processor.py:654} INFO - DAG(s) dict_keys(['example_branch_dop_operator_v3']) retrieved from /home/airflow/.local/lib/python3.6/site-packages/airflow/example_dags/example_branch_python_dop_operator_3.py
[2025-12-13 16:50:41,292] {logging_mixin.py:109} INFO - [2025-12-13 16:50:41,292] {dag.py:2396} INFO - Sync 1 DAGs
[2025-12-13 16:50:41,314] {logging_mixin.py:109} INFO - [2025-12-13 16:50:41,314] {dag.py:2935} INFO - Setting next_dagrun for example_branch_dop_operator_v3 to 2025-12-13T16:49:00+00:00
[2025-12-13 16:50:41,325] {processor.py:171} INFO - Processing /home/airflow/.local/lib/python3.6/site-packages/airflow/example_dags/example_branch_python_dop_operator_3.py took 0.075 seconds
[2025-12-13 16:52:39,408] {processor.py:163} INFO - Started process (PID=43) to work on /home/airflow/.local/lib/python3.6/site-packages/airflow/example_dags/example_branch_python_dop_operator_3.py
[2025-12-13 16:52:39,411] {processor.py:642} INFO - Processing file /home/airflow/.local/lib/python3.6/site-packages/airflow/example_dags/example_branch_python_dop_operator_3.py for tasks to queue
[2025-12-13 16:52:39,412] {logging_mixin.py:109} INFO - [2025-12-13 16:52:39,411] {dagbag.py:500} INFO - Filling up the DagBag from /home/airflow/.local/lib/python3.6/site-packages/airflow/example_dags/example_branch_python_dop_operator_3.py
[2025-12-13 16:52:39,463] {processor.py:654} INFO - DAG(s) dict_keys(['example_branch_dop_operator_v3']) retrieved from /home/airflow/.local/lib/python3.6/site-packages/airflow/example_dags/example_branch_python_dop_operator_3.py
[2025-12-13 16:52:39,478] {logging_mixin.py:109} INFO - [2025-12-13 16:52:39,478] {dag.py:2396} INFO - Sync 1 DAGs
[2025-12-13 16:52:39,517] {logging_mixin.py:109} INFO - [2025-12-13 16:52:39,517] {dag.py:2935} INFO - Setting next_dagrun for example_branch_dop_operator_v3 to 2025-12-13T16:51:00+00:00
[2025-12-13 16:52:39,534] {processor.py:171} INFO - Processing /home/airflow/.local/lib/python3.6/site-packages/airflow/example_dags/example_branch_python_dop_operator_3.py took 0.134 seconds
[2025-12-13 16:53:10,004] {processor.py:163} INFO - Started process (PID=95) to work on /home/airflow/.local/lib/python3.6/site-packages/airflow/example_dags/example_branch_python_dop_operator_3.py
[2025-12-13 16:53:10,014] {processor.py:642} INFO - Processing file /home/airflow/.local/lib/python3.6/site-packages/airflow/example_dags/example_branch_python_dop_operator_3.py for tasks to queue
[2025-12-13 16:53:10,015] {logging_mixin.py:109} INFO - [2025-12-13 16:53:10,014] {dagbag.py:500} INFO - Filling up the DagBag from /home/airflow/.local/lib/python3.6/site-packages/airflow/example_dags/example_branch_python_dop_operator_3.py
[2025-12-13 16:53:10,047] {processor.py:654} INFO - DAG(s) dict_keys(['example_branch_dop_operator_v3']) retrieved from /home/airflow/.local/lib/python3.6/site-packages/airflow/example_dags/example_branch_python_dop_operator_3.py
[2025-12-13 16:53:10,057] {logging_mixin.py:109} INFO - [2025-12-13 16:53:10,057] {dag.py:2396} INFO - Sync 1 DAGs
[2025-12-13 16:53:10,078] {logging_mixin.py:109} INFO - [2025-12-13 16:53:10,078] {dag.py:2935} INFO - Setting next_dagrun for example_branch_dop_operator_v3 to 2025-12-13T16:52:00+00:00
[2025-12-13 16:53:10,089] {processor.py:171} INFO - Processing /home/airflow/.local/lib/python3.6/site-packages/airflow/example_dags/example_branch_python_dop_operator_3.py took 0.089 seconds
[2025-12-13 16:53:40,108] {processor.py:163} INFO - Started process (PID=157) to work on /home/airflow/.local/lib/python3.6/site-packages/airflow/example_dags/example_branch_python_dop_operator_3.py
[2025-12-13 16:53:40,118] {processor.py:642} INFO - Processing file /home/airflow/.local/lib/python3.6/site-packages/airflow/example_dags/example_branch_python_dop_operator_3.py for tasks to queue
[2025-12-13 16:53:40,119] {logging_mixin.py:109} INFO - [2025-12-13 16:53:40,119] {dagbag.py:500} INFO - Filling up the DagBag from /home/airflow/.local/lib/python3.6/site-packages/airflow/example_dags/example_branch_python_dop_operator_3.py
[2025-12-13 16:53:40,148] {processor.py:654} INFO - DAG(s) dict_keys(['example_branch_dop_operator_v3']) retrieved from /home/airflow/.local/lib/python3.6/site-packages/airflow/example_dags/example_branch_python_dop_operator_3.py
[2025-12-13 16:53:40,157] {logging_mixin.py:109} INFO - [2025-12-13 16:53:40,157] {dag.py:2396} INFO - Sync 1 DAGs
[2025-12-13 16:53:40,174] {logging_mixin.py:109} INFO - [2025-12-13 16:53:40,174] {dag.py:2935} INFO - Setting next_dagrun for example_branch_dop_operator_v3 to 2025-12-13T16:52:00+00:00
[2025-12-13 16:53:40,183] {processor.py:171} INFO - Processing /home/airflow/.local/lib/python3.6/site-packages/airflow/example_dags/example_branch_python_dop_operator_3.py took 0.078 seconds
[2025-12-13 16:54:10,621] {processor.py:163} INFO - Started process (PID=209) to work on /home/airflow/.local/lib/python3.6/site-packages/airflow/example_dags/example_branch_python_dop_operator_3.py
[2025-12-13 16:54:10,631] {processor.py:642} INFO - Processing file /home/airflow/.local/lib/python3.6/site-packages/airflow/example_dags/example_branch_python_dop_operator_3.py for tasks to queue
[2025-12-13 16:54:10,632] {logging_mixin.py:109} INFO - [2025-12-13 16:54:10,632] {dagbag.py:500} INFO - Filling up the DagBag from /home/airflow/.local/lib/python3.6/site-packages/airflow/example_dags/example_branch_python_dop_operator_3.py
[2025-12-13 16:54:10,661] {processor.py:654} INFO - DAG(s) dict_keys(['example_branch_dop_operator_v3']) retrieved from /home/airflow/.local/lib/python3.6/site-packages/airflow/example_dags/example_branch_python_dop_operator_3.py
[2025-12-13 16:54:10,670] {logging_mixin.py:109} INFO - [2025-12-13 16:54:10,670] {dag.py:2396} INFO - Sync 1 DAGs
[2025-12-13 16:54:10,687] {logging_mixin.py:109} INFO - [2025-12-13 16:54:10,687] {dag.py:2935} INFO - Setting next_dagrun for example_branch_dop_operator_v3 to 2025-12-13T16:53:00+00:00
[2025-12-13 16:54:10,695] {processor.py:171} INFO - Processing /home/airflow/.local/lib/python3.6/site-packages/airflow/example_dags/example_branch_python_dop_operator_3.py took 0.078 seconds
[2025-12-13 16:54:40,862] {processor.py:163} INFO - Started process (PID=271) to work on /home/airflow/.local/lib/python3.6/site-packages/airflow/example_dags/example_branch_python_dop_operator_3.py
[2025-12-13 16:54:40,863] {processor.py:642} INFO - Processing file /home/airflow/.local/lib/python3.6/site-packages/airflow/example_dags/example_branch_python_dop_operator_3.py for tasks to queue
[2025-12-13 16:54:40,863] {logging_mixin.py:109} INFO - [2025-12-13 16:54:40,863] {dagbag.py:500} INFO - Filling up the DagBag from /home/airflow/.local/lib/python3.6/site-packages/airflow/example_dags/example_branch_python_dop_operator_3.py
[2025-12-13 16:54:40,905] {processor.py:654} INFO - DAG(s) dict_keys(['example_branch_dop_operator_v3']) retrieved from /home/airflow/.local/lib/python3.6/site-packages/airflow/example_dags/example_branch_python_dop_operator_3.py
[2025-12-13 16:54:40,915] {logging_mixin.py:109} INFO - [2025-12-13 16:54:40,915] {dag.py:2396} INFO - Sync 1 DAGs
[2025-12-13 16:54:40,933] {logging_mixin.py:109} INFO - [2025-12-13 16:54:40,933] {dag.py:2935} INFO - Setting next_dagrun for example_branch_dop_operator_v3 to 2025-12-13T16:53:00+00:00
[2025-12-13 16:54:40,956] {processor.py:171} INFO - Processing /home/airflow/.local/lib/python3.6/site-packages/airflow/example_dags/example_branch_python_dop_operator_3.py took 0.098 seconds
[2025-12-13 16:55:11,178] {processor.py:163} INFO - Started process (PID=323) to work on /home/airflow/.local/lib/python3.6/site-packages/airflow/example_dags/example_branch_python_dop_operator_3.py
[2025-12-13 16:55:11,190] {processor.py:642} INFO - Processing file /home/airflow/.local/lib/python3.6/site-packages/airflow/example_dags/example_branch_python_dop_operator_3.py for tasks to queue
[2025-12-13 16:55:11,191] {logging_mixin.py:109} INFO - [2025-12-13 16:55:11,191] {dagbag.py:500} INFO - Filling up the DagBag from /home/airflow/.local/lib/python3.6/site-packages/airflow/example_dags/example_branch_python_dop_operator_3.py
[2025-12-13 16:55:11,255] {processor.py:654} INFO - DAG(s) dict_keys(['example_branch_dop_operator_v3']) retrieved from /home/airflow/.local/lib/python3.6/site-packages/airflow/example_dags/example_branch_python_dop_operator_3.py
[2025-12-13 16:55:11,270] {logging_mixin.py:109} INFO - [2025-12-13 16:55:11,270] {dag.py:2396} INFO - Sync 1 DAGs
[2025-12-13 16:55:11,296] {logging_mixin.py:109} INFO - [2025-12-13 16:55:11,296] {dag.py:2935} INFO - Setting next_dagrun for example_branch_dop_operator_v3 to 2025-12-13T16:54:00+00:00
[2025-12-13 16:55:11,307] {processor.py:171} INFO - Processing /home/airflow/.local/lib/python3.6/site-packages/airflow/example_dags/example_branch_python_dop_operator_3.py took 0.134 seconds
[2025-12-13 16:55:41,950] {processor.py:163} INFO - Started process (PID=375) to work on /home/airflow/.local/lib/python3.6/site-packages/airflow/example_dags/example_branch_python_dop_operator_3.py
[2025-12-13 16:55:41,961] {processor.py:642} INFO - Processing file /home/airflow/.local/lib/python3.6/site-packages/airflow/example_dags/example_branch_python_dop_operator_3.py for tasks to queue
[2025-12-13 16:55:41,961] {logging_mixin.py:109} INFO - [2025-12-13 16:55:41,961] {dagbag.py:500} INFO - Filling up the DagBag from /home/airflow/.local/lib/python3.6/site-packages/airflow/example_dags/example_branch_python_dop_operator_3.py
[2025-12-13 16:55:41,991] {processor.py:654} INFO - DAG(s) dict_keys(['example_branch_dop_operator_v3']) retrieved from /home/airflow/.local/lib/python3.6/site-packages/airflow/example_dags/example_branch_python_dop_operator_3.py
[2025-12-13 16:55:42,002] {logging_mixin.py:109} INFO - [2025-12-13 16:55:42,002] {dag.py:2396} INFO - Sync 1 DAGs
[2025-12-13 16:55:42,021] {logging_mixin.py:109} INFO - [2025-12-13 16:55:42,021] {dag.py:2935} INFO - Setting next_dagrun for example_branch_dop_operator_v3 to 2025-12-13T16:54:00+00:00
[2025-12-13 16:55:42,029] {processor.py:171} INFO - Processing /home/airflow/.local/lib/python3.6/site-packages/airflow/example_dags/example_branch_python_dop_operator_3.py took 0.083 seconds
[2025-12-13 16:56:12,766] {processor.py:163} INFO - Started process (PID=437) to work on /home/airflow/.local/lib/python3.6/site-packages/airflow/example_dags/example_branch_python_dop_operator_3.py
[2025-12-13 16:56:12,777] {processor.py:642} INFO - Processing file /home/airflow/.local/lib/python3.6/site-packages/airflow/example_dags/example_branch_python_dop_operator_3.py for tasks to queue
[2025-12-13 16:56:12,777] {logging_mixin.py:109} INFO - [2025-12-13 16:56:12,777] {dagbag.py:500} INFO - Filling up the DagBag from /home/airflow/.local/lib/python3.6/site-packages/airflow/example_dags/example_branch_python_dop_operator_3.py
[2025-12-13 16:56:12,805] {processor.py:654} INFO - DAG(s) dict_keys(['example_branch_dop_operator_v3']) retrieved from /home/airflow/.local/lib/python3.6/site-packages/airflow/example_dags/example_branch_python_dop_operator_3.py
[2025-12-13 16:56:12,815] {logging_mixin.py:109} INFO - [2025-12-13 16:56:12,815] {dag.py:2396} INFO - Sync 1 DAGs
[2025-12-13 16:56:12,836] {logging_mixin.py:109} INFO - [2025-12-13 16:56:12,836] {dag.py:2935} INFO - Setting next_dagrun for example_branch_dop_operator_v3 to 2025-12-13T16:55:00+00:00
[2025-12-13 16:56:12,844] {processor.py:171} INFO - Processing /home/airflow/.local/lib/python3.6/site-packages/airflow/example_dags/example_branch_python_dop_operator_3.py took 0.081 seconds
[2025-12-13 16:56:43,859] {processor.py:163} INFO - Started process (PID=499) to work on /home/airflow/.local/lib/python3.6/site-packages/airflow/example_dags/example_branch_python_dop_operator_3.py
[2025-12-13 16:56:43,869] {processor.py:642} INFO - Processing file /home/airflow/.local/lib/python3.6/site-packages/airflow/example_dags/example_branch_python_dop_operator_3.py for tasks to queue
[2025-12-13 16:56:43,870] {logging_mixin.py:109} INFO - [2025-12-13 16:56:43,870] {dagbag.py:500} INFO - Filling up the DagBag from /home/airflow/.local/lib/python3.6/site-packages/airflow/example_dags/example_branch_python_dop_operator_3.py
[2025-12-13 16:56:43,901] {processor.py:654} INFO - DAG(s) dict_keys(['example_branch_dop_operator_v3']) retrieved from /home/airflow/.local/lib/python3.6/site-packages/airflow/example_dags/example_branch_python_dop_operator_3.py
[2025-12-13 16:56:43,913] {logging_mixin.py:109} INFO - [2025-12-13 16:56:43,913] {dag.py:2396} INFO - Sync 1 DAGs
[2025-12-13 16:56:43,932] {logging_mixin.py:109} INFO - [2025-12-13 16:56:43,932] {dag.py:2935} INFO - Setting next_dagrun for example_branch_dop_operator_v3 to 2025-12-13T16:55:00+00:00
[2025-12-13 16:56:43,941] {processor.py:171} INFO - Processing /home/airflow/.local/lib/python3.6/site-packages/airflow/example_dags/example_branch_python_dop_operator_3.py took 0.085 seconds
[2025-12-13 16:57:14,371] {processor.py:163} INFO - Started process (PID=551) to work on /home/airflow/.local/lib/python3.6/site-packages/airflow/example_dags/example_branch_python_dop_operator_3.py
[2025-12-13 16:57:14,381] {processor.py:642} INFO - Processing file /home/airflow/.local/lib/python3.6/site-packages/airflow/example_dags/example_branch_python_dop_operator_3.py for tasks to queue
[2025-12-13 16:57:14,381] {logging_mixin.py:109} INFO - [2025-12-13 16:57:14,381] {dagbag.py:500} INFO - Filling up the DagBag from /home/airflow/.local/lib/python3.6/site-packages/airflow/example_dags/example_branch_python_dop_operator_3.py
[2025-12-13 16:57:14,410] {processor.py:654} INFO - DAG(s) dict_keys(['example_branch_dop_operator_v3']) retrieved from /home/airflow/.local/lib/python3.6/site-packages/airflow/example_dags/example_branch_python_dop_operator_3.py
[2025-12-13 16:57:14,419] {logging_mixin.py:109} INFO - [2025-12-13 16:57:14,419] {dag.py:2396} INFO - Sync 1 DAGs
[2025-12-13 16:57:14,439] {logging_mixin.py:109} INFO - [2025-12-13 16:57:14,439] {dag.py:2935} INFO - Setting next_dagrun for example_branch_dop_operator_v3 to 2025-12-13T16:56:00+00:00
[2025-12-13 16:57:14,448] {processor.py:171} INFO - Processing /home/airflow/.local/lib/python3.6/site-packages/airflow/example_dags/example_branch_python_dop_operator_3.py took 0.081 seconds
[2025-12-13 16:57:44,631] {processor.py:163} INFO - Started process (PID=613) to work on /home/airflow/.local/lib/python3.6/site-packages/airflow/example_dags/example_branch_python_dop_operator_3.py
[2025-12-13 16:57:44,641] {processor.py:642} INFO - Processing file /home/airflow/.local/lib/python3.6/site-packages/airflow/example_dags/example_branch_python_dop_operator_3.py for tasks to queue
[2025-12-13 16:57:44,641] {logging_mixin.py:109} INFO - [2025-12-13 16:57:44,641] {dagbag.py:500} INFO - Filling up the DagBag from /home/airflow/.local/lib/python3.6/site-packages/airflow/example_dags/example_branch_python_dop_operator_3.py
[2025-12-13 16:57:44,673] {processor.py:654} INFO - DAG(s) dict_keys(['example_branch_dop_operator_v3']) retrieved from /home/airflow/.local/lib/python3.6/site-packages/airflow/example_dags/example_branch_python_dop_operator_3.py
[2025-12-13 16:57:44,682] {logging_mixin.py:109} INFO - [2025-12-13 16:57:44,682] {dag.py:2396} INFO - Sync 1 DAGs
[2025-12-13 16:57:44,701] {logging_mixin.py:109} INFO - [2025-12-13 16:57:44,701] {dag.py:2935} INFO - Setting next_dagrun for example_branch_dop_operator_v3 to 2025-12-13T16:56:00+00:00
[2025-12-13 16:57:44,710] {processor.py:171} INFO - Processing /home/airflow/.local/lib/python3.6/site-packages/airflow/example_dags/example_branch_python_dop_operator_3.py took 0.083 seconds
[2025-12-13 16:58:14,855] {processor.py:163} INFO - Started process (PID=665) to work on /home/airflow/.local/lib/python3.6/site-packages/airflow/example_dags/example_branch_python_dop_operator_3.py
[2025-12-13 16:58:14,866] {processor.py:642} INFO - Processing file /home/airflow/.local/lib/python3.6/site-packages/airflow/example_dags/example_branch_python_dop_operator_3.py for tasks to queue
[2025-12-13 16:58:14,867] {logging_mixin.py:109} INFO - [2025-12-13 16:58:14,866] {dagbag.py:500} INFO - Filling up the DagBag from /home/airflow/.local/lib/python3.6/site-packages/airflow/example_dags/example_branch_python_dop_operator_3.py
[2025-12-13 16:58:14,896] {processor.py:654} INFO - DAG(s) dict_keys(['example_branch_dop_operator_v3']) retrieved from /home/airflow/.local/lib/python3.6/site-packages/airflow/example_dags/example_branch_python_dop_operator_3.py
[2025-12-13 16:58:14,905] {logging_mixin.py:109} INFO - [2025-12-13 16:58:14,905] {dag.py:2396} INFO - Sync 1 DAGs
[2025-12-13 16:58:14,923] {logging_mixin.py:109} INFO - [2025-12-13 16:58:14,923] {dag.py:2935} INFO - Setting next_dagrun for example_branch_dop_operator_v3 to 2025-12-13T16:57:00+00:00
[2025-12-13 16:58:14,931] {processor.py:171} INFO - Processing /home/airflow/.local/lib/python3.6/site-packages/airflow/example_dags/example_branch_python_dop_operator_3.py took 0.079 seconds
[2025-12-13 16:58:45,955] {processor.py:163} INFO - Started process (PID=727) to work on /home/airflow/.local/lib/python3.6/site-packages/airflow/example_dags/example_branch_python_dop_operator_3.py
[2025-12-13 16:58:45,966] {processor.py:642} INFO - Processing file /home/airflow/.local/lib/python3.6/site-packages/airflow/example_dags/example_branch_python_dop_operator_3.py for tasks to queue
[2025-12-13 16:58:45,966] {logging_mixin.py:109} INFO - [2025-12-13 16:58:45,966] {dagbag.py:500} INFO - Filling up the DagBag from /home/airflow/.local/lib/python3.6/site-packages/airflow/example_dags/example_branch_python_dop_operator_3.py
[2025-12-13 16:58:45,998] {processor.py:654} INFO - DAG(s) dict_keys(['example_branch_dop_operator_v3']) retrieved from /home/airflow/.local/lib/python3.6/site-packages/airflow/example_dags/example_branch_python_dop_operator_3.py
[2025-12-13 16:58:46,009] {logging_mixin.py:109} INFO - [2025-12-13 16:58:46,009] {dag.py:2396} INFO - Sync 1 DAGs
[2025-12-13 16:58:46,029] {logging_mixin.py:109} INFO - [2025-12-13 16:58:46,029] {dag.py:2935} INFO - Setting next_dagrun for example_branch_dop_operator_v3 to 2025-12-13T16:57:00+00:00
[2025-12-13 16:58:46,039] {processor.py:171} INFO - Processing /home/airflow/.local/lib/python3.6/site-packages/airflow/example_dags/example_branch_python_dop_operator_3.py took 0.088 seconds
[2025-12-13 16:59:16,295] {processor.py:163} INFO - Started process (PID=779) to work on /home/airflow/.local/lib/python3.6/site-packages/airflow/example_dags/example_branch_python_dop_operator_3.py
[2025-12-13 16:59:16,306] {processor.py:642} INFO - Processing file /home/airflow/.local/lib/python3.6/site-packages/airflow/example_dags/example_branch_python_dop_operator_3.py for tasks to queue
[2025-12-13 16:59:16,306] {logging_mixin.py:109} INFO - [2025-12-13 16:59:16,306] {dagbag.py:500} INFO - Filling up the DagBag from /home/airflow/.local/lib/python3.6/site-packages/airflow/example_dags/example_branch_python_dop_operator_3.py
[2025-12-13 16:59:16,335] {processor.py:654} INFO - DAG(s) dict_keys(['example_branch_dop_operator_v3']) retrieved from /home/airflow/.local/lib/python3.6/site-packages/airflow/example_dags/example_branch_python_dop_operator_3.py
[2025-12-13 16:59:16,344] {logging_mixin.py:109} INFO - [2025-12-13 16:59:16,344] {dag.py:2396} INFO - Sync 1 DAGs
[2025-12-13 16:59:16,361] {logging_mixin.py:109} INFO - [2025-12-13 16:59:16,361] {dag.py:2935} INFO - Setting next_dagrun for example_branch_dop_operator_v3 to 2025-12-13T16:58:00+00:00
[2025-12-13 16:59:16,369] {processor.py:171} INFO - Processing /home/airflow/.local/lib/python3.6/site-packages/airflow/example_dags/example_branch_python_dop_operator_3.py took 0.077 seconds
[2025-12-13 16:59:46,504] {processor.py:163} INFO - Started process (PID=841) to work on /home/airflow/.local/lib/python3.6/site-packages/airflow/example_dags/example_branch_python_dop_operator_3.py
[2025-12-13 16:59:46,515] {processor.py:642} INFO - Processing file /home/airflow/.local/lib/python3.6/site-packages/airflow/example_dags/example_branch_python_dop_operator_3.py for tasks to queue
[2025-12-13 16:59:46,515] {logging_mixin.py:109} INFO - [2025-12-13 16:59:46,515] {dagbag.py:500} INFO - Filling up the DagBag from /home/airflow/.local/lib/python3.6/site-packages/airflow/example_dags/example_branch_python_dop_operator_3.py
[2025-12-13 16:59:46,544] {processor.py:654} INFO - DAG(s) dict_keys(['example_branch_dop_operator_v3']) retrieved from /home/airflow/.local/lib/python3.6/site-packages/airflow/example_dags/example_branch_python_dop_operator_3.py
[2025-12-13 16:59:46,553] {logging_mixin.py:109} INFO - [2025-12-13 16:59:46,552] {dag.py:2396} INFO - Sync 1 DAGs
[2025-12-13 16:59:46,571] {logging_mixin.py:109} INFO - [2025-12-13 16:59:46,570] {dag.py:2935} INFO - Setting next_dagrun for example_branch_dop_operator_v3 to 2025-12-13T16:58:00+00:00
[2025-12-13 16:59:46,579] {processor.py:171} INFO - Processing /home/airflow/.local/lib/python3.6/site-packages/airflow/example_dags/example_branch_python_dop_operator_3.py took 0.078 seconds
