[2025-12-13 16:47:08,841] {processor.py:163} INFO - Started process (PID=49) to work on /home/airflow/.local/lib/python3.6/site-packages/airflow/example_dags/example_branch_operator.py
[2025-12-13 16:47:08,843] {processor.py:642} INFO - Processing file /home/airflow/.local/lib/python3.6/site-packages/airflow/example_dags/example_branch_operator.py for tasks to queue
[2025-12-13 16:47:08,844] {logging_mixin.py:109} INFO - [2025-12-13 16:47:08,844] {dagbag.py:500} INFO - Filling up the DagBag from /home/airflow/.local/lib/python3.6/site-packages/airflow/example_dags/example_branch_operator.py
[2025-12-13 16:47:08,891] {processor.py:654} INFO - DAG(s) dict_keys(['example_branch_operator']) retrieved from /home/airflow/.local/lib/python3.6/site-packages/airflow/example_dags/example_branch_operator.py
[2025-12-13 16:47:08,910] {logging_mixin.py:109} INFO - [2025-12-13 16:47:08,910] {dag.py:2396} INFO - Sync 1 DAGs
[2025-12-13 16:47:08,935] {logging_mixin.py:109} INFO - [2025-12-13 16:47:08,935] {dag.py:2935} INFO - Setting next_dagrun for example_branch_operator to 2025-12-12 00:00:00+00:00
[2025-12-13 16:47:08,952] {processor.py:171} INFO - Processing /home/airflow/.local/lib/python3.6/site-packages/airflow/example_dags/example_branch_operator.py took 0.117 seconds
[2025-12-13 16:47:39,282] {processor.py:163} INFO - Started process (PID=111) to work on /home/airflow/.local/lib/python3.6/site-packages/airflow/example_dags/example_branch_operator.py
[2025-12-13 16:47:39,284] {processor.py:642} INFO - Processing file /home/airflow/.local/lib/python3.6/site-packages/airflow/example_dags/example_branch_operator.py for tasks to queue
[2025-12-13 16:47:39,284] {logging_mixin.py:109} INFO - [2025-12-13 16:47:39,284] {dagbag.py:500} INFO - Filling up the DagBag from /home/airflow/.local/lib/python3.6/site-packages/airflow/example_dags/example_branch_operator.py
[2025-12-13 16:47:39,319] {processor.py:654} INFO - DAG(s) dict_keys(['example_branch_operator']) retrieved from /home/airflow/.local/lib/python3.6/site-packages/airflow/example_dags/example_branch_operator.py
[2025-12-13 16:47:39,329] {logging_mixin.py:109} INFO - [2025-12-13 16:47:39,329] {dag.py:2396} INFO - Sync 1 DAGs
[2025-12-13 16:47:39,347] {logging_mixin.py:109} INFO - [2025-12-13 16:47:39,347] {dag.py:2935} INFO - Setting next_dagrun for example_branch_operator to 2025-12-12 00:00:00+00:00
[2025-12-13 16:47:39,355] {processor.py:171} INFO - Processing /home/airflow/.local/lib/python3.6/site-packages/airflow/example_dags/example_branch_operator.py took 0.077 seconds
[2025-12-13 16:48:09,546] {processor.py:163} INFO - Started process (PID=163) to work on /home/airflow/.local/lib/python3.6/site-packages/airflow/example_dags/example_branch_operator.py
[2025-12-13 16:48:09,547] {processor.py:642} INFO - Processing file /home/airflow/.local/lib/python3.6/site-packages/airflow/example_dags/example_branch_operator.py for tasks to queue
[2025-12-13 16:48:09,548] {logging_mixin.py:109} INFO - [2025-12-13 16:48:09,547] {dagbag.py:500} INFO - Filling up the DagBag from /home/airflow/.local/lib/python3.6/site-packages/airflow/example_dags/example_branch_operator.py
[2025-12-13 16:48:09,580] {processor.py:654} INFO - DAG(s) dict_keys(['example_branch_operator']) retrieved from /home/airflow/.local/lib/python3.6/site-packages/airflow/example_dags/example_branch_operator.py
[2025-12-13 16:48:09,590] {logging_mixin.py:109} INFO - [2025-12-13 16:48:09,590] {dag.py:2396} INFO - Sync 1 DAGs
[2025-12-13 16:48:09,607] {logging_mixin.py:109} INFO - [2025-12-13 16:48:09,607] {dag.py:2935} INFO - Setting next_dagrun for example_branch_operator to 2025-12-12 00:00:00+00:00
[2025-12-13 16:48:09,615] {processor.py:171} INFO - Processing /home/airflow/.local/lib/python3.6/site-packages/airflow/example_dags/example_branch_operator.py took 0.074 seconds
[2025-12-13 16:48:39,691] {processor.py:163} INFO - Started process (PID=221) to work on /home/airflow/.local/lib/python3.6/site-packages/airflow/example_dags/example_branch_operator.py
[2025-12-13 16:48:39,692] {processor.py:642} INFO - Processing file /home/airflow/.local/lib/python3.6/site-packages/airflow/example_dags/example_branch_operator.py for tasks to queue
[2025-12-13 16:48:39,693] {logging_mixin.py:109} INFO - [2025-12-13 16:48:39,693] {dagbag.py:500} INFO - Filling up the DagBag from /home/airflow/.local/lib/python3.6/site-packages/airflow/example_dags/example_branch_operator.py
[2025-12-13 16:48:39,729] {processor.py:654} INFO - DAG(s) dict_keys(['example_branch_operator']) retrieved from /home/airflow/.local/lib/python3.6/site-packages/airflow/example_dags/example_branch_operator.py
[2025-12-13 16:48:39,739] {logging_mixin.py:109} INFO - [2025-12-13 16:48:39,739] {dag.py:2396} INFO - Sync 1 DAGs
[2025-12-13 16:48:39,756] {logging_mixin.py:109} INFO - [2025-12-13 16:48:39,756] {dag.py:2935} INFO - Setting next_dagrun for example_branch_operator to 2025-12-12 00:00:00+00:00
[2025-12-13 16:48:39,766] {processor.py:171} INFO - Processing /home/airflow/.local/lib/python3.6/site-packages/airflow/example_dags/example_branch_operator.py took 0.080 seconds
[2025-12-13 16:49:09,836] {processor.py:163} INFO - Started process (PID=276) to work on /home/airflow/.local/lib/python3.6/site-packages/airflow/example_dags/example_branch_operator.py
[2025-12-13 16:49:09,837] {processor.py:642} INFO - Processing file /home/airflow/.local/lib/python3.6/site-packages/airflow/example_dags/example_branch_operator.py for tasks to queue
[2025-12-13 16:49:09,838] {logging_mixin.py:109} INFO - [2025-12-13 16:49:09,838] {dagbag.py:500} INFO - Filling up the DagBag from /home/airflow/.local/lib/python3.6/site-packages/airflow/example_dags/example_branch_operator.py
[2025-12-13 16:49:09,878] {processor.py:654} INFO - DAG(s) dict_keys(['example_branch_operator']) retrieved from /home/airflow/.local/lib/python3.6/site-packages/airflow/example_dags/example_branch_operator.py
[2025-12-13 16:49:09,889] {logging_mixin.py:109} INFO - [2025-12-13 16:49:09,889] {dag.py:2396} INFO - Sync 1 DAGs
[2025-12-13 16:49:09,909] {logging_mixin.py:109} INFO - [2025-12-13 16:49:09,909] {dag.py:2935} INFO - Setting next_dagrun for example_branch_operator to 2025-12-12 00:00:00+00:00
[2025-12-13 16:49:09,926] {processor.py:171} INFO - Processing /home/airflow/.local/lib/python3.6/site-packages/airflow/example_dags/example_branch_operator.py took 0.094 seconds
[2025-12-13 16:49:40,932] {processor.py:163} INFO - Started process (PID=329) to work on /home/airflow/.local/lib/python3.6/site-packages/airflow/example_dags/example_branch_operator.py
[2025-12-13 16:49:40,933] {processor.py:642} INFO - Processing file /home/airflow/.local/lib/python3.6/site-packages/airflow/example_dags/example_branch_operator.py for tasks to queue
[2025-12-13 16:49:40,934] {logging_mixin.py:109} INFO - [2025-12-13 16:49:40,934] {dagbag.py:500} INFO - Filling up the DagBag from /home/airflow/.local/lib/python3.6/site-packages/airflow/example_dags/example_branch_operator.py
[2025-12-13 16:49:40,971] {processor.py:654} INFO - DAG(s) dict_keys(['example_branch_operator']) retrieved from /home/airflow/.local/lib/python3.6/site-packages/airflow/example_dags/example_branch_operator.py
[2025-12-13 16:49:40,983] {logging_mixin.py:109} INFO - [2025-12-13 16:49:40,983] {dag.py:2396} INFO - Sync 1 DAGs
[2025-12-13 16:49:41,002] {logging_mixin.py:109} INFO - [2025-12-13 16:49:41,002] {dag.py:2935} INFO - Setting next_dagrun for example_branch_operator to 2025-12-12 00:00:00+00:00
[2025-12-13 16:49:41,012] {processor.py:171} INFO - Processing /home/airflow/.local/lib/python3.6/site-packages/airflow/example_dags/example_branch_operator.py took 0.083 seconds
[2025-12-13 16:50:11,807] {processor.py:163} INFO - Started process (PID=391) to work on /home/airflow/.local/lib/python3.6/site-packages/airflow/example_dags/example_branch_operator.py
[2025-12-13 16:50:11,811] {processor.py:642} INFO - Processing file /home/airflow/.local/lib/python3.6/site-packages/airflow/example_dags/example_branch_operator.py for tasks to queue
[2025-12-13 16:50:11,813] {logging_mixin.py:109} INFO - [2025-12-13 16:50:11,813] {dagbag.py:500} INFO - Filling up the DagBag from /home/airflow/.local/lib/python3.6/site-packages/airflow/example_dags/example_branch_operator.py
[2025-12-13 16:50:11,888] {processor.py:654} INFO - DAG(s) dict_keys(['example_branch_operator']) retrieved from /home/airflow/.local/lib/python3.6/site-packages/airflow/example_dags/example_branch_operator.py
[2025-12-13 16:50:11,911] {logging_mixin.py:109} INFO - [2025-12-13 16:50:11,911] {dag.py:2396} INFO - Sync 1 DAGs
[2025-12-13 16:50:11,963] {logging_mixin.py:109} INFO - [2025-12-13 16:50:11,963] {dag.py:2935} INFO - Setting next_dagrun for example_branch_operator to 2025-12-12 00:00:00+00:00
[2025-12-13 16:50:11,986] {processor.py:171} INFO - Processing /home/airflow/.local/lib/python3.6/site-packages/airflow/example_dags/example_branch_operator.py took 0.190 seconds
[2025-12-13 16:50:42,527] {processor.py:163} INFO - Started process (PID=443) to work on /home/airflow/.local/lib/python3.6/site-packages/airflow/example_dags/example_branch_operator.py
[2025-12-13 16:50:42,529] {processor.py:642} INFO - Processing file /home/airflow/.local/lib/python3.6/site-packages/airflow/example_dags/example_branch_operator.py for tasks to queue
[2025-12-13 16:50:42,529] {logging_mixin.py:109} INFO - [2025-12-13 16:50:42,529] {dagbag.py:500} INFO - Filling up the DagBag from /home/airflow/.local/lib/python3.6/site-packages/airflow/example_dags/example_branch_operator.py
[2025-12-13 16:50:42,558] {processor.py:654} INFO - DAG(s) dict_keys(['example_branch_operator']) retrieved from /home/airflow/.local/lib/python3.6/site-packages/airflow/example_dags/example_branch_operator.py
[2025-12-13 16:50:42,567] {logging_mixin.py:109} INFO - [2025-12-13 16:50:42,567] {dag.py:2396} INFO - Sync 1 DAGs
[2025-12-13 16:50:42,583] {logging_mixin.py:109} INFO - [2025-12-13 16:50:42,583] {dag.py:2935} INFO - Setting next_dagrun for example_branch_operator to 2025-12-12 00:00:00+00:00
[2025-12-13 16:50:42,590] {processor.py:171} INFO - Processing /home/airflow/.local/lib/python3.6/site-packages/airflow/example_dags/example_branch_operator.py took 0.066 seconds
[2025-12-13 16:52:40,019] {processor.py:163} INFO - Started process (PID=49) to work on /home/airflow/.local/lib/python3.6/site-packages/airflow/example_dags/example_branch_operator.py
[2025-12-13 16:52:40,021] {processor.py:642} INFO - Processing file /home/airflow/.local/lib/python3.6/site-packages/airflow/example_dags/example_branch_operator.py for tasks to queue
[2025-12-13 16:52:40,022] {logging_mixin.py:109} INFO - [2025-12-13 16:52:40,022] {dagbag.py:500} INFO - Filling up the DagBag from /home/airflow/.local/lib/python3.6/site-packages/airflow/example_dags/example_branch_operator.py
[2025-12-13 16:52:40,078] {processor.py:654} INFO - DAG(s) dict_keys(['example_branch_operator']) retrieved from /home/airflow/.local/lib/python3.6/site-packages/airflow/example_dags/example_branch_operator.py
[2025-12-13 16:52:40,103] {logging_mixin.py:109} INFO - [2025-12-13 16:52:40,103] {dag.py:2396} INFO - Sync 1 DAGs
[2025-12-13 16:52:40,161] {logging_mixin.py:109} INFO - [2025-12-13 16:52:40,160] {dag.py:2935} INFO - Setting next_dagrun for example_branch_operator to 2025-12-12 00:00:00+00:00
[2025-12-13 16:52:40,204] {processor.py:171} INFO - Processing /home/airflow/.local/lib/python3.6/site-packages/airflow/example_dags/example_branch_operator.py took 0.191 seconds
[2025-12-13 16:53:10,400] {processor.py:163} INFO - Started process (PID=101) to work on /home/airflow/.local/lib/python3.6/site-packages/airflow/example_dags/example_branch_operator.py
[2025-12-13 16:53:10,401] {processor.py:642} INFO - Processing file /home/airflow/.local/lib/python3.6/site-packages/airflow/example_dags/example_branch_operator.py for tasks to queue
[2025-12-13 16:53:10,402] {logging_mixin.py:109} INFO - [2025-12-13 16:53:10,402] {dagbag.py:500} INFO - Filling up the DagBag from /home/airflow/.local/lib/python3.6/site-packages/airflow/example_dags/example_branch_operator.py
[2025-12-13 16:53:10,438] {processor.py:654} INFO - DAG(s) dict_keys(['example_branch_operator']) retrieved from /home/airflow/.local/lib/python3.6/site-packages/airflow/example_dags/example_branch_operator.py
[2025-12-13 16:53:10,452] {logging_mixin.py:109} INFO - [2025-12-13 16:53:10,452] {dag.py:2396} INFO - Sync 1 DAGs
[2025-12-13 16:53:10,472] {logging_mixin.py:109} INFO - [2025-12-13 16:53:10,472] {dag.py:2935} INFO - Setting next_dagrun for example_branch_operator to 2025-12-12 00:00:00+00:00
[2025-12-13 16:53:10,480] {processor.py:171} INFO - Processing /home/airflow/.local/lib/python3.6/site-packages/airflow/example_dags/example_branch_operator.py took 0.084 seconds
[2025-12-13 16:53:41,580] {processor.py:163} INFO - Started process (PID=163) to work on /home/airflow/.local/lib/python3.6/site-packages/airflow/example_dags/example_branch_operator.py
[2025-12-13 16:53:41,582] {processor.py:642} INFO - Processing file /home/airflow/.local/lib/python3.6/site-packages/airflow/example_dags/example_branch_operator.py for tasks to queue
[2025-12-13 16:53:41,582] {logging_mixin.py:109} INFO - [2025-12-13 16:53:41,582] {dagbag.py:500} INFO - Filling up the DagBag from /home/airflow/.local/lib/python3.6/site-packages/airflow/example_dags/example_branch_operator.py
[2025-12-13 16:53:41,622] {processor.py:654} INFO - DAG(s) dict_keys(['example_branch_operator']) retrieved from /home/airflow/.local/lib/python3.6/site-packages/airflow/example_dags/example_branch_operator.py
[2025-12-13 16:53:41,634] {logging_mixin.py:109} INFO - [2025-12-13 16:53:41,633] {dag.py:2396} INFO - Sync 1 DAGs
[2025-12-13 16:53:41,655] {logging_mixin.py:109} INFO - [2025-12-13 16:53:41,655] {dag.py:2935} INFO - Setting next_dagrun for example_branch_operator to 2025-12-12 00:00:00+00:00
[2025-12-13 16:53:41,663] {processor.py:171} INFO - Processing /home/airflow/.local/lib/python3.6/site-packages/airflow/example_dags/example_branch_operator.py took 0.087 seconds
[2025-12-13 16:54:11,964] {processor.py:163} INFO - Started process (PID=215) to work on /home/airflow/.local/lib/python3.6/site-packages/airflow/example_dags/example_branch_operator.py
[2025-12-13 16:54:11,965] {processor.py:642} INFO - Processing file /home/airflow/.local/lib/python3.6/site-packages/airflow/example_dags/example_branch_operator.py for tasks to queue
[2025-12-13 16:54:11,966] {logging_mixin.py:109} INFO - [2025-12-13 16:54:11,966] {dagbag.py:500} INFO - Filling up the DagBag from /home/airflow/.local/lib/python3.6/site-packages/airflow/example_dags/example_branch_operator.py
[2025-12-13 16:54:12,000] {processor.py:654} INFO - DAG(s) dict_keys(['example_branch_operator']) retrieved from /home/airflow/.local/lib/python3.6/site-packages/airflow/example_dags/example_branch_operator.py
[2025-12-13 16:54:12,010] {logging_mixin.py:109} INFO - [2025-12-13 16:54:12,010] {dag.py:2396} INFO - Sync 1 DAGs
[2025-12-13 16:54:12,026] {logging_mixin.py:109} INFO - [2025-12-13 16:54:12,026] {dag.py:2935} INFO - Setting next_dagrun for example_branch_operator to 2025-12-12 00:00:00+00:00
[2025-12-13 16:54:12,035] {processor.py:171} INFO - Processing /home/airflow/.local/lib/python3.6/site-packages/airflow/example_dags/example_branch_operator.py took 0.075 seconds
[2025-12-13 16:54:42,193] {processor.py:163} INFO - Started process (PID=277) to work on /home/airflow/.local/lib/python3.6/site-packages/airflow/example_dags/example_branch_operator.py
[2025-12-13 16:54:42,194] {processor.py:642} INFO - Processing file /home/airflow/.local/lib/python3.6/site-packages/airflow/example_dags/example_branch_operator.py for tasks to queue
[2025-12-13 16:54:42,194] {logging_mixin.py:109} INFO - [2025-12-13 16:54:42,194] {dagbag.py:500} INFO - Filling up the DagBag from /home/airflow/.local/lib/python3.6/site-packages/airflow/example_dags/example_branch_operator.py
[2025-12-13 16:54:42,229] {processor.py:654} INFO - DAG(s) dict_keys(['example_branch_operator']) retrieved from /home/airflow/.local/lib/python3.6/site-packages/airflow/example_dags/example_branch_operator.py
[2025-12-13 16:54:42,240] {logging_mixin.py:109} INFO - [2025-12-13 16:54:42,240] {dag.py:2396} INFO - Sync 1 DAGs
[2025-12-13 16:54:42,261] {logging_mixin.py:109} INFO - [2025-12-13 16:54:42,261] {dag.py:2935} INFO - Setting next_dagrun for example_branch_operator to 2025-12-12 00:00:00+00:00
[2025-12-13 16:54:42,270] {processor.py:171} INFO - Processing /home/airflow/.local/lib/python3.6/site-packages/airflow/example_dags/example_branch_operator.py took 0.081 seconds
[2025-12-13 16:55:12,564] {processor.py:163} INFO - Started process (PID=329) to work on /home/airflow/.local/lib/python3.6/site-packages/airflow/example_dags/example_branch_operator.py
[2025-12-13 16:55:12,566] {processor.py:642} INFO - Processing file /home/airflow/.local/lib/python3.6/site-packages/airflow/example_dags/example_branch_operator.py for tasks to queue
[2025-12-13 16:55:12,567] {logging_mixin.py:109} INFO - [2025-12-13 16:55:12,567] {dagbag.py:500} INFO - Filling up the DagBag from /home/airflow/.local/lib/python3.6/site-packages/airflow/example_dags/example_branch_operator.py
[2025-12-13 16:55:12,604] {processor.py:654} INFO - DAG(s) dict_keys(['example_branch_operator']) retrieved from /home/airflow/.local/lib/python3.6/site-packages/airflow/example_dags/example_branch_operator.py
[2025-12-13 16:55:12,617] {logging_mixin.py:109} INFO - [2025-12-13 16:55:12,617] {dag.py:2396} INFO - Sync 1 DAGs
[2025-12-13 16:55:12,636] {logging_mixin.py:109} INFO - [2025-12-13 16:55:12,636] {dag.py:2935} INFO - Setting next_dagrun for example_branch_operator to 2025-12-12 00:00:00+00:00
[2025-12-13 16:55:12,656] {processor.py:171} INFO - Processing /home/airflow/.local/lib/python3.6/site-packages/airflow/example_dags/example_branch_operator.py took 0.096 seconds
[2025-12-13 16:55:43,289] {processor.py:163} INFO - Started process (PID=391) to work on /home/airflow/.local/lib/python3.6/site-packages/airflow/example_dags/example_branch_operator.py
[2025-12-13 16:55:43,291] {processor.py:642} INFO - Processing file /home/airflow/.local/lib/python3.6/site-packages/airflow/example_dags/example_branch_operator.py for tasks to queue
[2025-12-13 16:55:43,291] {logging_mixin.py:109} INFO - [2025-12-13 16:55:43,291] {dagbag.py:500} INFO - Filling up the DagBag from /home/airflow/.local/lib/python3.6/site-packages/airflow/example_dags/example_branch_operator.py
[2025-12-13 16:55:43,330] {processor.py:654} INFO - DAG(s) dict_keys(['example_branch_operator']) retrieved from /home/airflow/.local/lib/python3.6/site-packages/airflow/example_dags/example_branch_operator.py
[2025-12-13 16:55:43,342] {logging_mixin.py:109} INFO - [2025-12-13 16:55:43,342] {dag.py:2396} INFO - Sync 1 DAGs
[2025-12-13 16:55:43,362] {logging_mixin.py:109} INFO - [2025-12-13 16:55:43,362] {dag.py:2935} INFO - Setting next_dagrun for example_branch_operator to 2025-12-12 00:00:00+00:00
[2025-12-13 16:55:43,371] {processor.py:171} INFO - Processing /home/airflow/.local/lib/python3.6/site-packages/airflow/example_dags/example_branch_operator.py took 0.088 seconds
[2025-12-13 16:56:14,054] {processor.py:163} INFO - Started process (PID=443) to work on /home/airflow/.local/lib/python3.6/site-packages/airflow/example_dags/example_branch_operator.py
[2025-12-13 16:56:14,056] {processor.py:642} INFO - Processing file /home/airflow/.local/lib/python3.6/site-packages/airflow/example_dags/example_branch_operator.py for tasks to queue
[2025-12-13 16:56:14,056] {logging_mixin.py:109} INFO - [2025-12-13 16:56:14,056] {dagbag.py:500} INFO - Filling up the DagBag from /home/airflow/.local/lib/python3.6/site-packages/airflow/example_dags/example_branch_operator.py
[2025-12-13 16:56:14,085] {processor.py:654} INFO - DAG(s) dict_keys(['example_branch_operator']) retrieved from /home/airflow/.local/lib/python3.6/site-packages/airflow/example_dags/example_branch_operator.py
[2025-12-13 16:56:14,094] {logging_mixin.py:109} INFO - [2025-12-13 16:56:14,094] {dag.py:2396} INFO - Sync 1 DAGs
[2025-12-13 16:56:14,108] {logging_mixin.py:109} INFO - [2025-12-13 16:56:14,108] {dag.py:2935} INFO - Setting next_dagrun for example_branch_operator to 2025-12-12 00:00:00+00:00
[2025-12-13 16:56:14,116] {processor.py:171} INFO - Processing /home/airflow/.local/lib/python3.6/site-packages/airflow/example_dags/example_branch_operator.py took 0.065 seconds
[2025-12-13 16:56:44,397] {processor.py:163} INFO - Started process (PID=505) to work on /home/airflow/.local/lib/python3.6/site-packages/airflow/example_dags/example_branch_operator.py
[2025-12-13 16:56:44,398] {processor.py:642} INFO - Processing file /home/airflow/.local/lib/python3.6/site-packages/airflow/example_dags/example_branch_operator.py for tasks to queue
[2025-12-13 16:56:44,399] {logging_mixin.py:109} INFO - [2025-12-13 16:56:44,398] {dagbag.py:500} INFO - Filling up the DagBag from /home/airflow/.local/lib/python3.6/site-packages/airflow/example_dags/example_branch_operator.py
[2025-12-13 16:56:44,434] {processor.py:654} INFO - DAG(s) dict_keys(['example_branch_operator']) retrieved from /home/airflow/.local/lib/python3.6/site-packages/airflow/example_dags/example_branch_operator.py
[2025-12-13 16:56:44,445] {logging_mixin.py:109} INFO - [2025-12-13 16:56:44,445] {dag.py:2396} INFO - Sync 1 DAGs
[2025-12-13 16:56:44,463] {logging_mixin.py:109} INFO - [2025-12-13 16:56:44,463] {dag.py:2935} INFO - Setting next_dagrun for example_branch_operator to 2025-12-12 00:00:00+00:00
[2025-12-13 16:56:44,474] {processor.py:171} INFO - Processing /home/airflow/.local/lib/python3.6/site-packages/airflow/example_dags/example_branch_operator.py took 0.081 seconds
[2025-12-13 16:57:14,645] {processor.py:163} INFO - Started process (PID=557) to work on /home/airflow/.local/lib/python3.6/site-packages/airflow/example_dags/example_branch_operator.py
[2025-12-13 16:57:14,647] {processor.py:642} INFO - Processing file /home/airflow/.local/lib/python3.6/site-packages/airflow/example_dags/example_branch_operator.py for tasks to queue
[2025-12-13 16:57:14,647] {logging_mixin.py:109} INFO - [2025-12-13 16:57:14,647] {dagbag.py:500} INFO - Filling up the DagBag from /home/airflow/.local/lib/python3.6/site-packages/airflow/example_dags/example_branch_operator.py
[2025-12-13 16:57:14,675] {processor.py:654} INFO - DAG(s) dict_keys(['example_branch_operator']) retrieved from /home/airflow/.local/lib/python3.6/site-packages/airflow/example_dags/example_branch_operator.py
[2025-12-13 16:57:14,685] {logging_mixin.py:109} INFO - [2025-12-13 16:57:14,685] {dag.py:2396} INFO - Sync 1 DAGs
[2025-12-13 16:57:14,705] {logging_mixin.py:109} INFO - [2025-12-13 16:57:14,705] {dag.py:2935} INFO - Setting next_dagrun for example_branch_operator to 2025-12-12 00:00:00+00:00
[2025-12-13 16:57:14,712] {processor.py:171} INFO - Processing /home/airflow/.local/lib/python3.6/site-packages/airflow/example_dags/example_branch_operator.py took 0.070 seconds
[2025-12-13 16:57:44,930] {processor.py:163} INFO - Started process (PID=619) to work on /home/airflow/.local/lib/python3.6/site-packages/airflow/example_dags/example_branch_operator.py
[2025-12-13 16:57:44,931] {processor.py:642} INFO - Processing file /home/airflow/.local/lib/python3.6/site-packages/airflow/example_dags/example_branch_operator.py for tasks to queue
[2025-12-13 16:57:44,932] {logging_mixin.py:109} INFO - [2025-12-13 16:57:44,931] {dagbag.py:500} INFO - Filling up the DagBag from /home/airflow/.local/lib/python3.6/site-packages/airflow/example_dags/example_branch_operator.py
[2025-12-13 16:57:44,961] {processor.py:654} INFO - DAG(s) dict_keys(['example_branch_operator']) retrieved from /home/airflow/.local/lib/python3.6/site-packages/airflow/example_dags/example_branch_operator.py
[2025-12-13 16:57:44,971] {logging_mixin.py:109} INFO - [2025-12-13 16:57:44,970] {dag.py:2396} INFO - Sync 1 DAGs
[2025-12-13 16:57:44,988] {logging_mixin.py:109} INFO - [2025-12-13 16:57:44,988] {dag.py:2935} INFO - Setting next_dagrun for example_branch_operator to 2025-12-12 00:00:00+00:00
[2025-12-13 16:57:44,996] {processor.py:171} INFO - Processing /home/airflow/.local/lib/python3.6/site-packages/airflow/example_dags/example_branch_operator.py took 0.069 seconds
[2025-12-13 16:58:15,050] {processor.py:163} INFO - Started process (PID=670) to work on /home/airflow/.local/lib/python3.6/site-packages/airflow/example_dags/example_branch_operator.py
[2025-12-13 16:58:15,051] {processor.py:642} INFO - Processing file /home/airflow/.local/lib/python3.6/site-packages/airflow/example_dags/example_branch_operator.py for tasks to queue
[2025-12-13 16:58:15,052] {logging_mixin.py:109} INFO - [2025-12-13 16:58:15,052] {dagbag.py:500} INFO - Filling up the DagBag from /home/airflow/.local/lib/python3.6/site-packages/airflow/example_dags/example_branch_operator.py
[2025-12-13 16:58:15,082] {processor.py:654} INFO - DAG(s) dict_keys(['example_branch_operator']) retrieved from /home/airflow/.local/lib/python3.6/site-packages/airflow/example_dags/example_branch_operator.py
[2025-12-13 16:58:15,093] {logging_mixin.py:109} INFO - [2025-12-13 16:58:15,093] {dag.py:2396} INFO - Sync 1 DAGs
[2025-12-13 16:58:15,110] {logging_mixin.py:109} INFO - [2025-12-13 16:58:15,110] {dag.py:2935} INFO - Setting next_dagrun for example_branch_operator to 2025-12-12 00:00:00+00:00
[2025-12-13 16:58:15,118] {processor.py:171} INFO - Processing /home/airflow/.local/lib/python3.6/site-packages/airflow/example_dags/example_branch_operator.py took 0.072 seconds
[2025-12-13 16:58:46,308] {processor.py:163} INFO - Started process (PID=733) to work on /home/airflow/.local/lib/python3.6/site-packages/airflow/example_dags/example_branch_operator.py
[2025-12-13 16:58:46,309] {processor.py:642} INFO - Processing file /home/airflow/.local/lib/python3.6/site-packages/airflow/example_dags/example_branch_operator.py for tasks to queue
[2025-12-13 16:58:46,310] {logging_mixin.py:109} INFO - [2025-12-13 16:58:46,310] {dagbag.py:500} INFO - Filling up the DagBag from /home/airflow/.local/lib/python3.6/site-packages/airflow/example_dags/example_branch_operator.py
[2025-12-13 16:58:46,339] {processor.py:654} INFO - DAG(s) dict_keys(['example_branch_operator']) retrieved from /home/airflow/.local/lib/python3.6/site-packages/airflow/example_dags/example_branch_operator.py
[2025-12-13 16:58:46,349] {logging_mixin.py:109} INFO - [2025-12-13 16:58:46,348] {dag.py:2396} INFO - Sync 1 DAGs
[2025-12-13 16:58:46,363] {logging_mixin.py:109} INFO - [2025-12-13 16:58:46,363] {dag.py:2935} INFO - Setting next_dagrun for example_branch_operator to 2025-12-12 00:00:00+00:00
[2025-12-13 16:58:46,370] {processor.py:171} INFO - Processing /home/airflow/.local/lib/python3.6/site-packages/airflow/example_dags/example_branch_operator.py took 0.066 seconds
[2025-12-13 16:59:16,640] {processor.py:163} INFO - Started process (PID=785) to work on /home/airflow/.local/lib/python3.6/site-packages/airflow/example_dags/example_branch_operator.py
[2025-12-13 16:59:16,642] {processor.py:642} INFO - Processing file /home/airflow/.local/lib/python3.6/site-packages/airflow/example_dags/example_branch_operator.py for tasks to queue
[2025-12-13 16:59:16,642] {logging_mixin.py:109} INFO - [2025-12-13 16:59:16,642] {dagbag.py:500} INFO - Filling up the DagBag from /home/airflow/.local/lib/python3.6/site-packages/airflow/example_dags/example_branch_operator.py
[2025-12-13 16:59:16,673] {processor.py:654} INFO - DAG(s) dict_keys(['example_branch_operator']) retrieved from /home/airflow/.local/lib/python3.6/site-packages/airflow/example_dags/example_branch_operator.py
[2025-12-13 16:59:16,684] {logging_mixin.py:109} INFO - [2025-12-13 16:59:16,684] {dag.py:2396} INFO - Sync 1 DAGs
[2025-12-13 16:59:16,703] {logging_mixin.py:109} INFO - [2025-12-13 16:59:16,703] {dag.py:2935} INFO - Setting next_dagrun for example_branch_operator to 2025-12-12 00:00:00+00:00
[2025-12-13 16:59:16,712] {processor.py:171} INFO - Processing /home/airflow/.local/lib/python3.6/site-packages/airflow/example_dags/example_branch_operator.py took 0.075 seconds
[2025-12-13 16:59:46,865] {processor.py:163} INFO - Started process (PID=847) to work on /home/airflow/.local/lib/python3.6/site-packages/airflow/example_dags/example_branch_operator.py
[2025-12-13 16:59:46,866] {processor.py:642} INFO - Processing file /home/airflow/.local/lib/python3.6/site-packages/airflow/example_dags/example_branch_operator.py for tasks to queue
[2025-12-13 16:59:46,867] {logging_mixin.py:109} INFO - [2025-12-13 16:59:46,867] {dagbag.py:500} INFO - Filling up the DagBag from /home/airflow/.local/lib/python3.6/site-packages/airflow/example_dags/example_branch_operator.py
[2025-12-13 16:59:46,905] {processor.py:654} INFO - DAG(s) dict_keys(['example_branch_operator']) retrieved from /home/airflow/.local/lib/python3.6/site-packages/airflow/example_dags/example_branch_operator.py
[2025-12-13 16:59:46,916] {logging_mixin.py:109} INFO - [2025-12-13 16:59:46,916] {dag.py:2396} INFO - Sync 1 DAGs
[2025-12-13 16:59:46,932] {logging_mixin.py:109} INFO - [2025-12-13 16:59:46,932] {dag.py:2935} INFO - Setting next_dagrun for example_branch_operator to 2025-12-12 00:00:00+00:00
[2025-12-13 16:59:46,940] {processor.py:171} INFO - Processing /home/airflow/.local/lib/python3.6/site-packages/airflow/example_dags/example_branch_operator.py took 0.079 seconds
