[2025-12-13 16:47:10,760] {processor.py:163} INFO - Started process (PID=64) to work on /home/airflow/.local/lib/python3.6/site-packages/airflow/example_dags/example_latest_only_with_trigger.py
[2025-12-13 16:47:10,762] {processor.py:642} INFO - Processing file /home/airflow/.local/lib/python3.6/site-packages/airflow/example_dags/example_latest_only_with_trigger.py for tasks to queue
[2025-12-13 16:47:10,762] {logging_mixin.py:109} INFO - [2025-12-13 16:47:10,762] {dagbag.py:500} INFO - Filling up the DagBag from /home/airflow/.local/lib/python3.6/site-packages/airflow/example_dags/example_latest_only_with_trigger.py
[2025-12-13 16:47:10,796] {processor.py:654} INFO - DAG(s) dict_keys(['latest_only_with_trigger']) retrieved from /home/airflow/.local/lib/python3.6/site-packages/airflow/example_dags/example_latest_only_with_trigger.py
[2025-12-13 16:47:10,809] {logging_mixin.py:109} INFO - [2025-12-13 16:47:10,809] {dag.py:2396} INFO - Sync 1 DAGs
[2025-12-13 16:47:10,834] {logging_mixin.py:109} INFO - [2025-12-13 16:47:10,834] {dag.py:2935} INFO - Setting next_dagrun for latest_only_with_trigger to 2025-12-13T12:47:10.834229+00:00
[2025-12-13 16:47:10,845] {processor.py:171} INFO - Processing /home/airflow/.local/lib/python3.6/site-packages/airflow/example_dags/example_latest_only_with_trigger.py took 0.089 seconds
[2025-12-13 16:47:41,216] {processor.py:163} INFO - Started process (PID=126) to work on /home/airflow/.local/lib/python3.6/site-packages/airflow/example_dags/example_latest_only_with_trigger.py
[2025-12-13 16:47:41,217] {processor.py:642} INFO - Processing file /home/airflow/.local/lib/python3.6/site-packages/airflow/example_dags/example_latest_only_with_trigger.py for tasks to queue
[2025-12-13 16:47:41,218] {logging_mixin.py:109} INFO - [2025-12-13 16:47:41,218] {dagbag.py:500} INFO - Filling up the DagBag from /home/airflow/.local/lib/python3.6/site-packages/airflow/example_dags/example_latest_only_with_trigger.py
[2025-12-13 16:47:41,245] {processor.py:654} INFO - DAG(s) dict_keys(['latest_only_with_trigger']) retrieved from /home/airflow/.local/lib/python3.6/site-packages/airflow/example_dags/example_latest_only_with_trigger.py
[2025-12-13 16:47:41,254] {logging_mixin.py:109} INFO - [2025-12-13 16:47:41,254] {dag.py:2396} INFO - Sync 1 DAGs
[2025-12-13 16:47:41,272] {logging_mixin.py:109} INFO - [2025-12-13 16:47:41,271] {dag.py:2935} INFO - Setting next_dagrun for latest_only_with_trigger to 2025-12-13T12:47:41.271494+00:00
[2025-12-13 16:47:41,283] {processor.py:171} INFO - Processing /home/airflow/.local/lib/python3.6/site-packages/airflow/example_dags/example_latest_only_with_trigger.py took 0.070 seconds
[2025-12-13 16:48:11,693] {processor.py:163} INFO - Started process (PID=178) to work on /home/airflow/.local/lib/python3.6/site-packages/airflow/example_dags/example_latest_only_with_trigger.py
[2025-12-13 16:48:11,696] {processor.py:642} INFO - Processing file /home/airflow/.local/lib/python3.6/site-packages/airflow/example_dags/example_latest_only_with_trigger.py for tasks to queue
[2025-12-13 16:48:11,696] {logging_mixin.py:109} INFO - [2025-12-13 16:48:11,696] {dagbag.py:500} INFO - Filling up the DagBag from /home/airflow/.local/lib/python3.6/site-packages/airflow/example_dags/example_latest_only_with_trigger.py
[2025-12-13 16:48:10,676] {processor.py:654} INFO - DAG(s) dict_keys(['latest_only_with_trigger']) retrieved from /home/airflow/.local/lib/python3.6/site-packages/airflow/example_dags/example_latest_only_with_trigger.py
[2025-12-13 16:48:10,689] {logging_mixin.py:109} INFO - [2025-12-13 16:48:10,689] {dag.py:2396} INFO - Sync 1 DAGs
[2025-12-13 16:48:10,707] {logging_mixin.py:109} INFO - [2025-12-13 16:48:10,707] {dag.py:2935} INFO - Setting next_dagrun for latest_only_with_trigger to 2025-12-13T12:48:10.706938+00:00
[2025-12-13 16:48:10,715] {processor.py:171} INFO - Processing /home/airflow/.local/lib/python3.6/site-packages/airflow/example_dags/example_latest_only_with_trigger.py took 0.079 seconds
[2025-12-13 16:48:41,121] {processor.py:163} INFO - Started process (PID=232) to work on /home/airflow/.local/lib/python3.6/site-packages/airflow/example_dags/example_latest_only_with_trigger.py
[2025-12-13 16:48:41,123] {processor.py:642} INFO - Processing file /home/airflow/.local/lib/python3.6/site-packages/airflow/example_dags/example_latest_only_with_trigger.py for tasks to queue
[2025-12-13 16:48:41,123] {logging_mixin.py:109} INFO - [2025-12-13 16:48:41,123] {dagbag.py:500} INFO - Filling up the DagBag from /home/airflow/.local/lib/python3.6/site-packages/airflow/example_dags/example_latest_only_with_trigger.py
[2025-12-13 16:48:41,149] {processor.py:654} INFO - DAG(s) dict_keys(['latest_only_with_trigger']) retrieved from /home/airflow/.local/lib/python3.6/site-packages/airflow/example_dags/example_latest_only_with_trigger.py
[2025-12-13 16:48:41,157] {logging_mixin.py:109} INFO - [2025-12-13 16:48:41,157] {dag.py:2396} INFO - Sync 1 DAGs
[2025-12-13 16:48:41,173] {logging_mixin.py:109} INFO - [2025-12-13 16:48:41,173] {dag.py:2935} INFO - Setting next_dagrun for latest_only_with_trigger to 2025-12-13T12:48:41.173594+00:00
[2025-12-13 16:48:41,181] {processor.py:171} INFO - Processing /home/airflow/.local/lib/python3.6/site-packages/airflow/example_dags/example_latest_only_with_trigger.py took 0.063 seconds
[2025-12-13 16:49:11,274] {processor.py:163} INFO - Started process (PID=284) to work on /home/airflow/.local/lib/python3.6/site-packages/airflow/example_dags/example_latest_only_with_trigger.py
[2025-12-13 16:49:11,275] {processor.py:642} INFO - Processing file /home/airflow/.local/lib/python3.6/site-packages/airflow/example_dags/example_latest_only_with_trigger.py for tasks to queue
[2025-12-13 16:49:11,276] {logging_mixin.py:109} INFO - [2025-12-13 16:49:11,276] {dagbag.py:500} INFO - Filling up the DagBag from /home/airflow/.local/lib/python3.6/site-packages/airflow/example_dags/example_latest_only_with_trigger.py
[2025-12-13 16:49:11,302] {processor.py:654} INFO - DAG(s) dict_keys(['latest_only_with_trigger']) retrieved from /home/airflow/.local/lib/python3.6/site-packages/airflow/example_dags/example_latest_only_with_trigger.py
[2025-12-13 16:49:11,311] {logging_mixin.py:109} INFO - [2025-12-13 16:49:11,311] {dag.py:2396} INFO - Sync 1 DAGs
[2025-12-13 16:49:11,325] {logging_mixin.py:109} INFO - [2025-12-13 16:49:11,325] {dag.py:2935} INFO - Setting next_dagrun for latest_only_with_trigger to 2025-12-13T12:49:11.325007+00:00
[2025-12-13 16:49:11,333] {processor.py:171} INFO - Processing /home/airflow/.local/lib/python3.6/site-packages/airflow/example_dags/example_latest_only_with_trigger.py took 0.061 seconds
[2025-12-13 16:49:41,428] {processor.py:163} INFO - Started process (PID=343) to work on /home/airflow/.local/lib/python3.6/site-packages/airflow/example_dags/example_latest_only_with_trigger.py
[2025-12-13 16:49:41,429] {processor.py:642} INFO - Processing file /home/airflow/.local/lib/python3.6/site-packages/airflow/example_dags/example_latest_only_with_trigger.py for tasks to queue
[2025-12-13 16:49:41,430] {logging_mixin.py:109} INFO - [2025-12-13 16:49:41,429] {dagbag.py:500} INFO - Filling up the DagBag from /home/airflow/.local/lib/python3.6/site-packages/airflow/example_dags/example_latest_only_with_trigger.py
[2025-12-13 16:49:41,471] {processor.py:654} INFO - DAG(s) dict_keys(['latest_only_with_trigger']) retrieved from /home/airflow/.local/lib/python3.6/site-packages/airflow/example_dags/example_latest_only_with_trigger.py
[2025-12-13 16:49:41,483] {logging_mixin.py:109} INFO - [2025-12-13 16:49:41,483] {dag.py:2396} INFO - Sync 1 DAGs
[2025-12-13 16:49:41,508] {logging_mixin.py:109} INFO - [2025-12-13 16:49:41,508] {dag.py:2935} INFO - Setting next_dagrun for latest_only_with_trigger to 2025-12-13T12:49:41.508290+00:00
[2025-12-13 16:49:41,530] {processor.py:171} INFO - Processing /home/airflow/.local/lib/python3.6/site-packages/airflow/example_dags/example_latest_only_with_trigger.py took 0.108 seconds
[2025-12-13 16:50:12,536] {processor.py:163} INFO - Started process (PID=398) to work on /home/airflow/.local/lib/python3.6/site-packages/airflow/example_dags/example_latest_only_with_trigger.py
[2025-12-13 16:50:12,537] {processor.py:642} INFO - Processing file /home/airflow/.local/lib/python3.6/site-packages/airflow/example_dags/example_latest_only_with_trigger.py for tasks to queue
[2025-12-13 16:50:12,537] {logging_mixin.py:109} INFO - [2025-12-13 16:50:12,537] {dagbag.py:500} INFO - Filling up the DagBag from /home/airflow/.local/lib/python3.6/site-packages/airflow/example_dags/example_latest_only_with_trigger.py
[2025-12-13 16:50:12,566] {processor.py:654} INFO - DAG(s) dict_keys(['latest_only_with_trigger']) retrieved from /home/airflow/.local/lib/python3.6/site-packages/airflow/example_dags/example_latest_only_with_trigger.py
[2025-12-13 16:50:12,575] {logging_mixin.py:109} INFO - [2025-12-13 16:50:12,575] {dag.py:2396} INFO - Sync 1 DAGs
[2025-12-13 16:50:12,591] {logging_mixin.py:109} INFO - [2025-12-13 16:50:12,591] {dag.py:2935} INFO - Setting next_dagrun for latest_only_with_trigger to 2025-12-13T12:50:12.591099+00:00
[2025-12-13 16:50:12,599] {processor.py:171} INFO - Processing /home/airflow/.local/lib/python3.6/site-packages/airflow/example_dags/example_latest_only_with_trigger.py took 0.067 seconds
[2025-12-13 16:50:42,819] {processor.py:163} INFO - Started process (PID=450) to work on /home/airflow/.local/lib/python3.6/site-packages/airflow/example_dags/example_latest_only_with_trigger.py
[2025-12-13 16:50:42,820] {processor.py:642} INFO - Processing file /home/airflow/.local/lib/python3.6/site-packages/airflow/example_dags/example_latest_only_with_trigger.py for tasks to queue
[2025-12-13 16:50:42,821] {logging_mixin.py:109} INFO - [2025-12-13 16:50:42,820] {dagbag.py:500} INFO - Filling up the DagBag from /home/airflow/.local/lib/python3.6/site-packages/airflow/example_dags/example_latest_only_with_trigger.py
[2025-12-13 16:50:42,847] {processor.py:654} INFO - DAG(s) dict_keys(['latest_only_with_trigger']) retrieved from /home/airflow/.local/lib/python3.6/site-packages/airflow/example_dags/example_latest_only_with_trigger.py
[2025-12-13 16:50:42,857] {logging_mixin.py:109} INFO - [2025-12-13 16:50:42,857] {dag.py:2396} INFO - Sync 1 DAGs
[2025-12-13 16:50:42,876] {logging_mixin.py:109} INFO - [2025-12-13 16:50:42,876] {dag.py:2935} INFO - Setting next_dagrun for latest_only_with_trigger to 2025-12-13T12:50:42.876071+00:00
[2025-12-13 16:50:42,884] {processor.py:171} INFO - Processing /home/airflow/.local/lib/python3.6/site-packages/airflow/example_dags/example_latest_only_with_trigger.py took 0.069 seconds
[2025-12-13 16:52:41,665] {processor.py:163} INFO - Started process (PID=64) to work on /home/airflow/.local/lib/python3.6/site-packages/airflow/example_dags/example_latest_only_with_trigger.py
[2025-12-13 16:52:41,667] {processor.py:642} INFO - Processing file /home/airflow/.local/lib/python3.6/site-packages/airflow/example_dags/example_latest_only_with_trigger.py for tasks to queue
[2025-12-13 16:52:41,668] {logging_mixin.py:109} INFO - [2025-12-13 16:52:41,667] {dagbag.py:500} INFO - Filling up the DagBag from /home/airflow/.local/lib/python3.6/site-packages/airflow/example_dags/example_latest_only_with_trigger.py
[2025-12-13 16:52:41,703] {processor.py:654} INFO - DAG(s) dict_keys(['latest_only_with_trigger']) retrieved from /home/airflow/.local/lib/python3.6/site-packages/airflow/example_dags/example_latest_only_with_trigger.py
[2025-12-13 16:52:41,717] {logging_mixin.py:109} INFO - [2025-12-13 16:52:41,717] {dag.py:2396} INFO - Sync 1 DAGs
[2025-12-13 16:52:41,742] {logging_mixin.py:109} INFO - [2025-12-13 16:52:41,741] {dag.py:2935} INFO - Setting next_dagrun for latest_only_with_trigger to 2025-12-13T12:52:41.741422+00:00
[2025-12-13 16:52:41,752] {processor.py:171} INFO - Processing /home/airflow/.local/lib/python3.6/site-packages/airflow/example_dags/example_latest_only_with_trigger.py took 0.092 seconds
[2025-12-13 16:53:12,345] {processor.py:163} INFO - Started process (PID=116) to work on /home/airflow/.local/lib/python3.6/site-packages/airflow/example_dags/example_latest_only_with_trigger.py
[2025-12-13 16:53:12,347] {processor.py:642} INFO - Processing file /home/airflow/.local/lib/python3.6/site-packages/airflow/example_dags/example_latest_only_with_trigger.py for tasks to queue
[2025-12-13 16:53:12,347] {logging_mixin.py:109} INFO - [2025-12-13 16:53:12,347] {dagbag.py:500} INFO - Filling up the DagBag from /home/airflow/.local/lib/python3.6/site-packages/airflow/example_dags/example_latest_only_with_trigger.py
[2025-12-13 16:53:12,383] {processor.py:654} INFO - DAG(s) dict_keys(['latest_only_with_trigger']) retrieved from /home/airflow/.local/lib/python3.6/site-packages/airflow/example_dags/example_latest_only_with_trigger.py
[2025-12-13 16:53:12,392] {logging_mixin.py:109} INFO - [2025-12-13 16:53:12,391] {dag.py:2396} INFO - Sync 1 DAGs
[2025-12-13 16:53:12,409] {logging_mixin.py:109} INFO - [2025-12-13 16:53:12,409] {dag.py:2935} INFO - Setting next_dagrun for latest_only_with_trigger to 2025-12-13T12:53:12.409271+00:00
[2025-12-13 16:53:12,417] {processor.py:171} INFO - Processing /home/airflow/.local/lib/python3.6/site-packages/airflow/example_dags/example_latest_only_with_trigger.py took 0.075 seconds
[2025-12-13 16:53:43,531] {processor.py:163} INFO - Started process (PID=178) to work on /home/airflow/.local/lib/python3.6/site-packages/airflow/example_dags/example_latest_only_with_trigger.py
[2025-12-13 16:53:43,533] {processor.py:642} INFO - Processing file /home/airflow/.local/lib/python3.6/site-packages/airflow/example_dags/example_latest_only_with_trigger.py for tasks to queue
[2025-12-13 16:53:43,533] {logging_mixin.py:109} INFO - [2025-12-13 16:53:43,533] {dagbag.py:500} INFO - Filling up the DagBag from /home/airflow/.local/lib/python3.6/site-packages/airflow/example_dags/example_latest_only_with_trigger.py
[2025-12-13 16:53:43,610] {processor.py:654} INFO - DAG(s) dict_keys(['latest_only_with_trigger']) retrieved from /home/airflow/.local/lib/python3.6/site-packages/airflow/example_dags/example_latest_only_with_trigger.py
[2025-12-13 16:53:43,630] {logging_mixin.py:109} INFO - [2025-12-13 16:53:43,630] {dag.py:2396} INFO - Sync 1 DAGs
[2025-12-13 16:53:43,661] {logging_mixin.py:109} INFO - [2025-12-13 16:53:43,661] {dag.py:2935} INFO - Setting next_dagrun for latest_only_with_trigger to 2025-12-13T12:53:43.660499+00:00
[2025-12-13 16:53:43,687] {processor.py:171} INFO - Processing /home/airflow/.local/lib/python3.6/site-packages/airflow/example_dags/example_latest_only_with_trigger.py took 0.165 seconds
[2025-12-13 16:54:14,044] {processor.py:163} INFO - Started process (PID=230) to work on /home/airflow/.local/lib/python3.6/site-packages/airflow/example_dags/example_latest_only_with_trigger.py
[2025-12-13 16:54:14,045] {processor.py:642} INFO - Processing file /home/airflow/.local/lib/python3.6/site-packages/airflow/example_dags/example_latest_only_with_trigger.py for tasks to queue
[2025-12-13 16:54:14,046] {logging_mixin.py:109} INFO - [2025-12-13 16:54:14,045] {dagbag.py:500} INFO - Filling up the DagBag from /home/airflow/.local/lib/python3.6/site-packages/airflow/example_dags/example_latest_only_with_trigger.py
[2025-12-13 16:54:14,074] {processor.py:654} INFO - DAG(s) dict_keys(['latest_only_with_trigger']) retrieved from /home/airflow/.local/lib/python3.6/site-packages/airflow/example_dags/example_latest_only_with_trigger.py
[2025-12-13 16:54:14,083] {logging_mixin.py:109} INFO - [2025-12-13 16:54:14,083] {dag.py:2396} INFO - Sync 1 DAGs
[2025-12-13 16:54:14,097] {logging_mixin.py:109} INFO - [2025-12-13 16:54:14,097] {dag.py:2935} INFO - Setting next_dagrun for latest_only_with_trigger to 2025-12-13T12:54:14.097411+00:00
[2025-12-13 16:54:14,105] {processor.py:171} INFO - Processing /home/airflow/.local/lib/python3.6/site-packages/airflow/example_dags/example_latest_only_with_trigger.py took 0.065 seconds
[2025-12-13 16:54:44,439] {processor.py:163} INFO - Started process (PID=292) to work on /home/airflow/.local/lib/python3.6/site-packages/airflow/example_dags/example_latest_only_with_trigger.py
[2025-12-13 16:54:44,441] {processor.py:642} INFO - Processing file /home/airflow/.local/lib/python3.6/site-packages/airflow/example_dags/example_latest_only_with_trigger.py for tasks to queue
[2025-12-13 16:54:44,441] {logging_mixin.py:109} INFO - [2025-12-13 16:54:44,441] {dagbag.py:500} INFO - Filling up the DagBag from /home/airflow/.local/lib/python3.6/site-packages/airflow/example_dags/example_latest_only_with_trigger.py
[2025-12-13 16:54:44,487] {processor.py:654} INFO - DAG(s) dict_keys(['latest_only_with_trigger']) retrieved from /home/airflow/.local/lib/python3.6/site-packages/airflow/example_dags/example_latest_only_with_trigger.py
[2025-12-13 16:54:44,502] {logging_mixin.py:109} INFO - [2025-12-13 16:54:44,502] {dag.py:2396} INFO - Sync 1 DAGs
[2025-12-13 16:54:44,524] {logging_mixin.py:109} INFO - [2025-12-13 16:54:44,524] {dag.py:2935} INFO - Setting next_dagrun for latest_only_with_trigger to 2025-12-13T12:54:44.524318+00:00
[2025-12-13 16:54:44,545] {processor.py:171} INFO - Processing /home/airflow/.local/lib/python3.6/site-packages/airflow/example_dags/example_latest_only_with_trigger.py took 0.109 seconds
[2025-12-13 16:55:15,153] {processor.py:163} INFO - Started process (PID=344) to work on /home/airflow/.local/lib/python3.6/site-packages/airflow/example_dags/example_latest_only_with_trigger.py
[2025-12-13 16:55:15,154] {processor.py:642} INFO - Processing file /home/airflow/.local/lib/python3.6/site-packages/airflow/example_dags/example_latest_only_with_trigger.py for tasks to queue
[2025-12-13 16:55:15,155] {logging_mixin.py:109} INFO - [2025-12-13 16:55:15,155] {dagbag.py:500} INFO - Filling up the DagBag from /home/airflow/.local/lib/python3.6/site-packages/airflow/example_dags/example_latest_only_with_trigger.py
[2025-12-13 16:55:15,188] {processor.py:654} INFO - DAG(s) dict_keys(['latest_only_with_trigger']) retrieved from /home/airflow/.local/lib/python3.6/site-packages/airflow/example_dags/example_latest_only_with_trigger.py
[2025-12-13 16:55:15,197] {logging_mixin.py:109} INFO - [2025-12-13 16:55:15,197] {dag.py:2396} INFO - Sync 1 DAGs
[2025-12-13 16:55:15,226] {logging_mixin.py:109} INFO - [2025-12-13 16:55:15,226] {dag.py:2935} INFO - Setting next_dagrun for latest_only_with_trigger to 2025-12-13T12:55:15.225887+00:00
[2025-12-13 16:55:15,248] {processor.py:171} INFO - Processing /home/airflow/.local/lib/python3.6/site-packages/airflow/example_dags/example_latest_only_with_trigger.py took 0.099 seconds
[2025-12-13 16:55:46,247] {processor.py:163} INFO - Started process (PID=406) to work on /home/airflow/.local/lib/python3.6/site-packages/airflow/example_dags/example_latest_only_with_trigger.py
[2025-12-13 16:55:46,248] {processor.py:642} INFO - Processing file /home/airflow/.local/lib/python3.6/site-packages/airflow/example_dags/example_latest_only_with_trigger.py for tasks to queue
[2025-12-13 16:55:46,249] {logging_mixin.py:109} INFO - [2025-12-13 16:55:46,249] {dagbag.py:500} INFO - Filling up the DagBag from /home/airflow/.local/lib/python3.6/site-packages/airflow/example_dags/example_latest_only_with_trigger.py
[2025-12-13 16:55:46,276] {processor.py:654} INFO - DAG(s) dict_keys(['latest_only_with_trigger']) retrieved from /home/airflow/.local/lib/python3.6/site-packages/airflow/example_dags/example_latest_only_with_trigger.py
[2025-12-13 16:55:46,285] {logging_mixin.py:109} INFO - [2025-12-13 16:55:46,285] {dag.py:2396} INFO - Sync 1 DAGs
[2025-12-13 16:55:46,299] {logging_mixin.py:109} INFO - [2025-12-13 16:55:46,299] {dag.py:2935} INFO - Setting next_dagrun for latest_only_with_trigger to 2025-12-13T12:55:46.299150+00:00
[2025-12-13 16:55:46,308] {processor.py:171} INFO - Processing /home/airflow/.local/lib/python3.6/site-packages/airflow/example_dags/example_latest_only_with_trigger.py took 0.064 seconds
[2025-12-13 16:56:17,049] {processor.py:163} INFO - Started process (PID=458) to work on /home/airflow/.local/lib/python3.6/site-packages/airflow/example_dags/example_latest_only_with_trigger.py
[2025-12-13 16:56:17,054] {processor.py:642} INFO - Processing file /home/airflow/.local/lib/python3.6/site-packages/airflow/example_dags/example_latest_only_with_trigger.py for tasks to queue
[2025-12-13 16:56:17,055] {logging_mixin.py:109} INFO - [2025-12-13 16:56:17,055] {dagbag.py:500} INFO - Filling up the DagBag from /home/airflow/.local/lib/python3.6/site-packages/airflow/example_dags/example_latest_only_with_trigger.py
[2025-12-13 16:56:17,084] {processor.py:654} INFO - DAG(s) dict_keys(['latest_only_with_trigger']) retrieved from /home/airflow/.local/lib/python3.6/site-packages/airflow/example_dags/example_latest_only_with_trigger.py
[2025-12-13 16:56:17,095] {logging_mixin.py:109} INFO - [2025-12-13 16:56:17,095] {dag.py:2396} INFO - Sync 1 DAGs
[2025-12-13 16:56:17,109] {logging_mixin.py:109} INFO - [2025-12-13 16:56:17,108] {dag.py:2935} INFO - Setting next_dagrun for latest_only_with_trigger to 2025-12-13T12:56:17.108697+00:00
[2025-12-13 16:56:17,116] {processor.py:171} INFO - Processing /home/airflow/.local/lib/python3.6/site-packages/airflow/example_dags/example_latest_only_with_trigger.py took 0.072 seconds
[2025-12-13 16:56:47,338] {processor.py:163} INFO - Started process (PID=520) to work on /home/airflow/.local/lib/python3.6/site-packages/airflow/example_dags/example_latest_only_with_trigger.py
[2025-12-13 16:56:47,339] {processor.py:642} INFO - Processing file /home/airflow/.local/lib/python3.6/site-packages/airflow/example_dags/example_latest_only_with_trigger.py for tasks to queue
[2025-12-13 16:56:47,340] {logging_mixin.py:109} INFO - [2025-12-13 16:56:47,339] {dagbag.py:500} INFO - Filling up the DagBag from /home/airflow/.local/lib/python3.6/site-packages/airflow/example_dags/example_latest_only_with_trigger.py
[2025-12-13 16:56:47,371] {processor.py:654} INFO - DAG(s) dict_keys(['latest_only_with_trigger']) retrieved from /home/airflow/.local/lib/python3.6/site-packages/airflow/example_dags/example_latest_only_with_trigger.py
[2025-12-13 16:56:47,381] {logging_mixin.py:109} INFO - [2025-12-13 16:56:47,381] {dag.py:2396} INFO - Sync 1 DAGs
[2025-12-13 16:56:47,398] {logging_mixin.py:109} INFO - [2025-12-13 16:56:47,398] {dag.py:2935} INFO - Setting next_dagrun for latest_only_with_trigger to 2025-12-13T12:56:47.398268+00:00
[2025-12-13 16:56:47,406] {processor.py:171} INFO - Processing /home/airflow/.local/lib/python3.6/site-packages/airflow/example_dags/example_latest_only_with_trigger.py took 0.072 seconds
[2025-12-13 16:57:17,848] {processor.py:163} INFO - Started process (PID=572) to work on /home/airflow/.local/lib/python3.6/site-packages/airflow/example_dags/example_latest_only_with_trigger.py
[2025-12-13 16:57:17,855] {processor.py:642} INFO - Processing file /home/airflow/.local/lib/python3.6/site-packages/airflow/example_dags/example_latest_only_with_trigger.py for tasks to queue
[2025-12-13 16:57:17,855] {logging_mixin.py:109} INFO - [2025-12-13 16:57:17,855] {dagbag.py:500} INFO - Filling up the DagBag from /home/airflow/.local/lib/python3.6/site-packages/airflow/example_dags/example_latest_only_with_trigger.py
[2025-12-13 16:57:17,881] {processor.py:654} INFO - DAG(s) dict_keys(['latest_only_with_trigger']) retrieved from /home/airflow/.local/lib/python3.6/site-packages/airflow/example_dags/example_latest_only_with_trigger.py
[2025-12-13 16:57:17,890] {logging_mixin.py:109} INFO - [2025-12-13 16:57:17,889] {dag.py:2396} INFO - Sync 1 DAGs
[2025-12-13 16:57:17,909] {logging_mixin.py:109} INFO - [2025-12-13 16:57:17,909] {dag.py:2935} INFO - Setting next_dagrun for latest_only_with_trigger to 2025-12-13T12:57:17.909140+00:00
[2025-12-13 16:57:17,918] {processor.py:171} INFO - Processing /home/airflow/.local/lib/python3.6/site-packages/airflow/example_dags/example_latest_only_with_trigger.py took 0.074 seconds
[2025-12-13 16:57:48,135] {processor.py:163} INFO - Started process (PID=634) to work on /home/airflow/.local/lib/python3.6/site-packages/airflow/example_dags/example_latest_only_with_trigger.py
[2025-12-13 16:57:48,137] {processor.py:642} INFO - Processing file /home/airflow/.local/lib/python3.6/site-packages/airflow/example_dags/example_latest_only_with_trigger.py for tasks to queue
[2025-12-13 16:57:48,137] {logging_mixin.py:109} INFO - [2025-12-13 16:57:48,137] {dagbag.py:500} INFO - Filling up the DagBag from /home/airflow/.local/lib/python3.6/site-packages/airflow/example_dags/example_latest_only_with_trigger.py
[2025-12-13 16:57:48,164] {processor.py:654} INFO - DAG(s) dict_keys(['latest_only_with_trigger']) retrieved from /home/airflow/.local/lib/python3.6/site-packages/airflow/example_dags/example_latest_only_with_trigger.py
[2025-12-13 16:57:48,173] {logging_mixin.py:109} INFO - [2025-12-13 16:57:48,173] {dag.py:2396} INFO - Sync 1 DAGs
[2025-12-13 16:57:48,188] {logging_mixin.py:109} INFO - [2025-12-13 16:57:48,188] {dag.py:2935} INFO - Setting next_dagrun for latest_only_with_trigger to 2025-12-13T12:57:48.188611+00:00
[2025-12-13 16:57:48,196] {processor.py:171} INFO - Processing /home/airflow/.local/lib/python3.6/site-packages/airflow/example_dags/example_latest_only_with_trigger.py took 0.064 seconds
[2025-12-13 16:58:19,050] {processor.py:163} INFO - Started process (PID=693) to work on /home/airflow/.local/lib/python3.6/site-packages/airflow/example_dags/example_latest_only_with_trigger.py
[2025-12-13 16:58:19,056] {processor.py:642} INFO - Processing file /home/airflow/.local/lib/python3.6/site-packages/airflow/example_dags/example_latest_only_with_trigger.py for tasks to queue
[2025-12-13 16:58:19,057] {logging_mixin.py:109} INFO - [2025-12-13 16:58:19,057] {dagbag.py:500} INFO - Filling up the DagBag from /home/airflow/.local/lib/python3.6/site-packages/airflow/example_dags/example_latest_only_with_trigger.py
[2025-12-13 16:58:19,089] {processor.py:654} INFO - DAG(s) dict_keys(['latest_only_with_trigger']) retrieved from /home/airflow/.local/lib/python3.6/site-packages/airflow/example_dags/example_latest_only_with_trigger.py
[2025-12-13 16:58:19,099] {logging_mixin.py:109} INFO - [2025-12-13 16:58:19,099] {dag.py:2396} INFO - Sync 1 DAGs
[2025-12-13 16:58:19,119] {logging_mixin.py:109} INFO - [2025-12-13 16:58:19,119] {dag.py:2935} INFO - Setting next_dagrun for latest_only_with_trigger to 2025-12-13T12:58:19.119168+00:00
[2025-12-13 16:58:19,127] {processor.py:171} INFO - Processing /home/airflow/.local/lib/python3.6/site-packages/airflow/example_dags/example_latest_only_with_trigger.py took 0.081 seconds
[2025-12-13 16:58:49,571] {processor.py:163} INFO - Started process (PID=748) to work on /home/airflow/.local/lib/python3.6/site-packages/airflow/example_dags/example_latest_only_with_trigger.py
[2025-12-13 16:58:49,572] {processor.py:642} INFO - Processing file /home/airflow/.local/lib/python3.6/site-packages/airflow/example_dags/example_latest_only_with_trigger.py for tasks to queue
[2025-12-13 16:58:49,572] {logging_mixin.py:109} INFO - [2025-12-13 16:58:49,572] {dagbag.py:500} INFO - Filling up the DagBag from /home/airflow/.local/lib/python3.6/site-packages/airflow/example_dags/example_latest_only_with_trigger.py
[2025-12-13 16:58:49,601] {processor.py:654} INFO - DAG(s) dict_keys(['latest_only_with_trigger']) retrieved from /home/airflow/.local/lib/python3.6/site-packages/airflow/example_dags/example_latest_only_with_trigger.py
[2025-12-13 16:58:49,611] {logging_mixin.py:109} INFO - [2025-12-13 16:58:49,610] {dag.py:2396} INFO - Sync 1 DAGs
[2025-12-13 16:58:49,627] {logging_mixin.py:109} INFO - [2025-12-13 16:58:49,627] {dag.py:2935} INFO - Setting next_dagrun for latest_only_with_trigger to 2025-12-13T12:58:49.627522+00:00
[2025-12-13 16:58:49,636] {processor.py:171} INFO - Processing /home/airflow/.local/lib/python3.6/site-packages/airflow/example_dags/example_latest_only_with_trigger.py took 0.068 seconds
[2025-12-13 16:59:19,923] {processor.py:163} INFO - Started process (PID=810) to work on /home/airflow/.local/lib/python3.6/site-packages/airflow/example_dags/example_latest_only_with_trigger.py
[2025-12-13 16:59:19,924] {processor.py:642} INFO - Processing file /home/airflow/.local/lib/python3.6/site-packages/airflow/example_dags/example_latest_only_with_trigger.py for tasks to queue
[2025-12-13 16:59:19,925] {logging_mixin.py:109} INFO - [2025-12-13 16:59:19,925] {dagbag.py:500} INFO - Filling up the DagBag from /home/airflow/.local/lib/python3.6/site-packages/airflow/example_dags/example_latest_only_with_trigger.py
[2025-12-13 16:59:19,952] {processor.py:654} INFO - DAG(s) dict_keys(['latest_only_with_trigger']) retrieved from /home/airflow/.local/lib/python3.6/site-packages/airflow/example_dags/example_latest_only_with_trigger.py
[2025-12-13 16:59:19,962] {logging_mixin.py:109} INFO - [2025-12-13 16:59:19,962] {dag.py:2396} INFO - Sync 1 DAGs
[2025-12-13 16:59:19,978] {logging_mixin.py:109} INFO - [2025-12-13 16:59:19,977] {dag.py:2935} INFO - Setting next_dagrun for latest_only_with_trigger to 2025-12-13T12:59:19.977618+00:00
[2025-12-13 16:59:19,985] {processor.py:171} INFO - Processing /home/airflow/.local/lib/python3.6/site-packages/airflow/example_dags/example_latest_only_with_trigger.py took 0.066 seconds
[2025-12-13 16:59:51,305] {processor.py:163} INFO - Started process (PID=862) to work on /home/airflow/.local/lib/python3.6/site-packages/airflow/example_dags/example_latest_only_with_trigger.py
[2025-12-13 16:59:51,308] {processor.py:642} INFO - Processing file /home/airflow/.local/lib/python3.6/site-packages/airflow/example_dags/example_latest_only_with_trigger.py for tasks to queue
[2025-12-13 16:59:51,309] {logging_mixin.py:109} INFO - [2025-12-13 16:59:51,309] {dagbag.py:500} INFO - Filling up the DagBag from /home/airflow/.local/lib/python3.6/site-packages/airflow/example_dags/example_latest_only_with_trigger.py
[2025-12-13 16:59:51,354] {processor.py:654} INFO - DAG(s) dict_keys(['latest_only_with_trigger']) retrieved from /home/airflow/.local/lib/python3.6/site-packages/airflow/example_dags/example_latest_only_with_trigger.py
[2025-12-13 16:59:51,369] {logging_mixin.py:109} INFO - [2025-12-13 16:59:51,369] {dag.py:2396} INFO - Sync 1 DAGs
[2025-12-13 16:59:51,393] {logging_mixin.py:109} INFO - [2025-12-13 16:59:51,392] {dag.py:2935} INFO - Setting next_dagrun for latest_only_with_trigger to 2025-12-13T12:59:51.392669+00:00
[2025-12-13 16:59:51,404] {processor.py:171} INFO - Processing /home/airflow/.local/lib/python3.6/site-packages/airflow/example_dags/example_latest_only_with_trigger.py took 0.103 seconds
