[2025-12-13 16:47:09,119] {processor.py:163} INFO - Started process (PID=53) to work on /home/airflow/.local/lib/python3.6/site-packages/airflow/example_dags/example_dag_decorator.py
[2025-12-13 16:47:09,121] {processor.py:642} INFO - Processing file /home/airflow/.local/lib/python3.6/site-packages/airflow/example_dags/example_dag_decorator.py for tasks to queue
[2025-12-13 16:47:09,122] {logging_mixin.py:109} INFO - [2025-12-13 16:47:09,121] {dagbag.py:500} INFO - Filling up the DagBag from /home/airflow/.local/lib/python3.6/site-packages/airflow/example_dags/example_dag_decorator.py
[2025-12-13 16:47:09,252] {processor.py:654} INFO - DAG(s) dict_keys(['example_dag_decorator']) retrieved from /home/airflow/.local/lib/python3.6/site-packages/airflow/example_dags/example_dag_decorator.py
[2025-12-13 16:47:09,856] {logging_mixin.py:109} INFO - [2025-12-13 16:47:09,855] {dag.py:2396} INFO - Sync 1 DAGs
[2025-12-13 16:47:09,877] {logging_mixin.py:109} INFO - [2025-12-13 16:47:09,877] {dag.py:2935} INFO - Setting next_dagrun for example_dag_decorator to None
[2025-12-13 16:47:09,901] {processor.py:171} INFO - Processing /home/airflow/.local/lib/python3.6/site-packages/airflow/example_dags/example_dag_decorator.py took 0.788 seconds
[2025-12-13 16:47:40,527] {processor.py:163} INFO - Started process (PID=116) to work on /home/airflow/.local/lib/python3.6/site-packages/airflow/example_dags/example_dag_decorator.py
[2025-12-13 16:47:40,538] {processor.py:642} INFO - Processing file /home/airflow/.local/lib/python3.6/site-packages/airflow/example_dags/example_dag_decorator.py for tasks to queue
[2025-12-13 16:47:40,538] {logging_mixin.py:109} INFO - [2025-12-13 16:47:40,538] {dagbag.py:500} INFO - Filling up the DagBag from /home/airflow/.local/lib/python3.6/site-packages/airflow/example_dags/example_dag_decorator.py
[2025-12-13 16:47:40,574] {processor.py:654} INFO - DAG(s) dict_keys(['example_dag_decorator']) retrieved from /home/airflow/.local/lib/python3.6/site-packages/airflow/example_dags/example_dag_decorator.py
[2025-12-13 16:47:40,755] {logging_mixin.py:109} INFO - [2025-12-13 16:47:40,755] {dag.py:2396} INFO - Sync 1 DAGs
[2025-12-13 16:47:40,776] {logging_mixin.py:109} INFO - [2025-12-13 16:47:40,776] {dag.py:2935} INFO - Setting next_dagrun for example_dag_decorator to None
[2025-12-13 16:47:40,790] {processor.py:171} INFO - Processing /home/airflow/.local/lib/python3.6/site-packages/airflow/example_dags/example_dag_decorator.py took 0.267 seconds
[2025-12-13 16:48:10,820] {processor.py:163} INFO - Started process (PID=168) to work on /home/airflow/.local/lib/python3.6/site-packages/airflow/example_dags/example_dag_decorator.py
[2025-12-13 16:48:10,831] {processor.py:642} INFO - Processing file /home/airflow/.local/lib/python3.6/site-packages/airflow/example_dags/example_dag_decorator.py for tasks to queue
[2025-12-13 16:48:10,831] {logging_mixin.py:109} INFO - [2025-12-13 16:48:10,831] {dagbag.py:500} INFO - Filling up the DagBag from /home/airflow/.local/lib/python3.6/site-packages/airflow/example_dags/example_dag_decorator.py
[2025-12-13 16:48:10,884] {processor.py:654} INFO - DAG(s) dict_keys(['example_dag_decorator']) retrieved from /home/airflow/.local/lib/python3.6/site-packages/airflow/example_dags/example_dag_decorator.py
[2025-12-13 16:48:11,110] {logging_mixin.py:109} INFO - [2025-12-13 16:48:11,110] {dag.py:2396} INFO - Sync 1 DAGs
[2025-12-13 16:48:11,125] {logging_mixin.py:109} INFO - [2025-12-13 16:48:11,125] {dag.py:2935} INFO - Setting next_dagrun for example_dag_decorator to None
[2025-12-13 16:48:11,145] {processor.py:171} INFO - Processing /home/airflow/.local/lib/python3.6/site-packages/airflow/example_dags/example_dag_decorator.py took 0.330 seconds
[2025-12-13 16:48:41,451] {processor.py:163} INFO - Started process (PID=237) to work on /home/airflow/.local/lib/python3.6/site-packages/airflow/example_dags/example_dag_decorator.py
[2025-12-13 16:48:41,452] {processor.py:642} INFO - Processing file /home/airflow/.local/lib/python3.6/site-packages/airflow/example_dags/example_dag_decorator.py for tasks to queue
[2025-12-13 16:48:41,453] {logging_mixin.py:109} INFO - [2025-12-13 16:48:41,452] {dagbag.py:500} INFO - Filling up the DagBag from /home/airflow/.local/lib/python3.6/site-packages/airflow/example_dags/example_dag_decorator.py
[2025-12-13 16:48:41,493] {processor.py:654} INFO - DAG(s) dict_keys(['example_dag_decorator']) retrieved from /home/airflow/.local/lib/python3.6/site-packages/airflow/example_dags/example_dag_decorator.py
[2025-12-13 16:48:41,684] {logging_mixin.py:109} INFO - [2025-12-13 16:48:41,684] {dag.py:2396} INFO - Sync 1 DAGs
[2025-12-13 16:48:41,697] {logging_mixin.py:109} INFO - [2025-12-13 16:48:41,697] {dag.py:2935} INFO - Setting next_dagrun for example_dag_decorator to None
[2025-12-13 16:48:41,715] {processor.py:171} INFO - Processing /home/airflow/.local/lib/python3.6/site-packages/airflow/example_dags/example_dag_decorator.py took 0.269 seconds
[2025-12-13 16:49:12,361] {processor.py:163} INFO - Started process (PID=286) to work on /home/airflow/.local/lib/python3.6/site-packages/airflow/example_dags/example_dag_decorator.py
[2025-12-13 16:49:12,373] {processor.py:642} INFO - Processing file /home/airflow/.local/lib/python3.6/site-packages/airflow/example_dags/example_dag_decorator.py for tasks to queue
[2025-12-13 16:49:12,374] {logging_mixin.py:109} INFO - [2025-12-13 16:49:12,374] {dagbag.py:500} INFO - Filling up the DagBag from /home/airflow/.local/lib/python3.6/site-packages/airflow/example_dags/example_dag_decorator.py
[2025-12-13 16:49:12,478] {processor.py:654} INFO - DAG(s) dict_keys(['example_dag_decorator']) retrieved from /home/airflow/.local/lib/python3.6/site-packages/airflow/example_dags/example_dag_decorator.py
[2025-12-13 16:49:12,793] {logging_mixin.py:109} INFO - [2025-12-13 16:49:12,792] {dag.py:2396} INFO - Sync 1 DAGs
[2025-12-13 16:49:12,820] {logging_mixin.py:109} INFO - [2025-12-13 16:49:12,820] {dag.py:2935} INFO - Setting next_dagrun for example_dag_decorator to None
[2025-12-13 16:49:12,838] {processor.py:171} INFO - Processing /home/airflow/.local/lib/python3.6/site-packages/airflow/example_dags/example_dag_decorator.py took 0.481 seconds
[2025-12-13 16:49:43,463] {processor.py:163} INFO - Started process (PID=348) to work on /home/airflow/.local/lib/python3.6/site-packages/airflow/example_dags/example_dag_decorator.py
[2025-12-13 16:49:43,475] {processor.py:642} INFO - Processing file /home/airflow/.local/lib/python3.6/site-packages/airflow/example_dags/example_dag_decorator.py for tasks to queue
[2025-12-13 16:49:43,476] {logging_mixin.py:109} INFO - [2025-12-13 16:49:43,476] {dagbag.py:500} INFO - Filling up the DagBag from /home/airflow/.local/lib/python3.6/site-packages/airflow/example_dags/example_dag_decorator.py
[2025-12-13 16:49:43,568] {processor.py:654} INFO - DAG(s) dict_keys(['example_dag_decorator']) retrieved from /home/airflow/.local/lib/python3.6/site-packages/airflow/example_dags/example_dag_decorator.py
[2025-12-13 16:49:43,880] {logging_mixin.py:109} INFO - [2025-12-13 16:49:43,879] {dag.py:2396} INFO - Sync 1 DAGs
[2025-12-13 16:49:43,902] {logging_mixin.py:109} INFO - [2025-12-13 16:49:43,901] {dag.py:2935} INFO - Setting next_dagrun for example_dag_decorator to None
[2025-12-13 16:49:43,951] {processor.py:171} INFO - Processing /home/airflow/.local/lib/python3.6/site-packages/airflow/example_dags/example_dag_decorator.py took 0.495 seconds
[2025-12-13 16:50:14,625] {processor.py:163} INFO - Started process (PID=400) to work on /home/airflow/.local/lib/python3.6/site-packages/airflow/example_dags/example_dag_decorator.py
[2025-12-13 16:50:14,625] {processor.py:642} INFO - Processing file /home/airflow/.local/lib/python3.6/site-packages/airflow/example_dags/example_dag_decorator.py for tasks to queue
[2025-12-13 16:50:14,626] {logging_mixin.py:109} INFO - [2025-12-13 16:50:14,626] {dagbag.py:500} INFO - Filling up the DagBag from /home/airflow/.local/lib/python3.6/site-packages/airflow/example_dags/example_dag_decorator.py
[2025-12-13 16:50:14,665] {processor.py:654} INFO - DAG(s) dict_keys(['example_dag_decorator']) retrieved from /home/airflow/.local/lib/python3.6/site-packages/airflow/example_dags/example_dag_decorator.py
[2025-12-13 16:50:14,841] {logging_mixin.py:109} INFO - [2025-12-13 16:50:14,841] {dag.py:2396} INFO - Sync 1 DAGs
[2025-12-13 16:50:14,854] {logging_mixin.py:109} INFO - [2025-12-13 16:50:14,854] {dag.py:2935} INFO - Setting next_dagrun for example_dag_decorator to None
[2025-12-13 16:50:14,872] {processor.py:171} INFO - Processing /home/airflow/.local/lib/python3.6/site-packages/airflow/example_dags/example_dag_decorator.py took 0.252 seconds
[2025-12-13 16:50:44,913] {processor.py:163} INFO - Started process (PID=461) to work on /home/airflow/.local/lib/python3.6/site-packages/airflow/example_dags/example_dag_decorator.py
[2025-12-13 16:50:44,923] {processor.py:642} INFO - Processing file /home/airflow/.local/lib/python3.6/site-packages/airflow/example_dags/example_dag_decorator.py for tasks to queue
[2025-12-13 16:50:44,924] {logging_mixin.py:109} INFO - [2025-12-13 16:50:44,924] {dagbag.py:500} INFO - Filling up the DagBag from /home/airflow/.local/lib/python3.6/site-packages/airflow/example_dags/example_dag_decorator.py
[2025-12-13 16:50:45,000] {processor.py:654} INFO - DAG(s) dict_keys(['example_dag_decorator']) retrieved from /home/airflow/.local/lib/python3.6/site-packages/airflow/example_dags/example_dag_decorator.py
[2025-12-13 16:52:40,389] {processor.py:163} INFO - Started process (PID=53) to work on /home/airflow/.local/lib/python3.6/site-packages/airflow/example_dags/example_dag_decorator.py
[2025-12-13 16:52:40,391] {processor.py:642} INFO - Processing file /home/airflow/.local/lib/python3.6/site-packages/airflow/example_dags/example_dag_decorator.py for tasks to queue
[2025-12-13 16:52:40,396] {logging_mixin.py:109} INFO - [2025-12-13 16:52:40,395] {dagbag.py:500} INFO - Filling up the DagBag from /home/airflow/.local/lib/python3.6/site-packages/airflow/example_dags/example_dag_decorator.py
[2025-12-13 16:52:40,479] {processor.py:654} INFO - DAG(s) dict_keys(['example_dag_decorator']) retrieved from /home/airflow/.local/lib/python3.6/site-packages/airflow/example_dags/example_dag_decorator.py
[2025-12-13 16:52:40,836] {logging_mixin.py:109} INFO - [2025-12-13 16:52:40,835] {dag.py:2396} INFO - Sync 1 DAGs
[2025-12-13 16:52:40,877] {logging_mixin.py:109} INFO - [2025-12-13 16:52:40,877] {dag.py:2935} INFO - Setting next_dagrun for example_dag_decorator to None
[2025-12-13 16:52:40,899] {processor.py:171} INFO - Processing /home/airflow/.local/lib/python3.6/site-packages/airflow/example_dags/example_dag_decorator.py took 0.517 seconds
[2025-12-13 16:53:11,644] {processor.py:163} INFO - Started process (PID=106) to work on /home/airflow/.local/lib/python3.6/site-packages/airflow/example_dags/example_dag_decorator.py
[2025-12-13 16:53:11,645] {processor.py:642} INFO - Processing file /home/airflow/.local/lib/python3.6/site-packages/airflow/example_dags/example_dag_decorator.py for tasks to queue
[2025-12-13 16:53:11,646] {logging_mixin.py:109} INFO - [2025-12-13 16:53:11,645] {dagbag.py:500} INFO - Filling up the DagBag from /home/airflow/.local/lib/python3.6/site-packages/airflow/example_dags/example_dag_decorator.py
[2025-12-13 16:53:11,680] {processor.py:654} INFO - DAG(s) dict_keys(['example_dag_decorator']) retrieved from /home/airflow/.local/lib/python3.6/site-packages/airflow/example_dags/example_dag_decorator.py
[2025-12-13 16:53:11,860] {logging_mixin.py:109} INFO - [2025-12-13 16:53:11,860] {dag.py:2396} INFO - Sync 1 DAGs
[2025-12-13 16:53:11,873] {logging_mixin.py:109} INFO - [2025-12-13 16:53:11,873] {dag.py:2935} INFO - Setting next_dagrun for example_dag_decorator to None
[2025-12-13 16:53:11,891] {processor.py:171} INFO - Processing /home/airflow/.local/lib/python3.6/site-packages/airflow/example_dags/example_dag_decorator.py took 0.250 seconds
[2025-12-13 16:53:41,947] {processor.py:163} INFO - Started process (PID=169) to work on /home/airflow/.local/lib/python3.6/site-packages/airflow/example_dags/example_dag_decorator.py
[2025-12-13 16:53:41,948] {processor.py:642} INFO - Processing file /home/airflow/.local/lib/python3.6/site-packages/airflow/example_dags/example_dag_decorator.py for tasks to queue
[2025-12-13 16:53:41,949] {logging_mixin.py:109} INFO - [2025-12-13 16:53:41,949] {dagbag.py:500} INFO - Filling up the DagBag from /home/airflow/.local/lib/python3.6/site-packages/airflow/example_dags/example_dag_decorator.py
[2025-12-13 16:53:42,016] {processor.py:654} INFO - DAG(s) dict_keys(['example_dag_decorator']) retrieved from /home/airflow/.local/lib/python3.6/site-packages/airflow/example_dags/example_dag_decorator.py
[2025-12-13 16:53:42,276] {logging_mixin.py:109} INFO - [2025-12-13 16:53:42,276] {dag.py:2396} INFO - Sync 1 DAGs
[2025-12-13 16:53:42,291] {logging_mixin.py:109} INFO - [2025-12-13 16:53:42,291] {dag.py:2935} INFO - Setting next_dagrun for example_dag_decorator to None
[2025-12-13 16:53:42,313] {processor.py:171} INFO - Processing /home/airflow/.local/lib/python3.6/site-packages/airflow/example_dags/example_dag_decorator.py took 0.375 seconds
[2025-12-13 16:54:13,220] {processor.py:163} INFO - Started process (PID=221) to work on /home/airflow/.local/lib/python3.6/site-packages/airflow/example_dags/example_dag_decorator.py
[2025-12-13 16:54:13,230] {processor.py:642} INFO - Processing file /home/airflow/.local/lib/python3.6/site-packages/airflow/example_dags/example_dag_decorator.py for tasks to queue
[2025-12-13 16:54:13,231] {logging_mixin.py:109} INFO - [2025-12-13 16:54:13,231] {dagbag.py:500} INFO - Filling up the DagBag from /home/airflow/.local/lib/python3.6/site-packages/airflow/example_dags/example_dag_decorator.py
[2025-12-13 16:54:13,265] {processor.py:654} INFO - DAG(s) dict_keys(['example_dag_decorator']) retrieved from /home/airflow/.local/lib/python3.6/site-packages/airflow/example_dags/example_dag_decorator.py
[2025-12-13 16:54:13,436] {logging_mixin.py:109} INFO - [2025-12-13 16:54:13,436] {dag.py:2396} INFO - Sync 1 DAGs
[2025-12-13 16:54:13,448] {logging_mixin.py:109} INFO - [2025-12-13 16:54:13,448] {dag.py:2935} INFO - Setting next_dagrun for example_dag_decorator to None
[2025-12-13 16:54:13,466] {processor.py:171} INFO - Processing /home/airflow/.local/lib/python3.6/site-packages/airflow/example_dags/example_dag_decorator.py took 0.249 seconds
[2025-12-13 16:54:43,614] {processor.py:163} INFO - Started process (PID=283) to work on /home/airflow/.local/lib/python3.6/site-packages/airflow/example_dags/example_dag_decorator.py
[2025-12-13 16:54:43,625] {processor.py:642} INFO - Processing file /home/airflow/.local/lib/python3.6/site-packages/airflow/example_dags/example_dag_decorator.py for tasks to queue
[2025-12-13 16:54:43,625] {logging_mixin.py:109} INFO - [2025-12-13 16:54:43,625] {dagbag.py:500} INFO - Filling up the DagBag from /home/airflow/.local/lib/python3.6/site-packages/airflow/example_dags/example_dag_decorator.py
[2025-12-13 16:54:43,664] {processor.py:654} INFO - DAG(s) dict_keys(['example_dag_decorator']) retrieved from /home/airflow/.local/lib/python3.6/site-packages/airflow/example_dags/example_dag_decorator.py
[2025-12-13 16:54:43,834] {logging_mixin.py:109} INFO - [2025-12-13 16:54:43,834] {dag.py:2396} INFO - Sync 1 DAGs
[2025-12-13 16:54:43,845] {logging_mixin.py:109} INFO - [2025-12-13 16:54:43,845] {dag.py:2935} INFO - Setting next_dagrun for example_dag_decorator to None
[2025-12-13 16:54:43,853] {processor.py:171} INFO - Processing /home/airflow/.local/lib/python3.6/site-packages/airflow/example_dags/example_dag_decorator.py took 0.242 seconds
[2025-12-13 16:55:14,005] {processor.py:163} INFO - Started process (PID=335) to work on /home/airflow/.local/lib/python3.6/site-packages/airflow/example_dags/example_dag_decorator.py
[2025-12-13 16:55:14,018] {processor.py:642} INFO - Processing file /home/airflow/.local/lib/python3.6/site-packages/airflow/example_dags/example_dag_decorator.py for tasks to queue
[2025-12-13 16:55:14,019] {logging_mixin.py:109} INFO - [2025-12-13 16:55:14,019] {dagbag.py:500} INFO - Filling up the DagBag from /home/airflow/.local/lib/python3.6/site-packages/airflow/example_dags/example_dag_decorator.py
[2025-12-13 16:55:14,074] {processor.py:654} INFO - DAG(s) dict_keys(['example_dag_decorator']) retrieved from /home/airflow/.local/lib/python3.6/site-packages/airflow/example_dags/example_dag_decorator.py
[2025-12-13 16:55:14,296] {logging_mixin.py:109} INFO - [2025-12-13 16:55:14,296] {dag.py:2396} INFO - Sync 1 DAGs
[2025-12-13 16:55:14,348] {logging_mixin.py:109} INFO - [2025-12-13 16:55:14,348] {dag.py:2935} INFO - Setting next_dagrun for example_dag_decorator to None
[2025-12-13 16:55:14,388] {processor.py:171} INFO - Processing /home/airflow/.local/lib/python3.6/site-packages/airflow/example_dags/example_dag_decorator.py took 0.392 seconds
[2025-12-13 16:55:44,580] {processor.py:163} INFO - Started process (PID=397) to work on /home/airflow/.local/lib/python3.6/site-packages/airflow/example_dags/example_dag_decorator.py
[2025-12-13 16:55:44,580] {processor.py:642} INFO - Processing file /home/airflow/.local/lib/python3.6/site-packages/airflow/example_dags/example_dag_decorator.py for tasks to queue
[2025-12-13 16:55:44,581] {logging_mixin.py:109} INFO - [2025-12-13 16:55:44,581] {dagbag.py:500} INFO - Filling up the DagBag from /home/airflow/.local/lib/python3.6/site-packages/airflow/example_dags/example_dag_decorator.py
[2025-12-13 16:55:44,616] {processor.py:654} INFO - DAG(s) dict_keys(['example_dag_decorator']) retrieved from /home/airflow/.local/lib/python3.6/site-packages/airflow/example_dags/example_dag_decorator.py
[2025-12-13 16:55:44,797] {logging_mixin.py:109} INFO - [2025-12-13 16:55:44,797] {dag.py:2396} INFO - Sync 1 DAGs
[2025-12-13 16:55:44,809] {logging_mixin.py:109} INFO - [2025-12-13 16:55:44,809] {dag.py:2935} INFO - Setting next_dagrun for example_dag_decorator to None
[2025-12-13 16:55:44,818] {processor.py:171} INFO - Processing /home/airflow/.local/lib/python3.6/site-packages/airflow/example_dags/example_dag_decorator.py took 0.242 seconds
[2025-12-13 16:56:15,299] {processor.py:163} INFO - Started process (PID=449) to work on /home/airflow/.local/lib/python3.6/site-packages/airflow/example_dags/example_dag_decorator.py
[2025-12-13 16:56:15,310] {processor.py:642} INFO - Processing file /home/airflow/.local/lib/python3.6/site-packages/airflow/example_dags/example_dag_decorator.py for tasks to queue
[2025-12-13 16:56:15,311] {logging_mixin.py:109} INFO - [2025-12-13 16:56:15,311] {dagbag.py:500} INFO - Filling up the DagBag from /home/airflow/.local/lib/python3.6/site-packages/airflow/example_dags/example_dag_decorator.py
[2025-12-13 16:56:15,347] {processor.py:654} INFO - DAG(s) dict_keys(['example_dag_decorator']) retrieved from /home/airflow/.local/lib/python3.6/site-packages/airflow/example_dags/example_dag_decorator.py
[2025-12-13 16:56:15,511] {logging_mixin.py:109} INFO - [2025-12-13 16:56:15,511] {dag.py:2396} INFO - Sync 1 DAGs
[2025-12-13 16:56:15,524] {logging_mixin.py:109} INFO - [2025-12-13 16:56:15,524] {dag.py:2935} INFO - Setting next_dagrun for example_dag_decorator to None
[2025-12-13 16:56:15,534] {processor.py:171} INFO - Processing /home/airflow/.local/lib/python3.6/site-packages/airflow/example_dags/example_dag_decorator.py took 0.238 seconds
[2025-12-13 16:56:45,696] {processor.py:163} INFO - Started process (PID=511) to work on /home/airflow/.local/lib/python3.6/site-packages/airflow/example_dags/example_dag_decorator.py
[2025-12-13 16:56:45,697] {processor.py:642} INFO - Processing file /home/airflow/.local/lib/python3.6/site-packages/airflow/example_dags/example_dag_decorator.py for tasks to queue
[2025-12-13 16:56:45,698] {logging_mixin.py:109} INFO - [2025-12-13 16:56:45,698] {dagbag.py:500} INFO - Filling up the DagBag from /home/airflow/.local/lib/python3.6/site-packages/airflow/example_dags/example_dag_decorator.py
[2025-12-13 16:56:45,737] {processor.py:654} INFO - DAG(s) dict_keys(['example_dag_decorator']) retrieved from /home/airflow/.local/lib/python3.6/site-packages/airflow/example_dags/example_dag_decorator.py
[2025-12-13 16:56:45,943] {logging_mixin.py:109} INFO - [2025-12-13 16:56:45,942] {dag.py:2396} INFO - Sync 1 DAGs
[2025-12-13 16:56:45,968] {logging_mixin.py:109} INFO - [2025-12-13 16:56:45,968] {dag.py:2935} INFO - Setting next_dagrun for example_dag_decorator to None
[2025-12-13 16:56:45,977] {processor.py:171} INFO - Processing /home/airflow/.local/lib/python3.6/site-packages/airflow/example_dags/example_dag_decorator.py took 0.284 seconds
[2025-12-13 16:57:16,054] {processor.py:163} INFO - Started process (PID=563) to work on /home/airflow/.local/lib/python3.6/site-packages/airflow/example_dags/example_dag_decorator.py
[2025-12-13 16:57:16,065] {processor.py:642} INFO - Processing file /home/airflow/.local/lib/python3.6/site-packages/airflow/example_dags/example_dag_decorator.py for tasks to queue
[2025-12-13 16:57:16,066] {logging_mixin.py:109} INFO - [2025-12-13 16:57:16,066] {dagbag.py:500} INFO - Filling up the DagBag from /home/airflow/.local/lib/python3.6/site-packages/airflow/example_dags/example_dag_decorator.py
[2025-12-13 16:57:16,106] {processor.py:654} INFO - DAG(s) dict_keys(['example_dag_decorator']) retrieved from /home/airflow/.local/lib/python3.6/site-packages/airflow/example_dags/example_dag_decorator.py
[2025-12-13 16:57:16,288] {logging_mixin.py:109} INFO - [2025-12-13 16:57:16,288] {dag.py:2396} INFO - Sync 1 DAGs
[2025-12-13 16:57:16,302] {logging_mixin.py:109} INFO - [2025-12-13 16:57:16,302] {dag.py:2935} INFO - Setting next_dagrun for example_dag_decorator to None
[2025-12-13 16:57:16,310] {processor.py:171} INFO - Processing /home/airflow/.local/lib/python3.6/site-packages/airflow/example_dags/example_dag_decorator.py took 0.260 seconds
[2025-12-13 16:57:46,390] {processor.py:163} INFO - Started process (PID=625) to work on /home/airflow/.local/lib/python3.6/site-packages/airflow/example_dags/example_dag_decorator.py
[2025-12-13 16:57:46,400] {processor.py:642} INFO - Processing file /home/airflow/.local/lib/python3.6/site-packages/airflow/example_dags/example_dag_decorator.py for tasks to queue
[2025-12-13 16:57:46,400] {logging_mixin.py:109} INFO - [2025-12-13 16:57:46,400] {dagbag.py:500} INFO - Filling up the DagBag from /home/airflow/.local/lib/python3.6/site-packages/airflow/example_dags/example_dag_decorator.py
[2025-12-13 16:57:46,440] {processor.py:654} INFO - DAG(s) dict_keys(['example_dag_decorator']) retrieved from /home/airflow/.local/lib/python3.6/site-packages/airflow/example_dags/example_dag_decorator.py
[2025-12-13 16:57:46,626] {logging_mixin.py:109} INFO - [2025-12-13 16:57:46,625] {dag.py:2396} INFO - Sync 1 DAGs
[2025-12-13 16:57:46,638] {logging_mixin.py:109} INFO - [2025-12-13 16:57:46,638] {dag.py:2935} INFO - Setting next_dagrun for example_dag_decorator to None
[2025-12-13 16:57:46,656] {processor.py:171} INFO - Processing /home/airflow/.local/lib/python3.6/site-packages/airflow/example_dags/example_dag_decorator.py took 0.270 seconds
[2025-12-13 16:58:17,455] {processor.py:163} INFO - Started process (PID=677) to work on /home/airflow/.local/lib/python3.6/site-packages/airflow/example_dags/example_dag_decorator.py
[2025-12-13 16:58:17,458] {processor.py:642} INFO - Processing file /home/airflow/.local/lib/python3.6/site-packages/airflow/example_dags/example_dag_decorator.py for tasks to queue
[2025-12-13 16:58:17,458] {logging_mixin.py:109} INFO - [2025-12-13 16:58:17,458] {dagbag.py:500} INFO - Filling up the DagBag from /home/airflow/.local/lib/python3.6/site-packages/airflow/example_dags/example_dag_decorator.py
[2025-12-13 16:58:17,496] {processor.py:654} INFO - DAG(s) dict_keys(['example_dag_decorator']) retrieved from /home/airflow/.local/lib/python3.6/site-packages/airflow/example_dags/example_dag_decorator.py
[2025-12-13 16:58:17,682] {logging_mixin.py:109} INFO - [2025-12-13 16:58:17,681] {dag.py:2396} INFO - Sync 1 DAGs
[2025-12-13 16:58:17,693] {logging_mixin.py:109} INFO - [2025-12-13 16:58:17,693] {dag.py:2935} INFO - Setting next_dagrun for example_dag_decorator to None
[2025-12-13 16:58:17,711] {processor.py:171} INFO - Processing /home/airflow/.local/lib/python3.6/site-packages/airflow/example_dags/example_dag_decorator.py took 0.263 seconds
[2025-12-13 16:58:48,642] {processor.py:163} INFO - Started process (PID=739) to work on /home/airflow/.local/lib/python3.6/site-packages/airflow/example_dags/example_dag_decorator.py
[2025-12-13 16:58:48,643] {processor.py:642} INFO - Processing file /home/airflow/.local/lib/python3.6/site-packages/airflow/example_dags/example_dag_decorator.py for tasks to queue
[2025-12-13 16:58:48,644] {logging_mixin.py:109} INFO - [2025-12-13 16:58:48,643] {dagbag.py:500} INFO - Filling up the DagBag from /home/airflow/.local/lib/python3.6/site-packages/airflow/example_dags/example_dag_decorator.py
[2025-12-13 16:58:48,680] {processor.py:654} INFO - DAG(s) dict_keys(['example_dag_decorator']) retrieved from /home/airflow/.local/lib/python3.6/site-packages/airflow/example_dags/example_dag_decorator.py
[2025-12-13 16:58:48,877] {logging_mixin.py:109} INFO - [2025-12-13 16:58:48,876] {dag.py:2396} INFO - Sync 1 DAGs
[2025-12-13 16:58:48,892] {logging_mixin.py:109} INFO - [2025-12-13 16:58:48,892] {dag.py:2935} INFO - Setting next_dagrun for example_dag_decorator to None
[2025-12-13 16:58:48,910] {processor.py:171} INFO - Processing /home/airflow/.local/lib/python3.6/site-packages/airflow/example_dags/example_dag_decorator.py took 0.271 seconds
[2025-12-13 16:59:18,990] {processor.py:163} INFO - Started process (PID=800) to work on /home/airflow/.local/lib/python3.6/site-packages/airflow/example_dags/example_dag_decorator.py
[2025-12-13 16:59:19,001] {processor.py:642} INFO - Processing file /home/airflow/.local/lib/python3.6/site-packages/airflow/example_dags/example_dag_decorator.py for tasks to queue
[2025-12-13 16:59:19,002] {logging_mixin.py:109} INFO - [2025-12-13 16:59:19,002] {dagbag.py:500} INFO - Filling up the DagBag from /home/airflow/.local/lib/python3.6/site-packages/airflow/example_dags/example_dag_decorator.py
[2025-12-13 16:59:19,044] {processor.py:654} INFO - DAG(s) dict_keys(['example_dag_decorator']) retrieved from /home/airflow/.local/lib/python3.6/site-packages/airflow/example_dags/example_dag_decorator.py
[2025-12-13 16:59:19,236] {logging_mixin.py:109} INFO - [2025-12-13 16:59:19,235] {dag.py:2396} INFO - Sync 1 DAGs
[2025-12-13 16:59:19,253] {logging_mixin.py:109} INFO - [2025-12-13 16:59:19,253] {dag.py:2935} INFO - Setting next_dagrun for example_dag_decorator to None
[2025-12-13 16:59:19,273] {processor.py:171} INFO - Processing /home/airflow/.local/lib/python3.6/site-packages/airflow/example_dags/example_dag_decorator.py took 0.286 seconds
[2025-12-13 16:59:50,197] {processor.py:163} INFO - Started process (PID=853) to work on /home/airflow/.local/lib/python3.6/site-packages/airflow/example_dags/example_dag_decorator.py
[2025-12-13 16:59:50,209] {processor.py:642} INFO - Processing file /home/airflow/.local/lib/python3.6/site-packages/airflow/example_dags/example_dag_decorator.py for tasks to queue
[2025-12-13 16:59:50,210] {logging_mixin.py:109} INFO - [2025-12-13 16:59:50,210] {dagbag.py:500} INFO - Filling up the DagBag from /home/airflow/.local/lib/python3.6/site-packages/airflow/example_dags/example_dag_decorator.py
[2025-12-13 16:59:50,284] {processor.py:654} INFO - DAG(s) dict_keys(['example_dag_decorator']) retrieved from /home/airflow/.local/lib/python3.6/site-packages/airflow/example_dags/example_dag_decorator.py
[2025-12-13 16:59:50,645] {logging_mixin.py:109} INFO - [2025-12-13 16:59:50,644] {dag.py:2396} INFO - Sync 1 DAGs
[2025-12-13 16:59:50,669] {logging_mixin.py:109} INFO - [2025-12-13 16:59:50,668] {dag.py:2935} INFO - Setting next_dagrun for example_dag_decorator to None
[2025-12-13 16:59:50,680] {processor.py:171} INFO - Processing /home/airflow/.local/lib/python3.6/site-packages/airflow/example_dags/example_dag_decorator.py took 0.496 seconds
