[2025-12-13 16:47:11,398] {processor.py:163} INFO - Started process (PID=70) to work on /home/airflow/.local/lib/python3.6/site-packages/airflow/example_dags/example_complex.py
[2025-12-13 16:47:11,400] {processor.py:642} INFO - Processing file /home/airflow/.local/lib/python3.6/site-packages/airflow/example_dags/example_complex.py for tasks to queue
[2025-12-13 16:47:11,400] {logging_mixin.py:109} INFO - [2025-12-13 16:47:11,400] {dagbag.py:500} INFO - Filling up the DagBag from /home/airflow/.local/lib/python3.6/site-packages/airflow/example_dags/example_complex.py
[2025-12-13 16:47:11,446] {processor.py:654} INFO - DAG(s) dict_keys(['example_complex']) retrieved from /home/airflow/.local/lib/python3.6/site-packages/airflow/example_dags/example_complex.py
[2025-12-13 16:47:11,463] {logging_mixin.py:109} INFO - [2025-12-13 16:47:11,463] {dag.py:2396} INFO - Sync 1 DAGs
[2025-12-13 16:47:11,485] {logging_mixin.py:109} INFO - [2025-12-13 16:47:11,485] {dag.py:2935} INFO - Setting next_dagrun for example_complex to None
[2025-12-13 16:47:11,497] {processor.py:171} INFO - Processing /home/airflow/.local/lib/python3.6/site-packages/airflow/example_dags/example_complex.py took 0.103 seconds
[2025-12-13 16:47:41,575] {processor.py:163} INFO - Started process (PID=132) to work on /home/airflow/.local/lib/python3.6/site-packages/airflow/example_dags/example_complex.py
[2025-12-13 16:47:41,576] {processor.py:642} INFO - Processing file /home/airflow/.local/lib/python3.6/site-packages/airflow/example_dags/example_complex.py for tasks to queue
[2025-12-13 16:47:41,577] {logging_mixin.py:109} INFO - [2025-12-13 16:47:41,577] {dagbag.py:500} INFO - Filling up the DagBag from /home/airflow/.local/lib/python3.6/site-packages/airflow/example_dags/example_complex.py
[2025-12-13 16:47:41,609] {processor.py:654} INFO - DAG(s) dict_keys(['example_complex']) retrieved from /home/airflow/.local/lib/python3.6/site-packages/airflow/example_dags/example_complex.py
[2025-12-13 16:47:41,620] {logging_mixin.py:109} INFO - [2025-12-13 16:47:41,620] {dag.py:2396} INFO - Sync 1 DAGs
[2025-12-13 16:47:41,636] {logging_mixin.py:109} INFO - [2025-12-13 16:47:41,636] {dag.py:2935} INFO - Setting next_dagrun for example_complex to None
[2025-12-13 16:47:41,644] {processor.py:171} INFO - Processing /home/airflow/.local/lib/python3.6/site-packages/airflow/example_dags/example_complex.py took 0.072 seconds
[2025-12-13 16:48:11,889] {processor.py:163} INFO - Started process (PID=184) to work on /home/airflow/.local/lib/python3.6/site-packages/airflow/example_dags/example_complex.py
[2025-12-13 16:48:11,895] {processor.py:642} INFO - Processing file /home/airflow/.local/lib/python3.6/site-packages/airflow/example_dags/example_complex.py for tasks to queue
[2025-12-13 16:48:11,896] {logging_mixin.py:109} INFO - [2025-12-13 16:48:11,896] {dagbag.py:500} INFO - Filling up the DagBag from /home/airflow/.local/lib/python3.6/site-packages/airflow/example_dags/example_complex.py
[2025-12-13 16:48:11,933] {processor.py:654} INFO - DAG(s) dict_keys(['example_complex']) retrieved from /home/airflow/.local/lib/python3.6/site-packages/airflow/example_dags/example_complex.py
[2025-12-13 16:48:11,945] {logging_mixin.py:109} INFO - [2025-12-13 16:48:11,945] {dag.py:2396} INFO - Sync 1 DAGs
[2025-12-13 16:48:11,965] {logging_mixin.py:109} INFO - [2025-12-13 16:48:11,965] {dag.py:2935} INFO - Setting next_dagrun for example_complex to None
[2025-12-13 16:48:11,984] {processor.py:171} INFO - Processing /home/airflow/.local/lib/python3.6/site-packages/airflow/example_dags/example_complex.py took 0.099 seconds
[2025-12-13 16:48:42,072] {processor.py:163} INFO - Started process (PID=245) to work on /home/airflow/.local/lib/python3.6/site-packages/airflow/example_dags/example_complex.py
[2025-12-13 16:48:42,074] {processor.py:642} INFO - Processing file /home/airflow/.local/lib/python3.6/site-packages/airflow/example_dags/example_complex.py for tasks to queue
[2025-12-13 16:48:42,074] {logging_mixin.py:109} INFO - [2025-12-13 16:48:42,074] {dagbag.py:500} INFO - Filling up the DagBag from /home/airflow/.local/lib/python3.6/site-packages/airflow/example_dags/example_complex.py
[2025-12-13 16:48:42,116] {processor.py:654} INFO - DAG(s) dict_keys(['example_complex']) retrieved from /home/airflow/.local/lib/python3.6/site-packages/airflow/example_dags/example_complex.py
[2025-12-13 16:48:42,129] {logging_mixin.py:109} INFO - [2025-12-13 16:48:42,129] {dag.py:2396} INFO - Sync 1 DAGs
[2025-12-13 16:48:42,146] {logging_mixin.py:109} INFO - [2025-12-13 16:48:42,146] {dag.py:2935} INFO - Setting next_dagrun for example_complex to None
[2025-12-13 16:48:42,155] {processor.py:171} INFO - Processing /home/airflow/.local/lib/python3.6/site-packages/airflow/example_dags/example_complex.py took 0.086 seconds
[2025-12-13 16:49:13,835] {processor.py:163} INFO - Started process (PID=297) to work on /home/airflow/.local/lib/python3.6/site-packages/airflow/example_dags/example_complex.py
[2025-12-13 16:49:13,836] {processor.py:642} INFO - Processing file /home/airflow/.local/lib/python3.6/site-packages/airflow/example_dags/example_complex.py for tasks to queue
[2025-12-13 16:49:13,837] {logging_mixin.py:109} INFO - [2025-12-13 16:49:13,837] {dagbag.py:500} INFO - Filling up the DagBag from /home/airflow/.local/lib/python3.6/site-packages/airflow/example_dags/example_complex.py
[2025-12-13 16:49:13,893] {processor.py:654} INFO - DAG(s) dict_keys(['example_complex']) retrieved from /home/airflow/.local/lib/python3.6/site-packages/airflow/example_dags/example_complex.py
[2025-12-13 16:49:13,910] {logging_mixin.py:109} INFO - [2025-12-13 16:49:13,910] {dag.py:2396} INFO - Sync 1 DAGs
[2025-12-13 16:49:13,937] {logging_mixin.py:109} INFO - [2025-12-13 16:49:13,937] {dag.py:2935} INFO - Setting next_dagrun for example_complex to None
[2025-12-13 16:49:13,958] {processor.py:171} INFO - Processing /home/airflow/.local/lib/python3.6/site-packages/airflow/example_dags/example_complex.py took 0.131 seconds
[2025-12-13 16:49:44,721] {processor.py:163} INFO - Started process (PID=363) to work on /home/airflow/.local/lib/python3.6/site-packages/airflow/example_dags/example_complex.py
[2025-12-13 16:49:44,722] {processor.py:642} INFO - Processing file /home/airflow/.local/lib/python3.6/site-packages/airflow/example_dags/example_complex.py for tasks to queue
[2025-12-13 16:49:44,723] {logging_mixin.py:109} INFO - [2025-12-13 16:49:44,722] {dagbag.py:500} INFO - Filling up the DagBag from /home/airflow/.local/lib/python3.6/site-packages/airflow/example_dags/example_complex.py
[2025-12-13 16:49:44,760] {processor.py:654} INFO - DAG(s) dict_keys(['example_complex']) retrieved from /home/airflow/.local/lib/python3.6/site-packages/airflow/example_dags/example_complex.py
[2025-12-13 16:49:44,774] {logging_mixin.py:109} INFO - [2025-12-13 16:49:44,774] {dag.py:2396} INFO - Sync 1 DAGs
[2025-12-13 16:49:44,791] {logging_mixin.py:109} INFO - [2025-12-13 16:49:44,791] {dag.py:2935} INFO - Setting next_dagrun for example_complex to None
[2025-12-13 16:49:44,799] {processor.py:171} INFO - Processing /home/airflow/.local/lib/python3.6/site-packages/airflow/example_dags/example_complex.py took 0.082 seconds
[2025-12-13 16:50:15,682] {processor.py:163} INFO - Started process (PID=410) to work on /home/airflow/.local/lib/python3.6/site-packages/airflow/example_dags/example_complex.py
[2025-12-13 16:50:15,683] {processor.py:642} INFO - Processing file /home/airflow/.local/lib/python3.6/site-packages/airflow/example_dags/example_complex.py for tasks to queue
[2025-12-13 16:50:15,684] {logging_mixin.py:109} INFO - [2025-12-13 16:50:15,683] {dagbag.py:500} INFO - Filling up the DagBag from /home/airflow/.local/lib/python3.6/site-packages/airflow/example_dags/example_complex.py
[2025-12-13 16:50:15,718] {processor.py:654} INFO - DAG(s) dict_keys(['example_complex']) retrieved from /home/airflow/.local/lib/python3.6/site-packages/airflow/example_dags/example_complex.py
[2025-12-13 16:50:15,732] {logging_mixin.py:109} INFO - [2025-12-13 16:50:15,732] {dag.py:2396} INFO - Sync 1 DAGs
[2025-12-13 16:50:15,747] {logging_mixin.py:109} INFO - [2025-12-13 16:50:15,747] {dag.py:2935} INFO - Setting next_dagrun for example_complex to None
[2025-12-13 16:50:15,755] {processor.py:171} INFO - Processing /home/airflow/.local/lib/python3.6/site-packages/airflow/example_dags/example_complex.py took 0.078 seconds
[2025-12-13 16:52:42,601] {processor.py:163} INFO - Started process (PID=70) to work on /home/airflow/.local/lib/python3.6/site-packages/airflow/example_dags/example_complex.py
[2025-12-13 16:52:42,606] {processor.py:642} INFO - Processing file /home/airflow/.local/lib/python3.6/site-packages/airflow/example_dags/example_complex.py for tasks to queue
[2025-12-13 16:52:42,608] {logging_mixin.py:109} INFO - [2025-12-13 16:52:42,607] {dagbag.py:500} INFO - Filling up the DagBag from /home/airflow/.local/lib/python3.6/site-packages/airflow/example_dags/example_complex.py
[2025-12-13 16:52:42,682] {processor.py:654} INFO - DAG(s) dict_keys(['example_complex']) retrieved from /home/airflow/.local/lib/python3.6/site-packages/airflow/example_dags/example_complex.py
[2025-12-13 16:52:42,714] {logging_mixin.py:109} INFO - [2025-12-13 16:52:42,714] {dag.py:2396} INFO - Sync 1 DAGs
[2025-12-13 16:52:42,746] {logging_mixin.py:109} INFO - [2025-12-13 16:52:42,746] {dag.py:2935} INFO - Setting next_dagrun for example_complex to None
[2025-12-13 16:52:42,772] {processor.py:171} INFO - Processing /home/airflow/.local/lib/python3.6/site-packages/airflow/example_dags/example_complex.py took 0.181 seconds
[2025-12-13 16:53:12,828] {processor.py:163} INFO - Started process (PID=122) to work on /home/airflow/.local/lib/python3.6/site-packages/airflow/example_dags/example_complex.py
[2025-12-13 16:53:12,830] {processor.py:642} INFO - Processing file /home/airflow/.local/lib/python3.6/site-packages/airflow/example_dags/example_complex.py for tasks to queue
[2025-12-13 16:53:12,831] {logging_mixin.py:109} INFO - [2025-12-13 16:53:12,831] {dagbag.py:500} INFO - Filling up the DagBag from /home/airflow/.local/lib/python3.6/site-packages/airflow/example_dags/example_complex.py
[2025-12-13 16:53:12,884] {processor.py:654} INFO - DAG(s) dict_keys(['example_complex']) retrieved from /home/airflow/.local/lib/python3.6/site-packages/airflow/example_dags/example_complex.py
[2025-12-13 16:53:12,898] {logging_mixin.py:109} INFO - [2025-12-13 16:53:12,898] {dag.py:2396} INFO - Sync 1 DAGs
[2025-12-13 16:53:12,914] {logging_mixin.py:109} INFO - [2025-12-13 16:53:12,914] {dag.py:2935} INFO - Setting next_dagrun for example_complex to None
[2025-12-13 16:53:12,925] {processor.py:171} INFO - Processing /home/airflow/.local/lib/python3.6/site-packages/airflow/example_dags/example_complex.py took 0.101 seconds
[2025-12-13 16:53:44,482] {processor.py:163} INFO - Started process (PID=184) to work on /home/airflow/.local/lib/python3.6/site-packages/airflow/example_dags/example_complex.py
[2025-12-13 16:53:44,484] {processor.py:642} INFO - Processing file /home/airflow/.local/lib/python3.6/site-packages/airflow/example_dags/example_complex.py for tasks to queue
[2025-12-13 16:53:44,485] {logging_mixin.py:109} INFO - [2025-12-13 16:53:44,484] {dagbag.py:500} INFO - Filling up the DagBag from /home/airflow/.local/lib/python3.6/site-packages/airflow/example_dags/example_complex.py
[2025-12-13 16:53:44,523] {processor.py:654} INFO - DAG(s) dict_keys(['example_complex']) retrieved from /home/airflow/.local/lib/python3.6/site-packages/airflow/example_dags/example_complex.py
[2025-12-13 16:53:44,536] {logging_mixin.py:109} INFO - [2025-12-13 16:53:44,536] {dag.py:2396} INFO - Sync 1 DAGs
[2025-12-13 16:53:44,552] {logging_mixin.py:109} INFO - [2025-12-13 16:53:44,552] {dag.py:2935} INFO - Setting next_dagrun for example_complex to None
[2025-12-13 16:53:44,559] {processor.py:171} INFO - Processing /home/airflow/.local/lib/python3.6/site-packages/airflow/example_dags/example_complex.py took 0.081 seconds
[2025-12-13 16:54:15,498] {processor.py:163} INFO - Started process (PID=236) to work on /home/airflow/.local/lib/python3.6/site-packages/airflow/example_dags/example_complex.py
[2025-12-13 16:54:15,499] {processor.py:642} INFO - Processing file /home/airflow/.local/lib/python3.6/site-packages/airflow/example_dags/example_complex.py for tasks to queue
[2025-12-13 16:54:15,500] {logging_mixin.py:109} INFO - [2025-12-13 16:54:15,500] {dagbag.py:500} INFO - Filling up the DagBag from /home/airflow/.local/lib/python3.6/site-packages/airflow/example_dags/example_complex.py
[2025-12-13 16:54:15,557] {processor.py:654} INFO - DAG(s) dict_keys(['example_complex']) retrieved from /home/airflow/.local/lib/python3.6/site-packages/airflow/example_dags/example_complex.py
[2025-12-13 16:54:15,585] {logging_mixin.py:109} INFO - [2025-12-13 16:54:15,585] {dag.py:2396} INFO - Sync 1 DAGs
[2025-12-13 16:54:15,600] {logging_mixin.py:109} INFO - [2025-12-13 16:54:15,600] {dag.py:2935} INFO - Setting next_dagrun for example_complex to None
[2025-12-13 16:54:15,615] {processor.py:171} INFO - Processing /home/airflow/.local/lib/python3.6/site-packages/airflow/example_dags/example_complex.py took 0.122 seconds
[2025-12-13 16:54:45,920] {processor.py:163} INFO - Started process (PID=298) to work on /home/airflow/.local/lib/python3.6/site-packages/airflow/example_dags/example_complex.py
[2025-12-13 16:54:45,921] {processor.py:642} INFO - Processing file /home/airflow/.local/lib/python3.6/site-packages/airflow/example_dags/example_complex.py for tasks to queue
[2025-12-13 16:54:45,922] {logging_mixin.py:109} INFO - [2025-12-13 16:54:45,922] {dagbag.py:500} INFO - Filling up the DagBag from /home/airflow/.local/lib/python3.6/site-packages/airflow/example_dags/example_complex.py
[2025-12-13 16:54:45,955] {processor.py:654} INFO - DAG(s) dict_keys(['example_complex']) retrieved from /home/airflow/.local/lib/python3.6/site-packages/airflow/example_dags/example_complex.py
[2025-12-13 16:54:45,970] {logging_mixin.py:109} INFO - [2025-12-13 16:54:45,969] {dag.py:2396} INFO - Sync 1 DAGs
[2025-12-13 16:54:45,985] {logging_mixin.py:109} INFO - [2025-12-13 16:54:45,985] {dag.py:2935} INFO - Setting next_dagrun for example_complex to None
[2025-12-13 16:54:45,992] {processor.py:171} INFO - Processing /home/airflow/.local/lib/python3.6/site-packages/airflow/example_dags/example_complex.py took 0.076 seconds
[2025-12-13 16:55:17,534] {processor.py:163} INFO - Started process (PID=357) to work on /home/airflow/.local/lib/python3.6/site-packages/airflow/example_dags/example_complex.py
[2025-12-13 16:55:17,535] {processor.py:642} INFO - Processing file /home/airflow/.local/lib/python3.6/site-packages/airflow/example_dags/example_complex.py for tasks to queue
[2025-12-13 16:55:17,537] {logging_mixin.py:109} INFO - [2025-12-13 16:55:17,536] {dagbag.py:500} INFO - Filling up the DagBag from /home/airflow/.local/lib/python3.6/site-packages/airflow/example_dags/example_complex.py
[2025-12-13 16:55:17,731] {processor.py:654} INFO - DAG(s) dict_keys(['example_complex']) retrieved from /home/airflow/.local/lib/python3.6/site-packages/airflow/example_dags/example_complex.py
[2025-12-13 16:55:17,797] {logging_mixin.py:109} INFO - [2025-12-13 16:55:17,797] {dag.py:2396} INFO - Sync 1 DAGs
[2025-12-13 16:55:17,835] {logging_mixin.py:109} INFO - [2025-12-13 16:55:17,835] {dag.py:2935} INFO - Setting next_dagrun for example_complex to None
[2025-12-13 16:55:17,846] {processor.py:171} INFO - Processing /home/airflow/.local/lib/python3.6/site-packages/airflow/example_dags/example_complex.py took 0.316 seconds
[2025-12-13 16:55:48,756] {processor.py:163} INFO - Started process (PID=412) to work on /home/airflow/.local/lib/python3.6/site-packages/airflow/example_dags/example_complex.py
[2025-12-13 16:55:48,757] {processor.py:642} INFO - Processing file /home/airflow/.local/lib/python3.6/site-packages/airflow/example_dags/example_complex.py for tasks to queue
[2025-12-13 16:55:48,758] {logging_mixin.py:109} INFO - [2025-12-13 16:55:48,758] {dagbag.py:500} INFO - Filling up the DagBag from /home/airflow/.local/lib/python3.6/site-packages/airflow/example_dags/example_complex.py
[2025-12-13 16:55:48,794] {processor.py:654} INFO - DAG(s) dict_keys(['example_complex']) retrieved from /home/airflow/.local/lib/python3.6/site-packages/airflow/example_dags/example_complex.py
[2025-12-13 16:55:48,807] {logging_mixin.py:109} INFO - [2025-12-13 16:55:48,807] {dag.py:2396} INFO - Sync 1 DAGs
[2025-12-13 16:55:48,822] {logging_mixin.py:109} INFO - [2025-12-13 16:55:48,822] {dag.py:2935} INFO - Setting next_dagrun for example_complex to None
[2025-12-13 16:55:48,831] {processor.py:171} INFO - Processing /home/airflow/.local/lib/python3.6/site-packages/airflow/example_dags/example_complex.py took 0.078 seconds
[2025-12-13 16:56:19,606] {processor.py:163} INFO - Started process (PID=474) to work on /home/airflow/.local/lib/python3.6/site-packages/airflow/example_dags/example_complex.py
[2025-12-13 16:56:19,607] {processor.py:642} INFO - Processing file /home/airflow/.local/lib/python3.6/site-packages/airflow/example_dags/example_complex.py for tasks to queue
[2025-12-13 16:56:19,608] {logging_mixin.py:109} INFO - [2025-12-13 16:56:19,608] {dagbag.py:500} INFO - Filling up the DagBag from /home/airflow/.local/lib/python3.6/site-packages/airflow/example_dags/example_complex.py
[2025-12-13 16:56:19,645] {processor.py:654} INFO - DAG(s) dict_keys(['example_complex']) retrieved from /home/airflow/.local/lib/python3.6/site-packages/airflow/example_dags/example_complex.py
[2025-12-13 16:56:19,659] {logging_mixin.py:109} INFO - [2025-12-13 16:56:19,659] {dag.py:2396} INFO - Sync 1 DAGs
[2025-12-13 16:56:19,677] {logging_mixin.py:109} INFO - [2025-12-13 16:56:19,677] {dag.py:2935} INFO - Setting next_dagrun for example_complex to None
[2025-12-13 16:56:19,686] {processor.py:171} INFO - Processing /home/airflow/.local/lib/python3.6/site-packages/airflow/example_dags/example_complex.py took 0.085 seconds
[2025-12-13 16:56:50,093] {processor.py:163} INFO - Started process (PID=526) to work on /home/airflow/.local/lib/python3.6/site-packages/airflow/example_dags/example_complex.py
[2025-12-13 16:56:50,094] {processor.py:642} INFO - Processing file /home/airflow/.local/lib/python3.6/site-packages/airflow/example_dags/example_complex.py for tasks to queue
[2025-12-13 16:56:50,095] {logging_mixin.py:109} INFO - [2025-12-13 16:56:50,095] {dagbag.py:500} INFO - Filling up the DagBag from /home/airflow/.local/lib/python3.6/site-packages/airflow/example_dags/example_complex.py
[2025-12-13 16:56:50,130] {processor.py:654} INFO - DAG(s) dict_keys(['example_complex']) retrieved from /home/airflow/.local/lib/python3.6/site-packages/airflow/example_dags/example_complex.py
[2025-12-13 16:56:50,143] {logging_mixin.py:109} INFO - [2025-12-13 16:56:50,143] {dag.py:2396} INFO - Sync 1 DAGs
[2025-12-13 16:56:50,158] {logging_mixin.py:109} INFO - [2025-12-13 16:56:50,158] {dag.py:2935} INFO - Setting next_dagrun for example_complex to None
[2025-12-13 16:56:50,177] {processor.py:171} INFO - Processing /home/airflow/.local/lib/python3.6/site-packages/airflow/example_dags/example_complex.py took 0.088 seconds
[2025-12-13 16:57:20,268] {processor.py:163} INFO - Started process (PID=587) to work on /home/airflow/.local/lib/python3.6/site-packages/airflow/example_dags/example_complex.py
[2025-12-13 16:57:20,270] {processor.py:642} INFO - Processing file /home/airflow/.local/lib/python3.6/site-packages/airflow/example_dags/example_complex.py for tasks to queue
[2025-12-13 16:57:20,270] {logging_mixin.py:109} INFO - [2025-12-13 16:57:20,270] {dagbag.py:500} INFO - Filling up the DagBag from /home/airflow/.local/lib/python3.6/site-packages/airflow/example_dags/example_complex.py
[2025-12-13 16:57:20,305] {processor.py:654} INFO - DAG(s) dict_keys(['example_complex']) retrieved from /home/airflow/.local/lib/python3.6/site-packages/airflow/example_dags/example_complex.py
[2025-12-13 16:57:20,320] {logging_mixin.py:109} INFO - [2025-12-13 16:57:20,320] {dag.py:2396} INFO - Sync 1 DAGs
[2025-12-13 16:57:20,336] {logging_mixin.py:109} INFO - [2025-12-13 16:57:20,336] {dag.py:2935} INFO - Setting next_dagrun for example_complex to None
[2025-12-13 16:57:20,345] {processor.py:171} INFO - Processing /home/airflow/.local/lib/python3.6/site-packages/airflow/example_dags/example_complex.py took 0.080 seconds
[2025-12-13 16:57:50,444] {processor.py:163} INFO - Started process (PID=639) to work on /home/airflow/.local/lib/python3.6/site-packages/airflow/example_dags/example_complex.py
[2025-12-13 16:57:50,445] {processor.py:642} INFO - Processing file /home/airflow/.local/lib/python3.6/site-packages/airflow/example_dags/example_complex.py for tasks to queue
[2025-12-13 16:57:50,446] {logging_mixin.py:109} INFO - [2025-12-13 16:57:50,446] {dagbag.py:500} INFO - Filling up the DagBag from /home/airflow/.local/lib/python3.6/site-packages/airflow/example_dags/example_complex.py
[2025-12-13 16:57:50,482] {processor.py:654} INFO - DAG(s) dict_keys(['example_complex']) retrieved from /home/airflow/.local/lib/python3.6/site-packages/airflow/example_dags/example_complex.py
[2025-12-13 16:57:50,494] {logging_mixin.py:109} INFO - [2025-12-13 16:57:50,494] {dag.py:2396} INFO - Sync 1 DAGs
[2025-12-13 16:57:50,508] {logging_mixin.py:109} INFO - [2025-12-13 16:57:50,508] {dag.py:2935} INFO - Setting next_dagrun for example_complex to None
[2025-12-13 16:57:50,515] {processor.py:171} INFO - Processing /home/airflow/.local/lib/python3.6/site-packages/airflow/example_dags/example_complex.py took 0.075 seconds
[2025-12-13 16:58:21,773] {processor.py:163} INFO - Started process (PID=702) to work on /home/airflow/.local/lib/python3.6/site-packages/airflow/example_dags/example_complex.py
[2025-12-13 16:58:21,775] {processor.py:642} INFO - Processing file /home/airflow/.local/lib/python3.6/site-packages/airflow/example_dags/example_complex.py for tasks to queue
[2025-12-13 16:58:21,776] {logging_mixin.py:109} INFO - [2025-12-13 16:58:21,775] {dagbag.py:500} INFO - Filling up the DagBag from /home/airflow/.local/lib/python3.6/site-packages/airflow/example_dags/example_complex.py
[2025-12-13 16:58:21,813] {processor.py:654} INFO - DAG(s) dict_keys(['example_complex']) retrieved from /home/airflow/.local/lib/python3.6/site-packages/airflow/example_dags/example_complex.py
[2025-12-13 16:58:21,830] {logging_mixin.py:109} INFO - [2025-12-13 16:58:21,830] {dag.py:2396} INFO - Sync 1 DAGs
[2025-12-13 16:58:21,858] {logging_mixin.py:109} INFO - [2025-12-13 16:58:21,858] {dag.py:2935} INFO - Setting next_dagrun for example_complex to None
[2025-12-13 16:58:21,872] {processor.py:171} INFO - Processing /home/airflow/.local/lib/python3.6/site-packages/airflow/example_dags/example_complex.py took 0.103 seconds
[2025-12-13 16:58:52,060] {processor.py:163} INFO - Started process (PID=754) to work on /home/airflow/.local/lib/python3.6/site-packages/airflow/example_dags/example_complex.py
[2025-12-13 16:58:52,061] {processor.py:642} INFO - Processing file /home/airflow/.local/lib/python3.6/site-packages/airflow/example_dags/example_complex.py for tasks to queue
[2025-12-13 16:58:52,061] {logging_mixin.py:109} INFO - [2025-12-13 16:58:52,061] {dagbag.py:500} INFO - Filling up the DagBag from /home/airflow/.local/lib/python3.6/site-packages/airflow/example_dags/example_complex.py
[2025-12-13 16:58:52,093] {processor.py:654} INFO - DAG(s) dict_keys(['example_complex']) retrieved from /home/airflow/.local/lib/python3.6/site-packages/airflow/example_dags/example_complex.py
[2025-12-13 16:58:52,105] {logging_mixin.py:109} INFO - [2025-12-13 16:58:52,105] {dag.py:2396} INFO - Sync 1 DAGs
[2025-12-13 16:58:52,119] {logging_mixin.py:109} INFO - [2025-12-13 16:58:52,119] {dag.py:2935} INFO - Setting next_dagrun for example_complex to None
[2025-12-13 16:58:52,126] {processor.py:171} INFO - Processing /home/airflow/.local/lib/python3.6/site-packages/airflow/example_dags/example_complex.py took 0.070 seconds
[2025-12-13 16:59:22,347] {processor.py:163} INFO - Started process (PID=816) to work on /home/airflow/.local/lib/python3.6/site-packages/airflow/example_dags/example_complex.py
[2025-12-13 16:59:22,348] {processor.py:642} INFO - Processing file /home/airflow/.local/lib/python3.6/site-packages/airflow/example_dags/example_complex.py for tasks to queue
[2025-12-13 16:59:22,349] {logging_mixin.py:109} INFO - [2025-12-13 16:59:22,349] {dagbag.py:500} INFO - Filling up the DagBag from /home/airflow/.local/lib/python3.6/site-packages/airflow/example_dags/example_complex.py
[2025-12-13 16:59:22,388] {processor.py:654} INFO - DAG(s) dict_keys(['example_complex']) retrieved from /home/airflow/.local/lib/python3.6/site-packages/airflow/example_dags/example_complex.py
[2025-12-13 16:59:22,418] {logging_mixin.py:109} INFO - [2025-12-13 16:59:22,417] {dag.py:2396} INFO - Sync 1 DAGs
[2025-12-13 16:59:22,433] {logging_mixin.py:109} INFO - [2025-12-13 16:59:22,433] {dag.py:2935} INFO - Setting next_dagrun for example_complex to None
[2025-12-13 16:59:22,447] {processor.py:171} INFO - Processing /home/airflow/.local/lib/python3.6/site-packages/airflow/example_dags/example_complex.py took 0.103 seconds
[2025-12-13 16:59:53,100] {processor.py:163} INFO - Started process (PID=868) to work on /home/airflow/.local/lib/python3.6/site-packages/airflow/example_dags/example_complex.py
[2025-12-13 16:59:53,101] {processor.py:642} INFO - Processing file /home/airflow/.local/lib/python3.6/site-packages/airflow/example_dags/example_complex.py for tasks to queue
[2025-12-13 16:59:53,102] {logging_mixin.py:109} INFO - [2025-12-13 16:59:53,102] {dagbag.py:500} INFO - Filling up the DagBag from /home/airflow/.local/lib/python3.6/site-packages/airflow/example_dags/example_complex.py
[2025-12-13 16:59:53,163] {processor.py:654} INFO - DAG(s) dict_keys(['example_complex']) retrieved from /home/airflow/.local/lib/python3.6/site-packages/airflow/example_dags/example_complex.py
[2025-12-13 16:59:53,189] {logging_mixin.py:109} INFO - [2025-12-13 16:59:53,189] {dag.py:2396} INFO - Sync 1 DAGs
[2025-12-13 16:59:53,214] {logging_mixin.py:109} INFO - [2025-12-13 16:59:53,214] {dag.py:2935} INFO - Setting next_dagrun for example_complex to None
[2025-12-13 16:59:53,223] {processor.py:171} INFO - Processing /home/airflow/.local/lib/python3.6/site-packages/airflow/example_dags/example_complex.py took 0.128 seconds
