[2025-12-13 16:47:11,253] {processor.py:163} INFO - Started process (PID=69) to work on /home/airflow/.local/lib/python3.6/site-packages/airflow/example_dags/example_nested_branch_dag.py
[2025-12-13 16:47:11,254] {processor.py:642} INFO - Processing file /home/airflow/.local/lib/python3.6/site-packages/airflow/example_dags/example_nested_branch_dag.py for tasks to queue
[2025-12-13 16:47:11,255] {logging_mixin.py:109} INFO - [2025-12-13 16:47:11,255] {dagbag.py:500} INFO - Filling up the DagBag from /home/airflow/.local/lib/python3.6/site-packages/airflow/example_dags/example_nested_branch_dag.py
[2025-12-13 16:47:11,311] {processor.py:654} INFO - DAG(s) dict_keys(['example_nested_branch_dag']) retrieved from /home/airflow/.local/lib/python3.6/site-packages/airflow/example_dags/example_nested_branch_dag.py
[2025-12-13 16:47:11,327] {logging_mixin.py:109} INFO - [2025-12-13 16:47:11,327] {dag.py:2396} INFO - Sync 1 DAGs
[2025-12-13 16:47:11,355] {logging_mixin.py:109} INFO - [2025-12-13 16:47:11,355] {dag.py:2935} INFO - Setting next_dagrun for example_nested_branch_dag to 2025-12-12 00:00:00+00:00
[2025-12-13 16:47:11,377] {processor.py:171} INFO - Processing /home/airflow/.local/lib/python3.6/site-packages/airflow/example_dags/example_nested_branch_dag.py took 0.128 seconds
[2025-12-13 16:47:41,409] {processor.py:163} INFO - Started process (PID=130) to work on /home/airflow/.local/lib/python3.6/site-packages/airflow/example_dags/example_nested_branch_dag.py
[2025-12-13 16:47:41,410] {processor.py:642} INFO - Processing file /home/airflow/.local/lib/python3.6/site-packages/airflow/example_dags/example_nested_branch_dag.py for tasks to queue
[2025-12-13 16:47:41,410] {logging_mixin.py:109} INFO - [2025-12-13 16:47:41,410] {dagbag.py:500} INFO - Filling up the DagBag from /home/airflow/.local/lib/python3.6/site-packages/airflow/example_dags/example_nested_branch_dag.py
[2025-12-13 16:47:41,441] {processor.py:654} INFO - DAG(s) dict_keys(['example_nested_branch_dag']) retrieved from /home/airflow/.local/lib/python3.6/site-packages/airflow/example_dags/example_nested_branch_dag.py
[2025-12-13 16:47:41,451] {logging_mixin.py:109} INFO - [2025-12-13 16:47:41,451] {dag.py:2396} INFO - Sync 1 DAGs
[2025-12-13 16:47:41,468] {logging_mixin.py:109} INFO - [2025-12-13 16:47:41,468] {dag.py:2935} INFO - Setting next_dagrun for example_nested_branch_dag to 2025-12-12 00:00:00+00:00
[2025-12-13 16:47:41,475] {processor.py:171} INFO - Processing /home/airflow/.local/lib/python3.6/site-packages/airflow/example_dags/example_nested_branch_dag.py took 0.070 seconds
[2025-12-13 16:48:10,844] {processor.py:163} INFO - Started process (PID=182) to work on /home/airflow/.local/lib/python3.6/site-packages/airflow/example_dags/example_nested_branch_dag.py
[2025-12-13 16:48:10,846] {processor.py:642} INFO - Processing file /home/airflow/.local/lib/python3.6/site-packages/airflow/example_dags/example_nested_branch_dag.py for tasks to queue
[2025-12-13 16:48:10,847] {logging_mixin.py:109} INFO - [2025-12-13 16:48:10,847] {dagbag.py:500} INFO - Filling up the DagBag from /home/airflow/.local/lib/python3.6/site-packages/airflow/example_dags/example_nested_branch_dag.py
[2025-12-13 16:48:10,882] {processor.py:654} INFO - DAG(s) dict_keys(['example_nested_branch_dag']) retrieved from /home/airflow/.local/lib/python3.6/site-packages/airflow/example_dags/example_nested_branch_dag.py
[2025-12-13 16:48:10,896] {logging_mixin.py:109} INFO - [2025-12-13 16:48:10,896] {dag.py:2396} INFO - Sync 1 DAGs
[2025-12-13 16:48:10,918] {logging_mixin.py:109} INFO - [2025-12-13 16:48:10,918] {dag.py:2935} INFO - Setting next_dagrun for example_nested_branch_dag to 2025-12-12 00:00:00+00:00
[2025-12-13 16:48:10,929] {processor.py:171} INFO - Processing /home/airflow/.local/lib/python3.6/site-packages/airflow/example_dags/example_nested_branch_dag.py took 0.089 seconds
[2025-12-13 16:48:41,357] {processor.py:163} INFO - Started process (PID=236) to work on /home/airflow/.local/lib/python3.6/site-packages/airflow/example_dags/example_nested_branch_dag.py
[2025-12-13 16:48:41,359] {processor.py:642} INFO - Processing file /home/airflow/.local/lib/python3.6/site-packages/airflow/example_dags/example_nested_branch_dag.py for tasks to queue
[2025-12-13 16:48:41,360] {logging_mixin.py:109} INFO - [2025-12-13 16:48:41,359] {dagbag.py:500} INFO - Filling up the DagBag from /home/airflow/.local/lib/python3.6/site-packages/airflow/example_dags/example_nested_branch_dag.py
[2025-12-13 16:48:41,393] {processor.py:654} INFO - DAG(s) dict_keys(['example_nested_branch_dag']) retrieved from /home/airflow/.local/lib/python3.6/site-packages/airflow/example_dags/example_nested_branch_dag.py
[2025-12-13 16:48:41,403] {logging_mixin.py:109} INFO - [2025-12-13 16:48:41,403] {dag.py:2396} INFO - Sync 1 DAGs
[2025-12-13 16:48:41,422] {logging_mixin.py:109} INFO - [2025-12-13 16:48:41,422] {dag.py:2935} INFO - Setting next_dagrun for example_nested_branch_dag to 2025-12-12 00:00:00+00:00
[2025-12-13 16:48:41,431] {processor.py:171} INFO - Processing /home/airflow/.local/lib/python3.6/site-packages/airflow/example_dags/example_nested_branch_dag.py took 0.078 seconds
[2025-12-13 16:49:13,714] {processor.py:163} INFO - Started process (PID=296) to work on /home/airflow/.local/lib/python3.6/site-packages/airflow/example_dags/example_nested_branch_dag.py
[2025-12-13 16:49:13,716] {processor.py:642} INFO - Processing file /home/airflow/.local/lib/python3.6/site-packages/airflow/example_dags/example_nested_branch_dag.py for tasks to queue
[2025-12-13 16:49:13,717] {logging_mixin.py:109} INFO - [2025-12-13 16:49:13,717] {dagbag.py:500} INFO - Filling up the DagBag from /home/airflow/.local/lib/python3.6/site-packages/airflow/example_dags/example_nested_branch_dag.py
[2025-12-13 16:49:13,786] {processor.py:654} INFO - DAG(s) dict_keys(['example_nested_branch_dag']) retrieved from /home/airflow/.local/lib/python3.6/site-packages/airflow/example_dags/example_nested_branch_dag.py
[2025-12-13 16:49:13,801] {logging_mixin.py:109} INFO - [2025-12-13 16:49:13,801] {dag.py:2396} INFO - Sync 1 DAGs
[2025-12-13 16:49:13,831] {logging_mixin.py:109} INFO - [2025-12-13 16:49:13,830] {dag.py:2935} INFO - Setting next_dagrun for example_nested_branch_dag to 2025-12-12 00:00:00+00:00
[2025-12-13 16:49:13,840] {processor.py:171} INFO - Processing /home/airflow/.local/lib/python3.6/site-packages/airflow/example_dags/example_nested_branch_dag.py took 0.131 seconds
[2025-12-13 16:49:44,557] {processor.py:163} INFO - Started process (PID=362) to work on /home/airflow/.local/lib/python3.6/site-packages/airflow/example_dags/example_nested_branch_dag.py
[2025-12-13 16:49:44,560] {processor.py:642} INFO - Processing file /home/airflow/.local/lib/python3.6/site-packages/airflow/example_dags/example_nested_branch_dag.py for tasks to queue
[2025-12-13 16:49:44,561] {logging_mixin.py:109} INFO - [2025-12-13 16:49:44,561] {dagbag.py:500} INFO - Filling up the DagBag from /home/airflow/.local/lib/python3.6/site-packages/airflow/example_dags/example_nested_branch_dag.py
[2025-12-13 16:49:44,643] {processor.py:654} INFO - DAG(s) dict_keys(['example_nested_branch_dag']) retrieved from /home/airflow/.local/lib/python3.6/site-packages/airflow/example_dags/example_nested_branch_dag.py
[2025-12-13 16:49:44,661] {logging_mixin.py:109} INFO - [2025-12-13 16:49:44,661] {dag.py:2396} INFO - Sync 1 DAGs
[2025-12-13 16:49:44,682] {logging_mixin.py:109} INFO - [2025-12-13 16:49:44,682] {dag.py:2935} INFO - Setting next_dagrun for example_nested_branch_dag to 2025-12-12 00:00:00+00:00
[2025-12-13 16:49:44,702] {processor.py:171} INFO - Processing /home/airflow/.local/lib/python3.6/site-packages/airflow/example_dags/example_nested_branch_dag.py took 0.155 seconds
[2025-12-13 16:50:15,676] {processor.py:163} INFO - Started process (PID=409) to work on /home/airflow/.local/lib/python3.6/site-packages/airflow/example_dags/example_nested_branch_dag.py
[2025-12-13 16:50:15,679] {processor.py:642} INFO - Processing file /home/airflow/.local/lib/python3.6/site-packages/airflow/example_dags/example_nested_branch_dag.py for tasks to queue
[2025-12-13 16:50:15,679] {logging_mixin.py:109} INFO - [2025-12-13 16:50:15,679] {dagbag.py:500} INFO - Filling up the DagBag from /home/airflow/.local/lib/python3.6/site-packages/airflow/example_dags/example_nested_branch_dag.py
[2025-12-13 16:50:15,712] {processor.py:654} INFO - DAG(s) dict_keys(['example_nested_branch_dag']) retrieved from /home/airflow/.local/lib/python3.6/site-packages/airflow/example_dags/example_nested_branch_dag.py
[2025-12-13 16:50:15,722] {logging_mixin.py:109} INFO - [2025-12-13 16:50:15,722] {dag.py:2396} INFO - Sync 1 DAGs
[2025-12-13 16:50:15,740] {logging_mixin.py:109} INFO - [2025-12-13 16:50:15,740] {dag.py:2935} INFO - Setting next_dagrun for example_nested_branch_dag to 2025-12-12 00:00:00+00:00
[2025-12-13 16:50:15,749] {processor.py:171} INFO - Processing /home/airflow/.local/lib/python3.6/site-packages/airflow/example_dags/example_nested_branch_dag.py took 0.078 seconds
[2025-12-13 16:52:42,363] {processor.py:163} INFO - Started process (PID=69) to work on /home/airflow/.local/lib/python3.6/site-packages/airflow/example_dags/example_nested_branch_dag.py
[2025-12-13 16:52:42,367] {processor.py:642} INFO - Processing file /home/airflow/.local/lib/python3.6/site-packages/airflow/example_dags/example_nested_branch_dag.py for tasks to queue
[2025-12-13 16:52:42,369] {logging_mixin.py:109} INFO - [2025-12-13 16:52:42,368] {dagbag.py:500} INFO - Filling up the DagBag from /home/airflow/.local/lib/python3.6/site-packages/airflow/example_dags/example_nested_branch_dag.py
[2025-12-13 16:52:42,459] {processor.py:654} INFO - DAG(s) dict_keys(['example_nested_branch_dag']) retrieved from /home/airflow/.local/lib/python3.6/site-packages/airflow/example_dags/example_nested_branch_dag.py
[2025-12-13 16:52:42,486] {logging_mixin.py:109} INFO - [2025-12-13 16:52:42,486] {dag.py:2396} INFO - Sync 1 DAGs
[2025-12-13 16:52:42,533] {logging_mixin.py:109} INFO - [2025-12-13 16:52:42,533] {dag.py:2935} INFO - Setting next_dagrun for example_nested_branch_dag to 2025-12-12 00:00:00+00:00
[2025-12-13 16:52:42,559] {processor.py:171} INFO - Processing /home/airflow/.local/lib/python3.6/site-packages/airflow/example_dags/example_nested_branch_dag.py took 0.205 seconds
[2025-12-13 16:53:12,718] {processor.py:163} INFO - Started process (PID=121) to work on /home/airflow/.local/lib/python3.6/site-packages/airflow/example_dags/example_nested_branch_dag.py
[2025-12-13 16:53:12,720] {processor.py:642} INFO - Processing file /home/airflow/.local/lib/python3.6/site-packages/airflow/example_dags/example_nested_branch_dag.py for tasks to queue
[2025-12-13 16:53:12,721] {logging_mixin.py:109} INFO - [2025-12-13 16:53:12,721] {dagbag.py:500} INFO - Filling up the DagBag from /home/airflow/.local/lib/python3.6/site-packages/airflow/example_dags/example_nested_branch_dag.py
[2025-12-13 16:53:12,753] {processor.py:654} INFO - DAG(s) dict_keys(['example_nested_branch_dag']) retrieved from /home/airflow/.local/lib/python3.6/site-packages/airflow/example_dags/example_nested_branch_dag.py
[2025-12-13 16:53:12,764] {logging_mixin.py:109} INFO - [2025-12-13 16:53:12,764] {dag.py:2396} INFO - Sync 1 DAGs
[2025-12-13 16:53:12,781] {logging_mixin.py:109} INFO - [2025-12-13 16:53:12,781] {dag.py:2935} INFO - Setting next_dagrun for example_nested_branch_dag to 2025-12-12 00:00:00+00:00
[2025-12-13 16:53:12,794] {processor.py:171} INFO - Processing /home/airflow/.local/lib/python3.6/site-packages/airflow/example_dags/example_nested_branch_dag.py took 0.080 seconds
[2025-12-13 16:53:44,414] {processor.py:163} INFO - Started process (PID=183) to work on /home/airflow/.local/lib/python3.6/site-packages/airflow/example_dags/example_nested_branch_dag.py
[2025-12-13 16:53:44,417] {processor.py:642} INFO - Processing file /home/airflow/.local/lib/python3.6/site-packages/airflow/example_dags/example_nested_branch_dag.py for tasks to queue
[2025-12-13 16:53:44,418] {logging_mixin.py:109} INFO - [2025-12-13 16:53:44,418] {dagbag.py:500} INFO - Filling up the DagBag from /home/airflow/.local/lib/python3.6/site-packages/airflow/example_dags/example_nested_branch_dag.py
[2025-12-13 16:53:44,449] {processor.py:654} INFO - DAG(s) dict_keys(['example_nested_branch_dag']) retrieved from /home/airflow/.local/lib/python3.6/site-packages/airflow/example_dags/example_nested_branch_dag.py
[2025-12-13 16:53:44,460] {logging_mixin.py:109} INFO - [2025-12-13 16:53:44,460] {dag.py:2396} INFO - Sync 1 DAGs
[2025-12-13 16:53:44,479] {logging_mixin.py:109} INFO - [2025-12-13 16:53:44,479] {dag.py:2935} INFO - Setting next_dagrun for example_nested_branch_dag to 2025-12-12 00:00:00+00:00
[2025-12-13 16:53:44,488] {processor.py:171} INFO - Processing /home/airflow/.local/lib/python3.6/site-packages/airflow/example_dags/example_nested_branch_dag.py took 0.078 seconds
[2025-12-13 16:54:15,420] {processor.py:163} INFO - Started process (PID=235) to work on /home/airflow/.local/lib/python3.6/site-packages/airflow/example_dags/example_nested_branch_dag.py
[2025-12-13 16:54:15,421] {processor.py:642} INFO - Processing file /home/airflow/.local/lib/python3.6/site-packages/airflow/example_dags/example_nested_branch_dag.py for tasks to queue
[2025-12-13 16:54:15,422] {logging_mixin.py:109} INFO - [2025-12-13 16:54:15,422] {dagbag.py:500} INFO - Filling up the DagBag from /home/airflow/.local/lib/python3.6/site-packages/airflow/example_dags/example_nested_branch_dag.py
[2025-12-13 16:54:15,450] {processor.py:654} INFO - DAG(s) dict_keys(['example_nested_branch_dag']) retrieved from /home/airflow/.local/lib/python3.6/site-packages/airflow/example_dags/example_nested_branch_dag.py
[2025-12-13 16:54:15,459] {logging_mixin.py:109} INFO - [2025-12-13 16:54:15,459] {dag.py:2396} INFO - Sync 1 DAGs
[2025-12-13 16:54:15,474] {logging_mixin.py:109} INFO - [2025-12-13 16:54:15,473] {dag.py:2935} INFO - Setting next_dagrun for example_nested_branch_dag to 2025-12-12 00:00:00+00:00
[2025-12-13 16:54:15,481] {processor.py:171} INFO - Processing /home/airflow/.local/lib/python3.6/site-packages/airflow/example_dags/example_nested_branch_dag.py took 0.065 seconds
[2025-12-13 16:54:45,844] {processor.py:163} INFO - Started process (PID=297) to work on /home/airflow/.local/lib/python3.6/site-packages/airflow/example_dags/example_nested_branch_dag.py
[2025-12-13 16:54:45,845] {processor.py:642} INFO - Processing file /home/airflow/.local/lib/python3.6/site-packages/airflow/example_dags/example_nested_branch_dag.py for tasks to queue
[2025-12-13 16:54:45,845] {logging_mixin.py:109} INFO - [2025-12-13 16:54:45,845] {dagbag.py:500} INFO - Filling up the DagBag from /home/airflow/.local/lib/python3.6/site-packages/airflow/example_dags/example_nested_branch_dag.py
[2025-12-13 16:54:45,873] {processor.py:654} INFO - DAG(s) dict_keys(['example_nested_branch_dag']) retrieved from /home/airflow/.local/lib/python3.6/site-packages/airflow/example_dags/example_nested_branch_dag.py
[2025-12-13 16:54:45,882] {logging_mixin.py:109} INFO - [2025-12-13 16:54:45,882] {dag.py:2396} INFO - Sync 1 DAGs
[2025-12-13 16:54:45,897] {logging_mixin.py:109} INFO - [2025-12-13 16:54:45,897] {dag.py:2935} INFO - Setting next_dagrun for example_nested_branch_dag to 2025-12-12 00:00:00+00:00
[2025-12-13 16:54:45,904] {processor.py:171} INFO - Processing /home/airflow/.local/lib/python3.6/site-packages/airflow/example_dags/example_nested_branch_dag.py took 0.064 seconds
[2025-12-13 16:55:17,432] {processor.py:163} INFO - Started process (PID=356) to work on /home/airflow/.local/lib/python3.6/site-packages/airflow/example_dags/example_nested_branch_dag.py
[2025-12-13 16:55:17,433] {processor.py:642} INFO - Processing file /home/airflow/.local/lib/python3.6/site-packages/airflow/example_dags/example_nested_branch_dag.py for tasks to queue
[2025-12-13 16:55:17,434] {logging_mixin.py:109} INFO - [2025-12-13 16:55:17,434] {dagbag.py:500} INFO - Filling up the DagBag from /home/airflow/.local/lib/python3.6/site-packages/airflow/example_dags/example_nested_branch_dag.py
[2025-12-13 16:55:17,477] {processor.py:654} INFO - DAG(s) dict_keys(['example_nested_branch_dag']) retrieved from /home/airflow/.local/lib/python3.6/site-packages/airflow/example_dags/example_nested_branch_dag.py
[2025-12-13 16:55:17,488] {logging_mixin.py:109} INFO - [2025-12-13 16:55:17,487] {dag.py:2396} INFO - Sync 1 DAGs
[2025-12-13 16:55:17,508] {logging_mixin.py:109} INFO - [2025-12-13 16:55:17,508] {dag.py:2935} INFO - Setting next_dagrun for example_nested_branch_dag to 2025-12-12 00:00:00+00:00
[2025-12-13 16:55:17,516] {processor.py:171} INFO - Processing /home/airflow/.local/lib/python3.6/site-packages/airflow/example_dags/example_nested_branch_dag.py took 0.089 seconds
[2025-12-13 16:55:48,680] {processor.py:163} INFO - Started process (PID=411) to work on /home/airflow/.local/lib/python3.6/site-packages/airflow/example_dags/example_nested_branch_dag.py
[2025-12-13 16:55:48,681] {processor.py:642} INFO - Processing file /home/airflow/.local/lib/python3.6/site-packages/airflow/example_dags/example_nested_branch_dag.py for tasks to queue
[2025-12-13 16:55:48,682] {logging_mixin.py:109} INFO - [2025-12-13 16:55:48,682] {dagbag.py:500} INFO - Filling up the DagBag from /home/airflow/.local/lib/python3.6/site-packages/airflow/example_dags/example_nested_branch_dag.py
[2025-12-13 16:55:48,711] {processor.py:654} INFO - DAG(s) dict_keys(['example_nested_branch_dag']) retrieved from /home/airflow/.local/lib/python3.6/site-packages/airflow/example_dags/example_nested_branch_dag.py
[2025-12-13 16:55:48,719] {logging_mixin.py:109} INFO - [2025-12-13 16:55:48,719] {dag.py:2396} INFO - Sync 1 DAGs
[2025-12-13 16:55:48,734] {logging_mixin.py:109} INFO - [2025-12-13 16:55:48,734] {dag.py:2935} INFO - Setting next_dagrun for example_nested_branch_dag to 2025-12-12 00:00:00+00:00
[2025-12-13 16:55:48,742] {processor.py:171} INFO - Processing /home/airflow/.local/lib/python3.6/site-packages/airflow/example_dags/example_nested_branch_dag.py took 0.065 seconds
[2025-12-13 16:56:19,558] {processor.py:163} INFO - Started process (PID=473) to work on /home/airflow/.local/lib/python3.6/site-packages/airflow/example_dags/example_nested_branch_dag.py
[2025-12-13 16:56:19,560] {processor.py:642} INFO - Processing file /home/airflow/.local/lib/python3.6/site-packages/airflow/example_dags/example_nested_branch_dag.py for tasks to queue
[2025-12-13 16:56:19,560] {logging_mixin.py:109} INFO - [2025-12-13 16:56:19,560] {dagbag.py:500} INFO - Filling up the DagBag from /home/airflow/.local/lib/python3.6/site-packages/airflow/example_dags/example_nested_branch_dag.py
[2025-12-13 16:56:19,592] {processor.py:654} INFO - DAG(s) dict_keys(['example_nested_branch_dag']) retrieved from /home/airflow/.local/lib/python3.6/site-packages/airflow/example_dags/example_nested_branch_dag.py
[2025-12-13 16:56:19,608] {logging_mixin.py:109} INFO - [2025-12-13 16:56:19,608] {dag.py:2396} INFO - Sync 1 DAGs
[2025-12-13 16:56:19,626] {logging_mixin.py:109} INFO - [2025-12-13 16:56:19,625] {dag.py:2935} INFO - Setting next_dagrun for example_nested_branch_dag to 2025-12-12 00:00:00+00:00
[2025-12-13 16:56:19,635] {processor.py:171} INFO - Processing /home/airflow/.local/lib/python3.6/site-packages/airflow/example_dags/example_nested_branch_dag.py took 0.081 seconds
[2025-12-13 16:56:49,993] {processor.py:163} INFO - Started process (PID=525) to work on /home/airflow/.local/lib/python3.6/site-packages/airflow/example_dags/example_nested_branch_dag.py
[2025-12-13 16:56:49,994] {processor.py:642} INFO - Processing file /home/airflow/.local/lib/python3.6/site-packages/airflow/example_dags/example_nested_branch_dag.py for tasks to queue
[2025-12-13 16:56:49,995] {logging_mixin.py:109} INFO - [2025-12-13 16:56:49,995] {dagbag.py:500} INFO - Filling up the DagBag from /home/airflow/.local/lib/python3.6/site-packages/airflow/example_dags/example_nested_branch_dag.py
[2025-12-13 16:56:50,026] {processor.py:654} INFO - DAG(s) dict_keys(['example_nested_branch_dag']) retrieved from /home/airflow/.local/lib/python3.6/site-packages/airflow/example_dags/example_nested_branch_dag.py
[2025-12-13 16:56:50,037] {logging_mixin.py:109} INFO - [2025-12-13 16:56:50,036] {dag.py:2396} INFO - Sync 1 DAGs
[2025-12-13 16:56:50,064] {logging_mixin.py:109} INFO - [2025-12-13 16:56:50,064] {dag.py:2935} INFO - Setting next_dagrun for example_nested_branch_dag to 2025-12-12 00:00:00+00:00
[2025-12-13 16:56:50,073] {processor.py:171} INFO - Processing /home/airflow/.local/lib/python3.6/site-packages/airflow/example_dags/example_nested_branch_dag.py took 0.086 seconds
[2025-12-13 16:57:20,265] {processor.py:163} INFO - Started process (PID=586) to work on /home/airflow/.local/lib/python3.6/site-packages/airflow/example_dags/example_nested_branch_dag.py
[2025-12-13 16:57:20,266] {processor.py:642} INFO - Processing file /home/airflow/.local/lib/python3.6/site-packages/airflow/example_dags/example_nested_branch_dag.py for tasks to queue
[2025-12-13 16:57:20,267] {logging_mixin.py:109} INFO - [2025-12-13 16:57:20,267] {dagbag.py:500} INFO - Filling up the DagBag from /home/airflow/.local/lib/python3.6/site-packages/airflow/example_dags/example_nested_branch_dag.py
[2025-12-13 16:57:20,297] {processor.py:654} INFO - DAG(s) dict_keys(['example_nested_branch_dag']) retrieved from /home/airflow/.local/lib/python3.6/site-packages/airflow/example_dags/example_nested_branch_dag.py
[2025-12-13 16:57:20,308] {logging_mixin.py:109} INFO - [2025-12-13 16:57:20,308] {dag.py:2396} INFO - Sync 1 DAGs
[2025-12-13 16:57:20,327] {logging_mixin.py:109} INFO - [2025-12-13 16:57:20,327] {dag.py:2935} INFO - Setting next_dagrun for example_nested_branch_dag to 2025-12-12 00:00:00+00:00
[2025-12-13 16:57:20,336] {processor.py:171} INFO - Processing /home/airflow/.local/lib/python3.6/site-packages/airflow/example_dags/example_nested_branch_dag.py took 0.074 seconds
[2025-12-13 16:57:50,360] {processor.py:163} INFO - Started process (PID=638) to work on /home/airflow/.local/lib/python3.6/site-packages/airflow/example_dags/example_nested_branch_dag.py
[2025-12-13 16:57:50,361] {processor.py:642} INFO - Processing file /home/airflow/.local/lib/python3.6/site-packages/airflow/example_dags/example_nested_branch_dag.py for tasks to queue
[2025-12-13 16:57:50,362] {logging_mixin.py:109} INFO - [2025-12-13 16:57:50,362] {dagbag.py:500} INFO - Filling up the DagBag from /home/airflow/.local/lib/python3.6/site-packages/airflow/example_dags/example_nested_branch_dag.py
[2025-12-13 16:57:50,389] {processor.py:654} INFO - DAG(s) dict_keys(['example_nested_branch_dag']) retrieved from /home/airflow/.local/lib/python3.6/site-packages/airflow/example_dags/example_nested_branch_dag.py
[2025-12-13 16:57:50,403] {logging_mixin.py:109} INFO - [2025-12-13 16:57:50,402] {dag.py:2396} INFO - Sync 1 DAGs
[2025-12-13 16:57:50,420] {logging_mixin.py:109} INFO - [2025-12-13 16:57:50,420] {dag.py:2935} INFO - Setting next_dagrun for example_nested_branch_dag to 2025-12-12 00:00:00+00:00
[2025-12-13 16:57:50,427] {processor.py:171} INFO - Processing /home/airflow/.local/lib/python3.6/site-packages/airflow/example_dags/example_nested_branch_dag.py took 0.071 seconds
[2025-12-13 16:58:21,667] {processor.py:163} INFO - Started process (PID=701) to work on /home/airflow/.local/lib/python3.6/site-packages/airflow/example_dags/example_nested_branch_dag.py
[2025-12-13 16:58:21,668] {processor.py:642} INFO - Processing file /home/airflow/.local/lib/python3.6/site-packages/airflow/example_dags/example_nested_branch_dag.py for tasks to queue
[2025-12-13 16:58:21,669] {logging_mixin.py:109} INFO - [2025-12-13 16:58:21,669] {dagbag.py:500} INFO - Filling up the DagBag from /home/airflow/.local/lib/python3.6/site-packages/airflow/example_dags/example_nested_branch_dag.py
[2025-12-13 16:58:21,708] {processor.py:654} INFO - DAG(s) dict_keys(['example_nested_branch_dag']) retrieved from /home/airflow/.local/lib/python3.6/site-packages/airflow/example_dags/example_nested_branch_dag.py
[2025-12-13 16:58:21,720] {logging_mixin.py:109} INFO - [2025-12-13 16:58:21,720] {dag.py:2396} INFO - Sync 1 DAGs
[2025-12-13 16:58:21,740] {logging_mixin.py:109} INFO - [2025-12-13 16:58:21,740] {dag.py:2935} INFO - Setting next_dagrun for example_nested_branch_dag to 2025-12-12 00:00:00+00:00
[2025-12-13 16:58:21,751] {processor.py:171} INFO - Processing /home/airflow/.local/lib/python3.6/site-packages/airflow/example_dags/example_nested_branch_dag.py took 0.087 seconds
[2025-12-13 16:58:51,982] {processor.py:163} INFO - Started process (PID=753) to work on /home/airflow/.local/lib/python3.6/site-packages/airflow/example_dags/example_nested_branch_dag.py
[2025-12-13 16:58:51,983] {processor.py:642} INFO - Processing file /home/airflow/.local/lib/python3.6/site-packages/airflow/example_dags/example_nested_branch_dag.py for tasks to queue
[2025-12-13 16:58:51,984] {logging_mixin.py:109} INFO - [2025-12-13 16:58:51,984] {dagbag.py:500} INFO - Filling up the DagBag from /home/airflow/.local/lib/python3.6/site-packages/airflow/example_dags/example_nested_branch_dag.py
[2025-12-13 16:58:52,013] {processor.py:654} INFO - DAG(s) dict_keys(['example_nested_branch_dag']) retrieved from /home/airflow/.local/lib/python3.6/site-packages/airflow/example_dags/example_nested_branch_dag.py
[2025-12-13 16:58:52,023] {logging_mixin.py:109} INFO - [2025-12-13 16:58:52,023] {dag.py:2396} INFO - Sync 1 DAGs
[2025-12-13 16:58:52,038] {logging_mixin.py:109} INFO - [2025-12-13 16:58:52,038] {dag.py:2935} INFO - Setting next_dagrun for example_nested_branch_dag to 2025-12-12 00:00:00+00:00
[2025-12-13 16:58:52,045] {processor.py:171} INFO - Processing /home/airflow/.local/lib/python3.6/site-packages/airflow/example_dags/example_nested_branch_dag.py took 0.067 seconds
[2025-12-13 16:59:22,270] {processor.py:163} INFO - Started process (PID=815) to work on /home/airflow/.local/lib/python3.6/site-packages/airflow/example_dags/example_nested_branch_dag.py
[2025-12-13 16:59:22,271] {processor.py:642} INFO - Processing file /home/airflow/.local/lib/python3.6/site-packages/airflow/example_dags/example_nested_branch_dag.py for tasks to queue
[2025-12-13 16:59:22,272] {logging_mixin.py:109} INFO - [2025-12-13 16:59:22,272] {dagbag.py:500} INFO - Filling up the DagBag from /home/airflow/.local/lib/python3.6/site-packages/airflow/example_dags/example_nested_branch_dag.py
[2025-12-13 16:59:22,301] {processor.py:654} INFO - DAG(s) dict_keys(['example_nested_branch_dag']) retrieved from /home/airflow/.local/lib/python3.6/site-packages/airflow/example_dags/example_nested_branch_dag.py
[2025-12-13 16:59:22,310] {logging_mixin.py:109} INFO - [2025-12-13 16:59:22,310] {dag.py:2396} INFO - Sync 1 DAGs
[2025-12-13 16:59:22,325] {logging_mixin.py:109} INFO - [2025-12-13 16:59:22,325] {dag.py:2935} INFO - Setting next_dagrun for example_nested_branch_dag to 2025-12-12 00:00:00+00:00
[2025-12-13 16:59:22,332] {processor.py:171} INFO - Processing /home/airflow/.local/lib/python3.6/site-packages/airflow/example_dags/example_nested_branch_dag.py took 0.065 seconds
[2025-12-13 16:59:52,975] {processor.py:163} INFO - Started process (PID=867) to work on /home/airflow/.local/lib/python3.6/site-packages/airflow/example_dags/example_nested_branch_dag.py
[2025-12-13 16:59:52,979] {processor.py:642} INFO - Processing file /home/airflow/.local/lib/python3.6/site-packages/airflow/example_dags/example_nested_branch_dag.py for tasks to queue
[2025-12-13 16:59:52,980] {logging_mixin.py:109} INFO - [2025-12-13 16:59:52,980] {dagbag.py:500} INFO - Filling up the DagBag from /home/airflow/.local/lib/python3.6/site-packages/airflow/example_dags/example_nested_branch_dag.py
[2025-12-13 16:59:53,015] {processor.py:654} INFO - DAG(s) dict_keys(['example_nested_branch_dag']) retrieved from /home/airflow/.local/lib/python3.6/site-packages/airflow/example_dags/example_nested_branch_dag.py
[2025-12-13 16:59:53,036] {logging_mixin.py:109} INFO - [2025-12-13 16:59:53,035] {dag.py:2396} INFO - Sync 1 DAGs
[2025-12-13 16:59:53,055] {logging_mixin.py:109} INFO - [2025-12-13 16:59:53,055] {dag.py:2935} INFO - Setting next_dagrun for example_nested_branch_dag to 2025-12-12 00:00:00+00:00
[2025-12-13 16:59:53,083] {processor.py:171} INFO - Processing /home/airflow/.local/lib/python3.6/site-packages/airflow/example_dags/example_nested_branch_dag.py took 0.118 seconds
