[2025-12-13 16:47:09,807] {processor.py:163} INFO - Started process (PID=56) to work on /home/airflow/.local/lib/python3.6/site-packages/airflow/example_dags/tutorial_taskflow_api_etl.py
[2025-12-13 16:47:09,812] {processor.py:642} INFO - Processing file /home/airflow/.local/lib/python3.6/site-packages/airflow/example_dags/tutorial_taskflow_api_etl.py for tasks to queue
[2025-12-13 16:47:09,813] {logging_mixin.py:109} INFO - [2025-12-13 16:47:09,813] {dagbag.py:500} INFO - Filling up the DagBag from /home/airflow/.local/lib/python3.6/site-packages/airflow/example_dags/tutorial_taskflow_api_etl.py
[2025-12-13 16:47:09,885] {processor.py:654} INFO - DAG(s) dict_keys(['tutorial_taskflow_api_etl']) retrieved from /home/airflow/.local/lib/python3.6/site-packages/airflow/example_dags/tutorial_taskflow_api_etl.py
[2025-12-13 16:47:10,226] {logging_mixin.py:109} INFO - [2025-12-13 16:47:10,226] {dag.py:2396} INFO - Sync 1 DAGs
[2025-12-13 16:47:10,249] {logging_mixin.py:109} INFO - [2025-12-13 16:47:10,249] {dag.py:2935} INFO - Setting next_dagrun for tutorial_taskflow_api_etl to None
[2025-12-13 16:47:10,262] {processor.py:171} INFO - Processing /home/airflow/.local/lib/python3.6/site-packages/airflow/example_dags/tutorial_taskflow_api_etl.py took 0.469 seconds
[2025-12-13 16:47:40,613] {processor.py:163} INFO - Started process (PID=118) to work on /home/airflow/.local/lib/python3.6/site-packages/airflow/example_dags/tutorial_taskflow_api_etl.py
[2025-12-13 16:47:40,614] {processor.py:642} INFO - Processing file /home/airflow/.local/lib/python3.6/site-packages/airflow/example_dags/tutorial_taskflow_api_etl.py for tasks to queue
[2025-12-13 16:47:40,614] {logging_mixin.py:109} INFO - [2025-12-13 16:47:40,614] {dagbag.py:500} INFO - Filling up the DagBag from /home/airflow/.local/lib/python3.6/site-packages/airflow/example_dags/tutorial_taskflow_api_etl.py
[2025-12-13 16:47:40,644] {processor.py:654} INFO - DAG(s) dict_keys(['tutorial_taskflow_api_etl']) retrieved from /home/airflow/.local/lib/python3.6/site-packages/airflow/example_dags/tutorial_taskflow_api_etl.py
[2025-12-13 16:47:40,849] {logging_mixin.py:109} INFO - [2025-12-13 16:47:40,849] {dag.py:2396} INFO - Sync 1 DAGs
[2025-12-13 16:47:40,862] {logging_mixin.py:109} INFO - [2025-12-13 16:47:40,862] {dag.py:2935} INFO - Setting next_dagrun for tutorial_taskflow_api_etl to None
[2025-12-13 16:47:40,871] {processor.py:171} INFO - Processing /home/airflow/.local/lib/python3.6/site-packages/airflow/example_dags/tutorial_taskflow_api_etl.py took 0.262 seconds
[2025-12-13 16:48:10,952] {processor.py:163} INFO - Started process (PID=170) to work on /home/airflow/.local/lib/python3.6/site-packages/airflow/example_dags/tutorial_taskflow_api_etl.py
[2025-12-13 16:48:10,956] {processor.py:642} INFO - Processing file /home/airflow/.local/lib/python3.6/site-packages/airflow/example_dags/tutorial_taskflow_api_etl.py for tasks to queue
[2025-12-13 16:48:10,957] {logging_mixin.py:109} INFO - [2025-12-13 16:48:10,957] {dagbag.py:500} INFO - Filling up the DagBag from /home/airflow/.local/lib/python3.6/site-packages/airflow/example_dags/tutorial_taskflow_api_etl.py
[2025-12-13 16:48:10,994] {processor.py:654} INFO - DAG(s) dict_keys(['tutorial_taskflow_api_etl']) retrieved from /home/airflow/.local/lib/python3.6/site-packages/airflow/example_dags/tutorial_taskflow_api_etl.py
[2025-12-13 16:48:11,217] {logging_mixin.py:109} INFO - [2025-12-13 16:48:11,217] {dag.py:2396} INFO - Sync 1 DAGs
[2025-12-13 16:48:11,238] {logging_mixin.py:109} INFO - [2025-12-13 16:48:11,238] {dag.py:2935} INFO - Setting next_dagrun for tutorial_taskflow_api_etl to None
[2025-12-13 16:48:11,250] {processor.py:171} INFO - Processing /home/airflow/.local/lib/python3.6/site-packages/airflow/example_dags/tutorial_taskflow_api_etl.py took 0.303 seconds
[2025-12-13 16:48:41,475] {processor.py:163} INFO - Started process (PID=238) to work on /home/airflow/.local/lib/python3.6/site-packages/airflow/example_dags/tutorial_taskflow_api_etl.py
[2025-12-13 16:48:41,476] {processor.py:642} INFO - Processing file /home/airflow/.local/lib/python3.6/site-packages/airflow/example_dags/tutorial_taskflow_api_etl.py for tasks to queue
[2025-12-13 16:48:41,477] {logging_mixin.py:109} INFO - [2025-12-13 16:48:41,477] {dagbag.py:500} INFO - Filling up the DagBag from /home/airflow/.local/lib/python3.6/site-packages/airflow/example_dags/tutorial_taskflow_api_etl.py
[2025-12-13 16:48:41,511] {processor.py:654} INFO - DAG(s) dict_keys(['tutorial_taskflow_api_etl']) retrieved from /home/airflow/.local/lib/python3.6/site-packages/airflow/example_dags/tutorial_taskflow_api_etl.py
[2025-12-13 16:48:41,747] {logging_mixin.py:109} INFO - [2025-12-13 16:48:41,747] {dag.py:2396} INFO - Sync 1 DAGs
[2025-12-13 16:48:41,760] {logging_mixin.py:109} INFO - [2025-12-13 16:48:41,760] {dag.py:2935} INFO - Setting next_dagrun for tutorial_taskflow_api_etl to None
[2025-12-13 16:48:41,769] {processor.py:171} INFO - Processing /home/airflow/.local/lib/python3.6/site-packages/airflow/example_dags/tutorial_taskflow_api_etl.py took 0.298 seconds
[2025-12-13 16:49:12,366] {processor.py:163} INFO - Started process (PID=287) to work on /home/airflow/.local/lib/python3.6/site-packages/airflow/example_dags/tutorial_taskflow_api_etl.py
[2025-12-13 16:49:12,373] {processor.py:642} INFO - Processing file /home/airflow/.local/lib/python3.6/site-packages/airflow/example_dags/tutorial_taskflow_api_etl.py for tasks to queue
[2025-12-13 16:49:12,374] {logging_mixin.py:109} INFO - [2025-12-13 16:49:12,374] {dagbag.py:500} INFO - Filling up the DagBag from /home/airflow/.local/lib/python3.6/site-packages/airflow/example_dags/tutorial_taskflow_api_etl.py
[2025-12-13 16:49:12,465] {processor.py:654} INFO - DAG(s) dict_keys(['tutorial_taskflow_api_etl']) retrieved from /home/airflow/.local/lib/python3.6/site-packages/airflow/example_dags/tutorial_taskflow_api_etl.py
[2025-12-13 16:49:12,481] {logging_mixin.py:109} INFO - [2025-12-13 16:49:12,481] {dag.py:2396} INFO - Sync 1 DAGs
[2025-12-13 16:49:12,508] {logging_mixin.py:109} INFO - [2025-12-13 16:49:12,508] {dag.py:2935} INFO - Setting next_dagrun for tutorial_taskflow_api_etl to None
[2025-12-13 16:49:12,533] {processor.py:171} INFO - Processing /home/airflow/.local/lib/python3.6/site-packages/airflow/example_dags/tutorial_taskflow_api_etl.py took 0.172 seconds
[2025-12-13 16:49:43,474] {processor.py:163} INFO - Started process (PID=349) to work on /home/airflow/.local/lib/python3.6/site-packages/airflow/example_dags/tutorial_taskflow_api_etl.py
[2025-12-13 16:49:43,475] {processor.py:642} INFO - Processing file /home/airflow/.local/lib/python3.6/site-packages/airflow/example_dags/tutorial_taskflow_api_etl.py for tasks to queue
[2025-12-13 16:49:43,476] {logging_mixin.py:109} INFO - [2025-12-13 16:49:43,476] {dagbag.py:500} INFO - Filling up the DagBag from /home/airflow/.local/lib/python3.6/site-packages/airflow/example_dags/tutorial_taskflow_api_etl.py
[2025-12-13 16:49:43,550] {processor.py:654} INFO - DAG(s) dict_keys(['tutorial_taskflow_api_etl']) retrieved from /home/airflow/.local/lib/python3.6/site-packages/airflow/example_dags/tutorial_taskflow_api_etl.py
[2025-12-13 16:49:43,882] {logging_mixin.py:109} INFO - [2025-12-13 16:49:43,882] {dag.py:2396} INFO - Sync 1 DAGs
[2025-12-13 16:49:43,905] {logging_mixin.py:109} INFO - [2025-12-13 16:49:43,905] {dag.py:2935} INFO - Setting next_dagrun for tutorial_taskflow_api_etl to None
[2025-12-13 16:49:43,954] {processor.py:171} INFO - Processing /home/airflow/.local/lib/python3.6/site-packages/airflow/example_dags/tutorial_taskflow_api_etl.py took 0.489 seconds
[2025-12-13 16:50:14,629] {processor.py:163} INFO - Started process (PID=401) to work on /home/airflow/.local/lib/python3.6/site-packages/airflow/example_dags/tutorial_taskflow_api_etl.py
[2025-12-13 16:50:14,629] {processor.py:642} INFO - Processing file /home/airflow/.local/lib/python3.6/site-packages/airflow/example_dags/tutorial_taskflow_api_etl.py for tasks to queue
[2025-12-13 16:50:14,630] {logging_mixin.py:109} INFO - [2025-12-13 16:50:14,630] {dagbag.py:500} INFO - Filling up the DagBag from /home/airflow/.local/lib/python3.6/site-packages/airflow/example_dags/tutorial_taskflow_api_etl.py
[2025-12-13 16:50:14,664] {processor.py:654} INFO - DAG(s) dict_keys(['tutorial_taskflow_api_etl']) retrieved from /home/airflow/.local/lib/python3.6/site-packages/airflow/example_dags/tutorial_taskflow_api_etl.py
[2025-12-13 16:50:14,843] {logging_mixin.py:109} INFO - [2025-12-13 16:50:14,843] {dag.py:2396} INFO - Sync 1 DAGs
[2025-12-13 16:50:14,857] {logging_mixin.py:109} INFO - [2025-12-13 16:50:14,857] {dag.py:2935} INFO - Setting next_dagrun for tutorial_taskflow_api_etl to None
[2025-12-13 16:50:14,873] {processor.py:171} INFO - Processing /home/airflow/.local/lib/python3.6/site-packages/airflow/example_dags/tutorial_taskflow_api_etl.py took 0.248 seconds
[2025-12-13 16:50:44,921] {processor.py:163} INFO - Started process (PID=462) to work on /home/airflow/.local/lib/python3.6/site-packages/airflow/example_dags/tutorial_taskflow_api_etl.py
[2025-12-13 16:50:44,923] {processor.py:642} INFO - Processing file /home/airflow/.local/lib/python3.6/site-packages/airflow/example_dags/tutorial_taskflow_api_etl.py for tasks to queue
[2025-12-13 16:50:44,924] {logging_mixin.py:109} INFO - [2025-12-13 16:50:44,923] {dagbag.py:500} INFO - Filling up the DagBag from /home/airflow/.local/lib/python3.6/site-packages/airflow/example_dags/tutorial_taskflow_api_etl.py
[2025-12-13 16:50:44,994] {processor.py:654} INFO - DAG(s) dict_keys(['tutorial_taskflow_api_etl']) retrieved from /home/airflow/.local/lib/python3.6/site-packages/airflow/example_dags/tutorial_taskflow_api_etl.py
[2025-12-13 16:50:45,880] {logging_mixin.py:109} INFO - [2025-12-13 16:50:45,880] {process_utils.py:237} INFO - Waiting up to 5 seconds for processes to exit...
[2025-12-13 16:52:40,724] {processor.py:163} INFO - Started process (PID=56) to work on /home/airflow/.local/lib/python3.6/site-packages/airflow/example_dags/tutorial_taskflow_api_etl.py
[2025-12-13 16:52:40,726] {processor.py:642} INFO - Processing file /home/airflow/.local/lib/python3.6/site-packages/airflow/example_dags/tutorial_taskflow_api_etl.py for tasks to queue
[2025-12-13 16:52:40,727] {logging_mixin.py:109} INFO - [2025-12-13 16:52:40,727] {dagbag.py:500} INFO - Filling up the DagBag from /home/airflow/.local/lib/python3.6/site-packages/airflow/example_dags/tutorial_taskflow_api_etl.py
[2025-12-13 16:52:40,769] {processor.py:654} INFO - DAG(s) dict_keys(['tutorial_taskflow_api_etl']) retrieved from /home/airflow/.local/lib/python3.6/site-packages/airflow/example_dags/tutorial_taskflow_api_etl.py
[2025-12-13 16:52:41,061] {logging_mixin.py:109} INFO - [2025-12-13 16:52:41,060] {dag.py:2396} INFO - Sync 1 DAGs
[2025-12-13 16:52:41,090] {logging_mixin.py:109} INFO - [2025-12-13 16:52:41,090] {dag.py:2935} INFO - Setting next_dagrun for tutorial_taskflow_api_etl to None
[2025-12-13 16:52:41,114] {processor.py:171} INFO - Processing /home/airflow/.local/lib/python3.6/site-packages/airflow/example_dags/tutorial_taskflow_api_etl.py took 0.397 seconds
[2025-12-13 16:53:11,722] {processor.py:163} INFO - Started process (PID=108) to work on /home/airflow/.local/lib/python3.6/site-packages/airflow/example_dags/tutorial_taskflow_api_etl.py
[2025-12-13 16:53:11,724] {processor.py:642} INFO - Processing file /home/airflow/.local/lib/python3.6/site-packages/airflow/example_dags/tutorial_taskflow_api_etl.py for tasks to queue
[2025-12-13 16:53:11,724] {logging_mixin.py:109} INFO - [2025-12-13 16:53:11,724] {dagbag.py:500} INFO - Filling up the DagBag from /home/airflow/.local/lib/python3.6/site-packages/airflow/example_dags/tutorial_taskflow_api_etl.py
[2025-12-13 16:53:11,756] {processor.py:654} INFO - DAG(s) dict_keys(['tutorial_taskflow_api_etl']) retrieved from /home/airflow/.local/lib/python3.6/site-packages/airflow/example_dags/tutorial_taskflow_api_etl.py
[2025-12-13 16:53:11,938] {logging_mixin.py:109} INFO - [2025-12-13 16:53:11,938] {dag.py:2396} INFO - Sync 1 DAGs
[2025-12-13 16:53:11,952] {logging_mixin.py:109} INFO - [2025-12-13 16:53:11,952] {dag.py:2935} INFO - Setting next_dagrun for tutorial_taskflow_api_etl to None
[2025-12-13 16:53:11,961] {processor.py:171} INFO - Processing /home/airflow/.local/lib/python3.6/site-packages/airflow/example_dags/tutorial_taskflow_api_etl.py took 0.242 seconds
[2025-12-13 16:53:42,360] {processor.py:163} INFO - Started process (PID=170) to work on /home/airflow/.local/lib/python3.6/site-packages/airflow/example_dags/tutorial_taskflow_api_etl.py
[2025-12-13 16:53:42,363] {processor.py:642} INFO - Processing file /home/airflow/.local/lib/python3.6/site-packages/airflow/example_dags/tutorial_taskflow_api_etl.py for tasks to queue
[2025-12-13 16:53:42,365] {logging_mixin.py:109} INFO - [2025-12-13 16:53:42,365] {dagbag.py:500} INFO - Filling up the DagBag from /home/airflow/.local/lib/python3.6/site-packages/airflow/example_dags/tutorial_taskflow_api_etl.py
[2025-12-13 16:53:42,473] {processor.py:654} INFO - DAG(s) dict_keys(['tutorial_taskflow_api_etl']) retrieved from /home/airflow/.local/lib/python3.6/site-packages/airflow/example_dags/tutorial_taskflow_api_etl.py
[2025-12-13 16:53:42,852] {logging_mixin.py:109} INFO - [2025-12-13 16:53:42,852] {dag.py:2396} INFO - Sync 1 DAGs
[2025-12-13 16:53:42,876] {logging_mixin.py:109} INFO - [2025-12-13 16:53:42,876] {dag.py:2935} INFO - Setting next_dagrun for tutorial_taskflow_api_etl to None
[2025-12-13 16:53:42,892] {processor.py:171} INFO - Processing /home/airflow/.local/lib/python3.6/site-packages/airflow/example_dags/tutorial_taskflow_api_etl.py took 0.543 seconds
[2025-12-13 16:54:13,223] {processor.py:163} INFO - Started process (PID=222) to work on /home/airflow/.local/lib/python3.6/site-packages/airflow/example_dags/tutorial_taskflow_api_etl.py
[2025-12-13 16:54:13,230] {processor.py:642} INFO - Processing file /home/airflow/.local/lib/python3.6/site-packages/airflow/example_dags/tutorial_taskflow_api_etl.py for tasks to queue
[2025-12-13 16:54:13,231] {logging_mixin.py:109} INFO - [2025-12-13 16:54:13,231] {dagbag.py:500} INFO - Filling up the DagBag from /home/airflow/.local/lib/python3.6/site-packages/airflow/example_dags/tutorial_taskflow_api_etl.py
[2025-12-13 16:54:13,261] {processor.py:654} INFO - DAG(s) dict_keys(['tutorial_taskflow_api_etl']) retrieved from /home/airflow/.local/lib/python3.6/site-packages/airflow/example_dags/tutorial_taskflow_api_etl.py
[2025-12-13 16:54:13,436] {logging_mixin.py:109} INFO - [2025-12-13 16:54:13,436] {dag.py:2396} INFO - Sync 1 DAGs
[2025-12-13 16:54:13,449] {logging_mixin.py:109} INFO - [2025-12-13 16:54:13,449] {dag.py:2935} INFO - Setting next_dagrun for tutorial_taskflow_api_etl to None
[2025-12-13 16:54:13,467] {processor.py:171} INFO - Processing /home/airflow/.local/lib/python3.6/site-packages/airflow/example_dags/tutorial_taskflow_api_etl.py took 0.247 seconds
[2025-12-13 16:54:43,617] {processor.py:163} INFO - Started process (PID=284) to work on /home/airflow/.local/lib/python3.6/site-packages/airflow/example_dags/tutorial_taskflow_api_etl.py
[2025-12-13 16:54:43,625] {processor.py:642} INFO - Processing file /home/airflow/.local/lib/python3.6/site-packages/airflow/example_dags/tutorial_taskflow_api_etl.py for tasks to queue
[2025-12-13 16:54:43,625] {logging_mixin.py:109} INFO - [2025-12-13 16:54:43,625] {dagbag.py:500} INFO - Filling up the DagBag from /home/airflow/.local/lib/python3.6/site-packages/airflow/example_dags/tutorial_taskflow_api_etl.py
[2025-12-13 16:54:43,658] {processor.py:654} INFO - DAG(s) dict_keys(['tutorial_taskflow_api_etl']) retrieved from /home/airflow/.local/lib/python3.6/site-packages/airflow/example_dags/tutorial_taskflow_api_etl.py
[2025-12-13 16:54:43,823] {logging_mixin.py:109} INFO - [2025-12-13 16:54:43,823] {dag.py:2396} INFO - Sync 1 DAGs
[2025-12-13 16:54:43,835] {logging_mixin.py:109} INFO - [2025-12-13 16:54:43,835] {dag.py:2935} INFO - Setting next_dagrun for tutorial_taskflow_api_etl to None
[2025-12-13 16:54:43,852] {processor.py:171} INFO - Processing /home/airflow/.local/lib/python3.6/site-packages/airflow/example_dags/tutorial_taskflow_api_etl.py took 0.238 seconds
[2025-12-13 16:55:14,013] {processor.py:163} INFO - Started process (PID=336) to work on /home/airflow/.local/lib/python3.6/site-packages/airflow/example_dags/tutorial_taskflow_api_etl.py
[2025-12-13 16:55:14,017] {processor.py:642} INFO - Processing file /home/airflow/.local/lib/python3.6/site-packages/airflow/example_dags/tutorial_taskflow_api_etl.py for tasks to queue
[2025-12-13 16:55:14,019] {logging_mixin.py:109} INFO - [2025-12-13 16:55:14,019] {dagbag.py:500} INFO - Filling up the DagBag from /home/airflow/.local/lib/python3.6/site-packages/airflow/example_dags/tutorial_taskflow_api_etl.py
[2025-12-13 16:55:14,073] {processor.py:654} INFO - DAG(s) dict_keys(['tutorial_taskflow_api_etl']) retrieved from /home/airflow/.local/lib/python3.6/site-packages/airflow/example_dags/tutorial_taskflow_api_etl.py
[2025-12-13 16:55:14,348] {logging_mixin.py:109} INFO - [2025-12-13 16:55:14,347] {dag.py:2396} INFO - Sync 1 DAGs
[2025-12-13 16:55:14,397] {logging_mixin.py:109} INFO - [2025-12-13 16:55:14,397] {dag.py:2935} INFO - Setting next_dagrun for tutorial_taskflow_api_etl to None
[2025-12-13 16:55:14,412] {processor.py:171} INFO - Processing /home/airflow/.local/lib/python3.6/site-packages/airflow/example_dags/tutorial_taskflow_api_etl.py took 0.408 seconds
[2025-12-13 16:55:44,583] {processor.py:163} INFO - Started process (PID=398) to work on /home/airflow/.local/lib/python3.6/site-packages/airflow/example_dags/tutorial_taskflow_api_etl.py
[2025-12-13 16:55:44,584] {processor.py:642} INFO - Processing file /home/airflow/.local/lib/python3.6/site-packages/airflow/example_dags/tutorial_taskflow_api_etl.py for tasks to queue
[2025-12-13 16:55:44,585] {logging_mixin.py:109} INFO - [2025-12-13 16:55:44,585] {dagbag.py:500} INFO - Filling up the DagBag from /home/airflow/.local/lib/python3.6/site-packages/airflow/example_dags/tutorial_taskflow_api_etl.py
[2025-12-13 16:55:44,616] {processor.py:654} INFO - DAG(s) dict_keys(['tutorial_taskflow_api_etl']) retrieved from /home/airflow/.local/lib/python3.6/site-packages/airflow/example_dags/tutorial_taskflow_api_etl.py
[2025-12-13 16:55:44,796] {logging_mixin.py:109} INFO - [2025-12-13 16:55:44,796] {dag.py:2396} INFO - Sync 1 DAGs
[2025-12-13 16:55:44,808] {logging_mixin.py:109} INFO - [2025-12-13 16:55:44,808] {dag.py:2935} INFO - Setting next_dagrun for tutorial_taskflow_api_etl to None
[2025-12-13 16:55:44,817] {processor.py:171} INFO - Processing /home/airflow/.local/lib/python3.6/site-packages/airflow/example_dags/tutorial_taskflow_api_etl.py took 0.237 seconds
[2025-12-13 16:56:15,302] {processor.py:163} INFO - Started process (PID=450) to work on /home/airflow/.local/lib/python3.6/site-packages/airflow/example_dags/tutorial_taskflow_api_etl.py
[2025-12-13 16:56:15,310] {processor.py:642} INFO - Processing file /home/airflow/.local/lib/python3.6/site-packages/airflow/example_dags/tutorial_taskflow_api_etl.py for tasks to queue
[2025-12-13 16:56:15,311] {logging_mixin.py:109} INFO - [2025-12-13 16:56:15,311] {dagbag.py:500} INFO - Filling up the DagBag from /home/airflow/.local/lib/python3.6/site-packages/airflow/example_dags/tutorial_taskflow_api_etl.py
[2025-12-13 16:56:15,340] {processor.py:654} INFO - DAG(s) dict_keys(['tutorial_taskflow_api_etl']) retrieved from /home/airflow/.local/lib/python3.6/site-packages/airflow/example_dags/tutorial_taskflow_api_etl.py
[2025-12-13 16:56:15,511] {logging_mixin.py:109} INFO - [2025-12-13 16:56:15,511] {dag.py:2396} INFO - Sync 1 DAGs
[2025-12-13 16:56:15,524] {logging_mixin.py:109} INFO - [2025-12-13 16:56:15,524] {dag.py:2935} INFO - Setting next_dagrun for tutorial_taskflow_api_etl to None
[2025-12-13 16:56:15,535] {processor.py:171} INFO - Processing /home/airflow/.local/lib/python3.6/site-packages/airflow/example_dags/tutorial_taskflow_api_etl.py took 0.235 seconds
[2025-12-13 16:56:45,700] {processor.py:163} INFO - Started process (PID=512) to work on /home/airflow/.local/lib/python3.6/site-packages/airflow/example_dags/tutorial_taskflow_api_etl.py
[2025-12-13 16:56:45,701] {processor.py:642} INFO - Processing file /home/airflow/.local/lib/python3.6/site-packages/airflow/example_dags/tutorial_taskflow_api_etl.py for tasks to queue
[2025-12-13 16:56:45,702] {logging_mixin.py:109} INFO - [2025-12-13 16:56:45,701] {dagbag.py:500} INFO - Filling up the DagBag from /home/airflow/.local/lib/python3.6/site-packages/airflow/example_dags/tutorial_taskflow_api_etl.py
[2025-12-13 16:56:45,736] {processor.py:654} INFO - DAG(s) dict_keys(['tutorial_taskflow_api_etl']) retrieved from /home/airflow/.local/lib/python3.6/site-packages/airflow/example_dags/tutorial_taskflow_api_etl.py
[2025-12-13 16:56:45,942] {logging_mixin.py:109} INFO - [2025-12-13 16:56:45,942] {dag.py:2396} INFO - Sync 1 DAGs
[2025-12-13 16:56:45,959] {logging_mixin.py:109} INFO - [2025-12-13 16:56:45,959] {dag.py:2935} INFO - Setting next_dagrun for tutorial_taskflow_api_etl to None
[2025-12-13 16:56:45,971] {processor.py:171} INFO - Processing /home/airflow/.local/lib/python3.6/site-packages/airflow/example_dags/tutorial_taskflow_api_etl.py took 0.274 seconds
[2025-12-13 16:57:16,057] {processor.py:163} INFO - Started process (PID=564) to work on /home/airflow/.local/lib/python3.6/site-packages/airflow/example_dags/tutorial_taskflow_api_etl.py
[2025-12-13 16:57:16,065] {processor.py:642} INFO - Processing file /home/airflow/.local/lib/python3.6/site-packages/airflow/example_dags/tutorial_taskflow_api_etl.py for tasks to queue
[2025-12-13 16:57:16,066] {logging_mixin.py:109} INFO - [2025-12-13 16:57:16,066] {dagbag.py:500} INFO - Filling up the DagBag from /home/airflow/.local/lib/python3.6/site-packages/airflow/example_dags/tutorial_taskflow_api_etl.py
[2025-12-13 16:57:16,102] {processor.py:654} INFO - DAG(s) dict_keys(['tutorial_taskflow_api_etl']) retrieved from /home/airflow/.local/lib/python3.6/site-packages/airflow/example_dags/tutorial_taskflow_api_etl.py
[2025-12-13 16:57:16,278] {logging_mixin.py:109} INFO - [2025-12-13 16:57:16,278] {dag.py:2396} INFO - Sync 1 DAGs
[2025-12-13 16:57:16,292] {logging_mixin.py:109} INFO - [2025-12-13 16:57:16,292] {dag.py:2935} INFO - Setting next_dagrun for tutorial_taskflow_api_etl to None
[2025-12-13 16:57:16,310] {processor.py:171} INFO - Processing /home/airflow/.local/lib/python3.6/site-packages/airflow/example_dags/tutorial_taskflow_api_etl.py took 0.256 seconds
[2025-12-13 16:57:46,393] {processor.py:163} INFO - Started process (PID=626) to work on /home/airflow/.local/lib/python3.6/site-packages/airflow/example_dags/tutorial_taskflow_api_etl.py
[2025-12-13 16:57:46,400] {processor.py:642} INFO - Processing file /home/airflow/.local/lib/python3.6/site-packages/airflow/example_dags/tutorial_taskflow_api_etl.py for tasks to queue
[2025-12-13 16:57:46,400] {logging_mixin.py:109} INFO - [2025-12-13 16:57:46,400] {dagbag.py:500} INFO - Filling up the DagBag from /home/airflow/.local/lib/python3.6/site-packages/airflow/example_dags/tutorial_taskflow_api_etl.py
[2025-12-13 16:57:46,434] {processor.py:654} INFO - DAG(s) dict_keys(['tutorial_taskflow_api_etl']) retrieved from /home/airflow/.local/lib/python3.6/site-packages/airflow/example_dags/tutorial_taskflow_api_etl.py
[2025-12-13 16:57:46,627] {logging_mixin.py:109} INFO - [2025-12-13 16:57:46,627] {dag.py:2396} INFO - Sync 1 DAGs
[2025-12-13 16:57:46,641] {logging_mixin.py:109} INFO - [2025-12-13 16:57:46,641] {dag.py:2935} INFO - Setting next_dagrun for tutorial_taskflow_api_etl to None
[2025-12-13 16:57:46,657] {processor.py:171} INFO - Processing /home/airflow/.local/lib/python3.6/site-packages/airflow/example_dags/tutorial_taskflow_api_etl.py took 0.267 seconds
[2025-12-13 16:58:17,461] {processor.py:163} INFO - Started process (PID=678) to work on /home/airflow/.local/lib/python3.6/site-packages/airflow/example_dags/tutorial_taskflow_api_etl.py
[2025-12-13 16:58:17,462] {processor.py:642} INFO - Processing file /home/airflow/.local/lib/python3.6/site-packages/airflow/example_dags/tutorial_taskflow_api_etl.py for tasks to queue
[2025-12-13 16:58:17,463] {logging_mixin.py:109} INFO - [2025-12-13 16:58:17,463] {dagbag.py:500} INFO - Filling up the DagBag from /home/airflow/.local/lib/python3.6/site-packages/airflow/example_dags/tutorial_taskflow_api_etl.py
[2025-12-13 16:58:17,495] {processor.py:654} INFO - DAG(s) dict_keys(['tutorial_taskflow_api_etl']) retrieved from /home/airflow/.local/lib/python3.6/site-packages/airflow/example_dags/tutorial_taskflow_api_etl.py
[2025-12-13 16:58:17,687] {logging_mixin.py:109} INFO - [2025-12-13 16:58:17,686] {dag.py:2396} INFO - Sync 1 DAGs
[2025-12-13 16:58:17,700] {logging_mixin.py:109} INFO - [2025-12-13 16:58:17,700] {dag.py:2935} INFO - Setting next_dagrun for tutorial_taskflow_api_etl to None
[2025-12-13 16:58:17,711] {processor.py:171} INFO - Processing /home/airflow/.local/lib/python3.6/site-packages/airflow/example_dags/tutorial_taskflow_api_etl.py took 0.255 seconds
[2025-12-13 16:58:48,646] {processor.py:163} INFO - Started process (PID=740) to work on /home/airflow/.local/lib/python3.6/site-packages/airflow/example_dags/tutorial_taskflow_api_etl.py
[2025-12-13 16:58:48,647] {processor.py:642} INFO - Processing file /home/airflow/.local/lib/python3.6/site-packages/airflow/example_dags/tutorial_taskflow_api_etl.py for tasks to queue
[2025-12-13 16:58:48,647] {logging_mixin.py:109} INFO - [2025-12-13 16:58:48,647] {dagbag.py:500} INFO - Filling up the DagBag from /home/airflow/.local/lib/python3.6/site-packages/airflow/example_dags/tutorial_taskflow_api_etl.py
[2025-12-13 16:58:48,680] {processor.py:654} INFO - DAG(s) dict_keys(['tutorial_taskflow_api_etl']) retrieved from /home/airflow/.local/lib/python3.6/site-packages/airflow/example_dags/tutorial_taskflow_api_etl.py
[2025-12-13 16:58:48,880] {logging_mixin.py:109} INFO - [2025-12-13 16:58:48,880] {dag.py:2396} INFO - Sync 1 DAGs
[2025-12-13 16:58:48,896] {logging_mixin.py:109} INFO - [2025-12-13 16:58:48,896] {dag.py:2935} INFO - Setting next_dagrun for tutorial_taskflow_api_etl to None
[2025-12-13 16:58:48,911] {processor.py:171} INFO - Processing /home/airflow/.local/lib/python3.6/site-packages/airflow/example_dags/tutorial_taskflow_api_etl.py took 0.268 seconds
[2025-12-13 16:59:18,994] {processor.py:163} INFO - Started process (PID=801) to work on /home/airflow/.local/lib/python3.6/site-packages/airflow/example_dags/tutorial_taskflow_api_etl.py
[2025-12-13 16:59:19,001] {processor.py:642} INFO - Processing file /home/airflow/.local/lib/python3.6/site-packages/airflow/example_dags/tutorial_taskflow_api_etl.py for tasks to queue
[2025-12-13 16:59:19,002] {logging_mixin.py:109} INFO - [2025-12-13 16:59:19,002] {dagbag.py:500} INFO - Filling up the DagBag from /home/airflow/.local/lib/python3.6/site-packages/airflow/example_dags/tutorial_taskflow_api_etl.py
[2025-12-13 16:59:19,039] {processor.py:654} INFO - DAG(s) dict_keys(['tutorial_taskflow_api_etl']) retrieved from /home/airflow/.local/lib/python3.6/site-packages/airflow/example_dags/tutorial_taskflow_api_etl.py
[2025-12-13 16:59:19,236] {logging_mixin.py:109} INFO - [2025-12-13 16:59:19,235] {dag.py:2396} INFO - Sync 1 DAGs
[2025-12-13 16:59:19,254] {logging_mixin.py:109} INFO - [2025-12-13 16:59:19,254] {dag.py:2935} INFO - Setting next_dagrun for tutorial_taskflow_api_etl to None
[2025-12-13 16:59:19,273] {processor.py:171} INFO - Processing /home/airflow/.local/lib/python3.6/site-packages/airflow/example_dags/tutorial_taskflow_api_etl.py took 0.283 seconds
[2025-12-13 16:59:50,202] {processor.py:163} INFO - Started process (PID=854) to work on /home/airflow/.local/lib/python3.6/site-packages/airflow/example_dags/tutorial_taskflow_api_etl.py
[2025-12-13 16:59:50,209] {processor.py:642} INFO - Processing file /home/airflow/.local/lib/python3.6/site-packages/airflow/example_dags/tutorial_taskflow_api_etl.py for tasks to queue
[2025-12-13 16:59:50,209] {logging_mixin.py:109} INFO - [2025-12-13 16:59:50,209] {dagbag.py:500} INFO - Filling up the DagBag from /home/airflow/.local/lib/python3.6/site-packages/airflow/example_dags/tutorial_taskflow_api_etl.py
[2025-12-13 16:59:50,266] {processor.py:654} INFO - DAG(s) dict_keys(['tutorial_taskflow_api_etl']) retrieved from /home/airflow/.local/lib/python3.6/site-packages/airflow/example_dags/tutorial_taskflow_api_etl.py
[2025-12-13 16:59:50,611] {logging_mixin.py:109} INFO - [2025-12-13 16:59:50,611] {dag.py:2396} INFO - Sync 1 DAGs
[2025-12-13 16:59:50,644] {logging_mixin.py:109} INFO - [2025-12-13 16:59:50,644] {dag.py:2935} INFO - Setting next_dagrun for tutorial_taskflow_api_etl to None
[2025-12-13 16:59:50,672] {processor.py:171} INFO - Processing /home/airflow/.local/lib/python3.6/site-packages/airflow/example_dags/tutorial_taskflow_api_etl.py took 0.477 seconds
