[2025-12-13 16:47:10,629] {processor.py:163} INFO - Started process (PID=62) to work on /home/airflow/.local/lib/python3.6/site-packages/airflow/example_dags/tutorial.py
[2025-12-13 16:47:10,630] {processor.py:642} INFO - Processing file /home/airflow/.local/lib/python3.6/site-packages/airflow/example_dags/tutorial.py for tasks to queue
[2025-12-13 16:47:10,631] {logging_mixin.py:109} INFO - [2025-12-13 16:47:10,631] {dagbag.py:500} INFO - Filling up the DagBag from /home/airflow/.local/lib/python3.6/site-packages/airflow/example_dags/tutorial.py
[2025-12-13 16:47:10,683] {processor.py:654} INFO - DAG(s) dict_keys(['tutorial']) retrieved from /home/airflow/.local/lib/python3.6/site-packages/airflow/example_dags/tutorial.py
[2025-12-13 16:47:10,698] {logging_mixin.py:109} INFO - [2025-12-13 16:47:10,698] {dag.py:2396} INFO - Sync 1 DAGs
[2025-12-13 16:47:10,718] {logging_mixin.py:109} INFO - [2025-12-13 16:47:10,718] {dag.py:2935} INFO - Setting next_dagrun for tutorial to 2025-12-12T16:47:10.718285+00:00
[2025-12-13 16:47:10,739] {processor.py:171} INFO - Processing /home/airflow/.local/lib/python3.6/site-packages/airflow/example_dags/tutorial.py took 0.115 seconds
[2025-12-13 16:47:41,142] {processor.py:163} INFO - Started process (PID=124) to work on /home/airflow/.local/lib/python3.6/site-packages/airflow/example_dags/tutorial.py
[2025-12-13 16:47:41,143] {processor.py:642} INFO - Processing file /home/airflow/.local/lib/python3.6/site-packages/airflow/example_dags/tutorial.py for tasks to queue
[2025-12-13 16:47:41,144] {logging_mixin.py:109} INFO - [2025-12-13 16:47:41,144] {dagbag.py:500} INFO - Filling up the DagBag from /home/airflow/.local/lib/python3.6/site-packages/airflow/example_dags/tutorial.py
[2025-12-13 16:47:41,173] {processor.py:654} INFO - DAG(s) dict_keys(['tutorial']) retrieved from /home/airflow/.local/lib/python3.6/site-packages/airflow/example_dags/tutorial.py
[2025-12-13 16:47:41,182] {logging_mixin.py:109} INFO - [2025-12-13 16:47:41,182] {dag.py:2396} INFO - Sync 1 DAGs
[2025-12-13 16:47:41,194] {logging_mixin.py:109} INFO - [2025-12-13 16:47:41,194] {dag.py:2935} INFO - Setting next_dagrun for tutorial to 2025-12-12T16:47:41.194112+00:00
[2025-12-13 16:47:41,201] {processor.py:171} INFO - Processing /home/airflow/.local/lib/python3.6/site-packages/airflow/example_dags/tutorial.py took 0.063 seconds
[2025-12-13 16:48:11,594] {processor.py:163} INFO - Started process (PID=176) to work on /home/airflow/.local/lib/python3.6/site-packages/airflow/example_dags/tutorial.py
[2025-12-13 16:48:11,596] {processor.py:642} INFO - Processing file /home/airflow/.local/lib/python3.6/site-packages/airflow/example_dags/tutorial.py for tasks to queue
[2025-12-13 16:48:11,597] {logging_mixin.py:109} INFO - [2025-12-13 16:48:11,597] {dagbag.py:500} INFO - Filling up the DagBag from /home/airflow/.local/lib/python3.6/site-packages/airflow/example_dags/tutorial.py
[2025-12-13 16:48:11,635] {processor.py:654} INFO - DAG(s) dict_keys(['tutorial']) retrieved from /home/airflow/.local/lib/python3.6/site-packages/airflow/example_dags/tutorial.py
[2025-12-13 16:48:11,645] {logging_mixin.py:109} INFO - [2025-12-13 16:48:11,645] {dag.py:2396} INFO - Sync 1 DAGs
[2025-12-13 16:48:11,662] {logging_mixin.py:109} INFO - [2025-12-13 16:48:11,661] {dag.py:2935} INFO - Setting next_dagrun for tutorial to 2025-12-12T16:48:11.660813+00:00
[2025-12-13 16:48:11,674] {processor.py:171} INFO - Processing /home/airflow/.local/lib/python3.6/site-packages/airflow/example_dags/tutorial.py took 0.084 seconds
[2025-12-13 16:48:42,060] {processor.py:163} INFO - Started process (PID=244) to work on /home/airflow/.local/lib/python3.6/site-packages/airflow/example_dags/tutorial.py
[2025-12-13 16:48:42,062] {processor.py:642} INFO - Processing file /home/airflow/.local/lib/python3.6/site-packages/airflow/example_dags/tutorial.py for tasks to queue
[2025-12-13 16:48:42,062] {logging_mixin.py:109} INFO - [2025-12-13 16:48:42,062] {dagbag.py:500} INFO - Filling up the DagBag from /home/airflow/.local/lib/python3.6/site-packages/airflow/example_dags/tutorial.py
[2025-12-13 16:48:42,099] {processor.py:654} INFO - DAG(s) dict_keys(['tutorial']) retrieved from /home/airflow/.local/lib/python3.6/site-packages/airflow/example_dags/tutorial.py
[2025-12-13 16:48:42,112] {logging_mixin.py:109} INFO - [2025-12-13 16:48:42,112] {dag.py:2396} INFO - Sync 1 DAGs
[2025-12-13 16:48:42,126] {logging_mixin.py:109} INFO - [2025-12-13 16:48:42,126] {dag.py:2935} INFO - Setting next_dagrun for tutorial to 2025-12-12T16:48:42.126167+00:00
[2025-12-13 16:48:42,136] {processor.py:171} INFO - Processing /home/airflow/.local/lib/python3.6/site-packages/airflow/example_dags/tutorial.py took 0.079 seconds
[2025-12-13 16:49:13,500] {processor.py:163} INFO - Started process (PID=293) to work on /home/airflow/.local/lib/python3.6/site-packages/airflow/example_dags/tutorial.py
[2025-12-13 16:49:13,504] {processor.py:642} INFO - Processing file /home/airflow/.local/lib/python3.6/site-packages/airflow/example_dags/tutorial.py for tasks to queue
[2025-12-13 16:49:13,506] {logging_mixin.py:109} INFO - [2025-12-13 16:49:13,506] {dagbag.py:500} INFO - Filling up the DagBag from /home/airflow/.local/lib/python3.6/site-packages/airflow/example_dags/tutorial.py
[2025-12-13 16:49:13,558] {processor.py:654} INFO - DAG(s) dict_keys(['tutorial']) retrieved from /home/airflow/.local/lib/python3.6/site-packages/airflow/example_dags/tutorial.py
[2025-12-13 16:49:13,578] {logging_mixin.py:109} INFO - [2025-12-13 16:49:13,577] {dag.py:2396} INFO - Sync 1 DAGs
[2025-12-13 16:49:13,610] {logging_mixin.py:109} INFO - [2025-12-13 16:49:13,610] {dag.py:2935} INFO - Setting next_dagrun for tutorial to 2025-12-12T16:49:13.610036+00:00
[2025-12-13 16:49:13,621] {processor.py:171} INFO - Processing /home/airflow/.local/lib/python3.6/site-packages/airflow/example_dags/tutorial.py took 0.130 seconds
[2025-12-13 16:49:44,372] {processor.py:163} INFO - Started process (PID=359) to work on /home/airflow/.local/lib/python3.6/site-packages/airflow/example_dags/tutorial.py
[2025-12-13 16:49:44,374] {processor.py:642} INFO - Processing file /home/airflow/.local/lib/python3.6/site-packages/airflow/example_dags/tutorial.py for tasks to queue
[2025-12-13 16:49:44,374] {logging_mixin.py:109} INFO - [2025-12-13 16:49:44,374] {dagbag.py:500} INFO - Filling up the DagBag from /home/airflow/.local/lib/python3.6/site-packages/airflow/example_dags/tutorial.py
[2025-12-13 16:49:44,416] {processor.py:654} INFO - DAG(s) dict_keys(['tutorial']) retrieved from /home/airflow/.local/lib/python3.6/site-packages/airflow/example_dags/tutorial.py
[2025-12-13 16:49:44,426] {logging_mixin.py:109} INFO - [2025-12-13 16:49:44,426] {dag.py:2396} INFO - Sync 1 DAGs
[2025-12-13 16:49:44,442] {logging_mixin.py:109} INFO - [2025-12-13 16:49:44,442] {dag.py:2935} INFO - Setting next_dagrun for tutorial to 2025-12-12T16:49:44.441858+00:00
[2025-12-13 16:49:44,450] {processor.py:171} INFO - Processing /home/airflow/.local/lib/python3.6/site-packages/airflow/example_dags/tutorial.py took 0.084 seconds
[2025-12-13 16:50:15,159] {processor.py:163} INFO - Started process (PID=404) to work on /home/airflow/.local/lib/python3.6/site-packages/airflow/example_dags/tutorial.py
[2025-12-13 16:50:15,160] {processor.py:642} INFO - Processing file /home/airflow/.local/lib/python3.6/site-packages/airflow/example_dags/tutorial.py for tasks to queue
[2025-12-13 16:50:15,160] {logging_mixin.py:109} INFO - [2025-12-13 16:50:15,160] {dagbag.py:500} INFO - Filling up the DagBag from /home/airflow/.local/lib/python3.6/site-packages/airflow/example_dags/tutorial.py
[2025-12-13 16:50:15,196] {processor.py:654} INFO - DAG(s) dict_keys(['tutorial']) retrieved from /home/airflow/.local/lib/python3.6/site-packages/airflow/example_dags/tutorial.py
[2025-12-13 16:50:15,205] {logging_mixin.py:109} INFO - [2025-12-13 16:50:15,205] {dag.py:2396} INFO - Sync 1 DAGs
[2025-12-13 16:50:15,218] {logging_mixin.py:109} INFO - [2025-12-13 16:50:15,218] {dag.py:2935} INFO - Setting next_dagrun for tutorial to 2025-12-12T16:50:15.217900+00:00
[2025-12-13 16:50:15,238] {processor.py:171} INFO - Processing /home/airflow/.local/lib/python3.6/site-packages/airflow/example_dags/tutorial.py took 0.083 seconds
[2025-12-13 16:52:41,538] {processor.py:163} INFO - Started process (PID=62) to work on /home/airflow/.local/lib/python3.6/site-packages/airflow/example_dags/tutorial.py
[2025-12-13 16:52:41,540] {processor.py:642} INFO - Processing file /home/airflow/.local/lib/python3.6/site-packages/airflow/example_dags/tutorial.py for tasks to queue
[2025-12-13 16:52:41,541] {logging_mixin.py:109} INFO - [2025-12-13 16:52:41,541] {dagbag.py:500} INFO - Filling up the DagBag from /home/airflow/.local/lib/python3.6/site-packages/airflow/example_dags/tutorial.py
[2025-12-13 16:52:41,591] {processor.py:654} INFO - DAG(s) dict_keys(['tutorial']) retrieved from /home/airflow/.local/lib/python3.6/site-packages/airflow/example_dags/tutorial.py
[2025-12-13 16:52:41,605] {logging_mixin.py:109} INFO - [2025-12-13 16:52:41,605] {dag.py:2396} INFO - Sync 1 DAGs
[2025-12-13 16:52:41,632] {logging_mixin.py:109} INFO - [2025-12-13 16:52:41,632] {dag.py:2935} INFO - Setting next_dagrun for tutorial to 2025-12-12T16:52:41.631780+00:00
[2025-12-13 16:52:41,644] {processor.py:171} INFO - Processing /home/airflow/.local/lib/python3.6/site-packages/airflow/example_dags/tutorial.py took 0.112 seconds
[2025-12-13 16:53:12,255] {processor.py:163} INFO - Started process (PID=114) to work on /home/airflow/.local/lib/python3.6/site-packages/airflow/example_dags/tutorial.py
[2025-12-13 16:53:12,257] {processor.py:642} INFO - Processing file /home/airflow/.local/lib/python3.6/site-packages/airflow/example_dags/tutorial.py for tasks to queue
[2025-12-13 16:53:12,257] {logging_mixin.py:109} INFO - [2025-12-13 16:53:12,257] {dagbag.py:500} INFO - Filling up the DagBag from /home/airflow/.local/lib/python3.6/site-packages/airflow/example_dags/tutorial.py
[2025-12-13 16:53:12,293] {processor.py:654} INFO - DAG(s) dict_keys(['tutorial']) retrieved from /home/airflow/.local/lib/python3.6/site-packages/airflow/example_dags/tutorial.py
[2025-12-13 16:53:12,305] {logging_mixin.py:109} INFO - [2025-12-13 16:53:12,305] {dag.py:2396} INFO - Sync 1 DAGs
[2025-12-13 16:53:12,321] {logging_mixin.py:109} INFO - [2025-12-13 16:53:12,321] {dag.py:2935} INFO - Setting next_dagrun for tutorial to 2025-12-12T16:53:12.320952+00:00
[2025-12-13 16:53:12,329] {processor.py:171} INFO - Processing /home/airflow/.local/lib/python3.6/site-packages/airflow/example_dags/tutorial.py took 0.077 seconds
[2025-12-13 16:53:43,320] {processor.py:163} INFO - Started process (PID=176) to work on /home/airflow/.local/lib/python3.6/site-packages/airflow/example_dags/tutorial.py
[2025-12-13 16:53:43,322] {processor.py:642} INFO - Processing file /home/airflow/.local/lib/python3.6/site-packages/airflow/example_dags/tutorial.py for tasks to queue
[2025-12-13 16:53:43,323] {logging_mixin.py:109} INFO - [2025-12-13 16:53:43,322] {dagbag.py:500} INFO - Filling up the DagBag from /home/airflow/.local/lib/python3.6/site-packages/airflow/example_dags/tutorial.py
[2025-12-13 16:53:43,400] {processor.py:654} INFO - DAG(s) dict_keys(['tutorial']) retrieved from /home/airflow/.local/lib/python3.6/site-packages/airflow/example_dags/tutorial.py
[2025-12-13 16:53:43,422] {logging_mixin.py:109} INFO - [2025-12-13 16:53:43,421] {dag.py:2396} INFO - Sync 1 DAGs
[2025-12-13 16:53:43,466] {logging_mixin.py:109} INFO - [2025-12-13 16:53:43,466] {dag.py:2935} INFO - Setting next_dagrun for tutorial to 2025-12-12T16:53:43.466185+00:00
[2025-12-13 16:53:43,487] {processor.py:171} INFO - Processing /home/airflow/.local/lib/python3.6/site-packages/airflow/example_dags/tutorial.py took 0.173 seconds
[2025-12-13 16:54:13,888] {processor.py:163} INFO - Started process (PID=228) to work on /home/airflow/.local/lib/python3.6/site-packages/airflow/example_dags/tutorial.py
[2025-12-13 16:54:13,889] {processor.py:642} INFO - Processing file /home/airflow/.local/lib/python3.6/site-packages/airflow/example_dags/tutorial.py for tasks to queue
[2025-12-13 16:54:13,890] {logging_mixin.py:109} INFO - [2025-12-13 16:54:13,890] {dagbag.py:500} INFO - Filling up the DagBag from /home/airflow/.local/lib/python3.6/site-packages/airflow/example_dags/tutorial.py
[2025-12-13 16:54:13,919] {processor.py:654} INFO - DAG(s) dict_keys(['tutorial']) retrieved from /home/airflow/.local/lib/python3.6/site-packages/airflow/example_dags/tutorial.py
[2025-12-13 16:54:13,930] {logging_mixin.py:109} INFO - [2025-12-13 16:54:13,930] {dag.py:2396} INFO - Sync 1 DAGs
[2025-12-13 16:54:13,944] {logging_mixin.py:109} INFO - [2025-12-13 16:54:13,944] {dag.py:2935} INFO - Setting next_dagrun for tutorial to 2025-12-12T16:54:13.944141+00:00
[2025-12-13 16:54:13,952] {processor.py:171} INFO - Processing /home/airflow/.local/lib/python3.6/site-packages/airflow/example_dags/tutorial.py took 0.068 seconds
[2025-12-13 16:54:44,280] {processor.py:163} INFO - Started process (PID=290) to work on /home/airflow/.local/lib/python3.6/site-packages/airflow/example_dags/tutorial.py
[2025-12-13 16:54:44,282] {processor.py:642} INFO - Processing file /home/airflow/.local/lib/python3.6/site-packages/airflow/example_dags/tutorial.py for tasks to queue
[2025-12-13 16:54:44,283] {logging_mixin.py:109} INFO - [2025-12-13 16:54:44,283] {dagbag.py:500} INFO - Filling up the DagBag from /home/airflow/.local/lib/python3.6/site-packages/airflow/example_dags/tutorial.py
[2025-12-13 16:54:44,321] {processor.py:654} INFO - DAG(s) dict_keys(['tutorial']) retrieved from /home/airflow/.local/lib/python3.6/site-packages/airflow/example_dags/tutorial.py
[2025-12-13 16:54:44,330] {logging_mixin.py:109} INFO - [2025-12-13 16:54:44,330] {dag.py:2396} INFO - Sync 1 DAGs
[2025-12-13 16:54:44,343] {logging_mixin.py:109} INFO - [2025-12-13 16:54:44,343] {dag.py:2935} INFO - Setting next_dagrun for tutorial to 2025-12-12T16:54:44.342815+00:00
[2025-12-13 16:54:44,350] {processor.py:171} INFO - Processing /home/airflow/.local/lib/python3.6/site-packages/airflow/example_dags/tutorial.py took 0.074 seconds
[2025-12-13 16:55:15,060] {processor.py:163} INFO - Started process (PID=342) to work on /home/airflow/.local/lib/python3.6/site-packages/airflow/example_dags/tutorial.py
[2025-12-13 16:55:15,061] {processor.py:642} INFO - Processing file /home/airflow/.local/lib/python3.6/site-packages/airflow/example_dags/tutorial.py for tasks to queue
[2025-12-13 16:55:15,062] {logging_mixin.py:109} INFO - [2025-12-13 16:55:15,062] {dagbag.py:500} INFO - Filling up the DagBag from /home/airflow/.local/lib/python3.6/site-packages/airflow/example_dags/tutorial.py
[2025-12-13 16:55:15,096] {processor.py:654} INFO - DAG(s) dict_keys(['tutorial']) retrieved from /home/airflow/.local/lib/python3.6/site-packages/airflow/example_dags/tutorial.py
[2025-12-13 16:55:15,108] {logging_mixin.py:109} INFO - [2025-12-13 16:55:15,107] {dag.py:2396} INFO - Sync 1 DAGs
[2025-12-13 16:55:15,122] {logging_mixin.py:109} INFO - [2025-12-13 16:55:15,122] {dag.py:2935} INFO - Setting next_dagrun for tutorial to 2025-12-12T16:55:15.122589+00:00
[2025-12-13 16:55:15,131] {processor.py:171} INFO - Processing /home/airflow/.local/lib/python3.6/site-packages/airflow/example_dags/tutorial.py took 0.079 seconds
[2025-12-13 16:55:45,160] {processor.py:163} INFO - Started process (PID=404) to work on /home/airflow/.local/lib/python3.6/site-packages/airflow/example_dags/tutorial.py
[2025-12-13 16:55:45,161] {processor.py:642} INFO - Processing file /home/airflow/.local/lib/python3.6/site-packages/airflow/example_dags/tutorial.py for tasks to queue
[2025-12-13 16:55:45,161] {logging_mixin.py:109} INFO - [2025-12-13 16:55:45,161] {dagbag.py:500} INFO - Filling up the DagBag from /home/airflow/.local/lib/python3.6/site-packages/airflow/example_dags/tutorial.py
[2025-12-13 16:55:45,193] {processor.py:654} INFO - DAG(s) dict_keys(['tutorial']) retrieved from /home/airflow/.local/lib/python3.6/site-packages/airflow/example_dags/tutorial.py
[2025-12-13 16:55:45,203] {logging_mixin.py:109} INFO - [2025-12-13 16:55:45,202] {dag.py:2396} INFO - Sync 1 DAGs
[2025-12-13 16:55:45,216] {logging_mixin.py:109} INFO - [2025-12-13 16:55:45,216] {dag.py:2935} INFO - Setting next_dagrun for tutorial to 2025-12-12T16:55:45.216336+00:00
[2025-12-13 16:55:45,224] {processor.py:171} INFO - Processing /home/airflow/.local/lib/python3.6/site-packages/airflow/example_dags/tutorial.py took 0.068 seconds
[2025-12-13 16:56:15,964] {processor.py:163} INFO - Started process (PID=456) to work on /home/airflow/.local/lib/python3.6/site-packages/airflow/example_dags/tutorial.py
[2025-12-13 16:56:15,965] {processor.py:642} INFO - Processing file /home/airflow/.local/lib/python3.6/site-packages/airflow/example_dags/tutorial.py for tasks to queue
[2025-12-13 16:56:15,966] {logging_mixin.py:109} INFO - [2025-12-13 16:56:15,965] {dagbag.py:500} INFO - Filling up the DagBag from /home/airflow/.local/lib/python3.6/site-packages/airflow/example_dags/tutorial.py
[2025-12-13 16:56:15,994] {processor.py:654} INFO - DAG(s) dict_keys(['tutorial']) retrieved from /home/airflow/.local/lib/python3.6/site-packages/airflow/example_dags/tutorial.py
[2025-12-13 16:56:16,003] {logging_mixin.py:109} INFO - [2025-12-13 16:56:16,003] {dag.py:2396} INFO - Sync 1 DAGs
[2025-12-13 16:56:16,015] {logging_mixin.py:109} INFO - [2025-12-13 16:56:16,015] {dag.py:2935} INFO - Setting next_dagrun for tutorial to 2025-12-12T16:56:16.015279+00:00
[2025-12-13 16:56:16,023] {processor.py:171} INFO - Processing /home/airflow/.local/lib/python3.6/site-packages/airflow/example_dags/tutorial.py took 0.063 seconds
[2025-12-13 16:56:46,260] {processor.py:163} INFO - Started process (PID=518) to work on /home/airflow/.local/lib/python3.6/site-packages/airflow/example_dags/tutorial.py
[2025-12-13 16:56:46,261] {processor.py:642} INFO - Processing file /home/airflow/.local/lib/python3.6/site-packages/airflow/example_dags/tutorial.py for tasks to queue
[2025-12-13 16:56:46,261] {logging_mixin.py:109} INFO - [2025-12-13 16:56:46,261] {dagbag.py:500} INFO - Filling up the DagBag from /home/airflow/.local/lib/python3.6/site-packages/airflow/example_dags/tutorial.py
[2025-12-13 16:56:46,293] {processor.py:654} INFO - DAG(s) dict_keys(['tutorial']) retrieved from /home/airflow/.local/lib/python3.6/site-packages/airflow/example_dags/tutorial.py
[2025-12-13 16:56:46,302] {logging_mixin.py:109} INFO - [2025-12-13 16:56:46,302] {dag.py:2396} INFO - Sync 1 DAGs
[2025-12-13 16:56:46,317] {logging_mixin.py:109} INFO - [2025-12-13 16:56:46,317] {dag.py:2935} INFO - Setting next_dagrun for tutorial to 2025-12-12T16:56:46.317429+00:00
[2025-12-13 16:56:46,324] {processor.py:171} INFO - Processing /home/airflow/.local/lib/python3.6/site-packages/airflow/example_dags/tutorial.py took 0.068 seconds
[2025-12-13 16:57:16,749] {processor.py:163} INFO - Started process (PID=570) to work on /home/airflow/.local/lib/python3.6/site-packages/airflow/example_dags/tutorial.py
[2025-12-13 16:57:16,750] {processor.py:642} INFO - Processing file /home/airflow/.local/lib/python3.6/site-packages/airflow/example_dags/tutorial.py for tasks to queue
[2025-12-13 16:57:16,751] {logging_mixin.py:109} INFO - [2025-12-13 16:57:16,751] {dagbag.py:500} INFO - Filling up the DagBag from /home/airflow/.local/lib/python3.6/site-packages/airflow/example_dags/tutorial.py
[2025-12-13 16:57:16,784] {processor.py:654} INFO - DAG(s) dict_keys(['tutorial']) retrieved from /home/airflow/.local/lib/python3.6/site-packages/airflow/example_dags/tutorial.py
[2025-12-13 16:57:16,793] {logging_mixin.py:109} INFO - [2025-12-13 16:57:16,792] {dag.py:2396} INFO - Sync 1 DAGs
[2025-12-13 16:57:16,810] {logging_mixin.py:109} INFO - [2025-12-13 16:57:16,810] {dag.py:2935} INFO - Setting next_dagrun for tutorial to 2025-12-12T16:57:16.809685+00:00
[2025-12-13 16:57:16,820] {processor.py:171} INFO - Processing /home/airflow/.local/lib/python3.6/site-packages/airflow/example_dags/tutorial.py took 0.074 seconds
[2025-12-13 16:57:47,126] {processor.py:163} INFO - Started process (PID=632) to work on /home/airflow/.local/lib/python3.6/site-packages/airflow/example_dags/tutorial.py
[2025-12-13 16:57:47,128] {processor.py:642} INFO - Processing file /home/airflow/.local/lib/python3.6/site-packages/airflow/example_dags/tutorial.py for tasks to queue
[2025-12-13 16:57:47,128] {logging_mixin.py:109} INFO - [2025-12-13 16:57:47,128] {dagbag.py:500} INFO - Filling up the DagBag from /home/airflow/.local/lib/python3.6/site-packages/airflow/example_dags/tutorial.py
[2025-12-13 16:57:47,161] {processor.py:654} INFO - DAG(s) dict_keys(['tutorial']) retrieved from /home/airflow/.local/lib/python3.6/site-packages/airflow/example_dags/tutorial.py
[2025-12-13 16:57:47,170] {logging_mixin.py:109} INFO - [2025-12-13 16:57:47,170] {dag.py:2396} INFO - Sync 1 DAGs
[2025-12-13 16:57:47,185] {logging_mixin.py:109} INFO - [2025-12-13 16:57:47,185] {dag.py:2935} INFO - Setting next_dagrun for tutorial to 2025-12-12T16:57:47.184965+00:00
[2025-12-13 16:57:47,193] {processor.py:171} INFO - Processing /home/airflow/.local/lib/python3.6/site-packages/airflow/example_dags/tutorial.py took 0.070 seconds
[2025-12-13 16:58:17,976] {processor.py:163} INFO - Started process (PID=684) to work on /home/airflow/.local/lib/python3.6/site-packages/airflow/example_dags/tutorial.py
[2025-12-13 16:58:17,977] {processor.py:642} INFO - Processing file /home/airflow/.local/lib/python3.6/site-packages/airflow/example_dags/tutorial.py for tasks to queue
[2025-12-13 16:58:17,977] {logging_mixin.py:109} INFO - [2025-12-13 16:58:17,977] {dagbag.py:500} INFO - Filling up the DagBag from /home/airflow/.local/lib/python3.6/site-packages/airflow/example_dags/tutorial.py
[2025-12-13 16:58:18,007] {processor.py:654} INFO - DAG(s) dict_keys(['tutorial']) retrieved from /home/airflow/.local/lib/python3.6/site-packages/airflow/example_dags/tutorial.py
[2025-12-13 16:58:18,015] {logging_mixin.py:109} INFO - [2025-12-13 16:58:18,015] {dag.py:2396} INFO - Sync 1 DAGs
[2025-12-13 16:58:18,029] {logging_mixin.py:109} INFO - [2025-12-13 16:58:18,029] {dag.py:2935} INFO - Setting next_dagrun for tutorial to 2025-12-12T16:58:18.028835+00:00
[2025-12-13 16:58:18,036] {processor.py:171} INFO - Processing /home/airflow/.local/lib/python3.6/site-packages/airflow/example_dags/tutorial.py took 0.064 seconds
[2025-12-13 16:58:49,387] {processor.py:163} INFO - Started process (PID=746) to work on /home/airflow/.local/lib/python3.6/site-packages/airflow/example_dags/tutorial.py
[2025-12-13 16:58:49,388] {processor.py:642} INFO - Processing file /home/airflow/.local/lib/python3.6/site-packages/airflow/example_dags/tutorial.py for tasks to queue
[2025-12-13 16:58:49,389] {logging_mixin.py:109} INFO - [2025-12-13 16:58:49,389] {dagbag.py:500} INFO - Filling up the DagBag from /home/airflow/.local/lib/python3.6/site-packages/airflow/example_dags/tutorial.py
[2025-12-13 16:58:49,425] {processor.py:654} INFO - DAG(s) dict_keys(['tutorial']) retrieved from /home/airflow/.local/lib/python3.6/site-packages/airflow/example_dags/tutorial.py
[2025-12-13 16:58:49,435] {logging_mixin.py:109} INFO - [2025-12-13 16:58:49,435] {dag.py:2396} INFO - Sync 1 DAGs
[2025-12-13 16:58:49,451] {logging_mixin.py:109} INFO - [2025-12-13 16:58:49,451] {dag.py:2935} INFO - Setting next_dagrun for tutorial to 2025-12-12T16:58:49.451003+00:00
[2025-12-13 16:58:49,469] {processor.py:171} INFO - Processing /home/airflow/.local/lib/python3.6/site-packages/airflow/example_dags/tutorial.py took 0.086 seconds
[2025-12-13 16:59:19,753] {processor.py:163} INFO - Started process (PID=808) to work on /home/airflow/.local/lib/python3.6/site-packages/airflow/example_dags/tutorial.py
[2025-12-13 16:59:19,754] {processor.py:642} INFO - Processing file /home/airflow/.local/lib/python3.6/site-packages/airflow/example_dags/tutorial.py for tasks to queue
[2025-12-13 16:59:19,755] {logging_mixin.py:109} INFO - [2025-12-13 16:59:19,755] {dagbag.py:500} INFO - Filling up the DagBag from /home/airflow/.local/lib/python3.6/site-packages/airflow/example_dags/tutorial.py
[2025-12-13 16:59:19,788] {processor.py:654} INFO - DAG(s) dict_keys(['tutorial']) retrieved from /home/airflow/.local/lib/python3.6/site-packages/airflow/example_dags/tutorial.py
[2025-12-13 16:59:19,798] {logging_mixin.py:109} INFO - [2025-12-13 16:59:19,798] {dag.py:2396} INFO - Sync 1 DAGs
[2025-12-13 16:59:19,813] {logging_mixin.py:109} INFO - [2025-12-13 16:59:19,812] {dag.py:2935} INFO - Setting next_dagrun for tutorial to 2025-12-12T16:59:19.812701+00:00
[2025-12-13 16:59:19,821] {processor.py:171} INFO - Processing /home/airflow/.local/lib/python3.6/site-packages/airflow/example_dags/tutorial.py took 0.073 seconds
[2025-12-13 16:59:51,174] {processor.py:163} INFO - Started process (PID=860) to work on /home/airflow/.local/lib/python3.6/site-packages/airflow/example_dags/tutorial.py
[2025-12-13 16:59:51,178] {processor.py:642} INFO - Processing file /home/airflow/.local/lib/python3.6/site-packages/airflow/example_dags/tutorial.py for tasks to queue
[2025-12-13 16:59:51,179] {logging_mixin.py:109} INFO - [2025-12-13 16:59:51,179] {dagbag.py:500} INFO - Filling up the DagBag from /home/airflow/.local/lib/python3.6/site-packages/airflow/example_dags/tutorial.py
[2025-12-13 16:59:51,224] {processor.py:654} INFO - DAG(s) dict_keys(['tutorial']) retrieved from /home/airflow/.local/lib/python3.6/site-packages/airflow/example_dags/tutorial.py
[2025-12-13 16:59:51,242] {logging_mixin.py:109} INFO - [2025-12-13 16:59:51,242] {dag.py:2396} INFO - Sync 1 DAGs
[2025-12-13 16:59:51,263] {logging_mixin.py:109} INFO - [2025-12-13 16:59:51,263] {dag.py:2935} INFO - Setting next_dagrun for tutorial to 2025-12-12T16:59:51.263163+00:00
[2025-12-13 16:59:51,277] {processor.py:171} INFO - Processing /home/airflow/.local/lib/python3.6/site-packages/airflow/example_dags/tutorial.py took 0.111 seconds
