[2025-12-21 18:36:33,006] {taskinstance.py:1032} INFO - Dependencies all met for <TaskInstance: SolovevEgor_HW_05_ds_2025.fill_table__order_items scheduled__2025-12-21T18:36:10.041043+00:00 [queued]>
[2025-12-21 18:36:33,043] {taskinstance.py:1032} INFO - Dependencies all met for <TaskInstance: SolovevEgor_HW_05_ds_2025.fill_table__order_items scheduled__2025-12-21T18:36:10.041043+00:00 [queued]>
[2025-12-21 18:36:33,043] {taskinstance.py:1238} INFO - 
--------------------------------------------------------------------------------
[2025-12-21 18:36:33,044] {taskinstance.py:1239} INFO - Starting attempt 1 of 2
[2025-12-21 18:36:33,044] {taskinstance.py:1240} INFO - 
--------------------------------------------------------------------------------
[2025-12-21 18:36:33,071] {taskinstance.py:1259} INFO - Executing <Task(PostgresOperator): fill_table__order_items> on 2025-12-21 18:36:10.041043+00:00
[2025-12-21 18:36:33,082] {standard_task_runner.py:52} INFO - Started process 7853 to run task
[2025-12-21 18:36:33,093] {standard_task_runner.py:76} INFO - Running: ['***', 'tasks', 'run', 'SolovevEgor_HW_05_ds_2025', 'fill_table__order_items', 'scheduled__2025-12-21T18:36:10.041043+00:00', '--job-id', '863', '--raw', '--subdir', 'DAGS_FOLDER/SolovevEgor_HW_06_ds_2025.py', '--cfg-path', '/tmp/tmp_cwhl4mm', '--error-file', '/tmp/tmp91ysn3ez']
[2025-12-21 18:36:33,094] {standard_task_runner.py:77} INFO - Job 863: Subtask fill_table__order_items
[2025-12-21 18:36:33,245] {logging_mixin.py:109} INFO - Running <TaskInstance: SolovevEgor_HW_05_ds_2025.fill_table__order_items scheduled__2025-12-21T18:36:10.041043+00:00 [running]> on host b97b26732d6a
[2025-12-21 18:36:33,433] {taskinstance.py:1426} INFO - Exporting the following env vars:
AIRFLOW_CTX_DAG_OWNER=Solovev Egor
AIRFLOW_CTX_DAG_ID=SolovevEgor_HW_05_ds_2025
AIRFLOW_CTX_TASK_ID=fill_table__order_items
AIRFLOW_CTX_EXECUTION_DATE=2025-12-21T18:36:10.041043+00:00
AIRFLOW_CTX_DAG_RUN_ID=scheduled__2025-12-21T18:36:10.041043+00:00
[2025-12-21 18:36:33,459] {base.py:79} INFO - Using connection to: id: postgresql. Host: postgres, Port: 5432, Schema: postgres, Login: ***, Password: ***, extra: {}
[2025-12-21 18:36:33,481] {dbapi.py:225} INFO - Running statement: 
                COPY order_items FROM '/opt/***/data_files/order_items.csv'
                DELIMITER ',' CSV HEADER;
        , parameters: None
[2025-12-21 18:36:33,657] {dbapi.py:233} INFO - Rows affected: 20000
[2025-12-21 18:36:33,996] {taskinstance.py:1277} INFO - Marking task as SUCCESS. dag_id=SolovevEgor_HW_05_ds_2025, task_id=fill_table__order_items, execution_date=20251221T183610, start_date=20251221T183633, end_date=20251221T183633
[2025-12-21 18:36:34,099] {local_task_job.py:154} INFO - Task exited with return code 0
[2025-12-21 18:36:34,253] {local_task_job.py:264} INFO - 0 downstream tasks scheduled from follow-on schedule check
