[2025-12-21 19:24:08,274] {taskinstance.py:1032} INFO - Dependencies all met for <TaskInstance: SolovevEgor_HW_05_ds_2025.fill_table__customer scheduled__2025-12-21T19:23:49.693354+00:00 [queued]>
[2025-12-21 19:24:08,285] {taskinstance.py:1032} INFO - Dependencies all met for <TaskInstance: SolovevEgor_HW_05_ds_2025.fill_table__customer scheduled__2025-12-21T19:23:49.693354+00:00 [queued]>
[2025-12-21 19:24:08,285] {taskinstance.py:1238} INFO - 
--------------------------------------------------------------------------------
[2025-12-21 19:24:08,285] {taskinstance.py:1239} INFO - Starting attempt 1 of 2
[2025-12-21 19:24:08,285] {taskinstance.py:1240} INFO - 
--------------------------------------------------------------------------------
[2025-12-21 19:24:08,295] {taskinstance.py:1259} INFO - Executing <Task(PostgresOperator): fill_table__customer> on 2025-12-21 19:23:49.693354+00:00
[2025-12-21 19:24:08,304] {standard_task_runner.py:76} INFO - Running: ['***', 'tasks', 'run', 'SolovevEgor_HW_05_ds_2025', 'fill_table__customer', 'scheduled__2025-12-21T19:23:49.693354+00:00', '--job-id', '2512', '--raw', '--subdir', 'DAGS_FOLDER/SolovevEgor_HW_06_ds_2025.py', '--cfg-path', '/tmp/tmp9o39l_v3', '--error-file', '/tmp/tmprg1bk0du']
[2025-12-21 19:24:08,305] {standard_task_runner.py:77} INFO - Job 2512: Subtask fill_table__customer
[2025-12-21 19:24:08,300] {standard_task_runner.py:52} INFO - Started process 403 to run task
[2025-12-21 19:24:08,380] {logging_mixin.py:109} INFO - Running <TaskInstance: SolovevEgor_HW_05_ds_2025.fill_table__customer scheduled__2025-12-21T19:23:49.693354+00:00 [running]> on host ed73df1569bc
[2025-12-21 19:24:08,445] {taskinstance.py:1426} INFO - Exporting the following env vars:
AIRFLOW_CTX_DAG_OWNER=Solovev Egor
AIRFLOW_CTX_DAG_ID=SolovevEgor_HW_05_ds_2025
AIRFLOW_CTX_TASK_ID=fill_table__customer
AIRFLOW_CTX_EXECUTION_DATE=2025-12-21T19:23:49.693354+00:00
AIRFLOW_CTX_DAG_RUN_ID=scheduled__2025-12-21T19:23:49.693354+00:00
[2025-12-21 19:24:08,457] {base.py:79} INFO - Using connection to: id: postgresql. Host: postgres, Port: 5432, Schema: postgres, Login: ***, Password: ***, extra: {}
[2025-12-21 19:24:08,463] {dbapi.py:225} INFO - Running statement: 
                COPY customer FROM '/opt/***/data_files/customer.csv'
                DELIMITER ';' CSV HEADER;
        , parameters: None
[2025-12-21 19:24:08,482] {dbapi.py:233} INFO - Rows affected: 4000
[2025-12-21 19:24:08,503] {taskinstance.py:1277} INFO - Marking task as SUCCESS. dag_id=SolovevEgor_HW_05_ds_2025, task_id=fill_table__customer, execution_date=20251221T192349, start_date=20251221T192408, end_date=20251221T192408
[2025-12-21 19:24:08,562] {local_task_job.py:154} INFO - Task exited with return code 0
[2025-12-21 19:24:08,598] {local_task_job.py:264} INFO - 2 downstream tasks scheduled from follow-on schedule check
