[2025-12-21 18:38:05,483] {taskinstance.py:1032} INFO - Dependencies all met for <TaskInstance: SolovevEgor_HW_05_ds_2025.fill_table__orders scheduled__2025-12-21T18:32:40.354627+00:00 [queued]>
[2025-12-21 18:38:05,517] {taskinstance.py:1032} INFO - Dependencies all met for <TaskInstance: SolovevEgor_HW_05_ds_2025.fill_table__orders scheduled__2025-12-21T18:32:40.354627+00:00 [queued]>
[2025-12-21 18:38:05,517] {taskinstance.py:1238} INFO - 
--------------------------------------------------------------------------------
[2025-12-21 18:38:05,518] {taskinstance.py:1239} INFO - Starting attempt 1 of 2
[2025-12-21 18:38:05,518] {taskinstance.py:1240} INFO - 
--------------------------------------------------------------------------------
[2025-12-21 18:38:05,570] {taskinstance.py:1259} INFO - Executing <Task(PostgresOperator): fill_table__orders> on 2025-12-21 18:32:40.354627+00:00
[2025-12-21 18:38:05,590] {standard_task_runner.py:52} INFO - Started process 8015 to run task
[2025-12-21 18:38:05,607] {standard_task_runner.py:76} INFO - Running: ['***', 'tasks', 'run', 'SolovevEgor_HW_05_ds_2025', 'fill_table__orders', 'scheduled__2025-12-21T18:32:40.354627+00:00', '--job-id', '921', '--raw', '--subdir', 'DAGS_FOLDER/SolovevEgor_HW_06_ds_2025.py', '--cfg-path', '/tmp/tmp6izio0ik', '--error-file', '/tmp/tmp60iqt4_v']
[2025-12-21 18:38:05,614] {standard_task_runner.py:77} INFO - Job 921: Subtask fill_table__orders
[2025-12-21 18:38:05,839] {logging_mixin.py:109} INFO - Running <TaskInstance: SolovevEgor_HW_05_ds_2025.fill_table__orders scheduled__2025-12-21T18:32:40.354627+00:00 [running]> on host b97b26732d6a
[2025-12-21 18:38:06,089] {taskinstance.py:1426} INFO - Exporting the following env vars:
AIRFLOW_CTX_DAG_OWNER=Solovev Egor
AIRFLOW_CTX_DAG_ID=SolovevEgor_HW_05_ds_2025
AIRFLOW_CTX_TASK_ID=fill_table__orders
AIRFLOW_CTX_EXECUTION_DATE=2025-12-21T18:32:40.354627+00:00
AIRFLOW_CTX_DAG_RUN_ID=scheduled__2025-12-21T18:32:40.354627+00:00
[2025-12-21 18:38:06,124] {base.py:79} INFO - Using connection to: id: postgresql. Host: postgres, Port: 5432, Schema: postgres, Login: ***, Password: ***, extra: {}
[2025-12-21 18:38:06,137] {dbapi.py:225} INFO - Running statement: 
                COPY orders FROM '/opt/***/data_files/orders.csv'
                DELIMITER ',' CSV HEADER;
        , parameters: None
[2025-12-21 18:38:06,353] {dbapi.py:233} INFO - Rows affected: 20000
[2025-12-21 18:38:06,395] {taskinstance.py:1277} INFO - Marking task as SUCCESS. dag_id=SolovevEgor_HW_05_ds_2025, task_id=fill_table__orders, execution_date=20251221T183240, start_date=20251221T183805, end_date=20251221T183806
[2025-12-21 18:38:06,484] {local_task_job.py:154} INFO - Task exited with return code 0
[2025-12-21 18:38:06,587] {local_task_job.py:264} INFO - 0 downstream tasks scheduled from follow-on schedule check
