[2025-12-21 18:46:45,708] {taskinstance.py:1032} INFO - Dependencies all met for <TaskInstance: SolovevEgor_HW_05_ds_2025.fill_table__orders scheduled__2025-12-21T18:46:19.626412+00:00 [queued]>
[2025-12-21 18:46:45,761] {taskinstance.py:1032} INFO - Dependencies all met for <TaskInstance: SolovevEgor_HW_05_ds_2025.fill_table__orders scheduled__2025-12-21T18:46:19.626412+00:00 [queued]>
[2025-12-21 18:46:45,761] {taskinstance.py:1238} INFO - 
--------------------------------------------------------------------------------
[2025-12-21 18:46:45,762] {taskinstance.py:1239} INFO - Starting attempt 1 of 2
[2025-12-21 18:46:45,762] {taskinstance.py:1240} INFO - 
--------------------------------------------------------------------------------
[2025-12-21 18:46:45,827] {taskinstance.py:1259} INFO - Executing <Task(PostgresOperator): fill_table__orders> on 2025-12-21 18:46:19.626412+00:00
[2025-12-21 18:46:45,865] {standard_task_runner.py:76} INFO - Running: ['***', 'tasks', 'run', 'SolovevEgor_HW_05_ds_2025', 'fill_table__orders', 'scheduled__2025-12-21T18:46:19.626412+00:00', '--job-id', '1253', '--raw', '--subdir', 'DAGS_FOLDER/SolovevEgor_HW_06_ds_2025.py', '--cfg-path', '/tmp/tmp9apev8k3', '--error-file', '/tmp/tmpherp12yg']
[2025-12-21 18:46:45,875] {standard_task_runner.py:77} INFO - Job 1253: Subtask fill_table__orders
[2025-12-21 18:46:45,849] {standard_task_runner.py:52} INFO - Started process 8960 to run task
[2025-12-21 18:46:46,268] {logging_mixin.py:109} INFO - Running <TaskInstance: SolovevEgor_HW_05_ds_2025.fill_table__orders scheduled__2025-12-21T18:46:19.626412+00:00 [running]> on host b97b26732d6a
[2025-12-21 18:46:46,635] {taskinstance.py:1426} INFO - Exporting the following env vars:
AIRFLOW_CTX_DAG_OWNER=Solovev Egor
AIRFLOW_CTX_DAG_ID=SolovevEgor_HW_05_ds_2025
AIRFLOW_CTX_TASK_ID=fill_table__orders
AIRFLOW_CTX_EXECUTION_DATE=2025-12-21T18:46:19.626412+00:00
AIRFLOW_CTX_DAG_RUN_ID=scheduled__2025-12-21T18:46:19.626412+00:00
[2025-12-21 18:46:46,686] {base.py:79} INFO - Using connection to: id: postgresql. Host: postgres, Port: 5432, Schema: postgres, Login: ***, Password: ***, extra: {}
[2025-12-21 18:46:46,709] {dbapi.py:225} INFO - Running statement: 
                COPY orders FROM '/opt/***/data_files/orders.csv'
                DELIMITER ',' CSV HEADER;
        , parameters: None
[2025-12-21 18:46:47,006] {dbapi.py:233} INFO - Rows affected: 20000
[2025-12-21 18:46:47,093] {taskinstance.py:1277} INFO - Marking task as SUCCESS. dag_id=SolovevEgor_HW_05_ds_2025, task_id=fill_table__orders, execution_date=20251221T184619, start_date=20251221T184645, end_date=20251221T184647
[2025-12-21 18:46:47,211] {local_task_job.py:154} INFO - Task exited with return code 0
[2025-12-21 18:46:47,422] {local_task_job.py:264} INFO - 2 downstream tasks scheduled from follow-on schedule check
