[2025-12-21 19:54:14,919] {taskinstance.py:1032} INFO - Dependencies all met for <TaskInstance: SolovevEgor_HW_05_ds_2025.run_query2 manual__2025-12-21T19:54:03.916297+00:00 [queued]>
[2025-12-21 19:54:14,949] {taskinstance.py:1032} INFO - Dependencies all met for <TaskInstance: SolovevEgor_HW_05_ds_2025.run_query2 manual__2025-12-21T19:54:03.916297+00:00 [queued]>
[2025-12-21 19:54:14,949] {taskinstance.py:1238} INFO - 
--------------------------------------------------------------------------------
[2025-12-21 19:54:14,950] {taskinstance.py:1239} INFO - Starting attempt 1 of 2
[2025-12-21 19:54:14,950] {taskinstance.py:1240} INFO - 
--------------------------------------------------------------------------------
[2025-12-21 19:54:14,981] {taskinstance.py:1259} INFO - Executing <Task(PythonOperator): run_query2> on 2025-12-21 19:54:03.916297+00:00
[2025-12-21 19:54:15,003] {standard_task_runner.py:76} INFO - Running: ['***', 'tasks', 'run', 'SolovevEgor_HW_05_ds_2025', 'run_query2', 'manual__2025-12-21T19:54:03.916297+00:00', '--job-id', '3215', '--raw', '--subdir', 'DAGS_FOLDER/SolovevEgor_HW_06_ds_2025.py', '--cfg-path', '/tmp/tmp_rhcf1nu', '--error-file', '/tmp/tmpup0wdfk3']
[2025-12-21 19:54:15,004] {standard_task_runner.py:77} INFO - Job 3215: Subtask run_query2
[2025-12-21 19:54:14,996] {standard_task_runner.py:52} INFO - Started process 608 to run task
[2025-12-21 19:54:15,127] {logging_mixin.py:109} INFO - Running <TaskInstance: SolovevEgor_HW_05_ds_2025.run_query2 manual__2025-12-21T19:54:03.916297+00:00 [running]> on host f4f0113aed8c
[2025-12-21 19:54:15,223] {taskinstance.py:1426} INFO - Exporting the following env vars:
AIRFLOW_CTX_DAG_OWNER=Solovev Egor
AIRFLOW_CTX_DAG_ID=SolovevEgor_HW_05_ds_2025
AIRFLOW_CTX_TASK_ID=run_query2
AIRFLOW_CTX_EXECUTION_DATE=2025-12-21T19:54:03.916297+00:00
AIRFLOW_CTX_DAG_RUN_ID=manual__2025-12-21T19:54:03.916297+00:00
[2025-12-21 19:54:15,728] {base.py:79} INFO - Using connection to: id: postgresql. Host: postgres, Port: 5432, Schema: postgres, Login: ***, Password: ***, extra: {}
[2025-12-21 19:54:15,808] {python.py:175} INFO - Done. Returned value was: 0
[2025-12-21 19:54:15,836] {taskinstance.py:1277} INFO - Marking task as SUCCESS. dag_id=SolovevEgor_HW_05_ds_2025, task_id=run_query2, execution_date=20251221T195403, start_date=20251221T195414, end_date=20251221T195415
[2025-12-21 19:54:15,879] {local_task_job.py:154} INFO - Task exited with return code 0
[2025-12-21 19:54:15,914] {local_task_job.py:264} INFO - 0 downstream tasks scheduled from follow-on schedule check
