[2025-12-21 19:55:09,793] {taskinstance.py:1032} INFO - Dependencies all met for <TaskInstance: SolovevEgor_HW_05_ds_2025.fill_table__product manual__2025-12-21T19:55:01.999248+00:00 [queued]>
[2025-12-21 19:55:09,828] {taskinstance.py:1032} INFO - Dependencies all met for <TaskInstance: SolovevEgor_HW_05_ds_2025.fill_table__product manual__2025-12-21T19:55:01.999248+00:00 [queued]>
[2025-12-21 19:55:09,833] {taskinstance.py:1238} INFO - 
--------------------------------------------------------------------------------
[2025-12-21 19:55:09,833] {taskinstance.py:1239} INFO - Starting attempt 1 of 2
[2025-12-21 19:55:09,834] {taskinstance.py:1240} INFO - 
--------------------------------------------------------------------------------
[2025-12-21 19:55:09,873] {taskinstance.py:1259} INFO - Executing <Task(PostgresOperator): fill_table__product> on 2025-12-21 19:55:01.999248+00:00
[2025-12-21 19:55:09,882] {standard_task_runner.py:52} INFO - Started process 713 to run task
[2025-12-21 19:55:09,920] {standard_task_runner.py:76} INFO - Running: ['***', 'tasks', 'run', 'SolovevEgor_HW_05_ds_2025', 'fill_table__product', 'manual__2025-12-21T19:55:01.999248+00:00', '--job-id', '3250', '--raw', '--subdir', 'DAGS_FOLDER/SolovevEgor_HW_06_ds_2025.py', '--cfg-path', '/tmp/tmppbfcu2h9', '--error-file', '/tmp/tmpz3596yk9']
[2025-12-21 19:55:09,921] {standard_task_runner.py:77} INFO - Job 3250: Subtask fill_table__product
[2025-12-21 19:55:10,041] {logging_mixin.py:109} INFO - Running <TaskInstance: SolovevEgor_HW_05_ds_2025.fill_table__product manual__2025-12-21T19:55:01.999248+00:00 [running]> on host f4f0113aed8c
[2025-12-21 19:55:10,192] {taskinstance.py:1426} INFO - Exporting the following env vars:
AIRFLOW_CTX_DAG_OWNER=Solovev Egor
AIRFLOW_CTX_DAG_ID=SolovevEgor_HW_05_ds_2025
AIRFLOW_CTX_TASK_ID=fill_table__product
AIRFLOW_CTX_EXECUTION_DATE=2025-12-21T19:55:01.999248+00:00
AIRFLOW_CTX_DAG_RUN_ID=manual__2025-12-21T19:55:01.999248+00:00
[2025-12-21 19:55:10,228] {base.py:79} INFO - Using connection to: id: postgresql. Host: postgres, Port: 5432, Schema: postgres, Login: ***, Password: ***, extra: {}
[2025-12-21 19:55:10,242] {dbapi.py:225} INFO - Running statement: 
                COPY product FROM '/opt/***/data_files/product.csv'
                DELIMITER ',' CSV HEADER;
        , parameters: None
[2025-12-21 19:55:10,248] {dbapi.py:233} INFO - Rows affected: 190
[2025-12-21 19:55:10,300] {taskinstance.py:1277} INFO - Marking task as SUCCESS. dag_id=SolovevEgor_HW_05_ds_2025, task_id=fill_table__product, execution_date=20251221T195501, start_date=20251221T195509, end_date=20251221T195510
[2025-12-21 19:55:10,382] {local_task_job.py:154} INFO - Task exited with return code 0
[2025-12-21 19:55:10,506] {local_task_job.py:264} INFO - 0 downstream tasks scheduled from follow-on schedule check
