[2025-12-21 20:01:53,659] {taskinstance.py:1032} INFO - Dependencies all met for <TaskInstance: SolovevEgor_HW_05_ds_2025.fill_table__order_items scheduled__2025-12-21T20:01:34.873629+00:00 [queued]>
[2025-12-21 20:01:53,672] {taskinstance.py:1032} INFO - Dependencies all met for <TaskInstance: SolovevEgor_HW_05_ds_2025.fill_table__order_items scheduled__2025-12-21T20:01:34.873629+00:00 [queued]>
[2025-12-21 20:01:53,672] {taskinstance.py:1238} INFO - 
--------------------------------------------------------------------------------
[2025-12-21 20:01:53,672] {taskinstance.py:1239} INFO - Starting attempt 1 of 2
[2025-12-21 20:01:53,673] {taskinstance.py:1240} INFO - 
--------------------------------------------------------------------------------
[2025-12-21 20:01:53,684] {taskinstance.py:1259} INFO - Executing <Task(PostgresOperator): fill_table__order_items> on 2025-12-21 20:01:34.873629+00:00
[2025-12-21 20:01:53,694] {standard_task_runner.py:76} INFO - Running: ['***', 'tasks', 'run', 'SolovevEgor_HW_05_ds_2025', 'fill_table__order_items', 'scheduled__2025-12-21T20:01:34.873629+00:00', '--job-id', '3427', '--raw', '--subdir', 'DAGS_FOLDER/SolovevEgor_HW_06_ds_2025.py', '--cfg-path', '/tmp/tmpn_uclcxg', '--error-file', '/tmp/tmpsie9ytw_']
[2025-12-21 20:01:53,695] {standard_task_runner.py:77} INFO - Job 3427: Subtask fill_table__order_items
[2025-12-21 20:01:53,689] {standard_task_runner.py:52} INFO - Started process 181 to run task
[2025-12-21 20:01:53,766] {logging_mixin.py:109} INFO - Running <TaskInstance: SolovevEgor_HW_05_ds_2025.fill_table__order_items scheduled__2025-12-21T20:01:34.873629+00:00 [running]> on host 6bc1d04857cc
[2025-12-21 20:01:53,833] {taskinstance.py:1426} INFO - Exporting the following env vars:
AIRFLOW_CTX_DAG_OWNER=Solovev Egor
AIRFLOW_CTX_DAG_ID=SolovevEgor_HW_05_ds_2025
AIRFLOW_CTX_TASK_ID=fill_table__order_items
AIRFLOW_CTX_EXECUTION_DATE=2025-12-21T20:01:34.873629+00:00
AIRFLOW_CTX_DAG_RUN_ID=scheduled__2025-12-21T20:01:34.873629+00:00
[2025-12-21 20:01:53,845] {base.py:79} INFO - Using connection to: id: postgresql. Host: postgres, Port: 5432, Schema: postgres, Login: ***, Password: ***, extra: {}
[2025-12-21 20:01:53,850] {dbapi.py:225} INFO - Running statement: 
                COPY order_items FROM '/opt/***/data_files/order_items.csv'
                DELIMITER ',' CSV HEADER;
        , parameters: None
[2025-12-21 20:01:53,933] {dbapi.py:233} INFO - Rows affected: 20000
[2025-12-21 20:01:53,951] {taskinstance.py:1277} INFO - Marking task as SUCCESS. dag_id=SolovevEgor_HW_05_ds_2025, task_id=fill_table__order_items, execution_date=20251221T200134, start_date=20251221T200153, end_date=20251221T200153
[2025-12-21 20:01:53,992] {local_task_job.py:154} INFO - Task exited with return code 0
[2025-12-21 20:01:54,026] {local_task_job.py:264} INFO - 2 downstream tasks scheduled from follow-on schedule check
