[2025-12-21 12:54:34,104] {taskinstance.py:1032} INFO - Dependencies all met for <TaskInstance: my_new_docker_dag.start_greeting scheduled__2025-12-20T12:54:20.828374+00:00 [queued]>
[2025-12-21 12:54:34,112] {taskinstance.py:1032} INFO - Dependencies all met for <TaskInstance: my_new_docker_dag.start_greeting scheduled__2025-12-20T12:54:20.828374+00:00 [queued]>
[2025-12-21 12:54:34,113] {taskinstance.py:1238} INFO - 
--------------------------------------------------------------------------------
[2025-12-21 12:54:34,113] {taskinstance.py:1239} INFO - Starting attempt 1 of 2
[2025-12-21 12:54:34,113] {taskinstance.py:1240} INFO - 
--------------------------------------------------------------------------------
[2025-12-21 12:54:34,121] {taskinstance.py:1259} INFO - Executing <Task(BashOperator): start_greeting> on 2025-12-20 12:54:20.828374+00:00
[2025-12-21 12:54:34,132] {standard_task_runner.py:76} INFO - Running: ['***', 'tasks', 'run', 'my_new_docker_dag', 'start_greeting', 'scheduled__2025-12-20T12:54:20.828374+00:00', '--job-id', '8', '--raw', '--subdir', 'DAGS_FOLDER/my_new_dag.py', '--cfg-path', '/tmp/tmpcnbxfh30', '--error-file', '/tmp/tmp5tb_qo2s']
[2025-12-21 12:54:34,133] {standard_task_runner.py:77} INFO - Job 8: Subtask start_greeting
[2025-12-21 12:54:34,127] {standard_task_runner.py:52} INFO - Started process 258 to run task
[2025-12-21 12:54:34,181] {logging_mixin.py:109} INFO - Running <TaskInstance: my_new_docker_dag.start_greeting scheduled__2025-12-20T12:54:20.828374+00:00 [running]> on host ee339cd127e9
[2025-12-21 12:54:34,222] {taskinstance.py:1426} INFO - Exporting the following env vars:
AIRFLOW_CTX_DAG_OWNER=***
AIRFLOW_CTX_DAG_ID=my_new_docker_dag
AIRFLOW_CTX_TASK_ID=start_greeting
AIRFLOW_CTX_EXECUTION_DATE=2025-12-20T12:54:20.828374+00:00
AIRFLOW_CTX_DAG_RUN_ID=scheduled__2025-12-20T12:54:20.828374+00:00
[2025-12-21 12:54:34,223] {subprocess.py:62} INFO - Tmp dir root location: 
 /tmp
[2025-12-21 12:54:34,224] {subprocess.py:74} INFO - Running command: ['bash', '-c', 'echo "Hello world!!Hello World!!"']
[2025-12-21 12:54:34,233] {subprocess.py:85} INFO - Output:
[2025-12-21 12:54:34,235] {subprocess.py:89} INFO - Hello world!!Hello World!!
[2025-12-21 12:54:34,235] {subprocess.py:93} INFO - Command exited with return code 0
[2025-12-21 12:54:34,260] {taskinstance.py:1277} INFO - Marking task as SUCCESS. dag_id=my_new_docker_dag, task_id=start_greeting, execution_date=20251220T125420, start_date=20251221T125434, end_date=20251221T125434
[2025-12-21 12:54:34,310] {local_task_job.py:154} INFO - Task exited with return code 0
[2025-12-21 12:54:34,341] {local_task_job.py:264} INFO - 1 downstream tasks scheduled from follow-on schedule check
