[2025-12-21 18:11:01,511] {taskinstance.py:1032} INFO - Dependencies all met for <TaskInstance: SolovevEgor_HW_05_ds_2025.fill_table__product scheduled__2025-12-21T18:10:42.291768+00:00 [queued]>
[2025-12-21 18:11:01,523] {taskinstance.py:1032} INFO - Dependencies all met for <TaskInstance: SolovevEgor_HW_05_ds_2025.fill_table__product scheduled__2025-12-21T18:10:42.291768+00:00 [queued]>
[2025-12-21 18:11:01,523] {taskinstance.py:1238} INFO - 
--------------------------------------------------------------------------------
[2025-12-21 18:11:01,523] {taskinstance.py:1239} INFO - Starting attempt 1 of 2
[2025-12-21 18:11:01,523] {taskinstance.py:1240} INFO - 
--------------------------------------------------------------------------------
[2025-12-21 18:11:01,531] {taskinstance.py:1259} INFO - Executing <Task(PostgresOperator): fill_table__product> on 2025-12-21 18:10:42.291768+00:00
[2025-12-21 18:11:01,539] {standard_task_runner.py:52} INFO - Started process 5826 to run task
[2025-12-21 18:11:01,543] {standard_task_runner.py:76} INFO - Running: ['***', 'tasks', 'run', 'SolovevEgor_HW_05_ds_2025', 'fill_table__product', 'scheduled__2025-12-21T18:10:42.291768+00:00', '--job-id', '367', '--raw', '--subdir', 'DAGS_FOLDER/SolovevEgor_HW_06_ds_2025.py', '--cfg-path', '/tmp/tmp8tb9od_p', '--error-file', '/tmp/tmpa3lydpkx']
[2025-12-21 18:11:01,544] {standard_task_runner.py:77} INFO - Job 367: Subtask fill_table__product
[2025-12-21 18:11:01,615] {logging_mixin.py:109} INFO - Running <TaskInstance: SolovevEgor_HW_05_ds_2025.fill_table__product scheduled__2025-12-21T18:10:42.291768+00:00 [running]> on host b97b26732d6a
[2025-12-21 18:11:01,672] {taskinstance.py:1426} INFO - Exporting the following env vars:
AIRFLOW_CTX_DAG_OWNER=Solovev Egor
AIRFLOW_CTX_DAG_ID=SolovevEgor_HW_05_ds_2025
AIRFLOW_CTX_TASK_ID=fill_table__product
AIRFLOW_CTX_EXECUTION_DATE=2025-12-21T18:10:42.291768+00:00
AIRFLOW_CTX_DAG_RUN_ID=scheduled__2025-12-21T18:10:42.291768+00:00
[2025-12-21 18:11:01,684] {base.py:79} INFO - Using connection to: id: postgresql. Host: postgres, Port: 5432, Schema: postgres, Login: ***, Password: ***, extra: {}
[2025-12-21 18:11:01,689] {dbapi.py:225} INFO - Running statement: 
                COPY product FROM '/opt/***/data_files/product.csv'
                DELIMITER ',' CSV HEADER;
        , parameters: None
[2025-12-21 18:11:01,690] {dbapi.py:233} INFO - Rows affected: 190
[2025-12-21 18:11:01,705] {taskinstance.py:1277} INFO - Marking task as SUCCESS. dag_id=SolovevEgor_HW_05_ds_2025, task_id=fill_table__product, execution_date=20251221T181042, start_date=20251221T181101, end_date=20251221T181101
[2025-12-21 18:11:01,755] {local_task_job.py:154} INFO - Task exited with return code 0
[2025-12-21 18:11:01,799] {local_task_job.py:264} INFO - 0 downstream tasks scheduled from follow-on schedule check
