[2025-12-21 19:08:16,315] {taskinstance.py:1032} INFO - Dependencies all met for <TaskInstance: SolovevEgor_HW_05_ds_2025.run_query1 manual__2025-12-21T19:08:12.075172+00:00 [queued]>
[2025-12-21 19:08:16,327] {taskinstance.py:1032} INFO - Dependencies all met for <TaskInstance: SolovevEgor_HW_05_ds_2025.run_query1 manual__2025-12-21T19:08:12.075172+00:00 [queued]>
[2025-12-21 19:08:16,327] {taskinstance.py:1238} INFO - 
--------------------------------------------------------------------------------
[2025-12-21 19:08:16,328] {taskinstance.py:1239} INFO - Starting attempt 1 of 2
[2025-12-21 19:08:16,328] {taskinstance.py:1240} INFO - 
--------------------------------------------------------------------------------
[2025-12-21 19:08:16,338] {taskinstance.py:1259} INFO - Executing <Task(PythonOperator): run_query1> on 2025-12-21 19:08:12.075172+00:00
[2025-12-21 19:08:16,346] {standard_task_runner.py:76} INFO - Running: ['***', 'tasks', 'run', 'SolovevEgor_HW_05_ds_2025', 'run_query1', 'manual__2025-12-21T19:08:12.075172+00:00', '--job-id', '2070', '--raw', '--subdir', 'DAGS_FOLDER/SolovevEgor_HW_06_ds_2025.py', '--cfg-path', '/tmp/tmp4deic9v7', '--error-file', '/tmp/tmp6vd1_f4y']
[2025-12-21 19:08:16,347] {standard_task_runner.py:77} INFO - Job 2070: Subtask run_query1
[2025-12-21 19:08:16,343] {standard_task_runner.py:52} INFO - Started process 11347 to run task
[2025-12-21 19:08:16,403] {logging_mixin.py:109} INFO - Running <TaskInstance: SolovevEgor_HW_05_ds_2025.run_query1 manual__2025-12-21T19:08:12.075172+00:00 [running]> on host b97b26732d6a
[2025-12-21 19:08:16,449] {taskinstance.py:1426} INFO - Exporting the following env vars:
AIRFLOW_CTX_DAG_OWNER=Solovev Egor
AIRFLOW_CTX_DAG_ID=SolovevEgor_HW_05_ds_2025
AIRFLOW_CTX_TASK_ID=run_query1
AIRFLOW_CTX_EXECUTION_DATE=2025-12-21T19:08:12.075172+00:00
AIRFLOW_CTX_DAG_RUN_ID=manual__2025-12-21T19:08:12.075172+00:00
[2025-12-21 19:08:16,663] {base.py:79} INFO - Using connection to: id: postgresql. Host: postgres, Port: 5432, Schema: postgres, Login: ***, Password: ***, extra: {}
[2025-12-21 19:08:16,696] {logging_mixin.py:109} INFO - Текущая директория: /opt/***
[2025-12-21 19:08:16,696] {logging_mixin.py:109} INFO - Полный путь: /opt/***/query5.sql
[2025-12-21 19:08:16,696] {python.py:175} INFO - Done. Returned value was: 1234567
[2025-12-21 19:08:16,716] {taskinstance.py:1277} INFO - Marking task as SUCCESS. dag_id=SolovevEgor_HW_05_ds_2025, task_id=run_query1, execution_date=20251221T190812, start_date=20251221T190816, end_date=20251221T190816
[2025-12-21 19:08:16,770] {local_task_job.py:154} INFO - Task exited with return code 0
[2025-12-21 19:08:16,799] {local_task_job.py:264} INFO - 0 downstream tasks scheduled from follow-on schedule check
