[2025-12-21 16:04:33,947] {taskinstance.py:1032} INFO - Dependencies all met for <TaskInstance: HomeWork6.fill_table__orders manual__2025-12-21T15:58:20.046220+00:00 [queued]>
[2025-12-21 16:04:33,956] {taskinstance.py:1032} INFO - Dependencies all met for <TaskInstance: HomeWork6.fill_table__orders manual__2025-12-21T15:58:20.046220+00:00 [queued]>
[2025-12-21 16:04:33,957] {taskinstance.py:1238} INFO - 
--------------------------------------------------------------------------------
[2025-12-21 16:04:33,957] {taskinstance.py:1239} INFO - Starting attempt 1 of 2
[2025-12-21 16:04:33,957] {taskinstance.py:1240} INFO - 
--------------------------------------------------------------------------------
[2025-12-21 16:04:33,965] {taskinstance.py:1259} INFO - Executing <Task(PostgresOperator): fill_table__orders> on 2025-12-21 15:58:20.046220+00:00
[2025-12-21 16:04:33,974] {standard_task_runner.py:76} INFO - Running: ['***', 'tasks', 'run', 'HomeWork6', 'fill_table__orders', 'manual__2025-12-21T15:58:20.046220+00:00', '--job-id', '187', '--raw', '--subdir', 'DAGS_FOLDER/HomeWork6.py', '--cfg-path', '/tmp/tmp7png6eva', '--error-file', '/tmp/tmp28xqb3vu']
[2025-12-21 16:04:33,975] {standard_task_runner.py:77} INFO - Job 187: Subtask fill_table__orders
[2025-12-21 16:04:33,970] {standard_task_runner.py:52} INFO - Started process 2829 to run task
[2025-12-21 16:04:34,049] {logging_mixin.py:109} INFO - Running <TaskInstance: HomeWork6.fill_table__orders manual__2025-12-21T15:58:20.046220+00:00 [running]> on host ee9896260e3b
[2025-12-21 16:04:34,129] {taskinstance.py:1426} INFO - Exporting the following env vars:
AIRFLOW_CTX_DAG_OWNER=Solovev Egor
AIRFLOW_CTX_DAG_ID=HomeWork6
AIRFLOW_CTX_TASK_ID=fill_table__orders
AIRFLOW_CTX_EXECUTION_DATE=2025-12-21T15:58:20.046220+00:00
AIRFLOW_CTX_DAG_RUN_ID=manual__2025-12-21T15:58:20.046220+00:00
[2025-12-21 16:04:34,140] {base.py:79} INFO - Using connection to: id: postgresql. Host: postgres, Port: 5432, Schema: postgres, Login: ***, Password: ***, extra: {}
[2025-12-21 16:04:34,145] {dbapi.py:225} INFO - Running statement: 
                COPY orders FROM '/opt/***/data_files/orders.csv'
                DELIMITER ',' CSV HEADER;
        , parameters: None
[2025-12-21 16:04:34,191] {dbapi.py:233} INFO - Rows affected: 20000
[2025-12-21 16:04:34,206] {taskinstance.py:1277} INFO - Marking task as SUCCESS. dag_id=HomeWork6, task_id=fill_table__orders, execution_date=20251221T155820, start_date=20251221T160433, end_date=20251221T160434
[2025-12-21 16:04:34,233] {local_task_job.py:154} INFO - Task exited with return code 0
[2025-12-21 16:04:34,264] {local_task_job.py:264} INFO - 0 downstream tasks scheduled from follow-on schedule check
