[2025-12-21 19:10:57,744] {taskinstance.py:1032} INFO - Dependencies all met for <TaskInstance: SolovevEgor_HW_05_ds_2025.fill_table__customer scheduled__2025-12-21T19:10:38.858510+00:00 [queued]>
[2025-12-21 19:10:57,753] {taskinstance.py:1032} INFO - Dependencies all met for <TaskInstance: SolovevEgor_HW_05_ds_2025.fill_table__customer scheduled__2025-12-21T19:10:38.858510+00:00 [queued]>
[2025-12-21 19:10:57,753] {taskinstance.py:1238} INFO - 
--------------------------------------------------------------------------------
[2025-12-21 19:10:57,754] {taskinstance.py:1239} INFO - Starting attempt 1 of 2
[2025-12-21 19:10:57,754] {taskinstance.py:1240} INFO - 
--------------------------------------------------------------------------------
[2025-12-21 19:10:57,762] {taskinstance.py:1259} INFO - Executing <Task(PostgresOperator): fill_table__customer> on 2025-12-21 19:10:38.858510+00:00
[2025-12-21 19:10:57,770] {standard_task_runner.py:76} INFO - Running: ['***', 'tasks', 'run', 'SolovevEgor_HW_05_ds_2025', 'fill_table__customer', 'scheduled__2025-12-21T19:10:38.858510+00:00', '--job-id', '2162', '--raw', '--subdir', 'DAGS_FOLDER/SolovevEgor_HW_06_ds_2025.py', '--cfg-path', '/tmp/tmpljntbov1', '--error-file', '/tmp/tmp1sfvz1kp']
[2025-12-21 19:10:57,771] {standard_task_runner.py:77} INFO - Job 2162: Subtask fill_table__customer
[2025-12-21 19:10:57,766] {standard_task_runner.py:52} INFO - Started process 11663 to run task
[2025-12-21 19:10:57,831] {logging_mixin.py:109} INFO - Running <TaskInstance: SolovevEgor_HW_05_ds_2025.fill_table__customer scheduled__2025-12-21T19:10:38.858510+00:00 [running]> on host b97b26732d6a
[2025-12-21 19:10:57,885] {taskinstance.py:1426} INFO - Exporting the following env vars:
AIRFLOW_CTX_DAG_OWNER=Solovev Egor
AIRFLOW_CTX_DAG_ID=SolovevEgor_HW_05_ds_2025
AIRFLOW_CTX_TASK_ID=fill_table__customer
AIRFLOW_CTX_EXECUTION_DATE=2025-12-21T19:10:38.858510+00:00
AIRFLOW_CTX_DAG_RUN_ID=scheduled__2025-12-21T19:10:38.858510+00:00
[2025-12-21 19:10:57,896] {base.py:79} INFO - Using connection to: id: postgresql. Host: postgres, Port: 5432, Schema: postgres, Login: ***, Password: ***, extra: {}
[2025-12-21 19:10:57,901] {dbapi.py:225} INFO - Running statement: 
                COPY customer FROM '/opt/***/data_files/customer.csv'
                DELIMITER ';' CSV HEADER;
        , parameters: None
[2025-12-21 19:10:57,920] {dbapi.py:233} INFO - Rows affected: 4000
[2025-12-21 19:10:57,936] {taskinstance.py:1277} INFO - Marking task as SUCCESS. dag_id=SolovevEgor_HW_05_ds_2025, task_id=fill_table__customer, execution_date=20251221T191038, start_date=20251221T191057, end_date=20251221T191057
[2025-12-21 19:10:57,988] {local_task_job.py:154} INFO - Task exited with return code 0
[2025-12-21 19:10:58,026] {local_task_job.py:264} INFO - 2 downstream tasks scheduled from follow-on schedule check
