[2025-12-21 20:14:48,780] {taskinstance.py:1032} INFO - Dependencies all met for <TaskInstance: SolovevEgor_HW_05_ds_2025.truncate_tables manual__2025-12-21T20:14:47.072630+00:00 [queued]>
[2025-12-21 20:14:48,788] {taskinstance.py:1032} INFO - Dependencies all met for <TaskInstance: SolovevEgor_HW_05_ds_2025.truncate_tables manual__2025-12-21T20:14:47.072630+00:00 [queued]>
[2025-12-21 20:14:48,788] {taskinstance.py:1238} INFO - 
--------------------------------------------------------------------------------
[2025-12-21 20:14:48,788] {taskinstance.py:1239} INFO - Starting attempt 1 of 2
[2025-12-21 20:14:48,788] {taskinstance.py:1240} INFO - 
--------------------------------------------------------------------------------
[2025-12-21 20:14:48,795] {taskinstance.py:1259} INFO - Executing <Task(PostgresOperator): truncate_tables> on 2025-12-21 20:14:47.072630+00:00
[2025-12-21 20:14:48,802] {standard_task_runner.py:76} INFO - Running: ['***', 'tasks', 'run', 'SolovevEgor_HW_05_ds_2025', 'truncate_tables', 'manual__2025-12-21T20:14:47.072630+00:00', '--job-id', '3487', '--raw', '--subdir', 'DAGS_FOLDER/SolovevEgor_HW_06_ds_2025.py', '--cfg-path', '/tmp/tmp15d1b9g5', '--error-file', '/tmp/tmphxvmd435']
[2025-12-21 20:14:48,803] {standard_task_runner.py:77} INFO - Job 3487: Subtask truncate_tables
[2025-12-21 20:14:48,799] {standard_task_runner.py:52} INFO - Started process 902 to run task
[2025-12-21 20:14:48,848] {logging_mixin.py:109} INFO - Running <TaskInstance: SolovevEgor_HW_05_ds_2025.truncate_tables manual__2025-12-21T20:14:47.072630+00:00 [running]> on host 6bc1d04857cc
[2025-12-21 20:14:48,888] {taskinstance.py:1426} INFO - Exporting the following env vars:
AIRFLOW_CTX_DAG_OWNER=Solovev Egor
AIRFLOW_CTX_DAG_ID=SolovevEgor_HW_05_ds_2025
AIRFLOW_CTX_TASK_ID=truncate_tables
AIRFLOW_CTX_EXECUTION_DATE=2025-12-21T20:14:47.072630+00:00
AIRFLOW_CTX_DAG_RUN_ID=manual__2025-12-21T20:14:47.072630+00:00
[2025-12-21 20:14:48,895] {base.py:79} INFO - Using connection to: id: postgresql. Host: postgres, Port: 5432, Schema: postgres, Login: ***, Password: ***, extra: {}
[2025-12-21 20:14:48,899] {dbapi.py:225} INFO - Running statement: truncate table customer, order_items, orders, product;, parameters: None
[2025-12-21 20:14:48,924] {taskinstance.py:1277} INFO - Marking task as SUCCESS. dag_id=SolovevEgor_HW_05_ds_2025, task_id=truncate_tables, execution_date=20251221T201447, start_date=20251221T201448, end_date=20251221T201448
[2025-12-21 20:14:48,939] {local_task_job.py:154} INFO - Task exited with return code 0
[2025-12-21 20:14:48,970] {local_task_job.py:264} INFO - 4 downstream tasks scheduled from follow-on schedule check
