[2025-12-21 19:01:30,666] {taskinstance.py:1032} INFO - Dependencies all met for <TaskInstance: SolovevEgor_HW_05_ds_2025.fill_table__customer scheduled__2025-12-21T19:01:08.858510+00:00 [queued]>
[2025-12-21 19:01:30,697] {taskinstance.py:1032} INFO - Dependencies all met for <TaskInstance: SolovevEgor_HW_05_ds_2025.fill_table__customer scheduled__2025-12-21T19:01:08.858510+00:00 [queued]>
[2025-12-21 19:01:30,698] {taskinstance.py:1238} INFO - 
--------------------------------------------------------------------------------
[2025-12-21 19:01:30,698] {taskinstance.py:1239} INFO - Starting attempt 1 of 2
[2025-12-21 19:01:30,698] {taskinstance.py:1240} INFO - 
--------------------------------------------------------------------------------
[2025-12-21 19:01:30,734] {taskinstance.py:1259} INFO - Executing <Task(PostgresOperator): fill_table__customer> on 2025-12-21 19:01:08.858510+00:00
[2025-12-21 19:01:30,755] {standard_task_runner.py:76} INFO - Running: ['***', 'tasks', 'run', 'SolovevEgor_HW_05_ds_2025', 'fill_table__customer', 'scheduled__2025-12-21T19:01:08.858510+00:00', '--job-id', '1833', '--raw', '--subdir', 'DAGS_FOLDER/SolovevEgor_HW_06_ds_2025.py', '--cfg-path', '/tmp/tmpi52vs7pi', '--error-file', '/tmp/tmpk8ki79ti']
[2025-12-21 19:01:30,757] {standard_task_runner.py:77} INFO - Job 1833: Subtask fill_table__customer
[2025-12-21 19:01:30,744] {standard_task_runner.py:52} INFO - Started process 10592 to run task
[2025-12-21 19:01:29,880] {logging_mixin.py:109} INFO - Running <TaskInstance: SolovevEgor_HW_05_ds_2025.fill_table__customer scheduled__2025-12-21T19:01:08.858510+00:00 [running]> on host b97b26732d6a
[2025-12-21 19:01:30,029] {taskinstance.py:1426} INFO - Exporting the following env vars:
AIRFLOW_CTX_DAG_OWNER=Solovev Egor
AIRFLOW_CTX_DAG_ID=SolovevEgor_HW_05_ds_2025
AIRFLOW_CTX_TASK_ID=fill_table__customer
AIRFLOW_CTX_EXECUTION_DATE=2025-12-21T19:01:08.858510+00:00
AIRFLOW_CTX_DAG_RUN_ID=scheduled__2025-12-21T19:01:08.858510+00:00
[2025-12-21 19:01:30,059] {base.py:79} INFO - Using connection to: id: postgresql. Host: postgres, Port: 5432, Schema: postgres, Login: ***, Password: ***, extra: {}
[2025-12-21 19:01:30,074] {dbapi.py:225} INFO - Running statement: 
                COPY customer FROM '/opt/***/data_files/customer.csv'
                DELIMITER ';' CSV HEADER;
        , parameters: None
[2025-12-21 19:01:30,144] {dbapi.py:233} INFO - Rows affected: 4000
[2025-12-21 19:01:30,215] {taskinstance.py:1277} INFO - Marking task as SUCCESS. dag_id=SolovevEgor_HW_05_ds_2025, task_id=fill_table__customer, execution_date=20251221T190108, start_date=20251221T190130, end_date=20251221T190130
[2025-12-21 19:01:30,283] {local_task_job.py:154} INFO - Task exited with return code 0
[2025-12-21 19:01:30,386] {local_task_job.py:264} INFO - 0 downstream tasks scheduled from follow-on schedule check
