[2025-12-21 18:52:14,643] {taskinstance.py:1032} INFO - Dependencies all met for <TaskInstance: SolovevEgor_HW_05_ds_2025.run_query1 scheduled__2025-12-21T18:51:44.286340+00:00 [queued]>
[2025-12-21 18:52:14,705] {taskinstance.py:1032} INFO - Dependencies all met for <TaskInstance: SolovevEgor_HW_05_ds_2025.run_query1 scheduled__2025-12-21T18:51:44.286340+00:00 [queued]>
[2025-12-21 18:52:14,705] {taskinstance.py:1238} INFO - 
--------------------------------------------------------------------------------
[2025-12-21 18:52:14,706] {taskinstance.py:1239} INFO - Starting attempt 1 of 2
[2025-12-21 18:52:14,706] {taskinstance.py:1240} INFO - 
--------------------------------------------------------------------------------
[2025-12-21 18:52:14,832] {taskinstance.py:1259} INFO - Executing <Task(PythonOperator): run_query1> on 2025-12-21 18:51:44.286340+00:00
[2025-12-21 18:52:14,858] {standard_task_runner.py:52} INFO - Started process 9557 to run task
[2025-12-21 18:52:14,881] {standard_task_runner.py:76} INFO - Running: ['***', 'tasks', 'run', 'SolovevEgor_HW_05_ds_2025', 'run_query1', 'scheduled__2025-12-21T18:51:44.286340+00:00', '--job-id', '1463', '--raw', '--subdir', 'DAGS_FOLDER/SolovevEgor_HW_06_ds_2025.py', '--cfg-path', '/tmp/tmpv26i6yb9', '--error-file', '/tmp/tmp46zuqqwo']
[2025-12-21 18:52:14,887] {standard_task_runner.py:77} INFO - Job 1463: Subtask run_query1
[2025-12-21 18:52:15,183] {logging_mixin.py:109} INFO - Running <TaskInstance: SolovevEgor_HW_05_ds_2025.run_query1 scheduled__2025-12-21T18:51:44.286340+00:00 [running]> on host b97b26732d6a
[2025-12-21 18:52:15,425] {taskinstance.py:1426} INFO - Exporting the following env vars:
AIRFLOW_CTX_DAG_OWNER=Solovev Egor
AIRFLOW_CTX_DAG_ID=SolovevEgor_HW_05_ds_2025
AIRFLOW_CTX_TASK_ID=run_query1
AIRFLOW_CTX_EXECUTION_DATE=2025-12-21T18:51:44.286340+00:00
AIRFLOW_CTX_DAG_RUN_ID=scheduled__2025-12-21T18:51:44.286340+00:00
[2025-12-21 18:52:16,420] {base.py:79} INFO - Using connection to: id: postgresql. Host: postgres, Port: 5432, Schema: postgres, Login: ***, Password: ***, extra: {}
[2025-12-21 18:52:16,621] {python.py:175} INFO - Done. Returned value was: None
[2025-12-21 18:52:16,913] {taskinstance.py:1277} INFO - Marking task as SUCCESS. dag_id=SolovevEgor_HW_05_ds_2025, task_id=run_query1, execution_date=20251221T185144, start_date=20251221T185214, end_date=20251221T185216
[2025-12-21 18:52:17,028] {local_task_job.py:154} INFO - Task exited with return code 0
[2025-12-21 18:52:17,199] {local_task_job.py:264} INFO - 0 downstream tasks scheduled from follow-on schedule check
