[2025-12-21 16:01:02,615] {taskinstance.py:1032} INFO - Dependencies all met for <TaskInstance: HomeWork6.fill_table__customer manual__2025-12-21T16:01:00.929373+00:00 [queued]>
[2025-12-21 16:01:02,623] {taskinstance.py:1032} INFO - Dependencies all met for <TaskInstance: HomeWork6.fill_table__customer manual__2025-12-21T16:01:00.929373+00:00 [queued]>
[2025-12-21 16:01:02,624] {taskinstance.py:1238} INFO - 
--------------------------------------------------------------------------------
[2025-12-21 16:01:02,624] {taskinstance.py:1239} INFO - Starting attempt 1 of 2
[2025-12-21 16:01:02,624] {taskinstance.py:1240} INFO - 
--------------------------------------------------------------------------------
[2025-12-21 16:01:02,632] {taskinstance.py:1259} INFO - Executing <Task(PostgresOperator): fill_table__customer> on 2025-12-21 16:01:00.929373+00:00
[2025-12-21 16:01:02,642] {standard_task_runner.py:76} INFO - Running: ['***', 'tasks', 'run', 'HomeWork6', 'fill_table__customer', 'manual__2025-12-21T16:01:00.929373+00:00', '--job-id', '182', '--raw', '--subdir', 'DAGS_FOLDER/HomeWork6.py', '--cfg-path', '/tmp/tmpa8z18j3w', '--error-file', '/tmp/tmp36kz7tbo']
[2025-12-21 16:01:02,643] {standard_task_runner.py:77} INFO - Job 182: Subtask fill_table__customer
[2025-12-21 16:01:02,638] {standard_task_runner.py:52} INFO - Started process 2646 to run task
[2025-12-21 16:01:02,706] {logging_mixin.py:109} INFO - Running <TaskInstance: HomeWork6.fill_table__customer manual__2025-12-21T16:01:00.929373+00:00 [running]> on host ee9896260e3b
[2025-12-21 16:01:02,761] {taskinstance.py:1426} INFO - Exporting the following env vars:
AIRFLOW_CTX_DAG_OWNER=Solovev Egor
AIRFLOW_CTX_DAG_ID=HomeWork6
AIRFLOW_CTX_TASK_ID=fill_table__customer
AIRFLOW_CTX_EXECUTION_DATE=2025-12-21T16:01:00.929373+00:00
AIRFLOW_CTX_DAG_RUN_ID=manual__2025-12-21T16:01:00.929373+00:00
[2025-12-21 16:01:02,770] {base.py:79} INFO - Using connection to: id: postgresql. Host: postgres, Port: 5432, Schema: postgres, Login: ***, Password: ***, extra: {}
[2025-12-21 16:01:02,775] {dbapi.py:225} INFO - Running statement: 
                COPY customer FROM '/opt/***/data_files/customer.csv'
                DELIMITER ';' CSV HEADER;
        , parameters: None
[2025-12-21 16:01:02,791] {dbapi.py:233} INFO - Rows affected: 4000
[2025-12-21 16:01:02,820] {taskinstance.py:1277} INFO - Marking task as SUCCESS. dag_id=HomeWork6, task_id=fill_table__customer, execution_date=20251221T160100, start_date=20251221T160102, end_date=20251221T160102
[2025-12-21 16:01:02,859] {local_task_job.py:154} INFO - Task exited with return code 0
[2025-12-21 16:01:02,895] {local_task_job.py:264} INFO - 0 downstream tasks scheduled from follow-on schedule check
