[2025-12-21 18:19:52,603] {taskinstance.py:1032} INFO - Dependencies all met for <TaskInstance: SolovevEgor_HW_05_ds_2025.fill_table__order_items scheduled__2025-12-21T18:19:34.372814+00:00 [queued]>
[2025-12-21 18:19:52,616] {taskinstance.py:1032} INFO - Dependencies all met for <TaskInstance: SolovevEgor_HW_05_ds_2025.fill_table__order_items scheduled__2025-12-21T18:19:34.372814+00:00 [queued]>
[2025-12-21 18:19:52,617] {taskinstance.py:1238} INFO - 
--------------------------------------------------------------------------------
[2025-12-21 18:19:52,617] {taskinstance.py:1239} INFO - Starting attempt 1 of 2
[2025-12-21 18:19:52,617] {taskinstance.py:1240} INFO - 
--------------------------------------------------------------------------------
[2025-12-21 18:19:52,628] {taskinstance.py:1259} INFO - Executing <Task(PostgresOperator): fill_table__order_items> on 2025-12-21 18:19:34.372814+00:00
[2025-12-21 18:19:52,634] {standard_task_runner.py:52} INFO - Started process 6776 to run task
[2025-12-21 18:19:52,639] {standard_task_runner.py:76} INFO - Running: ['***', 'tasks', 'run', 'SolovevEgor_HW_05_ds_2025', 'fill_table__order_items', 'scheduled__2025-12-21T18:19:34.372814+00:00', '--job-id', '632', '--raw', '--subdir', 'DAGS_FOLDER/SolovevEgor_HW_06_ds_2025.py', '--cfg-path', '/tmp/tmpqvropcxc', '--error-file', '/tmp/tmpjnwtnv9t']
[2025-12-21 18:19:52,640] {standard_task_runner.py:77} INFO - Job 632: Subtask fill_table__order_items
[2025-12-21 18:19:52,711] {logging_mixin.py:109} INFO - Running <TaskInstance: SolovevEgor_HW_05_ds_2025.fill_table__order_items scheduled__2025-12-21T18:19:34.372814+00:00 [running]> on host b97b26732d6a
[2025-12-21 18:19:52,762] {taskinstance.py:1426} INFO - Exporting the following env vars:
AIRFLOW_CTX_DAG_OWNER=Solovev Egor
AIRFLOW_CTX_DAG_ID=SolovevEgor_HW_05_ds_2025
AIRFLOW_CTX_TASK_ID=fill_table__order_items
AIRFLOW_CTX_EXECUTION_DATE=2025-12-21T18:19:34.372814+00:00
AIRFLOW_CTX_DAG_RUN_ID=scheduled__2025-12-21T18:19:34.372814+00:00
[2025-12-21 18:19:52,771] {base.py:79} INFO - Using connection to: id: postgresql. Host: postgres, Port: 5432, Schema: postgres, Login: ***, Password: ***, extra: {}
[2025-12-21 18:19:52,775] {dbapi.py:225} INFO - Running statement: 
                COPY order_items FROM '/opt/***/data_files/order_items.csv'
                DELIMITER ',' CSV HEADER;
        , parameters: None
[2025-12-21 18:19:52,816] {dbapi.py:233} INFO - Rows affected: 20000
[2025-12-21 18:19:52,828] {taskinstance.py:1277} INFO - Marking task as SUCCESS. dag_id=SolovevEgor_HW_05_ds_2025, task_id=fill_table__order_items, execution_date=20251221T181934, start_date=20251221T181952, end_date=20251221T181952
[2025-12-21 18:19:52,852] {local_task_job.py:154} INFO - Task exited with return code 0
[2025-12-21 18:19:52,881] {local_task_job.py:264} INFO - 0 downstream tasks scheduled from follow-on schedule check
