[2025-12-21 19:38:13,704] {taskinstance.py:1032} INFO - Dependencies all met for <TaskInstance: SolovevEgor_HW_05_ds_2025.run_query1 scheduled__2025-12-21T19:37:52.579304+00:00 [queued]>
[2025-12-21 19:38:13,715] {taskinstance.py:1032} INFO - Dependencies all met for <TaskInstance: SolovevEgor_HW_05_ds_2025.run_query1 scheduled__2025-12-21T19:37:52.579304+00:00 [queued]>
[2025-12-21 19:38:13,715] {taskinstance.py:1238} INFO - 
--------------------------------------------------------------------------------
[2025-12-21 19:38:13,715] {taskinstance.py:1239} INFO - Starting attempt 1 of 2
[2025-12-21 19:38:13,715] {taskinstance.py:1240} INFO - 
--------------------------------------------------------------------------------
[2025-12-21 19:38:13,725] {taskinstance.py:1259} INFO - Executing <Task(PythonOperator): run_query1> on 2025-12-21 19:37:52.579304+00:00
[2025-12-21 19:38:13,733] {standard_task_runner.py:76} INFO - Running: ['***', 'tasks', 'run', 'SolovevEgor_HW_05_ds_2025', 'run_query1', 'scheduled__2025-12-21T19:37:52.579304+00:00', '--job-id', '2876', '--raw', '--subdir', 'DAGS_FOLDER/SolovevEgor_HW_06_ds_2025.py', '--cfg-path', '/tmp/tmpjay1mcdn', '--error-file', '/tmp/tmpciu5rbvl']
[2025-12-21 19:38:13,734] {standard_task_runner.py:77} INFO - Job 2876: Subtask run_query1
[2025-12-21 19:38:13,729] {standard_task_runner.py:52} INFO - Started process 572 to run task
[2025-12-21 19:38:13,790] {logging_mixin.py:109} INFO - Running <TaskInstance: SolovevEgor_HW_05_ds_2025.run_query1 scheduled__2025-12-21T19:37:52.579304+00:00 [running]> on host 0262ea7a04e5
[2025-12-21 19:38:13,841] {taskinstance.py:1426} INFO - Exporting the following env vars:
AIRFLOW_CTX_DAG_OWNER=Solovev Egor
AIRFLOW_CTX_DAG_ID=SolovevEgor_HW_05_ds_2025
AIRFLOW_CTX_TASK_ID=run_query1
AIRFLOW_CTX_EXECUTION_DATE=2025-12-21T19:37:52.579304+00:00
AIRFLOW_CTX_DAG_RUN_ID=scheduled__2025-12-21T19:37:52.579304+00:00
[2025-12-21 19:38:14,111] {base.py:79} INFO - Using connection to: id: postgresql. Host: postgres, Port: 5432, Schema: postgres, Login: ***, Password: ***, extra: {}
[2025-12-21 19:38:14,148] {python.py:175} INFO - Done. Returned value was: 0
[2025-12-21 19:38:14,171] {taskinstance.py:1277} INFO - Marking task as SUCCESS. dag_id=SolovevEgor_HW_05_ds_2025, task_id=run_query1, execution_date=20251221T193752, start_date=20251221T193813, end_date=20251221T193814
[2025-12-21 19:38:14,197] {local_task_job.py:154} INFO - Task exited with return code 0
[2025-12-21 19:38:14,228] {local_task_job.py:264} INFO - 0 downstream tasks scheduled from follow-on schedule check
