[2025-12-21 15:51:12,368] {taskinstance.py:1032} INFO - Dependencies all met for <TaskInstance: HomeWork6.truncate_tables manual__2025-12-21T15:51:09.872296+00:00 [queued]>
[2025-12-21 15:51:12,387] {taskinstance.py:1032} INFO - Dependencies all met for <TaskInstance: HomeWork6.truncate_tables manual__2025-12-21T15:51:09.872296+00:00 [queued]>
[2025-12-21 15:51:12,387] {taskinstance.py:1238} INFO - 
--------------------------------------------------------------------------------
[2025-12-21 15:51:12,388] {taskinstance.py:1239} INFO - Starting attempt 1 of 2
[2025-12-21 15:51:12,388] {taskinstance.py:1240} INFO - 
--------------------------------------------------------------------------------
[2025-12-21 15:51:12,415] {taskinstance.py:1259} INFO - Executing <Task(PostgresOperator): truncate_tables> on 2025-12-21 15:51:09.872296+00:00
[2025-12-21 15:51:12,423] {standard_task_runner.py:52} INFO - Started process 2034 to run task
[2025-12-21 15:51:12,429] {standard_task_runner.py:76} INFO - Running: ['***', 'tasks', 'run', 'HomeWork6', 'truncate_tables', 'manual__2025-12-21T15:51:09.872296+00:00', '--job-id', '101', '--raw', '--subdir', 'DAGS_FOLDER/HomeWork6.py', '--cfg-path', '/tmp/tmpsoqww98v', '--error-file', '/tmp/tmpuo9e5ryw']
[2025-12-21 15:51:12,430] {standard_task_runner.py:77} INFO - Job 101: Subtask truncate_tables
[2025-12-21 15:51:12,534] {logging_mixin.py:109} INFO - Running <TaskInstance: HomeWork6.truncate_tables manual__2025-12-21T15:51:09.872296+00:00 [running]> on host ee9896260e3b
[2025-12-21 15:51:12,619] {taskinstance.py:1426} INFO - Exporting the following env vars:
AIRFLOW_CTX_DAG_OWNER=Solovev Egor
AIRFLOW_CTX_DAG_ID=HomeWork6
AIRFLOW_CTX_TASK_ID=truncate_tables
AIRFLOW_CTX_EXECUTION_DATE=2025-12-21T15:51:09.872296+00:00
AIRFLOW_CTX_DAG_RUN_ID=manual__2025-12-21T15:51:09.872296+00:00
[2025-12-21 15:51:12,635] {base.py:79} INFO - Using connection to: id: postgresql. Host: postgres, Port: 5432, Schema: postgres, Login: ***, Password: ***, extra: {}
[2025-12-21 15:51:12,643] {dbapi.py:225} INFO - Running statement: truncate table customer, order_items, orders, product;, parameters: None
[2025-12-21 15:51:12,688] {taskinstance.py:1277} INFO - Marking task as SUCCESS. dag_id=HomeWork6, task_id=truncate_tables, execution_date=20251221T155109, start_date=20251221T155112, end_date=20251221T155112
[2025-12-21 15:51:12,724] {local_task_job.py:154} INFO - Task exited with return code 0
[2025-12-21 15:51:12,774] {local_task_job.py:264} INFO - 0 downstream tasks scheduled from follow-on schedule check
