[2025-12-13 16:47:11,627] {processor.py:163} INFO - Started process (PID=73) to work on /home/airflow/.local/lib/python3.6/site-packages/airflow/example_dags/plugins/workday.py
[2025-12-13 16:47:11,629] {processor.py:642} INFO - Processing file /home/airflow/.local/lib/python3.6/site-packages/airflow/example_dags/plugins/workday.py for tasks to queue
[2025-12-13 16:47:11,629] {logging_mixin.py:109} INFO - [2025-12-13 16:47:11,629] {dagbag.py:500} INFO - Filling up the DagBag from /home/airflow/.local/lib/python3.6/site-packages/airflow/example_dags/plugins/workday.py
[2025-12-13 16:47:11,653] {processor.py:656} WARNING - No viable dags retrieved from /home/airflow/.local/lib/python3.6/site-packages/airflow/example_dags/plugins/workday.py
[2025-12-13 16:47:11,657] {processor.py:171} INFO - Processing /home/airflow/.local/lib/python3.6/site-packages/airflow/example_dags/plugins/workday.py took 0.034 seconds
[2025-12-13 16:47:41,820] {processor.py:163} INFO - Started process (PID=135) to work on /home/airflow/.local/lib/python3.6/site-packages/airflow/example_dags/plugins/workday.py
[2025-12-13 16:47:41,822] {processor.py:642} INFO - Processing file /home/airflow/.local/lib/python3.6/site-packages/airflow/example_dags/plugins/workday.py for tasks to queue
[2025-12-13 16:47:41,822] {logging_mixin.py:109} INFO - [2025-12-13 16:47:41,822] {dagbag.py:500} INFO - Filling up the DagBag from /home/airflow/.local/lib/python3.6/site-packages/airflow/example_dags/plugins/workday.py
[2025-12-13 16:47:41,841] {processor.py:656} WARNING - No viable dags retrieved from /home/airflow/.local/lib/python3.6/site-packages/airflow/example_dags/plugins/workday.py
[2025-12-13 16:47:41,844] {processor.py:171} INFO - Processing /home/airflow/.local/lib/python3.6/site-packages/airflow/example_dags/plugins/workday.py took 0.026 seconds
[2025-12-13 16:48:12,185] {processor.py:163} INFO - Started process (PID=187) to work on /home/airflow/.local/lib/python3.6/site-packages/airflow/example_dags/plugins/workday.py
[2025-12-13 16:48:12,186] {processor.py:642} INFO - Processing file /home/airflow/.local/lib/python3.6/site-packages/airflow/example_dags/plugins/workday.py for tasks to queue
[2025-12-13 16:48:12,187] {logging_mixin.py:109} INFO - [2025-12-13 16:48:12,187] {dagbag.py:500} INFO - Filling up the DagBag from /home/airflow/.local/lib/python3.6/site-packages/airflow/example_dags/plugins/workday.py
[2025-12-13 16:48:12,207] {processor.py:656} WARNING - No viable dags retrieved from /home/airflow/.local/lib/python3.6/site-packages/airflow/example_dags/plugins/workday.py
[2025-12-13 16:48:12,210] {processor.py:171} INFO - Processing /home/airflow/.local/lib/python3.6/site-packages/airflow/example_dags/plugins/workday.py took 0.029 seconds
[2025-12-13 16:48:42,313] {processor.py:163} INFO - Started process (PID=249) to work on /home/airflow/.local/lib/python3.6/site-packages/airflow/example_dags/plugins/workday.py
[2025-12-13 16:48:42,315] {processor.py:642} INFO - Processing file /home/airflow/.local/lib/python3.6/site-packages/airflow/example_dags/plugins/workday.py for tasks to queue
[2025-12-13 16:48:42,315] {logging_mixin.py:109} INFO - [2025-12-13 16:48:42,315] {dagbag.py:500} INFO - Filling up the DagBag from /home/airflow/.local/lib/python3.6/site-packages/airflow/example_dags/plugins/workday.py
[2025-12-13 16:48:42,332] {processor.py:656} WARNING - No viable dags retrieved from /home/airflow/.local/lib/python3.6/site-packages/airflow/example_dags/plugins/workday.py
[2025-12-13 16:48:42,335] {processor.py:171} INFO - Processing /home/airflow/.local/lib/python3.6/site-packages/airflow/example_dags/plugins/workday.py took 0.025 seconds
[2025-12-13 16:49:13,160] {processor.py:163} INFO - Started process (PID=300) to work on /home/airflow/.local/lib/python3.6/site-packages/airflow/example_dags/plugins/workday.py
[2025-12-13 16:49:13,163] {processor.py:642} INFO - Processing file /home/airflow/.local/lib/python3.6/site-packages/airflow/example_dags/plugins/workday.py for tasks to queue
[2025-12-13 16:49:13,164] {logging_mixin.py:109} INFO - [2025-12-13 16:49:13,164] {dagbag.py:500} INFO - Filling up the DagBag from /home/airflow/.local/lib/python3.6/site-packages/airflow/example_dags/plugins/workday.py
[2025-12-13 16:49:13,207] {processor.py:656} WARNING - No viable dags retrieved from /home/airflow/.local/lib/python3.6/site-packages/airflow/example_dags/plugins/workday.py
[2025-12-13 16:49:13,214] {processor.py:171} INFO - Processing /home/airflow/.local/lib/python3.6/site-packages/airflow/example_dags/plugins/workday.py took 0.064 seconds
[2025-12-13 16:49:44,990] {processor.py:163} INFO - Started process (PID=355) to work on /home/airflow/.local/lib/python3.6/site-packages/airflow/example_dags/plugins/workday.py
[2025-12-13 16:49:44,994] {processor.py:642} INFO - Processing file /home/airflow/.local/lib/python3.6/site-packages/airflow/example_dags/plugins/workday.py for tasks to queue
[2025-12-13 16:49:44,999] {logging_mixin.py:109} INFO - [2025-12-13 16:49:44,997] {dagbag.py:500} INFO - Filling up the DagBag from /home/airflow/.local/lib/python3.6/site-packages/airflow/example_dags/plugins/workday.py
[2025-12-13 16:49:45,035] {processor.py:656} WARNING - No viable dags retrieved from /home/airflow/.local/lib/python3.6/site-packages/airflow/example_dags/plugins/workday.py
[2025-12-13 16:49:45,038] {processor.py:171} INFO - Processing /home/airflow/.local/lib/python3.6/site-packages/airflow/example_dags/plugins/workday.py took 0.060 seconds
[2025-12-13 16:50:15,850] {processor.py:163} INFO - Started process (PID=413) to work on /home/airflow/.local/lib/python3.6/site-packages/airflow/example_dags/plugins/workday.py
[2025-12-13 16:50:15,852] {processor.py:642} INFO - Processing file /home/airflow/.local/lib/python3.6/site-packages/airflow/example_dags/plugins/workday.py for tasks to queue
[2025-12-13 16:50:15,852] {logging_mixin.py:109} INFO - [2025-12-13 16:50:15,852] {dagbag.py:500} INFO - Filling up the DagBag from /home/airflow/.local/lib/python3.6/site-packages/airflow/example_dags/plugins/workday.py
[2025-12-13 16:50:15,872] {processor.py:656} WARNING - No viable dags retrieved from /home/airflow/.local/lib/python3.6/site-packages/airflow/example_dags/plugins/workday.py
[2025-12-13 16:50:15,875] {processor.py:171} INFO - Processing /home/airflow/.local/lib/python3.6/site-packages/airflow/example_dags/plugins/workday.py took 0.029 seconds
[2025-12-13 16:52:42,814] {processor.py:163} INFO - Started process (PID=73) to work on /home/airflow/.local/lib/python3.6/site-packages/airflow/example_dags/plugins/workday.py
[2025-12-13 16:52:42,818] {processor.py:642} INFO - Processing file /home/airflow/.local/lib/python3.6/site-packages/airflow/example_dags/plugins/workday.py for tasks to queue
[2025-12-13 16:52:42,819] {logging_mixin.py:109} INFO - [2025-12-13 16:52:42,819] {dagbag.py:500} INFO - Filling up the DagBag from /home/airflow/.local/lib/python3.6/site-packages/airflow/example_dags/plugins/workday.py
[2025-12-13 16:52:42,849] {processor.py:656} WARNING - No viable dags retrieved from /home/airflow/.local/lib/python3.6/site-packages/airflow/example_dags/plugins/workday.py
[2025-12-13 16:52:42,854] {processor.py:171} INFO - Processing /home/airflow/.local/lib/python3.6/site-packages/airflow/example_dags/plugins/workday.py took 0.047 seconds
[2025-12-13 16:53:13,119] {processor.py:163} INFO - Started process (PID=125) to work on /home/airflow/.local/lib/python3.6/site-packages/airflow/example_dags/plugins/workday.py
[2025-12-13 16:53:13,121] {processor.py:642} INFO - Processing file /home/airflow/.local/lib/python3.6/site-packages/airflow/example_dags/plugins/workday.py for tasks to queue
[2025-12-13 16:53:13,121] {logging_mixin.py:109} INFO - [2025-12-13 16:53:13,121] {dagbag.py:500} INFO - Filling up the DagBag from /home/airflow/.local/lib/python3.6/site-packages/airflow/example_dags/plugins/workday.py
[2025-12-13 16:53:13,139] {processor.py:656} WARNING - No viable dags retrieved from /home/airflow/.local/lib/python3.6/site-packages/airflow/example_dags/plugins/workday.py
[2025-12-13 16:53:13,142] {processor.py:171} INFO - Processing /home/airflow/.local/lib/python3.6/site-packages/airflow/example_dags/plugins/workday.py took 0.026 seconds
[2025-12-13 16:53:44,589] {processor.py:163} INFO - Started process (PID=187) to work on /home/airflow/.local/lib/python3.6/site-packages/airflow/example_dags/plugins/workday.py
[2025-12-13 16:53:44,591] {processor.py:642} INFO - Processing file /home/airflow/.local/lib/python3.6/site-packages/airflow/example_dags/plugins/workday.py for tasks to queue
[2025-12-13 16:53:44,592] {logging_mixin.py:109} INFO - [2025-12-13 16:53:44,591] {dagbag.py:500} INFO - Filling up the DagBag from /home/airflow/.local/lib/python3.6/site-packages/airflow/example_dags/plugins/workday.py
[2025-12-13 16:53:44,609] {processor.py:656} WARNING - No viable dags retrieved from /home/airflow/.local/lib/python3.6/site-packages/airflow/example_dags/plugins/workday.py
[2025-12-13 16:53:44,611] {processor.py:171} INFO - Processing /home/airflow/.local/lib/python3.6/site-packages/airflow/example_dags/plugins/workday.py took 0.026 seconds
[2025-12-13 16:54:15,733] {processor.py:163} INFO - Started process (PID=244) to work on /home/airflow/.local/lib/python3.6/site-packages/airflow/example_dags/plugins/workday.py
[2025-12-13 16:54:15,735] {processor.py:642} INFO - Processing file /home/airflow/.local/lib/python3.6/site-packages/airflow/example_dags/plugins/workday.py for tasks to queue
[2025-12-13 16:54:15,735] {logging_mixin.py:109} INFO - [2025-12-13 16:54:15,735] {dagbag.py:500} INFO - Filling up the DagBag from /home/airflow/.local/lib/python3.6/site-packages/airflow/example_dags/plugins/workday.py
[2025-12-13 16:54:15,758] {processor.py:656} WARNING - No viable dags retrieved from /home/airflow/.local/lib/python3.6/site-packages/airflow/example_dags/plugins/workday.py
[2025-12-13 16:54:15,761] {processor.py:171} INFO - Processing /home/airflow/.local/lib/python3.6/site-packages/airflow/example_dags/plugins/workday.py took 0.030 seconds
[2025-12-13 16:54:46,096] {processor.py:163} INFO - Started process (PID=301) to work on /home/airflow/.local/lib/python3.6/site-packages/airflow/example_dags/plugins/workday.py
[2025-12-13 16:54:46,097] {processor.py:642} INFO - Processing file /home/airflow/.local/lib/python3.6/site-packages/airflow/example_dags/plugins/workday.py for tasks to queue
[2025-12-13 16:54:46,098] {logging_mixin.py:109} INFO - [2025-12-13 16:54:46,098] {dagbag.py:500} INFO - Filling up the DagBag from /home/airflow/.local/lib/python3.6/site-packages/airflow/example_dags/plugins/workday.py
[2025-12-13 16:54:46,114] {processor.py:656} WARNING - No viable dags retrieved from /home/airflow/.local/lib/python3.6/site-packages/airflow/example_dags/plugins/workday.py
[2025-12-13 16:54:46,116] {processor.py:171} INFO - Processing /home/airflow/.local/lib/python3.6/site-packages/airflow/example_dags/plugins/workday.py took 0.023 seconds
[2025-12-13 16:55:17,870] {processor.py:163} INFO - Started process (PID=362) to work on /home/airflow/.local/lib/python3.6/site-packages/airflow/example_dags/plugins/workday.py
[2025-12-13 16:55:17,871] {processor.py:642} INFO - Processing file /home/airflow/.local/lib/python3.6/site-packages/airflow/example_dags/plugins/workday.py for tasks to queue
[2025-12-13 16:55:17,872] {logging_mixin.py:109} INFO - [2025-12-13 16:55:17,872] {dagbag.py:500} INFO - Filling up the DagBag from /home/airflow/.local/lib/python3.6/site-packages/airflow/example_dags/plugins/workday.py
[2025-12-13 16:55:17,898] {processor.py:656} WARNING - No viable dags retrieved from /home/airflow/.local/lib/python3.6/site-packages/airflow/example_dags/plugins/workday.py
[2025-12-13 16:55:17,901] {processor.py:171} INFO - Processing /home/airflow/.local/lib/python3.6/site-packages/airflow/example_dags/plugins/workday.py took 0.037 seconds
[2025-12-13 16:55:48,920] {processor.py:163} INFO - Started process (PID=415) to work on /home/airflow/.local/lib/python3.6/site-packages/airflow/example_dags/plugins/workday.py
[2025-12-13 16:55:48,921] {processor.py:642} INFO - Processing file /home/airflow/.local/lib/python3.6/site-packages/airflow/example_dags/plugins/workday.py for tasks to queue
[2025-12-13 16:55:48,921] {logging_mixin.py:109} INFO - [2025-12-13 16:55:48,921] {dagbag.py:500} INFO - Filling up the DagBag from /home/airflow/.local/lib/python3.6/site-packages/airflow/example_dags/plugins/workday.py
[2025-12-13 16:55:48,939] {processor.py:656} WARNING - No viable dags retrieved from /home/airflow/.local/lib/python3.6/site-packages/airflow/example_dags/plugins/workday.py
[2025-12-13 16:55:48,941] {processor.py:171} INFO - Processing /home/airflow/.local/lib/python3.6/site-packages/airflow/example_dags/plugins/workday.py took 0.025 seconds
[2025-12-13 16:56:19,747] {processor.py:163} INFO - Started process (PID=477) to work on /home/airflow/.local/lib/python3.6/site-packages/airflow/example_dags/plugins/workday.py
[2025-12-13 16:56:19,749] {processor.py:642} INFO - Processing file /home/airflow/.local/lib/python3.6/site-packages/airflow/example_dags/plugins/workday.py for tasks to queue
[2025-12-13 16:56:19,750] {logging_mixin.py:109} INFO - [2025-12-13 16:56:19,750] {dagbag.py:500} INFO - Filling up the DagBag from /home/airflow/.local/lib/python3.6/site-packages/airflow/example_dags/plugins/workday.py
[2025-12-13 16:56:19,771] {processor.py:656} WARNING - No viable dags retrieved from /home/airflow/.local/lib/python3.6/site-packages/airflow/example_dags/plugins/workday.py
[2025-12-13 16:56:19,774] {processor.py:171} INFO - Processing /home/airflow/.local/lib/python3.6/site-packages/airflow/example_dags/plugins/workday.py took 0.031 seconds
[2025-12-13 16:56:50,355] {processor.py:163} INFO - Started process (PID=529) to work on /home/airflow/.local/lib/python3.6/site-packages/airflow/example_dags/plugins/workday.py
[2025-12-13 16:56:50,356] {processor.py:642} INFO - Processing file /home/airflow/.local/lib/python3.6/site-packages/airflow/example_dags/plugins/workday.py for tasks to queue
[2025-12-13 16:56:50,356] {logging_mixin.py:109} INFO - [2025-12-13 16:56:50,356] {dagbag.py:500} INFO - Filling up the DagBag from /home/airflow/.local/lib/python3.6/site-packages/airflow/example_dags/plugins/workday.py
[2025-12-13 16:56:50,376] {processor.py:656} WARNING - No viable dags retrieved from /home/airflow/.local/lib/python3.6/site-packages/airflow/example_dags/plugins/workday.py
[2025-12-13 16:56:50,378] {processor.py:171} INFO - Processing /home/airflow/.local/lib/python3.6/site-packages/airflow/example_dags/plugins/workday.py took 0.027 seconds
[2025-12-13 16:57:20,562] {processor.py:163} INFO - Started process (PID=591) to work on /home/airflow/.local/lib/python3.6/site-packages/airflow/example_dags/plugins/workday.py
[2025-12-13 16:57:20,564] {processor.py:642} INFO - Processing file /home/airflow/.local/lib/python3.6/site-packages/airflow/example_dags/plugins/workday.py for tasks to queue
[2025-12-13 16:57:20,564] {logging_mixin.py:109} INFO - [2025-12-13 16:57:20,564] {dagbag.py:500} INFO - Filling up the DagBag from /home/airflow/.local/lib/python3.6/site-packages/airflow/example_dags/plugins/workday.py
[2025-12-13 16:57:20,586] {processor.py:656} WARNING - No viable dags retrieved from /home/airflow/.local/lib/python3.6/site-packages/airflow/example_dags/plugins/workday.py
[2025-12-13 16:57:20,590] {processor.py:171} INFO - Processing /home/airflow/.local/lib/python3.6/site-packages/airflow/example_dags/plugins/workday.py took 0.033 seconds
[2025-12-13 16:57:50,611] {processor.py:163} INFO - Started process (PID=642) to work on /home/airflow/.local/lib/python3.6/site-packages/airflow/example_dags/plugins/workday.py
[2025-12-13 16:57:50,613] {processor.py:642} INFO - Processing file /home/airflow/.local/lib/python3.6/site-packages/airflow/example_dags/plugins/workday.py for tasks to queue
[2025-12-13 16:57:50,613] {logging_mixin.py:109} INFO - [2025-12-13 16:57:50,613] {dagbag.py:500} INFO - Filling up the DagBag from /home/airflow/.local/lib/python3.6/site-packages/airflow/example_dags/plugins/workday.py
[2025-12-13 16:57:50,631] {processor.py:656} WARNING - No viable dags retrieved from /home/airflow/.local/lib/python3.6/site-packages/airflow/example_dags/plugins/workday.py
[2025-12-13 16:57:50,633] {processor.py:171} INFO - Processing /home/airflow/.local/lib/python3.6/site-packages/airflow/example_dags/plugins/workday.py took 0.025 seconds
[2025-12-13 16:58:21,977] {processor.py:163} INFO - Started process (PID=705) to work on /home/airflow/.local/lib/python3.6/site-packages/airflow/example_dags/plugins/workday.py
[2025-12-13 16:58:21,979] {processor.py:642} INFO - Processing file /home/airflow/.local/lib/python3.6/site-packages/airflow/example_dags/plugins/workday.py for tasks to queue
[2025-12-13 16:58:21,979] {logging_mixin.py:109} INFO - [2025-12-13 16:58:21,979] {dagbag.py:500} INFO - Filling up the DagBag from /home/airflow/.local/lib/python3.6/site-packages/airflow/example_dags/plugins/workday.py
[2025-12-13 16:58:21,997] {processor.py:656} WARNING - No viable dags retrieved from /home/airflow/.local/lib/python3.6/site-packages/airflow/example_dags/plugins/workday.py
[2025-12-13 16:58:22,000] {processor.py:171} INFO - Processing /home/airflow/.local/lib/python3.6/site-packages/airflow/example_dags/plugins/workday.py took 0.027 seconds
[2025-12-13 16:58:52,239] {processor.py:163} INFO - Started process (PID=757) to work on /home/airflow/.local/lib/python3.6/site-packages/airflow/example_dags/plugins/workday.py
[2025-12-13 16:58:52,240] {processor.py:642} INFO - Processing file /home/airflow/.local/lib/python3.6/site-packages/airflow/example_dags/plugins/workday.py for tasks to queue
[2025-12-13 16:58:52,241] {logging_mixin.py:109} INFO - [2025-12-13 16:58:52,240] {dagbag.py:500} INFO - Filling up the DagBag from /home/airflow/.local/lib/python3.6/site-packages/airflow/example_dags/plugins/workday.py
[2025-12-13 16:58:52,258] {processor.py:656} WARNING - No viable dags retrieved from /home/airflow/.local/lib/python3.6/site-packages/airflow/example_dags/plugins/workday.py
[2025-12-13 16:58:52,260] {processor.py:171} INFO - Processing /home/airflow/.local/lib/python3.6/site-packages/airflow/example_dags/plugins/workday.py took 0.024 seconds
[2025-12-13 16:59:22,466] {processor.py:163} INFO - Started process (PID=819) to work on /home/airflow/.local/lib/python3.6/site-packages/airflow/example_dags/plugins/workday.py
[2025-12-13 16:59:22,467] {processor.py:642} INFO - Processing file /home/airflow/.local/lib/python3.6/site-packages/airflow/example_dags/plugins/workday.py for tasks to queue
[2025-12-13 16:59:22,468] {logging_mixin.py:109} INFO - [2025-12-13 16:59:22,468] {dagbag.py:500} INFO - Filling up the DagBag from /home/airflow/.local/lib/python3.6/site-packages/airflow/example_dags/plugins/workday.py
[2025-12-13 16:59:22,486] {processor.py:656} WARNING - No viable dags retrieved from /home/airflow/.local/lib/python3.6/site-packages/airflow/example_dags/plugins/workday.py
[2025-12-13 16:59:22,488] {processor.py:171} INFO - Processing /home/airflow/.local/lib/python3.6/site-packages/airflow/example_dags/plugins/workday.py took 0.026 seconds
[2025-12-13 16:59:53,477] {processor.py:163} INFO - Started process (PID=871) to work on /home/airflow/.local/lib/python3.6/site-packages/airflow/example_dags/plugins/workday.py
[2025-12-13 16:59:53,485] {processor.py:642} INFO - Processing file /home/airflow/.local/lib/python3.6/site-packages/airflow/example_dags/plugins/workday.py for tasks to queue
[2025-12-13 16:59:53,487] {logging_mixin.py:109} INFO - [2025-12-13 16:59:53,486] {dagbag.py:500} INFO - Filling up the DagBag from /home/airflow/.local/lib/python3.6/site-packages/airflow/example_dags/plugins/workday.py
[2025-12-13 16:59:53,542] {processor.py:656} WARNING - No viable dags retrieved from /home/airflow/.local/lib/python3.6/site-packages/airflow/example_dags/plugins/workday.py
[2025-12-13 16:59:53,548] {processor.py:171} INFO - Processing /home/airflow/.local/lib/python3.6/site-packages/airflow/example_dags/plugins/workday.py took 0.082 seconds
