[2025-12-21 17:15:21,799] {taskinstance.py:1032} INFO - Dependencies all met for <TaskInstance: SolovevEgor_HW_05_ds_20259834765986593865.truncate_tables scheduled__2025-12-20T17:15:10.739199+00:00 [queued]>
[2025-12-21 17:15:21,811] {taskinstance.py:1032} INFO - Dependencies all met for <TaskInstance: SolovevEgor_HW_05_ds_20259834765986593865.truncate_tables scheduled__2025-12-20T17:15:10.739199+00:00 [queued]>
[2025-12-21 17:15:21,811] {taskinstance.py:1238} INFO - 
--------------------------------------------------------------------------------
[2025-12-21 17:15:21,811] {taskinstance.py:1239} INFO - Starting attempt 1 of 2
[2025-12-21 17:15:21,811] {taskinstance.py:1240} INFO - 
--------------------------------------------------------------------------------
[2025-12-21 17:15:21,823] {taskinstance.py:1259} INFO - Executing <Task(PostgresOperator): truncate_tables> on 2025-12-20 17:15:10.739199+00:00
[2025-12-21 17:15:21,831] {standard_task_runner.py:76} INFO - Running: ['***', 'tasks', 'run', 'SolovevEgor_HW_05_ds_20259834765986593865', 'truncate_tables', 'scheduled__2025-12-20T17:15:10.739199+00:00', '--job-id', '235', '--raw', '--subdir', 'DAGS_FOLDER/SolovevEgor_HW_06_ds_2025.py', '--cfg-path', '/tmp/tmpwc2oh4hv', '--error-file', '/tmp/tmpibjx18gd']
[2025-12-21 17:15:21,832] {standard_task_runner.py:77} INFO - Job 235: Subtask truncate_tables
[2025-12-21 17:15:21,827] {standard_task_runner.py:52} INFO - Started process 2879 to run task
[2025-12-21 17:15:21,885] {logging_mixin.py:109} INFO - Running <TaskInstance: SolovevEgor_HW_05_ds_20259834765986593865.truncate_tables scheduled__2025-12-20T17:15:10.739199+00:00 [running]> on host b97b26732d6a
[2025-12-21 17:15:21,928] {taskinstance.py:1426} INFO - Exporting the following env vars:
AIRFLOW_CTX_DAG_OWNER=Solovev Egor
AIRFLOW_CTX_DAG_ID=SolovevEgor_HW_05_ds_20259834765986593865
AIRFLOW_CTX_TASK_ID=truncate_tables
AIRFLOW_CTX_EXECUTION_DATE=2025-12-20T17:15:10.739199+00:00
AIRFLOW_CTX_DAG_RUN_ID=scheduled__2025-12-20T17:15:10.739199+00:00
[2025-12-21 17:15:21,937] {base.py:79} INFO - Using connection to: id: postgresql. Host: postgres, Port: 5432, Schema: postgres, Login: ***, Password: ***, extra: {}
[2025-12-21 17:15:21,942] {dbapi.py:225} INFO - Running statement: truncate table customer, order_items, orders, product;, parameters: None
[2025-12-21 17:15:21,972] {taskinstance.py:1277} INFO - Marking task as SUCCESS. dag_id=SolovevEgor_HW_05_ds_20259834765986593865, task_id=truncate_tables, execution_date=20251220T171510, start_date=20251221T171521, end_date=20251221T171521
[2025-12-21 17:15:22,012] {local_task_job.py:154} INFO - Task exited with return code 0
[2025-12-21 17:15:22,043] {local_task_job.py:264} INFO - 4 downstream tasks scheduled from follow-on schedule check
