[2025-12-21 19:42:31,085] {taskinstance.py:1032} INFO - Dependencies all met for <TaskInstance: SolovevEgor_HW_05_ds_2025.fill_table__customer scheduled__2025-12-21T19:41:54.920202+00:00 [queued]>
[2025-12-21 19:42:31,179] {taskinstance.py:1032} INFO - Dependencies all met for <TaskInstance: SolovevEgor_HW_05_ds_2025.fill_table__customer scheduled__2025-12-21T19:41:54.920202+00:00 [queued]>
[2025-12-21 19:42:31,180] {taskinstance.py:1238} INFO - 
--------------------------------------------------------------------------------
[2025-12-21 19:42:31,180] {taskinstance.py:1239} INFO - Starting attempt 1 of 2
[2025-12-21 19:42:31,180] {taskinstance.py:1240} INFO - 
--------------------------------------------------------------------------------
[2025-12-21 19:42:31,251] {taskinstance.py:1259} INFO - Executing <Task(PostgresOperator): fill_table__customer> on 2025-12-21 19:41:54.920202+00:00
[2025-12-21 19:42:31,294] {standard_task_runner.py:76} INFO - Running: ['***', 'tasks', 'run', 'SolovevEgor_HW_05_ds_2025', 'fill_table__customer', 'scheduled__2025-12-21T19:41:54.920202+00:00', '--job-id', '2990', '--raw', '--subdir', 'DAGS_FOLDER/SolovevEgor_HW_06_ds_2025.py', '--cfg-path', '/tmp/tmpqcozfu8x', '--error-file', '/tmp/tmppd8e5edz']
[2025-12-21 19:42:31,298] {standard_task_runner.py:77} INFO - Job 2990: Subtask fill_table__customer
[2025-12-21 19:42:31,275] {standard_task_runner.py:52} INFO - Started process 119 to run task
[2025-12-21 19:42:31,649] {logging_mixin.py:109} INFO - Running <TaskInstance: SolovevEgor_HW_05_ds_2025.fill_table__customer scheduled__2025-12-21T19:41:54.920202+00:00 [running]> on host 2ff0b5b09a4c
[2025-12-21 19:42:31,921] {taskinstance.py:1426} INFO - Exporting the following env vars:
AIRFLOW_CTX_DAG_OWNER=Solovev Egor
AIRFLOW_CTX_DAG_ID=SolovevEgor_HW_05_ds_2025
AIRFLOW_CTX_TASK_ID=fill_table__customer
AIRFLOW_CTX_EXECUTION_DATE=2025-12-21T19:41:54.920202+00:00
AIRFLOW_CTX_DAG_RUN_ID=scheduled__2025-12-21T19:41:54.920202+00:00
[2025-12-21 19:42:31,958] {base.py:79} INFO - Using connection to: id: postgresql. Host: postgres, Port: 5432, Schema: postgres, Login: ***, Password: ***, extra: {}
[2025-12-21 19:42:31,967] {dbapi.py:225} INFO - Running statement: 
                COPY customer FROM '/opt/***/data_files/customer.csv'
                DELIMITER ';' CSV HEADER;
        , parameters: None
[2025-12-21 19:42:32,005] {dbapi.py:233} INFO - Rows affected: 4000
[2025-12-21 19:42:32,045] {taskinstance.py:1277} INFO - Marking task as SUCCESS. dag_id=SolovevEgor_HW_05_ds_2025, task_id=fill_table__customer, execution_date=20251221T194154, start_date=20251221T194231, end_date=20251221T194232
[2025-12-21 19:42:32,106] {local_task_job.py:154} INFO - Task exited with return code 0
[2025-12-21 19:42:32,261] {local_task_job.py:264} INFO - 0 downstream tasks scheduled from follow-on schedule check
