[2025-12-21 18:51:58,599] {taskinstance.py:1032} INFO - Dependencies all met for <TaskInstance: SolovevEgor_HW_05_ds_2025.run_query2 scheduled__2025-12-21T18:46:19.626412+00:00 [queued]>
[2025-12-21 18:51:58,672] {taskinstance.py:1032} INFO - Dependencies all met for <TaskInstance: SolovevEgor_HW_05_ds_2025.run_query2 scheduled__2025-12-21T18:46:19.626412+00:00 [queued]>
[2025-12-21 18:51:58,674] {taskinstance.py:1238} INFO - 
--------------------------------------------------------------------------------
[2025-12-21 18:51:58,675] {taskinstance.py:1239} INFO - Starting attempt 2 of 2
[2025-12-21 18:51:58,675] {taskinstance.py:1240} INFO - 
--------------------------------------------------------------------------------
[2025-12-21 18:51:58,740] {taskinstance.py:1259} INFO - Executing <Task(PythonOperator): run_query2> on 2025-12-21 18:46:19.626412+00:00
[2025-12-21 18:51:58,788] {standard_task_runner.py:76} INFO - Running: ['***', 'tasks', 'run', 'SolovevEgor_HW_05_ds_2025', 'run_query2', 'scheduled__2025-12-21T18:46:19.626412+00:00', '--job-id', '1447', '--raw', '--subdir', 'DAGS_FOLDER/SolovevEgor_HW_06_ds_2025.py', '--cfg-path', '/tmp/tmpg7o0oqpa', '--error-file', '/tmp/tmp7665c54w']
[2025-12-21 18:51:58,796] {standard_task_runner.py:77} INFO - Job 1447: Subtask run_query2
[2025-12-21 18:51:58,769] {standard_task_runner.py:52} INFO - Started process 9523 to run task
[2025-12-21 18:51:59,143] {logging_mixin.py:109} INFO - Running <TaskInstance: SolovevEgor_HW_05_ds_2025.run_query2 scheduled__2025-12-21T18:46:19.626412+00:00 [running]> on host b97b26732d6a
[2025-12-21 18:51:59,526] {taskinstance.py:1426} INFO - Exporting the following env vars:
AIRFLOW_CTX_DAG_OWNER=Solovev Egor
AIRFLOW_CTX_DAG_ID=SolovevEgor_HW_05_ds_2025
AIRFLOW_CTX_TASK_ID=run_query2
AIRFLOW_CTX_EXECUTION_DATE=2025-12-21T18:46:19.626412+00:00
AIRFLOW_CTX_DAG_RUN_ID=scheduled__2025-12-21T18:46:19.626412+00:00
[2025-12-21 18:52:00,626] {base.py:79} INFO - Using connection to: id: postgresql. Host: postgres, Port: 5432, Schema: postgres, Login: ***, Password: ***, extra: {}
[2025-12-21 18:52:00,819] {python.py:175} INFO - Done. Returned value was: None
[2025-12-21 18:52:00,857] {taskinstance.py:1277} INFO - Marking task as SUCCESS. dag_id=SolovevEgor_HW_05_ds_2025, task_id=run_query2, execution_date=20251221T184619, start_date=20251221T185158, end_date=20251221T185200
[2025-12-21 18:52:00,943] {local_task_job.py:154} INFO - Task exited with return code 0
[2025-12-21 18:52:01,053] {local_task_job.py:264} INFO - 0 downstream tasks scheduled from follow-on schedule check
