[2025-12-21 19:36:56,892] {taskinstance.py:1032} INFO - Dependencies all met for <TaskInstance: SolovevEgor_HW_05_ds_2025.fill_table__order_items scheduled__2025-12-21T19:36:37.579304+00:00 [queued]>
[2025-12-21 19:36:56,904] {taskinstance.py:1032} INFO - Dependencies all met for <TaskInstance: SolovevEgor_HW_05_ds_2025.fill_table__order_items scheduled__2025-12-21T19:36:37.579304+00:00 [queued]>
[2025-12-21 19:36:56,904] {taskinstance.py:1238} INFO - 
--------------------------------------------------------------------------------
[2025-12-21 19:36:56,905] {taskinstance.py:1239} INFO - Starting attempt 1 of 2
[2025-12-21 19:36:56,905] {taskinstance.py:1240} INFO - 
--------------------------------------------------------------------------------
[2025-12-21 19:36:56,914] {taskinstance.py:1259} INFO - Executing <Task(PostgresOperator): fill_table__order_items> on 2025-12-21 19:36:37.579304+00:00
[2025-12-21 19:36:56,926] {standard_task_runner.py:76} INFO - Running: ['***', 'tasks', 'run', 'SolovevEgor_HW_05_ds_2025', 'fill_table__order_items', 'scheduled__2025-12-21T19:36:37.579304+00:00', '--job-id', '2824', '--raw', '--subdir', 'DAGS_FOLDER/SolovevEgor_HW_06_ds_2025.py', '--cfg-path', '/tmp/tmp9rw6m3ux', '--error-file', '/tmp/tmpu4dg3at1']
[2025-12-21 19:36:56,920] {standard_task_runner.py:52} INFO - Started process 415 to run task
[2025-12-21 19:36:56,927] {standard_task_runner.py:77} INFO - Job 2824: Subtask fill_table__order_items
[2025-12-21 19:36:56,998] {logging_mixin.py:109} INFO - Running <TaskInstance: SolovevEgor_HW_05_ds_2025.fill_table__order_items scheduled__2025-12-21T19:36:37.579304+00:00 [running]> on host 0262ea7a04e5
[2025-12-21 19:36:57,066] {taskinstance.py:1426} INFO - Exporting the following env vars:
AIRFLOW_CTX_DAG_OWNER=Solovev Egor
AIRFLOW_CTX_DAG_ID=SolovevEgor_HW_05_ds_2025
AIRFLOW_CTX_TASK_ID=fill_table__order_items
AIRFLOW_CTX_EXECUTION_DATE=2025-12-21T19:36:37.579304+00:00
AIRFLOW_CTX_DAG_RUN_ID=scheduled__2025-12-21T19:36:37.579304+00:00
[2025-12-21 19:36:57,079] {base.py:79} INFO - Using connection to: id: postgresql. Host: postgres, Port: 5432, Schema: postgres, Login: ***, Password: ***, extra: {}
[2025-12-21 19:36:57,085] {dbapi.py:225} INFO - Running statement: 
                COPY order_items FROM '/opt/***/data_files/order_items.csv'
                DELIMITER ',' CSV HEADER;
        , parameters: None
[2025-12-21 19:36:57,148] {dbapi.py:233} INFO - Rows affected: 20000
[2025-12-21 19:36:57,168] {taskinstance.py:1277} INFO - Marking task as SUCCESS. dag_id=SolovevEgor_HW_05_ds_2025, task_id=fill_table__order_items, execution_date=20251221T193637, start_date=20251221T193656, end_date=20251221T193657
[2025-12-21 19:36:57,223] {local_task_job.py:154} INFO - Task exited with return code 0
[2025-12-21 19:36:57,279] {local_task_job.py:264} INFO - 0 downstream tasks scheduled from follow-on schedule check
