[2025-12-21 15:51:13,967] {taskinstance.py:1032} INFO - Dependencies all met for <TaskInstance: HomeWork6.fill_table__customer manual__2025-12-21T15:51:09.872296+00:00 [queued]>
[2025-12-21 15:51:13,983] {taskinstance.py:1032} INFO - Dependencies all met for <TaskInstance: HomeWork6.fill_table__customer manual__2025-12-21T15:51:09.872296+00:00 [queued]>
[2025-12-21 15:51:13,983] {taskinstance.py:1238} INFO - 
--------------------------------------------------------------------------------
[2025-12-21 15:51:13,983] {taskinstance.py:1239} INFO - Starting attempt 1 of 2
[2025-12-21 15:51:13,983] {taskinstance.py:1240} INFO - 
--------------------------------------------------------------------------------
[2025-12-21 15:51:14,006] {taskinstance.py:1259} INFO - Executing <Task(PostgresOperator): fill_table__customer> on 2025-12-21 15:51:09.872296+00:00
[2025-12-21 15:51:14,012] {standard_task_runner.py:52} INFO - Started process 2039 to run task
[2025-12-21 15:51:14,017] {standard_task_runner.py:76} INFO - Running: ['***', 'tasks', 'run', 'HomeWork6', 'fill_table__customer', 'manual__2025-12-21T15:51:09.872296+00:00', '--job-id', '102', '--raw', '--subdir', 'DAGS_FOLDER/HomeWork6.py', '--cfg-path', '/tmp/tmpz6vf7f7b', '--error-file', '/tmp/tmp0k5gemu9']
[2025-12-21 15:51:14,018] {standard_task_runner.py:77} INFO - Job 102: Subtask fill_table__customer
[2025-12-21 15:51:14,101] {logging_mixin.py:109} INFO - Running <TaskInstance: HomeWork6.fill_table__customer manual__2025-12-21T15:51:09.872296+00:00 [running]> on host ee9896260e3b
[2025-12-21 15:51:14,226] {taskinstance.py:1426} INFO - Exporting the following env vars:
AIRFLOW_CTX_DAG_OWNER=Solovev Egor
AIRFLOW_CTX_DAG_ID=HomeWork6
AIRFLOW_CTX_TASK_ID=fill_table__customer
AIRFLOW_CTX_EXECUTION_DATE=2025-12-21T15:51:09.872296+00:00
AIRFLOW_CTX_DAG_RUN_ID=manual__2025-12-21T15:51:09.872296+00:00
[2025-12-21 15:51:14,251] {base.py:79} INFO - Using connection to: id: postgresql. Host: postgres, Port: 5432, Schema: postgres, Login: ***, Password: ***, extra: {}
[2025-12-21 15:51:14,261] {dbapi.py:225} INFO - Running statement: 
                COPY customer FROM '/opt/***/data_files/customer.csv'
                DELIMITER ';' CSV HEADER;
        , parameters: None
[2025-12-21 15:51:14,294] {dbapi.py:233} INFO - Rows affected: 4000
[2025-12-21 15:51:14,319] {taskinstance.py:1277} INFO - Marking task as SUCCESS. dag_id=HomeWork6, task_id=fill_table__customer, execution_date=20251221T155109, start_date=20251221T155113, end_date=20251221T155114
[2025-12-21 15:51:14,350] {local_task_job.py:154} INFO - Task exited with return code 0
[2025-12-21 15:51:14,470] {local_task_job.py:264} INFO - 0 downstream tasks scheduled from follow-on schedule check
