[2025-12-21 17:27:19,280] {taskinstance.py:1032} INFO - Dependencies all met for <TaskInstance: SolovevEgor_HW_05_ds_20259834765986593865.fill_table__order_items manual__2025-12-21T17:27:15.817736+00:00 [queued]>
[2025-12-21 17:27:19,297] {taskinstance.py:1032} INFO - Dependencies all met for <TaskInstance: SolovevEgor_HW_05_ds_20259834765986593865.fill_table__order_items manual__2025-12-21T17:27:15.817736+00:00 [queued]>
[2025-12-21 17:27:19,299] {taskinstance.py:1238} INFO - 
--------------------------------------------------------------------------------
[2025-12-21 17:27:19,300] {taskinstance.py:1239} INFO - Starting attempt 1 of 2
[2025-12-21 17:27:19,300] {taskinstance.py:1240} INFO - 
--------------------------------------------------------------------------------
[2025-12-21 17:27:19,316] {taskinstance.py:1259} INFO - Executing <Task(PostgresOperator): fill_table__order_items> on 2025-12-21 17:27:15.817736+00:00
[2025-12-21 17:27:19,331] {standard_task_runner.py:76} INFO - Running: ['***', 'tasks', 'run', 'SolovevEgor_HW_05_ds_20259834765986593865', 'fill_table__order_items', 'manual__2025-12-21T17:27:15.817736+00:00', '--job-id', '298', '--raw', '--subdir', 'DAGS_FOLDER/SolovevEgor_HW_06_ds_2025.py', '--cfg-path', '/tmp/tmpfmiw3np9', '--error-file', '/tmp/tmprxnrf5h_']
[2025-12-21 17:27:19,333] {standard_task_runner.py:77} INFO - Job 298: Subtask fill_table__order_items
[2025-12-21 17:27:19,324] {standard_task_runner.py:52} INFO - Started process 3565 to run task
[2025-12-21 17:27:19,445] {logging_mixin.py:109} INFO - Running <TaskInstance: SolovevEgor_HW_05_ds_20259834765986593865.fill_table__order_items manual__2025-12-21T17:27:15.817736+00:00 [running]> on host b97b26732d6a
[2025-12-21 17:27:19,534] {taskinstance.py:1426} INFO - Exporting the following env vars:
AIRFLOW_CTX_DAG_OWNER=Solovev Egor
AIRFLOW_CTX_DAG_ID=SolovevEgor_HW_05_ds_20259834765986593865
AIRFLOW_CTX_TASK_ID=fill_table__order_items
AIRFLOW_CTX_EXECUTION_DATE=2025-12-21T17:27:15.817736+00:00
AIRFLOW_CTX_DAG_RUN_ID=manual__2025-12-21T17:27:15.817736+00:00
[2025-12-21 17:27:19,546] {base.py:79} INFO - Using connection to: id: postgresql. Host: postgres, Port: 5432, Schema: postgres, Login: ***, Password: ***, extra: {}
[2025-12-21 17:27:19,552] {dbapi.py:225} INFO - Running statement: 
                COPY order_items FROM '/opt/***/data_files/order_items.csv'
                DELIMITER ',' CSV HEADER;
        , parameters: None
[2025-12-21 17:27:19,615] {dbapi.py:233} INFO - Rows affected: 20000
[2025-12-21 17:27:19,659] {taskinstance.py:1277} INFO - Marking task as SUCCESS. dag_id=SolovevEgor_HW_05_ds_20259834765986593865, task_id=fill_table__order_items, execution_date=20251221T172715, start_date=20251221T172719, end_date=20251221T172719
[2025-12-21 17:27:19,717] {local_task_job.py:154} INFO - Task exited with return code 0
[2025-12-21 17:27:19,756] {local_task_job.py:264} INFO - 1 downstream tasks scheduled from follow-on schedule check
