[2025-12-21 19:39:58,755] {taskinstance.py:1032} INFO - Dependencies all met for <TaskInstance: SolovevEgor_HW_05_ds_2025.fill_table__orders scheduled__2025-12-21T19:39:37.579304+00:00 [queued]>
[2025-12-21 19:39:58,775] {taskinstance.py:1032} INFO - Dependencies all met for <TaskInstance: SolovevEgor_HW_05_ds_2025.fill_table__orders scheduled__2025-12-21T19:39:37.579304+00:00 [queued]>
[2025-12-21 19:39:58,776] {taskinstance.py:1238} INFO - 
--------------------------------------------------------------------------------
[2025-12-21 19:39:58,777] {taskinstance.py:1239} INFO - Starting attempt 1 of 2
[2025-12-21 19:39:58,778] {taskinstance.py:1240} INFO - 
--------------------------------------------------------------------------------
[2025-12-21 19:39:58,821] {taskinstance.py:1259} INFO - Executing <Task(PostgresOperator): fill_table__orders> on 2025-12-21 19:39:37.579304+00:00
[2025-12-21 19:39:58,840] {standard_task_runner.py:76} INFO - Running: ['***', 'tasks', 'run', 'SolovevEgor_HW_05_ds_2025', 'fill_table__orders', 'scheduled__2025-12-21T19:39:37.579304+00:00', '--job-id', '2939', '--raw', '--subdir', 'DAGS_FOLDER/SolovevEgor_HW_06_ds_2025.py', '--cfg-path', '/tmp/tmp7a68unvl', '--error-file', '/tmp/tmpih2qeajj']
[2025-12-21 19:39:58,842] {standard_task_runner.py:77} INFO - Job 2939: Subtask fill_table__orders
[2025-12-21 19:39:58,831] {standard_task_runner.py:52} INFO - Started process 753 to run task
[2025-12-21 19:39:59,071] {logging_mixin.py:109} INFO - Running <TaskInstance: SolovevEgor_HW_05_ds_2025.fill_table__orders scheduled__2025-12-21T19:39:37.579304+00:00 [running]> on host 0262ea7a04e5
[2025-12-21 19:39:59,306] {taskinstance.py:1426} INFO - Exporting the following env vars:
AIRFLOW_CTX_DAG_OWNER=Solovev Egor
AIRFLOW_CTX_DAG_ID=SolovevEgor_HW_05_ds_2025
AIRFLOW_CTX_TASK_ID=fill_table__orders
AIRFLOW_CTX_EXECUTION_DATE=2025-12-21T19:39:37.579304+00:00
AIRFLOW_CTX_DAG_RUN_ID=scheduled__2025-12-21T19:39:37.579304+00:00
[2025-12-21 19:39:59,333] {base.py:79} INFO - Using connection to: id: postgresql. Host: postgres, Port: 5432, Schema: postgres, Login: ***, Password: ***, extra: {}
[2025-12-21 19:39:59,353] {dbapi.py:225} INFO - Running statement: 
                COPY orders FROM '/opt/***/data_files/orders.csv'
                DELIMITER ',' CSV HEADER;
        , parameters: None
[2025-12-21 19:39:59,511] {dbapi.py:233} INFO - Rows affected: 20000
[2025-12-21 19:39:59,545] {taskinstance.py:1277} INFO - Marking task as SUCCESS. dag_id=SolovevEgor_HW_05_ds_2025, task_id=fill_table__orders, execution_date=20251221T193937, start_date=20251221T193958, end_date=20251221T193959
[2025-12-21 19:39:59,608] {local_task_job.py:154} INFO - Task exited with return code 0
[2025-12-21 19:39:59,761] {local_task_job.py:264} INFO - 2 downstream tasks scheduled from follow-on schedule check
