[2025-12-21 19:18:26,470] {taskinstance.py:1032} INFO - Dependencies all met for <TaskInstance: SolovevEgor_HW_05_ds_2025.fill_table__customer scheduled__2025-12-21T19:18:07.427947+00:00 [queued]>
[2025-12-21 19:18:26,482] {taskinstance.py:1032} INFO - Dependencies all met for <TaskInstance: SolovevEgor_HW_05_ds_2025.fill_table__customer scheduled__2025-12-21T19:18:07.427947+00:00 [queued]>
[2025-12-21 19:18:26,483] {taskinstance.py:1238} INFO - 
--------------------------------------------------------------------------------
[2025-12-21 19:18:26,483] {taskinstance.py:1239} INFO - Starting attempt 1 of 2
[2025-12-21 19:18:26,483] {taskinstance.py:1240} INFO - 
--------------------------------------------------------------------------------
[2025-12-21 19:18:26,497] {taskinstance.py:1259} INFO - Executing <Task(PostgresOperator): fill_table__customer> on 2025-12-21 19:18:07.427947+00:00
[2025-12-21 19:18:26,504] {standard_task_runner.py:52} INFO - Started process 296 to run task
[2025-12-21 19:18:26,512] {standard_task_runner.py:76} INFO - Running: ['***', 'tasks', 'run', 'SolovevEgor_HW_05_ds_2025', 'fill_table__customer', 'scheduled__2025-12-21T19:18:07.427947+00:00', '--job-id', '2394', '--raw', '--subdir', 'DAGS_FOLDER/SolovevEgor_HW_06_ds_2025.py', '--cfg-path', '/tmp/tmp9mlh6_mj', '--error-file', '/tmp/tmpfodgkvyl']
[2025-12-21 19:18:26,513] {standard_task_runner.py:77} INFO - Job 2394: Subtask fill_table__customer
[2025-12-21 19:18:26,599] {logging_mixin.py:109} INFO - Running <TaskInstance: SolovevEgor_HW_05_ds_2025.fill_table__customer scheduled__2025-12-21T19:18:07.427947+00:00 [running]> on host 73327a86500c
[2025-12-21 19:18:26,685] {taskinstance.py:1426} INFO - Exporting the following env vars:
AIRFLOW_CTX_DAG_OWNER=Solovev Egor
AIRFLOW_CTX_DAG_ID=SolovevEgor_HW_05_ds_2025
AIRFLOW_CTX_TASK_ID=fill_table__customer
AIRFLOW_CTX_EXECUTION_DATE=2025-12-21T19:18:07.427947+00:00
AIRFLOW_CTX_DAG_RUN_ID=scheduled__2025-12-21T19:18:07.427947+00:00
[2025-12-21 19:18:26,699] {base.py:79} INFO - Using connection to: id: postgresql. Host: postgres, Port: 5432, Schema: postgres, Login: ***, Password: ***, extra: {}
[2025-12-21 19:18:26,705] {dbapi.py:225} INFO - Running statement: 
                COPY customer FROM '/opt/***/data_files/customer.csv'
                DELIMITER ';' CSV HEADER;
        , parameters: None
[2025-12-21 19:18:26,725] {dbapi.py:233} INFO - Rows affected: 4000
[2025-12-21 19:18:26,748] {taskinstance.py:1277} INFO - Marking task as SUCCESS. dag_id=SolovevEgor_HW_05_ds_2025, task_id=fill_table__customer, execution_date=20251221T191807, start_date=20251221T191826, end_date=20251221T191826
[2025-12-21 19:18:26,808] {local_task_job.py:154} INFO - Task exited with return code 0
[2025-12-21 19:18:26,855] {local_task_job.py:264} INFO - 0 downstream tasks scheduled from follow-on schedule check
