[2025-12-21 18:19:21,855] {taskinstance.py:1032} INFO - Dependencies all met for <TaskInstance: SolovevEgor_HW_05_ds_2025.fill_table__customer scheduled__2025-12-21T18:19:04.372814+00:00 [queued]>
[2025-12-21 18:19:21,868] {taskinstance.py:1032} INFO - Dependencies all met for <TaskInstance: SolovevEgor_HW_05_ds_2025.fill_table__customer scheduled__2025-12-21T18:19:04.372814+00:00 [queued]>
[2025-12-21 18:19:21,868] {taskinstance.py:1238} INFO - 
--------------------------------------------------------------------------------
[2025-12-21 18:19:21,868] {taskinstance.py:1239} INFO - Starting attempt 1 of 2
[2025-12-21 18:19:21,868] {taskinstance.py:1240} INFO - 
--------------------------------------------------------------------------------
[2025-12-21 18:19:21,881] {taskinstance.py:1259} INFO - Executing <Task(PostgresOperator): fill_table__customer> on 2025-12-21 18:19:04.372814+00:00
[2025-12-21 18:19:21,887] {standard_task_runner.py:52} INFO - Started process 6706 to run task
[2025-12-21 18:19:21,893] {standard_task_runner.py:76} INFO - Running: ['***', 'tasks', 'run', 'SolovevEgor_HW_05_ds_2025', 'fill_table__customer', 'scheduled__2025-12-21T18:19:04.372814+00:00', '--job-id', '606', '--raw', '--subdir', 'DAGS_FOLDER/SolovevEgor_HW_06_ds_2025.py', '--cfg-path', '/tmp/tmpdl414sko', '--error-file', '/tmp/tmpbec8ffct']
[2025-12-21 18:19:21,894] {standard_task_runner.py:77} INFO - Job 606: Subtask fill_table__customer
[2025-12-21 18:19:21,969] {logging_mixin.py:109} INFO - Running <TaskInstance: SolovevEgor_HW_05_ds_2025.fill_table__customer scheduled__2025-12-21T18:19:04.372814+00:00 [running]> on host b97b26732d6a
[2025-12-21 18:19:22,032] {taskinstance.py:1426} INFO - Exporting the following env vars:
AIRFLOW_CTX_DAG_OWNER=Solovev Egor
AIRFLOW_CTX_DAG_ID=SolovevEgor_HW_05_ds_2025
AIRFLOW_CTX_TASK_ID=fill_table__customer
AIRFLOW_CTX_EXECUTION_DATE=2025-12-21T18:19:04.372814+00:00
AIRFLOW_CTX_DAG_RUN_ID=scheduled__2025-12-21T18:19:04.372814+00:00
[2025-12-21 18:19:22,042] {base.py:79} INFO - Using connection to: id: postgresql. Host: postgres, Port: 5432, Schema: postgres, Login: ***, Password: ***, extra: {}
[2025-12-21 18:19:22,047] {dbapi.py:225} INFO - Running statement: 
                COPY customer FROM '/opt/***/data_files/customer.csv'
                DELIMITER ';' CSV HEADER;
        , parameters: None
[2025-12-21 18:19:22,066] {dbapi.py:233} INFO - Rows affected: 4000
[2025-12-21 18:19:22,082] {taskinstance.py:1277} INFO - Marking task as SUCCESS. dag_id=SolovevEgor_HW_05_ds_2025, task_id=fill_table__customer, execution_date=20251221T181904, start_date=20251221T181921, end_date=20251221T181922
[2025-12-21 18:19:22,105] {local_task_job.py:154} INFO - Task exited with return code 0
[2025-12-21 18:19:22,152] {local_task_job.py:264} INFO - 0 downstream tasks scheduled from follow-on schedule check
