[2025-12-21 19:37:27,455] {taskinstance.py:1032} INFO - Dependencies all met for <TaskInstance: SolovevEgor_HW_05_ds_2025.run_query1 scheduled__2025-12-21T19:37:07.579304+00:00 [queued]>
[2025-12-21 19:37:27,464] {taskinstance.py:1032} INFO - Dependencies all met for <TaskInstance: SolovevEgor_HW_05_ds_2025.run_query1 scheduled__2025-12-21T19:37:07.579304+00:00 [queued]>
[2025-12-21 19:37:27,464] {taskinstance.py:1238} INFO - 
--------------------------------------------------------------------------------
[2025-12-21 19:37:27,464] {taskinstance.py:1239} INFO - Starting attempt 1 of 2
[2025-12-21 19:37:27,465] {taskinstance.py:1240} INFO - 
--------------------------------------------------------------------------------
[2025-12-21 19:37:27,474] {taskinstance.py:1259} INFO - Executing <Task(PythonOperator): run_query1> on 2025-12-21 19:37:07.579304+00:00
[2025-12-21 19:37:27,483] {standard_task_runner.py:76} INFO - Running: ['***', 'tasks', 'run', 'SolovevEgor_HW_05_ds_2025', 'run_query1', 'scheduled__2025-12-21T19:37:07.579304+00:00', '--job-id', '2845', '--raw', '--subdir', 'DAGS_FOLDER/SolovevEgor_HW_06_ds_2025.py', '--cfg-path', '/tmp/tmp9zlchkzv', '--error-file', '/tmp/tmp2rek0r9k']
[2025-12-21 19:37:27,484] {standard_task_runner.py:77} INFO - Job 2845: Subtask run_query1
[2025-12-21 19:37:27,479] {standard_task_runner.py:52} INFO - Started process 472 to run task
[2025-12-21 19:37:27,544] {logging_mixin.py:109} INFO - Running <TaskInstance: SolovevEgor_HW_05_ds_2025.run_query1 scheduled__2025-12-21T19:37:07.579304+00:00 [running]> on host 0262ea7a04e5
[2025-12-21 19:37:27,596] {taskinstance.py:1426} INFO - Exporting the following env vars:
AIRFLOW_CTX_DAG_OWNER=Solovev Egor
AIRFLOW_CTX_DAG_ID=SolovevEgor_HW_05_ds_2025
AIRFLOW_CTX_TASK_ID=run_query1
AIRFLOW_CTX_EXECUTION_DATE=2025-12-21T19:37:07.579304+00:00
AIRFLOW_CTX_DAG_RUN_ID=scheduled__2025-12-21T19:37:07.579304+00:00
[2025-12-21 19:37:27,842] {base.py:79} INFO - Using connection to: id: postgresql. Host: postgres, Port: 5432, Schema: postgres, Login: ***, Password: ***, extra: {}
[2025-12-21 19:37:27,884] {python.py:175} INFO - Done. Returned value was: 0
[2025-12-21 19:37:27,915] {taskinstance.py:1277} INFO - Marking task as SUCCESS. dag_id=SolovevEgor_HW_05_ds_2025, task_id=run_query1, execution_date=20251221T193707, start_date=20251221T193727, end_date=20251221T193727
[2025-12-21 19:37:27,942] {local_task_job.py:154} INFO - Task exited with return code 0
[2025-12-21 19:37:27,979] {local_task_job.py:264} INFO - 0 downstream tasks scheduled from follow-on schedule check
