[2025-12-21 19:26:33,190] {taskinstance.py:1032} INFO - Dependencies all met for <TaskInstance: SolovevEgor_HW_05_ds_2025.fill_table__product scheduled__2025-12-21T19:26:14.660595+00:00 [queued]>
[2025-12-21 19:26:33,210] {taskinstance.py:1032} INFO - Dependencies all met for <TaskInstance: SolovevEgor_HW_05_ds_2025.fill_table__product scheduled__2025-12-21T19:26:14.660595+00:00 [queued]>
[2025-12-21 19:26:33,210] {taskinstance.py:1238} INFO - 
--------------------------------------------------------------------------------
[2025-12-21 19:26:33,211] {taskinstance.py:1239} INFO - Starting attempt 1 of 2
[2025-12-21 19:26:33,211] {taskinstance.py:1240} INFO - 
--------------------------------------------------------------------------------
[2025-12-21 19:26:33,226] {taskinstance.py:1259} INFO - Executing <Task(PostgresOperator): fill_table__product> on 2025-12-21 19:26:14.660595+00:00
[2025-12-21 19:26:33,243] {standard_task_runner.py:76} INFO - Running: ['***', 'tasks', 'run', 'SolovevEgor_HW_05_ds_2025', 'fill_table__product', 'scheduled__2025-12-21T19:26:14.660595+00:00', '--job-id', '2553', '--raw', '--subdir', 'DAGS_FOLDER/SolovevEgor_HW_06_ds_2025.py', '--cfg-path', '/tmp/tmprjd5wldo', '--error-file', '/tmp/tmp9957x3jg']
[2025-12-21 19:26:33,244] {standard_task_runner.py:77} INFO - Job 2553: Subtask fill_table__product
[2025-12-21 19:26:33,238] {standard_task_runner.py:52} INFO - Started process 168 to run task
[2025-12-21 19:26:33,359] {logging_mixin.py:109} INFO - Running <TaskInstance: SolovevEgor_HW_05_ds_2025.fill_table__product scheduled__2025-12-21T19:26:14.660595+00:00 [running]> on host 6e44f93f8024
[2025-12-21 19:26:33,482] {taskinstance.py:1426} INFO - Exporting the following env vars:
AIRFLOW_CTX_DAG_OWNER=Solovev Egor
AIRFLOW_CTX_DAG_ID=SolovevEgor_HW_05_ds_2025
AIRFLOW_CTX_TASK_ID=fill_table__product
AIRFLOW_CTX_EXECUTION_DATE=2025-12-21T19:26:14.660595+00:00
AIRFLOW_CTX_DAG_RUN_ID=scheduled__2025-12-21T19:26:14.660595+00:00
[2025-12-21 19:26:33,503] {base.py:79} INFO - Using connection to: id: postgresql. Host: postgres, Port: 5432, Schema: postgres, Login: ***, Password: ***, extra: {}
[2025-12-21 19:26:33,511] {dbapi.py:225} INFO - Running statement: 
                COPY product FROM '/opt/***/data_files/product.csv'
                DELIMITER ',' CSV HEADER;
        , parameters: None
[2025-12-21 19:26:33,514] {dbapi.py:233} INFO - Rows affected: 190
[2025-12-21 19:26:33,542] {taskinstance.py:1277} INFO - Marking task as SUCCESS. dag_id=SolovevEgor_HW_05_ds_2025, task_id=fill_table__product, execution_date=20251221T192614, start_date=20251221T192633, end_date=20251221T192633
[2025-12-21 19:26:33,587] {local_task_job.py:154} INFO - Task exited with return code 0
[2025-12-21 19:26:33,660] {local_task_job.py:264} INFO - 0 downstream tasks scheduled from follow-on schedule check
