[2025-12-10 18:26:04,872] {processor.py:163} INFO - Started process (PID=235) to work on /home/airflow/.local/lib/python3.6/site-packages/airflow/example_dags/example_task_group_decorator.py
[2025-12-10 18:26:04,873] {processor.py:642} INFO - Processing file /home/airflow/.local/lib/python3.6/site-packages/airflow/example_dags/example_task_group_decorator.py for tasks to queue
[2025-12-10 18:26:04,873] {logging_mixin.py:109} INFO - [2025-12-10 18:26:04,873] {dagbag.py:500} INFO - Filling up the DagBag from /home/airflow/.local/lib/python3.6/site-packages/airflow/example_dags/example_task_group_decorator.py
[2025-12-10 18:26:04,915] {processor.py:654} INFO - DAG(s) dict_keys(['example_task_group_decorator']) retrieved from /home/airflow/.local/lib/python3.6/site-packages/airflow/example_dags/example_task_group_decorator.py
[2025-12-10 18:26:05,460] {logging_mixin.py:109} INFO - [2025-12-10 18:26:05,460] {manager.py:496} INFO - Created Permission View: can edit on DAG:example_task_group_decorator
[2025-12-10 18:26:05,468] {logging_mixin.py:109} INFO - [2025-12-10 18:26:05,468] {manager.py:496} INFO - Created Permission View: can read on DAG:example_task_group_decorator
[2025-12-10 18:26:05,470] {logging_mixin.py:109} INFO - [2025-12-10 18:26:05,469] {dag.py:2396} INFO - Sync 1 DAGs
[2025-12-10 18:26:05,479] {logging_mixin.py:109} INFO - [2025-12-10 18:26:05,478] {dag.py:2415} INFO - Creating ORM DAG for example_task_group_decorator
[2025-12-10 18:26:05,486] {logging_mixin.py:109} INFO - [2025-12-10 18:26:05,486] {dag.py:2935} INFO - Setting next_dagrun for example_task_group_decorator to 2025-12-09T18:26:05.486107+00:00
[2025-12-10 18:26:05,498] {processor.py:171} INFO - Processing /home/airflow/.local/lib/python3.6/site-packages/airflow/example_dags/example_task_group_decorator.py took 1.815 seconds
[2025-12-10 18:26:35,969] {processor.py:163} INFO - Started process (PID=489) to work on /home/airflow/.local/lib/python3.6/site-packages/airflow/example_dags/example_task_group_decorator.py
[2025-12-10 18:26:35,975] {processor.py:642} INFO - Processing file /home/airflow/.local/lib/python3.6/site-packages/airflow/example_dags/example_task_group_decorator.py for tasks to queue
[2025-12-10 18:26:35,978] {logging_mixin.py:109} INFO - [2025-12-10 18:26:35,977] {dagbag.py:500} INFO - Filling up the DagBag from /home/airflow/.local/lib/python3.6/site-packages/airflow/example_dags/example_task_group_decorator.py
[2025-12-10 18:26:36,088] {processor.py:654} INFO - DAG(s) dict_keys(['example_task_group_decorator']) retrieved from /home/airflow/.local/lib/python3.6/site-packages/airflow/example_dags/example_task_group_decorator.py
[2025-12-10 18:26:36,282] {logging_mixin.py:109} INFO - [2025-12-10 18:26:36,282] {dag.py:2396} INFO - Sync 1 DAGs
[2025-12-10 18:26:36,297] {logging_mixin.py:109} INFO - [2025-12-10 18:26:36,297] {dag.py:2935} INFO - Setting next_dagrun for example_task_group_decorator to 2025-12-09T18:26:36.297048+00:00
[2025-12-10 18:26:36,307] {processor.py:171} INFO - Processing /home/airflow/.local/lib/python3.6/site-packages/airflow/example_dags/example_task_group_decorator.py took 0.354 seconds
[2025-12-10 18:27:06,896] {processor.py:163} INFO - Started process (PID=542) to work on /home/airflow/.local/lib/python3.6/site-packages/airflow/example_dags/example_task_group_decorator.py
[2025-12-10 18:27:06,897] {processor.py:642} INFO - Processing file /home/airflow/.local/lib/python3.6/site-packages/airflow/example_dags/example_task_group_decorator.py for tasks to queue
[2025-12-10 18:27:06,898] {logging_mixin.py:109} INFO - [2025-12-10 18:27:06,898] {dagbag.py:500} INFO - Filling up the DagBag from /home/airflow/.local/lib/python3.6/site-packages/airflow/example_dags/example_task_group_decorator.py
[2025-12-10 18:27:06,940] {processor.py:654} INFO - DAG(s) dict_keys(['example_task_group_decorator']) retrieved from /home/airflow/.local/lib/python3.6/site-packages/airflow/example_dags/example_task_group_decorator.py
[2025-12-10 18:27:07,120] {logging_mixin.py:109} INFO - [2025-12-10 18:27:07,120] {dag.py:2396} INFO - Sync 1 DAGs
[2025-12-10 18:27:07,133] {logging_mixin.py:109} INFO - [2025-12-10 18:27:07,132] {dag.py:2935} INFO - Setting next_dagrun for example_task_group_decorator to 2025-12-09T18:27:07.132714+00:00
[2025-12-10 18:27:07,143] {processor.py:171} INFO - Processing /home/airflow/.local/lib/python3.6/site-packages/airflow/example_dags/example_task_group_decorator.py took 0.252 seconds
[2025-12-10 18:27:38,140] {processor.py:163} INFO - Started process (PID=604) to work on /home/airflow/.local/lib/python3.6/site-packages/airflow/example_dags/example_task_group_decorator.py
[2025-12-10 18:27:38,141] {processor.py:642} INFO - Processing file /home/airflow/.local/lib/python3.6/site-packages/airflow/example_dags/example_task_group_decorator.py for tasks to queue
[2025-12-10 18:27:38,142] {logging_mixin.py:109} INFO - [2025-12-10 18:27:38,142] {dagbag.py:500} INFO - Filling up the DagBag from /home/airflow/.local/lib/python3.6/site-packages/airflow/example_dags/example_task_group_decorator.py
[2025-12-10 18:27:38,184] {processor.py:654} INFO - DAG(s) dict_keys(['example_task_group_decorator']) retrieved from /home/airflow/.local/lib/python3.6/site-packages/airflow/example_dags/example_task_group_decorator.py
[2025-12-10 18:27:38,381] {logging_mixin.py:109} INFO - [2025-12-10 18:27:38,381] {dag.py:2396} INFO - Sync 1 DAGs
[2025-12-10 18:27:38,397] {logging_mixin.py:109} INFO - [2025-12-10 18:27:38,397] {dag.py:2935} INFO - Setting next_dagrun for example_task_group_decorator to 2025-12-09T18:27:38.397122+00:00
[2025-12-10 18:27:38,407] {processor.py:171} INFO - Processing /home/airflow/.local/lib/python3.6/site-packages/airflow/example_dags/example_task_group_decorator.py took 0.270 seconds
[2025-12-10 18:28:08,618] {processor.py:163} INFO - Started process (PID=666) to work on /home/airflow/.local/lib/python3.6/site-packages/airflow/example_dags/example_task_group_decorator.py
[2025-12-10 18:28:08,625] {processor.py:642} INFO - Processing file /home/airflow/.local/lib/python3.6/site-packages/airflow/example_dags/example_task_group_decorator.py for tasks to queue
[2025-12-10 18:28:08,626] {logging_mixin.py:109} INFO - [2025-12-10 18:28:08,626] {dagbag.py:500} INFO - Filling up the DagBag from /home/airflow/.local/lib/python3.6/site-packages/airflow/example_dags/example_task_group_decorator.py
[2025-12-10 18:28:08,673] {processor.py:654} INFO - DAG(s) dict_keys(['example_task_group_decorator']) retrieved from /home/airflow/.local/lib/python3.6/site-packages/airflow/example_dags/example_task_group_decorator.py
[2025-12-10 18:28:08,853] {logging_mixin.py:109} INFO - [2025-12-10 18:28:08,853] {dag.py:2396} INFO - Sync 1 DAGs
[2025-12-10 18:28:08,869] {logging_mixin.py:109} INFO - [2025-12-10 18:28:08,869] {dag.py:2935} INFO - Setting next_dagrun for example_task_group_decorator to 2025-12-09T18:28:08.869450+00:00
[2025-12-10 18:28:08,885] {processor.py:171} INFO - Processing /home/airflow/.local/lib/python3.6/site-packages/airflow/example_dags/example_task_group_decorator.py took 0.271 seconds
[2025-12-10 18:28:38,968] {processor.py:163} INFO - Started process (PID=718) to work on /home/airflow/.local/lib/python3.6/site-packages/airflow/example_dags/example_task_group_decorator.py
[2025-12-10 18:28:38,975] {processor.py:642} INFO - Processing file /home/airflow/.local/lib/python3.6/site-packages/airflow/example_dags/example_task_group_decorator.py for tasks to queue
[2025-12-10 18:28:38,975] {logging_mixin.py:109} INFO - [2025-12-10 18:28:38,975] {dagbag.py:500} INFO - Filling up the DagBag from /home/airflow/.local/lib/python3.6/site-packages/airflow/example_dags/example_task_group_decorator.py
[2025-12-10 18:28:39,012] {processor.py:654} INFO - DAG(s) dict_keys(['example_task_group_decorator']) retrieved from /home/airflow/.local/lib/python3.6/site-packages/airflow/example_dags/example_task_group_decorator.py
[2025-12-10 18:28:39,179] {logging_mixin.py:109} INFO - [2025-12-10 18:28:39,179] {dag.py:2396} INFO - Sync 1 DAGs
[2025-12-10 18:28:39,193] {logging_mixin.py:109} INFO - [2025-12-10 18:28:39,193] {dag.py:2935} INFO - Setting next_dagrun for example_task_group_decorator to 2025-12-09T18:28:39.192847+00:00
[2025-12-10 18:28:39,202] {processor.py:171} INFO - Processing /home/airflow/.local/lib/python3.6/site-packages/airflow/example_dags/example_task_group_decorator.py took 0.237 seconds
[2025-12-10 18:29:10,007] {processor.py:163} INFO - Started process (PID=780) to work on /home/airflow/.local/lib/python3.6/site-packages/airflow/example_dags/example_task_group_decorator.py
[2025-12-10 18:29:10,014] {processor.py:642} INFO - Processing file /home/airflow/.local/lib/python3.6/site-packages/airflow/example_dags/example_task_group_decorator.py for tasks to queue
[2025-12-10 18:29:10,015] {logging_mixin.py:109} INFO - [2025-12-10 18:29:10,015] {dagbag.py:500} INFO - Filling up the DagBag from /home/airflow/.local/lib/python3.6/site-packages/airflow/example_dags/example_task_group_decorator.py
[2025-12-10 18:29:10,052] {processor.py:654} INFO - DAG(s) dict_keys(['example_task_group_decorator']) retrieved from /home/airflow/.local/lib/python3.6/site-packages/airflow/example_dags/example_task_group_decorator.py
[2025-12-10 18:29:10,224] {logging_mixin.py:109} INFO - [2025-12-10 18:29:10,223] {dag.py:2396} INFO - Sync 1 DAGs
[2025-12-10 18:29:10,236] {logging_mixin.py:109} INFO - [2025-12-10 18:29:10,236] {dag.py:2935} INFO - Setting next_dagrun for example_task_group_decorator to 2025-12-09T18:29:10.236359+00:00
[2025-12-10 18:29:10,246] {processor.py:171} INFO - Processing /home/airflow/.local/lib/python3.6/site-packages/airflow/example_dags/example_task_group_decorator.py took 0.241 seconds
[2025-12-10 18:29:40,534] {processor.py:163} INFO - Started process (PID=842) to work on /home/airflow/.local/lib/python3.6/site-packages/airflow/example_dags/example_task_group_decorator.py
[2025-12-10 18:29:40,541] {processor.py:642} INFO - Processing file /home/airflow/.local/lib/python3.6/site-packages/airflow/example_dags/example_task_group_decorator.py for tasks to queue
[2025-12-10 18:29:40,542] {logging_mixin.py:109} INFO - [2025-12-10 18:29:40,542] {dagbag.py:500} INFO - Filling up the DagBag from /home/airflow/.local/lib/python3.6/site-packages/airflow/example_dags/example_task_group_decorator.py
[2025-12-10 18:29:40,583] {processor.py:654} INFO - DAG(s) dict_keys(['example_task_group_decorator']) retrieved from /home/airflow/.local/lib/python3.6/site-packages/airflow/example_dags/example_task_group_decorator.py
[2025-12-10 18:29:40,751] {logging_mixin.py:109} INFO - [2025-12-10 18:29:40,751] {dag.py:2396} INFO - Sync 1 DAGs
[2025-12-10 18:29:40,763] {logging_mixin.py:109} INFO - [2025-12-10 18:29:40,763] {dag.py:2935} INFO - Setting next_dagrun for example_task_group_decorator to 2025-12-09T18:29:40.763635+00:00
[2025-12-10 18:29:40,772] {processor.py:171} INFO - Processing /home/airflow/.local/lib/python3.6/site-packages/airflow/example_dags/example_task_group_decorator.py took 0.241 seconds
[2025-12-10 18:30:11,042] {processor.py:163} INFO - Started process (PID=894) to work on /home/airflow/.local/lib/python3.6/site-packages/airflow/example_dags/example_task_group_decorator.py
[2025-12-10 18:30:11,043] {processor.py:642} INFO - Processing file /home/airflow/.local/lib/python3.6/site-packages/airflow/example_dags/example_task_group_decorator.py for tasks to queue
[2025-12-10 18:30:11,043] {logging_mixin.py:109} INFO - [2025-12-10 18:30:11,043] {dagbag.py:500} INFO - Filling up the DagBag from /home/airflow/.local/lib/python3.6/site-packages/airflow/example_dags/example_task_group_decorator.py
[2025-12-10 18:30:11,083] {processor.py:654} INFO - DAG(s) dict_keys(['example_task_group_decorator']) retrieved from /home/airflow/.local/lib/python3.6/site-packages/airflow/example_dags/example_task_group_decorator.py
[2025-12-10 18:30:11,258] {logging_mixin.py:109} INFO - [2025-12-10 18:30:11,258] {dag.py:2396} INFO - Sync 1 DAGs
[2025-12-10 18:30:11,271] {logging_mixin.py:109} INFO - [2025-12-10 18:30:11,271] {dag.py:2935} INFO - Setting next_dagrun for example_task_group_decorator to 2025-12-09T18:30:11.271014+00:00
[2025-12-10 18:30:11,280] {processor.py:171} INFO - Processing /home/airflow/.local/lib/python3.6/site-packages/airflow/example_dags/example_task_group_decorator.py took 0.241 seconds
[2025-12-10 18:30:41,428] {processor.py:163} INFO - Started process (PID=956) to work on /home/airflow/.local/lib/python3.6/site-packages/airflow/example_dags/example_task_group_decorator.py
[2025-12-10 18:30:41,436] {processor.py:642} INFO - Processing file /home/airflow/.local/lib/python3.6/site-packages/airflow/example_dags/example_task_group_decorator.py for tasks to queue
[2025-12-10 18:30:41,436] {logging_mixin.py:109} INFO - [2025-12-10 18:30:41,436] {dagbag.py:500} INFO - Filling up the DagBag from /home/airflow/.local/lib/python3.6/site-packages/airflow/example_dags/example_task_group_decorator.py
[2025-12-10 18:30:41,476] {processor.py:654} INFO - DAG(s) dict_keys(['example_task_group_decorator']) retrieved from /home/airflow/.local/lib/python3.6/site-packages/airflow/example_dags/example_task_group_decorator.py
[2025-12-10 18:30:41,633] {logging_mixin.py:109} INFO - [2025-12-10 18:30:41,633] {dag.py:2396} INFO - Sync 1 DAGs
[2025-12-10 18:30:41,645] {logging_mixin.py:109} INFO - [2025-12-10 18:30:41,645] {dag.py:2935} INFO - Setting next_dagrun for example_task_group_decorator to 2025-12-09T18:30:41.644973+00:00
[2025-12-10 18:30:41,654] {processor.py:171} INFO - Processing /home/airflow/.local/lib/python3.6/site-packages/airflow/example_dags/example_task_group_decorator.py took 0.228 seconds
[2025-12-10 18:31:11,871] {processor.py:163} INFO - Started process (PID=1008) to work on /home/airflow/.local/lib/python3.6/site-packages/airflow/example_dags/example_task_group_decorator.py
[2025-12-10 18:31:11,873] {processor.py:642} INFO - Processing file /home/airflow/.local/lib/python3.6/site-packages/airflow/example_dags/example_task_group_decorator.py for tasks to queue
[2025-12-10 18:31:11,873] {logging_mixin.py:109} INFO - [2025-12-10 18:31:11,873] {dagbag.py:500} INFO - Filling up the DagBag from /home/airflow/.local/lib/python3.6/site-packages/airflow/example_dags/example_task_group_decorator.py
[2025-12-10 18:31:11,918] {processor.py:654} INFO - DAG(s) dict_keys(['example_task_group_decorator']) retrieved from /home/airflow/.local/lib/python3.6/site-packages/airflow/example_dags/example_task_group_decorator.py
[2025-12-10 18:31:12,089] {logging_mixin.py:109} INFO - [2025-12-10 18:31:12,089] {dag.py:2396} INFO - Sync 1 DAGs
[2025-12-10 18:31:12,103] {logging_mixin.py:109} INFO - [2025-12-10 18:31:12,102] {dag.py:2935} INFO - Setting next_dagrun for example_task_group_decorator to 2025-12-09T18:31:12.102674+00:00
[2025-12-10 18:31:12,112] {processor.py:171} INFO - Processing /home/airflow/.local/lib/python3.6/site-packages/airflow/example_dags/example_task_group_decorator.py took 0.246 seconds
[2025-12-10 18:31:42,270] {processor.py:163} INFO - Started process (PID=1070) to work on /home/airflow/.local/lib/python3.6/site-packages/airflow/example_dags/example_task_group_decorator.py
[2025-12-10 18:31:42,271] {processor.py:642} INFO - Processing file /home/airflow/.local/lib/python3.6/site-packages/airflow/example_dags/example_task_group_decorator.py for tasks to queue
[2025-12-10 18:31:42,272] {logging_mixin.py:109} INFO - [2025-12-10 18:31:42,272] {dagbag.py:500} INFO - Filling up the DagBag from /home/airflow/.local/lib/python3.6/site-packages/airflow/example_dags/example_task_group_decorator.py
[2025-12-10 18:31:42,308] {processor.py:654} INFO - DAG(s) dict_keys(['example_task_group_decorator']) retrieved from /home/airflow/.local/lib/python3.6/site-packages/airflow/example_dags/example_task_group_decorator.py
[2025-12-10 18:31:42,469] {logging_mixin.py:109} INFO - [2025-12-10 18:31:42,469] {dag.py:2396} INFO - Sync 1 DAGs
[2025-12-10 18:31:42,481] {logging_mixin.py:109} INFO - [2025-12-10 18:31:42,481] {dag.py:2935} INFO - Setting next_dagrun for example_task_group_decorator to 2025-12-09T18:31:42.481196+00:00
[2025-12-10 18:31:42,490] {processor.py:171} INFO - Processing /home/airflow/.local/lib/python3.6/site-packages/airflow/example_dags/example_task_group_decorator.py took 0.223 seconds
[2025-12-10 18:32:12,678] {processor.py:163} INFO - Started process (PID=1132) to work on /home/airflow/.local/lib/python3.6/site-packages/airflow/example_dags/example_task_group_decorator.py
[2025-12-10 18:32:12,679] {processor.py:642} INFO - Processing file /home/airflow/.local/lib/python3.6/site-packages/airflow/example_dags/example_task_group_decorator.py for tasks to queue
[2025-12-10 18:32:12,679] {logging_mixin.py:109} INFO - [2025-12-10 18:32:12,679] {dagbag.py:500} INFO - Filling up the DagBag from /home/airflow/.local/lib/python3.6/site-packages/airflow/example_dags/example_task_group_decorator.py
[2025-12-10 18:32:12,719] {processor.py:654} INFO - DAG(s) dict_keys(['example_task_group_decorator']) retrieved from /home/airflow/.local/lib/python3.6/site-packages/airflow/example_dags/example_task_group_decorator.py
[2025-12-10 18:32:12,888] {logging_mixin.py:109} INFO - [2025-12-10 18:32:12,888] {dag.py:2396} INFO - Sync 1 DAGs
[2025-12-10 18:32:12,901] {logging_mixin.py:109} INFO - [2025-12-10 18:32:12,901] {dag.py:2935} INFO - Setting next_dagrun for example_task_group_decorator to 2025-12-09T18:32:12.900991+00:00
[2025-12-10 18:32:12,910] {processor.py:171} INFO - Processing /home/airflow/.local/lib/python3.6/site-packages/airflow/example_dags/example_task_group_decorator.py took 0.236 seconds
[2025-12-10 18:32:43,143] {processor.py:163} INFO - Started process (PID=1184) to work on /home/airflow/.local/lib/python3.6/site-packages/airflow/example_dags/example_task_group_decorator.py
[2025-12-10 18:32:43,145] {processor.py:642} INFO - Processing file /home/airflow/.local/lib/python3.6/site-packages/airflow/example_dags/example_task_group_decorator.py for tasks to queue
[2025-12-10 18:32:43,145] {logging_mixin.py:109} INFO - [2025-12-10 18:32:43,145] {dagbag.py:500} INFO - Filling up the DagBag from /home/airflow/.local/lib/python3.6/site-packages/airflow/example_dags/example_task_group_decorator.py
[2025-12-10 18:32:43,181] {processor.py:654} INFO - DAG(s) dict_keys(['example_task_group_decorator']) retrieved from /home/airflow/.local/lib/python3.6/site-packages/airflow/example_dags/example_task_group_decorator.py
[2025-12-10 18:32:43,337] {logging_mixin.py:109} INFO - [2025-12-10 18:32:43,337] {dag.py:2396} INFO - Sync 1 DAGs
[2025-12-10 18:32:43,349] {logging_mixin.py:109} INFO - [2025-12-10 18:32:43,349] {dag.py:2935} INFO - Setting next_dagrun for example_task_group_decorator to 2025-12-09T18:32:43.348997+00:00
[2025-12-10 18:32:43,357] {processor.py:171} INFO - Processing /home/airflow/.local/lib/python3.6/site-packages/airflow/example_dags/example_task_group_decorator.py took 0.217 seconds
[2025-12-10 18:33:13,533] {processor.py:163} INFO - Started process (PID=1246) to work on /home/airflow/.local/lib/python3.6/site-packages/airflow/example_dags/example_task_group_decorator.py
[2025-12-10 18:33:13,540] {processor.py:642} INFO - Processing file /home/airflow/.local/lib/python3.6/site-packages/airflow/example_dags/example_task_group_decorator.py for tasks to queue
[2025-12-10 18:33:13,541] {logging_mixin.py:109} INFO - [2025-12-10 18:33:13,541] {dagbag.py:500} INFO - Filling up the DagBag from /home/airflow/.local/lib/python3.6/site-packages/airflow/example_dags/example_task_group_decorator.py
[2025-12-10 18:33:13,578] {processor.py:654} INFO - DAG(s) dict_keys(['example_task_group_decorator']) retrieved from /home/airflow/.local/lib/python3.6/site-packages/airflow/example_dags/example_task_group_decorator.py
[2025-12-10 18:33:13,755] {logging_mixin.py:109} INFO - [2025-12-10 18:33:13,755] {dag.py:2396} INFO - Sync 1 DAGs
[2025-12-10 18:33:13,769] {logging_mixin.py:109} INFO - [2025-12-10 18:33:13,769] {dag.py:2935} INFO - Setting next_dagrun for example_task_group_decorator to 2025-12-09T18:33:13.768851+00:00
[2025-12-10 18:33:13,778] {processor.py:171} INFO - Processing /home/airflow/.local/lib/python3.6/site-packages/airflow/example_dags/example_task_group_decorator.py took 0.248 seconds
[2025-12-10 18:33:43,906] {processor.py:163} INFO - Started process (PID=1306) to work on /home/airflow/.local/lib/python3.6/site-packages/airflow/example_dags/example_task_group_decorator.py
[2025-12-10 18:33:43,913] {processor.py:642} INFO - Processing file /home/airflow/.local/lib/python3.6/site-packages/airflow/example_dags/example_task_group_decorator.py for tasks to queue
[2025-12-10 18:33:43,914] {logging_mixin.py:109} INFO - [2025-12-10 18:33:43,914] {dagbag.py:500} INFO - Filling up the DagBag from /home/airflow/.local/lib/python3.6/site-packages/airflow/example_dags/example_task_group_decorator.py
[2025-12-10 18:33:43,968] {processor.py:654} INFO - DAG(s) dict_keys(['example_task_group_decorator']) retrieved from /home/airflow/.local/lib/python3.6/site-packages/airflow/example_dags/example_task_group_decorator.py
[2025-12-10 18:33:44,142] {logging_mixin.py:109} INFO - [2025-12-10 18:33:44,142] {dag.py:2396} INFO - Sync 1 DAGs
[2025-12-10 18:33:44,155] {logging_mixin.py:109} INFO - [2025-12-10 18:33:44,155] {dag.py:2935} INFO - Setting next_dagrun for example_task_group_decorator to 2025-12-09T18:33:44.155407+00:00
[2025-12-10 18:33:44,164] {processor.py:171} INFO - Processing /home/airflow/.local/lib/python3.6/site-packages/airflow/example_dags/example_task_group_decorator.py took 0.261 seconds
[2025-12-10 18:34:14,309] {processor.py:163} INFO - Started process (PID=1361) to work on /home/airflow/.local/lib/python3.6/site-packages/airflow/example_dags/example_task_group_decorator.py
[2025-12-10 18:34:14,316] {processor.py:642} INFO - Processing file /home/airflow/.local/lib/python3.6/site-packages/airflow/example_dags/example_task_group_decorator.py for tasks to queue
[2025-12-10 18:34:14,317] {logging_mixin.py:109} INFO - [2025-12-10 18:34:14,317] {dagbag.py:500} INFO - Filling up the DagBag from /home/airflow/.local/lib/python3.6/site-packages/airflow/example_dags/example_task_group_decorator.py
[2025-12-10 18:34:14,354] {processor.py:654} INFO - DAG(s) dict_keys(['example_task_group_decorator']) retrieved from /home/airflow/.local/lib/python3.6/site-packages/airflow/example_dags/example_task_group_decorator.py
[2025-12-10 18:34:14,546] {logging_mixin.py:109} INFO - [2025-12-10 18:34:14,546] {dag.py:2396} INFO - Sync 1 DAGs
[2025-12-10 18:34:14,559] {logging_mixin.py:109} INFO - [2025-12-10 18:34:14,559] {dag.py:2935} INFO - Setting next_dagrun for example_task_group_decorator to 2025-12-09T18:34:14.559031+00:00
[2025-12-10 18:34:14,569] {processor.py:171} INFO - Processing /home/airflow/.local/lib/python3.6/site-packages/airflow/example_dags/example_task_group_decorator.py took 0.263 seconds
[2025-12-10 18:34:44,692] {processor.py:163} INFO - Started process (PID=1423) to work on /home/airflow/.local/lib/python3.6/site-packages/airflow/example_dags/example_task_group_decorator.py
[2025-12-10 18:34:44,700] {processor.py:642} INFO - Processing file /home/airflow/.local/lib/python3.6/site-packages/airflow/example_dags/example_task_group_decorator.py for tasks to queue
[2025-12-10 18:34:44,700] {logging_mixin.py:109} INFO - [2025-12-10 18:34:44,700] {dagbag.py:500} INFO - Filling up the DagBag from /home/airflow/.local/lib/python3.6/site-packages/airflow/example_dags/example_task_group_decorator.py
[2025-12-10 18:34:44,736] {processor.py:654} INFO - DAG(s) dict_keys(['example_task_group_decorator']) retrieved from /home/airflow/.local/lib/python3.6/site-packages/airflow/example_dags/example_task_group_decorator.py
[2025-12-10 18:34:44,889] {logging_mixin.py:109} INFO - [2025-12-10 18:34:44,889] {dag.py:2396} INFO - Sync 1 DAGs
[2025-12-10 18:34:44,900] {logging_mixin.py:109} INFO - [2025-12-10 18:34:44,900] {dag.py:2935} INFO - Setting next_dagrun for example_task_group_decorator to 2025-12-09T18:34:44.900261+00:00
[2025-12-10 18:34:44,919] {processor.py:171} INFO - Processing /home/airflow/.local/lib/python3.6/site-packages/airflow/example_dags/example_task_group_decorator.py took 0.230 seconds
[2025-12-10 18:35:14,998] {processor.py:163} INFO - Started process (PID=1475) to work on /home/airflow/.local/lib/python3.6/site-packages/airflow/example_dags/example_task_group_decorator.py
[2025-12-10 18:35:14,998] {processor.py:642} INFO - Processing file /home/airflow/.local/lib/python3.6/site-packages/airflow/example_dags/example_task_group_decorator.py for tasks to queue
[2025-12-10 18:35:14,999] {logging_mixin.py:109} INFO - [2025-12-10 18:35:14,999] {dagbag.py:500} INFO - Filling up the DagBag from /home/airflow/.local/lib/python3.6/site-packages/airflow/example_dags/example_task_group_decorator.py
[2025-12-10 18:35:15,036] {processor.py:654} INFO - DAG(s) dict_keys(['example_task_group_decorator']) retrieved from /home/airflow/.local/lib/python3.6/site-packages/airflow/example_dags/example_task_group_decorator.py
[2025-12-10 18:35:15,204] {logging_mixin.py:109} INFO - [2025-12-10 18:35:15,204] {dag.py:2396} INFO - Sync 1 DAGs
[2025-12-10 18:35:15,217] {logging_mixin.py:109} INFO - [2025-12-10 18:35:15,216] {dag.py:2935} INFO - Setting next_dagrun for example_task_group_decorator to 2025-12-09T18:35:15.216729+00:00
[2025-12-10 18:35:15,225] {processor.py:171} INFO - Processing /home/airflow/.local/lib/python3.6/site-packages/airflow/example_dags/example_task_group_decorator.py took 0.230 seconds
[2025-12-10 18:35:45,277] {processor.py:163} INFO - Started process (PID=1538) to work on /home/airflow/.local/lib/python3.6/site-packages/airflow/example_dags/example_task_group_decorator.py
[2025-12-10 18:35:45,279] {processor.py:642} INFO - Processing file /home/airflow/.local/lib/python3.6/site-packages/airflow/example_dags/example_task_group_decorator.py for tasks to queue
[2025-12-10 18:35:45,279] {logging_mixin.py:109} INFO - [2025-12-10 18:35:45,279] {dagbag.py:500} INFO - Filling up the DagBag from /home/airflow/.local/lib/python3.6/site-packages/airflow/example_dags/example_task_group_decorator.py
[2025-12-10 18:35:45,313] {processor.py:654} INFO - DAG(s) dict_keys(['example_task_group_decorator']) retrieved from /home/airflow/.local/lib/python3.6/site-packages/airflow/example_dags/example_task_group_decorator.py
[2025-12-10 18:35:45,474] {logging_mixin.py:109} INFO - [2025-12-10 18:35:45,474] {dag.py:2396} INFO - Sync 1 DAGs
[2025-12-10 18:35:45,487] {logging_mixin.py:109} INFO - [2025-12-10 18:35:45,486] {dag.py:2935} INFO - Setting next_dagrun for example_task_group_decorator to 2025-12-09T18:35:45.486608+00:00
[2025-12-10 18:35:45,495] {processor.py:171} INFO - Processing /home/airflow/.local/lib/python3.6/site-packages/airflow/example_dags/example_task_group_decorator.py took 0.221 seconds
[2025-12-10 18:36:15,778] {processor.py:163} INFO - Started process (PID=1599) to work on /home/airflow/.local/lib/python3.6/site-packages/airflow/example_dags/example_task_group_decorator.py
[2025-12-10 18:36:15,779] {processor.py:642} INFO - Processing file /home/airflow/.local/lib/python3.6/site-packages/airflow/example_dags/example_task_group_decorator.py for tasks to queue
[2025-12-10 18:36:15,779] {logging_mixin.py:109} INFO - [2025-12-10 18:36:15,779] {dagbag.py:500} INFO - Filling up the DagBag from /home/airflow/.local/lib/python3.6/site-packages/airflow/example_dags/example_task_group_decorator.py
[2025-12-10 18:36:15,825] {processor.py:654} INFO - DAG(s) dict_keys(['example_task_group_decorator']) retrieved from /home/airflow/.local/lib/python3.6/site-packages/airflow/example_dags/example_task_group_decorator.py
[2025-12-10 18:36:16,034] {logging_mixin.py:109} INFO - [2025-12-10 18:36:16,034] {dag.py:2396} INFO - Sync 1 DAGs
[2025-12-10 18:36:16,051] {logging_mixin.py:109} INFO - [2025-12-10 18:36:16,050] {dag.py:2935} INFO - Setting next_dagrun for example_task_group_decorator to 2025-12-09T18:36:16.050336+00:00
[2025-12-10 18:36:16,072] {processor.py:171} INFO - Processing /home/airflow/.local/lib/python3.6/site-packages/airflow/example_dags/example_task_group_decorator.py took 0.298 seconds
[2025-12-10 18:36:46,465] {processor.py:163} INFO - Started process (PID=1651) to work on /home/airflow/.local/lib/python3.6/site-packages/airflow/example_dags/example_task_group_decorator.py
[2025-12-10 18:36:46,472] {processor.py:642} INFO - Processing file /home/airflow/.local/lib/python3.6/site-packages/airflow/example_dags/example_task_group_decorator.py for tasks to queue
[2025-12-10 18:36:46,472] {logging_mixin.py:109} INFO - [2025-12-10 18:36:46,472] {dagbag.py:500} INFO - Filling up the DagBag from /home/airflow/.local/lib/python3.6/site-packages/airflow/example_dags/example_task_group_decorator.py
[2025-12-10 18:36:46,524] {processor.py:654} INFO - DAG(s) dict_keys(['example_task_group_decorator']) retrieved from /home/airflow/.local/lib/python3.6/site-packages/airflow/example_dags/example_task_group_decorator.py
[2025-12-10 18:36:46,722] {logging_mixin.py:109} INFO - [2025-12-10 18:36:46,722] {dag.py:2396} INFO - Sync 1 DAGs
[2025-12-10 18:36:46,738] {logging_mixin.py:109} INFO - [2025-12-10 18:36:46,738] {dag.py:2935} INFO - Setting next_dagrun for example_task_group_decorator to 2025-12-09T18:36:46.737956+00:00
[2025-12-10 18:36:46,750] {processor.py:171} INFO - Processing /home/airflow/.local/lib/python3.6/site-packages/airflow/example_dags/example_task_group_decorator.py took 0.288 seconds
[2025-12-10 18:37:16,884] {processor.py:163} INFO - Started process (PID=1713) to work on /home/airflow/.local/lib/python3.6/site-packages/airflow/example_dags/example_task_group_decorator.py
[2025-12-10 18:37:16,885] {processor.py:642} INFO - Processing file /home/airflow/.local/lib/python3.6/site-packages/airflow/example_dags/example_task_group_decorator.py for tasks to queue
[2025-12-10 18:37:16,886] {logging_mixin.py:109} INFO - [2025-12-10 18:37:16,886] {dagbag.py:500} INFO - Filling up the DagBag from /home/airflow/.local/lib/python3.6/site-packages/airflow/example_dags/example_task_group_decorator.py
[2025-12-10 18:37:16,922] {processor.py:654} INFO - DAG(s) dict_keys(['example_task_group_decorator']) retrieved from /home/airflow/.local/lib/python3.6/site-packages/airflow/example_dags/example_task_group_decorator.py
[2025-12-10 18:37:17,095] {logging_mixin.py:109} INFO - [2025-12-10 18:37:17,095] {dag.py:2396} INFO - Sync 1 DAGs
[2025-12-10 18:37:17,108] {logging_mixin.py:109} INFO - [2025-12-10 18:37:17,108] {dag.py:2935} INFO - Setting next_dagrun for example_task_group_decorator to 2025-12-09T18:37:17.108115+00:00
[2025-12-10 18:37:17,120] {processor.py:171} INFO - Processing /home/airflow/.local/lib/python3.6/site-packages/airflow/example_dags/example_task_group_decorator.py took 0.239 seconds
[2025-12-10 18:37:47,151] {processor.py:163} INFO - Started process (PID=1765) to work on /home/airflow/.local/lib/python3.6/site-packages/airflow/example_dags/example_task_group_decorator.py
[2025-12-10 18:37:47,152] {processor.py:642} INFO - Processing file /home/airflow/.local/lib/python3.6/site-packages/airflow/example_dags/example_task_group_decorator.py for tasks to queue
[2025-12-10 18:37:47,152] {logging_mixin.py:109} INFO - [2025-12-10 18:37:47,152] {dagbag.py:500} INFO - Filling up the DagBag from /home/airflow/.local/lib/python3.6/site-packages/airflow/example_dags/example_task_group_decorator.py
[2025-12-10 18:37:47,189] {processor.py:654} INFO - DAG(s) dict_keys(['example_task_group_decorator']) retrieved from /home/airflow/.local/lib/python3.6/site-packages/airflow/example_dags/example_task_group_decorator.py
[2025-12-10 18:37:47,349] {logging_mixin.py:109} INFO - [2025-12-10 18:37:47,349] {dag.py:2396} INFO - Sync 1 DAGs
[2025-12-10 18:37:47,361] {logging_mixin.py:109} INFO - [2025-12-10 18:37:47,361] {dag.py:2935} INFO - Setting next_dagrun for example_task_group_decorator to 2025-12-09T18:37:47.361423+00:00
[2025-12-10 18:37:47,370] {processor.py:171} INFO - Processing /home/airflow/.local/lib/python3.6/site-packages/airflow/example_dags/example_task_group_decorator.py took 0.223 seconds
[2025-12-10 18:38:17,531] {processor.py:163} INFO - Started process (PID=1827) to work on /home/airflow/.local/lib/python3.6/site-packages/airflow/example_dags/example_task_group_decorator.py
[2025-12-10 18:38:17,532] {processor.py:642} INFO - Processing file /home/airflow/.local/lib/python3.6/site-packages/airflow/example_dags/example_task_group_decorator.py for tasks to queue
[2025-12-10 18:38:17,533] {logging_mixin.py:109} INFO - [2025-12-10 18:38:17,533] {dagbag.py:500} INFO - Filling up the DagBag from /home/airflow/.local/lib/python3.6/site-packages/airflow/example_dags/example_task_group_decorator.py
[2025-12-10 18:38:17,570] {processor.py:654} INFO - DAG(s) dict_keys(['example_task_group_decorator']) retrieved from /home/airflow/.local/lib/python3.6/site-packages/airflow/example_dags/example_task_group_decorator.py
[2025-12-10 18:38:17,724] {logging_mixin.py:109} INFO - [2025-12-10 18:38:17,724] {dag.py:2396} INFO - Sync 1 DAGs
[2025-12-10 18:38:17,736] {logging_mixin.py:109} INFO - [2025-12-10 18:38:17,736] {dag.py:2935} INFO - Setting next_dagrun for example_task_group_decorator to 2025-12-09T18:38:17.736016+00:00
[2025-12-10 18:38:17,744] {processor.py:171} INFO - Processing /home/airflow/.local/lib/python3.6/site-packages/airflow/example_dags/example_task_group_decorator.py took 0.216 seconds
[2025-12-10 18:38:47,900] {processor.py:163} INFO - Started process (PID=1889) to work on /home/airflow/.local/lib/python3.6/site-packages/airflow/example_dags/example_task_group_decorator.py
[2025-12-10 18:38:47,907] {processor.py:642} INFO - Processing file /home/airflow/.local/lib/python3.6/site-packages/airflow/example_dags/example_task_group_decorator.py for tasks to queue
[2025-12-10 18:38:47,907] {logging_mixin.py:109} INFO - [2025-12-10 18:38:47,907] {dagbag.py:500} INFO - Filling up the DagBag from /home/airflow/.local/lib/python3.6/site-packages/airflow/example_dags/example_task_group_decorator.py
[2025-12-10 18:38:47,944] {processor.py:654} INFO - DAG(s) dict_keys(['example_task_group_decorator']) retrieved from /home/airflow/.local/lib/python3.6/site-packages/airflow/example_dags/example_task_group_decorator.py
[2025-12-10 18:38:48,145] {logging_mixin.py:109} INFO - [2025-12-10 18:38:48,144] {dag.py:2396} INFO - Sync 1 DAGs
[2025-12-10 18:38:48,158] {logging_mixin.py:109} INFO - [2025-12-10 18:38:48,158] {dag.py:2935} INFO - Setting next_dagrun for example_task_group_decorator to 2025-12-09T18:38:48.158285+00:00
[2025-12-10 18:38:48,168] {processor.py:171} INFO - Processing /home/airflow/.local/lib/python3.6/site-packages/airflow/example_dags/example_task_group_decorator.py took 0.271 seconds
[2025-12-10 18:39:18,247] {processor.py:163} INFO - Started process (PID=1941) to work on /home/airflow/.local/lib/python3.6/site-packages/airflow/example_dags/example_task_group_decorator.py
[2025-12-10 18:39:18,248] {processor.py:642} INFO - Processing file /home/airflow/.local/lib/python3.6/site-packages/airflow/example_dags/example_task_group_decorator.py for tasks to queue
[2025-12-10 18:39:18,248] {logging_mixin.py:109} INFO - [2025-12-10 18:39:18,248] {dagbag.py:500} INFO - Filling up the DagBag from /home/airflow/.local/lib/python3.6/site-packages/airflow/example_dags/example_task_group_decorator.py
[2025-12-10 18:39:18,287] {processor.py:654} INFO - DAG(s) dict_keys(['example_task_group_decorator']) retrieved from /home/airflow/.local/lib/python3.6/site-packages/airflow/example_dags/example_task_group_decorator.py
[2025-12-10 18:39:18,448] {logging_mixin.py:109} INFO - [2025-12-10 18:39:18,448] {dag.py:2396} INFO - Sync 1 DAGs
[2025-12-10 18:39:18,461] {logging_mixin.py:109} INFO - [2025-12-10 18:39:18,461] {dag.py:2935} INFO - Setting next_dagrun for example_task_group_decorator to 2025-12-09T18:39:18.460758+00:00
[2025-12-10 18:39:18,470] {processor.py:171} INFO - Processing /home/airflow/.local/lib/python3.6/site-packages/airflow/example_dags/example_task_group_decorator.py took 0.226 seconds
[2025-12-10 18:39:48,549] {processor.py:163} INFO - Started process (PID=2003) to work on /home/airflow/.local/lib/python3.6/site-packages/airflow/example_dags/example_task_group_decorator.py
[2025-12-10 18:39:48,550] {processor.py:642} INFO - Processing file /home/airflow/.local/lib/python3.6/site-packages/airflow/example_dags/example_task_group_decorator.py for tasks to queue
[2025-12-10 18:39:48,551] {logging_mixin.py:109} INFO - [2025-12-10 18:39:48,551] {dagbag.py:500} INFO - Filling up the DagBag from /home/airflow/.local/lib/python3.6/site-packages/airflow/example_dags/example_task_group_decorator.py
[2025-12-10 18:39:48,586] {processor.py:654} INFO - DAG(s) dict_keys(['example_task_group_decorator']) retrieved from /home/airflow/.local/lib/python3.6/site-packages/airflow/example_dags/example_task_group_decorator.py
[2025-12-10 18:39:48,750] {logging_mixin.py:109} INFO - [2025-12-10 18:39:48,749] {dag.py:2396} INFO - Sync 1 DAGs
[2025-12-10 18:39:48,761] {logging_mixin.py:109} INFO - [2025-12-10 18:39:48,761] {dag.py:2935} INFO - Setting next_dagrun for example_task_group_decorator to 2025-12-09T18:39:48.761644+00:00
[2025-12-10 18:39:48,770] {processor.py:171} INFO - Processing /home/airflow/.local/lib/python3.6/site-packages/airflow/example_dags/example_task_group_decorator.py took 0.224 seconds
[2025-12-10 18:40:18,934] {processor.py:163} INFO - Started process (PID=2055) to work on /home/airflow/.local/lib/python3.6/site-packages/airflow/example_dags/example_task_group_decorator.py
[2025-12-10 18:40:18,935] {processor.py:642} INFO - Processing file /home/airflow/.local/lib/python3.6/site-packages/airflow/example_dags/example_task_group_decorator.py for tasks to queue
[2025-12-10 18:40:18,936] {logging_mixin.py:109} INFO - [2025-12-10 18:40:18,936] {dagbag.py:500} INFO - Filling up the DagBag from /home/airflow/.local/lib/python3.6/site-packages/airflow/example_dags/example_task_group_decorator.py
[2025-12-10 18:40:18,972] {processor.py:654} INFO - DAG(s) dict_keys(['example_task_group_decorator']) retrieved from /home/airflow/.local/lib/python3.6/site-packages/airflow/example_dags/example_task_group_decorator.py
[2025-12-10 18:40:19,132] {logging_mixin.py:109} INFO - [2025-12-10 18:40:19,132] {dag.py:2396} INFO - Sync 1 DAGs
[2025-12-10 18:40:19,144] {logging_mixin.py:109} INFO - [2025-12-10 18:40:19,144] {dag.py:2935} INFO - Setting next_dagrun for example_task_group_decorator to 2025-12-09T18:40:19.144027+00:00
[2025-12-10 18:40:19,157] {processor.py:171} INFO - Processing /home/airflow/.local/lib/python3.6/site-packages/airflow/example_dags/example_task_group_decorator.py took 0.227 seconds
[2025-12-10 18:40:49,235] {processor.py:163} INFO - Started process (PID=2117) to work on /home/airflow/.local/lib/python3.6/site-packages/airflow/example_dags/example_task_group_decorator.py
[2025-12-10 18:40:49,243] {processor.py:642} INFO - Processing file /home/airflow/.local/lib/python3.6/site-packages/airflow/example_dags/example_task_group_decorator.py for tasks to queue
[2025-12-10 18:40:49,243] {logging_mixin.py:109} INFO - [2025-12-10 18:40:49,243] {dagbag.py:500} INFO - Filling up the DagBag from /home/airflow/.local/lib/python3.6/site-packages/airflow/example_dags/example_task_group_decorator.py
[2025-12-10 18:40:49,282] {processor.py:654} INFO - DAG(s) dict_keys(['example_task_group_decorator']) retrieved from /home/airflow/.local/lib/python3.6/site-packages/airflow/example_dags/example_task_group_decorator.py
[2025-12-10 18:40:49,482] {logging_mixin.py:109} INFO - [2025-12-10 18:40:49,482] {dag.py:2396} INFO - Sync 1 DAGs
[2025-12-10 18:40:49,493] {logging_mixin.py:109} INFO - [2025-12-10 18:40:49,493] {dag.py:2935} INFO - Setting next_dagrun for example_task_group_decorator to 2025-12-09T18:40:49.493346+00:00
[2025-12-10 18:40:49,505] {processor.py:171} INFO - Processing /home/airflow/.local/lib/python3.6/site-packages/airflow/example_dags/example_task_group_decorator.py took 0.273 seconds
[2025-12-10 18:41:19,662] {processor.py:163} INFO - Started process (PID=2179) to work on /home/airflow/.local/lib/python3.6/site-packages/airflow/example_dags/example_task_group_decorator.py
[2025-12-10 18:41:19,664] {processor.py:642} INFO - Processing file /home/airflow/.local/lib/python3.6/site-packages/airflow/example_dags/example_task_group_decorator.py for tasks to queue
[2025-12-10 18:41:19,664] {logging_mixin.py:109} INFO - [2025-12-10 18:41:19,664] {dagbag.py:500} INFO - Filling up the DagBag from /home/airflow/.local/lib/python3.6/site-packages/airflow/example_dags/example_task_group_decorator.py
[2025-12-10 18:41:19,710] {processor.py:654} INFO - DAG(s) dict_keys(['example_task_group_decorator']) retrieved from /home/airflow/.local/lib/python3.6/site-packages/airflow/example_dags/example_task_group_decorator.py
[2025-12-10 18:41:19,907] {logging_mixin.py:109} INFO - [2025-12-10 18:41:19,906] {dag.py:2396} INFO - Sync 1 DAGs
[2025-12-10 18:41:19,922] {logging_mixin.py:109} INFO - [2025-12-10 18:41:19,922] {dag.py:2935} INFO - Setting next_dagrun for example_task_group_decorator to 2025-12-09T18:41:19.922258+00:00
[2025-12-10 18:41:19,934] {processor.py:171} INFO - Processing /home/airflow/.local/lib/python3.6/site-packages/airflow/example_dags/example_task_group_decorator.py took 0.276 seconds
[2025-12-10 18:41:50,110] {processor.py:163} INFO - Started process (PID=2231) to work on /home/airflow/.local/lib/python3.6/site-packages/airflow/example_dags/example_task_group_decorator.py
[2025-12-10 18:41:50,118] {processor.py:642} INFO - Processing file /home/airflow/.local/lib/python3.6/site-packages/airflow/example_dags/example_task_group_decorator.py for tasks to queue
[2025-12-10 18:41:50,119] {logging_mixin.py:109} INFO - [2025-12-10 18:41:50,118] {dagbag.py:500} INFO - Filling up the DagBag from /home/airflow/.local/lib/python3.6/site-packages/airflow/example_dags/example_task_group_decorator.py
[2025-12-10 18:41:50,157] {processor.py:654} INFO - DAG(s) dict_keys(['example_task_group_decorator']) retrieved from /home/airflow/.local/lib/python3.6/site-packages/airflow/example_dags/example_task_group_decorator.py
[2025-12-10 18:41:50,353] {logging_mixin.py:109} INFO - [2025-12-10 18:41:50,353] {dag.py:2396} INFO - Sync 1 DAGs
[2025-12-10 18:41:50,373] {logging_mixin.py:109} INFO - [2025-12-10 18:41:50,373] {dag.py:2935} INFO - Setting next_dagrun for example_task_group_decorator to 2025-12-09T18:41:50.372911+00:00
[2025-12-10 18:41:50,390] {processor.py:171} INFO - Processing /home/airflow/.local/lib/python3.6/site-packages/airflow/example_dags/example_task_group_decorator.py took 0.283 seconds
[2025-12-10 18:42:20,530] {processor.py:163} INFO - Started process (PID=2293) to work on /home/airflow/.local/lib/python3.6/site-packages/airflow/example_dags/example_task_group_decorator.py
[2025-12-10 18:42:20,531] {processor.py:642} INFO - Processing file /home/airflow/.local/lib/python3.6/site-packages/airflow/example_dags/example_task_group_decorator.py for tasks to queue
[2025-12-10 18:42:20,532] {logging_mixin.py:109} INFO - [2025-12-10 18:42:20,532] {dagbag.py:500} INFO - Filling up the DagBag from /home/airflow/.local/lib/python3.6/site-packages/airflow/example_dags/example_task_group_decorator.py
[2025-12-10 18:42:20,574] {processor.py:654} INFO - DAG(s) dict_keys(['example_task_group_decorator']) retrieved from /home/airflow/.local/lib/python3.6/site-packages/airflow/example_dags/example_task_group_decorator.py
[2025-12-10 18:42:20,759] {logging_mixin.py:109} INFO - [2025-12-10 18:42:20,759] {dag.py:2396} INFO - Sync 1 DAGs
[2025-12-10 18:42:20,774] {logging_mixin.py:109} INFO - [2025-12-10 18:42:20,774] {dag.py:2935} INFO - Setting next_dagrun for example_task_group_decorator to 2025-12-09T18:42:20.774409+00:00
[2025-12-10 18:42:20,794] {processor.py:171} INFO - Processing /home/airflow/.local/lib/python3.6/site-packages/airflow/example_dags/example_task_group_decorator.py took 0.268 seconds
[2025-12-10 18:42:50,863] {processor.py:163} INFO - Started process (PID=2345) to work on /home/airflow/.local/lib/python3.6/site-packages/airflow/example_dags/example_task_group_decorator.py
[2025-12-10 18:42:50,864] {processor.py:642} INFO - Processing file /home/airflow/.local/lib/python3.6/site-packages/airflow/example_dags/example_task_group_decorator.py for tasks to queue
[2025-12-10 18:42:50,865] {logging_mixin.py:109} INFO - [2025-12-10 18:42:50,865] {dagbag.py:500} INFO - Filling up the DagBag from /home/airflow/.local/lib/python3.6/site-packages/airflow/example_dags/example_task_group_decorator.py
[2025-12-10 18:42:50,909] {processor.py:654} INFO - DAG(s) dict_keys(['example_task_group_decorator']) retrieved from /home/airflow/.local/lib/python3.6/site-packages/airflow/example_dags/example_task_group_decorator.py
[2025-12-10 18:42:51,087] {logging_mixin.py:109} INFO - [2025-12-10 18:42:51,087] {dag.py:2396} INFO - Sync 1 DAGs
[2025-12-10 18:42:51,102] {logging_mixin.py:109} INFO - [2025-12-10 18:42:51,102] {dag.py:2935} INFO - Setting next_dagrun for example_task_group_decorator to 2025-12-09T18:42:51.101812+00:00
[2025-12-10 18:42:51,112] {processor.py:171} INFO - Processing /home/airflow/.local/lib/python3.6/site-packages/airflow/example_dags/example_task_group_decorator.py took 0.252 seconds
[2025-12-10 18:43:21,443] {processor.py:163} INFO - Started process (PID=2407) to work on /home/airflow/.local/lib/python3.6/site-packages/airflow/example_dags/example_task_group_decorator.py
[2025-12-10 18:43:21,451] {processor.py:642} INFO - Processing file /home/airflow/.local/lib/python3.6/site-packages/airflow/example_dags/example_task_group_decorator.py for tasks to queue
[2025-12-10 18:43:21,451] {logging_mixin.py:109} INFO - [2025-12-10 18:43:21,451] {dagbag.py:500} INFO - Filling up the DagBag from /home/airflow/.local/lib/python3.6/site-packages/airflow/example_dags/example_task_group_decorator.py
[2025-12-10 18:43:21,490] {processor.py:654} INFO - DAG(s) dict_keys(['example_task_group_decorator']) retrieved from /home/airflow/.local/lib/python3.6/site-packages/airflow/example_dags/example_task_group_decorator.py
[2025-12-10 18:43:21,652] {logging_mixin.py:109} INFO - [2025-12-10 18:43:21,652] {dag.py:2396} INFO - Sync 1 DAGs
[2025-12-10 18:43:21,665] {logging_mixin.py:109} INFO - [2025-12-10 18:43:21,665] {dag.py:2935} INFO - Setting next_dagrun for example_task_group_decorator to 2025-12-09T18:43:21.665346+00:00
[2025-12-10 18:43:21,674] {processor.py:171} INFO - Processing /home/airflow/.local/lib/python3.6/site-packages/airflow/example_dags/example_task_group_decorator.py took 0.234 seconds
[2025-12-10 18:43:52,017] {processor.py:163} INFO - Started process (PID=2459) to work on /home/airflow/.local/lib/python3.6/site-packages/airflow/example_dags/example_task_group_decorator.py
[2025-12-10 18:43:52,018] {processor.py:642} INFO - Processing file /home/airflow/.local/lib/python3.6/site-packages/airflow/example_dags/example_task_group_decorator.py for tasks to queue
[2025-12-10 18:43:52,019] {logging_mixin.py:109} INFO - [2025-12-10 18:43:52,019] {dagbag.py:500} INFO - Filling up the DagBag from /home/airflow/.local/lib/python3.6/site-packages/airflow/example_dags/example_task_group_decorator.py
[2025-12-10 18:43:52,059] {processor.py:654} INFO - DAG(s) dict_keys(['example_task_group_decorator']) retrieved from /home/airflow/.local/lib/python3.6/site-packages/airflow/example_dags/example_task_group_decorator.py
[2025-12-10 18:43:52,251] {logging_mixin.py:109} INFO - [2025-12-10 18:43:52,250] {dag.py:2396} INFO - Sync 1 DAGs
[2025-12-10 18:43:52,262] {logging_mixin.py:109} INFO - [2025-12-10 18:43:52,262] {dag.py:2935} INFO - Setting next_dagrun for example_task_group_decorator to 2025-12-09T18:43:52.262504+00:00
[2025-12-10 18:43:52,271] {processor.py:171} INFO - Processing /home/airflow/.local/lib/python3.6/site-packages/airflow/example_dags/example_task_group_decorator.py took 0.258 seconds
[2025-12-10 18:46:29,744] {processor.py:163} INFO - Started process (PID=57) to work on /home/airflow/.local/lib/python3.6/site-packages/airflow/example_dags/example_task_group_decorator.py
[2025-12-10 18:46:29,746] {processor.py:642} INFO - Processing file /home/airflow/.local/lib/python3.6/site-packages/airflow/example_dags/example_task_group_decorator.py for tasks to queue
[2025-12-10 18:46:29,747] {logging_mixin.py:109} INFO - [2025-12-10 18:46:29,747] {dagbag.py:500} INFO - Filling up the DagBag from /home/airflow/.local/lib/python3.6/site-packages/airflow/example_dags/example_task_group_decorator.py
[2025-12-10 18:46:29,790] {processor.py:654} INFO - DAG(s) dict_keys(['example_task_group_decorator']) retrieved from /home/airflow/.local/lib/python3.6/site-packages/airflow/example_dags/example_task_group_decorator.py
[2025-12-10 18:46:30,114] {logging_mixin.py:109} INFO - [2025-12-10 18:46:30,114] {dag.py:2396} INFO - Sync 1 DAGs
[2025-12-10 18:46:30,130] {logging_mixin.py:109} INFO - [2025-12-10 18:46:30,129] {dag.py:2935} INFO - Setting next_dagrun for example_task_group_decorator to 2025-12-09T18:46:30.129601+00:00
[2025-12-10 18:46:30,141] {processor.py:171} INFO - Processing /home/airflow/.local/lib/python3.6/site-packages/airflow/example_dags/example_task_group_decorator.py took 0.402 seconds
[2025-12-10 18:47:01,329] {processor.py:163} INFO - Started process (PID=109) to work on /home/airflow/.local/lib/python3.6/site-packages/airflow/example_dags/example_task_group_decorator.py
[2025-12-10 18:47:01,332] {processor.py:642} INFO - Processing file /home/airflow/.local/lib/python3.6/site-packages/airflow/example_dags/example_task_group_decorator.py for tasks to queue
[2025-12-10 18:47:01,333] {logging_mixin.py:109} INFO - [2025-12-10 18:47:01,333] {dagbag.py:500} INFO - Filling up the DagBag from /home/airflow/.local/lib/python3.6/site-packages/airflow/example_dags/example_task_group_decorator.py
[2025-12-10 18:47:01,422] {processor.py:654} INFO - DAG(s) dict_keys(['example_task_group_decorator']) retrieved from /home/airflow/.local/lib/python3.6/site-packages/airflow/example_dags/example_task_group_decorator.py
[2025-12-10 18:47:01,938] {logging_mixin.py:109} INFO - [2025-12-10 18:47:01,938] {dag.py:2396} INFO - Sync 1 DAGs
[2025-12-10 18:47:01,969] {logging_mixin.py:109} INFO - [2025-12-10 18:47:01,968] {dag.py:2935} INFO - Setting next_dagrun for example_task_group_decorator to 2025-12-09T18:47:01.968463+00:00
[2025-12-10 18:47:01,988] {processor.py:171} INFO - Processing /home/airflow/.local/lib/python3.6/site-packages/airflow/example_dags/example_task_group_decorator.py took 0.664 seconds
[2025-12-10 18:47:32,745] {processor.py:163} INFO - Started process (PID=169) to work on /home/airflow/.local/lib/python3.6/site-packages/airflow/example_dags/example_task_group_decorator.py
[2025-12-10 18:47:32,747] {processor.py:642} INFO - Processing file /home/airflow/.local/lib/python3.6/site-packages/airflow/example_dags/example_task_group_decorator.py for tasks to queue
[2025-12-10 18:47:32,748] {logging_mixin.py:109} INFO - [2025-12-10 18:47:32,748] {dagbag.py:500} INFO - Filling up the DagBag from /home/airflow/.local/lib/python3.6/site-packages/airflow/example_dags/example_task_group_decorator.py
[2025-12-10 18:47:32,831] {processor.py:654} INFO - DAG(s) dict_keys(['example_task_group_decorator']) retrieved from /home/airflow/.local/lib/python3.6/site-packages/airflow/example_dags/example_task_group_decorator.py
[2025-12-10 18:47:33,120] {logging_mixin.py:109} INFO - [2025-12-10 18:47:33,119] {dag.py:2396} INFO - Sync 1 DAGs
[2025-12-10 18:47:33,145] {logging_mixin.py:109} INFO - [2025-12-10 18:47:33,145] {dag.py:2935} INFO - Setting next_dagrun for example_task_group_decorator to 2025-12-09T18:47:33.145066+00:00
[2025-12-10 18:47:33,164] {processor.py:171} INFO - Processing /home/airflow/.local/lib/python3.6/site-packages/airflow/example_dags/example_task_group_decorator.py took 0.425 seconds
[2025-12-10 18:48:03,957] {processor.py:163} INFO - Started process (PID=224) to work on /home/airflow/.local/lib/python3.6/site-packages/airflow/example_dags/example_task_group_decorator.py
[2025-12-10 18:48:03,958] {processor.py:642} INFO - Processing file /home/airflow/.local/lib/python3.6/site-packages/airflow/example_dags/example_task_group_decorator.py for tasks to queue
[2025-12-10 18:48:03,959] {logging_mixin.py:109} INFO - [2025-12-10 18:48:03,959] {dagbag.py:500} INFO - Filling up the DagBag from /home/airflow/.local/lib/python3.6/site-packages/airflow/example_dags/example_task_group_decorator.py
[2025-12-10 18:48:04,014] {processor.py:654} INFO - DAG(s) dict_keys(['example_task_group_decorator']) retrieved from /home/airflow/.local/lib/python3.6/site-packages/airflow/example_dags/example_task_group_decorator.py
[2025-12-10 18:48:04,239] {logging_mixin.py:109} INFO - [2025-12-10 18:48:04,239] {dag.py:2396} INFO - Sync 1 DAGs
[2025-12-10 18:48:04,255] {logging_mixin.py:109} INFO - [2025-12-10 18:48:04,255] {dag.py:2935} INFO - Setting next_dagrun for example_task_group_decorator to 2025-12-09T18:48:04.255112+00:00
[2025-12-10 18:48:04,277] {processor.py:171} INFO - Processing /home/airflow/.local/lib/python3.6/site-packages/airflow/example_dags/example_task_group_decorator.py took 0.327 seconds
[2025-12-10 18:48:34,998] {processor.py:163} INFO - Started process (PID=283) to work on /home/airflow/.local/lib/python3.6/site-packages/airflow/example_dags/example_task_group_decorator.py
[2025-12-10 18:48:35,000] {processor.py:642} INFO - Processing file /home/airflow/.local/lib/python3.6/site-packages/airflow/example_dags/example_task_group_decorator.py for tasks to queue
[2025-12-10 18:48:35,002] {logging_mixin.py:109} INFO - [2025-12-10 18:48:35,001] {dagbag.py:500} INFO - Filling up the DagBag from /home/airflow/.local/lib/python3.6/site-packages/airflow/example_dags/example_task_group_decorator.py
[2025-12-10 18:48:35,046] {processor.py:654} INFO - DAG(s) dict_keys(['example_task_group_decorator']) retrieved from /home/airflow/.local/lib/python3.6/site-packages/airflow/example_dags/example_task_group_decorator.py
[2025-12-10 18:48:35,298] {logging_mixin.py:109} INFO - [2025-12-10 18:48:35,298] {dag.py:2396} INFO - Sync 1 DAGs
[2025-12-10 18:48:35,318] {logging_mixin.py:109} INFO - [2025-12-10 18:48:35,318] {dag.py:2935} INFO - Setting next_dagrun for example_task_group_decorator to 2025-12-09T18:48:35.318005+00:00
[2025-12-10 18:48:35,343] {processor.py:171} INFO - Processing /home/airflow/.local/lib/python3.6/site-packages/airflow/example_dags/example_task_group_decorator.py took 0.349 seconds
[2025-12-10 18:49:05,991] {processor.py:163} INFO - Started process (PID=339) to work on /home/airflow/.local/lib/python3.6/site-packages/airflow/example_dags/example_task_group_decorator.py
[2025-12-10 18:49:05,993] {processor.py:642} INFO - Processing file /home/airflow/.local/lib/python3.6/site-packages/airflow/example_dags/example_task_group_decorator.py for tasks to queue
[2025-12-10 18:49:05,994] {logging_mixin.py:109} INFO - [2025-12-10 18:49:05,993] {dagbag.py:500} INFO - Filling up the DagBag from /home/airflow/.local/lib/python3.6/site-packages/airflow/example_dags/example_task_group_decorator.py
[2025-12-10 18:49:06,030] {processor.py:654} INFO - DAG(s) dict_keys(['example_task_group_decorator']) retrieved from /home/airflow/.local/lib/python3.6/site-packages/airflow/example_dags/example_task_group_decorator.py
[2025-12-10 18:49:06,199] {logging_mixin.py:109} INFO - [2025-12-10 18:49:06,199] {dag.py:2396} INFO - Sync 1 DAGs
[2025-12-10 18:49:06,212] {logging_mixin.py:109} INFO - [2025-12-10 18:49:06,211] {dag.py:2935} INFO - Setting next_dagrun for example_task_group_decorator to 2025-12-09T18:49:06.211597+00:00
[2025-12-10 18:49:06,230] {processor.py:171} INFO - Processing /home/airflow/.local/lib/python3.6/site-packages/airflow/example_dags/example_task_group_decorator.py took 0.242 seconds
[2025-12-10 18:49:36,379] {processor.py:163} INFO - Started process (PID=401) to work on /home/airflow/.local/lib/python3.6/site-packages/airflow/example_dags/example_task_group_decorator.py
[2025-12-10 18:49:36,380] {processor.py:642} INFO - Processing file /home/airflow/.local/lib/python3.6/site-packages/airflow/example_dags/example_task_group_decorator.py for tasks to queue
[2025-12-10 18:49:36,381] {logging_mixin.py:109} INFO - [2025-12-10 18:49:36,381] {dagbag.py:500} INFO - Filling up the DagBag from /home/airflow/.local/lib/python3.6/site-packages/airflow/example_dags/example_task_group_decorator.py
[2025-12-10 18:49:36,429] {processor.py:654} INFO - DAG(s) dict_keys(['example_task_group_decorator']) retrieved from /home/airflow/.local/lib/python3.6/site-packages/airflow/example_dags/example_task_group_decorator.py
[2025-12-10 18:49:36,599] {logging_mixin.py:109} INFO - [2025-12-10 18:49:36,598] {dag.py:2396} INFO - Sync 1 DAGs
[2025-12-10 18:49:36,612] {logging_mixin.py:109} INFO - [2025-12-10 18:49:36,612] {dag.py:2935} INFO - Setting next_dagrun for example_task_group_decorator to 2025-12-09T18:49:36.611774+00:00
[2025-12-10 18:49:36,629] {processor.py:171} INFO - Processing /home/airflow/.local/lib/python3.6/site-packages/airflow/example_dags/example_task_group_decorator.py took 0.254 seconds
[2025-12-10 18:50:07,490] {processor.py:163} INFO - Started process (PID=453) to work on /home/airflow/.local/lib/python3.6/site-packages/airflow/example_dags/example_task_group_decorator.py
[2025-12-10 18:50:07,491] {processor.py:642} INFO - Processing file /home/airflow/.local/lib/python3.6/site-packages/airflow/example_dags/example_task_group_decorator.py for tasks to queue
[2025-12-10 18:50:07,492] {logging_mixin.py:109} INFO - [2025-12-10 18:50:07,491] {dagbag.py:500} INFO - Filling up the DagBag from /home/airflow/.local/lib/python3.6/site-packages/airflow/example_dags/example_task_group_decorator.py
[2025-12-10 18:50:07,525] {processor.py:654} INFO - DAG(s) dict_keys(['example_task_group_decorator']) retrieved from /home/airflow/.local/lib/python3.6/site-packages/airflow/example_dags/example_task_group_decorator.py
[2025-12-10 18:50:07,673] {logging_mixin.py:109} INFO - [2025-12-10 18:50:07,673] {dag.py:2396} INFO - Sync 1 DAGs
[2025-12-10 18:50:07,688] {logging_mixin.py:109} INFO - [2025-12-10 18:50:07,688] {dag.py:2935} INFO - Setting next_dagrun for example_task_group_decorator to 2025-12-09T18:50:07.688190+00:00
[2025-12-10 18:50:07,708] {processor.py:171} INFO - Processing /home/airflow/.local/lib/python3.6/site-packages/airflow/example_dags/example_task_group_decorator.py took 0.221 seconds
[2025-12-10 18:51:28,741] {processor.py:163} INFO - Started process (PID=235) to work on /home/airflow/.local/lib/python3.6/site-packages/airflow/example_dags/example_task_group_decorator.py
[2025-12-10 18:51:28,742] {processor.py:642} INFO - Processing file /home/airflow/.local/lib/python3.6/site-packages/airflow/example_dags/example_task_group_decorator.py for tasks to queue
[2025-12-10 18:51:28,743] {logging_mixin.py:109} INFO - [2025-12-10 18:51:28,743] {dagbag.py:500} INFO - Filling up the DagBag from /home/airflow/.local/lib/python3.6/site-packages/airflow/example_dags/example_task_group_decorator.py
[2025-12-10 18:51:28,778] {processor.py:654} INFO - DAG(s) dict_keys(['example_task_group_decorator']) retrieved from /home/airflow/.local/lib/python3.6/site-packages/airflow/example_dags/example_task_group_decorator.py
[2025-12-10 18:51:30,389] {logging_mixin.py:109} INFO - [2025-12-10 18:51:30,388] {manager.py:496} INFO - Created Permission View: can read on DAG:example_task_group_decorator
[2025-12-10 18:51:30,395] {logging_mixin.py:109} INFO - [2025-12-10 18:51:30,395] {manager.py:496} INFO - Created Permission View: can edit on DAG:example_task_group_decorator
[2025-12-10 18:51:30,396] {logging_mixin.py:109} INFO - [2025-12-10 18:51:30,395] {dag.py:2396} INFO - Sync 1 DAGs
[2025-12-10 18:51:30,403] {logging_mixin.py:109} INFO - [2025-12-10 18:51:30,402] {dag.py:2415} INFO - Creating ORM DAG for example_task_group_decorator
[2025-12-10 18:51:30,408] {logging_mixin.py:109} INFO - [2025-12-10 18:51:30,408] {dag.py:2935} INFO - Setting next_dagrun for example_task_group_decorator to 2025-12-09T18:51:30.408218+00:00
[2025-12-10 18:51:30,417] {processor.py:171} INFO - Processing /home/airflow/.local/lib/python3.6/site-packages/airflow/example_dags/example_task_group_decorator.py took 1.679 seconds
[2025-12-10 18:52:01,130] {processor.py:163} INFO - Started process (PID=489) to work on /home/airflow/.local/lib/python3.6/site-packages/airflow/example_dags/example_task_group_decorator.py
[2025-12-10 18:52:01,141] {processor.py:642} INFO - Processing file /home/airflow/.local/lib/python3.6/site-packages/airflow/example_dags/example_task_group_decorator.py for tasks to queue
[2025-12-10 18:52:01,141] {logging_mixin.py:109} INFO - [2025-12-10 18:52:01,141] {dagbag.py:500} INFO - Filling up the DagBag from /home/airflow/.local/lib/python3.6/site-packages/airflow/example_dags/example_task_group_decorator.py
[2025-12-10 18:52:01,182] {processor.py:654} INFO - DAG(s) dict_keys(['example_task_group_decorator']) retrieved from /home/airflow/.local/lib/python3.6/site-packages/airflow/example_dags/example_task_group_decorator.py
[2025-12-10 18:52:01,362] {logging_mixin.py:109} INFO - [2025-12-10 18:52:01,361] {dag.py:2396} INFO - Sync 1 DAGs
[2025-12-10 18:52:01,376] {logging_mixin.py:109} INFO - [2025-12-10 18:52:01,376] {dag.py:2935} INFO - Setting next_dagrun for example_task_group_decorator to 2025-12-09T18:52:01.376488+00:00
[2025-12-10 18:52:01,385] {processor.py:171} INFO - Processing /home/airflow/.local/lib/python3.6/site-packages/airflow/example_dags/example_task_group_decorator.py took 0.258 seconds
