[2025-12-10 18:26:12,549] {processor.py:163} INFO - Started process (PID=350) to work on /home/airflow/.local/lib/python3.6/site-packages/airflow/example_dags/example_xcom.py
[2025-12-10 18:26:12,550] {processor.py:642} INFO - Processing file /home/airflow/.local/lib/python3.6/site-packages/airflow/example_dags/example_xcom.py for tasks to queue
[2025-12-10 18:26:12,551] {logging_mixin.py:109} INFO - [2025-12-10 18:26:12,551] {dagbag.py:500} INFO - Filling up the DagBag from /home/airflow/.local/lib/python3.6/site-packages/airflow/example_dags/example_xcom.py
[2025-12-10 18:26:12,585] {processor.py:654} INFO - DAG(s) dict_keys(['example_xcom']) retrieved from /home/airflow/.local/lib/python3.6/site-packages/airflow/example_dags/example_xcom.py
[2025-12-10 18:26:14,724] {logging_mixin.py:109} INFO - [2025-12-10 18:26:14,724] {manager.py:496} INFO - Created Permission View: can edit on DAG:example_xcom
[2025-12-10 18:26:14,733] {logging_mixin.py:109} INFO - [2025-12-10 18:26:14,733] {manager.py:496} INFO - Created Permission View: can read on DAG:example_xcom
[2025-12-10 18:26:14,734] {logging_mixin.py:109} INFO - [2025-12-10 18:26:14,733] {dag.py:2396} INFO - Sync 1 DAGs
[2025-12-10 18:26:14,744] {logging_mixin.py:109} INFO - [2025-12-10 18:26:14,743] {dag.py:2415} INFO - Creating ORM DAG for example_xcom
[2025-12-10 18:26:14,752] {logging_mixin.py:109} INFO - [2025-12-10 18:26:14,751] {dag.py:2935} INFO - Setting next_dagrun for example_xcom to 2021-01-01T00:00:00+00:00
[2025-12-10 18:26:14,763] {processor.py:171} INFO - Processing /home/airflow/.local/lib/python3.6/site-packages/airflow/example_dags/example_xcom.py took 2.217 seconds
[2025-12-10 18:26:45,331] {processor.py:163} INFO - Started process (PID=508) to work on /home/airflow/.local/lib/python3.6/site-packages/airflow/example_dags/example_xcom.py
[2025-12-10 18:26:45,335] {processor.py:642} INFO - Processing file /home/airflow/.local/lib/python3.6/site-packages/airflow/example_dags/example_xcom.py for tasks to queue
[2025-12-10 18:26:45,336] {logging_mixin.py:109} INFO - [2025-12-10 18:26:45,336] {dagbag.py:500} INFO - Filling up the DagBag from /home/airflow/.local/lib/python3.6/site-packages/airflow/example_dags/example_xcom.py
[2025-12-10 18:26:45,380] {processor.py:654} INFO - DAG(s) dict_keys(['example_xcom']) retrieved from /home/airflow/.local/lib/python3.6/site-packages/airflow/example_dags/example_xcom.py
[2025-12-10 18:26:45,705] {logging_mixin.py:109} INFO - [2025-12-10 18:26:45,704] {dag.py:2396} INFO - Sync 1 DAGs
[2025-12-10 18:26:45,751] {logging_mixin.py:109} INFO - [2025-12-10 18:26:45,751] {dag.py:2935} INFO - Setting next_dagrun for example_xcom to 2021-01-01T00:00:00+00:00
[2025-12-10 18:26:45,790] {processor.py:171} INFO - Processing /home/airflow/.local/lib/python3.6/site-packages/airflow/example_dags/example_xcom.py took 0.462 seconds
[2025-12-10 18:27:16,238] {processor.py:163} INFO - Started process (PID=560) to work on /home/airflow/.local/lib/python3.6/site-packages/airflow/example_dags/example_xcom.py
[2025-12-10 18:27:16,239] {processor.py:642} INFO - Processing file /home/airflow/.local/lib/python3.6/site-packages/airflow/example_dags/example_xcom.py for tasks to queue
[2025-12-10 18:27:16,241] {logging_mixin.py:109} INFO - [2025-12-10 18:27:16,240] {dagbag.py:500} INFO - Filling up the DagBag from /home/airflow/.local/lib/python3.6/site-packages/airflow/example_dags/example_xcom.py
[2025-12-10 18:27:16,285] {processor.py:654} INFO - DAG(s) dict_keys(['example_xcom']) retrieved from /home/airflow/.local/lib/python3.6/site-packages/airflow/example_dags/example_xcom.py
[2025-12-10 18:27:16,526] {logging_mixin.py:109} INFO - [2025-12-10 18:27:16,526] {dag.py:2396} INFO - Sync 1 DAGs
[2025-12-10 18:27:16,549] {logging_mixin.py:109} INFO - [2025-12-10 18:27:16,549] {dag.py:2935} INFO - Setting next_dagrun for example_xcom to 2021-01-01T00:00:00+00:00
[2025-12-10 18:27:16,575] {processor.py:171} INFO - Processing /home/airflow/.local/lib/python3.6/site-packages/airflow/example_dags/example_xcom.py took 0.341 seconds
[2025-12-10 18:27:47,467] {processor.py:163} INFO - Started process (PID=622) to work on /home/airflow/.local/lib/python3.6/site-packages/airflow/example_dags/example_xcom.py
[2025-12-10 18:27:47,478] {processor.py:642} INFO - Processing file /home/airflow/.local/lib/python3.6/site-packages/airflow/example_dags/example_xcom.py for tasks to queue
[2025-12-10 18:27:47,479] {logging_mixin.py:109} INFO - [2025-12-10 18:27:47,479] {dagbag.py:500} INFO - Filling up the DagBag from /home/airflow/.local/lib/python3.6/site-packages/airflow/example_dags/example_xcom.py
[2025-12-10 18:27:47,511] {processor.py:654} INFO - DAG(s) dict_keys(['example_xcom']) retrieved from /home/airflow/.local/lib/python3.6/site-packages/airflow/example_dags/example_xcom.py
[2025-12-10 18:27:47,670] {logging_mixin.py:109} INFO - [2025-12-10 18:27:47,670] {dag.py:2396} INFO - Sync 1 DAGs
[2025-12-10 18:27:47,682] {logging_mixin.py:109} INFO - [2025-12-10 18:27:47,682] {dag.py:2935} INFO - Setting next_dagrun for example_xcom to 2021-01-01T00:00:00+00:00
[2025-12-10 18:27:47,700] {processor.py:171} INFO - Processing /home/airflow/.local/lib/python3.6/site-packages/airflow/example_dags/example_xcom.py took 0.236 seconds
[2025-12-10 18:28:18,646] {processor.py:163} INFO - Started process (PID=684) to work on /home/airflow/.local/lib/python3.6/site-packages/airflow/example_dags/example_xcom.py
[2025-12-10 18:28:18,657] {processor.py:642} INFO - Processing file /home/airflow/.local/lib/python3.6/site-packages/airflow/example_dags/example_xcom.py for tasks to queue
[2025-12-10 18:28:18,657] {logging_mixin.py:109} INFO - [2025-12-10 18:28:18,657] {dagbag.py:500} INFO - Filling up the DagBag from /home/airflow/.local/lib/python3.6/site-packages/airflow/example_dags/example_xcom.py
[2025-12-10 18:28:18,691] {processor.py:654} INFO - DAG(s) dict_keys(['example_xcom']) retrieved from /home/airflow/.local/lib/python3.6/site-packages/airflow/example_dags/example_xcom.py
[2025-12-10 18:28:18,856] {logging_mixin.py:109} INFO - [2025-12-10 18:28:18,856] {dag.py:2396} INFO - Sync 1 DAGs
[2025-12-10 18:28:18,869] {logging_mixin.py:109} INFO - [2025-12-10 18:28:18,869] {dag.py:2935} INFO - Setting next_dagrun for example_xcom to 2021-01-01T00:00:00+00:00
[2025-12-10 18:28:18,886] {processor.py:171} INFO - Processing /home/airflow/.local/lib/python3.6/site-packages/airflow/example_dags/example_xcom.py took 0.243 seconds
[2025-12-10 18:28:48,964] {processor.py:163} INFO - Started process (PID=736) to work on /home/airflow/.local/lib/python3.6/site-packages/airflow/example_dags/example_xcom.py
[2025-12-10 18:28:48,974] {processor.py:642} INFO - Processing file /home/airflow/.local/lib/python3.6/site-packages/airflow/example_dags/example_xcom.py for tasks to queue
[2025-12-10 18:28:48,975] {logging_mixin.py:109} INFO - [2025-12-10 18:28:48,975] {dagbag.py:500} INFO - Filling up the DagBag from /home/airflow/.local/lib/python3.6/site-packages/airflow/example_dags/example_xcom.py
[2025-12-10 18:28:49,012] {processor.py:654} INFO - DAG(s) dict_keys(['example_xcom']) retrieved from /home/airflow/.local/lib/python3.6/site-packages/airflow/example_dags/example_xcom.py
[2025-12-10 18:28:49,179] {logging_mixin.py:109} INFO - [2025-12-10 18:28:49,179] {dag.py:2396} INFO - Sync 1 DAGs
[2025-12-10 18:28:49,192] {logging_mixin.py:109} INFO - [2025-12-10 18:28:49,192] {dag.py:2935} INFO - Setting next_dagrun for example_xcom to 2021-01-01T00:00:00+00:00
[2025-12-10 18:28:49,209] {processor.py:171} INFO - Processing /home/airflow/.local/lib/python3.6/site-packages/airflow/example_dags/example_xcom.py took 0.249 seconds
[2025-12-10 18:29:19,391] {processor.py:163} INFO - Started process (PID=798) to work on /home/airflow/.local/lib/python3.6/site-packages/airflow/example_dags/example_xcom.py
[2025-12-10 18:29:19,392] {processor.py:642} INFO - Processing file /home/airflow/.local/lib/python3.6/site-packages/airflow/example_dags/example_xcom.py for tasks to queue
[2025-12-10 18:29:19,392] {logging_mixin.py:109} INFO - [2025-12-10 18:29:19,392] {dagbag.py:500} INFO - Filling up the DagBag from /home/airflow/.local/lib/python3.6/site-packages/airflow/example_dags/example_xcom.py
[2025-12-10 18:29:19,425] {processor.py:654} INFO - DAG(s) dict_keys(['example_xcom']) retrieved from /home/airflow/.local/lib/python3.6/site-packages/airflow/example_dags/example_xcom.py
[2025-12-10 18:29:19,433] {logging_mixin.py:109} INFO - [2025-12-10 18:29:19,433] {dag.py:2396} INFO - Sync 1 DAGs
[2025-12-10 18:29:19,446] {logging_mixin.py:109} INFO - [2025-12-10 18:29:19,446] {dag.py:2935} INFO - Setting next_dagrun for example_xcom to 2021-01-01T00:00:00+00:00
[2025-12-10 18:29:19,454] {processor.py:171} INFO - Processing /home/airflow/.local/lib/python3.6/site-packages/airflow/example_dags/example_xcom.py took 0.067 seconds
[2025-12-10 18:29:49,913] {processor.py:163} INFO - Started process (PID=850) to work on /home/airflow/.local/lib/python3.6/site-packages/airflow/example_dags/example_xcom.py
[2025-12-10 18:29:49,924] {processor.py:642} INFO - Processing file /home/airflow/.local/lib/python3.6/site-packages/airflow/example_dags/example_xcom.py for tasks to queue
[2025-12-10 18:29:49,924] {logging_mixin.py:109} INFO - [2025-12-10 18:29:49,924] {dagbag.py:500} INFO - Filling up the DagBag from /home/airflow/.local/lib/python3.6/site-packages/airflow/example_dags/example_xcom.py
[2025-12-10 18:29:49,959] {processor.py:654} INFO - DAG(s) dict_keys(['example_xcom']) retrieved from /home/airflow/.local/lib/python3.6/site-packages/airflow/example_dags/example_xcom.py
[2025-12-10 18:29:50,130] {logging_mixin.py:109} INFO - [2025-12-10 18:29:50,129] {dag.py:2396} INFO - Sync 1 DAGs
[2025-12-10 18:29:50,143] {logging_mixin.py:109} INFO - [2025-12-10 18:29:50,143] {dag.py:2935} INFO - Setting next_dagrun for example_xcom to 2021-01-01T00:00:00+00:00
[2025-12-10 18:29:50,160] {processor.py:171} INFO - Processing /home/airflow/.local/lib/python3.6/site-packages/airflow/example_dags/example_xcom.py took 0.250 seconds
[2025-12-10 18:30:20,329] {processor.py:163} INFO - Started process (PID=912) to work on /home/airflow/.local/lib/python3.6/site-packages/airflow/example_dags/example_xcom.py
[2025-12-10 18:30:20,334] {processor.py:642} INFO - Processing file /home/airflow/.local/lib/python3.6/site-packages/airflow/example_dags/example_xcom.py for tasks to queue
[2025-12-10 18:30:20,335] {logging_mixin.py:109} INFO - [2025-12-10 18:30:20,335] {dagbag.py:500} INFO - Filling up the DagBag from /home/airflow/.local/lib/python3.6/site-packages/airflow/example_dags/example_xcom.py
[2025-12-10 18:30:20,368] {processor.py:654} INFO - DAG(s) dict_keys(['example_xcom']) retrieved from /home/airflow/.local/lib/python3.6/site-packages/airflow/example_dags/example_xcom.py
[2025-12-10 18:30:20,527] {logging_mixin.py:109} INFO - [2025-12-10 18:30:20,526] {dag.py:2396} INFO - Sync 1 DAGs
[2025-12-10 18:30:20,538] {logging_mixin.py:109} INFO - [2025-12-10 18:30:20,538] {dag.py:2935} INFO - Setting next_dagrun for example_xcom to 2021-01-01T00:00:00+00:00
[2025-12-10 18:30:20,546] {processor.py:171} INFO - Processing /home/airflow/.local/lib/python3.6/site-packages/airflow/example_dags/example_xcom.py took 0.220 seconds
[2025-12-10 18:30:50,757] {processor.py:163} INFO - Started process (PID=974) to work on /home/airflow/.local/lib/python3.6/site-packages/airflow/example_dags/example_xcom.py
[2025-12-10 18:30:50,769] {processor.py:642} INFO - Processing file /home/airflow/.local/lib/python3.6/site-packages/airflow/example_dags/example_xcom.py for tasks to queue
[2025-12-10 18:30:50,769] {logging_mixin.py:109} INFO - [2025-12-10 18:30:50,769] {dagbag.py:500} INFO - Filling up the DagBag from /home/airflow/.local/lib/python3.6/site-packages/airflow/example_dags/example_xcom.py
[2025-12-10 18:30:50,808] {processor.py:654} INFO - DAG(s) dict_keys(['example_xcom']) retrieved from /home/airflow/.local/lib/python3.6/site-packages/airflow/example_dags/example_xcom.py
[2025-12-10 18:30:50,970] {logging_mixin.py:109} INFO - [2025-12-10 18:30:50,970] {dag.py:2396} INFO - Sync 1 DAGs
[2025-12-10 18:30:50,982] {logging_mixin.py:109} INFO - [2025-12-10 18:30:50,982] {dag.py:2935} INFO - Setting next_dagrun for example_xcom to 2021-01-01T00:00:00+00:00
[2025-12-10 18:30:50,999] {processor.py:171} INFO - Processing /home/airflow/.local/lib/python3.6/site-packages/airflow/example_dags/example_xcom.py took 0.249 seconds
[2025-12-10 18:31:21,054] {processor.py:163} INFO - Started process (PID=1026) to work on /home/airflow/.local/lib/python3.6/site-packages/airflow/example_dags/example_xcom.py
[2025-12-10 18:31:21,064] {processor.py:642} INFO - Processing file /home/airflow/.local/lib/python3.6/site-packages/airflow/example_dags/example_xcom.py for tasks to queue
[2025-12-10 18:31:21,065] {logging_mixin.py:109} INFO - [2025-12-10 18:31:21,065] {dagbag.py:500} INFO - Filling up the DagBag from /home/airflow/.local/lib/python3.6/site-packages/airflow/example_dags/example_xcom.py
[2025-12-10 18:31:21,100] {processor.py:654} INFO - DAG(s) dict_keys(['example_xcom']) retrieved from /home/airflow/.local/lib/python3.6/site-packages/airflow/example_dags/example_xcom.py
[2025-12-10 18:31:21,258] {logging_mixin.py:109} INFO - [2025-12-10 18:31:21,258] {dag.py:2396} INFO - Sync 1 DAGs
[2025-12-10 18:31:21,270] {logging_mixin.py:109} INFO - [2025-12-10 18:31:21,270] {dag.py:2935} INFO - Setting next_dagrun for example_xcom to 2021-01-01T00:00:00+00:00
[2025-12-10 18:31:21,287] {processor.py:171} INFO - Processing /home/airflow/.local/lib/python3.6/site-packages/airflow/example_dags/example_xcom.py took 0.237 seconds
[2025-12-10 18:31:51,579] {processor.py:163} INFO - Started process (PID=1088) to work on /home/airflow/.local/lib/python3.6/site-packages/airflow/example_dags/example_xcom.py
[2025-12-10 18:31:51,590] {processor.py:642} INFO - Processing file /home/airflow/.local/lib/python3.6/site-packages/airflow/example_dags/example_xcom.py for tasks to queue
[2025-12-10 18:31:51,591] {logging_mixin.py:109} INFO - [2025-12-10 18:31:51,591] {dagbag.py:500} INFO - Filling up the DagBag from /home/airflow/.local/lib/python3.6/site-packages/airflow/example_dags/example_xcom.py
[2025-12-10 18:31:51,623] {processor.py:654} INFO - DAG(s) dict_keys(['example_xcom']) retrieved from /home/airflow/.local/lib/python3.6/site-packages/airflow/example_dags/example_xcom.py
[2025-12-10 18:31:51,778] {logging_mixin.py:109} INFO - [2025-12-10 18:31:51,777] {dag.py:2396} INFO - Sync 1 DAGs
[2025-12-10 18:31:51,789] {logging_mixin.py:109} INFO - [2025-12-10 18:31:51,789] {dag.py:2935} INFO - Setting next_dagrun for example_xcom to 2021-01-01T00:00:00+00:00
[2025-12-10 18:31:51,806] {processor.py:171} INFO - Processing /home/airflow/.local/lib/python3.6/site-packages/airflow/example_dags/example_xcom.py took 0.230 seconds
[2025-12-10 18:32:21,993] {processor.py:163} INFO - Started process (PID=1140) to work on /home/airflow/.local/lib/python3.6/site-packages/airflow/example_dags/example_xcom.py
[2025-12-10 18:32:22,004] {processor.py:642} INFO - Processing file /home/airflow/.local/lib/python3.6/site-packages/airflow/example_dags/example_xcom.py for tasks to queue
[2025-12-10 18:32:22,005] {logging_mixin.py:109} INFO - [2025-12-10 18:32:22,005] {dagbag.py:500} INFO - Filling up the DagBag from /home/airflow/.local/lib/python3.6/site-packages/airflow/example_dags/example_xcom.py
[2025-12-10 18:32:22,039] {processor.py:654} INFO - DAG(s) dict_keys(['example_xcom']) retrieved from /home/airflow/.local/lib/python3.6/site-packages/airflow/example_dags/example_xcom.py
[2025-12-10 18:32:22,197] {logging_mixin.py:109} INFO - [2025-12-10 18:32:22,197] {dag.py:2396} INFO - Sync 1 DAGs
[2025-12-10 18:32:22,209] {logging_mixin.py:109} INFO - [2025-12-10 18:32:22,209] {dag.py:2935} INFO - Setting next_dagrun for example_xcom to 2021-01-01T00:00:00+00:00
[2025-12-10 18:32:22,226] {processor.py:171} INFO - Processing /home/airflow/.local/lib/python3.6/site-packages/airflow/example_dags/example_xcom.py took 0.236 seconds
[2025-12-10 18:32:52,425] {processor.py:163} INFO - Started process (PID=1202) to work on /home/airflow/.local/lib/python3.6/site-packages/airflow/example_dags/example_xcom.py
[2025-12-10 18:32:52,426] {processor.py:642} INFO - Processing file /home/airflow/.local/lib/python3.6/site-packages/airflow/example_dags/example_xcom.py for tasks to queue
[2025-12-10 18:32:52,426] {logging_mixin.py:109} INFO - [2025-12-10 18:32:52,426] {dagbag.py:500} INFO - Filling up the DagBag from /home/airflow/.local/lib/python3.6/site-packages/airflow/example_dags/example_xcom.py
[2025-12-10 18:32:52,457] {processor.py:654} INFO - DAG(s) dict_keys(['example_xcom']) retrieved from /home/airflow/.local/lib/python3.6/site-packages/airflow/example_dags/example_xcom.py
[2025-12-10 18:32:52,608] {logging_mixin.py:109} INFO - [2025-12-10 18:32:52,608] {dag.py:2396} INFO - Sync 1 DAGs
[2025-12-10 18:32:52,619] {logging_mixin.py:109} INFO - [2025-12-10 18:32:52,619] {dag.py:2935} INFO - Setting next_dagrun for example_xcom to 2021-01-01T00:00:00+00:00
[2025-12-10 18:32:52,637] {processor.py:171} INFO - Processing /home/airflow/.local/lib/python3.6/site-packages/airflow/example_dags/example_xcom.py took 0.215 seconds
[2025-12-10 18:33:22,790] {processor.py:163} INFO - Started process (PID=1264) to work on /home/airflow/.local/lib/python3.6/site-packages/airflow/example_dags/example_xcom.py
[2025-12-10 18:33:22,801] {processor.py:642} INFO - Processing file /home/airflow/.local/lib/python3.6/site-packages/airflow/example_dags/example_xcom.py for tasks to queue
[2025-12-10 18:33:22,801] {logging_mixin.py:109} INFO - [2025-12-10 18:33:22,801] {dagbag.py:500} INFO - Filling up the DagBag from /home/airflow/.local/lib/python3.6/site-packages/airflow/example_dags/example_xcom.py
[2025-12-10 18:33:22,834] {processor.py:654} INFO - DAG(s) dict_keys(['example_xcom']) retrieved from /home/airflow/.local/lib/python3.6/site-packages/airflow/example_dags/example_xcom.py
[2025-12-10 18:33:22,989] {logging_mixin.py:109} INFO - [2025-12-10 18:33:22,989] {dag.py:2396} INFO - Sync 1 DAGs
[2025-12-10 18:33:23,002] {logging_mixin.py:109} INFO - [2025-12-10 18:33:23,002] {dag.py:2935} INFO - Setting next_dagrun for example_xcom to 2021-01-01T00:00:00+00:00
[2025-12-10 18:33:23,017] {processor.py:171} INFO - Processing /home/airflow/.local/lib/python3.6/site-packages/airflow/example_dags/example_xcom.py took 0.230 seconds
[2025-12-10 18:33:53,152] {processor.py:163} INFO - Started process (PID=1317) to work on /home/airflow/.local/lib/python3.6/site-packages/airflow/example_dags/example_xcom.py
[2025-12-10 18:33:53,163] {processor.py:642} INFO - Processing file /home/airflow/.local/lib/python3.6/site-packages/airflow/example_dags/example_xcom.py for tasks to queue
[2025-12-10 18:33:53,163] {logging_mixin.py:109} INFO - [2025-12-10 18:33:53,163] {dagbag.py:500} INFO - Filling up the DagBag from /home/airflow/.local/lib/python3.6/site-packages/airflow/example_dags/example_xcom.py
[2025-12-10 18:33:53,196] {processor.py:654} INFO - DAG(s) dict_keys(['example_xcom']) retrieved from /home/airflow/.local/lib/python3.6/site-packages/airflow/example_dags/example_xcom.py
[2025-12-10 18:33:53,205] {logging_mixin.py:109} INFO - [2025-12-10 18:33:53,205] {dag.py:2396} INFO - Sync 1 DAGs
[2025-12-10 18:33:53,219] {logging_mixin.py:109} INFO - [2025-12-10 18:33:53,219] {dag.py:2935} INFO - Setting next_dagrun for example_xcom to 2021-01-01T00:00:00+00:00
[2025-12-10 18:33:53,226] {processor.py:171} INFO - Processing /home/airflow/.local/lib/python3.6/site-packages/airflow/example_dags/example_xcom.py took 0.077 seconds
[2025-12-10 18:34:23,644] {processor.py:163} INFO - Started process (PID=1379) to work on /home/airflow/.local/lib/python3.6/site-packages/airflow/example_dags/example_xcom.py
[2025-12-10 18:34:23,655] {processor.py:642} INFO - Processing file /home/airflow/.local/lib/python3.6/site-packages/airflow/example_dags/example_xcom.py for tasks to queue
[2025-12-10 18:34:23,655] {logging_mixin.py:109} INFO - [2025-12-10 18:34:23,655] {dagbag.py:500} INFO - Filling up the DagBag from /home/airflow/.local/lib/python3.6/site-packages/airflow/example_dags/example_xcom.py
[2025-12-10 18:34:23,689] {processor.py:654} INFO - DAG(s) dict_keys(['example_xcom']) retrieved from /home/airflow/.local/lib/python3.6/site-packages/airflow/example_dags/example_xcom.py
[2025-12-10 18:34:23,842] {logging_mixin.py:109} INFO - [2025-12-10 18:34:23,842] {dag.py:2396} INFO - Sync 1 DAGs
[2025-12-10 18:34:23,853] {logging_mixin.py:109} INFO - [2025-12-10 18:34:23,853] {dag.py:2935} INFO - Setting next_dagrun for example_xcom to 2021-01-01T00:00:00+00:00
[2025-12-10 18:34:23,861] {processor.py:171} INFO - Processing /home/airflow/.local/lib/python3.6/site-packages/airflow/example_dags/example_xcom.py took 0.220 seconds
[2025-12-10 18:34:53,932] {processor.py:163} INFO - Started process (PID=1441) to work on /home/airflow/.local/lib/python3.6/site-packages/airflow/example_dags/example_xcom.py
[2025-12-10 18:34:53,933] {processor.py:642} INFO - Processing file /home/airflow/.local/lib/python3.6/site-packages/airflow/example_dags/example_xcom.py for tasks to queue
[2025-12-10 18:34:53,933] {logging_mixin.py:109} INFO - [2025-12-10 18:34:53,933] {dagbag.py:500} INFO - Filling up the DagBag from /home/airflow/.local/lib/python3.6/site-packages/airflow/example_dags/example_xcom.py
[2025-12-10 18:34:53,974] {processor.py:654} INFO - DAG(s) dict_keys(['example_xcom']) retrieved from /home/airflow/.local/lib/python3.6/site-packages/airflow/example_dags/example_xcom.py
[2025-12-10 18:34:54,162] {logging_mixin.py:109} INFO - [2025-12-10 18:34:54,162] {dag.py:2396} INFO - Sync 1 DAGs
[2025-12-10 18:34:54,175] {logging_mixin.py:109} INFO - [2025-12-10 18:34:54,175] {dag.py:2935} INFO - Setting next_dagrun for example_xcom to 2021-01-01T00:00:00+00:00
[2025-12-10 18:34:54,184] {processor.py:171} INFO - Processing /home/airflow/.local/lib/python3.6/site-packages/airflow/example_dags/example_xcom.py took 0.255 seconds
[2025-12-10 18:35:25,157] {processor.py:163} INFO - Started process (PID=1494) to work on /home/airflow/.local/lib/python3.6/site-packages/airflow/example_dags/example_xcom.py
[2025-12-10 18:35:25,168] {processor.py:642} INFO - Processing file /home/airflow/.local/lib/python3.6/site-packages/airflow/example_dags/example_xcom.py for tasks to queue
[2025-12-10 18:35:25,169] {logging_mixin.py:109} INFO - [2025-12-10 18:35:25,169] {dagbag.py:500} INFO - Filling up the DagBag from /home/airflow/.local/lib/python3.6/site-packages/airflow/example_dags/example_xcom.py
[2025-12-10 18:35:25,199] {processor.py:654} INFO - DAG(s) dict_keys(['example_xcom']) retrieved from /home/airflow/.local/lib/python3.6/site-packages/airflow/example_dags/example_xcom.py
[2025-12-10 18:35:25,365] {logging_mixin.py:109} INFO - [2025-12-10 18:35:25,365] {dag.py:2396} INFO - Sync 1 DAGs
[2025-12-10 18:35:25,377] {logging_mixin.py:109} INFO - [2025-12-10 18:35:25,377] {dag.py:2935} INFO - Setting next_dagrun for example_xcom to 2021-01-01T00:00:00+00:00
[2025-12-10 18:35:25,385] {processor.py:171} INFO - Processing /home/airflow/.local/lib/python3.6/site-packages/airflow/example_dags/example_xcom.py took 0.231 seconds
[2025-12-10 18:35:55,586] {processor.py:163} INFO - Started process (PID=1556) to work on /home/airflow/.local/lib/python3.6/site-packages/airflow/example_dags/example_xcom.py
[2025-12-10 18:35:55,587] {processor.py:642} INFO - Processing file /home/airflow/.local/lib/python3.6/site-packages/airflow/example_dags/example_xcom.py for tasks to queue
[2025-12-10 18:35:55,587] {logging_mixin.py:109} INFO - [2025-12-10 18:35:55,587] {dagbag.py:500} INFO - Filling up the DagBag from /home/airflow/.local/lib/python3.6/site-packages/airflow/example_dags/example_xcom.py
[2025-12-10 18:35:55,617] {processor.py:654} INFO - DAG(s) dict_keys(['example_xcom']) retrieved from /home/airflow/.local/lib/python3.6/site-packages/airflow/example_dags/example_xcom.py
[2025-12-10 18:35:55,762] {logging_mixin.py:109} INFO - [2025-12-10 18:35:55,762] {dag.py:2396} INFO - Sync 1 DAGs
[2025-12-10 18:35:55,774] {logging_mixin.py:109} INFO - [2025-12-10 18:35:55,773] {dag.py:2935} INFO - Setting next_dagrun for example_xcom to 2021-01-01T00:00:00+00:00
[2025-12-10 18:35:55,791] {processor.py:171} INFO - Processing /home/airflow/.local/lib/python3.6/site-packages/airflow/example_dags/example_xcom.py took 0.207 seconds
[2025-12-10 18:36:26,210] {processor.py:163} INFO - Started process (PID=1617) to work on /home/airflow/.local/lib/python3.6/site-packages/airflow/example_dags/example_xcom.py
[2025-12-10 18:36:26,221] {processor.py:642} INFO - Processing file /home/airflow/.local/lib/python3.6/site-packages/airflow/example_dags/example_xcom.py for tasks to queue
[2025-12-10 18:36:26,221] {logging_mixin.py:109} INFO - [2025-12-10 18:36:26,221] {dagbag.py:500} INFO - Filling up the DagBag from /home/airflow/.local/lib/python3.6/site-packages/airflow/example_dags/example_xcom.py
[2025-12-10 18:36:26,252] {processor.py:654} INFO - DAG(s) dict_keys(['example_xcom']) retrieved from /home/airflow/.local/lib/python3.6/site-packages/airflow/example_dags/example_xcom.py
[2025-12-10 18:36:26,412] {logging_mixin.py:109} INFO - [2025-12-10 18:36:26,412] {dag.py:2396} INFO - Sync 1 DAGs
[2025-12-10 18:36:26,423] {logging_mixin.py:109} INFO - [2025-12-10 18:36:26,423] {dag.py:2935} INFO - Setting next_dagrun for example_xcom to 2021-01-01T00:00:00+00:00
[2025-12-10 18:36:26,431] {processor.py:171} INFO - Processing /home/airflow/.local/lib/python3.6/site-packages/airflow/example_dags/example_xcom.py took 0.224 seconds
[2025-12-10 18:36:57,009] {processor.py:163} INFO - Started process (PID=1670) to work on /home/airflow/.local/lib/python3.6/site-packages/airflow/example_dags/example_xcom.py
[2025-12-10 18:36:57,010] {processor.py:642} INFO - Processing file /home/airflow/.local/lib/python3.6/site-packages/airflow/example_dags/example_xcom.py for tasks to queue
[2025-12-10 18:36:57,011] {logging_mixin.py:109} INFO - [2025-12-10 18:36:57,011] {dagbag.py:500} INFO - Filling up the DagBag from /home/airflow/.local/lib/python3.6/site-packages/airflow/example_dags/example_xcom.py
[2025-12-10 18:36:55,830] {processor.py:654} INFO - DAG(s) dict_keys(['example_xcom']) retrieved from /home/airflow/.local/lib/python3.6/site-packages/airflow/example_dags/example_xcom.py
[2025-12-10 18:36:55,833] {logging_mixin.py:109} INFO - [2025-12-10 18:36:55,833] {dag.py:2396} INFO - Sync 1 DAGs
[2025-12-10 18:36:55,846] {logging_mixin.py:109} INFO - [2025-12-10 18:36:55,846] {dag.py:2935} INFO - Setting next_dagrun for example_xcom to 2021-01-01T00:00:00+00:00
[2025-12-10 18:36:55,853] {processor.py:171} INFO - Processing /home/airflow/.local/lib/python3.6/site-packages/airflow/example_dags/example_xcom.py took 0.057 seconds
[2025-12-10 18:37:26,408] {processor.py:163} INFO - Started process (PID=1731) to work on /home/airflow/.local/lib/python3.6/site-packages/airflow/example_dags/example_xcom.py
[2025-12-10 18:37:26,419] {processor.py:642} INFO - Processing file /home/airflow/.local/lib/python3.6/site-packages/airflow/example_dags/example_xcom.py for tasks to queue
[2025-12-10 18:37:26,419] {logging_mixin.py:109} INFO - [2025-12-10 18:37:26,419] {dagbag.py:500} INFO - Filling up the DagBag from /home/airflow/.local/lib/python3.6/site-packages/airflow/example_dags/example_xcom.py
[2025-12-10 18:37:26,455] {processor.py:654} INFO - DAG(s) dict_keys(['example_xcom']) retrieved from /home/airflow/.local/lib/python3.6/site-packages/airflow/example_dags/example_xcom.py
[2025-12-10 18:37:26,624] {logging_mixin.py:109} INFO - [2025-12-10 18:37:26,624] {dag.py:2396} INFO - Sync 1 DAGs
[2025-12-10 18:37:26,637] {logging_mixin.py:109} INFO - [2025-12-10 18:37:26,637] {dag.py:2935} INFO - Setting next_dagrun for example_xcom to 2021-01-01T00:00:00+00:00
[2025-12-10 18:37:26,655] {processor.py:171} INFO - Processing /home/airflow/.local/lib/python3.6/site-packages/airflow/example_dags/example_xcom.py took 0.251 seconds
[2025-12-10 18:37:56,706] {processor.py:163} INFO - Started process (PID=1783) to work on /home/airflow/.local/lib/python3.6/site-packages/airflow/example_dags/example_xcom.py
[2025-12-10 18:37:56,707] {processor.py:642} INFO - Processing file /home/airflow/.local/lib/python3.6/site-packages/airflow/example_dags/example_xcom.py for tasks to queue
[2025-12-10 18:37:56,707] {logging_mixin.py:109} INFO - [2025-12-10 18:37:56,707] {dagbag.py:500} INFO - Filling up the DagBag from /home/airflow/.local/lib/python3.6/site-packages/airflow/example_dags/example_xcom.py
[2025-12-10 18:37:56,739] {processor.py:654} INFO - DAG(s) dict_keys(['example_xcom']) retrieved from /home/airflow/.local/lib/python3.6/site-packages/airflow/example_dags/example_xcom.py
[2025-12-10 18:37:56,897] {logging_mixin.py:109} INFO - [2025-12-10 18:37:56,897] {dag.py:2396} INFO - Sync 1 DAGs
[2025-12-10 18:37:56,909] {logging_mixin.py:109} INFO - [2025-12-10 18:37:56,909] {dag.py:2935} INFO - Setting next_dagrun for example_xcom to 2021-01-01T00:00:00+00:00
[2025-12-10 18:37:56,926] {processor.py:171} INFO - Processing /home/airflow/.local/lib/python3.6/site-packages/airflow/example_dags/example_xcom.py took 0.224 seconds
[2025-12-10 18:38:27,006] {processor.py:163} INFO - Started process (PID=1845) to work on /home/airflow/.local/lib/python3.6/site-packages/airflow/example_dags/example_xcom.py
[2025-12-10 18:38:27,017] {processor.py:642} INFO - Processing file /home/airflow/.local/lib/python3.6/site-packages/airflow/example_dags/example_xcom.py for tasks to queue
[2025-12-10 18:38:27,017] {logging_mixin.py:109} INFO - [2025-12-10 18:38:27,017] {dagbag.py:500} INFO - Filling up the DagBag from /home/airflow/.local/lib/python3.6/site-packages/airflow/example_dags/example_xcom.py
[2025-12-10 18:38:27,049] {processor.py:654} INFO - DAG(s) dict_keys(['example_xcom']) retrieved from /home/airflow/.local/lib/python3.6/site-packages/airflow/example_dags/example_xcom.py
[2025-12-10 18:38:27,211] {logging_mixin.py:109} INFO - [2025-12-10 18:38:27,211] {dag.py:2396} INFO - Sync 1 DAGs
[2025-12-10 18:38:27,224] {logging_mixin.py:109} INFO - [2025-12-10 18:38:27,224] {dag.py:2935} INFO - Setting next_dagrun for example_xcom to 2021-01-01T00:00:00+00:00
[2025-12-10 18:38:27,242] {processor.py:171} INFO - Processing /home/airflow/.local/lib/python3.6/site-packages/airflow/example_dags/example_xcom.py took 0.240 seconds
[2025-12-10 18:38:57,440] {processor.py:163} INFO - Started process (PID=1897) to work on /home/airflow/.local/lib/python3.6/site-packages/airflow/example_dags/example_xcom.py
[2025-12-10 18:38:57,441] {processor.py:642} INFO - Processing file /home/airflow/.local/lib/python3.6/site-packages/airflow/example_dags/example_xcom.py for tasks to queue
[2025-12-10 18:38:57,441] {logging_mixin.py:109} INFO - [2025-12-10 18:38:57,441] {dagbag.py:500} INFO - Filling up the DagBag from /home/airflow/.local/lib/python3.6/site-packages/airflow/example_dags/example_xcom.py
[2025-12-10 18:38:57,472] {processor.py:654} INFO - DAG(s) dict_keys(['example_xcom']) retrieved from /home/airflow/.local/lib/python3.6/site-packages/airflow/example_dags/example_xcom.py
[2025-12-10 18:38:57,622] {logging_mixin.py:109} INFO - [2025-12-10 18:38:57,622] {dag.py:2396} INFO - Sync 1 DAGs
[2025-12-10 18:38:57,633] {logging_mixin.py:109} INFO - [2025-12-10 18:38:57,633] {dag.py:2935} INFO - Setting next_dagrun for example_xcom to 2021-01-01T00:00:00+00:00
[2025-12-10 18:38:57,651] {processor.py:171} INFO - Processing /home/airflow/.local/lib/python3.6/site-packages/airflow/example_dags/example_xcom.py took 0.214 seconds
[2025-12-10 18:39:27,683] {processor.py:163} INFO - Started process (PID=1959) to work on /home/airflow/.local/lib/python3.6/site-packages/airflow/example_dags/example_xcom.py
[2025-12-10 18:39:27,694] {processor.py:642} INFO - Processing file /home/airflow/.local/lib/python3.6/site-packages/airflow/example_dags/example_xcom.py for tasks to queue
[2025-12-10 18:39:27,694] {logging_mixin.py:109} INFO - [2025-12-10 18:39:27,694] {dagbag.py:500} INFO - Filling up the DagBag from /home/airflow/.local/lib/python3.6/site-packages/airflow/example_dags/example_xcom.py
[2025-12-10 18:39:27,726] {processor.py:654} INFO - DAG(s) dict_keys(['example_xcom']) retrieved from /home/airflow/.local/lib/python3.6/site-packages/airflow/example_dags/example_xcom.py
[2025-12-10 18:39:27,899] {logging_mixin.py:109} INFO - [2025-12-10 18:39:27,899] {dag.py:2396} INFO - Sync 1 DAGs
[2025-12-10 18:39:27,913] {logging_mixin.py:109} INFO - [2025-12-10 18:39:27,912] {dag.py:2935} INFO - Setting next_dagrun for example_xcom to 2021-01-01T00:00:00+00:00
[2025-12-10 18:39:27,930] {processor.py:171} INFO - Processing /home/airflow/.local/lib/python3.6/site-packages/airflow/example_dags/example_xcom.py took 0.250 seconds
[2025-12-10 18:39:58,085] {processor.py:163} INFO - Started process (PID=2018) to work on /home/airflow/.local/lib/python3.6/site-packages/airflow/example_dags/example_xcom.py
[2025-12-10 18:39:58,087] {processor.py:642} INFO - Processing file /home/airflow/.local/lib/python3.6/site-packages/airflow/example_dags/example_xcom.py for tasks to queue
[2025-12-10 18:39:58,088] {logging_mixin.py:109} INFO - [2025-12-10 18:39:58,088] {dagbag.py:500} INFO - Filling up the DagBag from /home/airflow/.local/lib/python3.6/site-packages/airflow/example_dags/example_xcom.py
[2025-12-10 18:39:58,145] {processor.py:654} INFO - DAG(s) dict_keys(['example_xcom']) retrieved from /home/airflow/.local/lib/python3.6/site-packages/airflow/example_dags/example_xcom.py
[2025-12-10 18:39:58,370] {logging_mixin.py:109} INFO - [2025-12-10 18:39:58,370] {dag.py:2396} INFO - Sync 1 DAGs
[2025-12-10 18:39:58,383] {logging_mixin.py:109} INFO - [2025-12-10 18:39:58,383] {dag.py:2935} INFO - Setting next_dagrun for example_xcom to 2021-01-01T00:00:00+00:00
[2025-12-10 18:39:58,402] {processor.py:171} INFO - Processing /home/airflow/.local/lib/python3.6/site-packages/airflow/example_dags/example_xcom.py took 0.322 seconds
[2025-12-10 18:40:28,446] {processor.py:163} INFO - Started process (PID=2073) to work on /home/airflow/.local/lib/python3.6/site-packages/airflow/example_dags/example_xcom.py
[2025-12-10 18:40:28,457] {processor.py:642} INFO - Processing file /home/airflow/.local/lib/python3.6/site-packages/airflow/example_dags/example_xcom.py for tasks to queue
[2025-12-10 18:40:28,457] {logging_mixin.py:109} INFO - [2025-12-10 18:40:28,457] {dagbag.py:500} INFO - Filling up the DagBag from /home/airflow/.local/lib/python3.6/site-packages/airflow/example_dags/example_xcom.py
[2025-12-10 18:40:28,491] {processor.py:654} INFO - DAG(s) dict_keys(['example_xcom']) retrieved from /home/airflow/.local/lib/python3.6/site-packages/airflow/example_dags/example_xcom.py
[2025-12-10 18:40:28,501] {logging_mixin.py:109} INFO - [2025-12-10 18:40:28,501] {dag.py:2396} INFO - Sync 1 DAGs
[2025-12-10 18:40:28,516] {logging_mixin.py:109} INFO - [2025-12-10 18:40:28,515] {dag.py:2935} INFO - Setting next_dagrun for example_xcom to 2021-01-01T00:00:00+00:00
[2025-12-10 18:40:28,523] {processor.py:171} INFO - Processing /home/airflow/.local/lib/python3.6/site-packages/airflow/example_dags/example_xcom.py took 0.081 seconds
[2025-12-10 18:40:58,815] {processor.py:163} INFO - Started process (PID=2135) to work on /home/airflow/.local/lib/python3.6/site-packages/airflow/example_dags/example_xcom.py
[2025-12-10 18:40:58,825] {processor.py:642} INFO - Processing file /home/airflow/.local/lib/python3.6/site-packages/airflow/example_dags/example_xcom.py for tasks to queue
[2025-12-10 18:40:58,826] {logging_mixin.py:109} INFO - [2025-12-10 18:40:58,826] {dagbag.py:500} INFO - Filling up the DagBag from /home/airflow/.local/lib/python3.6/site-packages/airflow/example_dags/example_xcom.py
[2025-12-10 18:40:58,857] {processor.py:654} INFO - DAG(s) dict_keys(['example_xcom']) retrieved from /home/airflow/.local/lib/python3.6/site-packages/airflow/example_dags/example_xcom.py
[2025-12-10 18:40:59,031] {logging_mixin.py:109} INFO - [2025-12-10 18:40:59,031] {dag.py:2396} INFO - Sync 1 DAGs
[2025-12-10 18:40:59,045] {logging_mixin.py:109} INFO - [2025-12-10 18:40:59,045] {dag.py:2935} INFO - Setting next_dagrun for example_xcom to 2021-01-01T00:00:00+00:00
[2025-12-10 18:40:59,064] {processor.py:171} INFO - Processing /home/airflow/.local/lib/python3.6/site-packages/airflow/example_dags/example_xcom.py took 0.252 seconds
[2025-12-10 18:41:29,187] {processor.py:163} INFO - Started process (PID=2187) to work on /home/airflow/.local/lib/python3.6/site-packages/airflow/example_dags/example_xcom.py
[2025-12-10 18:41:29,188] {processor.py:642} INFO - Processing file /home/airflow/.local/lib/python3.6/site-packages/airflow/example_dags/example_xcom.py for tasks to queue
[2025-12-10 18:41:29,189] {logging_mixin.py:109} INFO - [2025-12-10 18:41:29,189] {dagbag.py:500} INFO - Filling up the DagBag from /home/airflow/.local/lib/python3.6/site-packages/airflow/example_dags/example_xcom.py
[2025-12-10 18:41:29,236] {processor.py:654} INFO - DAG(s) dict_keys(['example_xcom']) retrieved from /home/airflow/.local/lib/python3.6/site-packages/airflow/example_dags/example_xcom.py
[2025-12-10 18:41:29,469] {logging_mixin.py:109} INFO - [2025-12-10 18:41:29,468] {dag.py:2396} INFO - Sync 1 DAGs
[2025-12-10 18:41:29,490] {logging_mixin.py:109} INFO - [2025-12-10 18:41:29,490] {dag.py:2935} INFO - Setting next_dagrun for example_xcom to 2021-01-01T00:00:00+00:00
[2025-12-10 18:41:29,511] {processor.py:171} INFO - Processing /home/airflow/.local/lib/python3.6/site-packages/airflow/example_dags/example_xcom.py took 0.328 seconds
[2025-12-10 18:41:59,536] {processor.py:163} INFO - Started process (PID=2250) to work on /home/airflow/.local/lib/python3.6/site-packages/airflow/example_dags/example_xcom.py
[2025-12-10 18:41:59,538] {processor.py:642} INFO - Processing file /home/airflow/.local/lib/python3.6/site-packages/airflow/example_dags/example_xcom.py for tasks to queue
[2025-12-10 18:41:59,538] {logging_mixin.py:109} INFO - [2025-12-10 18:41:59,538] {dagbag.py:500} INFO - Filling up the DagBag from /home/airflow/.local/lib/python3.6/site-packages/airflow/example_dags/example_xcom.py
[2025-12-10 18:41:59,572] {processor.py:654} INFO - DAG(s) dict_keys(['example_xcom']) retrieved from /home/airflow/.local/lib/python3.6/site-packages/airflow/example_dags/example_xcom.py
[2025-12-10 18:41:59,743] {logging_mixin.py:109} INFO - [2025-12-10 18:41:59,743] {dag.py:2396} INFO - Sync 1 DAGs
[2025-12-10 18:41:59,757] {logging_mixin.py:109} INFO - [2025-12-10 18:41:59,757] {dag.py:2935} INFO - Setting next_dagrun for example_xcom to 2021-01-01T00:00:00+00:00
[2025-12-10 18:41:59,777] {processor.py:171} INFO - Processing /home/airflow/.local/lib/python3.6/site-packages/airflow/example_dags/example_xcom.py took 0.245 seconds
[2025-12-10 18:42:29,947] {processor.py:163} INFO - Started process (PID=2301) to work on /home/airflow/.local/lib/python3.6/site-packages/airflow/example_dags/example_xcom.py
[2025-12-10 18:42:29,948] {processor.py:642} INFO - Processing file /home/airflow/.local/lib/python3.6/site-packages/airflow/example_dags/example_xcom.py for tasks to queue
[2025-12-10 18:42:29,949] {logging_mixin.py:109} INFO - [2025-12-10 18:42:29,949] {dagbag.py:500} INFO - Filling up the DagBag from /home/airflow/.local/lib/python3.6/site-packages/airflow/example_dags/example_xcom.py
[2025-12-10 18:42:30,000] {processor.py:654} INFO - DAG(s) dict_keys(['example_xcom']) retrieved from /home/airflow/.local/lib/python3.6/site-packages/airflow/example_dags/example_xcom.py
[2025-12-10 18:42:30,222] {logging_mixin.py:109} INFO - [2025-12-10 18:42:30,222] {dag.py:2396} INFO - Sync 1 DAGs
[2025-12-10 18:42:30,240] {logging_mixin.py:109} INFO - [2025-12-10 18:42:30,240] {dag.py:2935} INFO - Setting next_dagrun for example_xcom to 2021-01-01T00:00:00+00:00
[2025-12-10 18:42:30,253] {processor.py:171} INFO - Processing /home/airflow/.local/lib/python3.6/site-packages/airflow/example_dags/example_xcom.py took 0.313 seconds
[2025-12-10 18:43:00,444] {processor.py:163} INFO - Started process (PID=2363) to work on /home/airflow/.local/lib/python3.6/site-packages/airflow/example_dags/example_xcom.py
[2025-12-10 18:43:00,455] {processor.py:642} INFO - Processing file /home/airflow/.local/lib/python3.6/site-packages/airflow/example_dags/example_xcom.py for tasks to queue
[2025-12-10 18:43:00,455] {logging_mixin.py:109} INFO - [2025-12-10 18:43:00,455] {dagbag.py:500} INFO - Filling up the DagBag from /home/airflow/.local/lib/python3.6/site-packages/airflow/example_dags/example_xcom.py
[2025-12-10 18:43:00,492] {processor.py:654} INFO - DAG(s) dict_keys(['example_xcom']) retrieved from /home/airflow/.local/lib/python3.6/site-packages/airflow/example_dags/example_xcom.py
[2025-12-10 18:43:00,669] {logging_mixin.py:109} INFO - [2025-12-10 18:43:00,669] {dag.py:2396} INFO - Sync 1 DAGs
[2025-12-10 18:43:00,684] {logging_mixin.py:109} INFO - [2025-12-10 18:43:00,684] {dag.py:2935} INFO - Setting next_dagrun for example_xcom to 2021-01-01T00:00:00+00:00
[2025-12-10 18:43:00,702] {processor.py:171} INFO - Processing /home/airflow/.local/lib/python3.6/site-packages/airflow/example_dags/example_xcom.py took 0.262 seconds
[2025-12-10 18:43:30,906] {processor.py:163} INFO - Started process (PID=2424) to work on /home/airflow/.local/lib/python3.6/site-packages/airflow/example_dags/example_xcom.py
[2025-12-10 18:43:30,907] {processor.py:642} INFO - Processing file /home/airflow/.local/lib/python3.6/site-packages/airflow/example_dags/example_xcom.py for tasks to queue
[2025-12-10 18:43:30,908] {logging_mixin.py:109} INFO - [2025-12-10 18:43:30,908] {dagbag.py:500} INFO - Filling up the DagBag from /home/airflow/.local/lib/python3.6/site-packages/airflow/example_dags/example_xcom.py
[2025-12-10 18:43:30,949] {processor.py:654} INFO - DAG(s) dict_keys(['example_xcom']) retrieved from /home/airflow/.local/lib/python3.6/site-packages/airflow/example_dags/example_xcom.py
[2025-12-10 18:43:31,183] {logging_mixin.py:109} INFO - [2025-12-10 18:43:31,183] {dag.py:2396} INFO - Sync 1 DAGs
[2025-12-10 18:43:31,201] {logging_mixin.py:109} INFO - [2025-12-10 18:43:31,201] {dag.py:2935} INFO - Setting next_dagrun for example_xcom to 2021-01-01T00:00:00+00:00
[2025-12-10 18:43:31,221] {processor.py:171} INFO - Processing /home/airflow/.local/lib/python3.6/site-packages/airflow/example_dags/example_xcom.py took 0.319 seconds
[2025-12-10 18:44:01,507] {processor.py:163} INFO - Started process (PID=2477) to work on /home/airflow/.local/lib/python3.6/site-packages/airflow/example_dags/example_xcom.py
[2025-12-10 18:44:01,518] {processor.py:642} INFO - Processing file /home/airflow/.local/lib/python3.6/site-packages/airflow/example_dags/example_xcom.py for tasks to queue
[2025-12-10 18:44:01,519] {logging_mixin.py:109} INFO - [2025-12-10 18:44:01,519] {dagbag.py:500} INFO - Filling up the DagBag from /home/airflow/.local/lib/python3.6/site-packages/airflow/example_dags/example_xcom.py
[2025-12-10 18:44:01,561] {processor.py:654} INFO - DAG(s) dict_keys(['example_xcom']) retrieved from /home/airflow/.local/lib/python3.6/site-packages/airflow/example_dags/example_xcom.py
[2025-12-10 18:44:01,727] {logging_mixin.py:109} INFO - [2025-12-10 18:44:01,727] {dag.py:2396} INFO - Sync 1 DAGs
[2025-12-10 18:44:01,740] {logging_mixin.py:109} INFO - [2025-12-10 18:44:01,739] {dag.py:2935} INFO - Setting next_dagrun for example_xcom to 2021-01-01T00:00:00+00:00
[2025-12-10 18:44:01,747] {processor.py:171} INFO - Processing /home/airflow/.local/lib/python3.6/site-packages/airflow/example_dags/example_xcom.py took 0.244 seconds
[2025-12-10 18:46:30,523] {processor.py:163} INFO - Started process (PID=66) to work on /home/airflow/.local/lib/python3.6/site-packages/airflow/example_dags/example_xcom.py
[2025-12-10 18:46:30,524] {processor.py:642} INFO - Processing file /home/airflow/.local/lib/python3.6/site-packages/airflow/example_dags/example_xcom.py for tasks to queue
[2025-12-10 18:46:30,525] {logging_mixin.py:109} INFO - [2025-12-10 18:46:30,525] {dagbag.py:500} INFO - Filling up the DagBag from /home/airflow/.local/lib/python3.6/site-packages/airflow/example_dags/example_xcom.py
[2025-12-10 18:46:30,557] {processor.py:654} INFO - DAG(s) dict_keys(['example_xcom']) retrieved from /home/airflow/.local/lib/python3.6/site-packages/airflow/example_dags/example_xcom.py
[2025-12-10 18:46:30,776] {logging_mixin.py:109} INFO - [2025-12-10 18:46:30,776] {dag.py:2396} INFO - Sync 1 DAGs
[2025-12-10 18:46:30,789] {logging_mixin.py:109} INFO - [2025-12-10 18:46:30,789] {dag.py:2935} INFO - Setting next_dagrun for example_xcom to 2021-01-01T00:00:00+00:00
[2025-12-10 18:46:30,798] {processor.py:171} INFO - Processing /home/airflow/.local/lib/python3.6/site-packages/airflow/example_dags/example_xcom.py took 0.280 seconds
[2025-12-10 18:47:02,560] {processor.py:163} INFO - Started process (PID=118) to work on /home/airflow/.local/lib/python3.6/site-packages/airflow/example_dags/example_xcom.py
[2025-12-10 18:47:02,563] {processor.py:642} INFO - Processing file /home/airflow/.local/lib/python3.6/site-packages/airflow/example_dags/example_xcom.py for tasks to queue
[2025-12-10 18:47:02,565] {logging_mixin.py:109} INFO - [2025-12-10 18:47:02,565] {dagbag.py:500} INFO - Filling up the DagBag from /home/airflow/.local/lib/python3.6/site-packages/airflow/example_dags/example_xcom.py
[2025-12-10 18:47:02,645] {processor.py:654} INFO - DAG(s) dict_keys(['example_xcom']) retrieved from /home/airflow/.local/lib/python3.6/site-packages/airflow/example_dags/example_xcom.py
[2025-12-10 18:47:03,101] {logging_mixin.py:109} INFO - [2025-12-10 18:47:03,101] {dag.py:2396} INFO - Sync 1 DAGs
[2025-12-10 18:47:03,127] {logging_mixin.py:109} INFO - [2025-12-10 18:47:03,126] {dag.py:2935} INFO - Setting next_dagrun for example_xcom to 2021-01-01T00:00:00+00:00
[2025-12-10 18:47:03,151] {processor.py:171} INFO - Processing /home/airflow/.local/lib/python3.6/site-packages/airflow/example_dags/example_xcom.py took 0.599 seconds
[2025-12-10 18:47:33,797] {processor.py:163} INFO - Started process (PID=181) to work on /home/airflow/.local/lib/python3.6/site-packages/airflow/example_dags/example_xcom.py
[2025-12-10 18:47:33,799] {processor.py:642} INFO - Processing file /home/airflow/.local/lib/python3.6/site-packages/airflow/example_dags/example_xcom.py for tasks to queue
[2025-12-10 18:47:33,799] {logging_mixin.py:109} INFO - [2025-12-10 18:47:33,799] {dagbag.py:500} INFO - Filling up the DagBag from /home/airflow/.local/lib/python3.6/site-packages/airflow/example_dags/example_xcom.py
[2025-12-10 18:47:33,866] {processor.py:654} INFO - DAG(s) dict_keys(['example_xcom']) retrieved from /home/airflow/.local/lib/python3.6/site-packages/airflow/example_dags/example_xcom.py
[2025-12-10 18:47:34,153] {logging_mixin.py:109} INFO - [2025-12-10 18:47:34,153] {dag.py:2396} INFO - Sync 1 DAGs
[2025-12-10 18:47:34,174] {logging_mixin.py:109} INFO - [2025-12-10 18:47:34,173] {dag.py:2935} INFO - Setting next_dagrun for example_xcom to 2021-01-01T00:00:00+00:00
[2025-12-10 18:47:34,197] {processor.py:171} INFO - Processing /home/airflow/.local/lib/python3.6/site-packages/airflow/example_dags/example_xcom.py took 0.406 seconds
[2025-12-10 18:48:04,897] {processor.py:163} INFO - Started process (PID=233) to work on /home/airflow/.local/lib/python3.6/site-packages/airflow/example_dags/example_xcom.py
[2025-12-10 18:48:04,898] {processor.py:642} INFO - Processing file /home/airflow/.local/lib/python3.6/site-packages/airflow/example_dags/example_xcom.py for tasks to queue
[2025-12-10 18:48:04,899] {logging_mixin.py:109} INFO - [2025-12-10 18:48:04,899] {dagbag.py:500} INFO - Filling up the DagBag from /home/airflow/.local/lib/python3.6/site-packages/airflow/example_dags/example_xcom.py
[2025-12-10 18:48:04,943] {processor.py:654} INFO - DAG(s) dict_keys(['example_xcom']) retrieved from /home/airflow/.local/lib/python3.6/site-packages/airflow/example_dags/example_xcom.py
[2025-12-10 18:48:05,177] {logging_mixin.py:109} INFO - [2025-12-10 18:48:05,177] {dag.py:2396} INFO - Sync 1 DAGs
[2025-12-10 18:48:05,190] {logging_mixin.py:109} INFO - [2025-12-10 18:48:05,190] {dag.py:2935} INFO - Setting next_dagrun for example_xcom to 2021-01-01T00:00:00+00:00
[2025-12-10 18:48:05,208] {processor.py:171} INFO - Processing /home/airflow/.local/lib/python3.6/site-packages/airflow/example_dags/example_xcom.py took 0.316 seconds
[2025-12-10 18:48:35,945] {processor.py:163} INFO - Started process (PID=296) to work on /home/airflow/.local/lib/python3.6/site-packages/airflow/example_dags/example_xcom.py
[2025-12-10 18:48:35,947] {processor.py:642} INFO - Processing file /home/airflow/.local/lib/python3.6/site-packages/airflow/example_dags/example_xcom.py for tasks to queue
[2025-12-10 18:48:35,948] {logging_mixin.py:109} INFO - [2025-12-10 18:48:35,947] {dagbag.py:500} INFO - Filling up the DagBag from /home/airflow/.local/lib/python3.6/site-packages/airflow/example_dags/example_xcom.py
[2025-12-10 18:48:35,992] {processor.py:654} INFO - DAG(s) dict_keys(['example_xcom']) retrieved from /home/airflow/.local/lib/python3.6/site-packages/airflow/example_dags/example_xcom.py
[2025-12-10 18:48:36,244] {logging_mixin.py:109} INFO - [2025-12-10 18:48:36,244] {dag.py:2396} INFO - Sync 1 DAGs
[2025-12-10 18:48:36,264] {logging_mixin.py:109} INFO - [2025-12-10 18:48:36,264] {dag.py:2935} INFO - Setting next_dagrun for example_xcom to 2021-01-01T00:00:00+00:00
[2025-12-10 18:48:36,287] {processor.py:171} INFO - Processing /home/airflow/.local/lib/python3.6/site-packages/airflow/example_dags/example_xcom.py took 0.346 seconds
[2025-12-10 18:49:06,638] {processor.py:163} INFO - Started process (PID=348) to work on /home/airflow/.local/lib/python3.6/site-packages/airflow/example_dags/example_xcom.py
[2025-12-10 18:49:06,639] {processor.py:642} INFO - Processing file /home/airflow/.local/lib/python3.6/site-packages/airflow/example_dags/example_xcom.py for tasks to queue
[2025-12-10 18:49:06,639] {logging_mixin.py:109} INFO - [2025-12-10 18:49:06,639] {dagbag.py:500} INFO - Filling up the DagBag from /home/airflow/.local/lib/python3.6/site-packages/airflow/example_dags/example_xcom.py
[2025-12-10 18:49:06,675] {processor.py:654} INFO - DAG(s) dict_keys(['example_xcom']) retrieved from /home/airflow/.local/lib/python3.6/site-packages/airflow/example_dags/example_xcom.py
[2025-12-10 18:49:06,854] {logging_mixin.py:109} INFO - [2025-12-10 18:49:06,854] {dag.py:2396} INFO - Sync 1 DAGs
[2025-12-10 18:49:06,866] {logging_mixin.py:109} INFO - [2025-12-10 18:49:06,866] {dag.py:2935} INFO - Setting next_dagrun for example_xcom to 2021-01-01T00:00:00+00:00
[2025-12-10 18:49:06,875] {processor.py:171} INFO - Processing /home/airflow/.local/lib/python3.6/site-packages/airflow/example_dags/example_xcom.py took 0.240 seconds
[2025-12-10 18:49:36,960] {processor.py:163} INFO - Started process (PID=410) to work on /home/airflow/.local/lib/python3.6/site-packages/airflow/example_dags/example_xcom.py
[2025-12-10 18:49:36,962] {processor.py:642} INFO - Processing file /home/airflow/.local/lib/python3.6/site-packages/airflow/example_dags/example_xcom.py for tasks to queue
[2025-12-10 18:49:36,962] {logging_mixin.py:109} INFO - [2025-12-10 18:49:36,962] {dagbag.py:500} INFO - Filling up the DagBag from /home/airflow/.local/lib/python3.6/site-packages/airflow/example_dags/example_xcom.py
[2025-12-10 18:49:36,993] {processor.py:654} INFO - DAG(s) dict_keys(['example_xcom']) retrieved from /home/airflow/.local/lib/python3.6/site-packages/airflow/example_dags/example_xcom.py
[2025-12-10 18:49:37,151] {logging_mixin.py:109} INFO - [2025-12-10 18:49:37,150] {dag.py:2396} INFO - Sync 1 DAGs
[2025-12-10 18:49:37,162] {logging_mixin.py:109} INFO - [2025-12-10 18:49:37,162] {dag.py:2935} INFO - Setting next_dagrun for example_xcom to 2021-01-01T00:00:00+00:00
[2025-12-10 18:49:37,180] {processor.py:171} INFO - Processing /home/airflow/.local/lib/python3.6/site-packages/airflow/example_dags/example_xcom.py took 0.223 seconds
[2025-12-10 18:50:08,226] {processor.py:163} INFO - Started process (PID=462) to work on /home/airflow/.local/lib/python3.6/site-packages/airflow/example_dags/example_xcom.py
[2025-12-10 18:50:08,227] {processor.py:642} INFO - Processing file /home/airflow/.local/lib/python3.6/site-packages/airflow/example_dags/example_xcom.py for tasks to queue
[2025-12-10 18:50:08,227] {logging_mixin.py:109} INFO - [2025-12-10 18:50:08,227] {dagbag.py:500} INFO - Filling up the DagBag from /home/airflow/.local/lib/python3.6/site-packages/airflow/example_dags/example_xcom.py
[2025-12-10 18:50:08,263] {processor.py:654} INFO - DAG(s) dict_keys(['example_xcom']) retrieved from /home/airflow/.local/lib/python3.6/site-packages/airflow/example_dags/example_xcom.py
[2025-12-10 18:50:08,451] {logging_mixin.py:109} INFO - [2025-12-10 18:50:08,450] {dag.py:2396} INFO - Sync 1 DAGs
[2025-12-10 18:50:08,465] {logging_mixin.py:109} INFO - [2025-12-10 18:50:08,464] {dag.py:2935} INFO - Setting next_dagrun for example_xcom to 2021-01-01T00:00:00+00:00
[2025-12-10 18:50:08,474] {processor.py:171} INFO - Processing /home/airflow/.local/lib/python3.6/site-packages/airflow/example_dags/example_xcom.py took 0.252 seconds
[2025-12-10 18:51:36,850] {processor.py:163} INFO - Started process (PID=361) to work on /home/airflow/.local/lib/python3.6/site-packages/airflow/example_dags/example_xcom.py
[2025-12-10 18:51:36,851] {processor.py:642} INFO - Processing file /home/airflow/.local/lib/python3.6/site-packages/airflow/example_dags/example_xcom.py for tasks to queue
[2025-12-10 18:51:36,852] {logging_mixin.py:109} INFO - [2025-12-10 18:51:36,852] {dagbag.py:500} INFO - Filling up the DagBag from /home/airflow/.local/lib/python3.6/site-packages/airflow/example_dags/example_xcom.py
[2025-12-10 18:51:36,889] {processor.py:654} INFO - DAG(s) dict_keys(['example_xcom']) retrieved from /home/airflow/.local/lib/python3.6/site-packages/airflow/example_dags/example_xcom.py
[2025-12-10 18:51:38,586] {logging_mixin.py:109} INFO - [2025-12-10 18:51:38,586] {manager.py:496} INFO - Created Permission View: can read on DAG:example_xcom
[2025-12-10 18:51:38,594] {logging_mixin.py:109} INFO - [2025-12-10 18:51:38,594] {manager.py:496} INFO - Created Permission View: can edit on DAG:example_xcom
[2025-12-10 18:51:38,595] {logging_mixin.py:109} INFO - [2025-12-10 18:51:38,594] {dag.py:2396} INFO - Sync 1 DAGs
[2025-12-10 18:51:38,603] {logging_mixin.py:109} INFO - [2025-12-10 18:51:38,603] {dag.py:2415} INFO - Creating ORM DAG for example_xcom
[2025-12-10 18:51:38,609] {logging_mixin.py:109} INFO - [2025-12-10 18:51:38,609] {dag.py:2935} INFO - Setting next_dagrun for example_xcom to 2021-01-01T00:00:00+00:00
[2025-12-10 18:51:38,620] {processor.py:171} INFO - Processing /home/airflow/.local/lib/python3.6/site-packages/airflow/example_dags/example_xcom.py took 1.773 seconds
[2025-12-10 18:52:09,614] {processor.py:163} INFO - Started process (PID=508) to work on /home/airflow/.local/lib/python3.6/site-packages/airflow/example_dags/example_xcom.py
[2025-12-10 18:52:09,624] {processor.py:642} INFO - Processing file /home/airflow/.local/lib/python3.6/site-packages/airflow/example_dags/example_xcom.py for tasks to queue
[2025-12-10 18:52:09,624] {logging_mixin.py:109} INFO - [2025-12-10 18:52:09,624] {dagbag.py:500} INFO - Filling up the DagBag from /home/airflow/.local/lib/python3.6/site-packages/airflow/example_dags/example_xcom.py
[2025-12-10 18:52:09,661] {processor.py:654} INFO - DAG(s) dict_keys(['example_xcom']) retrieved from /home/airflow/.local/lib/python3.6/site-packages/airflow/example_dags/example_xcom.py
[2025-12-10 18:52:09,900] {logging_mixin.py:109} INFO - [2025-12-10 18:52:09,900] {dag.py:2396} INFO - Sync 1 DAGs
[2025-12-10 18:52:09,919] {logging_mixin.py:109} INFO - [2025-12-10 18:52:09,919] {dag.py:2935} INFO - Setting next_dagrun for example_xcom to 2021-01-01T00:00:00+00:00
[2025-12-10 18:52:09,930] {processor.py:171} INFO - Processing /home/airflow/.local/lib/python3.6/site-packages/airflow/example_dags/example_xcom.py took 0.320 seconds
