[2025-12-10 18:26:02,827] {processor.py:163} INFO - Started process (PID=209) to work on /home/airflow/.local/lib/python3.6/site-packages/airflow/example_dags/example_short_circuit_operator.py
[2025-12-10 18:26:02,828] {processor.py:642} INFO - Processing file /home/airflow/.local/lib/python3.6/site-packages/airflow/example_dags/example_short_circuit_operator.py for tasks to queue
[2025-12-10 18:26:02,829] {logging_mixin.py:109} INFO - [2025-12-10 18:26:02,829] {dagbag.py:500} INFO - Filling up the DagBag from /home/airflow/.local/lib/python3.6/site-packages/airflow/example_dags/example_short_circuit_operator.py
[2025-12-10 18:26:02,859] {processor.py:654} INFO - DAG(s) dict_keys(['example_short_circuit_operator']) retrieved from /home/airflow/.local/lib/python3.6/site-packages/airflow/example_dags/example_short_circuit_operator.py
[2025-12-10 18:26:04,808] {logging_mixin.py:109} INFO - [2025-12-10 18:26:04,808] {manager.py:496} INFO - Created Permission View: can edit on DAG:example_short_circuit_operator
[2025-12-10 18:26:04,816] {logging_mixin.py:109} INFO - [2025-12-10 18:26:04,815] {manager.py:496} INFO - Created Permission View: can read on DAG:example_short_circuit_operator
[2025-12-10 18:26:04,816] {logging_mixin.py:109} INFO - [2025-12-10 18:26:04,816] {dag.py:2396} INFO - Sync 1 DAGs
[2025-12-10 18:26:04,824] {logging_mixin.py:109} INFO - [2025-12-10 18:26:04,824] {dag.py:2415} INFO - Creating ORM DAG for example_short_circuit_operator
[2025-12-10 18:26:04,830] {logging_mixin.py:109} INFO - [2025-12-10 18:26:04,830] {dag.py:2935} INFO - Setting next_dagrun for example_short_circuit_operator to 2025-12-09T18:26:04.830666+00:00
[2025-12-10 18:26:04,840] {processor.py:171} INFO - Processing /home/airflow/.local/lib/python3.6/site-packages/airflow/example_dags/example_short_circuit_operator.py took 2.016 seconds
[2025-12-10 18:26:34,907] {processor.py:163} INFO - Started process (PID=487) to work on /home/airflow/.local/lib/python3.6/site-packages/airflow/example_dags/example_short_circuit_operator.py
[2025-12-10 18:26:34,908] {processor.py:642} INFO - Processing file /home/airflow/.local/lib/python3.6/site-packages/airflow/example_dags/example_short_circuit_operator.py for tasks to queue
[2025-12-10 18:26:34,909] {logging_mixin.py:109} INFO - [2025-12-10 18:26:34,909] {dagbag.py:500} INFO - Filling up the DagBag from /home/airflow/.local/lib/python3.6/site-packages/airflow/example_dags/example_short_circuit_operator.py
[2025-12-10 18:26:34,938] {processor.py:654} INFO - DAG(s) dict_keys(['example_short_circuit_operator']) retrieved from /home/airflow/.local/lib/python3.6/site-packages/airflow/example_dags/example_short_circuit_operator.py
[2025-12-10 18:26:34,947] {logging_mixin.py:109} INFO - [2025-12-10 18:26:34,947] {dag.py:2396} INFO - Sync 1 DAGs
[2025-12-10 18:26:34,963] {logging_mixin.py:109} INFO - [2025-12-10 18:26:34,963] {dag.py:2935} INFO - Setting next_dagrun for example_short_circuit_operator to 2025-12-09T18:26:34.963535+00:00
[2025-12-10 18:26:34,973] {processor.py:171} INFO - Processing /home/airflow/.local/lib/python3.6/site-packages/airflow/example_dags/example_short_circuit_operator.py took 0.070 seconds
[2025-12-10 18:27:05,796] {processor.py:163} INFO - Started process (PID=539) to work on /home/airflow/.local/lib/python3.6/site-packages/airflow/example_dags/example_short_circuit_operator.py
[2025-12-10 18:27:05,798] {processor.py:642} INFO - Processing file /home/airflow/.local/lib/python3.6/site-packages/airflow/example_dags/example_short_circuit_operator.py for tasks to queue
[2025-12-10 18:27:05,798] {logging_mixin.py:109} INFO - [2025-12-10 18:27:05,798] {dagbag.py:500} INFO - Filling up the DagBag from /home/airflow/.local/lib/python3.6/site-packages/airflow/example_dags/example_short_circuit_operator.py
[2025-12-10 18:27:05,825] {processor.py:654} INFO - DAG(s) dict_keys(['example_short_circuit_operator']) retrieved from /home/airflow/.local/lib/python3.6/site-packages/airflow/example_dags/example_short_circuit_operator.py
[2025-12-10 18:27:05,834] {logging_mixin.py:109} INFO - [2025-12-10 18:27:05,834] {dag.py:2396} INFO - Sync 1 DAGs
[2025-12-10 18:27:05,847] {logging_mixin.py:109} INFO - [2025-12-10 18:27:05,847] {dag.py:2935} INFO - Setting next_dagrun for example_short_circuit_operator to 2025-12-09T18:27:05.847587+00:00
[2025-12-10 18:27:05,855] {processor.py:171} INFO - Processing /home/airflow/.local/lib/python3.6/site-packages/airflow/example_dags/example_short_circuit_operator.py took 0.061 seconds
[2025-12-10 18:27:36,023] {processor.py:163} INFO - Started process (PID=601) to work on /home/airflow/.local/lib/python3.6/site-packages/airflow/example_dags/example_short_circuit_operator.py
[2025-12-10 18:27:36,034] {processor.py:642} INFO - Processing file /home/airflow/.local/lib/python3.6/site-packages/airflow/example_dags/example_short_circuit_operator.py for tasks to queue
[2025-12-10 18:27:36,035] {logging_mixin.py:109} INFO - [2025-12-10 18:27:36,034] {dagbag.py:500} INFO - Filling up the DagBag from /home/airflow/.local/lib/python3.6/site-packages/airflow/example_dags/example_short_circuit_operator.py
[2025-12-10 18:27:36,069] {processor.py:654} INFO - DAG(s) dict_keys(['example_short_circuit_operator']) retrieved from /home/airflow/.local/lib/python3.6/site-packages/airflow/example_dags/example_short_circuit_operator.py
[2025-12-10 18:27:36,080] {logging_mixin.py:109} INFO - [2025-12-10 18:27:36,080] {dag.py:2396} INFO - Sync 1 DAGs
[2025-12-10 18:27:36,097] {logging_mixin.py:109} INFO - [2025-12-10 18:27:36,097] {dag.py:2935} INFO - Setting next_dagrun for example_short_circuit_operator to 2025-12-09T18:27:36.097424+00:00
[2025-12-10 18:27:36,105] {processor.py:171} INFO - Processing /home/airflow/.local/lib/python3.6/site-packages/airflow/example_dags/example_short_circuit_operator.py took 0.086 seconds
[2025-12-10 18:28:06,534] {processor.py:163} INFO - Started process (PID=653) to work on /home/airflow/.local/lib/python3.6/site-packages/airflow/example_dags/example_short_circuit_operator.py
[2025-12-10 18:28:06,535] {processor.py:642} INFO - Processing file /home/airflow/.local/lib/python3.6/site-packages/airflow/example_dags/example_short_circuit_operator.py for tasks to queue
[2025-12-10 18:28:06,536] {logging_mixin.py:109} INFO - [2025-12-10 18:28:06,535] {dagbag.py:500} INFO - Filling up the DagBag from /home/airflow/.local/lib/python3.6/site-packages/airflow/example_dags/example_short_circuit_operator.py
[2025-12-10 18:28:06,562] {processor.py:654} INFO - DAG(s) dict_keys(['example_short_circuit_operator']) retrieved from /home/airflow/.local/lib/python3.6/site-packages/airflow/example_dags/example_short_circuit_operator.py
[2025-12-10 18:28:06,572] {logging_mixin.py:109} INFO - [2025-12-10 18:28:06,572] {dag.py:2396} INFO - Sync 1 DAGs
[2025-12-10 18:28:06,586] {logging_mixin.py:109} INFO - [2025-12-10 18:28:06,585] {dag.py:2935} INFO - Setting next_dagrun for example_short_circuit_operator to 2025-12-09T18:28:06.585764+00:00
[2025-12-10 18:28:06,593] {processor.py:171} INFO - Processing /home/airflow/.local/lib/python3.6/site-packages/airflow/example_dags/example_short_circuit_operator.py took 0.062 seconds
[2025-12-10 18:28:36,714] {processor.py:163} INFO - Started process (PID=715) to work on /home/airflow/.local/lib/python3.6/site-packages/airflow/example_dags/example_short_circuit_operator.py
[2025-12-10 18:28:36,721] {processor.py:642} INFO - Processing file /home/airflow/.local/lib/python3.6/site-packages/airflow/example_dags/example_short_circuit_operator.py for tasks to queue
[2025-12-10 18:28:36,722] {logging_mixin.py:109} INFO - [2025-12-10 18:28:36,722] {dagbag.py:500} INFO - Filling up the DagBag from /home/airflow/.local/lib/python3.6/site-packages/airflow/example_dags/example_short_circuit_operator.py
[2025-12-10 18:28:36,748] {processor.py:654} INFO - DAG(s) dict_keys(['example_short_circuit_operator']) retrieved from /home/airflow/.local/lib/python3.6/site-packages/airflow/example_dags/example_short_circuit_operator.py
[2025-12-10 18:28:36,756] {logging_mixin.py:109} INFO - [2025-12-10 18:28:36,756] {dag.py:2396} INFO - Sync 1 DAGs
[2025-12-10 18:28:36,771] {logging_mixin.py:109} INFO - [2025-12-10 18:28:36,770] {dag.py:2935} INFO - Setting next_dagrun for example_short_circuit_operator to 2025-12-09T18:28:36.770732+00:00
[2025-12-10 18:28:36,777] {processor.py:171} INFO - Processing /home/airflow/.local/lib/python3.6/site-packages/airflow/example_dags/example_short_circuit_operator.py took 0.067 seconds
[2025-12-10 18:29:06,843] {processor.py:163} INFO - Started process (PID=776) to work on /home/airflow/.local/lib/python3.6/site-packages/airflow/example_dags/example_short_circuit_operator.py
[2025-12-10 18:29:06,844] {processor.py:642} INFO - Processing file /home/airflow/.local/lib/python3.6/site-packages/airflow/example_dags/example_short_circuit_operator.py for tasks to queue
[2025-12-10 18:29:06,844] {logging_mixin.py:109} INFO - [2025-12-10 18:29:06,844] {dagbag.py:500} INFO - Filling up the DagBag from /home/airflow/.local/lib/python3.6/site-packages/airflow/example_dags/example_short_circuit_operator.py
[2025-12-10 18:29:06,870] {processor.py:654} INFO - DAG(s) dict_keys(['example_short_circuit_operator']) retrieved from /home/airflow/.local/lib/python3.6/site-packages/airflow/example_dags/example_short_circuit_operator.py
[2025-12-10 18:29:06,878] {logging_mixin.py:109} INFO - [2025-12-10 18:29:06,878] {dag.py:2396} INFO - Sync 1 DAGs
[2025-12-10 18:29:06,892] {logging_mixin.py:109} INFO - [2025-12-10 18:29:06,892] {dag.py:2935} INFO - Setting next_dagrun for example_short_circuit_operator to 2025-12-09T18:29:06.892225+00:00
[2025-12-10 18:29:06,899] {processor.py:171} INFO - Processing /home/airflow/.local/lib/python3.6/site-packages/airflow/example_dags/example_short_circuit_operator.py took 0.059 seconds
[2025-12-10 18:29:37,352] {processor.py:163} INFO - Started process (PID=829) to work on /home/airflow/.local/lib/python3.6/site-packages/airflow/example_dags/example_short_circuit_operator.py
[2025-12-10 18:29:37,359] {processor.py:642} INFO - Processing file /home/airflow/.local/lib/python3.6/site-packages/airflow/example_dags/example_short_circuit_operator.py for tasks to queue
[2025-12-10 18:29:37,360] {logging_mixin.py:109} INFO - [2025-12-10 18:29:37,360] {dagbag.py:500} INFO - Filling up the DagBag from /home/airflow/.local/lib/python3.6/site-packages/airflow/example_dags/example_short_circuit_operator.py
[2025-12-10 18:29:37,387] {processor.py:654} INFO - DAG(s) dict_keys(['example_short_circuit_operator']) retrieved from /home/airflow/.local/lib/python3.6/site-packages/airflow/example_dags/example_short_circuit_operator.py
[2025-12-10 18:29:37,397] {logging_mixin.py:109} INFO - [2025-12-10 18:29:37,397] {dag.py:2396} INFO - Sync 1 DAGs
[2025-12-10 18:29:37,413] {logging_mixin.py:109} INFO - [2025-12-10 18:29:37,413] {dag.py:2935} INFO - Setting next_dagrun for example_short_circuit_operator to 2025-12-09T18:29:37.413165+00:00
[2025-12-10 18:29:37,422] {processor.py:171} INFO - Processing /home/airflow/.local/lib/python3.6/site-packages/airflow/example_dags/example_short_circuit_operator.py took 0.073 seconds
[2025-12-10 18:30:07,864] {processor.py:163} INFO - Started process (PID=891) to work on /home/airflow/.local/lib/python3.6/site-packages/airflow/example_dags/example_short_circuit_operator.py
[2025-12-10 18:30:07,872] {processor.py:642} INFO - Processing file /home/airflow/.local/lib/python3.6/site-packages/airflow/example_dags/example_short_circuit_operator.py for tasks to queue
[2025-12-10 18:30:07,872] {logging_mixin.py:109} INFO - [2025-12-10 18:30:07,872] {dagbag.py:500} INFO - Filling up the DagBag from /home/airflow/.local/lib/python3.6/site-packages/airflow/example_dags/example_short_circuit_operator.py
[2025-12-10 18:30:07,899] {processor.py:654} INFO - DAG(s) dict_keys(['example_short_circuit_operator']) retrieved from /home/airflow/.local/lib/python3.6/site-packages/airflow/example_dags/example_short_circuit_operator.py
[2025-12-10 18:30:07,909] {logging_mixin.py:109} INFO - [2025-12-10 18:30:07,909] {dag.py:2396} INFO - Sync 1 DAGs
[2025-12-10 18:30:07,929] {logging_mixin.py:109} INFO - [2025-12-10 18:30:07,928] {dag.py:2935} INFO - Setting next_dagrun for example_short_circuit_operator to 2025-12-09T18:30:07.928681+00:00
[2025-12-10 18:30:07,937] {processor.py:171} INFO - Processing /home/airflow/.local/lib/python3.6/site-packages/airflow/example_dags/example_short_circuit_operator.py took 0.076 seconds
[2025-12-10 18:30:38,317] {processor.py:163} INFO - Started process (PID=953) to work on /home/airflow/.local/lib/python3.6/site-packages/airflow/example_dags/example_short_circuit_operator.py
[2025-12-10 18:30:38,324] {processor.py:642} INFO - Processing file /home/airflow/.local/lib/python3.6/site-packages/airflow/example_dags/example_short_circuit_operator.py for tasks to queue
[2025-12-10 18:30:38,324] {logging_mixin.py:109} INFO - [2025-12-10 18:30:38,324] {dagbag.py:500} INFO - Filling up the DagBag from /home/airflow/.local/lib/python3.6/site-packages/airflow/example_dags/example_short_circuit_operator.py
[2025-12-10 18:30:38,355] {processor.py:654} INFO - DAG(s) dict_keys(['example_short_circuit_operator']) retrieved from /home/airflow/.local/lib/python3.6/site-packages/airflow/example_dags/example_short_circuit_operator.py
[2025-12-10 18:30:38,366] {logging_mixin.py:109} INFO - [2025-12-10 18:30:38,366] {dag.py:2396} INFO - Sync 1 DAGs
[2025-12-10 18:30:38,383] {logging_mixin.py:109} INFO - [2025-12-10 18:30:38,383] {dag.py:2935} INFO - Setting next_dagrun for example_short_circuit_operator to 2025-12-09T18:30:38.382874+00:00
[2025-12-10 18:30:38,391] {processor.py:171} INFO - Processing /home/airflow/.local/lib/python3.6/site-packages/airflow/example_dags/example_short_circuit_operator.py took 0.078 seconds
[2025-12-10 18:31:08,687] {processor.py:163} INFO - Started process (PID=1005) to work on /home/airflow/.local/lib/python3.6/site-packages/airflow/example_dags/example_short_circuit_operator.py
[2025-12-10 18:31:08,695] {processor.py:642} INFO - Processing file /home/airflow/.local/lib/python3.6/site-packages/airflow/example_dags/example_short_circuit_operator.py for tasks to queue
[2025-12-10 18:31:08,696] {logging_mixin.py:109} INFO - [2025-12-10 18:31:08,696] {dagbag.py:500} INFO - Filling up the DagBag from /home/airflow/.local/lib/python3.6/site-packages/airflow/example_dags/example_short_circuit_operator.py
[2025-12-10 18:31:08,729] {processor.py:654} INFO - DAG(s) dict_keys(['example_short_circuit_operator']) retrieved from /home/airflow/.local/lib/python3.6/site-packages/airflow/example_dags/example_short_circuit_operator.py
[2025-12-10 18:31:08,739] {logging_mixin.py:109} INFO - [2025-12-10 18:31:08,739] {dag.py:2396} INFO - Sync 1 DAGs
[2025-12-10 18:31:08,754] {logging_mixin.py:109} INFO - [2025-12-10 18:31:08,754] {dag.py:2935} INFO - Setting next_dagrun for example_short_circuit_operator to 2025-12-09T18:31:08.753850+00:00
[2025-12-10 18:31:08,761] {processor.py:171} INFO - Processing /home/airflow/.local/lib/python3.6/site-packages/airflow/example_dags/example_short_circuit_operator.py took 0.078 seconds
[2025-12-10 18:31:39,089] {processor.py:163} INFO - Started process (PID=1067) to work on /home/airflow/.local/lib/python3.6/site-packages/airflow/example_dags/example_short_circuit_operator.py
[2025-12-10 18:31:39,096] {processor.py:642} INFO - Processing file /home/airflow/.local/lib/python3.6/site-packages/airflow/example_dags/example_short_circuit_operator.py for tasks to queue
[2025-12-10 18:31:39,096] {logging_mixin.py:109} INFO - [2025-12-10 18:31:39,096] {dagbag.py:500} INFO - Filling up the DagBag from /home/airflow/.local/lib/python3.6/site-packages/airflow/example_dags/example_short_circuit_operator.py
[2025-12-10 18:31:39,125] {processor.py:654} INFO - DAG(s) dict_keys(['example_short_circuit_operator']) retrieved from /home/airflow/.local/lib/python3.6/site-packages/airflow/example_dags/example_short_circuit_operator.py
[2025-12-10 18:31:39,134] {logging_mixin.py:109} INFO - [2025-12-10 18:31:39,134] {dag.py:2396} INFO - Sync 1 DAGs
[2025-12-10 18:31:39,148] {logging_mixin.py:109} INFO - [2025-12-10 18:31:39,148] {dag.py:2935} INFO - Setting next_dagrun for example_short_circuit_operator to 2025-12-09T18:31:39.148282+00:00
[2025-12-10 18:31:39,155] {processor.py:171} INFO - Processing /home/airflow/.local/lib/python3.6/site-packages/airflow/example_dags/example_short_circuit_operator.py took 0.069 seconds
[2025-12-10 18:32:09,490] {processor.py:163} INFO - Started process (PID=1119) to work on /home/airflow/.local/lib/python3.6/site-packages/airflow/example_dags/example_short_circuit_operator.py
[2025-12-10 18:32:09,491] {processor.py:642} INFO - Processing file /home/airflow/.local/lib/python3.6/site-packages/airflow/example_dags/example_short_circuit_operator.py for tasks to queue
[2025-12-10 18:32:09,492] {logging_mixin.py:109} INFO - [2025-12-10 18:32:09,492] {dagbag.py:500} INFO - Filling up the DagBag from /home/airflow/.local/lib/python3.6/site-packages/airflow/example_dags/example_short_circuit_operator.py
[2025-12-10 18:32:09,520] {processor.py:654} INFO - DAG(s) dict_keys(['example_short_circuit_operator']) retrieved from /home/airflow/.local/lib/python3.6/site-packages/airflow/example_dags/example_short_circuit_operator.py
[2025-12-10 18:32:09,529] {logging_mixin.py:109} INFO - [2025-12-10 18:32:09,529] {dag.py:2396} INFO - Sync 1 DAGs
[2025-12-10 18:32:09,543] {logging_mixin.py:109} INFO - [2025-12-10 18:32:09,543] {dag.py:2935} INFO - Setting next_dagrun for example_short_circuit_operator to 2025-12-09T18:32:09.542944+00:00
[2025-12-10 18:32:09,550] {processor.py:171} INFO - Processing /home/airflow/.local/lib/python3.6/site-packages/airflow/example_dags/example_short_circuit_operator.py took 0.063 seconds
[2025-12-10 18:32:39,958] {processor.py:163} INFO - Started process (PID=1181) to work on /home/airflow/.local/lib/python3.6/site-packages/airflow/example_dags/example_short_circuit_operator.py
[2025-12-10 18:32:39,966] {processor.py:642} INFO - Processing file /home/airflow/.local/lib/python3.6/site-packages/airflow/example_dags/example_short_circuit_operator.py for tasks to queue
[2025-12-10 18:32:39,967] {logging_mixin.py:109} INFO - [2025-12-10 18:32:39,967] {dagbag.py:500} INFO - Filling up the DagBag from /home/airflow/.local/lib/python3.6/site-packages/airflow/example_dags/example_short_circuit_operator.py
[2025-12-10 18:32:39,994] {processor.py:654} INFO - DAG(s) dict_keys(['example_short_circuit_operator']) retrieved from /home/airflow/.local/lib/python3.6/site-packages/airflow/example_dags/example_short_circuit_operator.py
[2025-12-10 18:32:40,003] {logging_mixin.py:109} INFO - [2025-12-10 18:32:40,003] {dag.py:2396} INFO - Sync 1 DAGs
[2025-12-10 18:32:40,018] {logging_mixin.py:109} INFO - [2025-12-10 18:32:40,018] {dag.py:2935} INFO - Setting next_dagrun for example_short_circuit_operator to 2025-12-09T18:32:40.018306+00:00
[2025-12-10 18:32:40,026] {processor.py:171} INFO - Processing /home/airflow/.local/lib/python3.6/site-packages/airflow/example_dags/example_short_circuit_operator.py took 0.070 seconds
[2025-12-10 18:33:10,356] {processor.py:163} INFO - Started process (PID=1243) to work on /home/airflow/.local/lib/python3.6/site-packages/airflow/example_dags/example_short_circuit_operator.py
[2025-12-10 18:33:10,357] {processor.py:642} INFO - Processing file /home/airflow/.local/lib/python3.6/site-packages/airflow/example_dags/example_short_circuit_operator.py for tasks to queue
[2025-12-10 18:33:10,358] {logging_mixin.py:109} INFO - [2025-12-10 18:33:10,358] {dagbag.py:500} INFO - Filling up the DagBag from /home/airflow/.local/lib/python3.6/site-packages/airflow/example_dags/example_short_circuit_operator.py
[2025-12-10 18:33:10,387] {processor.py:654} INFO - DAG(s) dict_keys(['example_short_circuit_operator']) retrieved from /home/airflow/.local/lib/python3.6/site-packages/airflow/example_dags/example_short_circuit_operator.py
[2025-12-10 18:33:10,396] {logging_mixin.py:109} INFO - [2025-12-10 18:33:10,396] {dag.py:2396} INFO - Sync 1 DAGs
[2025-12-10 18:33:10,412] {logging_mixin.py:109} INFO - [2025-12-10 18:33:10,411] {dag.py:2935} INFO - Setting next_dagrun for example_short_circuit_operator to 2025-12-09T18:33:10.411741+00:00
[2025-12-10 18:33:10,419] {processor.py:171} INFO - Processing /home/airflow/.local/lib/python3.6/site-packages/airflow/example_dags/example_short_circuit_operator.py took 0.066 seconds
[2025-12-10 18:33:40,735] {processor.py:163} INFO - Started process (PID=1295) to work on /home/airflow/.local/lib/python3.6/site-packages/airflow/example_dags/example_short_circuit_operator.py
[2025-12-10 18:33:40,745] {processor.py:642} INFO - Processing file /home/airflow/.local/lib/python3.6/site-packages/airflow/example_dags/example_short_circuit_operator.py for tasks to queue
[2025-12-10 18:33:40,745] {logging_mixin.py:109} INFO - [2025-12-10 18:33:40,745] {dagbag.py:500} INFO - Filling up the DagBag from /home/airflow/.local/lib/python3.6/site-packages/airflow/example_dags/example_short_circuit_operator.py
[2025-12-10 18:33:40,773] {processor.py:654} INFO - DAG(s) dict_keys(['example_short_circuit_operator']) retrieved from /home/airflow/.local/lib/python3.6/site-packages/airflow/example_dags/example_short_circuit_operator.py
[2025-12-10 18:33:40,784] {logging_mixin.py:109} INFO - [2025-12-10 18:33:40,784] {dag.py:2396} INFO - Sync 1 DAGs
[2025-12-10 18:33:40,798] {logging_mixin.py:109} INFO - [2025-12-10 18:33:40,797] {dag.py:2935} INFO - Setting next_dagrun for example_short_circuit_operator to 2025-12-09T18:33:40.797757+00:00
[2025-12-10 18:33:40,805] {processor.py:171} INFO - Processing /home/airflow/.local/lib/python3.6/site-packages/airflow/example_dags/example_short_circuit_operator.py took 0.073 seconds
[2025-12-10 18:34:11,151] {processor.py:163} INFO - Started process (PID=1358) to work on /home/airflow/.local/lib/python3.6/site-packages/airflow/example_dags/example_short_circuit_operator.py
[2025-12-10 18:34:11,152] {processor.py:642} INFO - Processing file /home/airflow/.local/lib/python3.6/site-packages/airflow/example_dags/example_short_circuit_operator.py for tasks to queue
[2025-12-10 18:34:11,152] {logging_mixin.py:109} INFO - [2025-12-10 18:34:11,152] {dagbag.py:500} INFO - Filling up the DagBag from /home/airflow/.local/lib/python3.6/site-packages/airflow/example_dags/example_short_circuit_operator.py
[2025-12-10 18:34:11,179] {processor.py:654} INFO - DAG(s) dict_keys(['example_short_circuit_operator']) retrieved from /home/airflow/.local/lib/python3.6/site-packages/airflow/example_dags/example_short_circuit_operator.py
[2025-12-10 18:34:11,188] {logging_mixin.py:109} INFO - [2025-12-10 18:34:11,188] {dag.py:2396} INFO - Sync 1 DAGs
[2025-12-10 18:34:11,201] {logging_mixin.py:109} INFO - [2025-12-10 18:34:11,201] {dag.py:2935} INFO - Setting next_dagrun for example_short_circuit_operator to 2025-12-09T18:34:11.201352+00:00
[2025-12-10 18:34:11,208] {processor.py:171} INFO - Processing /home/airflow/.local/lib/python3.6/site-packages/airflow/example_dags/example_short_circuit_operator.py took 0.060 seconds
[2025-12-10 18:34:41,524] {processor.py:163} INFO - Started process (PID=1410) to work on /home/airflow/.local/lib/python3.6/site-packages/airflow/example_dags/example_short_circuit_operator.py
[2025-12-10 18:34:41,532] {processor.py:642} INFO - Processing file /home/airflow/.local/lib/python3.6/site-packages/airflow/example_dags/example_short_circuit_operator.py for tasks to queue
[2025-12-10 18:34:41,532] {logging_mixin.py:109} INFO - [2025-12-10 18:34:41,532] {dagbag.py:500} INFO - Filling up the DagBag from /home/airflow/.local/lib/python3.6/site-packages/airflow/example_dags/example_short_circuit_operator.py
[2025-12-10 18:34:41,559] {processor.py:654} INFO - DAG(s) dict_keys(['example_short_circuit_operator']) retrieved from /home/airflow/.local/lib/python3.6/site-packages/airflow/example_dags/example_short_circuit_operator.py
[2025-12-10 18:34:41,568] {logging_mixin.py:109} INFO - [2025-12-10 18:34:41,568] {dag.py:2396} INFO - Sync 1 DAGs
[2025-12-10 18:34:41,582] {logging_mixin.py:109} INFO - [2025-12-10 18:34:41,582] {dag.py:2935} INFO - Setting next_dagrun for example_short_circuit_operator to 2025-12-09T18:34:41.582040+00:00
[2025-12-10 18:34:41,589] {processor.py:171} INFO - Processing /home/airflow/.local/lib/python3.6/site-packages/airflow/example_dags/example_short_circuit_operator.py took 0.068 seconds
[2025-12-10 18:35:11,897] {processor.py:163} INFO - Started process (PID=1472) to work on /home/airflow/.local/lib/python3.6/site-packages/airflow/example_dags/example_short_circuit_operator.py
[2025-12-10 18:35:11,904] {processor.py:642} INFO - Processing file /home/airflow/.local/lib/python3.6/site-packages/airflow/example_dags/example_short_circuit_operator.py for tasks to queue
[2025-12-10 18:35:11,905] {logging_mixin.py:109} INFO - [2025-12-10 18:35:11,904] {dagbag.py:500} INFO - Filling up the DagBag from /home/airflow/.local/lib/python3.6/site-packages/airflow/example_dags/example_short_circuit_operator.py
[2025-12-10 18:35:11,932] {processor.py:654} INFO - DAG(s) dict_keys(['example_short_circuit_operator']) retrieved from /home/airflow/.local/lib/python3.6/site-packages/airflow/example_dags/example_short_circuit_operator.py
[2025-12-10 18:35:11,942] {logging_mixin.py:109} INFO - [2025-12-10 18:35:11,942] {dag.py:2396} INFO - Sync 1 DAGs
[2025-12-10 18:35:11,956] {logging_mixin.py:109} INFO - [2025-12-10 18:35:11,956] {dag.py:2935} INFO - Setting next_dagrun for example_short_circuit_operator to 2025-12-09T18:35:11.956398+00:00
[2025-12-10 18:35:11,964] {processor.py:171} INFO - Processing /home/airflow/.local/lib/python3.6/site-packages/airflow/example_dags/example_short_circuit_operator.py took 0.070 seconds
[2025-12-10 18:35:42,018] {processor.py:163} INFO - Started process (PID=1534) to work on /home/airflow/.local/lib/python3.6/site-packages/airflow/example_dags/example_short_circuit_operator.py
[2025-12-10 18:35:42,019] {processor.py:642} INFO - Processing file /home/airflow/.local/lib/python3.6/site-packages/airflow/example_dags/example_short_circuit_operator.py for tasks to queue
[2025-12-10 18:35:42,019] {logging_mixin.py:109} INFO - [2025-12-10 18:35:42,019] {dagbag.py:500} INFO - Filling up the DagBag from /home/airflow/.local/lib/python3.6/site-packages/airflow/example_dags/example_short_circuit_operator.py
[2025-12-10 18:35:42,046] {processor.py:654} INFO - DAG(s) dict_keys(['example_short_circuit_operator']) retrieved from /home/airflow/.local/lib/python3.6/site-packages/airflow/example_dags/example_short_circuit_operator.py
[2025-12-10 18:35:42,055] {logging_mixin.py:109} INFO - [2025-12-10 18:35:42,055] {dag.py:2396} INFO - Sync 1 DAGs
[2025-12-10 18:35:42,068] {logging_mixin.py:109} INFO - [2025-12-10 18:35:42,068] {dag.py:2935} INFO - Setting next_dagrun for example_short_circuit_operator to 2025-12-09T18:35:42.068259+00:00
[2025-12-10 18:35:42,075] {processor.py:171} INFO - Processing /home/airflow/.local/lib/python3.6/site-packages/airflow/example_dags/example_short_circuit_operator.py took 0.061 seconds
[2025-12-10 18:36:12,525] {processor.py:163} INFO - Started process (PID=1586) to work on /home/airflow/.local/lib/python3.6/site-packages/airflow/example_dags/example_short_circuit_operator.py
[2025-12-10 18:36:12,533] {processor.py:642} INFO - Processing file /home/airflow/.local/lib/python3.6/site-packages/airflow/example_dags/example_short_circuit_operator.py for tasks to queue
[2025-12-10 18:36:12,534] {logging_mixin.py:109} INFO - [2025-12-10 18:36:12,534] {dagbag.py:500} INFO - Filling up the DagBag from /home/airflow/.local/lib/python3.6/site-packages/airflow/example_dags/example_short_circuit_operator.py
[2025-12-10 18:36:12,574] {processor.py:654} INFO - DAG(s) dict_keys(['example_short_circuit_operator']) retrieved from /home/airflow/.local/lib/python3.6/site-packages/airflow/example_dags/example_short_circuit_operator.py
[2025-12-10 18:36:12,587] {logging_mixin.py:109} INFO - [2025-12-10 18:36:12,587] {dag.py:2396} INFO - Sync 1 DAGs
[2025-12-10 18:36:12,607] {logging_mixin.py:109} INFO - [2025-12-10 18:36:12,606] {dag.py:2935} INFO - Setting next_dagrun for example_short_circuit_operator to 2025-12-09T18:36:12.606661+00:00
[2025-12-10 18:36:12,626] {processor.py:171} INFO - Processing /home/airflow/.local/lib/python3.6/site-packages/airflow/example_dags/example_short_circuit_operator.py took 0.104 seconds
[2025-12-10 18:36:43,259] {processor.py:163} INFO - Started process (PID=1648) to work on /home/airflow/.local/lib/python3.6/site-packages/airflow/example_dags/example_short_circuit_operator.py
[2025-12-10 18:36:43,266] {processor.py:642} INFO - Processing file /home/airflow/.local/lib/python3.6/site-packages/airflow/example_dags/example_short_circuit_operator.py for tasks to queue
[2025-12-10 18:36:43,267] {logging_mixin.py:109} INFO - [2025-12-10 18:36:43,267] {dagbag.py:500} INFO - Filling up the DagBag from /home/airflow/.local/lib/python3.6/site-packages/airflow/example_dags/example_short_circuit_operator.py
[2025-12-10 18:36:43,301] {processor.py:654} INFO - DAG(s) dict_keys(['example_short_circuit_operator']) retrieved from /home/airflow/.local/lib/python3.6/site-packages/airflow/example_dags/example_short_circuit_operator.py
[2025-12-10 18:36:43,310] {logging_mixin.py:109} INFO - [2025-12-10 18:36:43,310] {dag.py:2396} INFO - Sync 1 DAGs
[2025-12-10 18:36:43,328] {logging_mixin.py:109} INFO - [2025-12-10 18:36:43,328] {dag.py:2935} INFO - Setting next_dagrun for example_short_circuit_operator to 2025-12-09T18:36:43.328168+00:00
[2025-12-10 18:36:43,338] {processor.py:171} INFO - Processing /home/airflow/.local/lib/python3.6/site-packages/airflow/example_dags/example_short_circuit_operator.py took 0.083 seconds
[2025-12-10 18:37:13,685] {processor.py:163} INFO - Started process (PID=1707) to work on /home/airflow/.local/lib/python3.6/site-packages/airflow/example_dags/example_short_circuit_operator.py
[2025-12-10 18:37:13,690] {processor.py:642} INFO - Processing file /home/airflow/.local/lib/python3.6/site-packages/airflow/example_dags/example_short_circuit_operator.py for tasks to queue
[2025-12-10 18:37:13,691] {logging_mixin.py:109} INFO - [2025-12-10 18:37:13,690] {dagbag.py:500} INFO - Filling up the DagBag from /home/airflow/.local/lib/python3.6/site-packages/airflow/example_dags/example_short_circuit_operator.py
[2025-12-10 18:37:13,721] {processor.py:654} INFO - DAG(s) dict_keys(['example_short_circuit_operator']) retrieved from /home/airflow/.local/lib/python3.6/site-packages/airflow/example_dags/example_short_circuit_operator.py
[2025-12-10 18:37:13,730] {logging_mixin.py:109} INFO - [2025-12-10 18:37:13,730] {dag.py:2396} INFO - Sync 1 DAGs
[2025-12-10 18:37:13,746] {logging_mixin.py:109} INFO - [2025-12-10 18:37:13,746] {dag.py:2935} INFO - Setting next_dagrun for example_short_circuit_operator to 2025-12-09T18:37:13.746099+00:00
[2025-12-10 18:37:13,755] {processor.py:171} INFO - Processing /home/airflow/.local/lib/python3.6/site-packages/airflow/example_dags/example_short_circuit_operator.py took 0.074 seconds
[2025-12-10 18:37:44,039] {processor.py:163} INFO - Started process (PID=1762) to work on /home/airflow/.local/lib/python3.6/site-packages/airflow/example_dags/example_short_circuit_operator.py
[2025-12-10 18:37:44,047] {processor.py:642} INFO - Processing file /home/airflow/.local/lib/python3.6/site-packages/airflow/example_dags/example_short_circuit_operator.py for tasks to queue
[2025-12-10 18:37:44,048] {logging_mixin.py:109} INFO - [2025-12-10 18:37:44,047] {dagbag.py:500} INFO - Filling up the DagBag from /home/airflow/.local/lib/python3.6/site-packages/airflow/example_dags/example_short_circuit_operator.py
[2025-12-10 18:37:44,074] {processor.py:654} INFO - DAG(s) dict_keys(['example_short_circuit_operator']) retrieved from /home/airflow/.local/lib/python3.6/site-packages/airflow/example_dags/example_short_circuit_operator.py
[2025-12-10 18:37:44,083] {logging_mixin.py:109} INFO - [2025-12-10 18:37:44,083] {dag.py:2396} INFO - Sync 1 DAGs
[2025-12-10 18:37:44,098] {logging_mixin.py:109} INFO - [2025-12-10 18:37:44,098] {dag.py:2935} INFO - Setting next_dagrun for example_short_circuit_operator to 2025-12-09T18:37:44.097864+00:00
[2025-12-10 18:37:44,105] {processor.py:171} INFO - Processing /home/airflow/.local/lib/python3.6/site-packages/airflow/example_dags/example_short_circuit_operator.py took 0.069 seconds
[2025-12-10 18:38:14,345] {processor.py:163} INFO - Started process (PID=1824) to work on /home/airflow/.local/lib/python3.6/site-packages/airflow/example_dags/example_short_circuit_operator.py
[2025-12-10 18:38:14,352] {processor.py:642} INFO - Processing file /home/airflow/.local/lib/python3.6/site-packages/airflow/example_dags/example_short_circuit_operator.py for tasks to queue
[2025-12-10 18:38:14,353] {logging_mixin.py:109} INFO - [2025-12-10 18:38:14,353] {dagbag.py:500} INFO - Filling up the DagBag from /home/airflow/.local/lib/python3.6/site-packages/airflow/example_dags/example_short_circuit_operator.py
[2025-12-10 18:38:14,380] {processor.py:654} INFO - DAG(s) dict_keys(['example_short_circuit_operator']) retrieved from /home/airflow/.local/lib/python3.6/site-packages/airflow/example_dags/example_short_circuit_operator.py
[2025-12-10 18:38:14,390] {logging_mixin.py:109} INFO - [2025-12-10 18:38:14,390] {dag.py:2396} INFO - Sync 1 DAGs
[2025-12-10 18:38:14,405] {logging_mixin.py:109} INFO - [2025-12-10 18:38:14,405] {dag.py:2935} INFO - Setting next_dagrun for example_short_circuit_operator to 2025-12-09T18:38:14.405277+00:00
[2025-12-10 18:38:14,415] {processor.py:171} INFO - Processing /home/airflow/.local/lib/python3.6/site-packages/airflow/example_dags/example_short_circuit_operator.py took 0.073 seconds
[2025-12-10 18:38:44,735] {processor.py:163} INFO - Started process (PID=1876) to work on /home/airflow/.local/lib/python3.6/site-packages/airflow/example_dags/example_short_circuit_operator.py
[2025-12-10 18:38:44,737] {processor.py:642} INFO - Processing file /home/airflow/.local/lib/python3.6/site-packages/airflow/example_dags/example_short_circuit_operator.py for tasks to queue
[2025-12-10 18:38:44,737] {logging_mixin.py:109} INFO - [2025-12-10 18:38:44,737] {dagbag.py:500} INFO - Filling up the DagBag from /home/airflow/.local/lib/python3.6/site-packages/airflow/example_dags/example_short_circuit_operator.py
[2025-12-10 18:38:44,764] {processor.py:654} INFO - DAG(s) dict_keys(['example_short_circuit_operator']) retrieved from /home/airflow/.local/lib/python3.6/site-packages/airflow/example_dags/example_short_circuit_operator.py
[2025-12-10 18:38:44,773] {logging_mixin.py:109} INFO - [2025-12-10 18:38:44,773] {dag.py:2396} INFO - Sync 1 DAGs
[2025-12-10 18:38:44,787] {logging_mixin.py:109} INFO - [2025-12-10 18:38:44,787] {dag.py:2935} INFO - Setting next_dagrun for example_short_circuit_operator to 2025-12-09T18:38:44.787608+00:00
[2025-12-10 18:38:44,795] {processor.py:171} INFO - Processing /home/airflow/.local/lib/python3.6/site-packages/airflow/example_dags/example_short_circuit_operator.py took 0.063 seconds
[2025-12-10 18:39:15,035] {processor.py:163} INFO - Started process (PID=1938) to work on /home/airflow/.local/lib/python3.6/site-packages/airflow/example_dags/example_short_circuit_operator.py
[2025-12-10 18:39:15,042] {processor.py:642} INFO - Processing file /home/airflow/.local/lib/python3.6/site-packages/airflow/example_dags/example_short_circuit_operator.py for tasks to queue
[2025-12-10 18:39:15,042] {logging_mixin.py:109} INFO - [2025-12-10 18:39:15,042] {dagbag.py:500} INFO - Filling up the DagBag from /home/airflow/.local/lib/python3.6/site-packages/airflow/example_dags/example_short_circuit_operator.py
[2025-12-10 18:39:15,071] {processor.py:654} INFO - DAG(s) dict_keys(['example_short_circuit_operator']) retrieved from /home/airflow/.local/lib/python3.6/site-packages/airflow/example_dags/example_short_circuit_operator.py
[2025-12-10 18:39:15,080] {logging_mixin.py:109} INFO - [2025-12-10 18:39:15,080] {dag.py:2396} INFO - Sync 1 DAGs
[2025-12-10 18:39:15,096] {logging_mixin.py:109} INFO - [2025-12-10 18:39:15,096] {dag.py:2935} INFO - Setting next_dagrun for example_short_circuit_operator to 2025-12-09T18:39:15.096047+00:00
[2025-12-10 18:39:15,105] {processor.py:171} INFO - Processing /home/airflow/.local/lib/python3.6/site-packages/airflow/example_dags/example_short_circuit_operator.py took 0.073 seconds
[2025-12-10 18:39:45,378] {processor.py:163} INFO - Started process (PID=1990) to work on /home/airflow/.local/lib/python3.6/site-packages/airflow/example_dags/example_short_circuit_operator.py
[2025-12-10 18:39:45,379] {processor.py:642} INFO - Processing file /home/airflow/.local/lib/python3.6/site-packages/airflow/example_dags/example_short_circuit_operator.py for tasks to queue
[2025-12-10 18:39:45,380] {logging_mixin.py:109} INFO - [2025-12-10 18:39:45,380] {dagbag.py:500} INFO - Filling up the DagBag from /home/airflow/.local/lib/python3.6/site-packages/airflow/example_dags/example_short_circuit_operator.py
[2025-12-10 18:39:45,409] {processor.py:654} INFO - DAG(s) dict_keys(['example_short_circuit_operator']) retrieved from /home/airflow/.local/lib/python3.6/site-packages/airflow/example_dags/example_short_circuit_operator.py
[2025-12-10 18:39:45,419] {logging_mixin.py:109} INFO - [2025-12-10 18:39:45,419] {dag.py:2396} INFO - Sync 1 DAGs
[2025-12-10 18:39:45,434] {logging_mixin.py:109} INFO - [2025-12-10 18:39:45,434] {dag.py:2935} INFO - Setting next_dagrun for example_short_circuit_operator to 2025-12-09T18:39:45.434073+00:00
[2025-12-10 18:39:45,442] {processor.py:171} INFO - Processing /home/airflow/.local/lib/python3.6/site-packages/airflow/example_dags/example_short_circuit_operator.py took 0.067 seconds
[2025-12-10 18:40:15,745] {processor.py:163} INFO - Started process (PID=2052) to work on /home/airflow/.local/lib/python3.6/site-packages/airflow/example_dags/example_short_circuit_operator.py
[2025-12-10 18:40:15,751] {processor.py:642} INFO - Processing file /home/airflow/.local/lib/python3.6/site-packages/airflow/example_dags/example_short_circuit_operator.py for tasks to queue
[2025-12-10 18:40:15,752] {logging_mixin.py:109} INFO - [2025-12-10 18:40:15,752] {dagbag.py:500} INFO - Filling up the DagBag from /home/airflow/.local/lib/python3.6/site-packages/airflow/example_dags/example_short_circuit_operator.py
[2025-12-10 18:40:15,782] {processor.py:654} INFO - DAG(s) dict_keys(['example_short_circuit_operator']) retrieved from /home/airflow/.local/lib/python3.6/site-packages/airflow/example_dags/example_short_circuit_operator.py
[2025-12-10 18:40:15,792] {logging_mixin.py:109} INFO - [2025-12-10 18:40:15,792] {dag.py:2396} INFO - Sync 1 DAGs
[2025-12-10 18:40:15,809] {logging_mixin.py:109} INFO - [2025-12-10 18:40:15,809] {dag.py:2935} INFO - Setting next_dagrun for example_short_circuit_operator to 2025-12-09T18:40:15.809323+00:00
[2025-12-10 18:40:15,817] {processor.py:171} INFO - Processing /home/airflow/.local/lib/python3.6/site-packages/airflow/example_dags/example_short_circuit_operator.py took 0.076 seconds
[2025-12-10 18:40:46,070] {processor.py:163} INFO - Started process (PID=2114) to work on /home/airflow/.local/lib/python3.6/site-packages/airflow/example_dags/example_short_circuit_operator.py
[2025-12-10 18:40:46,071] {processor.py:642} INFO - Processing file /home/airflow/.local/lib/python3.6/site-packages/airflow/example_dags/example_short_circuit_operator.py for tasks to queue
[2025-12-10 18:40:46,071] {logging_mixin.py:109} INFO - [2025-12-10 18:40:46,071] {dagbag.py:500} INFO - Filling up the DagBag from /home/airflow/.local/lib/python3.6/site-packages/airflow/example_dags/example_short_circuit_operator.py
[2025-12-10 18:40:46,098] {processor.py:654} INFO - DAG(s) dict_keys(['example_short_circuit_operator']) retrieved from /home/airflow/.local/lib/python3.6/site-packages/airflow/example_dags/example_short_circuit_operator.py
[2025-12-10 18:40:46,107] {logging_mixin.py:109} INFO - [2025-12-10 18:40:46,107] {dag.py:2396} INFO - Sync 1 DAGs
[2025-12-10 18:40:46,121] {logging_mixin.py:109} INFO - [2025-12-10 18:40:46,121] {dag.py:2935} INFO - Setting next_dagrun for example_short_circuit_operator to 2025-12-09T18:40:46.120881+00:00
[2025-12-10 18:40:46,128] {processor.py:171} INFO - Processing /home/airflow/.local/lib/python3.6/site-packages/airflow/example_dags/example_short_circuit_operator.py took 0.061 seconds
[2025-12-10 18:41:16,430] {processor.py:163} INFO - Started process (PID=2166) to work on /home/airflow/.local/lib/python3.6/site-packages/airflow/example_dags/example_short_circuit_operator.py
[2025-12-10 18:41:16,431] {processor.py:642} INFO - Processing file /home/airflow/.local/lib/python3.6/site-packages/airflow/example_dags/example_short_circuit_operator.py for tasks to queue
[2025-12-10 18:41:16,432] {logging_mixin.py:109} INFO - [2025-12-10 18:41:16,432] {dagbag.py:500} INFO - Filling up the DagBag from /home/airflow/.local/lib/python3.6/site-packages/airflow/example_dags/example_short_circuit_operator.py
[2025-12-10 18:41:16,466] {processor.py:654} INFO - DAG(s) dict_keys(['example_short_circuit_operator']) retrieved from /home/airflow/.local/lib/python3.6/site-packages/airflow/example_dags/example_short_circuit_operator.py
[2025-12-10 18:41:16,478] {logging_mixin.py:109} INFO - [2025-12-10 18:41:16,478] {dag.py:2396} INFO - Sync 1 DAGs
[2025-12-10 18:41:16,498] {logging_mixin.py:109} INFO - [2025-12-10 18:41:16,498] {dag.py:2935} INFO - Setting next_dagrun for example_short_circuit_operator to 2025-12-09T18:41:16.498356+00:00
[2025-12-10 18:41:16,520] {processor.py:171} INFO - Processing /home/airflow/.local/lib/python3.6/site-packages/airflow/example_dags/example_short_circuit_operator.py took 0.093 seconds
[2025-12-10 18:41:46,911] {processor.py:163} INFO - Started process (PID=2228) to work on /home/airflow/.local/lib/python3.6/site-packages/airflow/example_dags/example_short_circuit_operator.py
[2025-12-10 18:41:46,918] {processor.py:642} INFO - Processing file /home/airflow/.local/lib/python3.6/site-packages/airflow/example_dags/example_short_circuit_operator.py for tasks to queue
[2025-12-10 18:41:46,919] {logging_mixin.py:109} INFO - [2025-12-10 18:41:46,919] {dagbag.py:500} INFO - Filling up the DagBag from /home/airflow/.local/lib/python3.6/site-packages/airflow/example_dags/example_short_circuit_operator.py
[2025-12-10 18:41:46,949] {processor.py:654} INFO - DAG(s) dict_keys(['example_short_circuit_operator']) retrieved from /home/airflow/.local/lib/python3.6/site-packages/airflow/example_dags/example_short_circuit_operator.py
[2025-12-10 18:41:46,958] {logging_mixin.py:109} INFO - [2025-12-10 18:41:46,958] {dag.py:2396} INFO - Sync 1 DAGs
[2025-12-10 18:41:46,974] {logging_mixin.py:109} INFO - [2025-12-10 18:41:46,974] {dag.py:2935} INFO - Setting next_dagrun for example_short_circuit_operator to 2025-12-09T18:41:46.974152+00:00
[2025-12-10 18:41:46,984] {processor.py:171} INFO - Processing /home/airflow/.local/lib/python3.6/site-packages/airflow/example_dags/example_short_circuit_operator.py took 0.076 seconds
[2025-12-10 18:42:17,068] {processor.py:163} INFO - Started process (PID=2279) to work on /home/airflow/.local/lib/python3.6/site-packages/airflow/example_dags/example_short_circuit_operator.py
[2025-12-10 18:42:17,069] {processor.py:642} INFO - Processing file /home/airflow/.local/lib/python3.6/site-packages/airflow/example_dags/example_short_circuit_operator.py for tasks to queue
[2025-12-10 18:42:17,069] {logging_mixin.py:109} INFO - [2025-12-10 18:42:17,069] {dagbag.py:500} INFO - Filling up the DagBag from /home/airflow/.local/lib/python3.6/site-packages/airflow/example_dags/example_short_circuit_operator.py
[2025-12-10 18:42:17,100] {processor.py:654} INFO - DAG(s) dict_keys(['example_short_circuit_operator']) retrieved from /home/airflow/.local/lib/python3.6/site-packages/airflow/example_dags/example_short_circuit_operator.py
[2025-12-10 18:42:17,110] {logging_mixin.py:109} INFO - [2025-12-10 18:42:17,110] {dag.py:2396} INFO - Sync 1 DAGs
[2025-12-10 18:42:17,126] {logging_mixin.py:109} INFO - [2025-12-10 18:42:17,126] {dag.py:2935} INFO - Setting next_dagrun for example_short_circuit_operator to 2025-12-09T18:42:17.126616+00:00
[2025-12-10 18:42:17,137] {processor.py:171} INFO - Processing /home/airflow/.local/lib/python3.6/site-packages/airflow/example_dags/example_short_circuit_operator.py took 0.073 seconds
[2025-12-10 18:42:47,739] {processor.py:163} INFO - Started process (PID=2342) to work on /home/airflow/.local/lib/python3.6/site-packages/airflow/example_dags/example_short_circuit_operator.py
[2025-12-10 18:42:47,747] {processor.py:642} INFO - Processing file /home/airflow/.local/lib/python3.6/site-packages/airflow/example_dags/example_short_circuit_operator.py for tasks to queue
[2025-12-10 18:42:47,747] {logging_mixin.py:109} INFO - [2025-12-10 18:42:47,747] {dagbag.py:500} INFO - Filling up the DagBag from /home/airflow/.local/lib/python3.6/site-packages/airflow/example_dags/example_short_circuit_operator.py
[2025-12-10 18:42:47,777] {processor.py:654} INFO - DAG(s) dict_keys(['example_short_circuit_operator']) retrieved from /home/airflow/.local/lib/python3.6/site-packages/airflow/example_dags/example_short_circuit_operator.py
[2025-12-10 18:42:47,789] {logging_mixin.py:109} INFO - [2025-12-10 18:42:47,789] {dag.py:2396} INFO - Sync 1 DAGs
[2025-12-10 18:42:47,804] {logging_mixin.py:109} INFO - [2025-12-10 18:42:47,804] {dag.py:2935} INFO - Setting next_dagrun for example_short_circuit_operator to 2025-12-09T18:42:47.804476+00:00
[2025-12-10 18:42:47,812] {processor.py:171} INFO - Processing /home/airflow/.local/lib/python3.6/site-packages/airflow/example_dags/example_short_circuit_operator.py took 0.076 seconds
[2025-12-10 18:43:18,220] {processor.py:163} INFO - Started process (PID=2403) to work on /home/airflow/.local/lib/python3.6/site-packages/airflow/example_dags/example_short_circuit_operator.py
[2025-12-10 18:43:18,221] {processor.py:642} INFO - Processing file /home/airflow/.local/lib/python3.6/site-packages/airflow/example_dags/example_short_circuit_operator.py for tasks to queue
[2025-12-10 18:43:18,221] {logging_mixin.py:109} INFO - [2025-12-10 18:43:18,221] {dagbag.py:500} INFO - Filling up the DagBag from /home/airflow/.local/lib/python3.6/site-packages/airflow/example_dags/example_short_circuit_operator.py
[2025-12-10 18:43:18,257] {processor.py:654} INFO - DAG(s) dict_keys(['example_short_circuit_operator']) retrieved from /home/airflow/.local/lib/python3.6/site-packages/airflow/example_dags/example_short_circuit_operator.py
[2025-12-10 18:43:18,271] {logging_mixin.py:109} INFO - [2025-12-10 18:43:18,270] {dag.py:2396} INFO - Sync 1 DAGs
[2025-12-10 18:43:18,290] {logging_mixin.py:109} INFO - [2025-12-10 18:43:18,290] {dag.py:2935} INFO - Setting next_dagrun for example_short_circuit_operator to 2025-12-09T18:43:18.289660+00:00
[2025-12-10 18:43:18,308] {processor.py:171} INFO - Processing /home/airflow/.local/lib/python3.6/site-packages/airflow/example_dags/example_short_circuit_operator.py took 0.092 seconds
[2025-12-10 18:43:48,846] {processor.py:163} INFO - Started process (PID=2456) to work on /home/airflow/.local/lib/python3.6/site-packages/airflow/example_dags/example_short_circuit_operator.py
[2025-12-10 18:43:48,847] {processor.py:642} INFO - Processing file /home/airflow/.local/lib/python3.6/site-packages/airflow/example_dags/example_short_circuit_operator.py for tasks to queue
[2025-12-10 18:43:48,848] {logging_mixin.py:109} INFO - [2025-12-10 18:43:48,848] {dagbag.py:500} INFO - Filling up the DagBag from /home/airflow/.local/lib/python3.6/site-packages/airflow/example_dags/example_short_circuit_operator.py
[2025-12-10 18:43:48,876] {processor.py:654} INFO - DAG(s) dict_keys(['example_short_circuit_operator']) retrieved from /home/airflow/.local/lib/python3.6/site-packages/airflow/example_dags/example_short_circuit_operator.py
[2025-12-10 18:43:48,885] {logging_mixin.py:109} INFO - [2025-12-10 18:43:48,885] {dag.py:2396} INFO - Sync 1 DAGs
[2025-12-10 18:43:48,899] {logging_mixin.py:109} INFO - [2025-12-10 18:43:48,899] {dag.py:2935} INFO - Setting next_dagrun for example_short_circuit_operator to 2025-12-09T18:43:48.899533+00:00
[2025-12-10 18:43:48,906] {processor.py:171} INFO - Processing /home/airflow/.local/lib/python3.6/site-packages/airflow/example_dags/example_short_circuit_operator.py took 0.064 seconds
[2025-12-10 18:44:18,963] {processor.py:163} INFO - Started process (PID=2517) to work on /home/airflow/.local/lib/python3.6/site-packages/airflow/example_dags/example_short_circuit_operator.py
[2025-12-10 18:44:18,964] {processor.py:642} INFO - Processing file /home/airflow/.local/lib/python3.6/site-packages/airflow/example_dags/example_short_circuit_operator.py for tasks to queue
[2025-12-10 18:44:18,964] {logging_mixin.py:109} INFO - [2025-12-10 18:44:18,964] {dagbag.py:500} INFO - Filling up the DagBag from /home/airflow/.local/lib/python3.6/site-packages/airflow/example_dags/example_short_circuit_operator.py
[2025-12-10 18:44:18,992] {processor.py:654} INFO - DAG(s) dict_keys(['example_short_circuit_operator']) retrieved from /home/airflow/.local/lib/python3.6/site-packages/airflow/example_dags/example_short_circuit_operator.py
[2025-12-10 18:44:19,001] {logging_mixin.py:109} INFO - [2025-12-10 18:44:19,001] {dag.py:2396} INFO - Sync 1 DAGs
[2025-12-10 18:44:19,017] {logging_mixin.py:109} INFO - [2025-12-10 18:44:19,017] {dag.py:2935} INFO - Setting next_dagrun for example_short_circuit_operator to 2025-12-09T18:44:19.017479+00:00
[2025-12-10 18:44:19,025] {processor.py:171} INFO - Processing /home/airflow/.local/lib/python3.6/site-packages/airflow/example_dags/example_short_circuit_operator.py took 0.065 seconds
[2025-12-10 18:46:29,516] {processor.py:163} INFO - Started process (PID=55) to work on /home/airflow/.local/lib/python3.6/site-packages/airflow/example_dags/example_short_circuit_operator.py
[2025-12-10 18:46:29,524] {processor.py:642} INFO - Processing file /home/airflow/.local/lib/python3.6/site-packages/airflow/example_dags/example_short_circuit_operator.py for tasks to queue
[2025-12-10 18:46:29,525] {logging_mixin.py:109} INFO - [2025-12-10 18:46:29,525] {dagbag.py:500} INFO - Filling up the DagBag from /home/airflow/.local/lib/python3.6/site-packages/airflow/example_dags/example_short_circuit_operator.py
[2025-12-10 18:46:29,575] {processor.py:654} INFO - DAG(s) dict_keys(['example_short_circuit_operator']) retrieved from /home/airflow/.local/lib/python3.6/site-packages/airflow/example_dags/example_short_circuit_operator.py
[2025-12-10 18:46:29,588] {logging_mixin.py:109} INFO - [2025-12-10 18:46:29,588] {dag.py:2396} INFO - Sync 1 DAGs
[2025-12-10 18:46:29,608] {logging_mixin.py:109} INFO - [2025-12-10 18:46:29,607] {dag.py:2935} INFO - Setting next_dagrun for example_short_circuit_operator to 2025-12-09T18:46:29.607473+00:00
[2025-12-10 18:46:29,619] {processor.py:171} INFO - Processing /home/airflow/.local/lib/python3.6/site-packages/airflow/example_dags/example_short_circuit_operator.py took 0.109 seconds
[2025-12-10 18:47:00,800] {processor.py:163} INFO - Started process (PID=107) to work on /home/airflow/.local/lib/python3.6/site-packages/airflow/example_dags/example_short_circuit_operator.py
[2025-12-10 18:47:00,803] {processor.py:642} INFO - Processing file /home/airflow/.local/lib/python3.6/site-packages/airflow/example_dags/example_short_circuit_operator.py for tasks to queue
[2025-12-10 18:47:00,805] {logging_mixin.py:109} INFO - [2025-12-10 18:47:00,804] {dagbag.py:500} INFO - Filling up the DagBag from /home/airflow/.local/lib/python3.6/site-packages/airflow/example_dags/example_short_circuit_operator.py
[2025-12-10 18:47:00,851] {processor.py:654} INFO - DAG(s) dict_keys(['example_short_circuit_operator']) retrieved from /home/airflow/.local/lib/python3.6/site-packages/airflow/example_dags/example_short_circuit_operator.py
[2025-12-10 18:47:00,877] {logging_mixin.py:109} INFO - [2025-12-10 18:47:00,877] {dag.py:2396} INFO - Sync 1 DAGs
[2025-12-10 18:47:00,913] {logging_mixin.py:109} INFO - [2025-12-10 18:47:00,912] {dag.py:2935} INFO - Setting next_dagrun for example_short_circuit_operator to 2025-12-09T18:47:00.912413+00:00
[2025-12-10 18:47:00,941] {processor.py:171} INFO - Processing /home/airflow/.local/lib/python3.6/site-packages/airflow/example_dags/example_short_circuit_operator.py took 0.148 seconds
[2025-12-10 18:47:31,046] {processor.py:163} INFO - Started process (PID=159) to work on /home/airflow/.local/lib/python3.6/site-packages/airflow/example_dags/example_short_circuit_operator.py
[2025-12-10 18:47:31,048] {processor.py:642} INFO - Processing file /home/airflow/.local/lib/python3.6/site-packages/airflow/example_dags/example_short_circuit_operator.py for tasks to queue
[2025-12-10 18:47:31,049] {logging_mixin.py:109} INFO - [2025-12-10 18:47:31,049] {dagbag.py:500} INFO - Filling up the DagBag from /home/airflow/.local/lib/python3.6/site-packages/airflow/example_dags/example_short_circuit_operator.py
[2025-12-10 18:47:31,086] {processor.py:654} INFO - DAG(s) dict_keys(['example_short_circuit_operator']) retrieved from /home/airflow/.local/lib/python3.6/site-packages/airflow/example_dags/example_short_circuit_operator.py
[2025-12-10 18:47:31,099] {logging_mixin.py:109} INFO - [2025-12-10 18:47:31,099] {dag.py:2396} INFO - Sync 1 DAGs
[2025-12-10 18:47:31,122] {logging_mixin.py:109} INFO - [2025-12-10 18:47:31,122] {dag.py:2935} INFO - Setting next_dagrun for example_short_circuit_operator to 2025-12-09T18:47:31.121813+00:00
[2025-12-10 18:47:31,140] {processor.py:171} INFO - Processing /home/airflow/.local/lib/python3.6/site-packages/airflow/example_dags/example_short_circuit_operator.py took 0.098 seconds
[2025-12-10 18:48:01,578] {processor.py:163} INFO - Started process (PID=221) to work on /home/airflow/.local/lib/python3.6/site-packages/airflow/example_dags/example_short_circuit_operator.py
[2025-12-10 18:48:01,580] {processor.py:642} INFO - Processing file /home/airflow/.local/lib/python3.6/site-packages/airflow/example_dags/example_short_circuit_operator.py for tasks to queue
[2025-12-10 18:48:01,580] {logging_mixin.py:109} INFO - [2025-12-10 18:48:01,580] {dagbag.py:500} INFO - Filling up the DagBag from /home/airflow/.local/lib/python3.6/site-packages/airflow/example_dags/example_short_circuit_operator.py
[2025-12-10 18:48:01,614] {processor.py:654} INFO - DAG(s) dict_keys(['example_short_circuit_operator']) retrieved from /home/airflow/.local/lib/python3.6/site-packages/airflow/example_dags/example_short_circuit_operator.py
[2025-12-10 18:48:01,624] {logging_mixin.py:109} INFO - [2025-12-10 18:48:01,624] {dag.py:2396} INFO - Sync 1 DAGs
[2025-12-10 18:48:01,640] {logging_mixin.py:109} INFO - [2025-12-10 18:48:01,640] {dag.py:2935} INFO - Setting next_dagrun for example_short_circuit_operator to 2025-12-09T18:48:01.639728+00:00
[2025-12-10 18:48:01,648] {processor.py:171} INFO - Processing /home/airflow/.local/lib/python3.6/site-packages/airflow/example_dags/example_short_circuit_operator.py took 0.074 seconds
[2025-12-10 18:48:32,474] {processor.py:163} INFO - Started process (PID=273) to work on /home/airflow/.local/lib/python3.6/site-packages/airflow/example_dags/example_short_circuit_operator.py
[2025-12-10 18:48:32,475] {processor.py:642} INFO - Processing file /home/airflow/.local/lib/python3.6/site-packages/airflow/example_dags/example_short_circuit_operator.py for tasks to queue
[2025-12-10 18:48:32,476] {logging_mixin.py:109} INFO - [2025-12-10 18:48:32,476] {dagbag.py:500} INFO - Filling up the DagBag from /home/airflow/.local/lib/python3.6/site-packages/airflow/example_dags/example_short_circuit_operator.py
[2025-12-10 18:48:32,507] {processor.py:654} INFO - DAG(s) dict_keys(['example_short_circuit_operator']) retrieved from /home/airflow/.local/lib/python3.6/site-packages/airflow/example_dags/example_short_circuit_operator.py
[2025-12-10 18:48:32,518] {logging_mixin.py:109} INFO - [2025-12-10 18:48:32,518] {dag.py:2396} INFO - Sync 1 DAGs
[2025-12-10 18:48:32,536] {logging_mixin.py:109} INFO - [2025-12-10 18:48:32,535] {dag.py:2935} INFO - Setting next_dagrun for example_short_circuit_operator to 2025-12-09T18:48:32.535540+00:00
[2025-12-10 18:48:32,544] {processor.py:171} INFO - Processing /home/airflow/.local/lib/python3.6/site-packages/airflow/example_dags/example_short_circuit_operator.py took 0.074 seconds
[2025-12-10 18:49:02,693] {processor.py:163} INFO - Started process (PID=336) to work on /home/airflow/.local/lib/python3.6/site-packages/airflow/example_dags/example_short_circuit_operator.py
[2025-12-10 18:49:02,694] {processor.py:642} INFO - Processing file /home/airflow/.local/lib/python3.6/site-packages/airflow/example_dags/example_short_circuit_operator.py for tasks to queue
[2025-12-10 18:49:02,695] {logging_mixin.py:109} INFO - [2025-12-10 18:49:02,695] {dagbag.py:500} INFO - Filling up the DagBag from /home/airflow/.local/lib/python3.6/site-packages/airflow/example_dags/example_short_circuit_operator.py
[2025-12-10 18:49:02,732] {processor.py:654} INFO - DAG(s) dict_keys(['example_short_circuit_operator']) retrieved from /home/airflow/.local/lib/python3.6/site-packages/airflow/example_dags/example_short_circuit_operator.py
[2025-12-10 18:49:02,746] {logging_mixin.py:109} INFO - [2025-12-10 18:49:02,746] {dag.py:2396} INFO - Sync 1 DAGs
[2025-12-10 18:49:02,763] {logging_mixin.py:109} INFO - [2025-12-10 18:49:02,763] {dag.py:2935} INFO - Setting next_dagrun for example_short_circuit_operator to 2025-12-09T18:49:02.763461+00:00
[2025-12-10 18:49:02,772] {processor.py:171} INFO - Processing /home/airflow/.local/lib/python3.6/site-packages/airflow/example_dags/example_short_circuit_operator.py took 0.084 seconds
[2025-12-10 18:49:32,992] {processor.py:163} INFO - Started process (PID=388) to work on /home/airflow/.local/lib/python3.6/site-packages/airflow/example_dags/example_short_circuit_operator.py
[2025-12-10 18:49:32,993] {processor.py:642} INFO - Processing file /home/airflow/.local/lib/python3.6/site-packages/airflow/example_dags/example_short_circuit_operator.py for tasks to queue
[2025-12-10 18:49:32,994] {logging_mixin.py:109} INFO - [2025-12-10 18:49:32,994] {dagbag.py:500} INFO - Filling up the DagBag from /home/airflow/.local/lib/python3.6/site-packages/airflow/example_dags/example_short_circuit_operator.py
[2025-12-10 18:49:33,019] {processor.py:654} INFO - DAG(s) dict_keys(['example_short_circuit_operator']) retrieved from /home/airflow/.local/lib/python3.6/site-packages/airflow/example_dags/example_short_circuit_operator.py
[2025-12-10 18:49:33,027] {logging_mixin.py:109} INFO - [2025-12-10 18:49:33,027] {dag.py:2396} INFO - Sync 1 DAGs
[2025-12-10 18:49:33,041] {logging_mixin.py:109} INFO - [2025-12-10 18:49:33,041] {dag.py:2935} INFO - Setting next_dagrun for example_short_circuit_operator to 2025-12-09T18:49:33.041056+00:00
[2025-12-10 18:49:33,048] {processor.py:171} INFO - Processing /home/airflow/.local/lib/python3.6/site-packages/airflow/example_dags/example_short_circuit_operator.py took 0.059 seconds
[2025-12-10 18:50:03,217] {processor.py:163} INFO - Started process (PID=450) to work on /home/airflow/.local/lib/python3.6/site-packages/airflow/example_dags/example_short_circuit_operator.py
[2025-12-10 18:50:03,218] {processor.py:642} INFO - Processing file /home/airflow/.local/lib/python3.6/site-packages/airflow/example_dags/example_short_circuit_operator.py for tasks to queue
[2025-12-10 18:50:03,218] {logging_mixin.py:109} INFO - [2025-12-10 18:50:03,218] {dagbag.py:500} INFO - Filling up the DagBag from /home/airflow/.local/lib/python3.6/site-packages/airflow/example_dags/example_short_circuit_operator.py
[2025-12-10 18:50:03,244] {processor.py:654} INFO - DAG(s) dict_keys(['example_short_circuit_operator']) retrieved from /home/airflow/.local/lib/python3.6/site-packages/airflow/example_dags/example_short_circuit_operator.py
[2025-12-10 18:50:03,253] {logging_mixin.py:109} INFO - [2025-12-10 18:50:03,253] {dag.py:2396} INFO - Sync 1 DAGs
[2025-12-10 18:50:03,266] {logging_mixin.py:109} INFO - [2025-12-10 18:50:03,266] {dag.py:2935} INFO - Setting next_dagrun for example_short_circuit_operator to 2025-12-09T18:50:03.266637+00:00
[2025-12-10 18:50:03,273] {processor.py:171} INFO - Processing /home/airflow/.local/lib/python3.6/site-packages/airflow/example_dags/example_short_circuit_operator.py took 0.059 seconds
[2025-12-10 18:51:26,849] {processor.py:163} INFO - Started process (PID=209) to work on /home/airflow/.local/lib/python3.6/site-packages/airflow/example_dags/example_short_circuit_operator.py
[2025-12-10 18:51:26,851] {processor.py:642} INFO - Processing file /home/airflow/.local/lib/python3.6/site-packages/airflow/example_dags/example_short_circuit_operator.py for tasks to queue
[2025-12-10 18:51:26,851] {logging_mixin.py:109} INFO - [2025-12-10 18:51:26,851] {dagbag.py:500} INFO - Filling up the DagBag from /home/airflow/.local/lib/python3.6/site-packages/airflow/example_dags/example_short_circuit_operator.py
[2025-12-10 18:51:26,882] {processor.py:654} INFO - DAG(s) dict_keys(['example_short_circuit_operator']) retrieved from /home/airflow/.local/lib/python3.6/site-packages/airflow/example_dags/example_short_circuit_operator.py
[2025-12-10 18:51:28,676] {logging_mixin.py:109} INFO - [2025-12-10 18:51:28,676] {manager.py:496} INFO - Created Permission View: can read on DAG:example_short_circuit_operator
[2025-12-10 18:51:28,682] {logging_mixin.py:109} INFO - [2025-12-10 18:51:28,682] {manager.py:496} INFO - Created Permission View: can edit on DAG:example_short_circuit_operator
[2025-12-10 18:51:28,683] {logging_mixin.py:109} INFO - [2025-12-10 18:51:28,683] {dag.py:2396} INFO - Sync 1 DAGs
[2025-12-10 18:51:28,690] {logging_mixin.py:109} INFO - [2025-12-10 18:51:28,690] {dag.py:2415} INFO - Creating ORM DAG for example_short_circuit_operator
[2025-12-10 18:51:28,695] {logging_mixin.py:109} INFO - [2025-12-10 18:51:28,695] {dag.py:2935} INFO - Setting next_dagrun for example_short_circuit_operator to 2025-12-09T18:51:28.695571+00:00
[2025-12-10 18:51:28,703] {processor.py:171} INFO - Processing /home/airflow/.local/lib/python3.6/site-packages/airflow/example_dags/example_short_circuit_operator.py took 1.858 seconds
[2025-12-10 18:51:59,023] {processor.py:163} INFO - Started process (PID=487) to work on /home/airflow/.local/lib/python3.6/site-packages/airflow/example_dags/example_short_circuit_operator.py
[2025-12-10 18:51:59,034] {processor.py:642} INFO - Processing file /home/airflow/.local/lib/python3.6/site-packages/airflow/example_dags/example_short_circuit_operator.py for tasks to queue
[2025-12-10 18:51:59,034] {logging_mixin.py:109} INFO - [2025-12-10 18:51:59,034] {dagbag.py:500} INFO - Filling up the DagBag from /home/airflow/.local/lib/python3.6/site-packages/airflow/example_dags/example_short_circuit_operator.py
[2025-12-10 18:51:59,062] {processor.py:654} INFO - DAG(s) dict_keys(['example_short_circuit_operator']) retrieved from /home/airflow/.local/lib/python3.6/site-packages/airflow/example_dags/example_short_circuit_operator.py
[2025-12-10 18:51:59,072] {logging_mixin.py:109} INFO - [2025-12-10 18:51:59,072] {dag.py:2396} INFO - Sync 1 DAGs
[2025-12-10 18:51:59,089] {logging_mixin.py:109} INFO - [2025-12-10 18:51:59,089] {dag.py:2935} INFO - Setting next_dagrun for example_short_circuit_operator to 2025-12-09T18:51:59.089258+00:00
[2025-12-10 18:51:59,097] {processor.py:171} INFO - Processing /home/airflow/.local/lib/python3.6/site-packages/airflow/example_dags/example_short_circuit_operator.py took 0.081 seconds
