[2025-12-10 18:26:19,758] {processor.py:163} INFO - Started process (PID=438) to work on /home/airflow/.local/lib/python3.6/site-packages/airflow/example_dags/example_sla_dag.py
[2025-12-10 18:26:19,760] {processor.py:642} INFO - Processing file /home/airflow/.local/lib/python3.6/site-packages/airflow/example_dags/example_sla_dag.py for tasks to queue
[2025-12-10 18:26:19,760] {logging_mixin.py:109} INFO - [2025-12-10 18:26:19,760] {dagbag.py:500} INFO - Filling up the DagBag from /home/airflow/.local/lib/python3.6/site-packages/airflow/example_dags/example_sla_dag.py
[2025-12-10 18:26:19,809] {processor.py:654} INFO - DAG(s) dict_keys(['example_sla_dag']) retrieved from /home/airflow/.local/lib/python3.6/site-packages/airflow/example_dags/example_sla_dag.py
[2025-12-10 18:26:21,889] {logging_mixin.py:109} INFO - [2025-12-10 18:26:21,889] {manager.py:496} INFO - Created Permission View: can edit on DAG:example_sla_dag
[2025-12-10 18:26:21,903] {logging_mixin.py:109} INFO - [2025-12-10 18:26:21,903] {manager.py:496} INFO - Created Permission View: can read on DAG:example_sla_dag
[2025-12-10 18:26:21,904] {logging_mixin.py:109} INFO - [2025-12-10 18:26:21,903] {dag.py:2396} INFO - Sync 1 DAGs
[2025-12-10 18:26:21,917] {logging_mixin.py:109} INFO - [2025-12-10 18:26:21,914] {dag.py:2415} INFO - Creating ORM DAG for example_sla_dag
[2025-12-10 18:26:21,926] {logging_mixin.py:109} INFO - [2025-12-10 18:26:21,926] {dag.py:2935} INFO - Setting next_dagrun for example_sla_dag to 2025-12-10T18:24:00+00:00
[2025-12-10 18:26:21,940] {processor.py:171} INFO - Processing /home/airflow/.local/lib/python3.6/site-packages/airflow/example_dags/example_sla_dag.py took 2.187 seconds
[2025-12-10 18:26:51,985] {processor.py:163} INFO - Started process (PID=516) to work on /home/airflow/.local/lib/python3.6/site-packages/airflow/example_dags/example_sla_dag.py
[2025-12-10 18:26:51,986] {processor.py:642} INFO - Processing file /home/airflow/.local/lib/python3.6/site-packages/airflow/example_dags/example_sla_dag.py for tasks to queue
[2025-12-10 18:26:51,987] {logging_mixin.py:109} INFO - [2025-12-10 18:26:51,987] {dagbag.py:500} INFO - Filling up the DagBag from /home/airflow/.local/lib/python3.6/site-packages/airflow/example_dags/example_sla_dag.py
[2025-12-10 18:26:52,015] {processor.py:654} INFO - DAG(s) dict_keys(['example_sla_dag']) retrieved from /home/airflow/.local/lib/python3.6/site-packages/airflow/example_dags/example_sla_dag.py
[2025-12-10 18:26:52,023] {logging_mixin.py:109} INFO - [2025-12-10 18:26:52,023] {dag.py:2396} INFO - Sync 1 DAGs
[2025-12-10 18:26:52,037] {logging_mixin.py:109} INFO - [2025-12-10 18:26:52,037] {dag.py:2935} INFO - Setting next_dagrun for example_sla_dag to 2025-12-10T18:24:00+00:00
[2025-12-10 18:26:52,044] {processor.py:171} INFO - Processing /home/airflow/.local/lib/python3.6/site-packages/airflow/example_dags/example_sla_dag.py took 0.062 seconds
[2025-12-10 18:27:22,375] {processor.py:163} INFO - Started process (PID=577) to work on /home/airflow/.local/lib/python3.6/site-packages/airflow/example_dags/example_sla_dag.py
[2025-12-10 18:27:22,377] {processor.py:642} INFO - Processing file /home/airflow/.local/lib/python3.6/site-packages/airflow/example_dags/example_sla_dag.py for tasks to queue
[2025-12-10 18:27:22,378] {logging_mixin.py:109} INFO - [2025-12-10 18:27:22,377] {dagbag.py:500} INFO - Filling up the DagBag from /home/airflow/.local/lib/python3.6/site-packages/airflow/example_dags/example_sla_dag.py
[2025-12-10 18:27:22,416] {processor.py:654} INFO - DAG(s) dict_keys(['example_sla_dag']) retrieved from /home/airflow/.local/lib/python3.6/site-packages/airflow/example_dags/example_sla_dag.py
[2025-12-10 18:27:22,425] {logging_mixin.py:109} INFO - [2025-12-10 18:27:22,425] {dag.py:2396} INFO - Sync 1 DAGs
[2025-12-10 18:27:22,442] {logging_mixin.py:109} INFO - [2025-12-10 18:27:22,442] {dag.py:2935} INFO - Setting next_dagrun for example_sla_dag to 2025-12-10T18:24:00+00:00
[2025-12-10 18:27:22,451] {processor.py:171} INFO - Processing /home/airflow/.local/lib/python3.6/site-packages/airflow/example_dags/example_sla_dag.py took 0.080 seconds
[2025-12-10 18:27:52,985] {processor.py:163} INFO - Started process (PID=629) to work on /home/airflow/.local/lib/python3.6/site-packages/airflow/example_dags/example_sla_dag.py
[2025-12-10 18:27:52,986] {processor.py:642} INFO - Processing file /home/airflow/.local/lib/python3.6/site-packages/airflow/example_dags/example_sla_dag.py for tasks to queue
[2025-12-10 18:27:52,987] {logging_mixin.py:109} INFO - [2025-12-10 18:27:52,986] {dagbag.py:500} INFO - Filling up the DagBag from /home/airflow/.local/lib/python3.6/site-packages/airflow/example_dags/example_sla_dag.py
[2025-12-10 18:27:53,015] {processor.py:654} INFO - DAG(s) dict_keys(['example_sla_dag']) retrieved from /home/airflow/.local/lib/python3.6/site-packages/airflow/example_dags/example_sla_dag.py
[2025-12-10 18:27:53,023] {logging_mixin.py:109} INFO - [2025-12-10 18:27:53,023] {dag.py:2396} INFO - Sync 1 DAGs
[2025-12-10 18:27:53,038] {logging_mixin.py:109} INFO - [2025-12-10 18:27:53,038] {dag.py:2935} INFO - Setting next_dagrun for example_sla_dag to 2025-12-10T18:24:00+00:00
[2025-12-10 18:27:53,045] {processor.py:171} INFO - Processing /home/airflow/.local/lib/python3.6/site-packages/airflow/example_dags/example_sla_dag.py took 0.064 seconds
[2025-12-10 18:28:23,098] {processor.py:163} INFO - Started process (PID=691) to work on /home/airflow/.local/lib/python3.6/site-packages/airflow/example_dags/example_sla_dag.py
[2025-12-10 18:28:23,099] {processor.py:642} INFO - Processing file /home/airflow/.local/lib/python3.6/site-packages/airflow/example_dags/example_sla_dag.py for tasks to queue
[2025-12-10 18:28:23,099] {logging_mixin.py:109} INFO - [2025-12-10 18:28:23,099] {dagbag.py:500} INFO - Filling up the DagBag from /home/airflow/.local/lib/python3.6/site-packages/airflow/example_dags/example_sla_dag.py
[2025-12-10 18:28:23,128] {processor.py:654} INFO - DAG(s) dict_keys(['example_sla_dag']) retrieved from /home/airflow/.local/lib/python3.6/site-packages/airflow/example_dags/example_sla_dag.py
[2025-12-10 18:28:23,136] {logging_mixin.py:109} INFO - [2025-12-10 18:28:23,136] {dag.py:2396} INFO - Sync 1 DAGs
[2025-12-10 18:28:23,151] {logging_mixin.py:109} INFO - [2025-12-10 18:28:23,151] {dag.py:2935} INFO - Setting next_dagrun for example_sla_dag to 2025-12-10T18:26:00+00:00
[2025-12-10 18:28:23,158] {processor.py:171} INFO - Processing /home/airflow/.local/lib/python3.6/site-packages/airflow/example_dags/example_sla_dag.py took 0.064 seconds
[2025-12-10 18:28:53,314] {processor.py:163} INFO - Started process (PID=752) to work on /home/airflow/.local/lib/python3.6/site-packages/airflow/example_dags/example_sla_dag.py
[2025-12-10 18:28:53,315] {processor.py:642} INFO - Processing file /home/airflow/.local/lib/python3.6/site-packages/airflow/example_dags/example_sla_dag.py for tasks to queue
[2025-12-10 18:28:53,315] {logging_mixin.py:109} INFO - [2025-12-10 18:28:53,315] {dagbag.py:500} INFO - Filling up the DagBag from /home/airflow/.local/lib/python3.6/site-packages/airflow/example_dags/example_sla_dag.py
[2025-12-10 18:28:53,344] {processor.py:654} INFO - DAG(s) dict_keys(['example_sla_dag']) retrieved from /home/airflow/.local/lib/python3.6/site-packages/airflow/example_dags/example_sla_dag.py
[2025-12-10 18:28:53,353] {logging_mixin.py:109} INFO - [2025-12-10 18:28:53,353] {dag.py:2396} INFO - Sync 1 DAGs
[2025-12-10 18:28:53,370] {logging_mixin.py:109} INFO - [2025-12-10 18:28:53,370] {dag.py:2935} INFO - Setting next_dagrun for example_sla_dag to 2025-12-10T18:26:00+00:00
[2025-12-10 18:28:53,378] {processor.py:171} INFO - Processing /home/airflow/.local/lib/python3.6/site-packages/airflow/example_dags/example_sla_dag.py took 0.067 seconds
[2025-12-10 18:29:23,745] {processor.py:163} INFO - Started process (PID=805) to work on /home/airflow/.local/lib/python3.6/site-packages/airflow/example_dags/example_sla_dag.py
[2025-12-10 18:29:23,746] {processor.py:642} INFO - Processing file /home/airflow/.local/lib/python3.6/site-packages/airflow/example_dags/example_sla_dag.py for tasks to queue
[2025-12-10 18:29:23,747] {logging_mixin.py:109} INFO - [2025-12-10 18:29:23,746] {dagbag.py:500} INFO - Filling up the DagBag from /home/airflow/.local/lib/python3.6/site-packages/airflow/example_dags/example_sla_dag.py
[2025-12-10 18:29:23,775] {processor.py:654} INFO - DAG(s) dict_keys(['example_sla_dag']) retrieved from /home/airflow/.local/lib/python3.6/site-packages/airflow/example_dags/example_sla_dag.py
[2025-12-10 18:29:23,783] {logging_mixin.py:109} INFO - [2025-12-10 18:29:23,783] {dag.py:2396} INFO - Sync 1 DAGs
[2025-12-10 18:29:23,799] {logging_mixin.py:109} INFO - [2025-12-10 18:29:23,799] {dag.py:2935} INFO - Setting next_dagrun for example_sla_dag to 2025-12-10T18:26:00+00:00
[2025-12-10 18:29:23,805] {processor.py:171} INFO - Processing /home/airflow/.local/lib/python3.6/site-packages/airflow/example_dags/example_sla_dag.py took 0.064 seconds
[2025-12-10 18:29:54,266] {processor.py:163} INFO - Started process (PID=867) to work on /home/airflow/.local/lib/python3.6/site-packages/airflow/example_dags/example_sla_dag.py
[2025-12-10 18:29:54,267] {processor.py:642} INFO - Processing file /home/airflow/.local/lib/python3.6/site-packages/airflow/example_dags/example_sla_dag.py for tasks to queue
[2025-12-10 18:29:54,267] {logging_mixin.py:109} INFO - [2025-12-10 18:29:54,267] {dagbag.py:500} INFO - Filling up the DagBag from /home/airflow/.local/lib/python3.6/site-packages/airflow/example_dags/example_sla_dag.py
[2025-12-10 18:29:54,295] {processor.py:654} INFO - DAG(s) dict_keys(['example_sla_dag']) retrieved from /home/airflow/.local/lib/python3.6/site-packages/airflow/example_dags/example_sla_dag.py
[2025-12-10 18:29:54,304] {logging_mixin.py:109} INFO - [2025-12-10 18:29:54,304] {dag.py:2396} INFO - Sync 1 DAGs
[2025-12-10 18:29:54,318] {logging_mixin.py:109} INFO - [2025-12-10 18:29:54,318] {dag.py:2935} INFO - Setting next_dagrun for example_sla_dag to 2025-12-10T18:26:00+00:00
[2025-12-10 18:29:54,324] {processor.py:171} INFO - Processing /home/airflow/.local/lib/python3.6/site-packages/airflow/example_dags/example_sla_dag.py took 0.062 seconds
[2025-12-10 18:30:24,673] {processor.py:163} INFO - Started process (PID=919) to work on /home/airflow/.local/lib/python3.6/site-packages/airflow/example_dags/example_sla_dag.py
[2025-12-10 18:30:24,675] {processor.py:642} INFO - Processing file /home/airflow/.local/lib/python3.6/site-packages/airflow/example_dags/example_sla_dag.py for tasks to queue
[2025-12-10 18:30:24,675] {logging_mixin.py:109} INFO - [2025-12-10 18:30:24,675] {dagbag.py:500} INFO - Filling up the DagBag from /home/airflow/.local/lib/python3.6/site-packages/airflow/example_dags/example_sla_dag.py
[2025-12-10 18:30:24,704] {processor.py:654} INFO - DAG(s) dict_keys(['example_sla_dag']) retrieved from /home/airflow/.local/lib/python3.6/site-packages/airflow/example_dags/example_sla_dag.py
[2025-12-10 18:30:24,714] {logging_mixin.py:109} INFO - [2025-12-10 18:30:24,714] {dag.py:2396} INFO - Sync 1 DAGs
[2025-12-10 18:30:24,730] {logging_mixin.py:109} INFO - [2025-12-10 18:30:24,730] {dag.py:2935} INFO - Setting next_dagrun for example_sla_dag to 2025-12-10T18:28:00+00:00
[2025-12-10 18:30:24,737] {processor.py:171} INFO - Processing /home/airflow/.local/lib/python3.6/site-packages/airflow/example_dags/example_sla_dag.py took 0.068 seconds
[2025-12-10 18:30:55,113] {processor.py:163} INFO - Started process (PID=981) to work on /home/airflow/.local/lib/python3.6/site-packages/airflow/example_dags/example_sla_dag.py
[2025-12-10 18:30:55,115] {processor.py:642} INFO - Processing file /home/airflow/.local/lib/python3.6/site-packages/airflow/example_dags/example_sla_dag.py for tasks to queue
[2025-12-10 18:30:55,115] {logging_mixin.py:109} INFO - [2025-12-10 18:30:55,115] {dagbag.py:500} INFO - Filling up the DagBag from /home/airflow/.local/lib/python3.6/site-packages/airflow/example_dags/example_sla_dag.py
[2025-12-10 18:30:55,144] {processor.py:654} INFO - DAG(s) dict_keys(['example_sla_dag']) retrieved from /home/airflow/.local/lib/python3.6/site-packages/airflow/example_dags/example_sla_dag.py
[2025-12-10 18:30:55,152] {logging_mixin.py:109} INFO - [2025-12-10 18:30:55,151] {dag.py:2396} INFO - Sync 1 DAGs
[2025-12-10 18:30:55,166] {logging_mixin.py:109} INFO - [2025-12-10 18:30:55,166] {dag.py:2935} INFO - Setting next_dagrun for example_sla_dag to 2025-12-10T18:28:00+00:00
[2025-12-10 18:30:55,172] {processor.py:171} INFO - Processing /home/airflow/.local/lib/python3.6/site-packages/airflow/example_dags/example_sla_dag.py took 0.062 seconds
[2025-12-10 18:31:25,411] {processor.py:163} INFO - Started process (PID=1043) to work on /home/airflow/.local/lib/python3.6/site-packages/airflow/example_dags/example_sla_dag.py
[2025-12-10 18:31:25,413] {processor.py:642} INFO - Processing file /home/airflow/.local/lib/python3.6/site-packages/airflow/example_dags/example_sla_dag.py for tasks to queue
[2025-12-10 18:31:25,413] {logging_mixin.py:109} INFO - [2025-12-10 18:31:25,413] {dagbag.py:500} INFO - Filling up the DagBag from /home/airflow/.local/lib/python3.6/site-packages/airflow/example_dags/example_sla_dag.py
[2025-12-10 18:31:25,444] {processor.py:654} INFO - DAG(s) dict_keys(['example_sla_dag']) retrieved from /home/airflow/.local/lib/python3.6/site-packages/airflow/example_dags/example_sla_dag.py
[2025-12-10 18:31:25,453] {logging_mixin.py:109} INFO - [2025-12-10 18:31:25,452] {dag.py:2396} INFO - Sync 1 DAGs
[2025-12-10 18:31:25,470] {logging_mixin.py:109} INFO - [2025-12-10 18:31:25,470] {dag.py:2935} INFO - Setting next_dagrun for example_sla_dag to 2025-12-10T18:28:00+00:00
[2025-12-10 18:31:25,478] {processor.py:171} INFO - Processing /home/airflow/.local/lib/python3.6/site-packages/airflow/example_dags/example_sla_dag.py took 0.070 seconds
[2025-12-10 18:31:55,952] {processor.py:163} INFO - Started process (PID=1095) to work on /home/airflow/.local/lib/python3.6/site-packages/airflow/example_dags/example_sla_dag.py
[2025-12-10 18:31:55,953] {processor.py:642} INFO - Processing file /home/airflow/.local/lib/python3.6/site-packages/airflow/example_dags/example_sla_dag.py for tasks to queue
[2025-12-10 18:31:55,953] {logging_mixin.py:109} INFO - [2025-12-10 18:31:55,953] {dagbag.py:500} INFO - Filling up the DagBag from /home/airflow/.local/lib/python3.6/site-packages/airflow/example_dags/example_sla_dag.py
[2025-12-10 18:31:55,983] {processor.py:654} INFO - DAG(s) dict_keys(['example_sla_dag']) retrieved from /home/airflow/.local/lib/python3.6/site-packages/airflow/example_dags/example_sla_dag.py
[2025-12-10 18:31:55,991] {logging_mixin.py:109} INFO - [2025-12-10 18:31:55,991] {dag.py:2396} INFO - Sync 1 DAGs
[2025-12-10 18:31:56,007] {logging_mixin.py:109} INFO - [2025-12-10 18:31:56,007] {dag.py:2935} INFO - Setting next_dagrun for example_sla_dag to 2025-12-10T18:28:00+00:00
[2025-12-10 18:31:56,015] {processor.py:171} INFO - Processing /home/airflow/.local/lib/python3.6/site-packages/airflow/example_dags/example_sla_dag.py took 0.066 seconds
[2025-12-10 18:32:26,348] {processor.py:163} INFO - Started process (PID=1157) to work on /home/airflow/.local/lib/python3.6/site-packages/airflow/example_dags/example_sla_dag.py
[2025-12-10 18:32:26,349] {processor.py:642} INFO - Processing file /home/airflow/.local/lib/python3.6/site-packages/airflow/example_dags/example_sla_dag.py for tasks to queue
[2025-12-10 18:32:26,349] {logging_mixin.py:109} INFO - [2025-12-10 18:32:26,349] {dagbag.py:500} INFO - Filling up the DagBag from /home/airflow/.local/lib/python3.6/site-packages/airflow/example_dags/example_sla_dag.py
[2025-12-10 18:32:26,384] {processor.py:654} INFO - DAG(s) dict_keys(['example_sla_dag']) retrieved from /home/airflow/.local/lib/python3.6/site-packages/airflow/example_dags/example_sla_dag.py
[2025-12-10 18:32:26,391] {logging_mixin.py:109} INFO - [2025-12-10 18:32:26,391] {dag.py:2396} INFO - Sync 1 DAGs
[2025-12-10 18:32:26,407] {logging_mixin.py:109} INFO - [2025-12-10 18:32:26,407] {dag.py:2935} INFO - Setting next_dagrun for example_sla_dag to 2025-12-10T18:30:00+00:00
[2025-12-10 18:32:26,414] {processor.py:171} INFO - Processing /home/airflow/.local/lib/python3.6/site-packages/airflow/example_dags/example_sla_dag.py took 0.070 seconds
[2025-12-10 18:32:56,761] {processor.py:163} INFO - Started process (PID=1209) to work on /home/airflow/.local/lib/python3.6/site-packages/airflow/example_dags/example_sla_dag.py
[2025-12-10 18:32:56,761] {processor.py:642} INFO - Processing file /home/airflow/.local/lib/python3.6/site-packages/airflow/example_dags/example_sla_dag.py for tasks to queue
[2025-12-10 18:32:56,762] {logging_mixin.py:109} INFO - [2025-12-10 18:32:56,762] {dagbag.py:500} INFO - Filling up the DagBag from /home/airflow/.local/lib/python3.6/site-packages/airflow/example_dags/example_sla_dag.py
[2025-12-10 18:32:56,791] {processor.py:654} INFO - DAG(s) dict_keys(['example_sla_dag']) retrieved from /home/airflow/.local/lib/python3.6/site-packages/airflow/example_dags/example_sla_dag.py
[2025-12-10 18:32:56,798] {logging_mixin.py:109} INFO - [2025-12-10 18:32:56,798] {dag.py:2396} INFO - Sync 1 DAGs
[2025-12-10 18:32:56,814] {logging_mixin.py:109} INFO - [2025-12-10 18:32:56,814] {dag.py:2935} INFO - Setting next_dagrun for example_sla_dag to 2025-12-10T18:30:00+00:00
[2025-12-10 18:32:56,820] {processor.py:171} INFO - Processing /home/airflow/.local/lib/python3.6/site-packages/airflow/example_dags/example_sla_dag.py took 0.063 seconds
[2025-12-10 18:33:27,141] {processor.py:163} INFO - Started process (PID=1271) to work on /home/airflow/.local/lib/python3.6/site-packages/airflow/example_dags/example_sla_dag.py
[2025-12-10 18:33:27,143] {processor.py:642} INFO - Processing file /home/airflow/.local/lib/python3.6/site-packages/airflow/example_dags/example_sla_dag.py for tasks to queue
[2025-12-10 18:33:27,143] {logging_mixin.py:109} INFO - [2025-12-10 18:33:27,143] {dagbag.py:500} INFO - Filling up the DagBag from /home/airflow/.local/lib/python3.6/site-packages/airflow/example_dags/example_sla_dag.py
[2025-12-10 18:33:27,171] {processor.py:654} INFO - DAG(s) dict_keys(['example_sla_dag']) retrieved from /home/airflow/.local/lib/python3.6/site-packages/airflow/example_dags/example_sla_dag.py
[2025-12-10 18:33:27,179] {logging_mixin.py:109} INFO - [2025-12-10 18:33:27,179] {dag.py:2396} INFO - Sync 1 DAGs
[2025-12-10 18:33:27,194] {logging_mixin.py:109} INFO - [2025-12-10 18:33:27,194] {dag.py:2935} INFO - Setting next_dagrun for example_sla_dag to 2025-12-10T18:30:00+00:00
[2025-12-10 18:33:27,200] {processor.py:171} INFO - Processing /home/airflow/.local/lib/python3.6/site-packages/airflow/example_dags/example_sla_dag.py took 0.062 seconds
[2025-12-10 18:33:57,496] {processor.py:163} INFO - Started process (PID=1334) to work on /home/airflow/.local/lib/python3.6/site-packages/airflow/example_dags/example_sla_dag.py
[2025-12-10 18:33:57,497] {processor.py:642} INFO - Processing file /home/airflow/.local/lib/python3.6/site-packages/airflow/example_dags/example_sla_dag.py for tasks to queue
[2025-12-10 18:33:57,497] {logging_mixin.py:109} INFO - [2025-12-10 18:33:57,497] {dagbag.py:500} INFO - Filling up the DagBag from /home/airflow/.local/lib/python3.6/site-packages/airflow/example_dags/example_sla_dag.py
[2025-12-10 18:33:57,528] {processor.py:654} INFO - DAG(s) dict_keys(['example_sla_dag']) retrieved from /home/airflow/.local/lib/python3.6/site-packages/airflow/example_dags/example_sla_dag.py
[2025-12-10 18:33:57,536] {logging_mixin.py:109} INFO - [2025-12-10 18:33:57,536] {dag.py:2396} INFO - Sync 1 DAGs
[2025-12-10 18:33:57,551] {logging_mixin.py:109} INFO - [2025-12-10 18:33:57,550] {dag.py:2935} INFO - Setting next_dagrun for example_sla_dag to 2025-12-10T18:30:00+00:00
[2025-12-10 18:33:57,557] {processor.py:171} INFO - Processing /home/airflow/.local/lib/python3.6/site-packages/airflow/example_dags/example_sla_dag.py took 0.064 seconds
[2025-12-10 18:34:27,925] {processor.py:163} INFO - Started process (PID=1386) to work on /home/airflow/.local/lib/python3.6/site-packages/airflow/example_dags/example_sla_dag.py
[2025-12-10 18:34:27,926] {processor.py:642} INFO - Processing file /home/airflow/.local/lib/python3.6/site-packages/airflow/example_dags/example_sla_dag.py for tasks to queue
[2025-12-10 18:34:27,927] {logging_mixin.py:109} INFO - [2025-12-10 18:34:27,927] {dagbag.py:500} INFO - Filling up the DagBag from /home/airflow/.local/lib/python3.6/site-packages/airflow/example_dags/example_sla_dag.py
[2025-12-10 18:34:27,955] {processor.py:654} INFO - DAG(s) dict_keys(['example_sla_dag']) retrieved from /home/airflow/.local/lib/python3.6/site-packages/airflow/example_dags/example_sla_dag.py
[2025-12-10 18:34:27,963] {logging_mixin.py:109} INFO - [2025-12-10 18:34:27,963] {dag.py:2396} INFO - Sync 1 DAGs
[2025-12-10 18:34:27,978] {logging_mixin.py:109} INFO - [2025-12-10 18:34:27,978] {dag.py:2935} INFO - Setting next_dagrun for example_sla_dag to 2025-12-10T18:32:00+00:00
[2025-12-10 18:34:27,984] {processor.py:171} INFO - Processing /home/airflow/.local/lib/python3.6/site-packages/airflow/example_dags/example_sla_dag.py took 0.062 seconds
[2025-12-10 18:34:58,266] {processor.py:163} INFO - Started process (PID=1448) to work on /home/airflow/.local/lib/python3.6/site-packages/airflow/example_dags/example_sla_dag.py
[2025-12-10 18:34:58,267] {processor.py:642} INFO - Processing file /home/airflow/.local/lib/python3.6/site-packages/airflow/example_dags/example_sla_dag.py for tasks to queue
[2025-12-10 18:34:58,267] {logging_mixin.py:109} INFO - [2025-12-10 18:34:58,267] {dagbag.py:500} INFO - Filling up the DagBag from /home/airflow/.local/lib/python3.6/site-packages/airflow/example_dags/example_sla_dag.py
[2025-12-10 18:34:58,296] {processor.py:654} INFO - DAG(s) dict_keys(['example_sla_dag']) retrieved from /home/airflow/.local/lib/python3.6/site-packages/airflow/example_dags/example_sla_dag.py
[2025-12-10 18:34:58,304] {logging_mixin.py:109} INFO - [2025-12-10 18:34:58,304] {dag.py:2396} INFO - Sync 1 DAGs
[2025-12-10 18:34:58,320] {logging_mixin.py:109} INFO - [2025-12-10 18:34:58,319] {dag.py:2935} INFO - Setting next_dagrun for example_sla_dag to 2025-12-10T18:32:00+00:00
[2025-12-10 18:34:58,326] {processor.py:171} INFO - Processing /home/airflow/.local/lib/python3.6/site-packages/airflow/example_dags/example_sla_dag.py took 0.064 seconds
[2025-12-10 18:35:28,413] {processor.py:163} INFO - Started process (PID=1510) to work on /home/airflow/.local/lib/python3.6/site-packages/airflow/example_dags/example_sla_dag.py
[2025-12-10 18:35:28,415] {processor.py:642} INFO - Processing file /home/airflow/.local/lib/python3.6/site-packages/airflow/example_dags/example_sla_dag.py for tasks to queue
[2025-12-10 18:35:28,415] {logging_mixin.py:109} INFO - [2025-12-10 18:35:28,415] {dagbag.py:500} INFO - Filling up the DagBag from /home/airflow/.local/lib/python3.6/site-packages/airflow/example_dags/example_sla_dag.py
[2025-12-10 18:35:28,444] {processor.py:654} INFO - DAG(s) dict_keys(['example_sla_dag']) retrieved from /home/airflow/.local/lib/python3.6/site-packages/airflow/example_dags/example_sla_dag.py
[2025-12-10 18:35:28,452] {logging_mixin.py:109} INFO - [2025-12-10 18:35:28,452] {dag.py:2396} INFO - Sync 1 DAGs
[2025-12-10 18:35:28,468] {logging_mixin.py:109} INFO - [2025-12-10 18:35:28,467] {dag.py:2935} INFO - Setting next_dagrun for example_sla_dag to 2025-12-10T18:32:00+00:00
[2025-12-10 18:35:28,474] {processor.py:171} INFO - Processing /home/airflow/.local/lib/python3.6/site-packages/airflow/example_dags/example_sla_dag.py took 0.064 seconds
[2025-12-10 18:35:58,849] {processor.py:163} INFO - Started process (PID=1562) to work on /home/airflow/.local/lib/python3.6/site-packages/airflow/example_dags/example_sla_dag.py
[2025-12-10 18:35:58,850] {processor.py:642} INFO - Processing file /home/airflow/.local/lib/python3.6/site-packages/airflow/example_dags/example_sla_dag.py for tasks to queue
[2025-12-10 18:35:58,851] {logging_mixin.py:109} INFO - [2025-12-10 18:35:58,851] {dagbag.py:500} INFO - Filling up the DagBag from /home/airflow/.local/lib/python3.6/site-packages/airflow/example_dags/example_sla_dag.py
[2025-12-10 18:35:58,880] {processor.py:654} INFO - DAG(s) dict_keys(['example_sla_dag']) retrieved from /home/airflow/.local/lib/python3.6/site-packages/airflow/example_dags/example_sla_dag.py
[2025-12-10 18:35:58,889] {logging_mixin.py:109} INFO - [2025-12-10 18:35:58,888] {dag.py:2396} INFO - Sync 1 DAGs
[2025-12-10 18:35:58,904] {logging_mixin.py:109} INFO - [2025-12-10 18:35:58,904] {dag.py:2935} INFO - Setting next_dagrun for example_sla_dag to 2025-12-10T18:32:00+00:00
[2025-12-10 18:35:58,911] {processor.py:171} INFO - Processing /home/airflow/.local/lib/python3.6/site-packages/airflow/example_dags/example_sla_dag.py took 0.065 seconds
[2025-12-10 18:36:29,548] {processor.py:163} INFO - Started process (PID=1624) to work on /home/airflow/.local/lib/python3.6/site-packages/airflow/example_dags/example_sla_dag.py
[2025-12-10 18:36:29,549] {processor.py:642} INFO - Processing file /home/airflow/.local/lib/python3.6/site-packages/airflow/example_dags/example_sla_dag.py for tasks to queue
[2025-12-10 18:36:29,550] {logging_mixin.py:109} INFO - [2025-12-10 18:36:29,550] {dagbag.py:500} INFO - Filling up the DagBag from /home/airflow/.local/lib/python3.6/site-packages/airflow/example_dags/example_sla_dag.py
[2025-12-10 18:36:29,578] {processor.py:654} INFO - DAG(s) dict_keys(['example_sla_dag']) retrieved from /home/airflow/.local/lib/python3.6/site-packages/airflow/example_dags/example_sla_dag.py
[2025-12-10 18:36:29,586] {logging_mixin.py:109} INFO - [2025-12-10 18:36:29,586] {dag.py:2396} INFO - Sync 1 DAGs
[2025-12-10 18:36:29,600] {logging_mixin.py:109} INFO - [2025-12-10 18:36:29,600] {dag.py:2935} INFO - Setting next_dagrun for example_sla_dag to 2025-12-10T18:34:00+00:00
[2025-12-10 18:36:29,607] {processor.py:171} INFO - Processing /home/airflow/.local/lib/python3.6/site-packages/airflow/example_dags/example_sla_dag.py took 0.062 seconds
[2025-12-10 18:37:00,059] {processor.py:163} INFO - Started process (PID=1676) to work on /home/airflow/.local/lib/python3.6/site-packages/airflow/example_dags/example_sla_dag.py
[2025-12-10 18:37:00,060] {processor.py:642} INFO - Processing file /home/airflow/.local/lib/python3.6/site-packages/airflow/example_dags/example_sla_dag.py for tasks to queue
[2025-12-10 18:37:00,060] {logging_mixin.py:109} INFO - [2025-12-10 18:37:00,060] {dagbag.py:500} INFO - Filling up the DagBag from /home/airflow/.local/lib/python3.6/site-packages/airflow/example_dags/example_sla_dag.py
[2025-12-10 18:37:00,090] {processor.py:654} INFO - DAG(s) dict_keys(['example_sla_dag']) retrieved from /home/airflow/.local/lib/python3.6/site-packages/airflow/example_dags/example_sla_dag.py
[2025-12-10 18:37:00,098] {logging_mixin.py:109} INFO - [2025-12-10 18:37:00,098] {dag.py:2396} INFO - Sync 1 DAGs
[2025-12-10 18:37:00,114] {logging_mixin.py:109} INFO - [2025-12-10 18:37:00,114] {dag.py:2935} INFO - Setting next_dagrun for example_sla_dag to 2025-12-10T18:34:00+00:00
[2025-12-10 18:37:00,120] {processor.py:171} INFO - Processing /home/airflow/.local/lib/python3.6/site-packages/airflow/example_dags/example_sla_dag.py took 0.064 seconds
[2025-12-10 18:37:30,512] {processor.py:163} INFO - Started process (PID=1738) to work on /home/airflow/.local/lib/python3.6/site-packages/airflow/example_dags/example_sla_dag.py
[2025-12-10 18:37:30,513] {processor.py:642} INFO - Processing file /home/airflow/.local/lib/python3.6/site-packages/airflow/example_dags/example_sla_dag.py for tasks to queue
[2025-12-10 18:37:30,514] {logging_mixin.py:109} INFO - [2025-12-10 18:37:30,514] {dagbag.py:500} INFO - Filling up the DagBag from /home/airflow/.local/lib/python3.6/site-packages/airflow/example_dags/example_sla_dag.py
[2025-12-10 18:37:30,542] {processor.py:654} INFO - DAG(s) dict_keys(['example_sla_dag']) retrieved from /home/airflow/.local/lib/python3.6/site-packages/airflow/example_dags/example_sla_dag.py
[2025-12-10 18:37:30,550] {logging_mixin.py:109} INFO - [2025-12-10 18:37:30,550] {dag.py:2396} INFO - Sync 1 DAGs
[2025-12-10 18:37:30,564] {logging_mixin.py:109} INFO - [2025-12-10 18:37:30,564] {dag.py:2935} INFO - Setting next_dagrun for example_sla_dag to 2025-12-10T18:34:00+00:00
[2025-12-10 18:37:30,570] {processor.py:171} INFO - Processing /home/airflow/.local/lib/python3.6/site-packages/airflow/example_dags/example_sla_dag.py took 0.061 seconds
[2025-12-10 18:38:00,788] {processor.py:163} INFO - Started process (PID=1800) to work on /home/airflow/.local/lib/python3.6/site-packages/airflow/example_dags/example_sla_dag.py
[2025-12-10 18:38:00,789] {processor.py:642} INFO - Processing file /home/airflow/.local/lib/python3.6/site-packages/airflow/example_dags/example_sla_dag.py for tasks to queue
[2025-12-10 18:38:00,789] {logging_mixin.py:109} INFO - [2025-12-10 18:38:00,789] {dagbag.py:500} INFO - Filling up the DagBag from /home/airflow/.local/lib/python3.6/site-packages/airflow/example_dags/example_sla_dag.py
[2025-12-10 18:38:00,818] {processor.py:654} INFO - DAG(s) dict_keys(['example_sla_dag']) retrieved from /home/airflow/.local/lib/python3.6/site-packages/airflow/example_dags/example_sla_dag.py
[2025-12-10 18:38:00,826] {logging_mixin.py:109} INFO - [2025-12-10 18:38:00,826] {dag.py:2396} INFO - Sync 1 DAGs
[2025-12-10 18:38:00,841] {logging_mixin.py:109} INFO - [2025-12-10 18:38:00,841] {dag.py:2935} INFO - Setting next_dagrun for example_sla_dag to 2025-12-10T18:36:00+00:00
[2025-12-10 18:38:00,848] {processor.py:171} INFO - Processing /home/airflow/.local/lib/python3.6/site-packages/airflow/example_dags/example_sla_dag.py took 0.063 seconds
[2025-12-10 18:38:31,102] {processor.py:163} INFO - Started process (PID=1852) to work on /home/airflow/.local/lib/python3.6/site-packages/airflow/example_dags/example_sla_dag.py
[2025-12-10 18:38:31,103] {processor.py:642} INFO - Processing file /home/airflow/.local/lib/python3.6/site-packages/airflow/example_dags/example_sla_dag.py for tasks to queue
[2025-12-10 18:38:31,104] {logging_mixin.py:109} INFO - [2025-12-10 18:38:31,104] {dagbag.py:500} INFO - Filling up the DagBag from /home/airflow/.local/lib/python3.6/site-packages/airflow/example_dags/example_sla_dag.py
[2025-12-10 18:38:31,136] {processor.py:654} INFO - DAG(s) dict_keys(['example_sla_dag']) retrieved from /home/airflow/.local/lib/python3.6/site-packages/airflow/example_dags/example_sla_dag.py
[2025-12-10 18:38:31,145] {logging_mixin.py:109} INFO - [2025-12-10 18:38:31,145] {dag.py:2396} INFO - Sync 1 DAGs
[2025-12-10 18:38:31,163] {logging_mixin.py:109} INFO - [2025-12-10 18:38:31,163] {dag.py:2935} INFO - Setting next_dagrun for example_sla_dag to 2025-12-10T18:36:00+00:00
[2025-12-10 18:38:31,170] {processor.py:171} INFO - Processing /home/airflow/.local/lib/python3.6/site-packages/airflow/example_dags/example_sla_dag.py took 0.072 seconds
[2025-12-10 18:39:01,531] {processor.py:163} INFO - Started process (PID=1914) to work on /home/airflow/.local/lib/python3.6/site-packages/airflow/example_dags/example_sla_dag.py
[2025-12-10 18:39:01,533] {processor.py:642} INFO - Processing file /home/airflow/.local/lib/python3.6/site-packages/airflow/example_dags/example_sla_dag.py for tasks to queue
[2025-12-10 18:39:01,533] {logging_mixin.py:109} INFO - [2025-12-10 18:39:01,533] {dagbag.py:500} INFO - Filling up the DagBag from /home/airflow/.local/lib/python3.6/site-packages/airflow/example_dags/example_sla_dag.py
[2025-12-10 18:39:01,573] {processor.py:654} INFO - DAG(s) dict_keys(['example_sla_dag']) retrieved from /home/airflow/.local/lib/python3.6/site-packages/airflow/example_dags/example_sla_dag.py
[2025-12-10 18:39:01,584] {logging_mixin.py:109} INFO - [2025-12-10 18:39:01,584] {dag.py:2396} INFO - Sync 1 DAGs
[2025-12-10 18:39:01,606] {logging_mixin.py:109} INFO - [2025-12-10 18:39:01,606] {dag.py:2935} INFO - Setting next_dagrun for example_sla_dag to 2025-12-10T18:36:00+00:00
[2025-12-10 18:39:01,613] {processor.py:171} INFO - Processing /home/airflow/.local/lib/python3.6/site-packages/airflow/example_dags/example_sla_dag.py took 0.086 seconds
[2025-12-10 18:39:32,058] {processor.py:163} INFO - Started process (PID=1966) to work on /home/airflow/.local/lib/python3.6/site-packages/airflow/example_dags/example_sla_dag.py
[2025-12-10 18:39:32,059] {processor.py:642} INFO - Processing file /home/airflow/.local/lib/python3.6/site-packages/airflow/example_dags/example_sla_dag.py for tasks to queue
[2025-12-10 18:39:32,060] {logging_mixin.py:109} INFO - [2025-12-10 18:39:32,060] {dagbag.py:500} INFO - Filling up the DagBag from /home/airflow/.local/lib/python3.6/site-packages/airflow/example_dags/example_sla_dag.py
[2025-12-10 18:39:30,860] {processor.py:654} INFO - DAG(s) dict_keys(['example_sla_dag']) retrieved from /home/airflow/.local/lib/python3.6/site-packages/airflow/example_dags/example_sla_dag.py
[2025-12-10 18:39:30,869] {logging_mixin.py:109} INFO - [2025-12-10 18:39:30,868] {dag.py:2396} INFO - Sync 1 DAGs
[2025-12-10 18:39:30,884] {logging_mixin.py:109} INFO - [2025-12-10 18:39:30,884] {dag.py:2935} INFO - Setting next_dagrun for example_sla_dag to 2025-12-10T18:36:00+00:00
[2025-12-10 18:39:30,891] {processor.py:171} INFO - Processing /home/airflow/.local/lib/python3.6/site-packages/airflow/example_dags/example_sla_dag.py took 0.067 seconds
[2025-12-10 18:40:01,360] {processor.py:163} INFO - Started process (PID=2026) to work on /home/airflow/.local/lib/python3.6/site-packages/airflow/example_dags/example_sla_dag.py
[2025-12-10 18:40:01,371] {processor.py:642} INFO - Processing file /home/airflow/.local/lib/python3.6/site-packages/airflow/example_dags/example_sla_dag.py for tasks to queue
[2025-12-10 18:40:01,372] {logging_mixin.py:109} INFO - [2025-12-10 18:40:01,372] {dagbag.py:500} INFO - Filling up the DagBag from /home/airflow/.local/lib/python3.6/site-packages/airflow/example_dags/example_sla_dag.py
[2025-12-10 18:40:01,412] {processor.py:654} INFO - DAG(s) dict_keys(['example_sla_dag']) retrieved from /home/airflow/.local/lib/python3.6/site-packages/airflow/example_dags/example_sla_dag.py
[2025-12-10 18:40:01,424] {logging_mixin.py:109} INFO - [2025-12-10 18:40:01,424] {dag.py:2396} INFO - Sync 1 DAGs
[2025-12-10 18:40:01,444] {logging_mixin.py:109} INFO - [2025-12-10 18:40:01,444] {dag.py:2935} INFO - Setting next_dagrun for example_sla_dag to 2025-12-10T18:38:00+00:00
[2025-12-10 18:40:01,454] {processor.py:171} INFO - Processing /home/airflow/.local/lib/python3.6/site-packages/airflow/example_dags/example_sla_dag.py took 0.098 seconds
[2025-12-10 18:40:31,634] {processor.py:163} INFO - Started process (PID=2078) to work on /home/airflow/.local/lib/python3.6/site-packages/airflow/example_dags/example_sla_dag.py
[2025-12-10 18:40:31,645] {processor.py:642} INFO - Processing file /home/airflow/.local/lib/python3.6/site-packages/airflow/example_dags/example_sla_dag.py for tasks to queue
[2025-12-10 18:40:31,645] {logging_mixin.py:109} INFO - [2025-12-10 18:40:31,645] {dagbag.py:500} INFO - Filling up the DagBag from /home/airflow/.local/lib/python3.6/site-packages/airflow/example_dags/example_sla_dag.py
[2025-12-10 18:40:31,677] {processor.py:654} INFO - DAG(s) dict_keys(['example_sla_dag']) retrieved from /home/airflow/.local/lib/python3.6/site-packages/airflow/example_dags/example_sla_dag.py
[2025-12-10 18:40:31,687] {logging_mixin.py:109} INFO - [2025-12-10 18:40:31,686] {dag.py:2396} INFO - Sync 1 DAGs
[2025-12-10 18:40:31,705] {logging_mixin.py:109} INFO - [2025-12-10 18:40:31,705] {dag.py:2935} INFO - Setting next_dagrun for example_sla_dag to 2025-12-10T18:38:00+00:00
[2025-12-10 18:40:31,713] {processor.py:171} INFO - Processing /home/airflow/.local/lib/python3.6/site-packages/airflow/example_dags/example_sla_dag.py took 0.082 seconds
[2025-12-10 18:41:02,101] {processor.py:163} INFO - Started process (PID=2140) to work on /home/airflow/.local/lib/python3.6/site-packages/airflow/example_dags/example_sla_dag.py
[2025-12-10 18:41:02,102] {processor.py:642} INFO - Processing file /home/airflow/.local/lib/python3.6/site-packages/airflow/example_dags/example_sla_dag.py for tasks to queue
[2025-12-10 18:41:02,103] {logging_mixin.py:109} INFO - [2025-12-10 18:41:02,103] {dagbag.py:500} INFO - Filling up the DagBag from /home/airflow/.local/lib/python3.6/site-packages/airflow/example_dags/example_sla_dag.py
[2025-12-10 18:41:02,137] {processor.py:654} INFO - DAG(s) dict_keys(['example_sla_dag']) retrieved from /home/airflow/.local/lib/python3.6/site-packages/airflow/example_dags/example_sla_dag.py
[2025-12-10 18:41:02,148] {logging_mixin.py:109} INFO - [2025-12-10 18:41:02,148] {dag.py:2396} INFO - Sync 1 DAGs
[2025-12-10 18:41:02,167] {logging_mixin.py:109} INFO - [2025-12-10 18:41:02,167] {dag.py:2935} INFO - Setting next_dagrun for example_sla_dag to 2025-12-10T18:38:00+00:00
[2025-12-10 18:41:02,175] {processor.py:171} INFO - Processing /home/airflow/.local/lib/python3.6/site-packages/airflow/example_dags/example_sla_dag.py took 0.077 seconds
[2025-12-10 18:41:32,539] {processor.py:163} INFO - Started process (PID=2202) to work on /home/airflow/.local/lib/python3.6/site-packages/airflow/example_dags/example_sla_dag.py
[2025-12-10 18:41:32,550] {processor.py:642} INFO - Processing file /home/airflow/.local/lib/python3.6/site-packages/airflow/example_dags/example_sla_dag.py for tasks to queue
[2025-12-10 18:41:32,551] {logging_mixin.py:109} INFO - [2025-12-10 18:41:32,551] {dagbag.py:500} INFO - Filling up the DagBag from /home/airflow/.local/lib/python3.6/site-packages/airflow/example_dags/example_sla_dag.py
[2025-12-10 18:41:32,588] {processor.py:654} INFO - DAG(s) dict_keys(['example_sla_dag']) retrieved from /home/airflow/.local/lib/python3.6/site-packages/airflow/example_dags/example_sla_dag.py
[2025-12-10 18:41:32,599] {logging_mixin.py:109} INFO - [2025-12-10 18:41:32,599] {dag.py:2396} INFO - Sync 1 DAGs
[2025-12-10 18:41:32,621] {logging_mixin.py:109} INFO - [2025-12-10 18:41:32,621] {dag.py:2935} INFO - Setting next_dagrun for example_sla_dag to 2025-12-10T18:38:00+00:00
[2025-12-10 18:41:32,630] {processor.py:171} INFO - Processing /home/airflow/.local/lib/python3.6/site-packages/airflow/example_dags/example_sla_dag.py took 0.095 seconds
[2025-12-10 18:42:02,660] {processor.py:163} INFO - Started process (PID=2254) to work on /home/airflow/.local/lib/python3.6/site-packages/airflow/example_dags/example_sla_dag.py
[2025-12-10 18:42:02,661] {processor.py:642} INFO - Processing file /home/airflow/.local/lib/python3.6/site-packages/airflow/example_dags/example_sla_dag.py for tasks to queue
[2025-12-10 18:42:02,662] {logging_mixin.py:109} INFO - [2025-12-10 18:42:02,662] {dagbag.py:500} INFO - Filling up the DagBag from /home/airflow/.local/lib/python3.6/site-packages/airflow/example_dags/example_sla_dag.py
[2025-12-10 18:42:02,696] {processor.py:654} INFO - DAG(s) dict_keys(['example_sla_dag']) retrieved from /home/airflow/.local/lib/python3.6/site-packages/airflow/example_dags/example_sla_dag.py
[2025-12-10 18:42:02,707] {logging_mixin.py:109} INFO - [2025-12-10 18:42:02,706] {dag.py:2396} INFO - Sync 1 DAGs
[2025-12-10 18:42:02,726] {logging_mixin.py:109} INFO - [2025-12-10 18:42:02,726] {dag.py:2935} INFO - Setting next_dagrun for example_sla_dag to 2025-12-10T18:40:00+00:00
[2025-12-10 18:42:02,734] {processor.py:171} INFO - Processing /home/airflow/.local/lib/python3.6/site-packages/airflow/example_dags/example_sla_dag.py took 0.077 seconds
[2025-12-10 18:42:33,299] {processor.py:163} INFO - Started process (PID=2316) to work on /home/airflow/.local/lib/python3.6/site-packages/airflow/example_dags/example_sla_dag.py
[2025-12-10 18:42:33,310] {processor.py:642} INFO - Processing file /home/airflow/.local/lib/python3.6/site-packages/airflow/example_dags/example_sla_dag.py for tasks to queue
[2025-12-10 18:42:33,311] {logging_mixin.py:109} INFO - [2025-12-10 18:42:33,311] {dagbag.py:500} INFO - Filling up the DagBag from /home/airflow/.local/lib/python3.6/site-packages/airflow/example_dags/example_sla_dag.py
[2025-12-10 18:42:33,347] {processor.py:654} INFO - DAG(s) dict_keys(['example_sla_dag']) retrieved from /home/airflow/.local/lib/python3.6/site-packages/airflow/example_dags/example_sla_dag.py
[2025-12-10 18:42:33,357] {logging_mixin.py:109} INFO - [2025-12-10 18:42:33,357] {dag.py:2396} INFO - Sync 1 DAGs
[2025-12-10 18:42:33,375] {logging_mixin.py:109} INFO - [2025-12-10 18:42:33,374] {dag.py:2935} INFO - Setting next_dagrun for example_sla_dag to 2025-12-10T18:40:00+00:00
[2025-12-10 18:42:33,385] {processor.py:171} INFO - Processing /home/airflow/.local/lib/python3.6/site-packages/airflow/example_dags/example_sla_dag.py took 0.089 seconds
[2025-12-10 18:43:03,740] {processor.py:163} INFO - Started process (PID=2368) to work on /home/airflow/.local/lib/python3.6/site-packages/airflow/example_dags/example_sla_dag.py
[2025-12-10 18:43:03,741] {processor.py:642} INFO - Processing file /home/airflow/.local/lib/python3.6/site-packages/airflow/example_dags/example_sla_dag.py for tasks to queue
[2025-12-10 18:43:03,742] {logging_mixin.py:109} INFO - [2025-12-10 18:43:03,741] {dagbag.py:500} INFO - Filling up the DagBag from /home/airflow/.local/lib/python3.6/site-packages/airflow/example_dags/example_sla_dag.py
[2025-12-10 18:43:03,774] {processor.py:654} INFO - DAG(s) dict_keys(['example_sla_dag']) retrieved from /home/airflow/.local/lib/python3.6/site-packages/airflow/example_dags/example_sla_dag.py
[2025-12-10 18:43:03,784] {logging_mixin.py:109} INFO - [2025-12-10 18:43:03,784] {dag.py:2396} INFO - Sync 1 DAGs
[2025-12-10 18:43:03,802] {logging_mixin.py:109} INFO - [2025-12-10 18:43:03,802] {dag.py:2935} INFO - Setting next_dagrun for example_sla_dag to 2025-12-10T18:40:00+00:00
[2025-12-10 18:43:03,811] {processor.py:171} INFO - Processing /home/airflow/.local/lib/python3.6/site-packages/airflow/example_dags/example_sla_dag.py took 0.074 seconds
[2025-12-10 18:43:34,370] {processor.py:163} INFO - Started process (PID=2430) to work on /home/airflow/.local/lib/python3.6/site-packages/airflow/example_dags/example_sla_dag.py
[2025-12-10 18:43:34,382] {processor.py:642} INFO - Processing file /home/airflow/.local/lib/python3.6/site-packages/airflow/example_dags/example_sla_dag.py for tasks to queue
[2025-12-10 18:43:34,383] {logging_mixin.py:109} INFO - [2025-12-10 18:43:34,382] {dagbag.py:500} INFO - Filling up the DagBag from /home/airflow/.local/lib/python3.6/site-packages/airflow/example_dags/example_sla_dag.py
[2025-12-10 18:43:34,423] {processor.py:654} INFO - DAG(s) dict_keys(['example_sla_dag']) retrieved from /home/airflow/.local/lib/python3.6/site-packages/airflow/example_dags/example_sla_dag.py
[2025-12-10 18:43:34,436] {logging_mixin.py:109} INFO - [2025-12-10 18:43:34,436] {dag.py:2396} INFO - Sync 1 DAGs
[2025-12-10 18:43:34,457] {logging_mixin.py:109} INFO - [2025-12-10 18:43:34,456] {dag.py:2935} INFO - Setting next_dagrun for example_sla_dag to 2025-12-10T18:40:00+00:00
[2025-12-10 18:43:34,466] {processor.py:171} INFO - Processing /home/airflow/.local/lib/python3.6/site-packages/airflow/example_dags/example_sla_dag.py took 0.099 seconds
[2025-12-10 18:44:04,726] {processor.py:163} INFO - Started process (PID=2482) to work on /home/airflow/.local/lib/python3.6/site-packages/airflow/example_dags/example_sla_dag.py
[2025-12-10 18:44:04,728] {processor.py:642} INFO - Processing file /home/airflow/.local/lib/python3.6/site-packages/airflow/example_dags/example_sla_dag.py for tasks to queue
[2025-12-10 18:44:04,728] {logging_mixin.py:109} INFO - [2025-12-10 18:44:04,728] {dagbag.py:500} INFO - Filling up the DagBag from /home/airflow/.local/lib/python3.6/site-packages/airflow/example_dags/example_sla_dag.py
[2025-12-10 18:44:04,762] {processor.py:654} INFO - DAG(s) dict_keys(['example_sla_dag']) retrieved from /home/airflow/.local/lib/python3.6/site-packages/airflow/example_dags/example_sla_dag.py
[2025-12-10 18:44:04,771] {logging_mixin.py:109} INFO - [2025-12-10 18:44:04,771] {dag.py:2396} INFO - Sync 1 DAGs
[2025-12-10 18:44:04,787] {logging_mixin.py:109} INFO - [2025-12-10 18:44:04,787] {dag.py:2935} INFO - Setting next_dagrun for example_sla_dag to 2025-12-10T18:42:00+00:00
[2025-12-10 18:44:04,794] {processor.py:171} INFO - Processing /home/airflow/.local/lib/python3.6/site-packages/airflow/example_dags/example_sla_dag.py took 0.072 seconds
[2025-12-10 18:46:31,009] {processor.py:163} INFO - Started process (PID=72) to work on /home/airflow/.local/lib/python3.6/site-packages/airflow/example_dags/example_sla_dag.py
[2025-12-10 18:46:31,010] {processor.py:642} INFO - Processing file /home/airflow/.local/lib/python3.6/site-packages/airflow/example_dags/example_sla_dag.py for tasks to queue
[2025-12-10 18:46:31,011] {logging_mixin.py:109} INFO - [2025-12-10 18:46:31,011] {dagbag.py:500} INFO - Filling up the DagBag from /home/airflow/.local/lib/python3.6/site-packages/airflow/example_dags/example_sla_dag.py
[2025-12-10 18:46:31,052] {processor.py:654} INFO - DAG(s) dict_keys(['example_sla_dag']) retrieved from /home/airflow/.local/lib/python3.6/site-packages/airflow/example_dags/example_sla_dag.py
[2025-12-10 18:46:31,063] {logging_mixin.py:109} INFO - [2025-12-10 18:46:31,063] {dag.py:2396} INFO - Sync 1 DAGs
[2025-12-10 18:46:31,084] {logging_mixin.py:109} INFO - [2025-12-10 18:46:31,084] {dag.py:2935} INFO - Setting next_dagrun for example_sla_dag to 2025-12-10T18:44:00+00:00
[2025-12-10 18:46:31,095] {processor.py:171} INFO - Processing /home/airflow/.local/lib/python3.6/site-packages/airflow/example_dags/example_sla_dag.py took 0.091 seconds
[2025-12-10 18:47:03,514] {processor.py:163} INFO - Started process (PID=124) to work on /home/airflow/.local/lib/python3.6/site-packages/airflow/example_dags/example_sla_dag.py
[2025-12-10 18:47:03,516] {processor.py:642} INFO - Processing file /home/airflow/.local/lib/python3.6/site-packages/airflow/example_dags/example_sla_dag.py for tasks to queue
[2025-12-10 18:47:03,518] {logging_mixin.py:109} INFO - [2025-12-10 18:47:03,517] {dagbag.py:500} INFO - Filling up the DagBag from /home/airflow/.local/lib/python3.6/site-packages/airflow/example_dags/example_sla_dag.py
[2025-12-10 18:47:03,579] {processor.py:654} INFO - DAG(s) dict_keys(['example_sla_dag']) retrieved from /home/airflow/.local/lib/python3.6/site-packages/airflow/example_dags/example_sla_dag.py
[2025-12-10 18:47:03,596] {logging_mixin.py:109} INFO - [2025-12-10 18:47:03,596] {dag.py:2396} INFO - Sync 1 DAGs
[2025-12-10 18:47:03,647] {logging_mixin.py:109} INFO - [2025-12-10 18:47:03,647] {dag.py:2935} INFO - Setting next_dagrun for example_sla_dag to 2025-12-10T18:44:00+00:00
[2025-12-10 18:47:03,669] {processor.py:171} INFO - Processing /home/airflow/.local/lib/python3.6/site-packages/airflow/example_dags/example_sla_dag.py took 0.161 seconds
[2025-12-10 18:47:34,458] {processor.py:163} INFO - Started process (PID=187) to work on /home/airflow/.local/lib/python3.6/site-packages/airflow/example_dags/example_sla_dag.py
[2025-12-10 18:47:34,460] {processor.py:642} INFO - Processing file /home/airflow/.local/lib/python3.6/site-packages/airflow/example_dags/example_sla_dag.py for tasks to queue
[2025-12-10 18:47:34,460] {logging_mixin.py:109} INFO - [2025-12-10 18:47:34,460] {dagbag.py:500} INFO - Filling up the DagBag from /home/airflow/.local/lib/python3.6/site-packages/airflow/example_dags/example_sla_dag.py
[2025-12-10 18:47:34,508] {processor.py:654} INFO - DAG(s) dict_keys(['example_sla_dag']) retrieved from /home/airflow/.local/lib/python3.6/site-packages/airflow/example_dags/example_sla_dag.py
[2025-12-10 18:47:34,525] {logging_mixin.py:109} INFO - [2025-12-10 18:47:34,525] {dag.py:2396} INFO - Sync 1 DAGs
[2025-12-10 18:47:34,559] {logging_mixin.py:109} INFO - [2025-12-10 18:47:34,559] {dag.py:2935} INFO - Setting next_dagrun for example_sla_dag to 2025-12-10T18:44:00+00:00
[2025-12-10 18:47:34,573] {processor.py:171} INFO - Processing /home/airflow/.local/lib/python3.6/site-packages/airflow/example_dags/example_sla_dag.py took 0.120 seconds
[2025-12-10 18:48:05,637] {processor.py:163} INFO - Started process (PID=239) to work on /home/airflow/.local/lib/python3.6/site-packages/airflow/example_dags/example_sla_dag.py
[2025-12-10 18:48:05,638] {processor.py:642} INFO - Processing file /home/airflow/.local/lib/python3.6/site-packages/airflow/example_dags/example_sla_dag.py for tasks to queue
[2025-12-10 18:48:05,639] {logging_mixin.py:109} INFO - [2025-12-10 18:48:05,639] {dagbag.py:500} INFO - Filling up the DagBag from /home/airflow/.local/lib/python3.6/site-packages/airflow/example_dags/example_sla_dag.py
[2025-12-10 18:48:05,677] {processor.py:654} INFO - DAG(s) dict_keys(['example_sla_dag']) retrieved from /home/airflow/.local/lib/python3.6/site-packages/airflow/example_dags/example_sla_dag.py
[2025-12-10 18:48:05,688] {logging_mixin.py:109} INFO - [2025-12-10 18:48:05,688] {dag.py:2396} INFO - Sync 1 DAGs
[2025-12-10 18:48:05,714] {logging_mixin.py:109} INFO - [2025-12-10 18:48:05,714] {dag.py:2935} INFO - Setting next_dagrun for example_sla_dag to 2025-12-10T18:46:00+00:00
[2025-12-10 18:48:05,722] {processor.py:171} INFO - Processing /home/airflow/.local/lib/python3.6/site-packages/airflow/example_dags/example_sla_dag.py took 0.089 seconds
[2025-12-10 18:48:36,663] {processor.py:163} INFO - Started process (PID=302) to work on /home/airflow/.local/lib/python3.6/site-packages/airflow/example_dags/example_sla_dag.py
[2025-12-10 18:48:36,665] {processor.py:642} INFO - Processing file /home/airflow/.local/lib/python3.6/site-packages/airflow/example_dags/example_sla_dag.py for tasks to queue
[2025-12-10 18:48:36,665] {logging_mixin.py:109} INFO - [2025-12-10 18:48:36,665] {dagbag.py:500} INFO - Filling up the DagBag from /home/airflow/.local/lib/python3.6/site-packages/airflow/example_dags/example_sla_dag.py
[2025-12-10 18:48:36,706] {processor.py:654} INFO - DAG(s) dict_keys(['example_sla_dag']) retrieved from /home/airflow/.local/lib/python3.6/site-packages/airflow/example_dags/example_sla_dag.py
[2025-12-10 18:48:36,717] {logging_mixin.py:109} INFO - [2025-12-10 18:48:36,717] {dag.py:2396} INFO - Sync 1 DAGs
[2025-12-10 18:48:36,745] {logging_mixin.py:109} INFO - [2025-12-10 18:48:36,745] {dag.py:2935} INFO - Setting next_dagrun for example_sla_dag to 2025-12-10T18:46:00+00:00
[2025-12-10 18:48:36,766] {processor.py:171} INFO - Processing /home/airflow/.local/lib/python3.6/site-packages/airflow/example_dags/example_sla_dag.py took 0.109 seconds
[2025-12-10 18:49:07,209] {processor.py:163} INFO - Started process (PID=354) to work on /home/airflow/.local/lib/python3.6/site-packages/airflow/example_dags/example_sla_dag.py
[2025-12-10 18:49:07,210] {processor.py:642} INFO - Processing file /home/airflow/.local/lib/python3.6/site-packages/airflow/example_dags/example_sla_dag.py for tasks to queue
[2025-12-10 18:49:07,211] {logging_mixin.py:109} INFO - [2025-12-10 18:49:07,211] {dagbag.py:500} INFO - Filling up the DagBag from /home/airflow/.local/lib/python3.6/site-packages/airflow/example_dags/example_sla_dag.py
[2025-12-10 18:49:07,244] {processor.py:654} INFO - DAG(s) dict_keys(['example_sla_dag']) retrieved from /home/airflow/.local/lib/python3.6/site-packages/airflow/example_dags/example_sla_dag.py
[2025-12-10 18:49:07,253] {logging_mixin.py:109} INFO - [2025-12-10 18:49:07,253] {dag.py:2396} INFO - Sync 1 DAGs
[2025-12-10 18:49:07,272] {logging_mixin.py:109} INFO - [2025-12-10 18:49:07,272] {dag.py:2935} INFO - Setting next_dagrun for example_sla_dag to 2025-12-10T18:46:00+00:00
[2025-12-10 18:49:07,280] {processor.py:171} INFO - Processing /home/airflow/.local/lib/python3.6/site-packages/airflow/example_dags/example_sla_dag.py took 0.074 seconds
[2025-12-10 18:49:37,379] {processor.py:163} INFO - Started process (PID=417) to work on /home/airflow/.local/lib/python3.6/site-packages/airflow/example_dags/example_sla_dag.py
[2025-12-10 18:49:37,381] {processor.py:642} INFO - Processing file /home/airflow/.local/lib/python3.6/site-packages/airflow/example_dags/example_sla_dag.py for tasks to queue
[2025-12-10 18:49:37,381] {logging_mixin.py:109} INFO - [2025-12-10 18:49:37,381] {dagbag.py:500} INFO - Filling up the DagBag from /home/airflow/.local/lib/python3.6/site-packages/airflow/example_dags/example_sla_dag.py
[2025-12-10 18:49:37,409] {processor.py:654} INFO - DAG(s) dict_keys(['example_sla_dag']) retrieved from /home/airflow/.local/lib/python3.6/site-packages/airflow/example_dags/example_sla_dag.py
[2025-12-10 18:49:37,416] {logging_mixin.py:109} INFO - [2025-12-10 18:49:37,416] {dag.py:2396} INFO - Sync 1 DAGs
[2025-12-10 18:49:37,431] {logging_mixin.py:109} INFO - [2025-12-10 18:49:37,431] {dag.py:2935} INFO - Setting next_dagrun for example_sla_dag to 2025-12-10T18:46:00+00:00
[2025-12-10 18:49:37,439] {processor.py:171} INFO - Processing /home/airflow/.local/lib/python3.6/site-packages/airflow/example_dags/example_sla_dag.py took 0.062 seconds
[2025-12-10 18:50:08,829] {processor.py:163} INFO - Started process (PID=468) to work on /home/airflow/.local/lib/python3.6/site-packages/airflow/example_dags/example_sla_dag.py
[2025-12-10 18:50:08,830] {processor.py:642} INFO - Processing file /home/airflow/.local/lib/python3.6/site-packages/airflow/example_dags/example_sla_dag.py for tasks to queue
[2025-12-10 18:50:08,831] {logging_mixin.py:109} INFO - [2025-12-10 18:50:08,830] {dagbag.py:500} INFO - Filling up the DagBag from /home/airflow/.local/lib/python3.6/site-packages/airflow/example_dags/example_sla_dag.py
[2025-12-10 18:50:08,869] {processor.py:654} INFO - DAG(s) dict_keys(['example_sla_dag']) retrieved from /home/airflow/.local/lib/python3.6/site-packages/airflow/example_dags/example_sla_dag.py
[2025-12-10 18:50:08,878] {logging_mixin.py:109} INFO - [2025-12-10 18:50:08,878] {dag.py:2396} INFO - Sync 1 DAGs
[2025-12-10 18:50:08,896] {logging_mixin.py:109} INFO - [2025-12-10 18:50:08,896] {dag.py:2935} INFO - Setting next_dagrun for example_sla_dag to 2025-12-10T18:48:00+00:00
[2025-12-10 18:50:08,907] {processor.py:171} INFO - Processing /home/airflow/.local/lib/python3.6/site-packages/airflow/example_dags/example_sla_dag.py took 0.081 seconds
[2025-12-10 18:51:42,380] {processor.py:163} INFO - Started process (PID=439) to work on /home/airflow/.local/lib/python3.6/site-packages/airflow/example_dags/example_sla_dag.py
[2025-12-10 18:51:42,381] {processor.py:642} INFO - Processing file /home/airflow/.local/lib/python3.6/site-packages/airflow/example_dags/example_sla_dag.py for tasks to queue
[2025-12-10 18:51:42,382] {logging_mixin.py:109} INFO - [2025-12-10 18:51:42,381] {dagbag.py:500} INFO - Filling up the DagBag from /home/airflow/.local/lib/python3.6/site-packages/airflow/example_dags/example_sla_dag.py
[2025-12-10 18:51:42,415] {processor.py:654} INFO - DAG(s) dict_keys(['example_sla_dag']) retrieved from /home/airflow/.local/lib/python3.6/site-packages/airflow/example_dags/example_sla_dag.py
[2025-12-10 18:51:42,756] {logging_mixin.py:109} INFO - [2025-12-10 18:51:42,756] {manager.py:496} INFO - Created Permission View: can read on DAG:example_sla_dag
[2025-12-10 18:51:42,762] {logging_mixin.py:109} INFO - [2025-12-10 18:51:42,762] {manager.py:496} INFO - Created Permission View: can edit on DAG:example_sla_dag
[2025-12-10 18:51:42,763] {logging_mixin.py:109} INFO - [2025-12-10 18:51:42,762] {dag.py:2396} INFO - Sync 1 DAGs
[2025-12-10 18:51:42,770] {logging_mixin.py:109} INFO - [2025-12-10 18:51:42,769] {dag.py:2415} INFO - Creating ORM DAG for example_sla_dag
[2025-12-10 18:51:42,777] {logging_mixin.py:109} INFO - [2025-12-10 18:51:42,777] {dag.py:2935} INFO - Setting next_dagrun for example_sla_dag to 2025-12-10T18:48:00+00:00
[2025-12-10 18:51:42,783] {processor.py:171} INFO - Processing /home/airflow/.local/lib/python3.6/site-packages/airflow/example_dags/example_sla_dag.py took 1.727 seconds
[2025-12-10 18:52:12,936] {processor.py:163} INFO - Started process (PID=513) to work on /home/airflow/.local/lib/python3.6/site-packages/airflow/example_dags/example_sla_dag.py
[2025-12-10 18:52:12,939] {processor.py:642} INFO - Processing file /home/airflow/.local/lib/python3.6/site-packages/airflow/example_dags/example_sla_dag.py for tasks to queue
[2025-12-10 18:52:12,940] {logging_mixin.py:109} INFO - [2025-12-10 18:52:12,940] {dagbag.py:500} INFO - Filling up the DagBag from /home/airflow/.local/lib/python3.6/site-packages/airflow/example_dags/example_sla_dag.py
[2025-12-10 18:52:12,990] {processor.py:654} INFO - DAG(s) dict_keys(['example_sla_dag']) retrieved from /home/airflow/.local/lib/python3.6/site-packages/airflow/example_dags/example_sla_dag.py
[2025-12-10 18:52:13,000] {logging_mixin.py:109} INFO - [2025-12-10 18:52:13,000] {dag.py:2396} INFO - Sync 1 DAGs
[2025-12-10 18:52:13,021] {logging_mixin.py:109} INFO - [2025-12-10 18:52:13,021] {dag.py:2935} INFO - Setting next_dagrun for example_sla_dag to 2025-12-10T18:50:00+00:00
[2025-12-10 18:52:13,033] {processor.py:171} INFO - Processing /home/airflow/.local/lib/python3.6/site-packages/airflow/example_dags/example_sla_dag.py took 0.103 seconds
