[2025-12-10 18:26:05,542] {processor.py:163} INFO - Started process (PID=270) to work on /home/airflow/.local/lib/python3.6/site-packages/airflow/example_dags/example_branch_day_of_week_operator.py
[2025-12-10 18:26:05,544] {processor.py:642} INFO - Processing file /home/airflow/.local/lib/python3.6/site-packages/airflow/example_dags/example_branch_day_of_week_operator.py for tasks to queue
[2025-12-10 18:26:05,545] {logging_mixin.py:109} INFO - [2025-12-10 18:26:05,545] {dagbag.py:500} INFO - Filling up the DagBag from /home/airflow/.local/lib/python3.6/site-packages/airflow/example_dags/example_branch_day_of_week_operator.py
[2025-12-10 18:26:05,580] {processor.py:654} INFO - DAG(s) dict_keys(['example_weekday_branch_operator']) retrieved from /home/airflow/.local/lib/python3.6/site-packages/airflow/example_dags/example_branch_day_of_week_operator.py
[2025-12-10 18:26:07,845] {logging_mixin.py:109} INFO - [2025-12-10 18:26:07,845] {manager.py:496} INFO - Created Permission View: can edit on DAG:example_weekday_branch_operator
[2025-12-10 18:26:07,854] {logging_mixin.py:109} INFO - [2025-12-10 18:26:07,854] {manager.py:496} INFO - Created Permission View: can read on DAG:example_weekday_branch_operator
[2025-12-10 18:26:07,855] {logging_mixin.py:109} INFO - [2025-12-10 18:26:07,854] {dag.py:2396} INFO - Sync 1 DAGs
[2025-12-10 18:26:07,865] {logging_mixin.py:109} INFO - [2025-12-10 18:26:07,864] {dag.py:2415} INFO - Creating ORM DAG for example_weekday_branch_operator
[2025-12-10 18:26:07,874] {logging_mixin.py:109} INFO - [2025-12-10 18:26:07,874] {dag.py:2935} INFO - Setting next_dagrun for example_weekday_branch_operator to 2025-12-09 00:00:00+00:00
[2025-12-10 18:26:07,885] {processor.py:171} INFO - Processing /home/airflow/.local/lib/python3.6/site-packages/airflow/example_dags/example_branch_day_of_week_operator.py took 2.348 seconds
[2025-12-10 18:26:38,110] {processor.py:163} INFO - Started process (PID=491) to work on /home/airflow/.local/lib/python3.6/site-packages/airflow/example_dags/example_branch_day_of_week_operator.py
[2025-12-10 18:26:38,121] {processor.py:642} INFO - Processing file /home/airflow/.local/lib/python3.6/site-packages/airflow/example_dags/example_branch_day_of_week_operator.py for tasks to queue
[2025-12-10 18:26:38,122] {logging_mixin.py:109} INFO - [2025-12-10 18:26:38,121] {dagbag.py:500} INFO - Filling up the DagBag from /home/airflow/.local/lib/python3.6/site-packages/airflow/example_dags/example_branch_day_of_week_operator.py
[2025-12-10 18:26:38,149] {processor.py:654} INFO - DAG(s) dict_keys(['example_weekday_branch_operator']) retrieved from /home/airflow/.local/lib/python3.6/site-packages/airflow/example_dags/example_branch_day_of_week_operator.py
[2025-12-10 18:26:38,157] {logging_mixin.py:109} INFO - [2025-12-10 18:26:38,157] {dag.py:2396} INFO - Sync 1 DAGs
[2025-12-10 18:26:38,172] {logging_mixin.py:109} INFO - [2025-12-10 18:26:38,172] {dag.py:2935} INFO - Setting next_dagrun for example_weekday_branch_operator to 2025-12-09 00:00:00+00:00
[2025-12-10 18:26:38,178] {processor.py:171} INFO - Processing /home/airflow/.local/lib/python3.6/site-packages/airflow/example_dags/example_branch_day_of_week_operator.py took 0.071 seconds
[2025-12-10 18:27:09,004] {processor.py:163} INFO - Started process (PID=553) to work on /home/airflow/.local/lib/python3.6/site-packages/airflow/example_dags/example_branch_day_of_week_operator.py
[2025-12-10 18:27:09,014] {processor.py:642} INFO - Processing file /home/airflow/.local/lib/python3.6/site-packages/airflow/example_dags/example_branch_day_of_week_operator.py for tasks to queue
[2025-12-10 18:27:09,015] {logging_mixin.py:109} INFO - [2025-12-10 18:27:09,015] {dagbag.py:500} INFO - Filling up the DagBag from /home/airflow/.local/lib/python3.6/site-packages/airflow/example_dags/example_branch_day_of_week_operator.py
[2025-12-10 18:27:09,043] {processor.py:654} INFO - DAG(s) dict_keys(['example_weekday_branch_operator']) retrieved from /home/airflow/.local/lib/python3.6/site-packages/airflow/example_dags/example_branch_day_of_week_operator.py
[2025-12-10 18:27:09,052] {logging_mixin.py:109} INFO - [2025-12-10 18:27:09,052] {dag.py:2396} INFO - Sync 1 DAGs
[2025-12-10 18:27:09,067] {logging_mixin.py:109} INFO - [2025-12-10 18:27:09,067] {dag.py:2935} INFO - Setting next_dagrun for example_weekday_branch_operator to 2025-12-09 00:00:00+00:00
[2025-12-10 18:27:09,074] {processor.py:171} INFO - Processing /home/airflow/.local/lib/python3.6/site-packages/airflow/example_dags/example_branch_day_of_week_operator.py took 0.073 seconds
[2025-12-10 18:27:39,229] {processor.py:163} INFO - Started process (PID=605) to work on /home/airflow/.local/lib/python3.6/site-packages/airflow/example_dags/example_branch_day_of_week_operator.py
[2025-12-10 18:27:39,240] {processor.py:642} INFO - Processing file /home/airflow/.local/lib/python3.6/site-packages/airflow/example_dags/example_branch_day_of_week_operator.py for tasks to queue
[2025-12-10 18:27:39,241] {logging_mixin.py:109} INFO - [2025-12-10 18:27:39,241] {dagbag.py:500} INFO - Filling up the DagBag from /home/airflow/.local/lib/python3.6/site-packages/airflow/example_dags/example_branch_day_of_week_operator.py
[2025-12-10 18:27:39,266] {processor.py:654} INFO - DAG(s) dict_keys(['example_weekday_branch_operator']) retrieved from /home/airflow/.local/lib/python3.6/site-packages/airflow/example_dags/example_branch_day_of_week_operator.py
[2025-12-10 18:27:39,274] {logging_mixin.py:109} INFO - [2025-12-10 18:27:39,274] {dag.py:2396} INFO - Sync 1 DAGs
[2025-12-10 18:27:39,289] {logging_mixin.py:109} INFO - [2025-12-10 18:27:39,288] {dag.py:2935} INFO - Setting next_dagrun for example_weekday_branch_operator to 2025-12-09 00:00:00+00:00
[2025-12-10 18:27:39,295] {processor.py:171} INFO - Processing /home/airflow/.local/lib/python3.6/site-packages/airflow/example_dags/example_branch_day_of_week_operator.py took 0.070 seconds
[2025-12-10 18:28:09,424] {processor.py:163} INFO - Started process (PID=667) to work on /home/airflow/.local/lib/python3.6/site-packages/airflow/example_dags/example_branch_day_of_week_operator.py
[2025-12-10 18:28:09,434] {processor.py:642} INFO - Processing file /home/airflow/.local/lib/python3.6/site-packages/airflow/example_dags/example_branch_day_of_week_operator.py for tasks to queue
[2025-12-10 18:28:09,435] {logging_mixin.py:109} INFO - [2025-12-10 18:28:09,435] {dagbag.py:500} INFO - Filling up the DagBag from /home/airflow/.local/lib/python3.6/site-packages/airflow/example_dags/example_branch_day_of_week_operator.py
[2025-12-10 18:28:09,463] {processor.py:654} INFO - DAG(s) dict_keys(['example_weekday_branch_operator']) retrieved from /home/airflow/.local/lib/python3.6/site-packages/airflow/example_dags/example_branch_day_of_week_operator.py
[2025-12-10 18:28:09,471] {logging_mixin.py:109} INFO - [2025-12-10 18:28:09,471] {dag.py:2396} INFO - Sync 1 DAGs
[2025-12-10 18:28:09,486] {logging_mixin.py:109} INFO - [2025-12-10 18:28:09,486] {dag.py:2935} INFO - Setting next_dagrun for example_weekday_branch_operator to 2025-12-09 00:00:00+00:00
[2025-12-10 18:28:09,493] {processor.py:171} INFO - Processing /home/airflow/.local/lib/python3.6/site-packages/airflow/example_dags/example_branch_day_of_week_operator.py took 0.072 seconds
[2025-12-10 18:28:39,978] {processor.py:163} INFO - Started process (PID=719) to work on /home/airflow/.local/lib/python3.6/site-packages/airflow/example_dags/example_branch_day_of_week_operator.py
[2025-12-10 18:28:39,989] {processor.py:642} INFO - Processing file /home/airflow/.local/lib/python3.6/site-packages/airflow/example_dags/example_branch_day_of_week_operator.py for tasks to queue
[2025-12-10 18:28:39,990] {logging_mixin.py:109} INFO - [2025-12-10 18:28:39,990] {dagbag.py:500} INFO - Filling up the DagBag from /home/airflow/.local/lib/python3.6/site-packages/airflow/example_dags/example_branch_day_of_week_operator.py
[2025-12-10 18:28:40,016] {processor.py:654} INFO - DAG(s) dict_keys(['example_weekday_branch_operator']) retrieved from /home/airflow/.local/lib/python3.6/site-packages/airflow/example_dags/example_branch_day_of_week_operator.py
[2025-12-10 18:28:40,025] {logging_mixin.py:109} INFO - [2025-12-10 18:28:40,025] {dag.py:2396} INFO - Sync 1 DAGs
[2025-12-10 18:28:40,039] {logging_mixin.py:109} INFO - [2025-12-10 18:28:40,039] {dag.py:2935} INFO - Setting next_dagrun for example_weekday_branch_operator to 2025-12-09 00:00:00+00:00
[2025-12-10 18:28:40,047] {processor.py:171} INFO - Processing /home/airflow/.local/lib/python3.6/site-packages/airflow/example_dags/example_branch_day_of_week_operator.py took 0.071 seconds
[2025-12-10 18:29:10,258] {processor.py:163} INFO - Started process (PID=781) to work on /home/airflow/.local/lib/python3.6/site-packages/airflow/example_dags/example_branch_day_of_week_operator.py
[2025-12-10 18:29:10,259] {processor.py:642} INFO - Processing file /home/airflow/.local/lib/python3.6/site-packages/airflow/example_dags/example_branch_day_of_week_operator.py for tasks to queue
[2025-12-10 18:29:10,259] {logging_mixin.py:109} INFO - [2025-12-10 18:29:10,259] {dagbag.py:500} INFO - Filling up the DagBag from /home/airflow/.local/lib/python3.6/site-packages/airflow/example_dags/example_branch_day_of_week_operator.py
[2025-12-10 18:29:10,286] {processor.py:654} INFO - DAG(s) dict_keys(['example_weekday_branch_operator']) retrieved from /home/airflow/.local/lib/python3.6/site-packages/airflow/example_dags/example_branch_day_of_week_operator.py
[2025-12-10 18:29:10,295] {logging_mixin.py:109} INFO - [2025-12-10 18:29:10,295] {dag.py:2396} INFO - Sync 1 DAGs
[2025-12-10 18:29:10,311] {logging_mixin.py:109} INFO - [2025-12-10 18:29:10,311] {dag.py:2935} INFO - Setting next_dagrun for example_weekday_branch_operator to 2025-12-09 00:00:00+00:00
[2025-12-10 18:29:10,318] {processor.py:171} INFO - Processing /home/airflow/.local/lib/python3.6/site-packages/airflow/example_dags/example_branch_day_of_week_operator.py took 0.063 seconds
[2025-12-10 18:29:40,784] {processor.py:163} INFO - Started process (PID=843) to work on /home/airflow/.local/lib/python3.6/site-packages/airflow/example_dags/example_branch_day_of_week_operator.py
[2025-12-10 18:29:40,785] {processor.py:642} INFO - Processing file /home/airflow/.local/lib/python3.6/site-packages/airflow/example_dags/example_branch_day_of_week_operator.py for tasks to queue
[2025-12-10 18:29:40,786] {logging_mixin.py:109} INFO - [2025-12-10 18:29:40,786] {dagbag.py:500} INFO - Filling up the DagBag from /home/airflow/.local/lib/python3.6/site-packages/airflow/example_dags/example_branch_day_of_week_operator.py
[2025-12-10 18:29:40,813] {processor.py:654} INFO - DAG(s) dict_keys(['example_weekday_branch_operator']) retrieved from /home/airflow/.local/lib/python3.6/site-packages/airflow/example_dags/example_branch_day_of_week_operator.py
[2025-12-10 18:29:40,822] {logging_mixin.py:109} INFO - [2025-12-10 18:29:40,822] {dag.py:2396} INFO - Sync 1 DAGs
[2025-12-10 18:29:40,839] {logging_mixin.py:109} INFO - [2025-12-10 18:29:40,839] {dag.py:2935} INFO - Setting next_dagrun for example_weekday_branch_operator to 2025-12-09 00:00:00+00:00
[2025-12-10 18:29:40,847] {processor.py:171} INFO - Processing /home/airflow/.local/lib/python3.6/site-packages/airflow/example_dags/example_branch_day_of_week_operator.py took 0.066 seconds
[2025-12-10 18:30:11,290] {processor.py:163} INFO - Started process (PID=895) to work on /home/airflow/.local/lib/python3.6/site-packages/airflow/example_dags/example_branch_day_of_week_operator.py
[2025-12-10 18:30:11,291] {processor.py:642} INFO - Processing file /home/airflow/.local/lib/python3.6/site-packages/airflow/example_dags/example_branch_day_of_week_operator.py for tasks to queue
[2025-12-10 18:30:11,291] {logging_mixin.py:109} INFO - [2025-12-10 18:30:11,291] {dagbag.py:500} INFO - Filling up the DagBag from /home/airflow/.local/lib/python3.6/site-packages/airflow/example_dags/example_branch_day_of_week_operator.py
[2025-12-10 18:30:11,318] {processor.py:654} INFO - DAG(s) dict_keys(['example_weekday_branch_operator']) retrieved from /home/airflow/.local/lib/python3.6/site-packages/airflow/example_dags/example_branch_day_of_week_operator.py
[2025-12-10 18:30:11,327] {logging_mixin.py:109} INFO - [2025-12-10 18:30:11,327] {dag.py:2396} INFO - Sync 1 DAGs
[2025-12-10 18:30:11,343] {logging_mixin.py:109} INFO - [2025-12-10 18:30:11,343] {dag.py:2935} INFO - Setting next_dagrun for example_weekday_branch_operator to 2025-12-09 00:00:00+00:00
[2025-12-10 18:30:11,350] {processor.py:171} INFO - Processing /home/airflow/.local/lib/python3.6/site-packages/airflow/example_dags/example_branch_day_of_week_operator.py took 0.063 seconds
[2025-12-10 18:30:41,662] {processor.py:163} INFO - Started process (PID=957) to work on /home/airflow/.local/lib/python3.6/site-packages/airflow/example_dags/example_branch_day_of_week_operator.py
[2025-12-10 18:30:41,663] {processor.py:642} INFO - Processing file /home/airflow/.local/lib/python3.6/site-packages/airflow/example_dags/example_branch_day_of_week_operator.py for tasks to queue
[2025-12-10 18:30:41,664] {logging_mixin.py:109} INFO - [2025-12-10 18:30:41,663] {dagbag.py:500} INFO - Filling up the DagBag from /home/airflow/.local/lib/python3.6/site-packages/airflow/example_dags/example_branch_day_of_week_operator.py
[2025-12-10 18:30:41,690] {processor.py:654} INFO - DAG(s) dict_keys(['example_weekday_branch_operator']) retrieved from /home/airflow/.local/lib/python3.6/site-packages/airflow/example_dags/example_branch_day_of_week_operator.py
[2025-12-10 18:30:41,701] {logging_mixin.py:109} INFO - [2025-12-10 18:30:41,701] {dag.py:2396} INFO - Sync 1 DAGs
[2025-12-10 18:30:41,717] {logging_mixin.py:109} INFO - [2025-12-10 18:30:41,717] {dag.py:2935} INFO - Setting next_dagrun for example_weekday_branch_operator to 2025-12-09 00:00:00+00:00
[2025-12-10 18:30:41,724] {processor.py:171} INFO - Processing /home/airflow/.local/lib/python3.6/site-packages/airflow/example_dags/example_branch_day_of_week_operator.py took 0.065 seconds
[2025-12-10 18:31:12,110] {processor.py:163} INFO - Started process (PID=1009) to work on /home/airflow/.local/lib/python3.6/site-packages/airflow/example_dags/example_branch_day_of_week_operator.py
[2025-12-10 18:31:12,111] {processor.py:642} INFO - Processing file /home/airflow/.local/lib/python3.6/site-packages/airflow/example_dags/example_branch_day_of_week_operator.py for tasks to queue
[2025-12-10 18:31:12,112] {logging_mixin.py:109} INFO - [2025-12-10 18:31:12,112] {dagbag.py:500} INFO - Filling up the DagBag from /home/airflow/.local/lib/python3.6/site-packages/airflow/example_dags/example_branch_day_of_week_operator.py
[2025-12-10 18:31:12,141] {processor.py:654} INFO - DAG(s) dict_keys(['example_weekday_branch_operator']) retrieved from /home/airflow/.local/lib/python3.6/site-packages/airflow/example_dags/example_branch_day_of_week_operator.py
[2025-12-10 18:31:12,150] {logging_mixin.py:109} INFO - [2025-12-10 18:31:12,150] {dag.py:2396} INFO - Sync 1 DAGs
[2025-12-10 18:31:12,166] {logging_mixin.py:109} INFO - [2025-12-10 18:31:12,166] {dag.py:2935} INFO - Setting next_dagrun for example_weekday_branch_operator to 2025-12-09 00:00:00+00:00
[2025-12-10 18:31:12,174] {processor.py:171} INFO - Processing /home/airflow/.local/lib/python3.6/site-packages/airflow/example_dags/example_branch_day_of_week_operator.py took 0.067 seconds
[2025-12-10 18:31:42,497] {processor.py:163} INFO - Started process (PID=1071) to work on /home/airflow/.local/lib/python3.6/site-packages/airflow/example_dags/example_branch_day_of_week_operator.py
[2025-12-10 18:31:42,499] {processor.py:642} INFO - Processing file /home/airflow/.local/lib/python3.6/site-packages/airflow/example_dags/example_branch_day_of_week_operator.py for tasks to queue
[2025-12-10 18:31:42,499] {logging_mixin.py:109} INFO - [2025-12-10 18:31:42,499] {dagbag.py:500} INFO - Filling up the DagBag from /home/airflow/.local/lib/python3.6/site-packages/airflow/example_dags/example_branch_day_of_week_operator.py
[2025-12-10 18:31:42,525] {processor.py:654} INFO - DAG(s) dict_keys(['example_weekday_branch_operator']) retrieved from /home/airflow/.local/lib/python3.6/site-packages/airflow/example_dags/example_branch_day_of_week_operator.py
[2025-12-10 18:31:42,534] {logging_mixin.py:109} INFO - [2025-12-10 18:31:42,534] {dag.py:2396} INFO - Sync 1 DAGs
[2025-12-10 18:31:42,549] {logging_mixin.py:109} INFO - [2025-12-10 18:31:42,549] {dag.py:2935} INFO - Setting next_dagrun for example_weekday_branch_operator to 2025-12-09 00:00:00+00:00
[2025-12-10 18:31:42,557] {processor.py:171} INFO - Processing /home/airflow/.local/lib/python3.6/site-packages/airflow/example_dags/example_branch_day_of_week_operator.py took 0.062 seconds
[2025-12-10 18:32:12,926] {processor.py:163} INFO - Started process (PID=1133) to work on /home/airflow/.local/lib/python3.6/site-packages/airflow/example_dags/example_branch_day_of_week_operator.py
[2025-12-10 18:32:12,927] {processor.py:642} INFO - Processing file /home/airflow/.local/lib/python3.6/site-packages/airflow/example_dags/example_branch_day_of_week_operator.py for tasks to queue
[2025-12-10 18:32:12,927] {logging_mixin.py:109} INFO - [2025-12-10 18:32:12,927] {dagbag.py:500} INFO - Filling up the DagBag from /home/airflow/.local/lib/python3.6/site-packages/airflow/example_dags/example_branch_day_of_week_operator.py
[2025-12-10 18:32:12,954] {processor.py:654} INFO - DAG(s) dict_keys(['example_weekday_branch_operator']) retrieved from /home/airflow/.local/lib/python3.6/site-packages/airflow/example_dags/example_branch_day_of_week_operator.py
[2025-12-10 18:32:12,963] {logging_mixin.py:109} INFO - [2025-12-10 18:32:12,963] {dag.py:2396} INFO - Sync 1 DAGs
[2025-12-10 18:32:12,978] {logging_mixin.py:109} INFO - [2025-12-10 18:32:12,978] {dag.py:2935} INFO - Setting next_dagrun for example_weekday_branch_operator to 2025-12-09 00:00:00+00:00
[2025-12-10 18:32:12,986] {processor.py:171} INFO - Processing /home/airflow/.local/lib/python3.6/site-packages/airflow/example_dags/example_branch_day_of_week_operator.py took 0.064 seconds
[2025-12-10 18:32:43,360] {processor.py:163} INFO - Started process (PID=1185) to work on /home/airflow/.local/lib/python3.6/site-packages/airflow/example_dags/example_branch_day_of_week_operator.py
[2025-12-10 18:32:43,361] {processor.py:642} INFO - Processing file /home/airflow/.local/lib/python3.6/site-packages/airflow/example_dags/example_branch_day_of_week_operator.py for tasks to queue
[2025-12-10 18:32:43,362] {logging_mixin.py:109} INFO - [2025-12-10 18:32:43,362] {dagbag.py:500} INFO - Filling up the DagBag from /home/airflow/.local/lib/python3.6/site-packages/airflow/example_dags/example_branch_day_of_week_operator.py
[2025-12-10 18:32:43,388] {processor.py:654} INFO - DAG(s) dict_keys(['example_weekday_branch_operator']) retrieved from /home/airflow/.local/lib/python3.6/site-packages/airflow/example_dags/example_branch_day_of_week_operator.py
[2025-12-10 18:32:43,397] {logging_mixin.py:109} INFO - [2025-12-10 18:32:43,397] {dag.py:2396} INFO - Sync 1 DAGs
[2025-12-10 18:32:43,411] {logging_mixin.py:109} INFO - [2025-12-10 18:32:43,411] {dag.py:2935} INFO - Setting next_dagrun for example_weekday_branch_operator to 2025-12-09 00:00:00+00:00
[2025-12-10 18:32:43,418] {processor.py:171} INFO - Processing /home/airflow/.local/lib/python3.6/site-packages/airflow/example_dags/example_branch_day_of_week_operator.py took 0.061 seconds
[2025-12-10 18:33:13,789] {processor.py:163} INFO - Started process (PID=1247) to work on /home/airflow/.local/lib/python3.6/site-packages/airflow/example_dags/example_branch_day_of_week_operator.py
[2025-12-10 18:33:13,790] {processor.py:642} INFO - Processing file /home/airflow/.local/lib/python3.6/site-packages/airflow/example_dags/example_branch_day_of_week_operator.py for tasks to queue
[2025-12-10 18:33:13,790] {logging_mixin.py:109} INFO - [2025-12-10 18:33:13,790] {dagbag.py:500} INFO - Filling up the DagBag from /home/airflow/.local/lib/python3.6/site-packages/airflow/example_dags/example_branch_day_of_week_operator.py
[2025-12-10 18:33:13,818] {processor.py:654} INFO - DAG(s) dict_keys(['example_weekday_branch_operator']) retrieved from /home/airflow/.local/lib/python3.6/site-packages/airflow/example_dags/example_branch_day_of_week_operator.py
[2025-12-10 18:33:13,829] {logging_mixin.py:109} INFO - [2025-12-10 18:33:13,829] {dag.py:2396} INFO - Sync 1 DAGs
[2025-12-10 18:33:13,844] {logging_mixin.py:109} INFO - [2025-12-10 18:33:13,844] {dag.py:2935} INFO - Setting next_dagrun for example_weekday_branch_operator to 2025-12-09 00:00:00+00:00
[2025-12-10 18:33:13,851] {processor.py:171} INFO - Processing /home/airflow/.local/lib/python3.6/site-packages/airflow/example_dags/example_branch_day_of_week_operator.py took 0.066 seconds
[2025-12-10 18:33:44,001] {processor.py:163} INFO - Started process (PID=1307) to work on /home/airflow/.local/lib/python3.6/site-packages/airflow/example_dags/example_branch_day_of_week_operator.py
[2025-12-10 18:33:44,002] {processor.py:642} INFO - Processing file /home/airflow/.local/lib/python3.6/site-packages/airflow/example_dags/example_branch_day_of_week_operator.py for tasks to queue
[2025-12-10 18:33:44,003] {logging_mixin.py:109} INFO - [2025-12-10 18:33:44,003] {dagbag.py:500} INFO - Filling up the DagBag from /home/airflow/.local/lib/python3.6/site-packages/airflow/example_dags/example_branch_day_of_week_operator.py
[2025-12-10 18:33:44,031] {processor.py:654} INFO - DAG(s) dict_keys(['example_weekday_branch_operator']) retrieved from /home/airflow/.local/lib/python3.6/site-packages/airflow/example_dags/example_branch_day_of_week_operator.py
[2025-12-10 18:33:44,040] {logging_mixin.py:109} INFO - [2025-12-10 18:33:44,040] {dag.py:2396} INFO - Sync 1 DAGs
[2025-12-10 18:33:44,055] {logging_mixin.py:109} INFO - [2025-12-10 18:33:44,055] {dag.py:2935} INFO - Setting next_dagrun for example_weekday_branch_operator to 2025-12-09 00:00:00+00:00
[2025-12-10 18:33:44,063] {processor.py:171} INFO - Processing /home/airflow/.local/lib/python3.6/site-packages/airflow/example_dags/example_branch_day_of_week_operator.py took 0.065 seconds
[2025-12-10 18:34:14,586] {processor.py:163} INFO - Started process (PID=1362) to work on /home/airflow/.local/lib/python3.6/site-packages/airflow/example_dags/example_branch_day_of_week_operator.py
[2025-12-10 18:34:14,588] {processor.py:642} INFO - Processing file /home/airflow/.local/lib/python3.6/site-packages/airflow/example_dags/example_branch_day_of_week_operator.py for tasks to queue
[2025-12-10 18:34:14,588] {logging_mixin.py:109} INFO - [2025-12-10 18:34:14,588] {dagbag.py:500} INFO - Filling up the DagBag from /home/airflow/.local/lib/python3.6/site-packages/airflow/example_dags/example_branch_day_of_week_operator.py
[2025-12-10 18:34:14,616] {processor.py:654} INFO - DAG(s) dict_keys(['example_weekday_branch_operator']) retrieved from /home/airflow/.local/lib/python3.6/site-packages/airflow/example_dags/example_branch_day_of_week_operator.py
[2025-12-10 18:34:14,625] {logging_mixin.py:109} INFO - [2025-12-10 18:34:14,625] {dag.py:2396} INFO - Sync 1 DAGs
[2025-12-10 18:34:14,642] {logging_mixin.py:109} INFO - [2025-12-10 18:34:14,642] {dag.py:2935} INFO - Setting next_dagrun for example_weekday_branch_operator to 2025-12-09 00:00:00+00:00
[2025-12-10 18:34:14,649] {processor.py:171} INFO - Processing /home/airflow/.local/lib/python3.6/site-packages/airflow/example_dags/example_branch_day_of_week_operator.py took 0.066 seconds
[2025-12-10 18:34:44,935] {processor.py:163} INFO - Started process (PID=1424) to work on /home/airflow/.local/lib/python3.6/site-packages/airflow/example_dags/example_branch_day_of_week_operator.py
[2025-12-10 18:34:44,936] {processor.py:642} INFO - Processing file /home/airflow/.local/lib/python3.6/site-packages/airflow/example_dags/example_branch_day_of_week_operator.py for tasks to queue
[2025-12-10 18:34:44,936] {logging_mixin.py:109} INFO - [2025-12-10 18:34:44,936] {dagbag.py:500} INFO - Filling up the DagBag from /home/airflow/.local/lib/python3.6/site-packages/airflow/example_dags/example_branch_day_of_week_operator.py
[2025-12-10 18:34:44,961] {processor.py:654} INFO - DAG(s) dict_keys(['example_weekday_branch_operator']) retrieved from /home/airflow/.local/lib/python3.6/site-packages/airflow/example_dags/example_branch_day_of_week_operator.py
[2025-12-10 18:34:44,970] {logging_mixin.py:109} INFO - [2025-12-10 18:34:44,969] {dag.py:2396} INFO - Sync 1 DAGs
[2025-12-10 18:34:44,983] {logging_mixin.py:109} INFO - [2025-12-10 18:34:44,983] {dag.py:2935} INFO - Setting next_dagrun for example_weekday_branch_operator to 2025-12-09 00:00:00+00:00
[2025-12-10 18:34:44,990] {processor.py:171} INFO - Processing /home/airflow/.local/lib/python3.6/site-packages/airflow/example_dags/example_branch_day_of_week_operator.py took 0.058 seconds
[2025-12-10 18:35:15,074] {processor.py:163} INFO - Started process (PID=1476) to work on /home/airflow/.local/lib/python3.6/site-packages/airflow/example_dags/example_branch_day_of_week_operator.py
[2025-12-10 18:35:15,076] {processor.py:642} INFO - Processing file /home/airflow/.local/lib/python3.6/site-packages/airflow/example_dags/example_branch_day_of_week_operator.py for tasks to queue
[2025-12-10 18:35:15,076] {logging_mixin.py:109} INFO - [2025-12-10 18:35:15,076] {dagbag.py:500} INFO - Filling up the DagBag from /home/airflow/.local/lib/python3.6/site-packages/airflow/example_dags/example_branch_day_of_week_operator.py
[2025-12-10 18:35:15,102] {processor.py:654} INFO - DAG(s) dict_keys(['example_weekday_branch_operator']) retrieved from /home/airflow/.local/lib/python3.6/site-packages/airflow/example_dags/example_branch_day_of_week_operator.py
[2025-12-10 18:35:15,112] {logging_mixin.py:109} INFO - [2025-12-10 18:35:15,112] {dag.py:2396} INFO - Sync 1 DAGs
[2025-12-10 18:35:15,128] {logging_mixin.py:109} INFO - [2025-12-10 18:35:15,128] {dag.py:2935} INFO - Setting next_dagrun for example_weekday_branch_operator to 2025-12-09 00:00:00+00:00
[2025-12-10 18:35:15,135] {processor.py:171} INFO - Processing /home/airflow/.local/lib/python3.6/site-packages/airflow/example_dags/example_branch_day_of_week_operator.py took 0.065 seconds
[2025-12-10 18:35:45,198] {processor.py:163} INFO - Started process (PID=1537) to work on /home/airflow/.local/lib/python3.6/site-packages/airflow/example_dags/example_branch_day_of_week_operator.py
[2025-12-10 18:35:45,206] {processor.py:642} INFO - Processing file /home/airflow/.local/lib/python3.6/site-packages/airflow/example_dags/example_branch_day_of_week_operator.py for tasks to queue
[2025-12-10 18:35:45,207] {logging_mixin.py:109} INFO - [2025-12-10 18:35:45,206] {dagbag.py:500} INFO - Filling up the DagBag from /home/airflow/.local/lib/python3.6/site-packages/airflow/example_dags/example_branch_day_of_week_operator.py
[2025-12-10 18:35:45,232] {processor.py:654} INFO - DAG(s) dict_keys(['example_weekday_branch_operator']) retrieved from /home/airflow/.local/lib/python3.6/site-packages/airflow/example_dags/example_branch_day_of_week_operator.py
[2025-12-10 18:35:45,240] {logging_mixin.py:109} INFO - [2025-12-10 18:35:45,240] {dag.py:2396} INFO - Sync 1 DAGs
[2025-12-10 18:35:45,256] {logging_mixin.py:109} INFO - [2025-12-10 18:35:45,256] {dag.py:2935} INFO - Setting next_dagrun for example_weekday_branch_operator to 2025-12-09 00:00:00+00:00
[2025-12-10 18:35:45,263] {processor.py:171} INFO - Processing /home/airflow/.local/lib/python3.6/site-packages/airflow/example_dags/example_branch_day_of_week_operator.py took 0.068 seconds
[2025-12-10 18:36:16,093] {processor.py:163} INFO - Started process (PID=1600) to work on /home/airflow/.local/lib/python3.6/site-packages/airflow/example_dags/example_branch_day_of_week_operator.py
[2025-12-10 18:36:16,093] {processor.py:642} INFO - Processing file /home/airflow/.local/lib/python3.6/site-packages/airflow/example_dags/example_branch_day_of_week_operator.py for tasks to queue
[2025-12-10 18:36:16,094] {logging_mixin.py:109} INFO - [2025-12-10 18:36:16,094] {dagbag.py:500} INFO - Filling up the DagBag from /home/airflow/.local/lib/python3.6/site-packages/airflow/example_dags/example_branch_day_of_week_operator.py
[2025-12-10 18:36:16,127] {processor.py:654} INFO - DAG(s) dict_keys(['example_weekday_branch_operator']) retrieved from /home/airflow/.local/lib/python3.6/site-packages/airflow/example_dags/example_branch_day_of_week_operator.py
[2025-12-10 18:36:16,139] {logging_mixin.py:109} INFO - [2025-12-10 18:36:16,139] {dag.py:2396} INFO - Sync 1 DAGs
[2025-12-10 18:36:16,158] {logging_mixin.py:109} INFO - [2025-12-10 18:36:16,158] {dag.py:2935} INFO - Setting next_dagrun for example_weekday_branch_operator to 2025-12-09 00:00:00+00:00
[2025-12-10 18:36:16,166] {processor.py:171} INFO - Processing /home/airflow/.local/lib/python3.6/site-packages/airflow/example_dags/example_branch_day_of_week_operator.py took 0.077 seconds
[2025-12-10 18:36:46,577] {processor.py:163} INFO - Started process (PID=1652) to work on /home/airflow/.local/lib/python3.6/site-packages/airflow/example_dags/example_branch_day_of_week_operator.py
[2025-12-10 18:36:46,579] {processor.py:642} INFO - Processing file /home/airflow/.local/lib/python3.6/site-packages/airflow/example_dags/example_branch_day_of_week_operator.py for tasks to queue
[2025-12-10 18:36:46,579] {logging_mixin.py:109} INFO - [2025-12-10 18:36:46,579] {dagbag.py:500} INFO - Filling up the DagBag from /home/airflow/.local/lib/python3.6/site-packages/airflow/example_dags/example_branch_day_of_week_operator.py
[2025-12-10 18:36:46,612] {processor.py:654} INFO - DAG(s) dict_keys(['example_weekday_branch_operator']) retrieved from /home/airflow/.local/lib/python3.6/site-packages/airflow/example_dags/example_branch_day_of_week_operator.py
[2025-12-10 18:36:46,621] {logging_mixin.py:109} INFO - [2025-12-10 18:36:46,621] {dag.py:2396} INFO - Sync 1 DAGs
[2025-12-10 18:36:46,637] {logging_mixin.py:109} INFO - [2025-12-10 18:36:46,637] {dag.py:2935} INFO - Setting next_dagrun for example_weekday_branch_operator to 2025-12-09 00:00:00+00:00
[2025-12-10 18:36:46,647] {processor.py:171} INFO - Processing /home/airflow/.local/lib/python3.6/site-packages/airflow/example_dags/example_branch_day_of_week_operator.py took 0.074 seconds
[2025-12-10 18:37:17,137] {processor.py:163} INFO - Started process (PID=1714) to work on /home/airflow/.local/lib/python3.6/site-packages/airflow/example_dags/example_branch_day_of_week_operator.py
[2025-12-10 18:37:17,138] {processor.py:642} INFO - Processing file /home/airflow/.local/lib/python3.6/site-packages/airflow/example_dags/example_branch_day_of_week_operator.py for tasks to queue
[2025-12-10 18:37:17,139] {logging_mixin.py:109} INFO - [2025-12-10 18:37:17,139] {dagbag.py:500} INFO - Filling up the DagBag from /home/airflow/.local/lib/python3.6/site-packages/airflow/example_dags/example_branch_day_of_week_operator.py
[2025-12-10 18:37:17,167] {processor.py:654} INFO - DAG(s) dict_keys(['example_weekday_branch_operator']) retrieved from /home/airflow/.local/lib/python3.6/site-packages/airflow/example_dags/example_branch_day_of_week_operator.py
[2025-12-10 18:37:17,178] {logging_mixin.py:109} INFO - [2025-12-10 18:37:17,178] {dag.py:2396} INFO - Sync 1 DAGs
[2025-12-10 18:37:17,193] {logging_mixin.py:109} INFO - [2025-12-10 18:37:17,193] {dag.py:2935} INFO - Setting next_dagrun for example_weekday_branch_operator to 2025-12-09 00:00:00+00:00
[2025-12-10 18:37:17,200] {processor.py:171} INFO - Processing /home/airflow/.local/lib/python3.6/site-packages/airflow/example_dags/example_branch_day_of_week_operator.py took 0.066 seconds
[2025-12-10 18:37:47,379] {processor.py:163} INFO - Started process (PID=1766) to work on /home/airflow/.local/lib/python3.6/site-packages/airflow/example_dags/example_branch_day_of_week_operator.py
[2025-12-10 18:37:47,380] {processor.py:642} INFO - Processing file /home/airflow/.local/lib/python3.6/site-packages/airflow/example_dags/example_branch_day_of_week_operator.py for tasks to queue
[2025-12-10 18:37:47,381] {logging_mixin.py:109} INFO - [2025-12-10 18:37:47,380] {dagbag.py:500} INFO - Filling up the DagBag from /home/airflow/.local/lib/python3.6/site-packages/airflow/example_dags/example_branch_day_of_week_operator.py
[2025-12-10 18:37:47,406] {processor.py:654} INFO - DAG(s) dict_keys(['example_weekday_branch_operator']) retrieved from /home/airflow/.local/lib/python3.6/site-packages/airflow/example_dags/example_branch_day_of_week_operator.py
[2025-12-10 18:37:47,415] {logging_mixin.py:109} INFO - [2025-12-10 18:37:47,415] {dag.py:2396} INFO - Sync 1 DAGs
[2025-12-10 18:37:47,430] {logging_mixin.py:109} INFO - [2025-12-10 18:37:47,430] {dag.py:2935} INFO - Setting next_dagrun for example_weekday_branch_operator to 2025-12-09 00:00:00+00:00
[2025-12-10 18:37:47,438] {processor.py:171} INFO - Processing /home/airflow/.local/lib/python3.6/site-packages/airflow/example_dags/example_branch_day_of_week_operator.py took 0.062 seconds
[2025-12-10 18:38:17,753] {processor.py:163} INFO - Started process (PID=1828) to work on /home/airflow/.local/lib/python3.6/site-packages/airflow/example_dags/example_branch_day_of_week_operator.py
[2025-12-10 18:38:17,753] {processor.py:642} INFO - Processing file /home/airflow/.local/lib/python3.6/site-packages/airflow/example_dags/example_branch_day_of_week_operator.py for tasks to queue
[2025-12-10 18:38:17,754] {logging_mixin.py:109} INFO - [2025-12-10 18:38:17,754] {dagbag.py:500} INFO - Filling up the DagBag from /home/airflow/.local/lib/python3.6/site-packages/airflow/example_dags/example_branch_day_of_week_operator.py
[2025-12-10 18:38:17,779] {processor.py:654} INFO - DAG(s) dict_keys(['example_weekday_branch_operator']) retrieved from /home/airflow/.local/lib/python3.6/site-packages/airflow/example_dags/example_branch_day_of_week_operator.py
[2025-12-10 18:38:17,787] {logging_mixin.py:109} INFO - [2025-12-10 18:38:17,787] {dag.py:2396} INFO - Sync 1 DAGs
[2025-12-10 18:38:17,801] {logging_mixin.py:109} INFO - [2025-12-10 18:38:17,801] {dag.py:2935} INFO - Setting next_dagrun for example_weekday_branch_operator to 2025-12-09 00:00:00+00:00
[2025-12-10 18:38:17,807] {processor.py:171} INFO - Processing /home/airflow/.local/lib/python3.6/site-packages/airflow/example_dags/example_branch_day_of_week_operator.py took 0.058 seconds
[2025-12-10 18:38:48,182] {processor.py:163} INFO - Started process (PID=1890) to work on /home/airflow/.local/lib/python3.6/site-packages/airflow/example_dags/example_branch_day_of_week_operator.py
[2025-12-10 18:38:48,183] {processor.py:642} INFO - Processing file /home/airflow/.local/lib/python3.6/site-packages/airflow/example_dags/example_branch_day_of_week_operator.py for tasks to queue
[2025-12-10 18:38:48,184] {logging_mixin.py:109} INFO - [2025-12-10 18:38:48,183] {dagbag.py:500} INFO - Filling up the DagBag from /home/airflow/.local/lib/python3.6/site-packages/airflow/example_dags/example_branch_day_of_week_operator.py
[2025-12-10 18:38:48,213] {processor.py:654} INFO - DAG(s) dict_keys(['example_weekday_branch_operator']) retrieved from /home/airflow/.local/lib/python3.6/site-packages/airflow/example_dags/example_branch_day_of_week_operator.py
[2025-12-10 18:38:48,224] {logging_mixin.py:109} INFO - [2025-12-10 18:38:48,224] {dag.py:2396} INFO - Sync 1 DAGs
[2025-12-10 18:38:48,243] {logging_mixin.py:109} INFO - [2025-12-10 18:38:48,243] {dag.py:2935} INFO - Setting next_dagrun for example_weekday_branch_operator to 2025-12-09 00:00:00+00:00
[2025-12-10 18:38:48,252] {processor.py:171} INFO - Processing /home/airflow/.local/lib/python3.6/site-packages/airflow/example_dags/example_branch_day_of_week_operator.py took 0.074 seconds
[2025-12-10 18:39:18,469] {processor.py:163} INFO - Started process (PID=1942) to work on /home/airflow/.local/lib/python3.6/site-packages/airflow/example_dags/example_branch_day_of_week_operator.py
[2025-12-10 18:39:18,470] {processor.py:642} INFO - Processing file /home/airflow/.local/lib/python3.6/site-packages/airflow/example_dags/example_branch_day_of_week_operator.py for tasks to queue
[2025-12-10 18:39:18,471] {logging_mixin.py:109} INFO - [2025-12-10 18:39:18,471] {dagbag.py:500} INFO - Filling up the DagBag from /home/airflow/.local/lib/python3.6/site-packages/airflow/example_dags/example_branch_day_of_week_operator.py
[2025-12-10 18:39:18,497] {processor.py:654} INFO - DAG(s) dict_keys(['example_weekday_branch_operator']) retrieved from /home/airflow/.local/lib/python3.6/site-packages/airflow/example_dags/example_branch_day_of_week_operator.py
[2025-12-10 18:39:18,505] {logging_mixin.py:109} INFO - [2025-12-10 18:39:18,505] {dag.py:2396} INFO - Sync 1 DAGs
[2025-12-10 18:39:18,520] {logging_mixin.py:109} INFO - [2025-12-10 18:39:18,520] {dag.py:2935} INFO - Setting next_dagrun for example_weekday_branch_operator to 2025-12-09 00:00:00+00:00
[2025-12-10 18:39:18,527] {processor.py:171} INFO - Processing /home/airflow/.local/lib/python3.6/site-packages/airflow/example_dags/example_branch_day_of_week_operator.py took 0.061 seconds
[2025-12-10 18:39:48,782] {processor.py:163} INFO - Started process (PID=2004) to work on /home/airflow/.local/lib/python3.6/site-packages/airflow/example_dags/example_branch_day_of_week_operator.py
[2025-12-10 18:39:48,783] {processor.py:642} INFO - Processing file /home/airflow/.local/lib/python3.6/site-packages/airflow/example_dags/example_branch_day_of_week_operator.py for tasks to queue
[2025-12-10 18:39:48,783] {logging_mixin.py:109} INFO - [2025-12-10 18:39:48,783] {dagbag.py:500} INFO - Filling up the DagBag from /home/airflow/.local/lib/python3.6/site-packages/airflow/example_dags/example_branch_day_of_week_operator.py
[2025-12-10 18:39:48,809] {processor.py:654} INFO - DAG(s) dict_keys(['example_weekday_branch_operator']) retrieved from /home/airflow/.local/lib/python3.6/site-packages/airflow/example_dags/example_branch_day_of_week_operator.py
[2025-12-10 18:39:48,818] {logging_mixin.py:109} INFO - [2025-12-10 18:39:48,818] {dag.py:2396} INFO - Sync 1 DAGs
[2025-12-10 18:39:48,834] {logging_mixin.py:109} INFO - [2025-12-10 18:39:48,834] {dag.py:2935} INFO - Setting next_dagrun for example_weekday_branch_operator to 2025-12-09 00:00:00+00:00
[2025-12-10 18:39:48,841] {processor.py:171} INFO - Processing /home/airflow/.local/lib/python3.6/site-packages/airflow/example_dags/example_branch_day_of_week_operator.py took 0.062 seconds
[2025-12-10 18:40:19,173] {processor.py:163} INFO - Started process (PID=2056) to work on /home/airflow/.local/lib/python3.6/site-packages/airflow/example_dags/example_branch_day_of_week_operator.py
[2025-12-10 18:40:19,173] {processor.py:642} INFO - Processing file /home/airflow/.local/lib/python3.6/site-packages/airflow/example_dags/example_branch_day_of_week_operator.py for tasks to queue
[2025-12-10 18:40:19,174] {logging_mixin.py:109} INFO - [2025-12-10 18:40:19,174] {dagbag.py:500} INFO - Filling up the DagBag from /home/airflow/.local/lib/python3.6/site-packages/airflow/example_dags/example_branch_day_of_week_operator.py
[2025-12-10 18:40:19,199] {processor.py:654} INFO - DAG(s) dict_keys(['example_weekday_branch_operator']) retrieved from /home/airflow/.local/lib/python3.6/site-packages/airflow/example_dags/example_branch_day_of_week_operator.py
[2025-12-10 18:40:19,208] {logging_mixin.py:109} INFO - [2025-12-10 18:40:19,208] {dag.py:2396} INFO - Sync 1 DAGs
[2025-12-10 18:40:19,222] {logging_mixin.py:109} INFO - [2025-12-10 18:40:19,222] {dag.py:2935} INFO - Setting next_dagrun for example_weekday_branch_operator to 2025-12-09 00:00:00+00:00
[2025-12-10 18:40:19,229] {processor.py:171} INFO - Processing /home/airflow/.local/lib/python3.6/site-packages/airflow/example_dags/example_branch_day_of_week_operator.py took 0.059 seconds
[2025-12-10 18:40:49,521] {processor.py:163} INFO - Started process (PID=2118) to work on /home/airflow/.local/lib/python3.6/site-packages/airflow/example_dags/example_branch_day_of_week_operator.py
[2025-12-10 18:40:49,522] {processor.py:642} INFO - Processing file /home/airflow/.local/lib/python3.6/site-packages/airflow/example_dags/example_branch_day_of_week_operator.py for tasks to queue
[2025-12-10 18:40:49,523] {logging_mixin.py:109} INFO - [2025-12-10 18:40:49,522] {dagbag.py:500} INFO - Filling up the DagBag from /home/airflow/.local/lib/python3.6/site-packages/airflow/example_dags/example_branch_day_of_week_operator.py
[2025-12-10 18:40:49,548] {processor.py:654} INFO - DAG(s) dict_keys(['example_weekday_branch_operator']) retrieved from /home/airflow/.local/lib/python3.6/site-packages/airflow/example_dags/example_branch_day_of_week_operator.py
[2025-12-10 18:40:49,556] {logging_mixin.py:109} INFO - [2025-12-10 18:40:49,556] {dag.py:2396} INFO - Sync 1 DAGs
[2025-12-10 18:40:49,571] {logging_mixin.py:109} INFO - [2025-12-10 18:40:49,570] {dag.py:2935} INFO - Setting next_dagrun for example_weekday_branch_operator to 2025-12-09 00:00:00+00:00
[2025-12-10 18:40:49,577] {processor.py:171} INFO - Processing /home/airflow/.local/lib/python3.6/site-packages/airflow/example_dags/example_branch_day_of_week_operator.py took 0.060 seconds
[2025-12-10 18:41:19,948] {processor.py:163} INFO - Started process (PID=2180) to work on /home/airflow/.local/lib/python3.6/site-packages/airflow/example_dags/example_branch_day_of_week_operator.py
[2025-12-10 18:41:19,949] {processor.py:642} INFO - Processing file /home/airflow/.local/lib/python3.6/site-packages/airflow/example_dags/example_branch_day_of_week_operator.py for tasks to queue
[2025-12-10 18:41:19,950] {logging_mixin.py:109} INFO - [2025-12-10 18:41:19,949] {dagbag.py:500} INFO - Filling up the DagBag from /home/airflow/.local/lib/python3.6/site-packages/airflow/example_dags/example_branch_day_of_week_operator.py
[2025-12-10 18:41:19,982] {processor.py:654} INFO - DAG(s) dict_keys(['example_weekday_branch_operator']) retrieved from /home/airflow/.local/lib/python3.6/site-packages/airflow/example_dags/example_branch_day_of_week_operator.py
[2025-12-10 18:41:19,994] {logging_mixin.py:109} INFO - [2025-12-10 18:41:19,994] {dag.py:2396} INFO - Sync 1 DAGs
[2025-12-10 18:41:20,015] {logging_mixin.py:109} INFO - [2025-12-10 18:41:20,015] {dag.py:2935} INFO - Setting next_dagrun for example_weekday_branch_operator to 2025-12-09 00:00:00+00:00
[2025-12-10 18:41:20,025] {processor.py:171} INFO - Processing /home/airflow/.local/lib/python3.6/site-packages/airflow/example_dags/example_branch_day_of_week_operator.py took 0.080 seconds
[2025-12-10 18:41:50,200] {processor.py:163} INFO - Started process (PID=2232) to work on /home/airflow/.local/lib/python3.6/site-packages/airflow/example_dags/example_branch_day_of_week_operator.py
[2025-12-10 18:41:50,201] {processor.py:642} INFO - Processing file /home/airflow/.local/lib/python3.6/site-packages/airflow/example_dags/example_branch_day_of_week_operator.py for tasks to queue
[2025-12-10 18:41:50,202] {logging_mixin.py:109} INFO - [2025-12-10 18:41:50,202] {dagbag.py:500} INFO - Filling up the DagBag from /home/airflow/.local/lib/python3.6/site-packages/airflow/example_dags/example_branch_day_of_week_operator.py
[2025-12-10 18:41:50,231] {processor.py:654} INFO - DAG(s) dict_keys(['example_weekday_branch_operator']) retrieved from /home/airflow/.local/lib/python3.6/site-packages/airflow/example_dags/example_branch_day_of_week_operator.py
[2025-12-10 18:41:50,242] {logging_mixin.py:109} INFO - [2025-12-10 18:41:50,242] {dag.py:2396} INFO - Sync 1 DAGs
[2025-12-10 18:41:50,261] {logging_mixin.py:109} INFO - [2025-12-10 18:41:50,261] {dag.py:2935} INFO - Setting next_dagrun for example_weekday_branch_operator to 2025-12-09 00:00:00+00:00
[2025-12-10 18:41:50,269] {processor.py:171} INFO - Processing /home/airflow/.local/lib/python3.6/site-packages/airflow/example_dags/example_branch_day_of_week_operator.py took 0.072 seconds
[2025-12-10 18:42:20,534] {processor.py:163} INFO - Started process (PID=2294) to work on /home/airflow/.local/lib/python3.6/site-packages/airflow/example_dags/example_branch_day_of_week_operator.py
[2025-12-10 18:42:20,535] {processor.py:642} INFO - Processing file /home/airflow/.local/lib/python3.6/site-packages/airflow/example_dags/example_branch_day_of_week_operator.py for tasks to queue
[2025-12-10 18:42:20,535] {logging_mixin.py:109} INFO - [2025-12-10 18:42:20,535] {dagbag.py:500} INFO - Filling up the DagBag from /home/airflow/.local/lib/python3.6/site-packages/airflow/example_dags/example_branch_day_of_week_operator.py
[2025-12-10 18:42:20,567] {processor.py:654} INFO - DAG(s) dict_keys(['example_weekday_branch_operator']) retrieved from /home/airflow/.local/lib/python3.6/site-packages/airflow/example_dags/example_branch_day_of_week_operator.py
[2025-12-10 18:42:20,577] {logging_mixin.py:109} INFO - [2025-12-10 18:42:20,577] {dag.py:2396} INFO - Sync 1 DAGs
[2025-12-10 18:42:20,594] {logging_mixin.py:109} INFO - [2025-12-10 18:42:20,594] {dag.py:2935} INFO - Setting next_dagrun for example_weekday_branch_operator to 2025-12-09 00:00:00+00:00
[2025-12-10 18:42:20,604] {processor.py:171} INFO - Processing /home/airflow/.local/lib/python3.6/site-packages/airflow/example_dags/example_branch_day_of_week_operator.py took 0.073 seconds
[2025-12-10 18:42:51,126] {processor.py:163} INFO - Started process (PID=2346) to work on /home/airflow/.local/lib/python3.6/site-packages/airflow/example_dags/example_branch_day_of_week_operator.py
[2025-12-10 18:42:51,128] {processor.py:642} INFO - Processing file /home/airflow/.local/lib/python3.6/site-packages/airflow/example_dags/example_branch_day_of_week_operator.py for tasks to queue
[2025-12-10 18:42:51,129] {logging_mixin.py:109} INFO - [2025-12-10 18:42:51,128] {dagbag.py:500} INFO - Filling up the DagBag from /home/airflow/.local/lib/python3.6/site-packages/airflow/example_dags/example_branch_day_of_week_operator.py
[2025-12-10 18:42:51,156] {processor.py:654} INFO - DAG(s) dict_keys(['example_weekday_branch_operator']) retrieved from /home/airflow/.local/lib/python3.6/site-packages/airflow/example_dags/example_branch_day_of_week_operator.py
[2025-12-10 18:42:51,166] {logging_mixin.py:109} INFO - [2025-12-10 18:42:51,166] {dag.py:2396} INFO - Sync 1 DAGs
[2025-12-10 18:42:51,182] {logging_mixin.py:109} INFO - [2025-12-10 18:42:51,182] {dag.py:2935} INFO - Setting next_dagrun for example_weekday_branch_operator to 2025-12-09 00:00:00+00:00
[2025-12-10 18:42:51,190] {processor.py:171} INFO - Processing /home/airflow/.local/lib/python3.6/site-packages/airflow/example_dags/example_branch_day_of_week_operator.py took 0.067 seconds
[2025-12-10 18:43:21,689] {processor.py:163} INFO - Started process (PID=2408) to work on /home/airflow/.local/lib/python3.6/site-packages/airflow/example_dags/example_branch_day_of_week_operator.py
[2025-12-10 18:43:21,690] {processor.py:642} INFO - Processing file /home/airflow/.local/lib/python3.6/site-packages/airflow/example_dags/example_branch_day_of_week_operator.py for tasks to queue
[2025-12-10 18:43:21,691] {logging_mixin.py:109} INFO - [2025-12-10 18:43:21,691] {dagbag.py:500} INFO - Filling up the DagBag from /home/airflow/.local/lib/python3.6/site-packages/airflow/example_dags/example_branch_day_of_week_operator.py
[2025-12-10 18:43:21,716] {processor.py:654} INFO - DAG(s) dict_keys(['example_weekday_branch_operator']) retrieved from /home/airflow/.local/lib/python3.6/site-packages/airflow/example_dags/example_branch_day_of_week_operator.py
[2025-12-10 18:43:21,725] {logging_mixin.py:109} INFO - [2025-12-10 18:43:21,724] {dag.py:2396} INFO - Sync 1 DAGs
[2025-12-10 18:43:21,739] {logging_mixin.py:109} INFO - [2025-12-10 18:43:21,738] {dag.py:2935} INFO - Setting next_dagrun for example_weekday_branch_operator to 2025-12-09 00:00:00+00:00
[2025-12-10 18:43:21,746] {processor.py:171} INFO - Processing /home/airflow/.local/lib/python3.6/site-packages/airflow/example_dags/example_branch_day_of_week_operator.py took 0.060 seconds
[2025-12-10 18:43:52,287] {processor.py:163} INFO - Started process (PID=2460) to work on /home/airflow/.local/lib/python3.6/site-packages/airflow/example_dags/example_branch_day_of_week_operator.py
[2025-12-10 18:43:52,288] {processor.py:642} INFO - Processing file /home/airflow/.local/lib/python3.6/site-packages/airflow/example_dags/example_branch_day_of_week_operator.py for tasks to queue
[2025-12-10 18:43:52,288] {logging_mixin.py:109} INFO - [2025-12-10 18:43:52,288] {dagbag.py:500} INFO - Filling up the DagBag from /home/airflow/.local/lib/python3.6/site-packages/airflow/example_dags/example_branch_day_of_week_operator.py
[2025-12-10 18:43:52,314] {processor.py:654} INFO - DAG(s) dict_keys(['example_weekday_branch_operator']) retrieved from /home/airflow/.local/lib/python3.6/site-packages/airflow/example_dags/example_branch_day_of_week_operator.py
[2025-12-10 18:43:52,323] {logging_mixin.py:109} INFO - [2025-12-10 18:43:52,323] {dag.py:2396} INFO - Sync 1 DAGs
[2025-12-10 18:43:52,337] {logging_mixin.py:109} INFO - [2025-12-10 18:43:52,337] {dag.py:2935} INFO - Setting next_dagrun for example_weekday_branch_operator to 2025-12-09 00:00:00+00:00
[2025-12-10 18:43:52,345] {processor.py:171} INFO - Processing /home/airflow/.local/lib/python3.6/site-packages/airflow/example_dags/example_branch_day_of_week_operator.py took 0.061 seconds
[2025-12-10 18:46:30,069] {processor.py:163} INFO - Started process (PID=59) to work on /home/airflow/.local/lib/python3.6/site-packages/airflow/example_dags/example_branch_day_of_week_operator.py
[2025-12-10 18:46:30,071] {processor.py:642} INFO - Processing file /home/airflow/.local/lib/python3.6/site-packages/airflow/example_dags/example_branch_day_of_week_operator.py for tasks to queue
[2025-12-10 18:46:30,072] {logging_mixin.py:109} INFO - [2025-12-10 18:46:30,072] {dagbag.py:500} INFO - Filling up the DagBag from /home/airflow/.local/lib/python3.6/site-packages/airflow/example_dags/example_branch_day_of_week_operator.py
[2025-12-10 18:46:30,105] {processor.py:654} INFO - DAG(s) dict_keys(['example_weekday_branch_operator']) retrieved from /home/airflow/.local/lib/python3.6/site-packages/airflow/example_dags/example_branch_day_of_week_operator.py
[2025-12-10 18:46:30,116] {logging_mixin.py:109} INFO - [2025-12-10 18:46:30,116] {dag.py:2396} INFO - Sync 1 DAGs
[2025-12-10 18:46:30,135] {logging_mixin.py:109} INFO - [2025-12-10 18:46:30,135] {dag.py:2935} INFO - Setting next_dagrun for example_weekday_branch_operator to 2025-12-09 00:00:00+00:00
[2025-12-10 18:46:30,143] {processor.py:171} INFO - Processing /home/airflow/.local/lib/python3.6/site-packages/airflow/example_dags/example_branch_day_of_week_operator.py took 0.078 seconds
[2025-12-10 18:47:01,976] {processor.py:163} INFO - Started process (PID=111) to work on /home/airflow/.local/lib/python3.6/site-packages/airflow/example_dags/example_branch_day_of_week_operator.py
[2025-12-10 18:47:01,978] {processor.py:642} INFO - Processing file /home/airflow/.local/lib/python3.6/site-packages/airflow/example_dags/example_branch_day_of_week_operator.py for tasks to queue
[2025-12-10 18:47:01,979] {logging_mixin.py:109} INFO - [2025-12-10 18:47:01,979] {dagbag.py:500} INFO - Filling up the DagBag from /home/airflow/.local/lib/python3.6/site-packages/airflow/example_dags/example_branch_day_of_week_operator.py
[2025-12-10 18:47:02,031] {processor.py:654} INFO - DAG(s) dict_keys(['example_weekday_branch_operator']) retrieved from /home/airflow/.local/lib/python3.6/site-packages/airflow/example_dags/example_branch_day_of_week_operator.py
[2025-12-10 18:47:02,049] {logging_mixin.py:109} INFO - [2025-12-10 18:47:02,049] {dag.py:2396} INFO - Sync 1 DAGs
[2025-12-10 18:47:02,094] {logging_mixin.py:109} INFO - [2025-12-10 18:47:02,093] {dag.py:2935} INFO - Setting next_dagrun for example_weekday_branch_operator to 2025-12-09 00:00:00+00:00
[2025-12-10 18:47:02,107] {processor.py:171} INFO - Processing /home/airflow/.local/lib/python3.6/site-packages/airflow/example_dags/example_branch_day_of_week_operator.py took 0.137 seconds
[2025-12-10 18:47:33,199] {processor.py:163} INFO - Started process (PID=173) to work on /home/airflow/.local/lib/python3.6/site-packages/airflow/example_dags/example_branch_day_of_week_operator.py
[2025-12-10 18:47:33,201] {processor.py:642} INFO - Processing file /home/airflow/.local/lib/python3.6/site-packages/airflow/example_dags/example_branch_day_of_week_operator.py for tasks to queue
[2025-12-10 18:47:33,202] {logging_mixin.py:109} INFO - [2025-12-10 18:47:33,202] {dagbag.py:500} INFO - Filling up the DagBag from /home/airflow/.local/lib/python3.6/site-packages/airflow/example_dags/example_branch_day_of_week_operator.py
[2025-12-10 18:47:33,252] {processor.py:654} INFO - DAG(s) dict_keys(['example_weekday_branch_operator']) retrieved from /home/airflow/.local/lib/python3.6/site-packages/airflow/example_dags/example_branch_day_of_week_operator.py
[2025-12-10 18:47:33,269] {logging_mixin.py:109} INFO - [2025-12-10 18:47:33,269] {dag.py:2396} INFO - Sync 1 DAGs
[2025-12-10 18:47:33,302] {logging_mixin.py:109} INFO - [2025-12-10 18:47:33,301] {dag.py:2935} INFO - Setting next_dagrun for example_weekday_branch_operator to 2025-12-09 00:00:00+00:00
[2025-12-10 18:47:33,354] {processor.py:171} INFO - Processing /home/airflow/.local/lib/python3.6/site-packages/airflow/example_dags/example_branch_day_of_week_operator.py took 0.162 seconds
[2025-12-10 18:48:04,302] {processor.py:163} INFO - Started process (PID=226) to work on /home/airflow/.local/lib/python3.6/site-packages/airflow/example_dags/example_branch_day_of_week_operator.py
[2025-12-10 18:48:04,304] {processor.py:642} INFO - Processing file /home/airflow/.local/lib/python3.6/site-packages/airflow/example_dags/example_branch_day_of_week_operator.py for tasks to queue
[2025-12-10 18:48:04,305] {logging_mixin.py:109} INFO - [2025-12-10 18:48:04,305] {dagbag.py:500} INFO - Filling up the DagBag from /home/airflow/.local/lib/python3.6/site-packages/airflow/example_dags/example_branch_day_of_week_operator.py
[2025-12-10 18:48:04,337] {processor.py:654} INFO - DAG(s) dict_keys(['example_weekday_branch_operator']) retrieved from /home/airflow/.local/lib/python3.6/site-packages/airflow/example_dags/example_branch_day_of_week_operator.py
[2025-12-10 18:48:04,349] {logging_mixin.py:109} INFO - [2025-12-10 18:48:04,349] {dag.py:2396} INFO - Sync 1 DAGs
[2025-12-10 18:48:04,369] {logging_mixin.py:109} INFO - [2025-12-10 18:48:04,369] {dag.py:2935} INFO - Setting next_dagrun for example_weekday_branch_operator to 2025-12-09 00:00:00+00:00
[2025-12-10 18:48:04,381] {processor.py:171} INFO - Processing /home/airflow/.local/lib/python3.6/site-packages/airflow/example_dags/example_branch_day_of_week_operator.py took 0.083 seconds
[2025-12-10 18:48:35,379] {processor.py:163} INFO - Started process (PID=288) to work on /home/airflow/.local/lib/python3.6/site-packages/airflow/example_dags/example_branch_day_of_week_operator.py
[2025-12-10 18:48:35,381] {processor.py:642} INFO - Processing file /home/airflow/.local/lib/python3.6/site-packages/airflow/example_dags/example_branch_day_of_week_operator.py for tasks to queue
[2025-12-10 18:48:35,382] {logging_mixin.py:109} INFO - [2025-12-10 18:48:35,382] {dagbag.py:500} INFO - Filling up the DagBag from /home/airflow/.local/lib/python3.6/site-packages/airflow/example_dags/example_branch_day_of_week_operator.py
[2025-12-10 18:48:35,432] {processor.py:654} INFO - DAG(s) dict_keys(['example_weekday_branch_operator']) retrieved from /home/airflow/.local/lib/python3.6/site-packages/airflow/example_dags/example_branch_day_of_week_operator.py
[2025-12-10 18:48:35,448] {logging_mixin.py:109} INFO - [2025-12-10 18:48:35,447] {dag.py:2396} INFO - Sync 1 DAGs
[2025-12-10 18:48:35,474] {logging_mixin.py:109} INFO - [2025-12-10 18:48:35,474] {dag.py:2935} INFO - Setting next_dagrun for example_weekday_branch_operator to 2025-12-09 00:00:00+00:00
[2025-12-10 18:48:35,489] {processor.py:171} INFO - Processing /home/airflow/.local/lib/python3.6/site-packages/airflow/example_dags/example_branch_day_of_week_operator.py took 0.117 seconds
[2025-12-10 18:49:06,250] {processor.py:163} INFO - Started process (PID=341) to work on /home/airflow/.local/lib/python3.6/site-packages/airflow/example_dags/example_branch_day_of_week_operator.py
[2025-12-10 18:49:06,251] {processor.py:642} INFO - Processing file /home/airflow/.local/lib/python3.6/site-packages/airflow/example_dags/example_branch_day_of_week_operator.py for tasks to queue
[2025-12-10 18:49:06,252] {logging_mixin.py:109} INFO - [2025-12-10 18:49:06,251] {dagbag.py:500} INFO - Filling up the DagBag from /home/airflow/.local/lib/python3.6/site-packages/airflow/example_dags/example_branch_day_of_week_operator.py
[2025-12-10 18:49:06,280] {processor.py:654} INFO - DAG(s) dict_keys(['example_weekday_branch_operator']) retrieved from /home/airflow/.local/lib/python3.6/site-packages/airflow/example_dags/example_branch_day_of_week_operator.py
[2025-12-10 18:49:06,289] {logging_mixin.py:109} INFO - [2025-12-10 18:49:06,289] {dag.py:2396} INFO - Sync 1 DAGs
[2025-12-10 18:49:06,304] {logging_mixin.py:109} INFO - [2025-12-10 18:49:06,304] {dag.py:2935} INFO - Setting next_dagrun for example_weekday_branch_operator to 2025-12-09 00:00:00+00:00
[2025-12-10 18:49:06,312] {processor.py:171} INFO - Processing /home/airflow/.local/lib/python3.6/site-packages/airflow/example_dags/example_branch_day_of_week_operator.py took 0.065 seconds
[2025-12-10 18:49:36,648] {processor.py:163} INFO - Started process (PID=403) to work on /home/airflow/.local/lib/python3.6/site-packages/airflow/example_dags/example_branch_day_of_week_operator.py
[2025-12-10 18:49:36,649] {processor.py:642} INFO - Processing file /home/airflow/.local/lib/python3.6/site-packages/airflow/example_dags/example_branch_day_of_week_operator.py for tasks to queue
[2025-12-10 18:49:36,650] {logging_mixin.py:109} INFO - [2025-12-10 18:49:36,650] {dagbag.py:500} INFO - Filling up the DagBag from /home/airflow/.local/lib/python3.6/site-packages/airflow/example_dags/example_branch_day_of_week_operator.py
[2025-12-10 18:49:36,677] {processor.py:654} INFO - DAG(s) dict_keys(['example_weekday_branch_operator']) retrieved from /home/airflow/.local/lib/python3.6/site-packages/airflow/example_dags/example_branch_day_of_week_operator.py
[2025-12-10 18:49:36,686] {logging_mixin.py:109} INFO - [2025-12-10 18:49:36,686] {dag.py:2396} INFO - Sync 1 DAGs
[2025-12-10 18:49:36,701] {logging_mixin.py:109} INFO - [2025-12-10 18:49:36,701] {dag.py:2935} INFO - Setting next_dagrun for example_weekday_branch_operator to 2025-12-09 00:00:00+00:00
[2025-12-10 18:49:36,710] {processor.py:171} INFO - Processing /home/airflow/.local/lib/python3.6/site-packages/airflow/example_dags/example_branch_day_of_week_operator.py took 0.065 seconds
[2025-12-10 18:50:07,730] {processor.py:163} INFO - Started process (PID=455) to work on /home/airflow/.local/lib/python3.6/site-packages/airflow/example_dags/example_branch_day_of_week_operator.py
[2025-12-10 18:50:07,732] {processor.py:642} INFO - Processing file /home/airflow/.local/lib/python3.6/site-packages/airflow/example_dags/example_branch_day_of_week_operator.py for tasks to queue
[2025-12-10 18:50:07,732] {logging_mixin.py:109} INFO - [2025-12-10 18:50:07,732] {dagbag.py:500} INFO - Filling up the DagBag from /home/airflow/.local/lib/python3.6/site-packages/airflow/example_dags/example_branch_day_of_week_operator.py
[2025-12-10 18:50:07,760] {processor.py:654} INFO - DAG(s) dict_keys(['example_weekday_branch_operator']) retrieved from /home/airflow/.local/lib/python3.6/site-packages/airflow/example_dags/example_branch_day_of_week_operator.py
[2025-12-10 18:50:07,769] {logging_mixin.py:109} INFO - [2025-12-10 18:50:07,769] {dag.py:2396} INFO - Sync 1 DAGs
[2025-12-10 18:50:07,785] {logging_mixin.py:109} INFO - [2025-12-10 18:50:07,784] {dag.py:2935} INFO - Setting next_dagrun for example_weekday_branch_operator to 2025-12-09 00:00:00+00:00
[2025-12-10 18:50:07,793] {processor.py:171} INFO - Processing /home/airflow/.local/lib/python3.6/site-packages/airflow/example_dags/example_branch_day_of_week_operator.py took 0.066 seconds
[2025-12-10 18:51:30,447] {processor.py:163} INFO - Started process (PID=261) to work on /home/airflow/.local/lib/python3.6/site-packages/airflow/example_dags/example_branch_day_of_week_operator.py
[2025-12-10 18:51:30,448] {processor.py:642} INFO - Processing file /home/airflow/.local/lib/python3.6/site-packages/airflow/example_dags/example_branch_day_of_week_operator.py for tasks to queue
[2025-12-10 18:51:30,449] {logging_mixin.py:109} INFO - [2025-12-10 18:51:30,449] {dagbag.py:500} INFO - Filling up the DagBag from /home/airflow/.local/lib/python3.6/site-packages/airflow/example_dags/example_branch_day_of_week_operator.py
[2025-12-10 18:51:30,477] {processor.py:654} INFO - DAG(s) dict_keys(['example_weekday_branch_operator']) retrieved from /home/airflow/.local/lib/python3.6/site-packages/airflow/example_dags/example_branch_day_of_week_operator.py
[2025-12-10 18:51:32,264] {logging_mixin.py:109} INFO - [2025-12-10 18:51:32,264] {manager.py:496} INFO - Created Permission View: can read on DAG:example_weekday_branch_operator
[2025-12-10 18:51:32,271] {logging_mixin.py:109} INFO - [2025-12-10 18:51:32,271] {manager.py:496} INFO - Created Permission View: can edit on DAG:example_weekday_branch_operator
[2025-12-10 18:51:32,272] {logging_mixin.py:109} INFO - [2025-12-10 18:51:32,272] {dag.py:2396} INFO - Sync 1 DAGs
[2025-12-10 18:51:32,281] {logging_mixin.py:109} INFO - [2025-12-10 18:51:32,280] {dag.py:2415} INFO - Creating ORM DAG for example_weekday_branch_operator
[2025-12-10 18:51:32,289] {logging_mixin.py:109} INFO - [2025-12-10 18:51:32,289] {dag.py:2935} INFO - Setting next_dagrun for example_weekday_branch_operator to 2025-12-09 00:00:00+00:00
[2025-12-10 18:51:32,299] {processor.py:171} INFO - Processing /home/airflow/.local/lib/python3.6/site-packages/airflow/example_dags/example_branch_day_of_week_operator.py took 1.856 seconds
[2025-12-10 18:52:02,403] {processor.py:163} INFO - Started process (PID=491) to work on /home/airflow/.local/lib/python3.6/site-packages/airflow/example_dags/example_branch_day_of_week_operator.py
[2025-12-10 18:52:02,414] {processor.py:642} INFO - Processing file /home/airflow/.local/lib/python3.6/site-packages/airflow/example_dags/example_branch_day_of_week_operator.py for tasks to queue
[2025-12-10 18:52:02,415] {logging_mixin.py:109} INFO - [2025-12-10 18:52:02,415] {dagbag.py:500} INFO - Filling up the DagBag from /home/airflow/.local/lib/python3.6/site-packages/airflow/example_dags/example_branch_day_of_week_operator.py
[2025-12-10 18:52:02,439] {processor.py:654} INFO - DAG(s) dict_keys(['example_weekday_branch_operator']) retrieved from /home/airflow/.local/lib/python3.6/site-packages/airflow/example_dags/example_branch_day_of_week_operator.py
[2025-12-10 18:52:02,448] {logging_mixin.py:109} INFO - [2025-12-10 18:52:02,448] {dag.py:2396} INFO - Sync 1 DAGs
[2025-12-10 18:52:02,462] {logging_mixin.py:109} INFO - [2025-12-10 18:52:02,462] {dag.py:2935} INFO - Setting next_dagrun for example_weekday_branch_operator to 2025-12-09 00:00:00+00:00
[2025-12-10 18:52:02,468] {processor.py:171} INFO - Processing /home/airflow/.local/lib/python3.6/site-packages/airflow/example_dags/example_branch_day_of_week_operator.py took 0.068 seconds
