[2025-12-10 18:26:12,445] {processor.py:163} INFO - Started process (PID=349) to work on /home/airflow/.local/lib/python3.6/site-packages/airflow/example_dags/example_time_delta_sensor_async.py
[2025-12-10 18:26:12,447] {processor.py:642} INFO - Processing file /home/airflow/.local/lib/python3.6/site-packages/airflow/example_dags/example_time_delta_sensor_async.py for tasks to queue
[2025-12-10 18:26:12,448] {logging_mixin.py:109} INFO - [2025-12-10 18:26:12,448] {dagbag.py:500} INFO - Filling up the DagBag from /home/airflow/.local/lib/python3.6/site-packages/airflow/example_dags/example_time_delta_sensor_async.py
[2025-12-10 18:26:12,485] {processor.py:654} INFO - DAG(s) dict_keys(['example_time_delta_sensor_async']) retrieved from /home/airflow/.local/lib/python3.6/site-packages/airflow/example_dags/example_time_delta_sensor_async.py
[2025-12-10 18:26:14,671] {logging_mixin.py:109} INFO - [2025-12-10 18:26:14,671] {manager.py:496} INFO - Created Permission View: can edit on DAG:example_time_delta_sensor_async
[2025-12-10 18:26:14,681] {logging_mixin.py:109} INFO - [2025-12-10 18:26:14,680] {manager.py:496} INFO - Created Permission View: can read on DAG:example_time_delta_sensor_async
[2025-12-10 18:26:14,682] {logging_mixin.py:109} INFO - [2025-12-10 18:26:14,681] {dag.py:2396} INFO - Sync 1 DAGs
[2025-12-10 18:26:14,693] {logging_mixin.py:109} INFO - [2025-12-10 18:26:14,692] {dag.py:2415} INFO - Creating ORM DAG for example_time_delta_sensor_async
[2025-12-10 18:26:14,702] {logging_mixin.py:109} INFO - [2025-12-10 18:26:14,701] {dag.py:2935} INFO - Setting next_dagrun for example_time_delta_sensor_async to None
[2025-12-10 18:26:14,712] {processor.py:171} INFO - Processing /home/airflow/.local/lib/python3.6/site-packages/airflow/example_dags/example_time_delta_sensor_async.py took 2.271 seconds
[2025-12-10 18:26:45,329] {processor.py:163} INFO - Started process (PID=507) to work on /home/airflow/.local/lib/python3.6/site-packages/airflow/example_dags/example_time_delta_sensor_async.py
[2025-12-10 18:26:45,335] {processor.py:642} INFO - Processing file /home/airflow/.local/lib/python3.6/site-packages/airflow/example_dags/example_time_delta_sensor_async.py for tasks to queue
[2025-12-10 18:26:45,336] {logging_mixin.py:109} INFO - [2025-12-10 18:26:45,336] {dagbag.py:500} INFO - Filling up the DagBag from /home/airflow/.local/lib/python3.6/site-packages/airflow/example_dags/example_time_delta_sensor_async.py
[2025-12-10 18:26:45,371] {processor.py:654} INFO - DAG(s) dict_keys(['example_time_delta_sensor_async']) retrieved from /home/airflow/.local/lib/python3.6/site-packages/airflow/example_dags/example_time_delta_sensor_async.py
[2025-12-10 18:26:45,382] {logging_mixin.py:109} INFO - [2025-12-10 18:26:45,382] {dag.py:2396} INFO - Sync 1 DAGs
[2025-12-10 18:26:45,401] {logging_mixin.py:109} INFO - [2025-12-10 18:26:45,401] {dag.py:2935} INFO - Setting next_dagrun for example_time_delta_sensor_async to None
[2025-12-10 18:26:45,423] {processor.py:171} INFO - Processing /home/airflow/.local/lib/python3.6/site-packages/airflow/example_dags/example_time_delta_sensor_async.py took 0.099 seconds
[2025-12-10 18:27:16,234] {processor.py:163} INFO - Started process (PID=559) to work on /home/airflow/.local/lib/python3.6/site-packages/airflow/example_dags/example_time_delta_sensor_async.py
[2025-12-10 18:27:16,235] {processor.py:642} INFO - Processing file /home/airflow/.local/lib/python3.6/site-packages/airflow/example_dags/example_time_delta_sensor_async.py for tasks to queue
[2025-12-10 18:27:16,236] {logging_mixin.py:109} INFO - [2025-12-10 18:27:16,236] {dagbag.py:500} INFO - Filling up the DagBag from /home/airflow/.local/lib/python3.6/site-packages/airflow/example_dags/example_time_delta_sensor_async.py
[2025-12-10 18:27:16,269] {processor.py:654} INFO - DAG(s) dict_keys(['example_time_delta_sensor_async']) retrieved from /home/airflow/.local/lib/python3.6/site-packages/airflow/example_dags/example_time_delta_sensor_async.py
[2025-12-10 18:27:16,284] {logging_mixin.py:109} INFO - [2025-12-10 18:27:16,283] {dag.py:2396} INFO - Sync 1 DAGs
[2025-12-10 18:27:16,314] {logging_mixin.py:109} INFO - [2025-12-10 18:27:16,314] {dag.py:2935} INFO - Setting next_dagrun for example_time_delta_sensor_async to None
[2025-12-10 18:27:16,334] {processor.py:171} INFO - Processing /home/airflow/.local/lib/python3.6/site-packages/airflow/example_dags/example_time_delta_sensor_async.py took 0.104 seconds
[2025-12-10 18:27:46,459] {processor.py:163} INFO - Started process (PID=621) to work on /home/airflow/.local/lib/python3.6/site-packages/airflow/example_dags/example_time_delta_sensor_async.py
[2025-12-10 18:27:46,471] {processor.py:642} INFO - Processing file /home/airflow/.local/lib/python3.6/site-packages/airflow/example_dags/example_time_delta_sensor_async.py for tasks to queue
[2025-12-10 18:27:46,472] {logging_mixin.py:109} INFO - [2025-12-10 18:27:46,472] {dagbag.py:500} INFO - Filling up the DagBag from /home/airflow/.local/lib/python3.6/site-packages/airflow/example_dags/example_time_delta_sensor_async.py
[2025-12-10 18:27:46,502] {processor.py:654} INFO - DAG(s) dict_keys(['example_time_delta_sensor_async']) retrieved from /home/airflow/.local/lib/python3.6/site-packages/airflow/example_dags/example_time_delta_sensor_async.py
[2025-12-10 18:27:46,513] {logging_mixin.py:109} INFO - [2025-12-10 18:27:46,513] {dag.py:2396} INFO - Sync 1 DAGs
[2025-12-10 18:27:46,530] {logging_mixin.py:109} INFO - [2025-12-10 18:27:46,530] {dag.py:2935} INFO - Setting next_dagrun for example_time_delta_sensor_async to None
[2025-12-10 18:27:46,540] {processor.py:171} INFO - Processing /home/airflow/.local/lib/python3.6/site-packages/airflow/example_dags/example_time_delta_sensor_async.py took 0.087 seconds
[2025-12-10 18:28:16,630] {processor.py:163} INFO - Started process (PID=673) to work on /home/airflow/.local/lib/python3.6/site-packages/airflow/example_dags/example_time_delta_sensor_async.py
[2025-12-10 18:28:16,640] {processor.py:642} INFO - Processing file /home/airflow/.local/lib/python3.6/site-packages/airflow/example_dags/example_time_delta_sensor_async.py for tasks to queue
[2025-12-10 18:28:16,641] {logging_mixin.py:109} INFO - [2025-12-10 18:28:16,641] {dagbag.py:500} INFO - Filling up the DagBag from /home/airflow/.local/lib/python3.6/site-packages/airflow/example_dags/example_time_delta_sensor_async.py
[2025-12-10 18:28:16,665] {processor.py:654} INFO - DAG(s) dict_keys(['example_time_delta_sensor_async']) retrieved from /home/airflow/.local/lib/python3.6/site-packages/airflow/example_dags/example_time_delta_sensor_async.py
[2025-12-10 18:28:16,672] {logging_mixin.py:109} INFO - [2025-12-10 18:28:16,672] {dag.py:2396} INFO - Sync 1 DAGs
[2025-12-10 18:28:16,684] {logging_mixin.py:109} INFO - [2025-12-10 18:28:16,684] {dag.py:2935} INFO - Setting next_dagrun for example_time_delta_sensor_async to None
[2025-12-10 18:28:16,691] {processor.py:171} INFO - Processing /home/airflow/.local/lib/python3.6/site-packages/airflow/example_dags/example_time_delta_sensor_async.py took 0.064 seconds
[2025-12-10 18:28:46,852] {processor.py:163} INFO - Started process (PID=735) to work on /home/airflow/.local/lib/python3.6/site-packages/airflow/example_dags/example_time_delta_sensor_async.py
[2025-12-10 18:28:46,863] {processor.py:642} INFO - Processing file /home/airflow/.local/lib/python3.6/site-packages/airflow/example_dags/example_time_delta_sensor_async.py for tasks to queue
[2025-12-10 18:28:46,864] {logging_mixin.py:109} INFO - [2025-12-10 18:28:46,863] {dagbag.py:500} INFO - Filling up the DagBag from /home/airflow/.local/lib/python3.6/site-packages/airflow/example_dags/example_time_delta_sensor_async.py
[2025-12-10 18:28:46,887] {processor.py:654} INFO - DAG(s) dict_keys(['example_time_delta_sensor_async']) retrieved from /home/airflow/.local/lib/python3.6/site-packages/airflow/example_dags/example_time_delta_sensor_async.py
[2025-12-10 18:28:46,894] {logging_mixin.py:109} INFO - [2025-12-10 18:28:46,894] {dag.py:2396} INFO - Sync 1 DAGs
[2025-12-10 18:28:46,906] {logging_mixin.py:109} INFO - [2025-12-10 18:28:46,906] {dag.py:2935} INFO - Setting next_dagrun for example_time_delta_sensor_async to None
[2025-12-10 18:28:46,913] {processor.py:171} INFO - Processing /home/airflow/.local/lib/python3.6/site-packages/airflow/example_dags/example_time_delta_sensor_async.py took 0.064 seconds
[2025-12-10 18:29:17,318] {processor.py:163} INFO - Started process (PID=797) to work on /home/airflow/.local/lib/python3.6/site-packages/airflow/example_dags/example_time_delta_sensor_async.py
[2025-12-10 18:29:17,319] {processor.py:642} INFO - Processing file /home/airflow/.local/lib/python3.6/site-packages/airflow/example_dags/example_time_delta_sensor_async.py for tasks to queue
[2025-12-10 18:29:17,319] {logging_mixin.py:109} INFO - [2025-12-10 18:29:17,319] {dagbag.py:500} INFO - Filling up the DagBag from /home/airflow/.local/lib/python3.6/site-packages/airflow/example_dags/example_time_delta_sensor_async.py
[2025-12-10 18:29:17,347] {processor.py:654} INFO - DAG(s) dict_keys(['example_time_delta_sensor_async']) retrieved from /home/airflow/.local/lib/python3.6/site-packages/airflow/example_dags/example_time_delta_sensor_async.py
[2025-12-10 18:29:17,355] {logging_mixin.py:109} INFO - [2025-12-10 18:29:17,355] {dag.py:2396} INFO - Sync 1 DAGs
[2025-12-10 18:29:17,369] {logging_mixin.py:109} INFO - [2025-12-10 18:29:17,369] {dag.py:2935} INFO - Setting next_dagrun for example_time_delta_sensor_async to None
[2025-12-10 18:29:17,378] {processor.py:171} INFO - Processing /home/airflow/.local/lib/python3.6/site-packages/airflow/example_dags/example_time_delta_sensor_async.py took 0.064 seconds
[2025-12-10 18:29:47,899] {processor.py:163} INFO - Started process (PID=849) to work on /home/airflow/.local/lib/python3.6/site-packages/airflow/example_dags/example_time_delta_sensor_async.py
[2025-12-10 18:29:47,909] {processor.py:642} INFO - Processing file /home/airflow/.local/lib/python3.6/site-packages/airflow/example_dags/example_time_delta_sensor_async.py for tasks to queue
[2025-12-10 18:29:47,910] {logging_mixin.py:109} INFO - [2025-12-10 18:29:47,910] {dagbag.py:500} INFO - Filling up the DagBag from /home/airflow/.local/lib/python3.6/site-packages/airflow/example_dags/example_time_delta_sensor_async.py
[2025-12-10 18:29:47,936] {processor.py:654} INFO - DAG(s) dict_keys(['example_time_delta_sensor_async']) retrieved from /home/airflow/.local/lib/python3.6/site-packages/airflow/example_dags/example_time_delta_sensor_async.py
[2025-12-10 18:29:47,943] {logging_mixin.py:109} INFO - [2025-12-10 18:29:47,943] {dag.py:2396} INFO - Sync 1 DAGs
[2025-12-10 18:29:47,957] {logging_mixin.py:109} INFO - [2025-12-10 18:29:47,957] {dag.py:2935} INFO - Setting next_dagrun for example_time_delta_sensor_async to None
[2025-12-10 18:29:47,963] {processor.py:171} INFO - Processing /home/airflow/.local/lib/python3.6/site-packages/airflow/example_dags/example_time_delta_sensor_async.py took 0.067 seconds
[2025-12-10 18:30:18,257] {processor.py:163} INFO - Started process (PID=911) to work on /home/airflow/.local/lib/python3.6/site-packages/airflow/example_dags/example_time_delta_sensor_async.py
[2025-12-10 18:30:18,268] {processor.py:642} INFO - Processing file /home/airflow/.local/lib/python3.6/site-packages/airflow/example_dags/example_time_delta_sensor_async.py for tasks to queue
[2025-12-10 18:30:18,269] {logging_mixin.py:109} INFO - [2025-12-10 18:30:18,269] {dagbag.py:500} INFO - Filling up the DagBag from /home/airflow/.local/lib/python3.6/site-packages/airflow/example_dags/example_time_delta_sensor_async.py
[2025-12-10 18:30:18,294] {processor.py:654} INFO - DAG(s) dict_keys(['example_time_delta_sensor_async']) retrieved from /home/airflow/.local/lib/python3.6/site-packages/airflow/example_dags/example_time_delta_sensor_async.py
[2025-12-10 18:30:18,302] {logging_mixin.py:109} INFO - [2025-12-10 18:30:18,302] {dag.py:2396} INFO - Sync 1 DAGs
[2025-12-10 18:30:18,316] {logging_mixin.py:109} INFO - [2025-12-10 18:30:18,316] {dag.py:2935} INFO - Setting next_dagrun for example_time_delta_sensor_async to None
[2025-12-10 18:30:18,323] {processor.py:171} INFO - Processing /home/airflow/.local/lib/python3.6/site-packages/airflow/example_dags/example_time_delta_sensor_async.py took 0.069 seconds
[2025-12-10 18:30:48,743] {processor.py:163} INFO - Started process (PID=969) to work on /home/airflow/.local/lib/python3.6/site-packages/airflow/example_dags/example_time_delta_sensor_async.py
[2025-12-10 18:30:48,744] {processor.py:642} INFO - Processing file /home/airflow/.local/lib/python3.6/site-packages/airflow/example_dags/example_time_delta_sensor_async.py for tasks to queue
[2025-12-10 18:30:48,745] {logging_mixin.py:109} INFO - [2025-12-10 18:30:48,745] {dagbag.py:500} INFO - Filling up the DagBag from /home/airflow/.local/lib/python3.6/site-packages/airflow/example_dags/example_time_delta_sensor_async.py
[2025-12-10 18:30:48,771] {processor.py:654} INFO - DAG(s) dict_keys(['example_time_delta_sensor_async']) retrieved from /home/airflow/.local/lib/python3.6/site-packages/airflow/example_dags/example_time_delta_sensor_async.py
[2025-12-10 18:30:48,780] {logging_mixin.py:109} INFO - [2025-12-10 18:30:48,780] {dag.py:2396} INFO - Sync 1 DAGs
[2025-12-10 18:30:48,794] {logging_mixin.py:109} INFO - [2025-12-10 18:30:48,794] {dag.py:2935} INFO - Setting next_dagrun for example_time_delta_sensor_async to None
[2025-12-10 18:30:48,802] {processor.py:171} INFO - Processing /home/airflow/.local/lib/python3.6/site-packages/airflow/example_dags/example_time_delta_sensor_async.py took 0.063 seconds
[2025-12-10 18:31:19,043] {processor.py:163} INFO - Started process (PID=1025) to work on /home/airflow/.local/lib/python3.6/site-packages/airflow/example_dags/example_time_delta_sensor_async.py
[2025-12-10 18:31:19,054] {processor.py:642} INFO - Processing file /home/airflow/.local/lib/python3.6/site-packages/airflow/example_dags/example_time_delta_sensor_async.py for tasks to queue
[2025-12-10 18:31:19,055] {logging_mixin.py:109} INFO - [2025-12-10 18:31:19,054] {dagbag.py:500} INFO - Filling up the DagBag from /home/airflow/.local/lib/python3.6/site-packages/airflow/example_dags/example_time_delta_sensor_async.py
[2025-12-10 18:31:19,080] {processor.py:654} INFO - DAG(s) dict_keys(['example_time_delta_sensor_async']) retrieved from /home/airflow/.local/lib/python3.6/site-packages/airflow/example_dags/example_time_delta_sensor_async.py
[2025-12-10 18:31:19,087] {logging_mixin.py:109} INFO - [2025-12-10 18:31:19,087] {dag.py:2396} INFO - Sync 1 DAGs
[2025-12-10 18:31:19,099] {logging_mixin.py:109} INFO - [2025-12-10 18:31:19,099] {dag.py:2935} INFO - Setting next_dagrun for example_time_delta_sensor_async to None
[2025-12-10 18:31:19,106] {processor.py:171} INFO - Processing /home/airflow/.local/lib/python3.6/site-packages/airflow/example_dags/example_time_delta_sensor_async.py took 0.066 seconds
[2025-12-10 18:31:49,546] {processor.py:163} INFO - Started process (PID=1087) to work on /home/airflow/.local/lib/python3.6/site-packages/airflow/example_dags/example_time_delta_sensor_async.py
[2025-12-10 18:31:49,556] {processor.py:642} INFO - Processing file /home/airflow/.local/lib/python3.6/site-packages/airflow/example_dags/example_time_delta_sensor_async.py for tasks to queue
[2025-12-10 18:31:49,556] {logging_mixin.py:109} INFO - [2025-12-10 18:31:49,556] {dagbag.py:500} INFO - Filling up the DagBag from /home/airflow/.local/lib/python3.6/site-packages/airflow/example_dags/example_time_delta_sensor_async.py
[2025-12-10 18:31:49,582] {processor.py:654} INFO - DAG(s) dict_keys(['example_time_delta_sensor_async']) retrieved from /home/airflow/.local/lib/python3.6/site-packages/airflow/example_dags/example_time_delta_sensor_async.py
[2025-12-10 18:31:49,589] {logging_mixin.py:109} INFO - [2025-12-10 18:31:49,589] {dag.py:2396} INFO - Sync 1 DAGs
[2025-12-10 18:31:49,602] {logging_mixin.py:109} INFO - [2025-12-10 18:31:49,602] {dag.py:2935} INFO - Setting next_dagrun for example_time_delta_sensor_async to None
[2025-12-10 18:31:49,609] {processor.py:171} INFO - Processing /home/airflow/.local/lib/python3.6/site-packages/airflow/example_dags/example_time_delta_sensor_async.py took 0.067 seconds
[2025-12-10 18:32:19,916] {processor.py:163} INFO - Started process (PID=1139) to work on /home/airflow/.local/lib/python3.6/site-packages/airflow/example_dags/example_time_delta_sensor_async.py
[2025-12-10 18:32:19,918] {processor.py:642} INFO - Processing file /home/airflow/.local/lib/python3.6/site-packages/airflow/example_dags/example_time_delta_sensor_async.py for tasks to queue
[2025-12-10 18:32:19,918] {logging_mixin.py:109} INFO - [2025-12-10 18:32:19,918] {dagbag.py:500} INFO - Filling up the DagBag from /home/airflow/.local/lib/python3.6/site-packages/airflow/example_dags/example_time_delta_sensor_async.py
[2025-12-10 18:32:19,942] {processor.py:654} INFO - DAG(s) dict_keys(['example_time_delta_sensor_async']) retrieved from /home/airflow/.local/lib/python3.6/site-packages/airflow/example_dags/example_time_delta_sensor_async.py
[2025-12-10 18:32:19,950] {logging_mixin.py:109} INFO - [2025-12-10 18:32:19,950] {dag.py:2396} INFO - Sync 1 DAGs
[2025-12-10 18:32:19,962] {logging_mixin.py:109} INFO - [2025-12-10 18:32:19,962] {dag.py:2935} INFO - Setting next_dagrun for example_time_delta_sensor_async to None
[2025-12-10 18:32:19,969] {processor.py:171} INFO - Processing /home/airflow/.local/lib/python3.6/site-packages/airflow/example_dags/example_time_delta_sensor_async.py took 0.056 seconds
[2025-12-10 18:32:50,348] {processor.py:163} INFO - Started process (PID=1201) to work on /home/airflow/.local/lib/python3.6/site-packages/airflow/example_dags/example_time_delta_sensor_async.py
[2025-12-10 18:32:50,348] {processor.py:642} INFO - Processing file /home/airflow/.local/lib/python3.6/site-packages/airflow/example_dags/example_time_delta_sensor_async.py for tasks to queue
[2025-12-10 18:32:50,349] {logging_mixin.py:109} INFO - [2025-12-10 18:32:50,349] {dagbag.py:500} INFO - Filling up the DagBag from /home/airflow/.local/lib/python3.6/site-packages/airflow/example_dags/example_time_delta_sensor_async.py
[2025-12-10 18:32:50,374] {processor.py:654} INFO - DAG(s) dict_keys(['example_time_delta_sensor_async']) retrieved from /home/airflow/.local/lib/python3.6/site-packages/airflow/example_dags/example_time_delta_sensor_async.py
[2025-12-10 18:32:50,382] {logging_mixin.py:109} INFO - [2025-12-10 18:32:50,382] {dag.py:2396} INFO - Sync 1 DAGs
[2025-12-10 18:32:50,395] {logging_mixin.py:109} INFO - [2025-12-10 18:32:50,395] {dag.py:2935} INFO - Setting next_dagrun for example_time_delta_sensor_async to None
[2025-12-10 18:32:50,402] {processor.py:171} INFO - Processing /home/airflow/.local/lib/python3.6/site-packages/airflow/example_dags/example_time_delta_sensor_async.py took 0.057 seconds
[2025-12-10 18:33:20,777] {processor.py:163} INFO - Started process (PID=1263) to work on /home/airflow/.local/lib/python3.6/site-packages/airflow/example_dags/example_time_delta_sensor_async.py
[2025-12-10 18:33:20,787] {processor.py:642} INFO - Processing file /home/airflow/.local/lib/python3.6/site-packages/airflow/example_dags/example_time_delta_sensor_async.py for tasks to queue
[2025-12-10 18:33:20,787] {logging_mixin.py:109} INFO - [2025-12-10 18:33:20,787] {dagbag.py:500} INFO - Filling up the DagBag from /home/airflow/.local/lib/python3.6/site-packages/airflow/example_dags/example_time_delta_sensor_async.py
[2025-12-10 18:33:20,812] {processor.py:654} INFO - DAG(s) dict_keys(['example_time_delta_sensor_async']) retrieved from /home/airflow/.local/lib/python3.6/site-packages/airflow/example_dags/example_time_delta_sensor_async.py
[2025-12-10 18:33:20,819] {logging_mixin.py:109} INFO - [2025-12-10 18:33:20,819] {dag.py:2396} INFO - Sync 1 DAGs
[2025-12-10 18:33:20,832] {logging_mixin.py:109} INFO - [2025-12-10 18:33:20,832] {dag.py:2935} INFO - Setting next_dagrun for example_time_delta_sensor_async to None
[2025-12-10 18:33:20,839] {processor.py:171} INFO - Processing /home/airflow/.local/lib/python3.6/site-packages/airflow/example_dags/example_time_delta_sensor_async.py took 0.065 seconds
[2025-12-10 18:33:51,140] {processor.py:163} INFO - Started process (PID=1316) to work on /home/airflow/.local/lib/python3.6/site-packages/airflow/example_dags/example_time_delta_sensor_async.py
[2025-12-10 18:33:51,141] {processor.py:642} INFO - Processing file /home/airflow/.local/lib/python3.6/site-packages/airflow/example_dags/example_time_delta_sensor_async.py for tasks to queue
[2025-12-10 18:33:51,142] {logging_mixin.py:109} INFO - [2025-12-10 18:33:51,141] {dagbag.py:500} INFO - Filling up the DagBag from /home/airflow/.local/lib/python3.6/site-packages/airflow/example_dags/example_time_delta_sensor_async.py
[2025-12-10 18:33:51,166] {processor.py:654} INFO - DAG(s) dict_keys(['example_time_delta_sensor_async']) retrieved from /home/airflow/.local/lib/python3.6/site-packages/airflow/example_dags/example_time_delta_sensor_async.py
[2025-12-10 18:33:51,173] {logging_mixin.py:109} INFO - [2025-12-10 18:33:51,173] {dag.py:2396} INFO - Sync 1 DAGs
[2025-12-10 18:33:51,188] {logging_mixin.py:109} INFO - [2025-12-10 18:33:51,188] {dag.py:2935} INFO - Setting next_dagrun for example_time_delta_sensor_async to None
[2025-12-10 18:33:51,195] {processor.py:171} INFO - Processing /home/airflow/.local/lib/python3.6/site-packages/airflow/example_dags/example_time_delta_sensor_async.py took 0.057 seconds
[2025-12-10 18:34:21,811] {processor.py:163} INFO - Started process (PID=1378) to work on /home/airflow/.local/lib/python3.6/site-packages/airflow/example_dags/example_time_delta_sensor_async.py
[2025-12-10 18:34:21,822] {processor.py:642} INFO - Processing file /home/airflow/.local/lib/python3.6/site-packages/airflow/example_dags/example_time_delta_sensor_async.py for tasks to queue
[2025-12-10 18:34:21,822] {logging_mixin.py:109} INFO - [2025-12-10 18:34:21,822] {dagbag.py:500} INFO - Filling up the DagBag from /home/airflow/.local/lib/python3.6/site-packages/airflow/example_dags/example_time_delta_sensor_async.py
[2025-12-10 18:34:21,847] {processor.py:654} INFO - DAG(s) dict_keys(['example_time_delta_sensor_async']) retrieved from /home/airflow/.local/lib/python3.6/site-packages/airflow/example_dags/example_time_delta_sensor_async.py
[2025-12-10 18:34:21,854] {logging_mixin.py:109} INFO - [2025-12-10 18:34:21,854] {dag.py:2396} INFO - Sync 1 DAGs
[2025-12-10 18:34:21,867] {logging_mixin.py:109} INFO - [2025-12-10 18:34:21,867] {dag.py:2935} INFO - Setting next_dagrun for example_time_delta_sensor_async to None
[2025-12-10 18:34:21,873] {processor.py:171} INFO - Processing /home/airflow/.local/lib/python3.6/site-packages/airflow/example_dags/example_time_delta_sensor_async.py took 0.065 seconds
[2025-12-10 18:34:52,208] {processor.py:163} INFO - Started process (PID=1430) to work on /home/airflow/.local/lib/python3.6/site-packages/airflow/example_dags/example_time_delta_sensor_async.py
[2025-12-10 18:34:52,218] {processor.py:642} INFO - Processing file /home/airflow/.local/lib/python3.6/site-packages/airflow/example_dags/example_time_delta_sensor_async.py for tasks to queue
[2025-12-10 18:34:52,219] {logging_mixin.py:109} INFO - [2025-12-10 18:34:52,219] {dagbag.py:500} INFO - Filling up the DagBag from /home/airflow/.local/lib/python3.6/site-packages/airflow/example_dags/example_time_delta_sensor_async.py
[2025-12-10 18:34:52,243] {processor.py:654} INFO - DAG(s) dict_keys(['example_time_delta_sensor_async']) retrieved from /home/airflow/.local/lib/python3.6/site-packages/airflow/example_dags/example_time_delta_sensor_async.py
[2025-12-10 18:34:52,250] {logging_mixin.py:109} INFO - [2025-12-10 18:34:52,250] {dag.py:2396} INFO - Sync 1 DAGs
[2025-12-10 18:34:52,262] {logging_mixin.py:109} INFO - [2025-12-10 18:34:52,262] {dag.py:2935} INFO - Setting next_dagrun for example_time_delta_sensor_async to None
[2025-12-10 18:34:52,269] {processor.py:171} INFO - Processing /home/airflow/.local/lib/python3.6/site-packages/airflow/example_dags/example_time_delta_sensor_async.py took 0.064 seconds
[2025-12-10 18:35:22,344] {processor.py:163} INFO - Started process (PID=1492) to work on /home/airflow/.local/lib/python3.6/site-packages/airflow/example_dags/example_time_delta_sensor_async.py
[2025-12-10 18:35:22,346] {processor.py:642} INFO - Processing file /home/airflow/.local/lib/python3.6/site-packages/airflow/example_dags/example_time_delta_sensor_async.py for tasks to queue
[2025-12-10 18:35:22,346] {logging_mixin.py:109} INFO - [2025-12-10 18:35:22,346] {dagbag.py:500} INFO - Filling up the DagBag from /home/airflow/.local/lib/python3.6/site-packages/airflow/example_dags/example_time_delta_sensor_async.py
[2025-12-10 18:35:22,371] {processor.py:654} INFO - DAG(s) dict_keys(['example_time_delta_sensor_async']) retrieved from /home/airflow/.local/lib/python3.6/site-packages/airflow/example_dags/example_time_delta_sensor_async.py
[2025-12-10 18:35:22,379] {logging_mixin.py:109} INFO - [2025-12-10 18:35:22,379] {dag.py:2396} INFO - Sync 1 DAGs
[2025-12-10 18:35:22,392] {logging_mixin.py:109} INFO - [2025-12-10 18:35:22,392] {dag.py:2935} INFO - Setting next_dagrun for example_time_delta_sensor_async to None
[2025-12-10 18:35:22,398] {processor.py:171} INFO - Processing /home/airflow/.local/lib/python3.6/site-packages/airflow/example_dags/example_time_delta_sensor_async.py took 0.057 seconds
[2025-12-10 18:35:52,701] {processor.py:163} INFO - Started process (PID=1554) to work on /home/airflow/.local/lib/python3.6/site-packages/airflow/example_dags/example_time_delta_sensor_async.py
[2025-12-10 18:35:52,702] {processor.py:642} INFO - Processing file /home/airflow/.local/lib/python3.6/site-packages/airflow/example_dags/example_time_delta_sensor_async.py for tasks to queue
[2025-12-10 18:35:52,702] {logging_mixin.py:109} INFO - [2025-12-10 18:35:52,702] {dagbag.py:500} INFO - Filling up the DagBag from /home/airflow/.local/lib/python3.6/site-packages/airflow/example_dags/example_time_delta_sensor_async.py
[2025-12-10 18:35:52,729] {processor.py:654} INFO - DAG(s) dict_keys(['example_time_delta_sensor_async']) retrieved from /home/airflow/.local/lib/python3.6/site-packages/airflow/example_dags/example_time_delta_sensor_async.py
[2025-12-10 18:35:52,738] {logging_mixin.py:109} INFO - [2025-12-10 18:35:52,738] {dag.py:2396} INFO - Sync 1 DAGs
[2025-12-10 18:35:52,752] {logging_mixin.py:109} INFO - [2025-12-10 18:35:52,752] {dag.py:2935} INFO - Setting next_dagrun for example_time_delta_sensor_async to None
[2025-12-10 18:35:52,760] {processor.py:171} INFO - Processing /home/airflow/.local/lib/python3.6/site-packages/airflow/example_dags/example_time_delta_sensor_async.py took 0.062 seconds
[2025-12-10 18:36:23,337] {processor.py:163} INFO - Started process (PID=1606) to work on /home/airflow/.local/lib/python3.6/site-packages/airflow/example_dags/example_time_delta_sensor_async.py
[2025-12-10 18:36:23,348] {processor.py:642} INFO - Processing file /home/airflow/.local/lib/python3.6/site-packages/airflow/example_dags/example_time_delta_sensor_async.py for tasks to queue
[2025-12-10 18:36:23,348] {logging_mixin.py:109} INFO - [2025-12-10 18:36:23,348] {dagbag.py:500} INFO - Filling up the DagBag from /home/airflow/.local/lib/python3.6/site-packages/airflow/example_dags/example_time_delta_sensor_async.py
[2025-12-10 18:36:23,372] {processor.py:654} INFO - DAG(s) dict_keys(['example_time_delta_sensor_async']) retrieved from /home/airflow/.local/lib/python3.6/site-packages/airflow/example_dags/example_time_delta_sensor_async.py
[2025-12-10 18:36:23,379] {logging_mixin.py:109} INFO - [2025-12-10 18:36:23,379] {dag.py:2396} INFO - Sync 1 DAGs
[2025-12-10 18:36:23,392] {logging_mixin.py:109} INFO - [2025-12-10 18:36:23,391] {dag.py:2935} INFO - Setting next_dagrun for example_time_delta_sensor_async to None
[2025-12-10 18:36:23,398] {processor.py:171} INFO - Processing /home/airflow/.local/lib/python3.6/site-packages/airflow/example_dags/example_time_delta_sensor_async.py took 0.064 seconds
[2025-12-10 18:36:53,930] {processor.py:163} INFO - Started process (PID=1668) to work on /home/airflow/.local/lib/python3.6/site-packages/airflow/example_dags/example_time_delta_sensor_async.py
[2025-12-10 18:36:53,931] {processor.py:642} INFO - Processing file /home/airflow/.local/lib/python3.6/site-packages/airflow/example_dags/example_time_delta_sensor_async.py for tasks to queue
[2025-12-10 18:36:53,932] {logging_mixin.py:109} INFO - [2025-12-10 18:36:53,931] {dagbag.py:500} INFO - Filling up the DagBag from /home/airflow/.local/lib/python3.6/site-packages/airflow/example_dags/example_time_delta_sensor_async.py
[2025-12-10 18:36:53,955] {processor.py:654} INFO - DAG(s) dict_keys(['example_time_delta_sensor_async']) retrieved from /home/airflow/.local/lib/python3.6/site-packages/airflow/example_dags/example_time_delta_sensor_async.py
[2025-12-10 18:36:53,962] {logging_mixin.py:109} INFO - [2025-12-10 18:36:53,962] {dag.py:2396} INFO - Sync 1 DAGs
[2025-12-10 18:36:53,974] {logging_mixin.py:109} INFO - [2025-12-10 18:36:53,974] {dag.py:2935} INFO - Setting next_dagrun for example_time_delta_sensor_async to None
[2025-12-10 18:36:53,981] {processor.py:171} INFO - Processing /home/airflow/.local/lib/python3.6/site-packages/airflow/example_dags/example_time_delta_sensor_async.py took 0.054 seconds
[2025-12-10 18:37:24,342] {processor.py:163} INFO - Started process (PID=1720) to work on /home/airflow/.local/lib/python3.6/site-packages/airflow/example_dags/example_time_delta_sensor_async.py
[2025-12-10 18:37:24,352] {processor.py:642} INFO - Processing file /home/airflow/.local/lib/python3.6/site-packages/airflow/example_dags/example_time_delta_sensor_async.py for tasks to queue
[2025-12-10 18:37:24,353] {logging_mixin.py:109} INFO - [2025-12-10 18:37:24,353] {dagbag.py:500} INFO - Filling up the DagBag from /home/airflow/.local/lib/python3.6/site-packages/airflow/example_dags/example_time_delta_sensor_async.py
[2025-12-10 18:37:24,376] {processor.py:654} INFO - DAG(s) dict_keys(['example_time_delta_sensor_async']) retrieved from /home/airflow/.local/lib/python3.6/site-packages/airflow/example_dags/example_time_delta_sensor_async.py
[2025-12-10 18:37:24,385] {logging_mixin.py:109} INFO - [2025-12-10 18:37:24,384] {dag.py:2396} INFO - Sync 1 DAGs
[2025-12-10 18:37:24,397] {logging_mixin.py:109} INFO - [2025-12-10 18:37:24,397] {dag.py:2935} INFO - Setting next_dagrun for example_time_delta_sensor_async to None
[2025-12-10 18:37:24,404] {processor.py:171} INFO - Processing /home/airflow/.local/lib/python3.6/site-packages/airflow/example_dags/example_time_delta_sensor_async.py took 0.065 seconds
[2025-12-10 18:37:54,684] {processor.py:163} INFO - Started process (PID=1782) to work on /home/airflow/.local/lib/python3.6/site-packages/airflow/example_dags/example_time_delta_sensor_async.py
[2025-12-10 18:37:54,694] {processor.py:642} INFO - Processing file /home/airflow/.local/lib/python3.6/site-packages/airflow/example_dags/example_time_delta_sensor_async.py for tasks to queue
[2025-12-10 18:37:54,695] {logging_mixin.py:109} INFO - [2025-12-10 18:37:54,695] {dagbag.py:500} INFO - Filling up the DagBag from /home/airflow/.local/lib/python3.6/site-packages/airflow/example_dags/example_time_delta_sensor_async.py
[2025-12-10 18:37:54,719] {processor.py:654} INFO - DAG(s) dict_keys(['example_time_delta_sensor_async']) retrieved from /home/airflow/.local/lib/python3.6/site-packages/airflow/example_dags/example_time_delta_sensor_async.py
[2025-12-10 18:37:54,728] {logging_mixin.py:109} INFO - [2025-12-10 18:37:54,728] {dag.py:2396} INFO - Sync 1 DAGs
[2025-12-10 18:37:54,741] {logging_mixin.py:109} INFO - [2025-12-10 18:37:54,741] {dag.py:2935} INFO - Setting next_dagrun for example_time_delta_sensor_async to None
[2025-12-10 18:37:54,748] {processor.py:171} INFO - Processing /home/airflow/.local/lib/python3.6/site-packages/airflow/example_dags/example_time_delta_sensor_async.py took 0.067 seconds
[2025-12-10 18:38:24,933] {processor.py:163} INFO - Started process (PID=1844) to work on /home/airflow/.local/lib/python3.6/site-packages/airflow/example_dags/example_time_delta_sensor_async.py
[2025-12-10 18:38:24,934] {processor.py:642} INFO - Processing file /home/airflow/.local/lib/python3.6/site-packages/airflow/example_dags/example_time_delta_sensor_async.py for tasks to queue
[2025-12-10 18:38:24,934] {logging_mixin.py:109} INFO - [2025-12-10 18:38:24,934] {dagbag.py:500} INFO - Filling up the DagBag from /home/airflow/.local/lib/python3.6/site-packages/airflow/example_dags/example_time_delta_sensor_async.py
[2025-12-10 18:38:24,959] {processor.py:654} INFO - DAG(s) dict_keys(['example_time_delta_sensor_async']) retrieved from /home/airflow/.local/lib/python3.6/site-packages/airflow/example_dags/example_time_delta_sensor_async.py
[2025-12-10 18:38:24,969] {logging_mixin.py:109} INFO - [2025-12-10 18:38:24,969] {dag.py:2396} INFO - Sync 1 DAGs
[2025-12-10 18:38:24,984] {logging_mixin.py:109} INFO - [2025-12-10 18:38:24,984] {dag.py:2935} INFO - Setting next_dagrun for example_time_delta_sensor_async to None
[2025-12-10 18:38:24,992] {processor.py:171} INFO - Processing /home/airflow/.local/lib/python3.6/site-packages/airflow/example_dags/example_time_delta_sensor_async.py took 0.062 seconds
[2025-12-10 18:38:55,423] {processor.py:163} INFO - Started process (PID=1896) to work on /home/airflow/.local/lib/python3.6/site-packages/airflow/example_dags/example_time_delta_sensor_async.py
[2025-12-10 18:38:55,434] {processor.py:642} INFO - Processing file /home/airflow/.local/lib/python3.6/site-packages/airflow/example_dags/example_time_delta_sensor_async.py for tasks to queue
[2025-12-10 18:38:55,434] {logging_mixin.py:109} INFO - [2025-12-10 18:38:55,434] {dagbag.py:500} INFO - Filling up the DagBag from /home/airflow/.local/lib/python3.6/site-packages/airflow/example_dags/example_time_delta_sensor_async.py
[2025-12-10 18:38:55,457] {processor.py:654} INFO - DAG(s) dict_keys(['example_time_delta_sensor_async']) retrieved from /home/airflow/.local/lib/python3.6/site-packages/airflow/example_dags/example_time_delta_sensor_async.py
[2025-12-10 18:38:55,465] {logging_mixin.py:109} INFO - [2025-12-10 18:38:55,465] {dag.py:2396} INFO - Sync 1 DAGs
[2025-12-10 18:38:55,477] {logging_mixin.py:109} INFO - [2025-12-10 18:38:55,477] {dag.py:2935} INFO - Setting next_dagrun for example_time_delta_sensor_async to None
[2025-12-10 18:38:55,484] {processor.py:171} INFO - Processing /home/airflow/.local/lib/python3.6/site-packages/airflow/example_dags/example_time_delta_sensor_async.py took 0.064 seconds
[2025-12-10 18:39:25,671] {processor.py:163} INFO - Started process (PID=1958) to work on /home/airflow/.local/lib/python3.6/site-packages/airflow/example_dags/example_time_delta_sensor_async.py
[2025-12-10 18:39:25,672] {processor.py:642} INFO - Processing file /home/airflow/.local/lib/python3.6/site-packages/airflow/example_dags/example_time_delta_sensor_async.py for tasks to queue
[2025-12-10 18:39:25,673] {logging_mixin.py:109} INFO - [2025-12-10 18:39:25,673] {dagbag.py:500} INFO - Filling up the DagBag from /home/airflow/.local/lib/python3.6/site-packages/airflow/example_dags/example_time_delta_sensor_async.py
[2025-12-10 18:39:25,698] {processor.py:654} INFO - DAG(s) dict_keys(['example_time_delta_sensor_async']) retrieved from /home/airflow/.local/lib/python3.6/site-packages/airflow/example_dags/example_time_delta_sensor_async.py
[2025-12-10 18:39:25,705] {logging_mixin.py:109} INFO - [2025-12-10 18:39:25,705] {dag.py:2396} INFO - Sync 1 DAGs
[2025-12-10 18:39:25,718] {logging_mixin.py:109} INFO - [2025-12-10 18:39:25,718] {dag.py:2935} INFO - Setting next_dagrun for example_time_delta_sensor_async to None
[2025-12-10 18:39:25,726] {processor.py:171} INFO - Processing /home/airflow/.local/lib/python3.6/site-packages/airflow/example_dags/example_time_delta_sensor_async.py took 0.058 seconds
[2025-12-10 18:39:56,061] {processor.py:163} INFO - Started process (PID=2010) to work on /home/airflow/.local/lib/python3.6/site-packages/airflow/example_dags/example_time_delta_sensor_async.py
[2025-12-10 18:39:56,072] {processor.py:642} INFO - Processing file /home/airflow/.local/lib/python3.6/site-packages/airflow/example_dags/example_time_delta_sensor_async.py for tasks to queue
[2025-12-10 18:39:56,072] {logging_mixin.py:109} INFO - [2025-12-10 18:39:56,072] {dagbag.py:500} INFO - Filling up the DagBag from /home/airflow/.local/lib/python3.6/site-packages/airflow/example_dags/example_time_delta_sensor_async.py
[2025-12-10 18:39:56,097] {processor.py:654} INFO - DAG(s) dict_keys(['example_time_delta_sensor_async']) retrieved from /home/airflow/.local/lib/python3.6/site-packages/airflow/example_dags/example_time_delta_sensor_async.py
[2025-12-10 18:39:56,105] {logging_mixin.py:109} INFO - [2025-12-10 18:39:56,104] {dag.py:2396} INFO - Sync 1 DAGs
[2025-12-10 18:39:56,117] {logging_mixin.py:109} INFO - [2025-12-10 18:39:56,117] {dag.py:2935} INFO - Setting next_dagrun for example_time_delta_sensor_async to None
[2025-12-10 18:39:56,124] {processor.py:171} INFO - Processing /home/airflow/.local/lib/python3.6/site-packages/airflow/example_dags/example_time_delta_sensor_async.py took 0.066 seconds
[2025-12-10 18:40:26,372] {processor.py:163} INFO - Started process (PID=2072) to work on /home/airflow/.local/lib/python3.6/site-packages/airflow/example_dags/example_time_delta_sensor_async.py
[2025-12-10 18:40:26,383] {processor.py:642} INFO - Processing file /home/airflow/.local/lib/python3.6/site-packages/airflow/example_dags/example_time_delta_sensor_async.py for tasks to queue
[2025-12-10 18:40:26,384] {logging_mixin.py:109} INFO - [2025-12-10 18:40:26,383] {dagbag.py:500} INFO - Filling up the DagBag from /home/airflow/.local/lib/python3.6/site-packages/airflow/example_dags/example_time_delta_sensor_async.py
[2025-12-10 18:40:26,410] {processor.py:654} INFO - DAG(s) dict_keys(['example_time_delta_sensor_async']) retrieved from /home/airflow/.local/lib/python3.6/site-packages/airflow/example_dags/example_time_delta_sensor_async.py
[2025-12-10 18:40:26,418] {logging_mixin.py:109} INFO - [2025-12-10 18:40:26,418] {dag.py:2396} INFO - Sync 1 DAGs
[2025-12-10 18:40:26,433] {logging_mixin.py:109} INFO - [2025-12-10 18:40:26,433] {dag.py:2935} INFO - Setting next_dagrun for example_time_delta_sensor_async to None
[2025-12-10 18:40:26,440] {processor.py:171} INFO - Processing /home/airflow/.local/lib/python3.6/site-packages/airflow/example_dags/example_time_delta_sensor_async.py took 0.071 seconds
[2025-12-10 18:40:56,804] {processor.py:163} INFO - Started process (PID=2134) to work on /home/airflow/.local/lib/python3.6/site-packages/airflow/example_dags/example_time_delta_sensor_async.py
[2025-12-10 18:40:56,814] {processor.py:642} INFO - Processing file /home/airflow/.local/lib/python3.6/site-packages/airflow/example_dags/example_time_delta_sensor_async.py for tasks to queue
[2025-12-10 18:40:56,815] {logging_mixin.py:109} INFO - [2025-12-10 18:40:56,815] {dagbag.py:500} INFO - Filling up the DagBag from /home/airflow/.local/lib/python3.6/site-packages/airflow/example_dags/example_time_delta_sensor_async.py
[2025-12-10 18:40:56,842] {processor.py:654} INFO - DAG(s) dict_keys(['example_time_delta_sensor_async']) retrieved from /home/airflow/.local/lib/python3.6/site-packages/airflow/example_dags/example_time_delta_sensor_async.py
[2025-12-10 18:40:56,850] {logging_mixin.py:109} INFO - [2025-12-10 18:40:56,850] {dag.py:2396} INFO - Sync 1 DAGs
[2025-12-10 18:40:56,865] {logging_mixin.py:109} INFO - [2025-12-10 18:40:56,865] {dag.py:2935} INFO - Setting next_dagrun for example_time_delta_sensor_async to None
[2025-12-10 18:40:56,873] {processor.py:171} INFO - Processing /home/airflow/.local/lib/python3.6/site-packages/airflow/example_dags/example_time_delta_sensor_async.py took 0.072 seconds
[2025-12-10 18:41:27,171] {processor.py:163} INFO - Started process (PID=2186) to work on /home/airflow/.local/lib/python3.6/site-packages/airflow/example_dags/example_time_delta_sensor_async.py
[2025-12-10 18:41:27,172] {processor.py:642} INFO - Processing file /home/airflow/.local/lib/python3.6/site-packages/airflow/example_dags/example_time_delta_sensor_async.py for tasks to queue
[2025-12-10 18:41:27,172] {logging_mixin.py:109} INFO - [2025-12-10 18:41:27,172] {dagbag.py:500} INFO - Filling up the DagBag from /home/airflow/.local/lib/python3.6/site-packages/airflow/example_dags/example_time_delta_sensor_async.py
[2025-12-10 18:41:27,203] {processor.py:654} INFO - DAG(s) dict_keys(['example_time_delta_sensor_async']) retrieved from /home/airflow/.local/lib/python3.6/site-packages/airflow/example_dags/example_time_delta_sensor_async.py
[2025-12-10 18:41:27,214] {logging_mixin.py:109} INFO - [2025-12-10 18:41:27,213] {dag.py:2396} INFO - Sync 1 DAGs
[2025-12-10 18:41:27,231] {logging_mixin.py:109} INFO - [2025-12-10 18:41:27,230] {dag.py:2935} INFO - Setting next_dagrun for example_time_delta_sensor_async to None
[2025-12-10 18:41:27,239] {processor.py:171} INFO - Processing /home/airflow/.local/lib/python3.6/site-packages/airflow/example_dags/example_time_delta_sensor_async.py took 0.072 seconds
[2025-12-10 18:41:57,453] {processor.py:163} INFO - Started process (PID=2248) to work on /home/airflow/.local/lib/python3.6/site-packages/airflow/example_dags/example_time_delta_sensor_async.py
[2025-12-10 18:41:57,454] {processor.py:642} INFO - Processing file /home/airflow/.local/lib/python3.6/site-packages/airflow/example_dags/example_time_delta_sensor_async.py for tasks to queue
[2025-12-10 18:41:57,455] {logging_mixin.py:109} INFO - [2025-12-10 18:41:57,455] {dagbag.py:500} INFO - Filling up the DagBag from /home/airflow/.local/lib/python3.6/site-packages/airflow/example_dags/example_time_delta_sensor_async.py
[2025-12-10 18:41:57,480] {processor.py:654} INFO - DAG(s) dict_keys(['example_time_delta_sensor_async']) retrieved from /home/airflow/.local/lib/python3.6/site-packages/airflow/example_dags/example_time_delta_sensor_async.py
[2025-12-10 18:41:57,490] {logging_mixin.py:109} INFO - [2025-12-10 18:41:57,490] {dag.py:2396} INFO - Sync 1 DAGs
[2025-12-10 18:41:57,505] {logging_mixin.py:109} INFO - [2025-12-10 18:41:57,504] {dag.py:2935} INFO - Setting next_dagrun for example_time_delta_sensor_async to None
[2025-12-10 18:41:57,512] {processor.py:171} INFO - Processing /home/airflow/.local/lib/python3.6/site-packages/airflow/example_dags/example_time_delta_sensor_async.py took 0.063 seconds
[2025-12-10 18:42:27,922] {processor.py:163} INFO - Started process (PID=2300) to work on /home/airflow/.local/lib/python3.6/site-packages/airflow/example_dags/example_time_delta_sensor_async.py
[2025-12-10 18:42:27,923] {processor.py:642} INFO - Processing file /home/airflow/.local/lib/python3.6/site-packages/airflow/example_dags/example_time_delta_sensor_async.py for tasks to queue
[2025-12-10 18:42:27,923] {logging_mixin.py:109} INFO - [2025-12-10 18:42:27,923] {dagbag.py:500} INFO - Filling up the DagBag from /home/airflow/.local/lib/python3.6/site-packages/airflow/example_dags/example_time_delta_sensor_async.py
[2025-12-10 18:42:27,953] {processor.py:654} INFO - DAG(s) dict_keys(['example_time_delta_sensor_async']) retrieved from /home/airflow/.local/lib/python3.6/site-packages/airflow/example_dags/example_time_delta_sensor_async.py
[2025-12-10 18:42:27,963] {logging_mixin.py:109} INFO - [2025-12-10 18:42:27,963] {dag.py:2396} INFO - Sync 1 DAGs
[2025-12-10 18:42:27,978] {logging_mixin.py:109} INFO - [2025-12-10 18:42:27,978] {dag.py:2935} INFO - Setting next_dagrun for example_time_delta_sensor_async to None
[2025-12-10 18:42:27,987] {processor.py:171} INFO - Processing /home/airflow/.local/lib/python3.6/site-packages/airflow/example_dags/example_time_delta_sensor_async.py took 0.068 seconds
[2025-12-10 18:42:58,352] {processor.py:163} INFO - Started process (PID=2362) to work on /home/airflow/.local/lib/python3.6/site-packages/airflow/example_dags/example_time_delta_sensor_async.py
[2025-12-10 18:42:58,362] {processor.py:642} INFO - Processing file /home/airflow/.local/lib/python3.6/site-packages/airflow/example_dags/example_time_delta_sensor_async.py for tasks to queue
[2025-12-10 18:42:58,363] {logging_mixin.py:109} INFO - [2025-12-10 18:42:58,363] {dagbag.py:500} INFO - Filling up the DagBag from /home/airflow/.local/lib/python3.6/site-packages/airflow/example_dags/example_time_delta_sensor_async.py
[2025-12-10 18:42:58,389] {processor.py:654} INFO - DAG(s) dict_keys(['example_time_delta_sensor_async']) retrieved from /home/airflow/.local/lib/python3.6/site-packages/airflow/example_dags/example_time_delta_sensor_async.py
[2025-12-10 18:42:58,398] {logging_mixin.py:109} INFO - [2025-12-10 18:42:58,398] {dag.py:2396} INFO - Sync 1 DAGs
[2025-12-10 18:42:58,413] {logging_mixin.py:109} INFO - [2025-12-10 18:42:58,413] {dag.py:2935} INFO - Setting next_dagrun for example_time_delta_sensor_async to None
[2025-12-10 18:42:58,421] {processor.py:171} INFO - Processing /home/airflow/.local/lib/python3.6/site-packages/airflow/example_dags/example_time_delta_sensor_async.py took 0.073 seconds
[2025-12-10 18:43:28,894] {processor.py:163} INFO - Started process (PID=2414) to work on /home/airflow/.local/lib/python3.6/site-packages/airflow/example_dags/example_time_delta_sensor_async.py
[2025-12-10 18:43:28,896] {processor.py:642} INFO - Processing file /home/airflow/.local/lib/python3.6/site-packages/airflow/example_dags/example_time_delta_sensor_async.py for tasks to queue
[2025-12-10 18:43:28,896] {logging_mixin.py:109} INFO - [2025-12-10 18:43:28,896] {dagbag.py:500} INFO - Filling up the DagBag from /home/airflow/.local/lib/python3.6/site-packages/airflow/example_dags/example_time_delta_sensor_async.py
[2025-12-10 18:43:28,923] {processor.py:654} INFO - DAG(s) dict_keys(['example_time_delta_sensor_async']) retrieved from /home/airflow/.local/lib/python3.6/site-packages/airflow/example_dags/example_time_delta_sensor_async.py
[2025-12-10 18:43:28,933] {logging_mixin.py:109} INFO - [2025-12-10 18:43:28,933] {dag.py:2396} INFO - Sync 1 DAGs
[2025-12-10 18:43:28,947] {logging_mixin.py:109} INFO - [2025-12-10 18:43:28,947] {dag.py:2935} INFO - Setting next_dagrun for example_time_delta_sensor_async to None
[2025-12-10 18:43:28,955] {processor.py:171} INFO - Processing /home/airflow/.local/lib/python3.6/site-packages/airflow/example_dags/example_time_delta_sensor_async.py took 0.064 seconds
[2025-12-10 18:43:59,495] {processor.py:163} INFO - Started process (PID=2476) to work on /home/airflow/.local/lib/python3.6/site-packages/airflow/example_dags/example_time_delta_sensor_async.py
[2025-12-10 18:43:59,496] {processor.py:642} INFO - Processing file /home/airflow/.local/lib/python3.6/site-packages/airflow/example_dags/example_time_delta_sensor_async.py for tasks to queue
[2025-12-10 18:43:59,496] {logging_mixin.py:109} INFO - [2025-12-10 18:43:59,496] {dagbag.py:500} INFO - Filling up the DagBag from /home/airflow/.local/lib/python3.6/site-packages/airflow/example_dags/example_time_delta_sensor_async.py
[2025-12-10 18:43:59,521] {processor.py:654} INFO - DAG(s) dict_keys(['example_time_delta_sensor_async']) retrieved from /home/airflow/.local/lib/python3.6/site-packages/airflow/example_dags/example_time_delta_sensor_async.py
[2025-12-10 18:43:59,530] {logging_mixin.py:109} INFO - [2025-12-10 18:43:59,529] {dag.py:2396} INFO - Sync 1 DAGs
[2025-12-10 18:43:59,543] {logging_mixin.py:109} INFO - [2025-12-10 18:43:59,543] {dag.py:2935} INFO - Setting next_dagrun for example_time_delta_sensor_async to None
[2025-12-10 18:43:59,549] {processor.py:171} INFO - Processing /home/airflow/.local/lib/python3.6/site-packages/airflow/example_dags/example_time_delta_sensor_async.py took 0.058 seconds
[2025-12-10 18:46:30,429] {processor.py:163} INFO - Started process (PID=65) to work on /home/airflow/.local/lib/python3.6/site-packages/airflow/example_dags/example_time_delta_sensor_async.py
[2025-12-10 18:46:30,431] {processor.py:642} INFO - Processing file /home/airflow/.local/lib/python3.6/site-packages/airflow/example_dags/example_time_delta_sensor_async.py for tasks to queue
[2025-12-10 18:46:30,432] {logging_mixin.py:109} INFO - [2025-12-10 18:46:30,432] {dagbag.py:500} INFO - Filling up the DagBag from /home/airflow/.local/lib/python3.6/site-packages/airflow/example_dags/example_time_delta_sensor_async.py
[2025-12-10 18:46:30,465] {processor.py:654} INFO - DAG(s) dict_keys(['example_time_delta_sensor_async']) retrieved from /home/airflow/.local/lib/python3.6/site-packages/airflow/example_dags/example_time_delta_sensor_async.py
[2025-12-10 18:46:30,477] {logging_mixin.py:109} INFO - [2025-12-10 18:46:30,477] {dag.py:2396} INFO - Sync 1 DAGs
[2025-12-10 18:46:30,498] {logging_mixin.py:109} INFO - [2025-12-10 18:46:30,498] {dag.py:2935} INFO - Setting next_dagrun for example_time_delta_sensor_async to None
[2025-12-10 18:46:30,508] {processor.py:171} INFO - Processing /home/airflow/.local/lib/python3.6/site-packages/airflow/example_dags/example_time_delta_sensor_async.py took 0.083 seconds
[2025-12-10 18:47:02,544] {processor.py:163} INFO - Started process (PID=117) to work on /home/airflow/.local/lib/python3.6/site-packages/airflow/example_dags/example_time_delta_sensor_async.py
[2025-12-10 18:47:02,546] {processor.py:642} INFO - Processing file /home/airflow/.local/lib/python3.6/site-packages/airflow/example_dags/example_time_delta_sensor_async.py for tasks to queue
[2025-12-10 18:47:02,547] {logging_mixin.py:109} INFO - [2025-12-10 18:47:02,547] {dagbag.py:500} INFO - Filling up the DagBag from /home/airflow/.local/lib/python3.6/site-packages/airflow/example_dags/example_time_delta_sensor_async.py
[2025-12-10 18:47:02,607] {processor.py:654} INFO - DAG(s) dict_keys(['example_time_delta_sensor_async']) retrieved from /home/airflow/.local/lib/python3.6/site-packages/airflow/example_dags/example_time_delta_sensor_async.py
[2025-12-10 18:47:02,631] {logging_mixin.py:109} INFO - [2025-12-10 18:47:02,631] {dag.py:2396} INFO - Sync 1 DAGs
[2025-12-10 18:47:02,668] {logging_mixin.py:109} INFO - [2025-12-10 18:47:02,668] {dag.py:2935} INFO - Setting next_dagrun for example_time_delta_sensor_async to None
[2025-12-10 18:47:02,693] {processor.py:171} INFO - Processing /home/airflow/.local/lib/python3.6/site-packages/airflow/example_dags/example_time_delta_sensor_async.py took 0.157 seconds
[2025-12-10 18:47:33,712] {processor.py:163} INFO - Started process (PID=180) to work on /home/airflow/.local/lib/python3.6/site-packages/airflow/example_dags/example_time_delta_sensor_async.py
[2025-12-10 18:47:33,714] {processor.py:642} INFO - Processing file /home/airflow/.local/lib/python3.6/site-packages/airflow/example_dags/example_time_delta_sensor_async.py for tasks to queue
[2025-12-10 18:47:33,715] {logging_mixin.py:109} INFO - [2025-12-10 18:47:33,715] {dagbag.py:500} INFO - Filling up the DagBag from /home/airflow/.local/lib/python3.6/site-packages/airflow/example_dags/example_time_delta_sensor_async.py
[2025-12-10 18:47:33,759] {processor.py:654} INFO - DAG(s) dict_keys(['example_time_delta_sensor_async']) retrieved from /home/airflow/.local/lib/python3.6/site-packages/airflow/example_dags/example_time_delta_sensor_async.py
[2025-12-10 18:47:33,774] {logging_mixin.py:109} INFO - [2025-12-10 18:47:33,773] {dag.py:2396} INFO - Sync 1 DAGs
[2025-12-10 18:47:33,803] {logging_mixin.py:109} INFO - [2025-12-10 18:47:33,803] {dag.py:2935} INFO - Setting next_dagrun for example_time_delta_sensor_async to None
[2025-12-10 18:47:33,817] {processor.py:171} INFO - Processing /home/airflow/.local/lib/python3.6/site-packages/airflow/example_dags/example_time_delta_sensor_async.py took 0.111 seconds
[2025-12-10 18:48:04,776] {processor.py:163} INFO - Started process (PID=232) to work on /home/airflow/.local/lib/python3.6/site-packages/airflow/example_dags/example_time_delta_sensor_async.py
[2025-12-10 18:48:04,779] {processor.py:642} INFO - Processing file /home/airflow/.local/lib/python3.6/site-packages/airflow/example_dags/example_time_delta_sensor_async.py for tasks to queue
[2025-12-10 18:48:04,781] {logging_mixin.py:109} INFO - [2025-12-10 18:48:04,780] {dagbag.py:500} INFO - Filling up the DagBag from /home/airflow/.local/lib/python3.6/site-packages/airflow/example_dags/example_time_delta_sensor_async.py
[2025-12-10 18:48:04,831] {processor.py:654} INFO - DAG(s) dict_keys(['example_time_delta_sensor_async']) retrieved from /home/airflow/.local/lib/python3.6/site-packages/airflow/example_dags/example_time_delta_sensor_async.py
[2025-12-10 18:48:04,845] {logging_mixin.py:109} INFO - [2025-12-10 18:48:04,845] {dag.py:2396} INFO - Sync 1 DAGs
[2025-12-10 18:48:04,867] {logging_mixin.py:109} INFO - [2025-12-10 18:48:04,866] {dag.py:2935} INFO - Setting next_dagrun for example_time_delta_sensor_async to None
[2025-12-10 18:48:04,876] {processor.py:171} INFO - Processing /home/airflow/.local/lib/python3.6/site-packages/airflow/example_dags/example_time_delta_sensor_async.py took 0.107 seconds
[2025-12-10 18:48:35,940] {processor.py:163} INFO - Started process (PID=295) to work on /home/airflow/.local/lib/python3.6/site-packages/airflow/example_dags/example_time_delta_sensor_async.py
[2025-12-10 18:48:35,942] {processor.py:642} INFO - Processing file /home/airflow/.local/lib/python3.6/site-packages/airflow/example_dags/example_time_delta_sensor_async.py for tasks to queue
[2025-12-10 18:48:35,943] {logging_mixin.py:109} INFO - [2025-12-10 18:48:35,943] {dagbag.py:500} INFO - Filling up the DagBag from /home/airflow/.local/lib/python3.6/site-packages/airflow/example_dags/example_time_delta_sensor_async.py
[2025-12-10 18:48:35,981] {processor.py:654} INFO - DAG(s) dict_keys(['example_time_delta_sensor_async']) retrieved from /home/airflow/.local/lib/python3.6/site-packages/airflow/example_dags/example_time_delta_sensor_async.py
[2025-12-10 18:48:35,993] {logging_mixin.py:109} INFO - [2025-12-10 18:48:35,993] {dag.py:2396} INFO - Sync 1 DAGs
[2025-12-10 18:48:36,013] {logging_mixin.py:109} INFO - [2025-12-10 18:48:36,013] {dag.py:2935} INFO - Setting next_dagrun for example_time_delta_sensor_async to None
[2025-12-10 18:48:36,034] {processor.py:171} INFO - Processing /home/airflow/.local/lib/python3.6/site-packages/airflow/example_dags/example_time_delta_sensor_async.py took 0.098 seconds
[2025-12-10 18:49:06,556] {processor.py:163} INFO - Started process (PID=347) to work on /home/airflow/.local/lib/python3.6/site-packages/airflow/example_dags/example_time_delta_sensor_async.py
[2025-12-10 18:49:06,557] {processor.py:642} INFO - Processing file /home/airflow/.local/lib/python3.6/site-packages/airflow/example_dags/example_time_delta_sensor_async.py for tasks to queue
[2025-12-10 18:49:06,558] {logging_mixin.py:109} INFO - [2025-12-10 18:49:06,558] {dagbag.py:500} INFO - Filling up the DagBag from /home/airflow/.local/lib/python3.6/site-packages/airflow/example_dags/example_time_delta_sensor_async.py
[2025-12-10 18:49:06,590] {processor.py:654} INFO - DAG(s) dict_keys(['example_time_delta_sensor_async']) retrieved from /home/airflow/.local/lib/python3.6/site-packages/airflow/example_dags/example_time_delta_sensor_async.py
[2025-12-10 18:49:06,600] {logging_mixin.py:109} INFO - [2025-12-10 18:49:06,600] {dag.py:2396} INFO - Sync 1 DAGs
[2025-12-10 18:49:06,614] {logging_mixin.py:109} INFO - [2025-12-10 18:49:06,614] {dag.py:2935} INFO - Setting next_dagrun for example_time_delta_sensor_async to None
[2025-12-10 18:49:06,622] {processor.py:171} INFO - Processing /home/airflow/.local/lib/python3.6/site-packages/airflow/example_dags/example_time_delta_sensor_async.py took 0.070 seconds
[2025-12-10 18:49:36,902] {processor.py:163} INFO - Started process (PID=409) to work on /home/airflow/.local/lib/python3.6/site-packages/airflow/example_dags/example_time_delta_sensor_async.py
[2025-12-10 18:49:36,903] {processor.py:642} INFO - Processing file /home/airflow/.local/lib/python3.6/site-packages/airflow/example_dags/example_time_delta_sensor_async.py for tasks to queue
[2025-12-10 18:49:36,904] {logging_mixin.py:109} INFO - [2025-12-10 18:49:36,903] {dagbag.py:500} INFO - Filling up the DagBag from /home/airflow/.local/lib/python3.6/site-packages/airflow/example_dags/example_time_delta_sensor_async.py
[2025-12-10 18:49:36,928] {processor.py:654} INFO - DAG(s) dict_keys(['example_time_delta_sensor_async']) retrieved from /home/airflow/.local/lib/python3.6/site-packages/airflow/example_dags/example_time_delta_sensor_async.py
[2025-12-10 18:49:36,936] {logging_mixin.py:109} INFO - [2025-12-10 18:49:36,936] {dag.py:2396} INFO - Sync 1 DAGs
[2025-12-10 18:49:36,949] {logging_mixin.py:109} INFO - [2025-12-10 18:49:36,948] {dag.py:2935} INFO - Setting next_dagrun for example_time_delta_sensor_async to None
[2025-12-10 18:49:36,955] {processor.py:171} INFO - Processing /home/airflow/.local/lib/python3.6/site-packages/airflow/example_dags/example_time_delta_sensor_async.py took 0.056 seconds
[2025-12-10 18:50:08,145] {processor.py:163} INFO - Started process (PID=461) to work on /home/airflow/.local/lib/python3.6/site-packages/airflow/example_dags/example_time_delta_sensor_async.py
[2025-12-10 18:50:08,146] {processor.py:642} INFO - Processing file /home/airflow/.local/lib/python3.6/site-packages/airflow/example_dags/example_time_delta_sensor_async.py for tasks to queue
[2025-12-10 18:50:08,147] {logging_mixin.py:109} INFO - [2025-12-10 18:50:08,147] {dagbag.py:500} INFO - Filling up the DagBag from /home/airflow/.local/lib/python3.6/site-packages/airflow/example_dags/example_time_delta_sensor_async.py
[2025-12-10 18:50:08,176] {processor.py:654} INFO - DAG(s) dict_keys(['example_time_delta_sensor_async']) retrieved from /home/airflow/.local/lib/python3.6/site-packages/airflow/example_dags/example_time_delta_sensor_async.py
[2025-12-10 18:50:08,186] {logging_mixin.py:109} INFO - [2025-12-10 18:50:08,186] {dag.py:2396} INFO - Sync 1 DAGs
[2025-12-10 18:50:08,203] {logging_mixin.py:109} INFO - [2025-12-10 18:50:08,203] {dag.py:2935} INFO - Setting next_dagrun for example_time_delta_sensor_async to None
[2025-12-10 18:50:08,212] {processor.py:171} INFO - Processing /home/airflow/.local/lib/python3.6/site-packages/airflow/example_dags/example_time_delta_sensor_async.py took 0.071 seconds
[2025-12-10 18:51:36,324] {processor.py:163} INFO - Started process (PID=349) to work on /home/airflow/.local/lib/python3.6/site-packages/airflow/example_dags/example_time_delta_sensor_async.py
[2025-12-10 18:51:36,326] {processor.py:642} INFO - Processing file /home/airflow/.local/lib/python3.6/site-packages/airflow/example_dags/example_time_delta_sensor_async.py for tasks to queue
[2025-12-10 18:51:36,327] {logging_mixin.py:109} INFO - [2025-12-10 18:51:36,327] {dagbag.py:500} INFO - Filling up the DagBag from /home/airflow/.local/lib/python3.6/site-packages/airflow/example_dags/example_time_delta_sensor_async.py
[2025-12-10 18:51:36,361] {processor.py:654} INFO - DAG(s) dict_keys(['example_time_delta_sensor_async']) retrieved from /home/airflow/.local/lib/python3.6/site-packages/airflow/example_dags/example_time_delta_sensor_async.py
[2025-12-10 18:51:38,052] {logging_mixin.py:109} INFO - [2025-12-10 18:51:38,052] {manager.py:496} INFO - Created Permission View: can read on DAG:example_time_delta_sensor_async
[2025-12-10 18:51:38,059] {logging_mixin.py:109} INFO - [2025-12-10 18:51:38,058] {manager.py:496} INFO - Created Permission View: can edit on DAG:example_time_delta_sensor_async
[2025-12-10 18:51:38,060] {logging_mixin.py:109} INFO - [2025-12-10 18:51:38,059] {dag.py:2396} INFO - Sync 1 DAGs
[2025-12-10 18:51:38,067] {logging_mixin.py:109} INFO - [2025-12-10 18:51:38,066] {dag.py:2415} INFO - Creating ORM DAG for example_time_delta_sensor_async
[2025-12-10 18:51:38,072] {logging_mixin.py:109} INFO - [2025-12-10 18:51:38,072] {dag.py:2935} INFO - Setting next_dagrun for example_time_delta_sensor_async to None
[2025-12-10 18:51:38,080] {processor.py:171} INFO - Processing /home/airflow/.local/lib/python3.6/site-packages/airflow/example_dags/example_time_delta_sensor_async.py took 1.760 seconds
[2025-12-10 18:52:08,532] {processor.py:163} INFO - Started process (PID=507) to work on /home/airflow/.local/lib/python3.6/site-packages/airflow/example_dags/example_time_delta_sensor_async.py
[2025-12-10 18:52:08,543] {processor.py:642} INFO - Processing file /home/airflow/.local/lib/python3.6/site-packages/airflow/example_dags/example_time_delta_sensor_async.py for tasks to queue
[2025-12-10 18:52:08,543] {logging_mixin.py:109} INFO - [2025-12-10 18:52:08,543] {dagbag.py:500} INFO - Filling up the DagBag from /home/airflow/.local/lib/python3.6/site-packages/airflow/example_dags/example_time_delta_sensor_async.py
[2025-12-10 18:52:08,575] {processor.py:654} INFO - DAG(s) dict_keys(['example_time_delta_sensor_async']) retrieved from /home/airflow/.local/lib/python3.6/site-packages/airflow/example_dags/example_time_delta_sensor_async.py
[2025-12-10 18:52:08,585] {logging_mixin.py:109} INFO - [2025-12-10 18:52:08,585] {dag.py:2396} INFO - Sync 1 DAGs
[2025-12-10 18:52:08,607] {logging_mixin.py:109} INFO - [2025-12-10 18:52:08,607] {dag.py:2935} INFO - Setting next_dagrun for example_time_delta_sensor_async to None
[2025-12-10 18:52:08,616] {processor.py:171} INFO - Processing /home/airflow/.local/lib/python3.6/site-packages/airflow/example_dags/example_time_delta_sensor_async.py took 0.089 seconds
