[2025-12-10 18:26:19,742] {processor.py:163} INFO - Started process (PID=437) to work on /home/airflow/.local/lib/python3.6/site-packages/airflow/example_dags/example_external_task_marker_dag.py
[2025-12-10 18:26:19,743] {processor.py:642} INFO - Processing file /home/airflow/.local/lib/python3.6/site-packages/airflow/example_dags/example_external_task_marker_dag.py for tasks to queue
[2025-12-10 18:26:19,744] {logging_mixin.py:109} INFO - [2025-12-10 18:26:19,744] {dagbag.py:500} INFO - Filling up the DagBag from /home/airflow/.local/lib/python3.6/site-packages/airflow/example_dags/example_external_task_marker_dag.py
[2025-12-10 18:26:19,784] {processor.py:654} INFO - DAG(s) dict_keys(['example_external_task_marker_parent', 'example_external_task_marker_child']) retrieved from /home/airflow/.local/lib/python3.6/site-packages/airflow/example_dags/example_external_task_marker_dag.py
[2025-12-10 18:26:21,717] {logging_mixin.py:109} INFO - [2025-12-10 18:26:21,717] {manager.py:496} INFO - Created Permission View: can edit on DAG:example_external_task_marker_parent
[2025-12-10 18:26:21,727] {logging_mixin.py:109} INFO - [2025-12-10 18:26:21,727] {manager.py:496} INFO - Created Permission View: can read on DAG:example_external_task_marker_parent
[2025-12-10 18:26:21,746] {logging_mixin.py:109} INFO - [2025-12-10 18:26:21,746] {manager.py:496} INFO - Created Permission View: can edit on DAG:example_external_task_marker_child
[2025-12-10 18:26:21,754] {logging_mixin.py:109} INFO - [2025-12-10 18:26:21,754] {manager.py:496} INFO - Created Permission View: can read on DAG:example_external_task_marker_child
[2025-12-10 18:26:21,755] {logging_mixin.py:109} INFO - [2025-12-10 18:26:21,754] {dag.py:2396} INFO - Sync 2 DAGs
[2025-12-10 18:26:21,765] {logging_mixin.py:109} INFO - [2025-12-10 18:26:21,764] {dag.py:2415} INFO - Creating ORM DAG for example_external_task_marker_parent
[2025-12-10 18:26:21,765] {logging_mixin.py:109} INFO - [2025-12-10 18:26:21,765] {dag.py:2415} INFO - Creating ORM DAG for example_external_task_marker_child
[2025-12-10 18:26:21,772] {logging_mixin.py:109} INFO - [2025-12-10 18:26:21,772] {dag.py:2935} INFO - Setting next_dagrun for example_external_task_marker_child to None
[2025-12-10 18:26:21,773] {logging_mixin.py:109} INFO - [2025-12-10 18:26:21,773] {dag.py:2935} INFO - Setting next_dagrun for example_external_task_marker_parent to None
[2025-12-10 18:26:21,787] {processor.py:171} INFO - Processing /home/airflow/.local/lib/python3.6/site-packages/airflow/example_dags/example_external_task_marker_dag.py took 2.050 seconds
[2025-12-10 18:26:51,868] {processor.py:163} INFO - Started process (PID=513) to work on /home/airflow/.local/lib/python3.6/site-packages/airflow/example_dags/example_external_task_marker_dag.py
[2025-12-10 18:26:51,878] {processor.py:642} INFO - Processing file /home/airflow/.local/lib/python3.6/site-packages/airflow/example_dags/example_external_task_marker_dag.py for tasks to queue
[2025-12-10 18:26:51,879] {logging_mixin.py:109} INFO - [2025-12-10 18:26:51,879] {dagbag.py:500} INFO - Filling up the DagBag from /home/airflow/.local/lib/python3.6/site-packages/airflow/example_dags/example_external_task_marker_dag.py
[2025-12-10 18:26:51,903] {processor.py:654} INFO - DAG(s) dict_keys(['example_external_task_marker_parent', 'example_external_task_marker_child']) retrieved from /home/airflow/.local/lib/python3.6/site-packages/airflow/example_dags/example_external_task_marker_dag.py
[2025-12-10 18:26:51,913] {logging_mixin.py:109} INFO - [2025-12-10 18:26:51,913] {dag.py:2396} INFO - Sync 2 DAGs
[2025-12-10 18:26:51,927] {logging_mixin.py:109} INFO - [2025-12-10 18:26:51,927] {dag.py:2935} INFO - Setting next_dagrun for example_external_task_marker_child to None
[2025-12-10 18:26:51,927] {logging_mixin.py:109} INFO - [2025-12-10 18:26:51,927] {dag.py:2935} INFO - Setting next_dagrun for example_external_task_marker_parent to None
[2025-12-10 18:26:51,934] {processor.py:171} INFO - Processing /home/airflow/.local/lib/python3.6/site-packages/airflow/example_dags/example_external_task_marker_dag.py took 0.069 seconds
[2025-12-10 18:27:22,286] {processor.py:163} INFO - Started process (PID=576) to work on /home/airflow/.local/lib/python3.6/site-packages/airflow/example_dags/example_external_task_marker_dag.py
[2025-12-10 18:27:22,294] {processor.py:642} INFO - Processing file /home/airflow/.local/lib/python3.6/site-packages/airflow/example_dags/example_external_task_marker_dag.py for tasks to queue
[2025-12-10 18:27:22,295] {logging_mixin.py:109} INFO - [2025-12-10 18:27:22,295] {dagbag.py:500} INFO - Filling up the DagBag from /home/airflow/.local/lib/python3.6/site-packages/airflow/example_dags/example_external_task_marker_dag.py
[2025-12-10 18:27:22,322] {processor.py:654} INFO - DAG(s) dict_keys(['example_external_task_marker_parent', 'example_external_task_marker_child']) retrieved from /home/airflow/.local/lib/python3.6/site-packages/airflow/example_dags/example_external_task_marker_dag.py
[2025-12-10 18:27:22,334] {logging_mixin.py:109} INFO - [2025-12-10 18:27:22,333] {dag.py:2396} INFO - Sync 2 DAGs
[2025-12-10 18:27:22,348] {logging_mixin.py:109} INFO - [2025-12-10 18:27:22,347] {dag.py:2935} INFO - Setting next_dagrun for example_external_task_marker_child to None
[2025-12-10 18:27:22,348] {logging_mixin.py:109} INFO - [2025-12-10 18:27:22,348] {dag.py:2935} INFO - Setting next_dagrun for example_external_task_marker_parent to None
[2025-12-10 18:27:22,357] {processor.py:171} INFO - Processing /home/airflow/.local/lib/python3.6/site-packages/airflow/example_dags/example_external_task_marker_dag.py took 0.074 seconds
[2025-12-10 18:27:52,902] {processor.py:163} INFO - Started process (PID=628) to work on /home/airflow/.local/lib/python3.6/site-packages/airflow/example_dags/example_external_task_marker_dag.py
[2025-12-10 18:27:52,910] {processor.py:642} INFO - Processing file /home/airflow/.local/lib/python3.6/site-packages/airflow/example_dags/example_external_task_marker_dag.py for tasks to queue
[2025-12-10 18:27:52,911] {logging_mixin.py:109} INFO - [2025-12-10 18:27:52,910] {dagbag.py:500} INFO - Filling up the DagBag from /home/airflow/.local/lib/python3.6/site-packages/airflow/example_dags/example_external_task_marker_dag.py
[2025-12-10 18:27:52,939] {processor.py:654} INFO - DAG(s) dict_keys(['example_external_task_marker_parent', 'example_external_task_marker_child']) retrieved from /home/airflow/.local/lib/python3.6/site-packages/airflow/example_dags/example_external_task_marker_dag.py
[2025-12-10 18:27:52,950] {logging_mixin.py:109} INFO - [2025-12-10 18:27:52,950] {dag.py:2396} INFO - Sync 2 DAGs
[2025-12-10 18:27:52,963] {logging_mixin.py:109} INFO - [2025-12-10 18:27:52,963] {dag.py:2935} INFO - Setting next_dagrun for example_external_task_marker_child to None
[2025-12-10 18:27:52,963] {logging_mixin.py:109} INFO - [2025-12-10 18:27:52,963] {dag.py:2935} INFO - Setting next_dagrun for example_external_task_marker_parent to None
[2025-12-10 18:27:52,971] {processor.py:171} INFO - Processing /home/airflow/.local/lib/python3.6/site-packages/airflow/example_dags/example_external_task_marker_dag.py took 0.072 seconds
[2025-12-10 18:28:23,014] {processor.py:163} INFO - Started process (PID=690) to work on /home/airflow/.local/lib/python3.6/site-packages/airflow/example_dags/example_external_task_marker_dag.py
[2025-12-10 18:28:23,022] {processor.py:642} INFO - Processing file /home/airflow/.local/lib/python3.6/site-packages/airflow/example_dags/example_external_task_marker_dag.py for tasks to queue
[2025-12-10 18:28:23,022] {logging_mixin.py:109} INFO - [2025-12-10 18:28:23,022] {dagbag.py:500} INFO - Filling up the DagBag from /home/airflow/.local/lib/python3.6/site-packages/airflow/example_dags/example_external_task_marker_dag.py
[2025-12-10 18:28:23,050] {processor.py:654} INFO - DAG(s) dict_keys(['example_external_task_marker_parent', 'example_external_task_marker_child']) retrieved from /home/airflow/.local/lib/python3.6/site-packages/airflow/example_dags/example_external_task_marker_dag.py
[2025-12-10 18:28:23,061] {logging_mixin.py:109} INFO - [2025-12-10 18:28:23,061] {dag.py:2396} INFO - Sync 2 DAGs
[2025-12-10 18:28:23,074] {logging_mixin.py:109} INFO - [2025-12-10 18:28:23,074] {dag.py:2935} INFO - Setting next_dagrun for example_external_task_marker_child to None
[2025-12-10 18:28:23,075] {logging_mixin.py:109} INFO - [2025-12-10 18:28:23,075] {dag.py:2935} INFO - Setting next_dagrun for example_external_task_marker_parent to None
[2025-12-10 18:28:23,083] {processor.py:171} INFO - Processing /home/airflow/.local/lib/python3.6/site-packages/airflow/example_dags/example_external_task_marker_dag.py took 0.072 seconds
[2025-12-10 18:28:53,230] {processor.py:163} INFO - Started process (PID=751) to work on /home/airflow/.local/lib/python3.6/site-packages/airflow/example_dags/example_external_task_marker_dag.py
[2025-12-10 18:28:53,237] {processor.py:642} INFO - Processing file /home/airflow/.local/lib/python3.6/site-packages/airflow/example_dags/example_external_task_marker_dag.py for tasks to queue
[2025-12-10 18:28:53,238] {logging_mixin.py:109} INFO - [2025-12-10 18:28:53,238] {dagbag.py:500} INFO - Filling up the DagBag from /home/airflow/.local/lib/python3.6/site-packages/airflow/example_dags/example_external_task_marker_dag.py
[2025-12-10 18:28:53,264] {processor.py:654} INFO - DAG(s) dict_keys(['example_external_task_marker_parent', 'example_external_task_marker_child']) retrieved from /home/airflow/.local/lib/python3.6/site-packages/airflow/example_dags/example_external_task_marker_dag.py
[2025-12-10 18:28:53,275] {logging_mixin.py:109} INFO - [2025-12-10 18:28:53,275] {dag.py:2396} INFO - Sync 2 DAGs
[2025-12-10 18:28:53,289] {logging_mixin.py:109} INFO - [2025-12-10 18:28:53,289] {dag.py:2935} INFO - Setting next_dagrun for example_external_task_marker_child to None
[2025-12-10 18:28:53,290] {logging_mixin.py:109} INFO - [2025-12-10 18:28:53,289] {dag.py:2935} INFO - Setting next_dagrun for example_external_task_marker_parent to None
[2025-12-10 18:28:53,299] {processor.py:171} INFO - Processing /home/airflow/.local/lib/python3.6/site-packages/airflow/example_dags/example_external_task_marker_dag.py took 0.072 seconds
[2025-12-10 18:29:23,662] {processor.py:163} INFO - Started process (PID=804) to work on /home/airflow/.local/lib/python3.6/site-packages/airflow/example_dags/example_external_task_marker_dag.py
[2025-12-10 18:29:23,670] {processor.py:642} INFO - Processing file /home/airflow/.local/lib/python3.6/site-packages/airflow/example_dags/example_external_task_marker_dag.py for tasks to queue
[2025-12-10 18:29:23,670] {logging_mixin.py:109} INFO - [2025-12-10 18:29:23,670] {dagbag.py:500} INFO - Filling up the DagBag from /home/airflow/.local/lib/python3.6/site-packages/airflow/example_dags/example_external_task_marker_dag.py
[2025-12-10 18:29:23,697] {processor.py:654} INFO - DAG(s) dict_keys(['example_external_task_marker_parent', 'example_external_task_marker_child']) retrieved from /home/airflow/.local/lib/python3.6/site-packages/airflow/example_dags/example_external_task_marker_dag.py
[2025-12-10 18:29:23,708] {logging_mixin.py:109} INFO - [2025-12-10 18:29:23,708] {dag.py:2396} INFO - Sync 2 DAGs
[2025-12-10 18:29:23,721] {logging_mixin.py:109} INFO - [2025-12-10 18:29:23,721] {dag.py:2935} INFO - Setting next_dagrun for example_external_task_marker_child to None
[2025-12-10 18:29:23,721] {logging_mixin.py:109} INFO - [2025-12-10 18:29:23,721] {dag.py:2935} INFO - Setting next_dagrun for example_external_task_marker_parent to None
[2025-12-10 18:29:23,730] {processor.py:171} INFO - Processing /home/airflow/.local/lib/python3.6/site-packages/airflow/example_dags/example_external_task_marker_dag.py took 0.071 seconds
[2025-12-10 18:29:54,193] {processor.py:163} INFO - Started process (PID=866) to work on /home/airflow/.local/lib/python3.6/site-packages/airflow/example_dags/example_external_task_marker_dag.py
[2025-12-10 18:29:54,194] {processor.py:642} INFO - Processing file /home/airflow/.local/lib/python3.6/site-packages/airflow/example_dags/example_external_task_marker_dag.py for tasks to queue
[2025-12-10 18:29:54,195] {logging_mixin.py:109} INFO - [2025-12-10 18:29:54,195] {dagbag.py:500} INFO - Filling up the DagBag from /home/airflow/.local/lib/python3.6/site-packages/airflow/example_dags/example_external_task_marker_dag.py
[2025-12-10 18:29:54,221] {processor.py:654} INFO - DAG(s) dict_keys(['example_external_task_marker_parent', 'example_external_task_marker_child']) retrieved from /home/airflow/.local/lib/python3.6/site-packages/airflow/example_dags/example_external_task_marker_dag.py
[2025-12-10 18:29:54,231] {logging_mixin.py:109} INFO - [2025-12-10 18:29:54,231] {dag.py:2396} INFO - Sync 2 DAGs
[2025-12-10 18:29:54,245] {logging_mixin.py:109} INFO - [2025-12-10 18:29:54,245] {dag.py:2935} INFO - Setting next_dagrun for example_external_task_marker_child to None
[2025-12-10 18:29:54,245] {logging_mixin.py:109} INFO - [2025-12-10 18:29:54,245] {dag.py:2935} INFO - Setting next_dagrun for example_external_task_marker_parent to None
[2025-12-10 18:29:54,252] {processor.py:171} INFO - Processing /home/airflow/.local/lib/python3.6/site-packages/airflow/example_dags/example_external_task_marker_dag.py took 0.062 seconds
[2025-12-10 18:30:24,594] {processor.py:163} INFO - Started process (PID=918) to work on /home/airflow/.local/lib/python3.6/site-packages/airflow/example_dags/example_external_task_marker_dag.py
[2025-12-10 18:30:24,595] {processor.py:642} INFO - Processing file /home/airflow/.local/lib/python3.6/site-packages/airflow/example_dags/example_external_task_marker_dag.py for tasks to queue
[2025-12-10 18:30:24,596] {logging_mixin.py:109} INFO - [2025-12-10 18:30:24,595] {dagbag.py:500} INFO - Filling up the DagBag from /home/airflow/.local/lib/python3.6/site-packages/airflow/example_dags/example_external_task_marker_dag.py
[2025-12-10 18:30:24,623] {processor.py:654} INFO - DAG(s) dict_keys(['example_external_task_marker_parent', 'example_external_task_marker_child']) retrieved from /home/airflow/.local/lib/python3.6/site-packages/airflow/example_dags/example_external_task_marker_dag.py
[2025-12-10 18:30:24,634] {logging_mixin.py:109} INFO - [2025-12-10 18:30:24,634] {dag.py:2396} INFO - Sync 2 DAGs
[2025-12-10 18:30:24,648] {logging_mixin.py:109} INFO - [2025-12-10 18:30:24,648] {dag.py:2935} INFO - Setting next_dagrun for example_external_task_marker_child to None
[2025-12-10 18:30:24,649] {logging_mixin.py:109} INFO - [2025-12-10 18:30:24,649] {dag.py:2935} INFO - Setting next_dagrun for example_external_task_marker_parent to None
[2025-12-10 18:30:24,657] {processor.py:171} INFO - Processing /home/airflow/.local/lib/python3.6/site-packages/airflow/example_dags/example_external_task_marker_dag.py took 0.066 seconds
[2025-12-10 18:30:55,031] {processor.py:163} INFO - Started process (PID=980) to work on /home/airflow/.local/lib/python3.6/site-packages/airflow/example_dags/example_external_task_marker_dag.py
[2025-12-10 18:30:55,038] {processor.py:642} INFO - Processing file /home/airflow/.local/lib/python3.6/site-packages/airflow/example_dags/example_external_task_marker_dag.py for tasks to queue
[2025-12-10 18:30:55,039] {logging_mixin.py:109} INFO - [2025-12-10 18:30:55,039] {dagbag.py:500} INFO - Filling up the DagBag from /home/airflow/.local/lib/python3.6/site-packages/airflow/example_dags/example_external_task_marker_dag.py
[2025-12-10 18:30:55,068] {processor.py:654} INFO - DAG(s) dict_keys(['example_external_task_marker_parent', 'example_external_task_marker_child']) retrieved from /home/airflow/.local/lib/python3.6/site-packages/airflow/example_dags/example_external_task_marker_dag.py
[2025-12-10 18:30:55,078] {logging_mixin.py:109} INFO - [2025-12-10 18:30:55,078] {dag.py:2396} INFO - Sync 2 DAGs
[2025-12-10 18:30:55,091] {logging_mixin.py:109} INFO - [2025-12-10 18:30:55,091] {dag.py:2935} INFO - Setting next_dagrun for example_external_task_marker_child to None
[2025-12-10 18:30:55,091] {logging_mixin.py:109} INFO - [2025-12-10 18:30:55,091] {dag.py:2935} INFO - Setting next_dagrun for example_external_task_marker_parent to None
[2025-12-10 18:30:55,099] {processor.py:171} INFO - Processing /home/airflow/.local/lib/python3.6/site-packages/airflow/example_dags/example_external_task_marker_dag.py took 0.071 seconds
[2025-12-10 18:31:25,323] {processor.py:163} INFO - Started process (PID=1042) to work on /home/airflow/.local/lib/python3.6/site-packages/airflow/example_dags/example_external_task_marker_dag.py
[2025-12-10 18:31:25,330] {processor.py:642} INFO - Processing file /home/airflow/.local/lib/python3.6/site-packages/airflow/example_dags/example_external_task_marker_dag.py for tasks to queue
[2025-12-10 18:31:25,330] {logging_mixin.py:109} INFO - [2025-12-10 18:31:25,330] {dagbag.py:500} INFO - Filling up the DagBag from /home/airflow/.local/lib/python3.6/site-packages/airflow/example_dags/example_external_task_marker_dag.py
[2025-12-10 18:31:25,359] {processor.py:654} INFO - DAG(s) dict_keys(['example_external_task_marker_parent', 'example_external_task_marker_child']) retrieved from /home/airflow/.local/lib/python3.6/site-packages/airflow/example_dags/example_external_task_marker_dag.py
[2025-12-10 18:31:25,371] {logging_mixin.py:109} INFO - [2025-12-10 18:31:25,371] {dag.py:2396} INFO - Sync 2 DAGs
[2025-12-10 18:31:25,387] {logging_mixin.py:109} INFO - [2025-12-10 18:31:25,387] {dag.py:2935} INFO - Setting next_dagrun for example_external_task_marker_child to None
[2025-12-10 18:31:25,387] {logging_mixin.py:109} INFO - [2025-12-10 18:31:25,387] {dag.py:2935} INFO - Setting next_dagrun for example_external_task_marker_parent to None
[2025-12-10 18:31:25,396] {processor.py:171} INFO - Processing /home/airflow/.local/lib/python3.6/site-packages/airflow/example_dags/example_external_task_marker_dag.py took 0.076 seconds
[2025-12-10 18:31:55,876] {processor.py:163} INFO - Started process (PID=1094) to work on /home/airflow/.local/lib/python3.6/site-packages/airflow/example_dags/example_external_task_marker_dag.py
[2025-12-10 18:31:55,877] {processor.py:642} INFO - Processing file /home/airflow/.local/lib/python3.6/site-packages/airflow/example_dags/example_external_task_marker_dag.py for tasks to queue
[2025-12-10 18:31:55,878] {logging_mixin.py:109} INFO - [2025-12-10 18:31:55,877] {dagbag.py:500} INFO - Filling up the DagBag from /home/airflow/.local/lib/python3.6/site-packages/airflow/example_dags/example_external_task_marker_dag.py
[2025-12-10 18:31:55,904] {processor.py:654} INFO - DAG(s) dict_keys(['example_external_task_marker_parent', 'example_external_task_marker_child']) retrieved from /home/airflow/.local/lib/python3.6/site-packages/airflow/example_dags/example_external_task_marker_dag.py
[2025-12-10 18:31:55,915] {logging_mixin.py:109} INFO - [2025-12-10 18:31:55,915] {dag.py:2396} INFO - Sync 2 DAGs
[2025-12-10 18:31:55,928] {logging_mixin.py:109} INFO - [2025-12-10 18:31:55,928] {dag.py:2935} INFO - Setting next_dagrun for example_external_task_marker_child to None
[2025-12-10 18:31:55,928] {logging_mixin.py:109} INFO - [2025-12-10 18:31:55,928] {dag.py:2935} INFO - Setting next_dagrun for example_external_task_marker_parent to None
[2025-12-10 18:31:55,937] {processor.py:171} INFO - Processing /home/airflow/.local/lib/python3.6/site-packages/airflow/example_dags/example_external_task_marker_dag.py took 0.064 seconds
[2025-12-10 18:32:26,266] {processor.py:163} INFO - Started process (PID=1156) to work on /home/airflow/.local/lib/python3.6/site-packages/airflow/example_dags/example_external_task_marker_dag.py
[2025-12-10 18:32:26,272] {processor.py:642} INFO - Processing file /home/airflow/.local/lib/python3.6/site-packages/airflow/example_dags/example_external_task_marker_dag.py for tasks to queue
[2025-12-10 18:32:26,273] {logging_mixin.py:109} INFO - [2025-12-10 18:32:26,273] {dagbag.py:500} INFO - Filling up the DagBag from /home/airflow/.local/lib/python3.6/site-packages/airflow/example_dags/example_external_task_marker_dag.py
[2025-12-10 18:32:26,300] {processor.py:654} INFO - DAG(s) dict_keys(['example_external_task_marker_parent', 'example_external_task_marker_child']) retrieved from /home/airflow/.local/lib/python3.6/site-packages/airflow/example_dags/example_external_task_marker_dag.py
[2025-12-10 18:32:26,311] {logging_mixin.py:109} INFO - [2025-12-10 18:32:26,311] {dag.py:2396} INFO - Sync 2 DAGs
[2025-12-10 18:32:26,325] {logging_mixin.py:109} INFO - [2025-12-10 18:32:26,325] {dag.py:2935} INFO - Setting next_dagrun for example_external_task_marker_child to None
[2025-12-10 18:32:26,326] {logging_mixin.py:109} INFO - [2025-12-10 18:32:26,325] {dag.py:2935} INFO - Setting next_dagrun for example_external_task_marker_parent to None
[2025-12-10 18:32:26,333] {processor.py:171} INFO - Processing /home/airflow/.local/lib/python3.6/site-packages/airflow/example_dags/example_external_task_marker_dag.py took 0.071 seconds
[2025-12-10 18:32:56,685] {processor.py:163} INFO - Started process (PID=1208) to work on /home/airflow/.local/lib/python3.6/site-packages/airflow/example_dags/example_external_task_marker_dag.py
[2025-12-10 18:32:56,686] {processor.py:642} INFO - Processing file /home/airflow/.local/lib/python3.6/site-packages/airflow/example_dags/example_external_task_marker_dag.py for tasks to queue
[2025-12-10 18:32:56,686] {logging_mixin.py:109} INFO - [2025-12-10 18:32:56,686] {dagbag.py:500} INFO - Filling up the DagBag from /home/airflow/.local/lib/python3.6/site-packages/airflow/example_dags/example_external_task_marker_dag.py
[2025-12-10 18:32:56,713] {processor.py:654} INFO - DAG(s) dict_keys(['example_external_task_marker_parent', 'example_external_task_marker_child']) retrieved from /home/airflow/.local/lib/python3.6/site-packages/airflow/example_dags/example_external_task_marker_dag.py
[2025-12-10 18:32:56,723] {logging_mixin.py:109} INFO - [2025-12-10 18:32:56,723] {dag.py:2396} INFO - Sync 2 DAGs
[2025-12-10 18:32:56,736] {logging_mixin.py:109} INFO - [2025-12-10 18:32:56,736] {dag.py:2935} INFO - Setting next_dagrun for example_external_task_marker_child to None
[2025-12-10 18:32:56,737] {logging_mixin.py:109} INFO - [2025-12-10 18:32:56,737] {dag.py:2935} INFO - Setting next_dagrun for example_external_task_marker_parent to None
[2025-12-10 18:32:56,745] {processor.py:171} INFO - Processing /home/airflow/.local/lib/python3.6/site-packages/airflow/example_dags/example_external_task_marker_dag.py took 0.063 seconds
[2025-12-10 18:33:27,067] {processor.py:163} INFO - Started process (PID=1270) to work on /home/airflow/.local/lib/python3.6/site-packages/airflow/example_dags/example_external_task_marker_dag.py
[2025-12-10 18:33:27,068] {processor.py:642} INFO - Processing file /home/airflow/.local/lib/python3.6/site-packages/airflow/example_dags/example_external_task_marker_dag.py for tasks to queue
[2025-12-10 18:33:27,069] {logging_mixin.py:109} INFO - [2025-12-10 18:33:27,069] {dagbag.py:500} INFO - Filling up the DagBag from /home/airflow/.local/lib/python3.6/site-packages/airflow/example_dags/example_external_task_marker_dag.py
[2025-12-10 18:33:27,096] {processor.py:654} INFO - DAG(s) dict_keys(['example_external_task_marker_parent', 'example_external_task_marker_child']) retrieved from /home/airflow/.local/lib/python3.6/site-packages/airflow/example_dags/example_external_task_marker_dag.py
[2025-12-10 18:33:27,107] {logging_mixin.py:109} INFO - [2025-12-10 18:33:27,107] {dag.py:2396} INFO - Sync 2 DAGs
[2025-12-10 18:33:27,120] {logging_mixin.py:109} INFO - [2025-12-10 18:33:27,120] {dag.py:2935} INFO - Setting next_dagrun for example_external_task_marker_child to None
[2025-12-10 18:33:27,120] {logging_mixin.py:109} INFO - [2025-12-10 18:33:27,120] {dag.py:2935} INFO - Setting next_dagrun for example_external_task_marker_parent to None
[2025-12-10 18:33:27,128] {processor.py:171} INFO - Processing /home/airflow/.local/lib/python3.6/site-packages/airflow/example_dags/example_external_task_marker_dag.py took 0.064 seconds
[2025-12-10 18:33:57,424] {processor.py:163} INFO - Started process (PID=1333) to work on /home/airflow/.local/lib/python3.6/site-packages/airflow/example_dags/example_external_task_marker_dag.py
[2025-12-10 18:33:57,425] {processor.py:642} INFO - Processing file /home/airflow/.local/lib/python3.6/site-packages/airflow/example_dags/example_external_task_marker_dag.py for tasks to queue
[2025-12-10 18:33:57,426] {logging_mixin.py:109} INFO - [2025-12-10 18:33:57,426] {dagbag.py:500} INFO - Filling up the DagBag from /home/airflow/.local/lib/python3.6/site-packages/airflow/example_dags/example_external_task_marker_dag.py
[2025-12-10 18:33:57,452] {processor.py:654} INFO - DAG(s) dict_keys(['example_external_task_marker_parent', 'example_external_task_marker_child']) retrieved from /home/airflow/.local/lib/python3.6/site-packages/airflow/example_dags/example_external_task_marker_dag.py
[2025-12-10 18:33:57,462] {logging_mixin.py:109} INFO - [2025-12-10 18:33:57,462] {dag.py:2396} INFO - Sync 2 DAGs
[2025-12-10 18:33:57,475] {logging_mixin.py:109} INFO - [2025-12-10 18:33:57,475] {dag.py:2935} INFO - Setting next_dagrun for example_external_task_marker_child to None
[2025-12-10 18:33:57,476] {logging_mixin.py:109} INFO - [2025-12-10 18:33:57,476] {dag.py:2935} INFO - Setting next_dagrun for example_external_task_marker_parent to None
[2025-12-10 18:33:57,483] {processor.py:171} INFO - Processing /home/airflow/.local/lib/python3.6/site-packages/airflow/example_dags/example_external_task_marker_dag.py took 0.061 seconds
[2025-12-10 18:34:27,844] {processor.py:163} INFO - Started process (PID=1385) to work on /home/airflow/.local/lib/python3.6/site-packages/airflow/example_dags/example_external_task_marker_dag.py
[2025-12-10 18:34:27,852] {processor.py:642} INFO - Processing file /home/airflow/.local/lib/python3.6/site-packages/airflow/example_dags/example_external_task_marker_dag.py for tasks to queue
[2025-12-10 18:34:27,852] {logging_mixin.py:109} INFO - [2025-12-10 18:34:27,852] {dagbag.py:500} INFO - Filling up the DagBag from /home/airflow/.local/lib/python3.6/site-packages/airflow/example_dags/example_external_task_marker_dag.py
[2025-12-10 18:34:27,879] {processor.py:654} INFO - DAG(s) dict_keys(['example_external_task_marker_parent', 'example_external_task_marker_child']) retrieved from /home/airflow/.local/lib/python3.6/site-packages/airflow/example_dags/example_external_task_marker_dag.py
[2025-12-10 18:34:27,890] {logging_mixin.py:109} INFO - [2025-12-10 18:34:27,889] {dag.py:2396} INFO - Sync 2 DAGs
[2025-12-10 18:34:27,902] {logging_mixin.py:109} INFO - [2025-12-10 18:34:27,902] {dag.py:2935} INFO - Setting next_dagrun for example_external_task_marker_child to None
[2025-12-10 18:34:27,903] {logging_mixin.py:109} INFO - [2025-12-10 18:34:27,903] {dag.py:2935} INFO - Setting next_dagrun for example_external_task_marker_parent to None
[2025-12-10 18:34:27,910] {processor.py:171} INFO - Processing /home/airflow/.local/lib/python3.6/site-packages/airflow/example_dags/example_external_task_marker_dag.py took 0.069 seconds
[2025-12-10 18:34:58,195] {processor.py:163} INFO - Started process (PID=1447) to work on /home/airflow/.local/lib/python3.6/site-packages/airflow/example_dags/example_external_task_marker_dag.py
[2025-12-10 18:34:58,196] {processor.py:642} INFO - Processing file /home/airflow/.local/lib/python3.6/site-packages/airflow/example_dags/example_external_task_marker_dag.py for tasks to queue
[2025-12-10 18:34:58,196] {logging_mixin.py:109} INFO - [2025-12-10 18:34:58,196] {dagbag.py:500} INFO - Filling up the DagBag from /home/airflow/.local/lib/python3.6/site-packages/airflow/example_dags/example_external_task_marker_dag.py
[2025-12-10 18:34:58,221] {processor.py:654} INFO - DAG(s) dict_keys(['example_external_task_marker_parent', 'example_external_task_marker_child']) retrieved from /home/airflow/.local/lib/python3.6/site-packages/airflow/example_dags/example_external_task_marker_dag.py
[2025-12-10 18:34:58,232] {logging_mixin.py:109} INFO - [2025-12-10 18:34:58,232] {dag.py:2396} INFO - Sync 2 DAGs
[2025-12-10 18:34:58,244] {logging_mixin.py:109} INFO - [2025-12-10 18:34:58,244] {dag.py:2935} INFO - Setting next_dagrun for example_external_task_marker_child to None
[2025-12-10 18:34:58,245] {logging_mixin.py:109} INFO - [2025-12-10 18:34:58,245] {dag.py:2935} INFO - Setting next_dagrun for example_external_task_marker_parent to None
[2025-12-10 18:34:58,252] {processor.py:171} INFO - Processing /home/airflow/.local/lib/python3.6/site-packages/airflow/example_dags/example_external_task_marker_dag.py took 0.060 seconds
[2025-12-10 18:35:28,336] {processor.py:163} INFO - Started process (PID=1509) to work on /home/airflow/.local/lib/python3.6/site-packages/airflow/example_dags/example_external_task_marker_dag.py
[2025-12-10 18:35:28,338] {processor.py:642} INFO - Processing file /home/airflow/.local/lib/python3.6/site-packages/airflow/example_dags/example_external_task_marker_dag.py for tasks to queue
[2025-12-10 18:35:28,338] {logging_mixin.py:109} INFO - [2025-12-10 18:35:28,338] {dagbag.py:500} INFO - Filling up the DagBag from /home/airflow/.local/lib/python3.6/site-packages/airflow/example_dags/example_external_task_marker_dag.py
[2025-12-10 18:35:28,365] {processor.py:654} INFO - DAG(s) dict_keys(['example_external_task_marker_parent', 'example_external_task_marker_child']) retrieved from /home/airflow/.local/lib/python3.6/site-packages/airflow/example_dags/example_external_task_marker_dag.py
[2025-12-10 18:35:28,376] {logging_mixin.py:109} INFO - [2025-12-10 18:35:28,376] {dag.py:2396} INFO - Sync 2 DAGs
[2025-12-10 18:35:28,391] {logging_mixin.py:109} INFO - [2025-12-10 18:35:28,391] {dag.py:2935} INFO - Setting next_dagrun for example_external_task_marker_child to None
[2025-12-10 18:35:28,391] {logging_mixin.py:109} INFO - [2025-12-10 18:35:28,391] {dag.py:2935} INFO - Setting next_dagrun for example_external_task_marker_parent to None
[2025-12-10 18:35:28,399] {processor.py:171} INFO - Processing /home/airflow/.local/lib/python3.6/site-packages/airflow/example_dags/example_external_task_marker_dag.py took 0.066 seconds
[2025-12-10 18:35:58,767] {processor.py:163} INFO - Started process (PID=1561) to work on /home/airflow/.local/lib/python3.6/site-packages/airflow/example_dags/example_external_task_marker_dag.py
[2025-12-10 18:35:58,768] {processor.py:642} INFO - Processing file /home/airflow/.local/lib/python3.6/site-packages/airflow/example_dags/example_external_task_marker_dag.py for tasks to queue
[2025-12-10 18:35:58,768] {logging_mixin.py:109} INFO - [2025-12-10 18:35:58,768] {dagbag.py:500} INFO - Filling up the DagBag from /home/airflow/.local/lib/python3.6/site-packages/airflow/example_dags/example_external_task_marker_dag.py
[2025-12-10 18:35:58,796] {processor.py:654} INFO - DAG(s) dict_keys(['example_external_task_marker_parent', 'example_external_task_marker_child']) retrieved from /home/airflow/.local/lib/python3.6/site-packages/airflow/example_dags/example_external_task_marker_dag.py
[2025-12-10 18:35:58,810] {logging_mixin.py:109} INFO - [2025-12-10 18:35:58,810] {dag.py:2396} INFO - Sync 2 DAGs
[2025-12-10 18:35:58,827] {logging_mixin.py:109} INFO - [2025-12-10 18:35:58,827] {dag.py:2935} INFO - Setting next_dagrun for example_external_task_marker_child to None
[2025-12-10 18:35:58,827] {logging_mixin.py:109} INFO - [2025-12-10 18:35:58,827] {dag.py:2935} INFO - Setting next_dagrun for example_external_task_marker_parent to None
[2025-12-10 18:35:58,835] {processor.py:171} INFO - Processing /home/airflow/.local/lib/python3.6/site-packages/airflow/example_dags/example_external_task_marker_dag.py took 0.071 seconds
[2025-12-10 18:36:29,465] {processor.py:163} INFO - Started process (PID=1623) to work on /home/airflow/.local/lib/python3.6/site-packages/airflow/example_dags/example_external_task_marker_dag.py
[2025-12-10 18:36:29,473] {processor.py:642} INFO - Processing file /home/airflow/.local/lib/python3.6/site-packages/airflow/example_dags/example_external_task_marker_dag.py for tasks to queue
[2025-12-10 18:36:29,474] {logging_mixin.py:109} INFO - [2025-12-10 18:36:29,474] {dagbag.py:500} INFO - Filling up the DagBag from /home/airflow/.local/lib/python3.6/site-packages/airflow/example_dags/example_external_task_marker_dag.py
[2025-12-10 18:36:29,501] {processor.py:654} INFO - DAG(s) dict_keys(['example_external_task_marker_parent', 'example_external_task_marker_child']) retrieved from /home/airflow/.local/lib/python3.6/site-packages/airflow/example_dags/example_external_task_marker_dag.py
[2025-12-10 18:36:29,512] {logging_mixin.py:109} INFO - [2025-12-10 18:36:29,512] {dag.py:2396} INFO - Sync 2 DAGs
[2025-12-10 18:36:29,525] {logging_mixin.py:109} INFO - [2025-12-10 18:36:29,525] {dag.py:2935} INFO - Setting next_dagrun for example_external_task_marker_child to None
[2025-12-10 18:36:29,525] {logging_mixin.py:109} INFO - [2025-12-10 18:36:29,525] {dag.py:2935} INFO - Setting next_dagrun for example_external_task_marker_parent to None
[2025-12-10 18:36:29,534] {processor.py:171} INFO - Processing /home/airflow/.local/lib/python3.6/site-packages/airflow/example_dags/example_external_task_marker_dag.py took 0.071 seconds
[2025-12-10 18:36:59,985] {processor.py:163} INFO - Started process (PID=1675) to work on /home/airflow/.local/lib/python3.6/site-packages/airflow/example_dags/example_external_task_marker_dag.py
[2025-12-10 18:36:59,988] {processor.py:642} INFO - Processing file /home/airflow/.local/lib/python3.6/site-packages/airflow/example_dags/example_external_task_marker_dag.py for tasks to queue
[2025-12-10 18:36:59,989] {logging_mixin.py:109} INFO - [2025-12-10 18:36:59,989] {dagbag.py:500} INFO - Filling up the DagBag from /home/airflow/.local/lib/python3.6/site-packages/airflow/example_dags/example_external_task_marker_dag.py
[2025-12-10 18:37:00,019] {processor.py:654} INFO - DAG(s) dict_keys(['example_external_task_marker_parent', 'example_external_task_marker_child']) retrieved from /home/airflow/.local/lib/python3.6/site-packages/airflow/example_dags/example_external_task_marker_dag.py
[2025-12-10 18:37:00,029] {logging_mixin.py:109} INFO - [2025-12-10 18:37:00,029] {dag.py:2396} INFO - Sync 2 DAGs
[2025-12-10 18:37:00,042] {logging_mixin.py:109} INFO - [2025-12-10 18:37:00,042] {dag.py:2935} INFO - Setting next_dagrun for example_external_task_marker_child to None
[2025-12-10 18:37:00,042] {logging_mixin.py:109} INFO - [2025-12-10 18:37:00,042] {dag.py:2935} INFO - Setting next_dagrun for example_external_task_marker_parent to None
[2025-12-10 18:37:00,050] {processor.py:171} INFO - Processing /home/airflow/.local/lib/python3.6/site-packages/airflow/example_dags/example_external_task_marker_dag.py took 0.068 seconds
[2025-12-10 18:37:30,438] {processor.py:163} INFO - Started process (PID=1737) to work on /home/airflow/.local/lib/python3.6/site-packages/airflow/example_dags/example_external_task_marker_dag.py
[2025-12-10 18:37:30,439] {processor.py:642} INFO - Processing file /home/airflow/.local/lib/python3.6/site-packages/airflow/example_dags/example_external_task_marker_dag.py for tasks to queue
[2025-12-10 18:37:30,440] {logging_mixin.py:109} INFO - [2025-12-10 18:37:30,440] {dagbag.py:500} INFO - Filling up the DagBag from /home/airflow/.local/lib/python3.6/site-packages/airflow/example_dags/example_external_task_marker_dag.py
[2025-12-10 18:37:30,466] {processor.py:654} INFO - DAG(s) dict_keys(['example_external_task_marker_parent', 'example_external_task_marker_child']) retrieved from /home/airflow/.local/lib/python3.6/site-packages/airflow/example_dags/example_external_task_marker_dag.py
[2025-12-10 18:37:30,476] {logging_mixin.py:109} INFO - [2025-12-10 18:37:30,476] {dag.py:2396} INFO - Sync 2 DAGs
[2025-12-10 18:37:30,489] {logging_mixin.py:109} INFO - [2025-12-10 18:37:30,489] {dag.py:2935} INFO - Setting next_dagrun for example_external_task_marker_child to None
[2025-12-10 18:37:30,489] {logging_mixin.py:109} INFO - [2025-12-10 18:37:30,489] {dag.py:2935} INFO - Setting next_dagrun for example_external_task_marker_parent to None
[2025-12-10 18:37:30,497] {processor.py:171} INFO - Processing /home/airflow/.local/lib/python3.6/site-packages/airflow/example_dags/example_external_task_marker_dag.py took 0.062 seconds
[2025-12-10 18:38:00,711] {processor.py:163} INFO - Started process (PID=1799) to work on /home/airflow/.local/lib/python3.6/site-packages/airflow/example_dags/example_external_task_marker_dag.py
[2025-12-10 18:38:00,712] {processor.py:642} INFO - Processing file /home/airflow/.local/lib/python3.6/site-packages/airflow/example_dags/example_external_task_marker_dag.py for tasks to queue
[2025-12-10 18:38:00,712] {logging_mixin.py:109} INFO - [2025-12-10 18:38:00,712] {dagbag.py:500} INFO - Filling up the DagBag from /home/airflow/.local/lib/python3.6/site-packages/airflow/example_dags/example_external_task_marker_dag.py
[2025-12-10 18:38:00,739] {processor.py:654} INFO - DAG(s) dict_keys(['example_external_task_marker_parent', 'example_external_task_marker_child']) retrieved from /home/airflow/.local/lib/python3.6/site-packages/airflow/example_dags/example_external_task_marker_dag.py
[2025-12-10 18:38:00,750] {logging_mixin.py:109} INFO - [2025-12-10 18:38:00,750] {dag.py:2396} INFO - Sync 2 DAGs
[2025-12-10 18:38:00,765] {logging_mixin.py:109} INFO - [2025-12-10 18:38:00,765] {dag.py:2935} INFO - Setting next_dagrun for example_external_task_marker_child to None
[2025-12-10 18:38:00,765] {logging_mixin.py:109} INFO - [2025-12-10 18:38:00,765] {dag.py:2935} INFO - Setting next_dagrun for example_external_task_marker_parent to None
[2025-12-10 18:38:00,773] {processor.py:171} INFO - Processing /home/airflow/.local/lib/python3.6/site-packages/airflow/example_dags/example_external_task_marker_dag.py took 0.065 seconds
[2025-12-10 18:38:31,023] {processor.py:163} INFO - Started process (PID=1851) to work on /home/airflow/.local/lib/python3.6/site-packages/airflow/example_dags/example_external_task_marker_dag.py
[2025-12-10 18:38:31,024] {processor.py:642} INFO - Processing file /home/airflow/.local/lib/python3.6/site-packages/airflow/example_dags/example_external_task_marker_dag.py for tasks to queue
[2025-12-10 18:38:31,025] {logging_mixin.py:109} INFO - [2025-12-10 18:38:31,024] {dagbag.py:500} INFO - Filling up the DagBag from /home/airflow/.local/lib/python3.6/site-packages/airflow/example_dags/example_external_task_marker_dag.py
[2025-12-10 18:38:31,052] {processor.py:654} INFO - DAG(s) dict_keys(['example_external_task_marker_parent', 'example_external_task_marker_child']) retrieved from /home/airflow/.local/lib/python3.6/site-packages/airflow/example_dags/example_external_task_marker_dag.py
[2025-12-10 18:38:31,063] {logging_mixin.py:109} INFO - [2025-12-10 18:38:31,063] {dag.py:2396} INFO - Sync 2 DAGs
[2025-12-10 18:38:31,079] {logging_mixin.py:109} INFO - [2025-12-10 18:38:31,079] {dag.py:2935} INFO - Setting next_dagrun for example_external_task_marker_child to None
[2025-12-10 18:38:31,079] {logging_mixin.py:109} INFO - [2025-12-10 18:38:31,079] {dag.py:2935} INFO - Setting next_dagrun for example_external_task_marker_parent to None
[2025-12-10 18:38:31,088] {processor.py:171} INFO - Processing /home/airflow/.local/lib/python3.6/site-packages/airflow/example_dags/example_external_task_marker_dag.py took 0.068 seconds
[2025-12-10 18:39:01,449] {processor.py:163} INFO - Started process (PID=1913) to work on /home/airflow/.local/lib/python3.6/site-packages/airflow/example_dags/example_external_task_marker_dag.py
[2025-12-10 18:39:01,450] {processor.py:642} INFO - Processing file /home/airflow/.local/lib/python3.6/site-packages/airflow/example_dags/example_external_task_marker_dag.py for tasks to queue
[2025-12-10 18:39:01,450] {logging_mixin.py:109} INFO - [2025-12-10 18:39:01,450] {dagbag.py:500} INFO - Filling up the DagBag from /home/airflow/.local/lib/python3.6/site-packages/airflow/example_dags/example_external_task_marker_dag.py
[2025-12-10 18:39:01,482] {processor.py:654} INFO - DAG(s) dict_keys(['example_external_task_marker_parent', 'example_external_task_marker_child']) retrieved from /home/airflow/.local/lib/python3.6/site-packages/airflow/example_dags/example_external_task_marker_dag.py
[2025-12-10 18:39:01,494] {logging_mixin.py:109} INFO - [2025-12-10 18:39:01,494] {dag.py:2396} INFO - Sync 2 DAGs
[2025-12-10 18:39:01,510] {logging_mixin.py:109} INFO - [2025-12-10 18:39:01,510] {dag.py:2935} INFO - Setting next_dagrun for example_external_task_marker_child to None
[2025-12-10 18:39:01,511] {logging_mixin.py:109} INFO - [2025-12-10 18:39:01,511] {dag.py:2935} INFO - Setting next_dagrun for example_external_task_marker_parent to None
[2025-12-10 18:39:01,519] {processor.py:171} INFO - Processing /home/airflow/.local/lib/python3.6/site-packages/airflow/example_dags/example_external_task_marker_dag.py took 0.075 seconds
[2025-12-10 18:39:31,971] {processor.py:163} INFO - Started process (PID=1965) to work on /home/airflow/.local/lib/python3.6/site-packages/airflow/example_dags/example_external_task_marker_dag.py
[2025-12-10 18:39:31,979] {processor.py:642} INFO - Processing file /home/airflow/.local/lib/python3.6/site-packages/airflow/example_dags/example_external_task_marker_dag.py for tasks to queue
[2025-12-10 18:39:31,980] {logging_mixin.py:109} INFO - [2025-12-10 18:39:31,980] {dagbag.py:500} INFO - Filling up the DagBag from /home/airflow/.local/lib/python3.6/site-packages/airflow/example_dags/example_external_task_marker_dag.py
[2025-12-10 18:39:32,009] {processor.py:654} INFO - DAG(s) dict_keys(['example_external_task_marker_parent', 'example_external_task_marker_child']) retrieved from /home/airflow/.local/lib/python3.6/site-packages/airflow/example_dags/example_external_task_marker_dag.py
[2025-12-10 18:39:32,021] {logging_mixin.py:109} INFO - [2025-12-10 18:39:32,021] {dag.py:2396} INFO - Sync 2 DAGs
[2025-12-10 18:39:32,035] {logging_mixin.py:109} INFO - [2025-12-10 18:39:32,035] {dag.py:2935} INFO - Setting next_dagrun for example_external_task_marker_child to None
[2025-12-10 18:39:32,035] {logging_mixin.py:109} INFO - [2025-12-10 18:39:32,035] {dag.py:2935} INFO - Setting next_dagrun for example_external_task_marker_parent to None
[2025-12-10 18:39:32,043] {processor.py:171} INFO - Processing /home/airflow/.local/lib/python3.6/site-packages/airflow/example_dags/example_external_task_marker_dag.py took 0.075 seconds
[2025-12-10 18:40:02,480] {processor.py:163} INFO - Started process (PID=2030) to work on /home/airflow/.local/lib/python3.6/site-packages/airflow/example_dags/example_external_task_marker_dag.py
[2025-12-10 18:40:02,481] {processor.py:642} INFO - Processing file /home/airflow/.local/lib/python3.6/site-packages/airflow/example_dags/example_external_task_marker_dag.py for tasks to queue
[2025-12-10 18:40:02,482] {logging_mixin.py:109} INFO - [2025-12-10 18:40:02,481] {dagbag.py:500} INFO - Filling up the DagBag from /home/airflow/.local/lib/python3.6/site-packages/airflow/example_dags/example_external_task_marker_dag.py
[2025-12-10 18:40:02,509] {processor.py:654} INFO - DAG(s) dict_keys(['example_external_task_marker_parent', 'example_external_task_marker_child']) retrieved from /home/airflow/.local/lib/python3.6/site-packages/airflow/example_dags/example_external_task_marker_dag.py
[2025-12-10 18:40:02,521] {logging_mixin.py:109} INFO - [2025-12-10 18:40:02,521] {dag.py:2396} INFO - Sync 2 DAGs
[2025-12-10 18:40:02,536] {logging_mixin.py:109} INFO - [2025-12-10 18:40:02,535] {dag.py:2935} INFO - Setting next_dagrun for example_external_task_marker_child to None
[2025-12-10 18:40:02,536] {logging_mixin.py:109} INFO - [2025-12-10 18:40:02,536] {dag.py:2935} INFO - Setting next_dagrun for example_external_task_marker_parent to None
[2025-12-10 18:40:02,545] {processor.py:171} INFO - Processing /home/airflow/.local/lib/python3.6/site-packages/airflow/example_dags/example_external_task_marker_dag.py took 0.068 seconds
[2025-12-10 18:40:32,725] {processor.py:163} INFO - Started process (PID=2082) to work on /home/airflow/.local/lib/python3.6/site-packages/airflow/example_dags/example_external_task_marker_dag.py
[2025-12-10 18:40:32,733] {processor.py:642} INFO - Processing file /home/airflow/.local/lib/python3.6/site-packages/airflow/example_dags/example_external_task_marker_dag.py for tasks to queue
[2025-12-10 18:40:32,733] {logging_mixin.py:109} INFO - [2025-12-10 18:40:32,733] {dagbag.py:500} INFO - Filling up the DagBag from /home/airflow/.local/lib/python3.6/site-packages/airflow/example_dags/example_external_task_marker_dag.py
[2025-12-10 18:40:32,761] {processor.py:654} INFO - DAG(s) dict_keys(['example_external_task_marker_parent', 'example_external_task_marker_child']) retrieved from /home/airflow/.local/lib/python3.6/site-packages/airflow/example_dags/example_external_task_marker_dag.py
[2025-12-10 18:40:32,774] {logging_mixin.py:109} INFO - [2025-12-10 18:40:32,774] {dag.py:2396} INFO - Sync 2 DAGs
[2025-12-10 18:40:32,788] {logging_mixin.py:109} INFO - [2025-12-10 18:40:32,788] {dag.py:2935} INFO - Setting next_dagrun for example_external_task_marker_child to None
[2025-12-10 18:40:32,788] {logging_mixin.py:109} INFO - [2025-12-10 18:40:32,788] {dag.py:2935} INFO - Setting next_dagrun for example_external_task_marker_parent to None
[2025-12-10 18:40:32,796] {processor.py:171} INFO - Processing /home/airflow/.local/lib/python3.6/site-packages/airflow/example_dags/example_external_task_marker_dag.py took 0.075 seconds
[2025-12-10 18:41:03,159] {processor.py:163} INFO - Started process (PID=2144) to work on /home/airflow/.local/lib/python3.6/site-packages/airflow/example_dags/example_external_task_marker_dag.py
[2025-12-10 18:41:03,167] {processor.py:642} INFO - Processing file /home/airflow/.local/lib/python3.6/site-packages/airflow/example_dags/example_external_task_marker_dag.py for tasks to queue
[2025-12-10 18:41:03,168] {logging_mixin.py:109} INFO - [2025-12-10 18:41:03,168] {dagbag.py:500} INFO - Filling up the DagBag from /home/airflow/.local/lib/python3.6/site-packages/airflow/example_dags/example_external_task_marker_dag.py
[2025-12-10 18:41:03,202] {processor.py:654} INFO - DAG(s) dict_keys(['example_external_task_marker_parent', 'example_external_task_marker_child']) retrieved from /home/airflow/.local/lib/python3.6/site-packages/airflow/example_dags/example_external_task_marker_dag.py
[2025-12-10 18:41:03,215] {logging_mixin.py:109} INFO - [2025-12-10 18:41:03,215] {dag.py:2396} INFO - Sync 2 DAGs
[2025-12-10 18:41:03,233] {logging_mixin.py:109} INFO - [2025-12-10 18:41:03,233] {dag.py:2935} INFO - Setting next_dagrun for example_external_task_marker_child to None
[2025-12-10 18:41:03,233] {logging_mixin.py:109} INFO - [2025-12-10 18:41:03,233] {dag.py:2935} INFO - Setting next_dagrun for example_external_task_marker_parent to None
[2025-12-10 18:41:03,255] {processor.py:171} INFO - Processing /home/airflow/.local/lib/python3.6/site-packages/airflow/example_dags/example_external_task_marker_dag.py took 0.099 seconds
[2025-12-10 18:41:33,645] {processor.py:163} INFO - Started process (PID=2206) to work on /home/airflow/.local/lib/python3.6/site-packages/airflow/example_dags/example_external_task_marker_dag.py
[2025-12-10 18:41:33,652] {processor.py:642} INFO - Processing file /home/airflow/.local/lib/python3.6/site-packages/airflow/example_dags/example_external_task_marker_dag.py for tasks to queue
[2025-12-10 18:41:33,653] {logging_mixin.py:109} INFO - [2025-12-10 18:41:33,652] {dagbag.py:500} INFO - Filling up the DagBag from /home/airflow/.local/lib/python3.6/site-packages/airflow/example_dags/example_external_task_marker_dag.py
[2025-12-10 18:41:33,682] {processor.py:654} INFO - DAG(s) dict_keys(['example_external_task_marker_parent', 'example_external_task_marker_child']) retrieved from /home/airflow/.local/lib/python3.6/site-packages/airflow/example_dags/example_external_task_marker_dag.py
[2025-12-10 18:41:33,695] {logging_mixin.py:109} INFO - [2025-12-10 18:41:33,695] {dag.py:2396} INFO - Sync 2 DAGs
[2025-12-10 18:41:33,712] {logging_mixin.py:109} INFO - [2025-12-10 18:41:33,712] {dag.py:2935} INFO - Setting next_dagrun for example_external_task_marker_child to None
[2025-12-10 18:41:33,712] {logging_mixin.py:109} INFO - [2025-12-10 18:41:33,712] {dag.py:2935} INFO - Setting next_dagrun for example_external_task_marker_parent to None
[2025-12-10 18:41:33,720] {processor.py:171} INFO - Processing /home/airflow/.local/lib/python3.6/site-packages/airflow/example_dags/example_external_task_marker_dag.py took 0.079 seconds
[2025-12-10 18:42:03,756] {processor.py:163} INFO - Started process (PID=2258) to work on /home/airflow/.local/lib/python3.6/site-packages/airflow/example_dags/example_external_task_marker_dag.py
[2025-12-10 18:42:03,757] {processor.py:642} INFO - Processing file /home/airflow/.local/lib/python3.6/site-packages/airflow/example_dags/example_external_task_marker_dag.py for tasks to queue
[2025-12-10 18:42:03,757] {logging_mixin.py:109} INFO - [2025-12-10 18:42:03,757] {dagbag.py:500} INFO - Filling up the DagBag from /home/airflow/.local/lib/python3.6/site-packages/airflow/example_dags/example_external_task_marker_dag.py
[2025-12-10 18:42:03,787] {processor.py:654} INFO - DAG(s) dict_keys(['example_external_task_marker_parent', 'example_external_task_marker_child']) retrieved from /home/airflow/.local/lib/python3.6/site-packages/airflow/example_dags/example_external_task_marker_dag.py
[2025-12-10 18:42:03,801] {logging_mixin.py:109} INFO - [2025-12-10 18:42:03,801] {dag.py:2396} INFO - Sync 2 DAGs
[2025-12-10 18:42:03,817] {logging_mixin.py:109} INFO - [2025-12-10 18:42:03,817] {dag.py:2935} INFO - Setting next_dagrun for example_external_task_marker_child to None
[2025-12-10 18:42:03,817] {logging_mixin.py:109} INFO - [2025-12-10 18:42:03,817] {dag.py:2935} INFO - Setting next_dagrun for example_external_task_marker_parent to None
[2025-12-10 18:42:03,825] {processor.py:171} INFO - Processing /home/airflow/.local/lib/python3.6/site-packages/airflow/example_dags/example_external_task_marker_dag.py took 0.072 seconds
[2025-12-10 18:42:34,402] {processor.py:163} INFO - Started process (PID=2320) to work on /home/airflow/.local/lib/python3.6/site-packages/airflow/example_dags/example_external_task_marker_dag.py
[2025-12-10 18:42:34,408] {processor.py:642} INFO - Processing file /home/airflow/.local/lib/python3.6/site-packages/airflow/example_dags/example_external_task_marker_dag.py for tasks to queue
[2025-12-10 18:42:34,409] {logging_mixin.py:109} INFO - [2025-12-10 18:42:34,409] {dagbag.py:500} INFO - Filling up the DagBag from /home/airflow/.local/lib/python3.6/site-packages/airflow/example_dags/example_external_task_marker_dag.py
[2025-12-10 18:42:34,443] {processor.py:654} INFO - DAG(s) dict_keys(['example_external_task_marker_parent', 'example_external_task_marker_child']) retrieved from /home/airflow/.local/lib/python3.6/site-packages/airflow/example_dags/example_external_task_marker_dag.py
[2025-12-10 18:42:34,458] {logging_mixin.py:109} INFO - [2025-12-10 18:42:34,457] {dag.py:2396} INFO - Sync 2 DAGs
[2025-12-10 18:42:34,474] {logging_mixin.py:109} INFO - [2025-12-10 18:42:34,474] {dag.py:2935} INFO - Setting next_dagrun for example_external_task_marker_child to None
[2025-12-10 18:42:34,475] {logging_mixin.py:109} INFO - [2025-12-10 18:42:34,475] {dag.py:2935} INFO - Setting next_dagrun for example_external_task_marker_parent to None
[2025-12-10 18:42:34,494] {processor.py:171} INFO - Processing /home/airflow/.local/lib/python3.6/site-packages/airflow/example_dags/example_external_task_marker_dag.py took 0.096 seconds
[2025-12-10 18:43:04,799] {processor.py:163} INFO - Started process (PID=2372) to work on /home/airflow/.local/lib/python3.6/site-packages/airflow/example_dags/example_external_task_marker_dag.py
[2025-12-10 18:43:04,800] {processor.py:642} INFO - Processing file /home/airflow/.local/lib/python3.6/site-packages/airflow/example_dags/example_external_task_marker_dag.py for tasks to queue
[2025-12-10 18:43:04,800] {logging_mixin.py:109} INFO - [2025-12-10 18:43:04,800] {dagbag.py:500} INFO - Filling up the DagBag from /home/airflow/.local/lib/python3.6/site-packages/airflow/example_dags/example_external_task_marker_dag.py
[2025-12-10 18:43:04,835] {processor.py:654} INFO - DAG(s) dict_keys(['example_external_task_marker_parent', 'example_external_task_marker_child']) retrieved from /home/airflow/.local/lib/python3.6/site-packages/airflow/example_dags/example_external_task_marker_dag.py
[2025-12-10 18:43:04,850] {logging_mixin.py:109} INFO - [2025-12-10 18:43:04,850] {dag.py:2396} INFO - Sync 2 DAGs
[2025-12-10 18:43:04,868] {logging_mixin.py:109} INFO - [2025-12-10 18:43:04,867] {dag.py:2935} INFO - Setting next_dagrun for example_external_task_marker_child to None
[2025-12-10 18:43:04,868] {logging_mixin.py:109} INFO - [2025-12-10 18:43:04,868] {dag.py:2935} INFO - Setting next_dagrun for example_external_task_marker_parent to None
[2025-12-10 18:43:04,878] {processor.py:171} INFO - Processing /home/airflow/.local/lib/python3.6/site-packages/airflow/example_dags/example_external_task_marker_dag.py took 0.083 seconds
[2025-12-10 18:43:35,481] {processor.py:163} INFO - Started process (PID=2434) to work on /home/airflow/.local/lib/python3.6/site-packages/airflow/example_dags/example_external_task_marker_dag.py
[2025-12-10 18:43:35,482] {processor.py:642} INFO - Processing file /home/airflow/.local/lib/python3.6/site-packages/airflow/example_dags/example_external_task_marker_dag.py for tasks to queue
[2025-12-10 18:43:35,483] {logging_mixin.py:109} INFO - [2025-12-10 18:43:35,483] {dagbag.py:500} INFO - Filling up the DagBag from /home/airflow/.local/lib/python3.6/site-packages/airflow/example_dags/example_external_task_marker_dag.py
[2025-12-10 18:43:35,517] {processor.py:654} INFO - DAG(s) dict_keys(['example_external_task_marker_parent', 'example_external_task_marker_child']) retrieved from /home/airflow/.local/lib/python3.6/site-packages/airflow/example_dags/example_external_task_marker_dag.py
[2025-12-10 18:43:35,528] {logging_mixin.py:109} INFO - [2025-12-10 18:43:35,528] {dag.py:2396} INFO - Sync 2 DAGs
[2025-12-10 18:43:35,544] {logging_mixin.py:109} INFO - [2025-12-10 18:43:35,544] {dag.py:2935} INFO - Setting next_dagrun for example_external_task_marker_child to None
[2025-12-10 18:43:35,545] {logging_mixin.py:109} INFO - [2025-12-10 18:43:35,545] {dag.py:2935} INFO - Setting next_dagrun for example_external_task_marker_parent to None
[2025-12-10 18:43:35,555] {processor.py:171} INFO - Processing /home/airflow/.local/lib/python3.6/site-packages/airflow/example_dags/example_external_task_marker_dag.py took 0.076 seconds
[2025-12-10 18:44:05,813] {processor.py:163} INFO - Started process (PID=2486) to work on /home/airflow/.local/lib/python3.6/site-packages/airflow/example_dags/example_external_task_marker_dag.py
[2025-12-10 18:44:05,815] {processor.py:642} INFO - Processing file /home/airflow/.local/lib/python3.6/site-packages/airflow/example_dags/example_external_task_marker_dag.py for tasks to queue
[2025-12-10 18:44:05,815] {logging_mixin.py:109} INFO - [2025-12-10 18:44:05,815] {dagbag.py:500} INFO - Filling up the DagBag from /home/airflow/.local/lib/python3.6/site-packages/airflow/example_dags/example_external_task_marker_dag.py
[2025-12-10 18:44:05,840] {processor.py:654} INFO - DAG(s) dict_keys(['example_external_task_marker_parent', 'example_external_task_marker_child']) retrieved from /home/airflow/.local/lib/python3.6/site-packages/airflow/example_dags/example_external_task_marker_dag.py
[2025-12-10 18:44:05,851] {logging_mixin.py:109} INFO - [2025-12-10 18:44:05,851] {dag.py:2396} INFO - Sync 2 DAGs
[2025-12-10 18:44:05,865] {logging_mixin.py:109} INFO - [2025-12-10 18:44:05,865] {dag.py:2935} INFO - Setting next_dagrun for example_external_task_marker_child to None
[2025-12-10 18:44:05,865] {logging_mixin.py:109} INFO - [2025-12-10 18:44:05,865] {dag.py:2935} INFO - Setting next_dagrun for example_external_task_marker_parent to None
[2025-12-10 18:44:05,874] {processor.py:171} INFO - Processing /home/airflow/.local/lib/python3.6/site-packages/airflow/example_dags/example_external_task_marker_dag.py took 0.064 seconds
[2025-12-10 18:46:31,000] {processor.py:163} INFO - Started process (PID=71) to work on /home/airflow/.local/lib/python3.6/site-packages/airflow/example_dags/example_external_task_marker_dag.py
[2025-12-10 18:46:31,001] {processor.py:642} INFO - Processing file /home/airflow/.local/lib/python3.6/site-packages/airflow/example_dags/example_external_task_marker_dag.py for tasks to queue
[2025-12-10 18:46:31,002] {logging_mixin.py:109} INFO - [2025-12-10 18:46:31,002] {dagbag.py:500} INFO - Filling up the DagBag from /home/airflow/.local/lib/python3.6/site-packages/airflow/example_dags/example_external_task_marker_dag.py
[2025-12-10 18:46:31,038] {processor.py:654} INFO - DAG(s) dict_keys(['example_external_task_marker_parent', 'example_external_task_marker_child']) retrieved from /home/airflow/.local/lib/python3.6/site-packages/airflow/example_dags/example_external_task_marker_dag.py
[2025-12-10 18:46:31,055] {logging_mixin.py:109} INFO - [2025-12-10 18:46:31,055] {dag.py:2396} INFO - Sync 2 DAGs
[2025-12-10 18:46:31,072] {logging_mixin.py:109} INFO - [2025-12-10 18:46:31,072] {dag.py:2935} INFO - Setting next_dagrun for example_external_task_marker_child to None
[2025-12-10 18:46:31,072] {logging_mixin.py:109} INFO - [2025-12-10 18:46:31,072] {dag.py:2935} INFO - Setting next_dagrun for example_external_task_marker_parent to None
[2025-12-10 18:46:31,080] {processor.py:171} INFO - Processing /home/airflow/.local/lib/python3.6/site-packages/airflow/example_dags/example_external_task_marker_dag.py took 0.086 seconds
[2025-12-10 18:47:03,495] {processor.py:163} INFO - Started process (PID=123) to work on /home/airflow/.local/lib/python3.6/site-packages/airflow/example_dags/example_external_task_marker_dag.py
[2025-12-10 18:47:03,498] {processor.py:642} INFO - Processing file /home/airflow/.local/lib/python3.6/site-packages/airflow/example_dags/example_external_task_marker_dag.py for tasks to queue
[2025-12-10 18:47:03,499] {logging_mixin.py:109} INFO - [2025-12-10 18:47:03,499] {dagbag.py:500} INFO - Filling up the DagBag from /home/airflow/.local/lib/python3.6/site-packages/airflow/example_dags/example_external_task_marker_dag.py
[2025-12-10 18:47:03,544] {processor.py:654} INFO - DAG(s) dict_keys(['example_external_task_marker_parent', 'example_external_task_marker_child']) retrieved from /home/airflow/.local/lib/python3.6/site-packages/airflow/example_dags/example_external_task_marker_dag.py
[2025-12-10 18:47:03,569] {logging_mixin.py:109} INFO - [2025-12-10 18:47:03,569] {dag.py:2396} INFO - Sync 2 DAGs
[2025-12-10 18:47:03,607] {logging_mixin.py:109} INFO - [2025-12-10 18:47:03,607] {dag.py:2935} INFO - Setting next_dagrun for example_external_task_marker_child to None
[2025-12-10 18:47:03,607] {logging_mixin.py:109} INFO - [2025-12-10 18:47:03,607] {dag.py:2935} INFO - Setting next_dagrun for example_external_task_marker_parent to None
[2025-12-10 18:47:03,625] {processor.py:171} INFO - Processing /home/airflow/.local/lib/python3.6/site-packages/airflow/example_dags/example_external_task_marker_dag.py took 0.136 seconds
[2025-12-10 18:47:34,390] {processor.py:163} INFO - Started process (PID=186) to work on /home/airflow/.local/lib/python3.6/site-packages/airflow/example_dags/example_external_task_marker_dag.py
[2025-12-10 18:47:34,392] {processor.py:642} INFO - Processing file /home/airflow/.local/lib/python3.6/site-packages/airflow/example_dags/example_external_task_marker_dag.py for tasks to queue
[2025-12-10 18:47:34,392] {logging_mixin.py:109} INFO - [2025-12-10 18:47:34,392] {dagbag.py:500} INFO - Filling up the DagBag from /home/airflow/.local/lib/python3.6/site-packages/airflow/example_dags/example_external_task_marker_dag.py
[2025-12-10 18:47:34,437] {processor.py:654} INFO - DAG(s) dict_keys(['example_external_task_marker_parent', 'example_external_task_marker_child']) retrieved from /home/airflow/.local/lib/python3.6/site-packages/airflow/example_dags/example_external_task_marker_dag.py
[2025-12-10 18:47:34,460] {logging_mixin.py:109} INFO - [2025-12-10 18:47:34,460] {dag.py:2396} INFO - Sync 2 DAGs
[2025-12-10 18:47:34,484] {logging_mixin.py:109} INFO - [2025-12-10 18:47:34,484] {dag.py:2935} INFO - Setting next_dagrun for example_external_task_marker_child to None
[2025-12-10 18:47:34,484] {logging_mixin.py:109} INFO - [2025-12-10 18:47:34,484] {dag.py:2935} INFO - Setting next_dagrun for example_external_task_marker_parent to None
[2025-12-10 18:47:34,498] {processor.py:171} INFO - Processing /home/airflow/.local/lib/python3.6/site-packages/airflow/example_dags/example_external_task_marker_dag.py took 0.113 seconds
[2025-12-10 18:48:05,621] {processor.py:163} INFO - Started process (PID=238) to work on /home/airflow/.local/lib/python3.6/site-packages/airflow/example_dags/example_external_task_marker_dag.py
[2025-12-10 18:48:05,623] {processor.py:642} INFO - Processing file /home/airflow/.local/lib/python3.6/site-packages/airflow/example_dags/example_external_task_marker_dag.py for tasks to queue
[2025-12-10 18:48:05,624] {logging_mixin.py:109} INFO - [2025-12-10 18:48:05,623] {dagbag.py:500} INFO - Filling up the DagBag from /home/airflow/.local/lib/python3.6/site-packages/airflow/example_dags/example_external_task_marker_dag.py
[2025-12-10 18:48:05,655] {processor.py:654} INFO - DAG(s) dict_keys(['example_external_task_marker_parent', 'example_external_task_marker_child']) retrieved from /home/airflow/.local/lib/python3.6/site-packages/airflow/example_dags/example_external_task_marker_dag.py
[2025-12-10 18:48:05,669] {logging_mixin.py:109} INFO - [2025-12-10 18:48:05,669] {dag.py:2396} INFO - Sync 2 DAGs
[2025-12-10 18:48:05,689] {logging_mixin.py:109} INFO - [2025-12-10 18:48:05,689] {dag.py:2935} INFO - Setting next_dagrun for example_external_task_marker_child to None
[2025-12-10 18:48:05,689] {logging_mixin.py:109} INFO - [2025-12-10 18:48:05,689] {dag.py:2935} INFO - Setting next_dagrun for example_external_task_marker_parent to None
[2025-12-10 18:48:05,700] {processor.py:171} INFO - Processing /home/airflow/.local/lib/python3.6/site-packages/airflow/example_dags/example_external_task_marker_dag.py took 0.083 seconds
[2025-12-10 18:48:36,551] {processor.py:163} INFO - Started process (PID=301) to work on /home/airflow/.local/lib/python3.6/site-packages/airflow/example_dags/example_external_task_marker_dag.py
[2025-12-10 18:48:36,553] {processor.py:642} INFO - Processing file /home/airflow/.local/lib/python3.6/site-packages/airflow/example_dags/example_external_task_marker_dag.py for tasks to queue
[2025-12-10 18:48:36,554] {logging_mixin.py:109} INFO - [2025-12-10 18:48:36,554] {dagbag.py:500} INFO - Filling up the DagBag from /home/airflow/.local/lib/python3.6/site-packages/airflow/example_dags/example_external_task_marker_dag.py
[2025-12-10 18:48:36,591] {processor.py:654} INFO - DAG(s) dict_keys(['example_external_task_marker_parent', 'example_external_task_marker_child']) retrieved from /home/airflow/.local/lib/python3.6/site-packages/airflow/example_dags/example_external_task_marker_dag.py
[2025-12-10 18:48:36,607] {logging_mixin.py:109} INFO - [2025-12-10 18:48:36,607] {dag.py:2396} INFO - Sync 2 DAGs
[2025-12-10 18:48:36,631] {logging_mixin.py:109} INFO - [2025-12-10 18:48:36,631] {dag.py:2935} INFO - Setting next_dagrun for example_external_task_marker_child to None
[2025-12-10 18:48:36,632] {logging_mixin.py:109} INFO - [2025-12-10 18:48:36,632] {dag.py:2935} INFO - Setting next_dagrun for example_external_task_marker_parent to None
[2025-12-10 18:48:36,641] {processor.py:171} INFO - Processing /home/airflow/.local/lib/python3.6/site-packages/airflow/example_dags/example_external_task_marker_dag.py took 0.097 seconds
[2025-12-10 18:49:07,132] {processor.py:163} INFO - Started process (PID=353) to work on /home/airflow/.local/lib/python3.6/site-packages/airflow/example_dags/example_external_task_marker_dag.py
[2025-12-10 18:49:07,134] {processor.py:642} INFO - Processing file /home/airflow/.local/lib/python3.6/site-packages/airflow/example_dags/example_external_task_marker_dag.py for tasks to queue
[2025-12-10 18:49:07,134] {logging_mixin.py:109} INFO - [2025-12-10 18:49:07,134] {dagbag.py:500} INFO - Filling up the DagBag from /home/airflow/.local/lib/python3.6/site-packages/airflow/example_dags/example_external_task_marker_dag.py
[2025-12-10 18:49:07,160] {processor.py:654} INFO - DAG(s) dict_keys(['example_external_task_marker_parent', 'example_external_task_marker_child']) retrieved from /home/airflow/.local/lib/python3.6/site-packages/airflow/example_dags/example_external_task_marker_dag.py
[2025-12-10 18:49:07,170] {logging_mixin.py:109} INFO - [2025-12-10 18:49:07,170] {dag.py:2396} INFO - Sync 2 DAGs
[2025-12-10 18:49:07,186] {logging_mixin.py:109} INFO - [2025-12-10 18:49:07,186] {dag.py:2935} INFO - Setting next_dagrun for example_external_task_marker_child to None
[2025-12-10 18:49:07,186] {logging_mixin.py:109} INFO - [2025-12-10 18:49:07,186] {dag.py:2935} INFO - Setting next_dagrun for example_external_task_marker_parent to None
[2025-12-10 18:49:07,194] {processor.py:171} INFO - Processing /home/airflow/.local/lib/python3.6/site-packages/airflow/example_dags/example_external_task_marker_dag.py took 0.065 seconds
[2025-12-10 18:49:37,277] {processor.py:163} INFO - Started process (PID=415) to work on /home/airflow/.local/lib/python3.6/site-packages/airflow/example_dags/example_external_task_marker_dag.py
[2025-12-10 18:49:37,278] {processor.py:642} INFO - Processing file /home/airflow/.local/lib/python3.6/site-packages/airflow/example_dags/example_external_task_marker_dag.py for tasks to queue
[2025-12-10 18:49:37,278] {logging_mixin.py:109} INFO - [2025-12-10 18:49:37,278] {dagbag.py:500} INFO - Filling up the DagBag from /home/airflow/.local/lib/python3.6/site-packages/airflow/example_dags/example_external_task_marker_dag.py
[2025-12-10 18:49:37,302] {processor.py:654} INFO - DAG(s) dict_keys(['example_external_task_marker_parent', 'example_external_task_marker_child']) retrieved from /home/airflow/.local/lib/python3.6/site-packages/airflow/example_dags/example_external_task_marker_dag.py
[2025-12-10 18:49:37,312] {logging_mixin.py:109} INFO - [2025-12-10 18:49:37,312] {dag.py:2396} INFO - Sync 2 DAGs
[2025-12-10 18:49:37,325] {logging_mixin.py:109} INFO - [2025-12-10 18:49:37,325] {dag.py:2935} INFO - Setting next_dagrun for example_external_task_marker_child to None
[2025-12-10 18:49:37,325] {logging_mixin.py:109} INFO - [2025-12-10 18:49:37,325] {dag.py:2935} INFO - Setting next_dagrun for example_external_task_marker_parent to None
[2025-12-10 18:49:37,332] {processor.py:171} INFO - Processing /home/airflow/.local/lib/python3.6/site-packages/airflow/example_dags/example_external_task_marker_dag.py took 0.058 seconds
[2025-12-10 18:50:08,754] {processor.py:163} INFO - Started process (PID=467) to work on /home/airflow/.local/lib/python3.6/site-packages/airflow/example_dags/example_external_task_marker_dag.py
[2025-12-10 18:50:08,756] {processor.py:642} INFO - Processing file /home/airflow/.local/lib/python3.6/site-packages/airflow/example_dags/example_external_task_marker_dag.py for tasks to queue
[2025-12-10 18:50:08,756] {logging_mixin.py:109} INFO - [2025-12-10 18:50:08,756] {dagbag.py:500} INFO - Filling up the DagBag from /home/airflow/.local/lib/python3.6/site-packages/airflow/example_dags/example_external_task_marker_dag.py
[2025-12-10 18:50:08,783] {processor.py:654} INFO - DAG(s) dict_keys(['example_external_task_marker_parent', 'example_external_task_marker_child']) retrieved from /home/airflow/.local/lib/python3.6/site-packages/airflow/example_dags/example_external_task_marker_dag.py
[2025-12-10 18:50:08,795] {logging_mixin.py:109} INFO - [2025-12-10 18:50:08,795] {dag.py:2396} INFO - Sync 2 DAGs
[2025-12-10 18:50:08,810] {logging_mixin.py:109} INFO - [2025-12-10 18:50:08,810] {dag.py:2935} INFO - Setting next_dagrun for example_external_task_marker_child to None
[2025-12-10 18:50:08,810] {logging_mixin.py:109} INFO - [2025-12-10 18:50:08,810] {dag.py:2935} INFO - Setting next_dagrun for example_external_task_marker_parent to None
[2025-12-10 18:50:08,818] {processor.py:171} INFO - Processing /home/airflow/.local/lib/python3.6/site-packages/airflow/example_dags/example_external_task_marker_dag.py took 0.068 seconds
[2025-12-10 18:51:41,755] {processor.py:163} INFO - Started process (PID=426) to work on /home/airflow/.local/lib/python3.6/site-packages/airflow/example_dags/example_external_task_marker_dag.py
[2025-12-10 18:51:41,757] {processor.py:642} INFO - Processing file /home/airflow/.local/lib/python3.6/site-packages/airflow/example_dags/example_external_task_marker_dag.py for tasks to queue
[2025-12-10 18:51:41,757] {logging_mixin.py:109} INFO - [2025-12-10 18:51:41,757] {dagbag.py:500} INFO - Filling up the DagBag from /home/airflow/.local/lib/python3.6/site-packages/airflow/example_dags/example_external_task_marker_dag.py
[2025-12-10 18:51:41,789] {processor.py:654} INFO - DAG(s) dict_keys(['example_external_task_marker_parent', 'example_external_task_marker_child']) retrieved from /home/airflow/.local/lib/python3.6/site-packages/airflow/example_dags/example_external_task_marker_dag.py
[2025-12-10 18:51:43,563] {logging_mixin.py:109} INFO - [2025-12-10 18:51:43,563] {manager.py:496} INFO - Created Permission View: can read on DAG:example_external_task_marker_parent
[2025-12-10 18:51:43,571] {logging_mixin.py:109} INFO - [2025-12-10 18:51:43,571] {manager.py:496} INFO - Created Permission View: can edit on DAG:example_external_task_marker_parent
[2025-12-10 18:51:43,586] {logging_mixin.py:109} INFO - [2025-12-10 18:51:43,586] {manager.py:496} INFO - Created Permission View: can read on DAG:example_external_task_marker_child
[2025-12-10 18:51:43,593] {logging_mixin.py:109} INFO - [2025-12-10 18:51:43,592] {manager.py:496} INFO - Created Permission View: can edit on DAG:example_external_task_marker_child
[2025-12-10 18:51:43,594] {logging_mixin.py:109} INFO - [2025-12-10 18:51:43,593] {dag.py:2396} INFO - Sync 2 DAGs
[2025-12-10 18:51:43,602] {logging_mixin.py:109} INFO - [2025-12-10 18:51:43,601] {dag.py:2415} INFO - Creating ORM DAG for example_external_task_marker_child
[2025-12-10 18:51:43,603] {logging_mixin.py:109} INFO - [2025-12-10 18:51:43,603] {dag.py:2415} INFO - Creating ORM DAG for example_external_task_marker_parent
[2025-12-10 18:51:43,608] {logging_mixin.py:109} INFO - [2025-12-10 18:51:43,608] {dag.py:2935} INFO - Setting next_dagrun for example_external_task_marker_child to None
[2025-12-10 18:51:43,609] {logging_mixin.py:109} INFO - [2025-12-10 18:51:43,609] {dag.py:2935} INFO - Setting next_dagrun for example_external_task_marker_parent to None
[2025-12-10 18:51:43,619] {processor.py:171} INFO - Processing /home/airflow/.local/lib/python3.6/site-packages/airflow/example_dags/example_external_task_marker_dag.py took 1.867 seconds
[2025-12-10 18:52:14,060] {processor.py:163} INFO - Started process (PID=514) to work on /home/airflow/.local/lib/python3.6/site-packages/airflow/example_dags/example_external_task_marker_dag.py
[2025-12-10 18:52:14,070] {processor.py:642} INFO - Processing file /home/airflow/.local/lib/python3.6/site-packages/airflow/example_dags/example_external_task_marker_dag.py for tasks to queue
[2025-12-10 18:52:14,071] {logging_mixin.py:109} INFO - [2025-12-10 18:52:14,071] {dagbag.py:500} INFO - Filling up the DagBag from /home/airflow/.local/lib/python3.6/site-packages/airflow/example_dags/example_external_task_marker_dag.py
[2025-12-10 18:52:14,105] {processor.py:654} INFO - DAG(s) dict_keys(['example_external_task_marker_parent', 'example_external_task_marker_child']) retrieved from /home/airflow/.local/lib/python3.6/site-packages/airflow/example_dags/example_external_task_marker_dag.py
[2025-12-10 18:52:14,123] {logging_mixin.py:109} INFO - [2025-12-10 18:52:14,123] {dag.py:2396} INFO - Sync 2 DAGs
[2025-12-10 18:52:14,143] {logging_mixin.py:109} INFO - [2025-12-10 18:52:14,143] {dag.py:2935} INFO - Setting next_dagrun for example_external_task_marker_child to None
[2025-12-10 18:52:14,143] {logging_mixin.py:109} INFO - [2025-12-10 18:52:14,143] {dag.py:2935} INFO - Setting next_dagrun for example_external_task_marker_parent to None
[2025-12-10 18:52:14,155] {processor.py:171} INFO - Processing /home/airflow/.local/lib/python3.6/site-packages/airflow/example_dags/example_external_task_marker_dag.py took 0.100 seconds
