[2025-12-10 18:26:00,886] {processor.py:163} INFO - Started process (PID=183) to work on /home/airflow/.local/lib/python3.6/site-packages/airflow/example_dags/example_dag_decorator.py
[2025-12-10 18:26:00,887] {processor.py:642} INFO - Processing file /home/airflow/.local/lib/python3.6/site-packages/airflow/example_dags/example_dag_decorator.py for tasks to queue
[2025-12-10 18:26:00,887] {logging_mixin.py:109} INFO - [2025-12-10 18:26:00,887] {dagbag.py:500} INFO - Filling up the DagBag from /home/airflow/.local/lib/python3.6/site-packages/airflow/example_dags/example_dag_decorator.py
[2025-12-10 18:26:00,934] {processor.py:654} INFO - DAG(s) dict_keys(['example_dag_decorator']) retrieved from /home/airflow/.local/lib/python3.6/site-packages/airflow/example_dags/example_dag_decorator.py
[2025-12-10 18:26:02,758] {logging_mixin.py:109} INFO - [2025-12-10 18:26:02,758] {manager.py:496} INFO - Created Permission View: can edit on DAG:example_dag_decorator
[2025-12-10 18:26:02,766] {logging_mixin.py:109} INFO - [2025-12-10 18:26:02,766] {manager.py:496} INFO - Created Permission View: can read on DAG:example_dag_decorator
[2025-12-10 18:26:02,767] {logging_mixin.py:109} INFO - [2025-12-10 18:26:02,766] {dag.py:2396} INFO - Sync 1 DAGs
[2025-12-10 18:26:02,776] {logging_mixin.py:109} INFO - [2025-12-10 18:26:02,775] {dag.py:2415} INFO - Creating ORM DAG for example_dag_decorator
[2025-12-10 18:26:02,782] {logging_mixin.py:109} INFO - [2025-12-10 18:26:02,782] {dag.py:2935} INFO - Setting next_dagrun for example_dag_decorator to None
[2025-12-10 18:26:02,792] {processor.py:171} INFO - Processing /home/airflow/.local/lib/python3.6/site-packages/airflow/example_dags/example_dag_decorator.py took 1.911 seconds
[2025-12-10 18:26:33,481] {processor.py:163} INFO - Started process (PID=485) to work on /home/airflow/.local/lib/python3.6/site-packages/airflow/example_dags/example_dag_decorator.py
[2025-12-10 18:26:33,492] {processor.py:642} INFO - Processing file /home/airflow/.local/lib/python3.6/site-packages/airflow/example_dags/example_dag_decorator.py for tasks to queue
[2025-12-10 18:26:33,493] {logging_mixin.py:109} INFO - [2025-12-10 18:26:33,493] {dagbag.py:500} INFO - Filling up the DagBag from /home/airflow/.local/lib/python3.6/site-packages/airflow/example_dags/example_dag_decorator.py
[2025-12-10 18:26:33,559] {processor.py:654} INFO - DAG(s) dict_keys(['example_dag_decorator']) retrieved from /home/airflow/.local/lib/python3.6/site-packages/airflow/example_dags/example_dag_decorator.py
[2025-12-10 18:26:33,843] {logging_mixin.py:109} INFO - [2025-12-10 18:26:33,843] {dag.py:2396} INFO - Sync 1 DAGs
[2025-12-10 18:26:33,857] {logging_mixin.py:109} INFO - [2025-12-10 18:26:33,857] {dag.py:2935} INFO - Setting next_dagrun for example_dag_decorator to None
[2025-12-10 18:26:33,877] {processor.py:171} INFO - Processing /home/airflow/.local/lib/python3.6/site-packages/airflow/example_dags/example_dag_decorator.py took 0.404 seconds
[2025-12-10 18:27:04,707] {processor.py:163} INFO - Started process (PID=538) to work on /home/airflow/.local/lib/python3.6/site-packages/airflow/example_dags/example_dag_decorator.py
[2025-12-10 18:27:04,709] {processor.py:642} INFO - Processing file /home/airflow/.local/lib/python3.6/site-packages/airflow/example_dags/example_dag_decorator.py for tasks to queue
[2025-12-10 18:27:04,709] {logging_mixin.py:109} INFO - [2025-12-10 18:27:04,709] {dagbag.py:500} INFO - Filling up the DagBag from /home/airflow/.local/lib/python3.6/site-packages/airflow/example_dags/example_dag_decorator.py
[2025-12-10 18:27:04,747] {processor.py:654} INFO - DAG(s) dict_keys(['example_dag_decorator']) retrieved from /home/airflow/.local/lib/python3.6/site-packages/airflow/example_dags/example_dag_decorator.py
[2025-12-10 18:27:04,907] {logging_mixin.py:109} INFO - [2025-12-10 18:27:04,907] {dag.py:2396} INFO - Sync 1 DAGs
[2025-12-10 18:27:04,920] {logging_mixin.py:109} INFO - [2025-12-10 18:27:04,920] {dag.py:2935} INFO - Setting next_dagrun for example_dag_decorator to None
[2025-12-10 18:27:04,943] {processor.py:171} INFO - Processing /home/airflow/.local/lib/python3.6/site-packages/airflow/example_dags/example_dag_decorator.py took 0.239 seconds
[2025-12-10 18:27:35,016] {processor.py:163} INFO - Started process (PID=600) to work on /home/airflow/.local/lib/python3.6/site-packages/airflow/example_dags/example_dag_decorator.py
[2025-12-10 18:27:35,027] {processor.py:642} INFO - Processing file /home/airflow/.local/lib/python3.6/site-packages/airflow/example_dags/example_dag_decorator.py for tasks to queue
[2025-12-10 18:27:35,027] {logging_mixin.py:109} INFO - [2025-12-10 18:27:35,027] {dagbag.py:500} INFO - Filling up the DagBag from /home/airflow/.local/lib/python3.6/site-packages/airflow/example_dags/example_dag_decorator.py
[2025-12-10 18:27:35,063] {processor.py:654} INFO - DAG(s) dict_keys(['example_dag_decorator']) retrieved from /home/airflow/.local/lib/python3.6/site-packages/airflow/example_dags/example_dag_decorator.py
[2025-12-10 18:27:35,232] {logging_mixin.py:109} INFO - [2025-12-10 18:27:35,232] {dag.py:2396} INFO - Sync 1 DAGs
[2025-12-10 18:27:35,248] {logging_mixin.py:109} INFO - [2025-12-10 18:27:35,248] {dag.py:2935} INFO - Setting next_dagrun for example_dag_decorator to None
[2025-12-10 18:27:35,258] {processor.py:171} INFO - Processing /home/airflow/.local/lib/python3.6/site-packages/airflow/example_dags/example_dag_decorator.py took 0.246 seconds
[2025-12-10 18:28:05,524] {processor.py:163} INFO - Started process (PID=652) to work on /home/airflow/.local/lib/python3.6/site-packages/airflow/example_dags/example_dag_decorator.py
[2025-12-10 18:28:05,534] {processor.py:642} INFO - Processing file /home/airflow/.local/lib/python3.6/site-packages/airflow/example_dags/example_dag_decorator.py for tasks to queue
[2025-12-10 18:28:05,535] {logging_mixin.py:109} INFO - [2025-12-10 18:28:05,535] {dagbag.py:500} INFO - Filling up the DagBag from /home/airflow/.local/lib/python3.6/site-packages/airflow/example_dags/example_dag_decorator.py
[2025-12-10 18:28:05,567] {processor.py:654} INFO - DAG(s) dict_keys(['example_dag_decorator']) retrieved from /home/airflow/.local/lib/python3.6/site-packages/airflow/example_dags/example_dag_decorator.py
[2025-12-10 18:28:05,712] {logging_mixin.py:109} INFO - [2025-12-10 18:28:05,712] {dag.py:2396} INFO - Sync 1 DAGs
[2025-12-10 18:28:05,723] {logging_mixin.py:109} INFO - [2025-12-10 18:28:05,723] {dag.py:2935} INFO - Setting next_dagrun for example_dag_decorator to None
[2025-12-10 18:28:05,740] {processor.py:171} INFO - Processing /home/airflow/.local/lib/python3.6/site-packages/airflow/example_dags/example_dag_decorator.py took 0.219 seconds
[2025-12-10 18:28:36,711] {processor.py:163} INFO - Started process (PID=714) to work on /home/airflow/.local/lib/python3.6/site-packages/airflow/example_dags/example_dag_decorator.py
[2025-12-10 18:28:36,721] {processor.py:642} INFO - Processing file /home/airflow/.local/lib/python3.6/site-packages/airflow/example_dags/example_dag_decorator.py for tasks to queue
[2025-12-10 18:28:36,722] {logging_mixin.py:109} INFO - [2025-12-10 18:28:36,722] {dagbag.py:500} INFO - Filling up the DagBag from /home/airflow/.local/lib/python3.6/site-packages/airflow/example_dags/example_dag_decorator.py
[2025-12-10 18:28:36,756] {processor.py:654} INFO - DAG(s) dict_keys(['example_dag_decorator']) retrieved from /home/airflow/.local/lib/python3.6/site-packages/airflow/example_dags/example_dag_decorator.py
[2025-12-10 18:28:36,912] {logging_mixin.py:109} INFO - [2025-12-10 18:28:36,912] {dag.py:2396} INFO - Sync 1 DAGs
[2025-12-10 18:28:36,923] {logging_mixin.py:109} INFO - [2025-12-10 18:28:36,923] {dag.py:2935} INFO - Setting next_dagrun for example_dag_decorator to None
[2025-12-10 18:28:36,940] {processor.py:171} INFO - Processing /home/airflow/.local/lib/python3.6/site-packages/airflow/example_dags/example_dag_decorator.py took 0.233 seconds
[2025-12-10 18:29:06,987] {processor.py:163} INFO - Started process (PID=778) to work on /home/airflow/.local/lib/python3.6/site-packages/airflow/example_dags/example_dag_decorator.py
[2025-12-10 18:29:06,988] {processor.py:642} INFO - Processing file /home/airflow/.local/lib/python3.6/site-packages/airflow/example_dags/example_dag_decorator.py for tasks to queue
[2025-12-10 18:29:06,989] {logging_mixin.py:109} INFO - [2025-12-10 18:29:06,989] {dagbag.py:500} INFO - Filling up the DagBag from /home/airflow/.local/lib/python3.6/site-packages/airflow/example_dags/example_dag_decorator.py
[2025-12-10 18:29:07,021] {processor.py:654} INFO - DAG(s) dict_keys(['example_dag_decorator']) retrieved from /home/airflow/.local/lib/python3.6/site-packages/airflow/example_dags/example_dag_decorator.py
[2025-12-10 18:29:07,172] {logging_mixin.py:109} INFO - [2025-12-10 18:29:07,172] {dag.py:2396} INFO - Sync 1 DAGs
[2025-12-10 18:29:07,183] {logging_mixin.py:109} INFO - [2025-12-10 18:29:07,182] {dag.py:2935} INFO - Setting next_dagrun for example_dag_decorator to None
[2025-12-10 18:29:07,190] {processor.py:171} INFO - Processing /home/airflow/.local/lib/python3.6/site-packages/airflow/example_dags/example_dag_decorator.py took 0.205 seconds
[2025-12-10 18:29:37,348] {processor.py:163} INFO - Started process (PID=828) to work on /home/airflow/.local/lib/python3.6/site-packages/airflow/example_dags/example_dag_decorator.py
[2025-12-10 18:29:37,359] {processor.py:642} INFO - Processing file /home/airflow/.local/lib/python3.6/site-packages/airflow/example_dags/example_dag_decorator.py for tasks to queue
[2025-12-10 18:29:37,360] {logging_mixin.py:109} INFO - [2025-12-10 18:29:37,360] {dagbag.py:500} INFO - Filling up the DagBag from /home/airflow/.local/lib/python3.6/site-packages/airflow/example_dags/example_dag_decorator.py
[2025-12-10 18:29:37,395] {processor.py:654} INFO - DAG(s) dict_keys(['example_dag_decorator']) retrieved from /home/airflow/.local/lib/python3.6/site-packages/airflow/example_dags/example_dag_decorator.py
[2025-12-10 18:29:37,561] {logging_mixin.py:109} INFO - [2025-12-10 18:29:37,561] {dag.py:2396} INFO - Sync 1 DAGs
[2025-12-10 18:29:37,573] {logging_mixin.py:109} INFO - [2025-12-10 18:29:37,573] {dag.py:2935} INFO - Setting next_dagrun for example_dag_decorator to None
[2025-12-10 18:29:37,591] {processor.py:171} INFO - Processing /home/airflow/.local/lib/python3.6/site-packages/airflow/example_dags/example_dag_decorator.py took 0.245 seconds
[2025-12-10 18:30:07,861] {processor.py:163} INFO - Started process (PID=890) to work on /home/airflow/.local/lib/python3.6/site-packages/airflow/example_dags/example_dag_decorator.py
[2025-12-10 18:30:07,872] {processor.py:642} INFO - Processing file /home/airflow/.local/lib/python3.6/site-packages/airflow/example_dags/example_dag_decorator.py for tasks to queue
[2025-12-10 18:30:07,872] {logging_mixin.py:109} INFO - [2025-12-10 18:30:07,872] {dagbag.py:500} INFO - Filling up the DagBag from /home/airflow/.local/lib/python3.6/site-packages/airflow/example_dags/example_dag_decorator.py
[2025-12-10 18:30:07,909] {processor.py:654} INFO - DAG(s) dict_keys(['example_dag_decorator']) retrieved from /home/airflow/.local/lib/python3.6/site-packages/airflow/example_dags/example_dag_decorator.py
[2025-12-10 18:30:08,077] {logging_mixin.py:109} INFO - [2025-12-10 18:30:08,077] {dag.py:2396} INFO - Sync 1 DAGs
[2025-12-10 18:30:08,088] {logging_mixin.py:109} INFO - [2025-12-10 18:30:08,088] {dag.py:2935} INFO - Setting next_dagrun for example_dag_decorator to None
[2025-12-10 18:30:08,105] {processor.py:171} INFO - Processing /home/airflow/.local/lib/python3.6/site-packages/airflow/example_dags/example_dag_decorator.py took 0.248 seconds
[2025-12-10 18:30:38,313] {processor.py:163} INFO - Started process (PID=952) to work on /home/airflow/.local/lib/python3.6/site-packages/airflow/example_dags/example_dag_decorator.py
[2025-12-10 18:30:38,324] {processor.py:642} INFO - Processing file /home/airflow/.local/lib/python3.6/site-packages/airflow/example_dags/example_dag_decorator.py for tasks to queue
[2025-12-10 18:30:38,324] {logging_mixin.py:109} INFO - [2025-12-10 18:30:38,324] {dagbag.py:500} INFO - Filling up the DagBag from /home/airflow/.local/lib/python3.6/site-packages/airflow/example_dags/example_dag_decorator.py
[2025-12-10 18:30:38,364] {processor.py:654} INFO - DAG(s) dict_keys(['example_dag_decorator']) retrieved from /home/airflow/.local/lib/python3.6/site-packages/airflow/example_dags/example_dag_decorator.py
[2025-12-10 18:30:38,374] {logging_mixin.py:109} INFO - [2025-12-10 18:30:38,374] {dag.py:2396} INFO - Sync 1 DAGs
[2025-12-10 18:30:38,388] {logging_mixin.py:109} INFO - [2025-12-10 18:30:38,388] {dag.py:2935} INFO - Setting next_dagrun for example_dag_decorator to None
[2025-12-10 18:30:38,396] {processor.py:171} INFO - Processing /home/airflow/.local/lib/python3.6/site-packages/airflow/example_dags/example_dag_decorator.py took 0.087 seconds
[2025-12-10 18:31:08,684] {processor.py:163} INFO - Started process (PID=1004) to work on /home/airflow/.local/lib/python3.6/site-packages/airflow/example_dags/example_dag_decorator.py
[2025-12-10 18:31:08,695] {processor.py:642} INFO - Processing file /home/airflow/.local/lib/python3.6/site-packages/airflow/example_dags/example_dag_decorator.py for tasks to queue
[2025-12-10 18:31:08,696] {logging_mixin.py:109} INFO - [2025-12-10 18:31:08,696] {dagbag.py:500} INFO - Filling up the DagBag from /home/airflow/.local/lib/python3.6/site-packages/airflow/example_dags/example_dag_decorator.py
[2025-12-10 18:31:08,738] {processor.py:654} INFO - DAG(s) dict_keys(['example_dag_decorator']) retrieved from /home/airflow/.local/lib/python3.6/site-packages/airflow/example_dags/example_dag_decorator.py
[2025-12-10 18:31:08,901] {logging_mixin.py:109} INFO - [2025-12-10 18:31:08,901] {dag.py:2396} INFO - Sync 1 DAGs
[2025-12-10 18:31:08,912] {logging_mixin.py:109} INFO - [2025-12-10 18:31:08,912] {dag.py:2935} INFO - Setting next_dagrun for example_dag_decorator to None
[2025-12-10 18:31:08,920] {processor.py:171} INFO - Processing /home/airflow/.local/lib/python3.6/site-packages/airflow/example_dags/example_dag_decorator.py took 0.240 seconds
[2025-12-10 18:31:39,085] {processor.py:163} INFO - Started process (PID=1066) to work on /home/airflow/.local/lib/python3.6/site-packages/airflow/example_dags/example_dag_decorator.py
[2025-12-10 18:31:39,096] {processor.py:642} INFO - Processing file /home/airflow/.local/lib/python3.6/site-packages/airflow/example_dags/example_dag_decorator.py for tasks to queue
[2025-12-10 18:31:39,096] {logging_mixin.py:109} INFO - [2025-12-10 18:31:39,096] {dagbag.py:500} INFO - Filling up the DagBag from /home/airflow/.local/lib/python3.6/site-packages/airflow/example_dags/example_dag_decorator.py
[2025-12-10 18:31:39,133] {processor.py:654} INFO - DAG(s) dict_keys(['example_dag_decorator']) retrieved from /home/airflow/.local/lib/python3.6/site-packages/airflow/example_dags/example_dag_decorator.py
[2025-12-10 18:31:39,300] {logging_mixin.py:109} INFO - [2025-12-10 18:31:39,300] {dag.py:2396} INFO - Sync 1 DAGs
[2025-12-10 18:31:39,311] {logging_mixin.py:109} INFO - [2025-12-10 18:31:39,311] {dag.py:2935} INFO - Setting next_dagrun for example_dag_decorator to None
[2025-12-10 18:31:39,328] {processor.py:171} INFO - Processing /home/airflow/.local/lib/python3.6/site-packages/airflow/example_dags/example_dag_decorator.py took 0.246 seconds
[2025-12-10 18:32:09,487] {processor.py:163} INFO - Started process (PID=1118) to work on /home/airflow/.local/lib/python3.6/site-packages/airflow/example_dags/example_dag_decorator.py
[2025-12-10 18:32:09,488] {processor.py:642} INFO - Processing file /home/airflow/.local/lib/python3.6/site-packages/airflow/example_dags/example_dag_decorator.py for tasks to queue
[2025-12-10 18:32:09,489] {logging_mixin.py:109} INFO - [2025-12-10 18:32:09,489] {dagbag.py:500} INFO - Filling up the DagBag from /home/airflow/.local/lib/python3.6/site-packages/airflow/example_dags/example_dag_decorator.py
[2025-12-10 18:32:09,525] {processor.py:654} INFO - DAG(s) dict_keys(['example_dag_decorator']) retrieved from /home/airflow/.local/lib/python3.6/site-packages/airflow/example_dags/example_dag_decorator.py
[2025-12-10 18:32:09,699] {logging_mixin.py:109} INFO - [2025-12-10 18:32:09,698] {dag.py:2396} INFO - Sync 1 DAGs
[2025-12-10 18:32:09,709] {logging_mixin.py:109} INFO - [2025-12-10 18:32:09,709] {dag.py:2935} INFO - Setting next_dagrun for example_dag_decorator to None
[2025-12-10 18:32:09,726] {processor.py:171} INFO - Processing /home/airflow/.local/lib/python3.6/site-packages/airflow/example_dags/example_dag_decorator.py took 0.243 seconds
[2025-12-10 18:32:39,955] {processor.py:163} INFO - Started process (PID=1180) to work on /home/airflow/.local/lib/python3.6/site-packages/airflow/example_dags/example_dag_decorator.py
[2025-12-10 18:32:39,966] {processor.py:642} INFO - Processing file /home/airflow/.local/lib/python3.6/site-packages/airflow/example_dags/example_dag_decorator.py for tasks to queue
[2025-12-10 18:32:39,967] {logging_mixin.py:109} INFO - [2025-12-10 18:32:39,967] {dagbag.py:500} INFO - Filling up the DagBag from /home/airflow/.local/lib/python3.6/site-packages/airflow/example_dags/example_dag_decorator.py
[2025-12-10 18:32:40,001] {processor.py:654} INFO - DAG(s) dict_keys(['example_dag_decorator']) retrieved from /home/airflow/.local/lib/python3.6/site-packages/airflow/example_dags/example_dag_decorator.py
[2025-12-10 18:32:40,172] {logging_mixin.py:109} INFO - [2025-12-10 18:32:40,172] {dag.py:2396} INFO - Sync 1 DAGs
[2025-12-10 18:32:40,183] {logging_mixin.py:109} INFO - [2025-12-10 18:32:40,183] {dag.py:2935} INFO - Setting next_dagrun for example_dag_decorator to None
[2025-12-10 18:32:40,201] {processor.py:171} INFO - Processing /home/airflow/.local/lib/python3.6/site-packages/airflow/example_dags/example_dag_decorator.py took 0.249 seconds
[2025-12-10 18:33:10,353] {processor.py:163} INFO - Started process (PID=1242) to work on /home/airflow/.local/lib/python3.6/site-packages/airflow/example_dags/example_dag_decorator.py
[2025-12-10 18:33:10,354] {processor.py:642} INFO - Processing file /home/airflow/.local/lib/python3.6/site-packages/airflow/example_dags/example_dag_decorator.py for tasks to queue
[2025-12-10 18:33:10,354] {logging_mixin.py:109} INFO - [2025-12-10 18:33:10,354] {dagbag.py:500} INFO - Filling up the DagBag from /home/airflow/.local/lib/python3.6/site-packages/airflow/example_dags/example_dag_decorator.py
[2025-12-10 18:33:10,392] {processor.py:654} INFO - DAG(s) dict_keys(['example_dag_decorator']) retrieved from /home/airflow/.local/lib/python3.6/site-packages/airflow/example_dags/example_dag_decorator.py
[2025-12-10 18:33:10,555] {logging_mixin.py:109} INFO - [2025-12-10 18:33:10,555] {dag.py:2396} INFO - Sync 1 DAGs
[2025-12-10 18:33:10,565] {logging_mixin.py:109} INFO - [2025-12-10 18:33:10,565] {dag.py:2935} INFO - Setting next_dagrun for example_dag_decorator to None
[2025-12-10 18:33:10,582] {processor.py:171} INFO - Processing /home/airflow/.local/lib/python3.6/site-packages/airflow/example_dags/example_dag_decorator.py took 0.233 seconds
[2025-12-10 18:33:40,734] {processor.py:163} INFO - Started process (PID=1294) to work on /home/airflow/.local/lib/python3.6/site-packages/airflow/example_dags/example_dag_decorator.py
[2025-12-10 18:33:40,745] {processor.py:642} INFO - Processing file /home/airflow/.local/lib/python3.6/site-packages/airflow/example_dags/example_dag_decorator.py for tasks to queue
[2025-12-10 18:33:40,745] {logging_mixin.py:109} INFO - [2025-12-10 18:33:40,745] {dagbag.py:500} INFO - Filling up the DagBag from /home/airflow/.local/lib/python3.6/site-packages/airflow/example_dags/example_dag_decorator.py
[2025-12-10 18:33:40,783] {processor.py:654} INFO - DAG(s) dict_keys(['example_dag_decorator']) retrieved from /home/airflow/.local/lib/python3.6/site-packages/airflow/example_dags/example_dag_decorator.py
[2025-12-10 18:33:40,946] {logging_mixin.py:109} INFO - [2025-12-10 18:33:40,946] {dag.py:2396} INFO - Sync 1 DAGs
[2025-12-10 18:33:40,957] {logging_mixin.py:109} INFO - [2025-12-10 18:33:40,957] {dag.py:2935} INFO - Setting next_dagrun for example_dag_decorator to None
[2025-12-10 18:33:40,975] {processor.py:171} INFO - Processing /home/airflow/.local/lib/python3.6/site-packages/airflow/example_dags/example_dag_decorator.py took 0.245 seconds
[2025-12-10 18:34:11,148] {processor.py:163} INFO - Started process (PID=1357) to work on /home/airflow/.local/lib/python3.6/site-packages/airflow/example_dags/example_dag_decorator.py
[2025-12-10 18:34:11,149] {processor.py:642} INFO - Processing file /home/airflow/.local/lib/python3.6/site-packages/airflow/example_dags/example_dag_decorator.py for tasks to queue
[2025-12-10 18:34:11,149] {logging_mixin.py:109} INFO - [2025-12-10 18:34:11,149] {dagbag.py:500} INFO - Filling up the DagBag from /home/airflow/.local/lib/python3.6/site-packages/airflow/example_dags/example_dag_decorator.py
[2025-12-10 18:34:11,184] {processor.py:654} INFO - DAG(s) dict_keys(['example_dag_decorator']) retrieved from /home/airflow/.local/lib/python3.6/site-packages/airflow/example_dags/example_dag_decorator.py
[2025-12-10 18:34:11,342] {logging_mixin.py:109} INFO - [2025-12-10 18:34:11,342] {dag.py:2396} INFO - Sync 1 DAGs
[2025-12-10 18:34:11,352] {logging_mixin.py:109} INFO - [2025-12-10 18:34:11,352] {dag.py:2935} INFO - Setting next_dagrun for example_dag_decorator to None
[2025-12-10 18:34:11,370] {processor.py:171} INFO - Processing /home/airflow/.local/lib/python3.6/site-packages/airflow/example_dags/example_dag_decorator.py took 0.225 seconds
[2025-12-10 18:34:41,521] {processor.py:163} INFO - Started process (PID=1409) to work on /home/airflow/.local/lib/python3.6/site-packages/airflow/example_dags/example_dag_decorator.py
[2025-12-10 18:34:41,532] {processor.py:642} INFO - Processing file /home/airflow/.local/lib/python3.6/site-packages/airflow/example_dags/example_dag_decorator.py for tasks to queue
[2025-12-10 18:34:41,532] {logging_mixin.py:109} INFO - [2025-12-10 18:34:41,532] {dagbag.py:500} INFO - Filling up the DagBag from /home/airflow/.local/lib/python3.6/site-packages/airflow/example_dags/example_dag_decorator.py
[2025-12-10 18:34:41,567] {processor.py:654} INFO - DAG(s) dict_keys(['example_dag_decorator']) retrieved from /home/airflow/.local/lib/python3.6/site-packages/airflow/example_dags/example_dag_decorator.py
[2025-12-10 18:34:41,723] {logging_mixin.py:109} INFO - [2025-12-10 18:34:41,723] {dag.py:2396} INFO - Sync 1 DAGs
[2025-12-10 18:34:41,733] {logging_mixin.py:109} INFO - [2025-12-10 18:34:41,733] {dag.py:2935} INFO - Setting next_dagrun for example_dag_decorator to None
[2025-12-10 18:34:41,751] {processor.py:171} INFO - Processing /home/airflow/.local/lib/python3.6/site-packages/airflow/example_dags/example_dag_decorator.py took 0.234 seconds
[2025-12-10 18:35:11,893] {processor.py:163} INFO - Started process (PID=1471) to work on /home/airflow/.local/lib/python3.6/site-packages/airflow/example_dags/example_dag_decorator.py
[2025-12-10 18:35:11,904] {processor.py:642} INFO - Processing file /home/airflow/.local/lib/python3.6/site-packages/airflow/example_dags/example_dag_decorator.py for tasks to queue
[2025-12-10 18:35:11,905] {logging_mixin.py:109} INFO - [2025-12-10 18:35:11,904] {dagbag.py:500} INFO - Filling up the DagBag from /home/airflow/.local/lib/python3.6/site-packages/airflow/example_dags/example_dag_decorator.py
[2025-12-10 18:35:11,941] {processor.py:654} INFO - DAG(s) dict_keys(['example_dag_decorator']) retrieved from /home/airflow/.local/lib/python3.6/site-packages/airflow/example_dags/example_dag_decorator.py
[2025-12-10 18:35:11,949] {logging_mixin.py:109} INFO - [2025-12-10 18:35:11,949] {dag.py:2396} INFO - Sync 1 DAGs
[2025-12-10 18:35:11,961] {logging_mixin.py:109} INFO - [2025-12-10 18:35:11,960] {dag.py:2935} INFO - Setting next_dagrun for example_dag_decorator to None
[2025-12-10 18:35:11,970] {processor.py:171} INFO - Processing /home/airflow/.local/lib/python3.6/site-packages/airflow/example_dags/example_dag_decorator.py took 0.080 seconds
[2025-12-10 18:35:42,014] {processor.py:163} INFO - Started process (PID=1533) to work on /home/airflow/.local/lib/python3.6/site-packages/airflow/example_dags/example_dag_decorator.py
[2025-12-10 18:35:42,016] {processor.py:642} INFO - Processing file /home/airflow/.local/lib/python3.6/site-packages/airflow/example_dags/example_dag_decorator.py for tasks to queue
[2025-12-10 18:35:42,017] {logging_mixin.py:109} INFO - [2025-12-10 18:35:42,017] {dagbag.py:500} INFO - Filling up the DagBag from /home/airflow/.local/lib/python3.6/site-packages/airflow/example_dags/example_dag_decorator.py
[2025-12-10 18:35:42,052] {processor.py:654} INFO - DAG(s) dict_keys(['example_dag_decorator']) retrieved from /home/airflow/.local/lib/python3.6/site-packages/airflow/example_dags/example_dag_decorator.py
[2025-12-10 18:35:42,211] {logging_mixin.py:109} INFO - [2025-12-10 18:35:42,211] {dag.py:2396} INFO - Sync 1 DAGs
[2025-12-10 18:35:42,222] {logging_mixin.py:109} INFO - [2025-12-10 18:35:42,222] {dag.py:2935} INFO - Setting next_dagrun for example_dag_decorator to None
[2025-12-10 18:35:42,240] {processor.py:171} INFO - Processing /home/airflow/.local/lib/python3.6/site-packages/airflow/example_dags/example_dag_decorator.py took 0.229 seconds
[2025-12-10 18:36:12,521] {processor.py:163} INFO - Started process (PID=1585) to work on /home/airflow/.local/lib/python3.6/site-packages/airflow/example_dags/example_dag_decorator.py
[2025-12-10 18:36:12,533] {processor.py:642} INFO - Processing file /home/airflow/.local/lib/python3.6/site-packages/airflow/example_dags/example_dag_decorator.py for tasks to queue
[2025-12-10 18:36:12,534] {logging_mixin.py:109} INFO - [2025-12-10 18:36:12,534] {dagbag.py:500} INFO - Filling up the DagBag from /home/airflow/.local/lib/python3.6/site-packages/airflow/example_dags/example_dag_decorator.py
[2025-12-10 18:36:12,583] {processor.py:654} INFO - DAG(s) dict_keys(['example_dag_decorator']) retrieved from /home/airflow/.local/lib/python3.6/site-packages/airflow/example_dags/example_dag_decorator.py
[2025-12-10 18:36:12,791] {logging_mixin.py:109} INFO - [2025-12-10 18:36:12,791] {dag.py:2396} INFO - Sync 1 DAGs
[2025-12-10 18:36:12,804] {logging_mixin.py:109} INFO - [2025-12-10 18:36:12,804] {dag.py:2935} INFO - Setting next_dagrun for example_dag_decorator to None
[2025-12-10 18:36:12,824] {processor.py:171} INFO - Processing /home/airflow/.local/lib/python3.6/site-packages/airflow/example_dags/example_dag_decorator.py took 0.306 seconds
[2025-12-10 18:36:43,255] {processor.py:163} INFO - Started process (PID=1647) to work on /home/airflow/.local/lib/python3.6/site-packages/airflow/example_dags/example_dag_decorator.py
[2025-12-10 18:36:43,266] {processor.py:642} INFO - Processing file /home/airflow/.local/lib/python3.6/site-packages/airflow/example_dags/example_dag_decorator.py for tasks to queue
[2025-12-10 18:36:43,267] {logging_mixin.py:109} INFO - [2025-12-10 18:36:43,267] {dagbag.py:500} INFO - Filling up the DagBag from /home/airflow/.local/lib/python3.6/site-packages/airflow/example_dags/example_dag_decorator.py
[2025-12-10 18:36:43,308] {processor.py:654} INFO - DAG(s) dict_keys(['example_dag_decorator']) retrieved from /home/airflow/.local/lib/python3.6/site-packages/airflow/example_dags/example_dag_decorator.py
[2025-12-10 18:36:43,498] {logging_mixin.py:109} INFO - [2025-12-10 18:36:43,497] {dag.py:2396} INFO - Sync 1 DAGs
[2025-12-10 18:36:43,511] {logging_mixin.py:109} INFO - [2025-12-10 18:36:43,510] {dag.py:2935} INFO - Setting next_dagrun for example_dag_decorator to None
[2025-12-10 18:36:43,529] {processor.py:171} INFO - Processing /home/airflow/.local/lib/python3.6/site-packages/airflow/example_dags/example_dag_decorator.py took 0.278 seconds
[2025-12-10 18:37:13,680] {processor.py:163} INFO - Started process (PID=1706) to work on /home/airflow/.local/lib/python3.6/site-packages/airflow/example_dags/example_dag_decorator.py
[2025-12-10 18:37:13,690] {processor.py:642} INFO - Processing file /home/airflow/.local/lib/python3.6/site-packages/airflow/example_dags/example_dag_decorator.py for tasks to queue
[2025-12-10 18:37:13,691] {logging_mixin.py:109} INFO - [2025-12-10 18:37:13,691] {dagbag.py:500} INFO - Filling up the DagBag from /home/airflow/.local/lib/python3.6/site-packages/airflow/example_dags/example_dag_decorator.py
[2025-12-10 18:37:13,731] {processor.py:654} INFO - DAG(s) dict_keys(['example_dag_decorator']) retrieved from /home/airflow/.local/lib/python3.6/site-packages/airflow/example_dags/example_dag_decorator.py
[2025-12-10 18:37:13,912] {logging_mixin.py:109} INFO - [2025-12-10 18:37:13,912] {dag.py:2396} INFO - Sync 1 DAGs
[2025-12-10 18:37:13,924] {logging_mixin.py:109} INFO - [2025-12-10 18:37:13,923] {dag.py:2935} INFO - Setting next_dagrun for example_dag_decorator to None
[2025-12-10 18:37:13,941] {processor.py:171} INFO - Processing /home/airflow/.local/lib/python3.6/site-packages/airflow/example_dags/example_dag_decorator.py took 0.264 seconds
[2025-12-10 18:37:44,036] {processor.py:163} INFO - Started process (PID=1761) to work on /home/airflow/.local/lib/python3.6/site-packages/airflow/example_dags/example_dag_decorator.py
[2025-12-10 18:37:44,047] {processor.py:642} INFO - Processing file /home/airflow/.local/lib/python3.6/site-packages/airflow/example_dags/example_dag_decorator.py for tasks to queue
[2025-12-10 18:37:44,048] {logging_mixin.py:109} INFO - [2025-12-10 18:37:44,047] {dagbag.py:500} INFO - Filling up the DagBag from /home/airflow/.local/lib/python3.6/site-packages/airflow/example_dags/example_dag_decorator.py
[2025-12-10 18:37:44,082] {processor.py:654} INFO - DAG(s) dict_keys(['example_dag_decorator']) retrieved from /home/airflow/.local/lib/python3.6/site-packages/airflow/example_dags/example_dag_decorator.py
[2025-12-10 18:37:44,090] {logging_mixin.py:109} INFO - [2025-12-10 18:37:44,090] {dag.py:2396} INFO - Sync 1 DAGs
[2025-12-10 18:37:44,102] {logging_mixin.py:109} INFO - [2025-12-10 18:37:44,102] {dag.py:2935} INFO - Setting next_dagrun for example_dag_decorator to None
[2025-12-10 18:37:44,110] {processor.py:171} INFO - Processing /home/airflow/.local/lib/python3.6/site-packages/airflow/example_dags/example_dag_decorator.py took 0.077 seconds
[2025-12-10 18:38:14,342] {processor.py:163} INFO - Started process (PID=1823) to work on /home/airflow/.local/lib/python3.6/site-packages/airflow/example_dags/example_dag_decorator.py
[2025-12-10 18:38:14,352] {processor.py:642} INFO - Processing file /home/airflow/.local/lib/python3.6/site-packages/airflow/example_dags/example_dag_decorator.py for tasks to queue
[2025-12-10 18:38:14,353] {logging_mixin.py:109} INFO - [2025-12-10 18:38:14,353] {dagbag.py:500} INFO - Filling up the DagBag from /home/airflow/.local/lib/python3.6/site-packages/airflow/example_dags/example_dag_decorator.py
[2025-12-10 18:38:14,388] {processor.py:654} INFO - DAG(s) dict_keys(['example_dag_decorator']) retrieved from /home/airflow/.local/lib/python3.6/site-packages/airflow/example_dags/example_dag_decorator.py
[2025-12-10 18:38:14,561] {logging_mixin.py:109} INFO - [2025-12-10 18:38:14,561] {dag.py:2396} INFO - Sync 1 DAGs
[2025-12-10 18:38:14,572] {logging_mixin.py:109} INFO - [2025-12-10 18:38:14,572] {dag.py:2935} INFO - Setting next_dagrun for example_dag_decorator to None
[2025-12-10 18:38:14,589] {processor.py:171} INFO - Processing /home/airflow/.local/lib/python3.6/site-packages/airflow/example_dags/example_dag_decorator.py took 0.251 seconds
[2025-12-10 18:38:44,732] {processor.py:163} INFO - Started process (PID=1875) to work on /home/airflow/.local/lib/python3.6/site-packages/airflow/example_dags/example_dag_decorator.py
[2025-12-10 18:38:44,733] {processor.py:642} INFO - Processing file /home/airflow/.local/lib/python3.6/site-packages/airflow/example_dags/example_dag_decorator.py for tasks to queue
[2025-12-10 18:38:44,734] {logging_mixin.py:109} INFO - [2025-12-10 18:38:44,734] {dagbag.py:500} INFO - Filling up the DagBag from /home/airflow/.local/lib/python3.6/site-packages/airflow/example_dags/example_dag_decorator.py
[2025-12-10 18:38:44,769] {processor.py:654} INFO - DAG(s) dict_keys(['example_dag_decorator']) retrieved from /home/airflow/.local/lib/python3.6/site-packages/airflow/example_dags/example_dag_decorator.py
[2025-12-10 18:38:44,934] {logging_mixin.py:109} INFO - [2025-12-10 18:38:44,934] {dag.py:2396} INFO - Sync 1 DAGs
[2025-12-10 18:38:44,944] {logging_mixin.py:109} INFO - [2025-12-10 18:38:44,944] {dag.py:2935} INFO - Setting next_dagrun for example_dag_decorator to None
[2025-12-10 18:38:44,962] {processor.py:171} INFO - Processing /home/airflow/.local/lib/python3.6/site-packages/airflow/example_dags/example_dag_decorator.py took 0.233 seconds
[2025-12-10 18:39:15,032] {processor.py:163} INFO - Started process (PID=1937) to work on /home/airflow/.local/lib/python3.6/site-packages/airflow/example_dags/example_dag_decorator.py
[2025-12-10 18:39:15,042] {processor.py:642} INFO - Processing file /home/airflow/.local/lib/python3.6/site-packages/airflow/example_dags/example_dag_decorator.py for tasks to queue
[2025-12-10 18:39:15,042] {logging_mixin.py:109} INFO - [2025-12-10 18:39:15,042] {dagbag.py:500} INFO - Filling up the DagBag from /home/airflow/.local/lib/python3.6/site-packages/airflow/example_dags/example_dag_decorator.py
[2025-12-10 18:39:15,079] {processor.py:654} INFO - DAG(s) dict_keys(['example_dag_decorator']) retrieved from /home/airflow/.local/lib/python3.6/site-packages/airflow/example_dags/example_dag_decorator.py
[2025-12-10 18:39:15,300] {logging_mixin.py:109} INFO - [2025-12-10 18:39:15,300] {dag.py:2396} INFO - Sync 1 DAGs
[2025-12-10 18:39:15,317] {logging_mixin.py:109} INFO - [2025-12-10 18:39:15,317] {dag.py:2935} INFO - Setting next_dagrun for example_dag_decorator to None
[2025-12-10 18:39:15,345] {processor.py:171} INFO - Processing /home/airflow/.local/lib/python3.6/site-packages/airflow/example_dags/example_dag_decorator.py took 0.316 seconds
[2025-12-10 18:39:45,375] {processor.py:163} INFO - Started process (PID=1989) to work on /home/airflow/.local/lib/python3.6/site-packages/airflow/example_dags/example_dag_decorator.py
[2025-12-10 18:39:45,376] {processor.py:642} INFO - Processing file /home/airflow/.local/lib/python3.6/site-packages/airflow/example_dags/example_dag_decorator.py for tasks to queue
[2025-12-10 18:39:45,377] {logging_mixin.py:109} INFO - [2025-12-10 18:39:45,376] {dagbag.py:500} INFO - Filling up the DagBag from /home/airflow/.local/lib/python3.6/site-packages/airflow/example_dags/example_dag_decorator.py
[2025-12-10 18:39:45,412] {processor.py:654} INFO - DAG(s) dict_keys(['example_dag_decorator']) retrieved from /home/airflow/.local/lib/python3.6/site-packages/airflow/example_dags/example_dag_decorator.py
[2025-12-10 18:39:45,582] {logging_mixin.py:109} INFO - [2025-12-10 18:39:45,582] {dag.py:2396} INFO - Sync 1 DAGs
[2025-12-10 18:39:45,593] {logging_mixin.py:109} INFO - [2025-12-10 18:39:45,593] {dag.py:2935} INFO - Setting next_dagrun for example_dag_decorator to None
[2025-12-10 18:39:45,610] {processor.py:171} INFO - Processing /home/airflow/.local/lib/python3.6/site-packages/airflow/example_dags/example_dag_decorator.py took 0.238 seconds
[2025-12-10 18:40:15,741] {processor.py:163} INFO - Started process (PID=2051) to work on /home/airflow/.local/lib/python3.6/site-packages/airflow/example_dags/example_dag_decorator.py
[2025-12-10 18:40:15,751] {processor.py:642} INFO - Processing file /home/airflow/.local/lib/python3.6/site-packages/airflow/example_dags/example_dag_decorator.py for tasks to queue
[2025-12-10 18:40:15,752] {logging_mixin.py:109} INFO - [2025-12-10 18:40:15,752] {dagbag.py:500} INFO - Filling up the DagBag from /home/airflow/.local/lib/python3.6/site-packages/airflow/example_dags/example_dag_decorator.py
[2025-12-10 18:40:15,792] {processor.py:654} INFO - DAG(s) dict_keys(['example_dag_decorator']) retrieved from /home/airflow/.local/lib/python3.6/site-packages/airflow/example_dags/example_dag_decorator.py
[2025-12-10 18:40:15,963] {logging_mixin.py:109} INFO - [2025-12-10 18:40:15,963] {dag.py:2396} INFO - Sync 1 DAGs
[2025-12-10 18:40:15,974] {logging_mixin.py:109} INFO - [2025-12-10 18:40:15,974] {dag.py:2935} INFO - Setting next_dagrun for example_dag_decorator to None
[2025-12-10 18:40:15,987] {processor.py:171} INFO - Processing /home/airflow/.local/lib/python3.6/site-packages/airflow/example_dags/example_dag_decorator.py took 0.249 seconds
[2025-12-10 18:40:46,067] {processor.py:163} INFO - Started process (PID=2113) to work on /home/airflow/.local/lib/python3.6/site-packages/airflow/example_dags/example_dag_decorator.py
[2025-12-10 18:40:46,068] {processor.py:642} INFO - Processing file /home/airflow/.local/lib/python3.6/site-packages/airflow/example_dags/example_dag_decorator.py for tasks to queue
[2025-12-10 18:40:46,068] {logging_mixin.py:109} INFO - [2025-12-10 18:40:46,068] {dagbag.py:500} INFO - Filling up the DagBag from /home/airflow/.local/lib/python3.6/site-packages/airflow/example_dags/example_dag_decorator.py
[2025-12-10 18:40:46,102] {processor.py:654} INFO - DAG(s) dict_keys(['example_dag_decorator']) retrieved from /home/airflow/.local/lib/python3.6/site-packages/airflow/example_dags/example_dag_decorator.py
[2025-12-10 18:40:46,264] {logging_mixin.py:109} INFO - [2025-12-10 18:40:46,263] {dag.py:2396} INFO - Sync 1 DAGs
[2025-12-10 18:40:46,274] {logging_mixin.py:109} INFO - [2025-12-10 18:40:46,274] {dag.py:2935} INFO - Setting next_dagrun for example_dag_decorator to None
[2025-12-10 18:40:46,293] {processor.py:171} INFO - Processing /home/airflow/.local/lib/python3.6/site-packages/airflow/example_dags/example_dag_decorator.py took 0.230 seconds
[2025-12-10 18:41:16,427] {processor.py:163} INFO - Started process (PID=2165) to work on /home/airflow/.local/lib/python3.6/site-packages/airflow/example_dags/example_dag_decorator.py
[2025-12-10 18:41:16,428] {processor.py:642} INFO - Processing file /home/airflow/.local/lib/python3.6/site-packages/airflow/example_dags/example_dag_decorator.py for tasks to queue
[2025-12-10 18:41:16,428] {logging_mixin.py:109} INFO - [2025-12-10 18:41:16,428] {dagbag.py:500} INFO - Filling up the DagBag from /home/airflow/.local/lib/python3.6/site-packages/airflow/example_dags/example_dag_decorator.py
[2025-12-10 18:41:16,472] {processor.py:654} INFO - DAG(s) dict_keys(['example_dag_decorator']) retrieved from /home/airflow/.local/lib/python3.6/site-packages/airflow/example_dags/example_dag_decorator.py
[2025-12-10 18:41:16,670] {logging_mixin.py:109} INFO - [2025-12-10 18:41:16,670] {dag.py:2396} INFO - Sync 1 DAGs
[2025-12-10 18:41:16,683] {logging_mixin.py:109} INFO - [2025-12-10 18:41:16,683] {dag.py:2935} INFO - Setting next_dagrun for example_dag_decorator to None
[2025-12-10 18:41:16,694] {processor.py:171} INFO - Processing /home/airflow/.local/lib/python3.6/site-packages/airflow/example_dags/example_dag_decorator.py took 0.271 seconds
[2025-12-10 18:41:46,908] {processor.py:163} INFO - Started process (PID=2227) to work on /home/airflow/.local/lib/python3.6/site-packages/airflow/example_dags/example_dag_decorator.py
[2025-12-10 18:41:46,918] {processor.py:642} INFO - Processing file /home/airflow/.local/lib/python3.6/site-packages/airflow/example_dags/example_dag_decorator.py for tasks to queue
[2025-12-10 18:41:46,919] {logging_mixin.py:109} INFO - [2025-12-10 18:41:46,919] {dagbag.py:500} INFO - Filling up the DagBag from /home/airflow/.local/lib/python3.6/site-packages/airflow/example_dags/example_dag_decorator.py
[2025-12-10 18:41:46,956] {processor.py:654} INFO - DAG(s) dict_keys(['example_dag_decorator']) retrieved from /home/airflow/.local/lib/python3.6/site-packages/airflow/example_dags/example_dag_decorator.py
[2025-12-10 18:41:47,140] {logging_mixin.py:109} INFO - [2025-12-10 18:41:47,140] {dag.py:2396} INFO - Sync 1 DAGs
[2025-12-10 18:41:47,151] {logging_mixin.py:109} INFO - [2025-12-10 18:41:47,151] {dag.py:2935} INFO - Setting next_dagrun for example_dag_decorator to None
[2025-12-10 18:41:47,171] {processor.py:171} INFO - Processing /home/airflow/.local/lib/python3.6/site-packages/airflow/example_dags/example_dag_decorator.py took 0.267 seconds
[2025-12-10 18:42:17,240] {processor.py:163} INFO - Started process (PID=2281) to work on /home/airflow/.local/lib/python3.6/site-packages/airflow/example_dags/example_dag_decorator.py
[2025-12-10 18:42:17,241] {processor.py:642} INFO - Processing file /home/airflow/.local/lib/python3.6/site-packages/airflow/example_dags/example_dag_decorator.py for tasks to queue
[2025-12-10 18:42:17,241] {logging_mixin.py:109} INFO - [2025-12-10 18:42:17,241] {dagbag.py:500} INFO - Filling up the DagBag from /home/airflow/.local/lib/python3.6/site-packages/airflow/example_dags/example_dag_decorator.py
[2025-12-10 18:42:17,284] {processor.py:654} INFO - DAG(s) dict_keys(['example_dag_decorator']) retrieved from /home/airflow/.local/lib/python3.6/site-packages/airflow/example_dags/example_dag_decorator.py
[2025-12-10 18:42:17,501] {logging_mixin.py:109} INFO - [2025-12-10 18:42:17,501] {dag.py:2396} INFO - Sync 1 DAGs
[2025-12-10 18:42:17,515] {logging_mixin.py:109} INFO - [2025-12-10 18:42:17,515] {dag.py:2935} INFO - Setting next_dagrun for example_dag_decorator to None
[2025-12-10 18:42:17,534] {processor.py:171} INFO - Processing /home/airflow/.local/lib/python3.6/site-packages/airflow/example_dags/example_dag_decorator.py took 0.298 seconds
[2025-12-10 18:42:47,736] {processor.py:163} INFO - Started process (PID=2341) to work on /home/airflow/.local/lib/python3.6/site-packages/airflow/example_dags/example_dag_decorator.py
[2025-12-10 18:42:47,747] {processor.py:642} INFO - Processing file /home/airflow/.local/lib/python3.6/site-packages/airflow/example_dags/example_dag_decorator.py for tasks to queue
[2025-12-10 18:42:47,747] {logging_mixin.py:109} INFO - [2025-12-10 18:42:47,747] {dagbag.py:500} INFO - Filling up the DagBag from /home/airflow/.local/lib/python3.6/site-packages/airflow/example_dags/example_dag_decorator.py
[2025-12-10 18:42:47,788] {processor.py:654} INFO - DAG(s) dict_keys(['example_dag_decorator']) retrieved from /home/airflow/.local/lib/python3.6/site-packages/airflow/example_dags/example_dag_decorator.py
[2025-12-10 18:42:47,797] {logging_mixin.py:109} INFO - [2025-12-10 18:42:47,797] {dag.py:2396} INFO - Sync 1 DAGs
[2025-12-10 18:42:47,811] {logging_mixin.py:109} INFO - [2025-12-10 18:42:47,811] {dag.py:2935} INFO - Setting next_dagrun for example_dag_decorator to None
[2025-12-10 18:42:47,823] {processor.py:171} INFO - Processing /home/airflow/.local/lib/python3.6/site-packages/airflow/example_dags/example_dag_decorator.py took 0.092 seconds
[2025-12-10 18:43:18,215] {processor.py:163} INFO - Started process (PID=2402) to work on /home/airflow/.local/lib/python3.6/site-packages/airflow/example_dags/example_dag_decorator.py
[2025-12-10 18:43:18,216] {processor.py:642} INFO - Processing file /home/airflow/.local/lib/python3.6/site-packages/airflow/example_dags/example_dag_decorator.py for tasks to queue
[2025-12-10 18:43:18,217] {logging_mixin.py:109} INFO - [2025-12-10 18:43:18,217] {dagbag.py:500} INFO - Filling up the DagBag from /home/airflow/.local/lib/python3.6/site-packages/airflow/example_dags/example_dag_decorator.py
[2025-12-10 18:43:18,263] {processor.py:654} INFO - DAG(s) dict_keys(['example_dag_decorator']) retrieved from /home/airflow/.local/lib/python3.6/site-packages/airflow/example_dags/example_dag_decorator.py
[2025-12-10 18:43:18,494] {logging_mixin.py:109} INFO - [2025-12-10 18:43:18,494] {dag.py:2396} INFO - Sync 1 DAGs
[2025-12-10 18:43:18,509] {logging_mixin.py:109} INFO - [2025-12-10 18:43:18,509] {dag.py:2935} INFO - Setting next_dagrun for example_dag_decorator to None
[2025-12-10 18:43:18,519] {processor.py:171} INFO - Processing /home/airflow/.local/lib/python3.6/site-packages/airflow/example_dags/example_dag_decorator.py took 0.309 seconds
[2025-12-10 18:43:48,843] {processor.py:163} INFO - Started process (PID=2455) to work on /home/airflow/.local/lib/python3.6/site-packages/airflow/example_dags/example_dag_decorator.py
[2025-12-10 18:43:48,844] {processor.py:642} INFO - Processing file /home/airflow/.local/lib/python3.6/site-packages/airflow/example_dags/example_dag_decorator.py for tasks to queue
[2025-12-10 18:43:48,845] {logging_mixin.py:109} INFO - [2025-12-10 18:43:48,845] {dagbag.py:500} INFO - Filling up the DagBag from /home/airflow/.local/lib/python3.6/site-packages/airflow/example_dags/example_dag_decorator.py
[2025-12-10 18:43:48,881] {processor.py:654} INFO - DAG(s) dict_keys(['example_dag_decorator']) retrieved from /home/airflow/.local/lib/python3.6/site-packages/airflow/example_dags/example_dag_decorator.py
[2025-12-10 18:43:49,044] {logging_mixin.py:109} INFO - [2025-12-10 18:43:49,044] {dag.py:2396} INFO - Sync 1 DAGs
[2025-12-10 18:43:49,055] {logging_mixin.py:109} INFO - [2025-12-10 18:43:49,055] {dag.py:2935} INFO - Setting next_dagrun for example_dag_decorator to None
[2025-12-10 18:43:49,066] {processor.py:171} INFO - Processing /home/airflow/.local/lib/python3.6/site-packages/airflow/example_dags/example_dag_decorator.py took 0.226 seconds
[2025-12-10 18:46:29,288] {processor.py:163} INFO - Started process (PID=53) to work on /home/airflow/.local/lib/python3.6/site-packages/airflow/example_dags/example_dag_decorator.py
[2025-12-10 18:46:29,290] {processor.py:642} INFO - Processing file /home/airflow/.local/lib/python3.6/site-packages/airflow/example_dags/example_dag_decorator.py for tasks to queue
[2025-12-10 18:46:29,291] {logging_mixin.py:109} INFO - [2025-12-10 18:46:29,291] {dagbag.py:500} INFO - Filling up the DagBag from /home/airflow/.local/lib/python3.6/site-packages/airflow/example_dags/example_dag_decorator.py
[2025-12-10 18:46:29,352] {processor.py:654} INFO - DAG(s) dict_keys(['example_dag_decorator']) retrieved from /home/airflow/.local/lib/python3.6/site-packages/airflow/example_dags/example_dag_decorator.py
[2025-12-10 18:46:29,692] {logging_mixin.py:109} INFO - [2025-12-10 18:46:29,692] {dag.py:2396} INFO - Sync 1 DAGs
[2025-12-10 18:46:29,711] {logging_mixin.py:109} INFO - [2025-12-10 18:46:29,711] {dag.py:2935} INFO - Setting next_dagrun for example_dag_decorator to None
[2025-12-10 18:46:29,722] {processor.py:171} INFO - Processing /home/airflow/.local/lib/python3.6/site-packages/airflow/example_dags/example_dag_decorator.py took 0.439 seconds
[2025-12-10 18:47:00,599] {processor.py:163} INFO - Started process (PID=105) to work on /home/airflow/.local/lib/python3.6/site-packages/airflow/example_dags/example_dag_decorator.py
[2025-12-10 18:47:00,605] {processor.py:642} INFO - Processing file /home/airflow/.local/lib/python3.6/site-packages/airflow/example_dags/example_dag_decorator.py for tasks to queue
[2025-12-10 18:47:00,607] {logging_mixin.py:109} INFO - [2025-12-10 18:47:00,607] {dagbag.py:500} INFO - Filling up the DagBag from /home/airflow/.local/lib/python3.6/site-packages/airflow/example_dags/example_dag_decorator.py
[2025-12-10 18:47:00,692] {processor.py:654} INFO - DAG(s) dict_keys(['example_dag_decorator']) retrieved from /home/airflow/.local/lib/python3.6/site-packages/airflow/example_dags/example_dag_decorator.py
[2025-12-10 18:47:01,250] {logging_mixin.py:109} INFO - [2025-12-10 18:47:01,250] {dag.py:2396} INFO - Sync 1 DAGs
[2025-12-10 18:47:01,275] {logging_mixin.py:109} INFO - [2025-12-10 18:47:01,275] {dag.py:2935} INFO - Setting next_dagrun for example_dag_decorator to None
[2025-12-10 18:47:01,297] {processor.py:171} INFO - Processing /home/airflow/.local/lib/python3.6/site-packages/airflow/example_dags/example_dag_decorator.py took 0.709 seconds
[2025-12-10 18:47:32,064] {processor.py:163} INFO - Started process (PID=160) to work on /home/airflow/.local/lib/python3.6/site-packages/airflow/example_dags/example_dag_decorator.py
[2025-12-10 18:47:32,067] {processor.py:642} INFO - Processing file /home/airflow/.local/lib/python3.6/site-packages/airflow/example_dags/example_dag_decorator.py for tasks to queue
[2025-12-10 18:47:32,068] {logging_mixin.py:109} INFO - [2025-12-10 18:47:32,068] {dagbag.py:500} INFO - Filling up the DagBag from /home/airflow/.local/lib/python3.6/site-packages/airflow/example_dags/example_dag_decorator.py
[2025-12-10 18:47:32,153] {processor.py:654} INFO - DAG(s) dict_keys(['example_dag_decorator']) retrieved from /home/airflow/.local/lib/python3.6/site-packages/airflow/example_dags/example_dag_decorator.py
[2025-12-10 18:47:32,667] {logging_mixin.py:109} INFO - [2025-12-10 18:47:32,667] {dag.py:2396} INFO - Sync 1 DAGs
[2025-12-10 18:47:32,697] {logging_mixin.py:109} INFO - [2025-12-10 18:47:32,697] {dag.py:2935} INFO - Setting next_dagrun for example_dag_decorator to None
[2025-12-10 18:47:32,719] {processor.py:171} INFO - Processing /home/airflow/.local/lib/python3.6/site-packages/airflow/example_dags/example_dag_decorator.py took 0.663 seconds
[2025-12-10 18:48:03,591] {processor.py:163} INFO - Started process (PID=222) to work on /home/airflow/.local/lib/python3.6/site-packages/airflow/example_dags/example_dag_decorator.py
[2025-12-10 18:48:03,592] {processor.py:642} INFO - Processing file /home/airflow/.local/lib/python3.6/site-packages/airflow/example_dags/example_dag_decorator.py for tasks to queue
[2025-12-10 18:48:03,593] {logging_mixin.py:109} INFO - [2025-12-10 18:48:03,593] {dagbag.py:500} INFO - Filling up the DagBag from /home/airflow/.local/lib/python3.6/site-packages/airflow/example_dags/example_dag_decorator.py
[2025-12-10 18:48:03,638] {processor.py:654} INFO - DAG(s) dict_keys(['example_dag_decorator']) retrieved from /home/airflow/.local/lib/python3.6/site-packages/airflow/example_dags/example_dag_decorator.py
[2025-12-10 18:48:03,906] {logging_mixin.py:109} INFO - [2025-12-10 18:48:03,905] {dag.py:2396} INFO - Sync 1 DAGs
[2025-12-10 18:48:03,923] {logging_mixin.py:109} INFO - [2025-12-10 18:48:03,923] {dag.py:2935} INFO - Setting next_dagrun for example_dag_decorator to None
[2025-12-10 18:48:03,934] {processor.py:171} INFO - Processing /home/airflow/.local/lib/python3.6/site-packages/airflow/example_dags/example_dag_decorator.py took 0.347 seconds
[2025-12-10 18:48:34,576] {processor.py:163} INFO - Started process (PID=274) to work on /home/airflow/.local/lib/python3.6/site-packages/airflow/example_dags/example_dag_decorator.py
[2025-12-10 18:48:34,588] {processor.py:642} INFO - Processing file /home/airflow/.local/lib/python3.6/site-packages/airflow/example_dags/example_dag_decorator.py for tasks to queue
[2025-12-10 18:48:34,589] {logging_mixin.py:109} INFO - [2025-12-10 18:48:34,589] {dagbag.py:500} INFO - Filling up the DagBag from /home/airflow/.local/lib/python3.6/site-packages/airflow/example_dags/example_dag_decorator.py
[2025-12-10 18:48:34,648] {processor.py:654} INFO - DAG(s) dict_keys(['example_dag_decorator']) retrieved from /home/airflow/.local/lib/python3.6/site-packages/airflow/example_dags/example_dag_decorator.py
[2025-12-10 18:48:34,941] {logging_mixin.py:109} INFO - [2025-12-10 18:48:34,941] {dag.py:2396} INFO - Sync 1 DAGs
[2025-12-10 18:48:34,957] {logging_mixin.py:109} INFO - [2025-12-10 18:48:34,957] {dag.py:2935} INFO - Setting next_dagrun for example_dag_decorator to None
[2025-12-10 18:48:34,978] {processor.py:171} INFO - Processing /home/airflow/.local/lib/python3.6/site-packages/airflow/example_dags/example_dag_decorator.py took 0.409 seconds
[2025-12-10 18:49:05,725] {processor.py:163} INFO - Started process (PID=337) to work on /home/airflow/.local/lib/python3.6/site-packages/airflow/example_dags/example_dag_decorator.py
[2025-12-10 18:49:05,726] {processor.py:642} INFO - Processing file /home/airflow/.local/lib/python3.6/site-packages/airflow/example_dags/example_dag_decorator.py for tasks to queue
[2025-12-10 18:49:05,727] {logging_mixin.py:109} INFO - [2025-12-10 18:49:05,727] {dagbag.py:500} INFO - Filling up the DagBag from /home/airflow/.local/lib/python3.6/site-packages/airflow/example_dags/example_dag_decorator.py
[2025-12-10 18:49:05,763] {processor.py:654} INFO - DAG(s) dict_keys(['example_dag_decorator']) retrieved from /home/airflow/.local/lib/python3.6/site-packages/airflow/example_dags/example_dag_decorator.py
[2025-12-10 18:49:05,945] {logging_mixin.py:109} INFO - [2025-12-10 18:49:05,944] {dag.py:2396} INFO - Sync 1 DAGs
[2025-12-10 18:49:05,957] {logging_mixin.py:109} INFO - [2025-12-10 18:49:05,956] {dag.py:2935} INFO - Setting next_dagrun for example_dag_decorator to None
[2025-12-10 18:49:05,975] {processor.py:171} INFO - Processing /home/airflow/.local/lib/python3.6/site-packages/airflow/example_dags/example_dag_decorator.py took 0.254 seconds
[2025-12-10 18:49:36,027] {processor.py:163} INFO - Started process (PID=399) to work on /home/airflow/.local/lib/python3.6/site-packages/airflow/example_dags/example_dag_decorator.py
[2025-12-10 18:49:36,038] {processor.py:642} INFO - Processing file /home/airflow/.local/lib/python3.6/site-packages/airflow/example_dags/example_dag_decorator.py for tasks to queue
[2025-12-10 18:49:36,038] {logging_mixin.py:109} INFO - [2025-12-10 18:49:36,038] {dagbag.py:500} INFO - Filling up the DagBag from /home/airflow/.local/lib/python3.6/site-packages/airflow/example_dags/example_dag_decorator.py
[2025-12-10 18:49:36,077] {processor.py:654} INFO - DAG(s) dict_keys(['example_dag_decorator']) retrieved from /home/airflow/.local/lib/python3.6/site-packages/airflow/example_dags/example_dag_decorator.py
[2025-12-10 18:49:36,328] {logging_mixin.py:109} INFO - [2025-12-10 18:49:36,327] {dag.py:2396} INFO - Sync 1 DAGs
[2025-12-10 18:49:36,342] {logging_mixin.py:109} INFO - [2025-12-10 18:49:36,342] {dag.py:2935} INFO - Setting next_dagrun for example_dag_decorator to None
[2025-12-10 18:49:36,361] {processor.py:171} INFO - Processing /home/airflow/.local/lib/python3.6/site-packages/airflow/example_dags/example_dag_decorator.py took 0.337 seconds
[2025-12-10 18:50:07,241] {processor.py:163} INFO - Started process (PID=451) to work on /home/airflow/.local/lib/python3.6/site-packages/airflow/example_dags/example_dag_decorator.py
[2025-12-10 18:50:07,252] {processor.py:642} INFO - Processing file /home/airflow/.local/lib/python3.6/site-packages/airflow/example_dags/example_dag_decorator.py for tasks to queue
[2025-12-10 18:50:07,252] {logging_mixin.py:109} INFO - [2025-12-10 18:50:07,252] {dagbag.py:500} INFO - Filling up the DagBag from /home/airflow/.local/lib/python3.6/site-packages/airflow/example_dags/example_dag_decorator.py
[2025-12-10 18:50:07,289] {processor.py:654} INFO - DAG(s) dict_keys(['example_dag_decorator']) retrieved from /home/airflow/.local/lib/python3.6/site-packages/airflow/example_dags/example_dag_decorator.py
[2025-12-10 18:50:07,447] {logging_mixin.py:109} INFO - [2025-12-10 18:50:07,447] {dag.py:2396} INFO - Sync 1 DAGs
[2025-12-10 18:50:07,458] {logging_mixin.py:109} INFO - [2025-12-10 18:50:07,458] {dag.py:2935} INFO - Setting next_dagrun for example_dag_decorator to None
[2025-12-10 18:50:07,475] {processor.py:171} INFO - Processing /home/airflow/.local/lib/python3.6/site-packages/airflow/example_dags/example_dag_decorator.py took 0.236 seconds
[2025-12-10 18:51:24,848] {processor.py:163} INFO - Started process (PID=183) to work on /home/airflow/.local/lib/python3.6/site-packages/airflow/example_dags/example_dag_decorator.py
[2025-12-10 18:51:24,850] {processor.py:642} INFO - Processing file /home/airflow/.local/lib/python3.6/site-packages/airflow/example_dags/example_dag_decorator.py for tasks to queue
[2025-12-10 18:51:24,850] {logging_mixin.py:109} INFO - [2025-12-10 18:51:24,850] {dagbag.py:500} INFO - Filling up the DagBag from /home/airflow/.local/lib/python3.6/site-packages/airflow/example_dags/example_dag_decorator.py
[2025-12-10 18:51:24,893] {processor.py:654} INFO - DAG(s) dict_keys(['example_dag_decorator']) retrieved from /home/airflow/.local/lib/python3.6/site-packages/airflow/example_dags/example_dag_decorator.py
[2025-12-10 18:51:26,783] {logging_mixin.py:109} INFO - [2025-12-10 18:51:26,783] {manager.py:496} INFO - Created Permission View: can read on DAG:example_dag_decorator
[2025-12-10 18:51:26,791] {logging_mixin.py:109} INFO - [2025-12-10 18:51:26,791] {manager.py:496} INFO - Created Permission View: can edit on DAG:example_dag_decorator
[2025-12-10 18:51:26,792] {logging_mixin.py:109} INFO - [2025-12-10 18:51:26,791] {dag.py:2396} INFO - Sync 1 DAGs
[2025-12-10 18:51:26,800] {logging_mixin.py:109} INFO - [2025-12-10 18:51:26,799] {dag.py:2415} INFO - Creating ORM DAG for example_dag_decorator
[2025-12-10 18:51:26,806] {logging_mixin.py:109} INFO - [2025-12-10 18:51:26,806] {dag.py:2935} INFO - Setting next_dagrun for example_dag_decorator to None
[2025-12-10 18:51:26,816] {processor.py:171} INFO - Processing /home/airflow/.local/lib/python3.6/site-packages/airflow/example_dags/example_dag_decorator.py took 1.971 seconds
[2025-12-10 18:51:56,917] {processor.py:163} INFO - Started process (PID=485) to work on /home/airflow/.local/lib/python3.6/site-packages/airflow/example_dags/example_dag_decorator.py
[2025-12-10 18:51:56,927] {processor.py:642} INFO - Processing file /home/airflow/.local/lib/python3.6/site-packages/airflow/example_dags/example_dag_decorator.py for tasks to queue
[2025-12-10 18:51:56,928] {logging_mixin.py:109} INFO - [2025-12-10 18:51:56,928] {dagbag.py:500} INFO - Filling up the DagBag from /home/airflow/.local/lib/python3.6/site-packages/airflow/example_dags/example_dag_decorator.py
[2025-12-10 18:51:56,967] {processor.py:654} INFO - DAG(s) dict_keys(['example_dag_decorator']) retrieved from /home/airflow/.local/lib/python3.6/site-packages/airflow/example_dags/example_dag_decorator.py
[2025-12-10 18:51:57,182] {logging_mixin.py:109} INFO - [2025-12-10 18:51:57,182] {dag.py:2396} INFO - Sync 1 DAGs
[2025-12-10 18:51:57,195] {logging_mixin.py:109} INFO - [2025-12-10 18:51:57,195] {dag.py:2935} INFO - Setting next_dagrun for example_dag_decorator to None
[2025-12-10 18:51:57,215] {processor.py:171} INFO - Processing /home/airflow/.local/lib/python3.6/site-packages/airflow/example_dags/example_dag_decorator.py took 0.301 seconds
