[2025-12-10 18:25:56,199] {processor.py:163} INFO - Started process (PID=131) to work on /home/airflow/.local/lib/python3.6/site-packages/airflow/example_dags/example_branch_operator.py
[2025-12-10 18:25:56,204] {processor.py:642} INFO - Processing file /home/airflow/.local/lib/python3.6/site-packages/airflow/example_dags/example_branch_operator.py for tasks to queue
[2025-12-10 18:25:56,213] {logging_mixin.py:109} INFO - [2025-12-10 18:25:56,212] {dagbag.py:500} INFO - Filling up the DagBag from /home/airflow/.local/lib/python3.6/site-packages/airflow/example_dags/example_branch_operator.py
[2025-12-10 18:25:56,310] {processor.py:654} INFO - DAG(s) dict_keys(['example_branch_operator']) retrieved from /home/airflow/.local/lib/python3.6/site-packages/airflow/example_dags/example_branch_operator.py
[2025-12-10 18:25:58,896] {logging_mixin.py:109} INFO - [2025-12-10 18:25:58,895] {manager.py:496} INFO - Created Permission View: can edit on DAG:example_branch_operator
[2025-12-10 18:25:58,905] {logging_mixin.py:109} INFO - [2025-12-10 18:25:58,905] {manager.py:496} INFO - Created Permission View: can read on DAG:example_branch_operator
[2025-12-10 18:25:58,906] {logging_mixin.py:109} INFO - [2025-12-10 18:25:58,905] {dag.py:2396} INFO - Sync 1 DAGs
[2025-12-10 18:25:58,916] {logging_mixin.py:109} INFO - [2025-12-10 18:25:58,915] {dag.py:2415} INFO - Creating ORM DAG for example_branch_operator
[2025-12-10 18:25:58,925] {logging_mixin.py:109} INFO - [2025-12-10 18:25:58,925] {dag.py:2935} INFO - Setting next_dagrun for example_branch_operator to 2025-12-09 00:00:00+00:00
[2025-12-10 18:25:58,937] {processor.py:171} INFO - Processing /home/airflow/.local/lib/python3.6/site-packages/airflow/example_dags/example_branch_operator.py took 2.760 seconds
[2025-12-10 18:26:29,325] {processor.py:163} INFO - Started process (PID=471) to work on /home/airflow/.local/lib/python3.6/site-packages/airflow/example_dags/example_branch_operator.py
[2025-12-10 18:26:29,336] {processor.py:642} INFO - Processing file /home/airflow/.local/lib/python3.6/site-packages/airflow/example_dags/example_branch_operator.py for tasks to queue
[2025-12-10 18:26:29,337] {logging_mixin.py:109} INFO - [2025-12-10 18:26:29,336] {dagbag.py:500} INFO - Filling up the DagBag from /home/airflow/.local/lib/python3.6/site-packages/airflow/example_dags/example_branch_operator.py
[2025-12-10 18:26:29,375] {processor.py:654} INFO - DAG(s) dict_keys(['example_branch_operator']) retrieved from /home/airflow/.local/lib/python3.6/site-packages/airflow/example_dags/example_branch_operator.py
[2025-12-10 18:26:29,387] {logging_mixin.py:109} INFO - [2025-12-10 18:26:29,387] {dag.py:2396} INFO - Sync 1 DAGs
[2025-12-10 18:26:29,408] {logging_mixin.py:109} INFO - [2025-12-10 18:26:29,408] {dag.py:2935} INFO - Setting next_dagrun for example_branch_operator to 2025-12-09 00:00:00+00:00
[2025-12-10 18:26:29,423] {processor.py:171} INFO - Processing /home/airflow/.local/lib/python3.6/site-packages/airflow/example_dags/example_branch_operator.py took 0.102 seconds
[2025-12-10 18:26:59,506] {processor.py:163} INFO - Started process (PID=533) to work on /home/airflow/.local/lib/python3.6/site-packages/airflow/example_dags/example_branch_operator.py
[2025-12-10 18:26:59,517] {processor.py:642} INFO - Processing file /home/airflow/.local/lib/python3.6/site-packages/airflow/example_dags/example_branch_operator.py for tasks to queue
[2025-12-10 18:26:59,518] {logging_mixin.py:109} INFO - [2025-12-10 18:26:59,518] {dagbag.py:500} INFO - Filling up the DagBag from /home/airflow/.local/lib/python3.6/site-packages/airflow/example_dags/example_branch_operator.py
[2025-12-10 18:26:59,553] {processor.py:654} INFO - DAG(s) dict_keys(['example_branch_operator']) retrieved from /home/airflow/.local/lib/python3.6/site-packages/airflow/example_dags/example_branch_operator.py
[2025-12-10 18:26:59,562] {logging_mixin.py:109} INFO - [2025-12-10 18:26:59,562] {dag.py:2396} INFO - Sync 1 DAGs
[2025-12-10 18:26:59,576] {logging_mixin.py:109} INFO - [2025-12-10 18:26:59,576] {dag.py:2935} INFO - Setting next_dagrun for example_branch_operator to 2025-12-09 00:00:00+00:00
[2025-12-10 18:26:59,583] {processor.py:171} INFO - Processing /home/airflow/.local/lib/python3.6/site-packages/airflow/example_dags/example_branch_operator.py took 0.080 seconds
[2025-12-10 18:27:29,830] {processor.py:163} INFO - Started process (PID=585) to work on /home/airflow/.local/lib/python3.6/site-packages/airflow/example_dags/example_branch_operator.py
[2025-12-10 18:27:29,831] {processor.py:642} INFO - Processing file /home/airflow/.local/lib/python3.6/site-packages/airflow/example_dags/example_branch_operator.py for tasks to queue
[2025-12-10 18:27:29,832] {logging_mixin.py:109} INFO - [2025-12-10 18:27:29,832] {dagbag.py:500} INFO - Filling up the DagBag from /home/airflow/.local/lib/python3.6/site-packages/airflow/example_dags/example_branch_operator.py
[2025-12-10 18:27:29,865] {processor.py:654} INFO - DAG(s) dict_keys(['example_branch_operator']) retrieved from /home/airflow/.local/lib/python3.6/site-packages/airflow/example_dags/example_branch_operator.py
[2025-12-10 18:27:29,875] {logging_mixin.py:109} INFO - [2025-12-10 18:27:29,875] {dag.py:2396} INFO - Sync 1 DAGs
[2025-12-10 18:27:29,891] {logging_mixin.py:109} INFO - [2025-12-10 18:27:29,890] {dag.py:2935} INFO - Setting next_dagrun for example_branch_operator to 2025-12-09 00:00:00+00:00
[2025-12-10 18:27:29,898] {processor.py:171} INFO - Processing /home/airflow/.local/lib/python3.6/site-packages/airflow/example_dags/example_branch_operator.py took 0.072 seconds
[2025-12-10 18:28:00,340] {processor.py:163} INFO - Started process (PID=647) to work on /home/airflow/.local/lib/python3.6/site-packages/airflow/example_dags/example_branch_operator.py
[2025-12-10 18:28:00,341] {processor.py:642} INFO - Processing file /home/airflow/.local/lib/python3.6/site-packages/airflow/example_dags/example_branch_operator.py for tasks to queue
[2025-12-10 18:28:00,342] {logging_mixin.py:109} INFO - [2025-12-10 18:28:00,342] {dagbag.py:500} INFO - Filling up the DagBag from /home/airflow/.local/lib/python3.6/site-packages/airflow/example_dags/example_branch_operator.py
[2025-12-10 18:28:00,371] {processor.py:654} INFO - DAG(s) dict_keys(['example_branch_operator']) retrieved from /home/airflow/.local/lib/python3.6/site-packages/airflow/example_dags/example_branch_operator.py
[2025-12-10 18:28:00,380] {logging_mixin.py:109} INFO - [2025-12-10 18:28:00,379] {dag.py:2396} INFO - Sync 1 DAGs
[2025-12-10 18:28:00,394] {logging_mixin.py:109} INFO - [2025-12-10 18:28:00,394] {dag.py:2935} INFO - Setting next_dagrun for example_branch_operator to 2025-12-09 00:00:00+00:00
[2025-12-10 18:28:00,401] {processor.py:171} INFO - Processing /home/airflow/.local/lib/python3.6/site-packages/airflow/example_dags/example_branch_operator.py took 0.065 seconds
[2025-12-10 18:28:30,518] {processor.py:163} INFO - Started process (PID=708) to work on /home/airflow/.local/lib/python3.6/site-packages/airflow/example_dags/example_branch_operator.py
[2025-12-10 18:28:30,529] {processor.py:642} INFO - Processing file /home/airflow/.local/lib/python3.6/site-packages/airflow/example_dags/example_branch_operator.py for tasks to queue
[2025-12-10 18:28:30,529] {logging_mixin.py:109} INFO - [2025-12-10 18:28:30,529] {dagbag.py:500} INFO - Filling up the DagBag from /home/airflow/.local/lib/python3.6/site-packages/airflow/example_dags/example_branch_operator.py
[2025-12-10 18:28:30,558] {processor.py:654} INFO - DAG(s) dict_keys(['example_branch_operator']) retrieved from /home/airflow/.local/lib/python3.6/site-packages/airflow/example_dags/example_branch_operator.py
[2025-12-10 18:28:30,568] {logging_mixin.py:109} INFO - [2025-12-10 18:28:30,567] {dag.py:2396} INFO - Sync 1 DAGs
[2025-12-10 18:28:30,584] {logging_mixin.py:109} INFO - [2025-12-10 18:28:30,584] {dag.py:2935} INFO - Setting next_dagrun for example_branch_operator to 2025-12-09 00:00:00+00:00
[2025-12-10 18:28:30,592] {processor.py:171} INFO - Processing /home/airflow/.local/lib/python3.6/site-packages/airflow/example_dags/example_branch_operator.py took 0.077 seconds
[2025-12-10 18:29:00,655] {processor.py:163} INFO - Started process (PID=761) to work on /home/airflow/.local/lib/python3.6/site-packages/airflow/example_dags/example_branch_operator.py
[2025-12-10 18:29:00,656] {processor.py:642} INFO - Processing file /home/airflow/.local/lib/python3.6/site-packages/airflow/example_dags/example_branch_operator.py for tasks to queue
[2025-12-10 18:29:00,657] {logging_mixin.py:109} INFO - [2025-12-10 18:29:00,657] {dagbag.py:500} INFO - Filling up the DagBag from /home/airflow/.local/lib/python3.6/site-packages/airflow/example_dags/example_branch_operator.py
[2025-12-10 18:29:00,691] {processor.py:654} INFO - DAG(s) dict_keys(['example_branch_operator']) retrieved from /home/airflow/.local/lib/python3.6/site-packages/airflow/example_dags/example_branch_operator.py
[2025-12-10 18:29:00,702] {logging_mixin.py:109} INFO - [2025-12-10 18:29:00,701] {dag.py:2396} INFO - Sync 1 DAGs
[2025-12-10 18:29:00,719] {logging_mixin.py:109} INFO - [2025-12-10 18:29:00,719] {dag.py:2935} INFO - Setting next_dagrun for example_branch_operator to 2025-12-09 00:00:00+00:00
[2025-12-10 18:29:00,726] {processor.py:171} INFO - Processing /home/airflow/.local/lib/python3.6/site-packages/airflow/example_dags/example_branch_operator.py took 0.075 seconds
[2025-12-10 18:29:31,157] {processor.py:163} INFO - Started process (PID=823) to work on /home/airflow/.local/lib/python3.6/site-packages/airflow/example_dags/example_branch_operator.py
[2025-12-10 18:29:31,168] {processor.py:642} INFO - Processing file /home/airflow/.local/lib/python3.6/site-packages/airflow/example_dags/example_branch_operator.py for tasks to queue
[2025-12-10 18:29:31,168] {logging_mixin.py:109} INFO - [2025-12-10 18:29:31,168] {dagbag.py:500} INFO - Filling up the DagBag from /home/airflow/.local/lib/python3.6/site-packages/airflow/example_dags/example_branch_operator.py
[2025-12-10 18:29:31,197] {processor.py:654} INFO - DAG(s) dict_keys(['example_branch_operator']) retrieved from /home/airflow/.local/lib/python3.6/site-packages/airflow/example_dags/example_branch_operator.py
[2025-12-10 18:29:31,206] {logging_mixin.py:109} INFO - [2025-12-10 18:29:31,206] {dag.py:2396} INFO - Sync 1 DAGs
[2025-12-10 18:29:31,221] {logging_mixin.py:109} INFO - [2025-12-10 18:29:31,221] {dag.py:2935} INFO - Setting next_dagrun for example_branch_operator to 2025-12-09 00:00:00+00:00
[2025-12-10 18:29:31,229] {processor.py:171} INFO - Processing /home/airflow/.local/lib/python3.6/site-packages/airflow/example_dags/example_branch_operator.py took 0.075 seconds
[2025-12-10 18:30:01,713] {processor.py:163} INFO - Started process (PID=875) to work on /home/airflow/.local/lib/python3.6/site-packages/airflow/example_dags/example_branch_operator.py
[2025-12-10 18:30:01,714] {processor.py:642} INFO - Processing file /home/airflow/.local/lib/python3.6/site-packages/airflow/example_dags/example_branch_operator.py for tasks to queue
[2025-12-10 18:30:01,715] {logging_mixin.py:109} INFO - [2025-12-10 18:30:01,715] {dagbag.py:500} INFO - Filling up the DagBag from /home/airflow/.local/lib/python3.6/site-packages/airflow/example_dags/example_branch_operator.py
[2025-12-10 18:30:01,743] {processor.py:654} INFO - DAG(s) dict_keys(['example_branch_operator']) retrieved from /home/airflow/.local/lib/python3.6/site-packages/airflow/example_dags/example_branch_operator.py
[2025-12-10 18:30:01,753] {logging_mixin.py:109} INFO - [2025-12-10 18:30:01,753] {dag.py:2396} INFO - Sync 1 DAGs
[2025-12-10 18:30:01,769] {logging_mixin.py:109} INFO - [2025-12-10 18:30:01,769] {dag.py:2935} INFO - Setting next_dagrun for example_branch_operator to 2025-12-09 00:00:00+00:00
[2025-12-10 18:30:01,776] {processor.py:171} INFO - Processing /home/airflow/.local/lib/python3.6/site-packages/airflow/example_dags/example_branch_operator.py took 0.067 seconds
[2025-12-10 18:30:32,117] {processor.py:163} INFO - Started process (PID=937) to work on /home/airflow/.local/lib/python3.6/site-packages/airflow/example_dags/example_branch_operator.py
[2025-12-10 18:30:32,127] {processor.py:642} INFO - Processing file /home/airflow/.local/lib/python3.6/site-packages/airflow/example_dags/example_branch_operator.py for tasks to queue
[2025-12-10 18:30:32,128] {logging_mixin.py:109} INFO - [2025-12-10 18:30:32,128] {dagbag.py:500} INFO - Filling up the DagBag from /home/airflow/.local/lib/python3.6/site-packages/airflow/example_dags/example_branch_operator.py
[2025-12-10 18:30:32,158] {processor.py:654} INFO - DAG(s) dict_keys(['example_branch_operator']) retrieved from /home/airflow/.local/lib/python3.6/site-packages/airflow/example_dags/example_branch_operator.py
[2025-12-10 18:30:32,169] {logging_mixin.py:109} INFO - [2025-12-10 18:30:32,169] {dag.py:2396} INFO - Sync 1 DAGs
[2025-12-10 18:30:32,185] {logging_mixin.py:109} INFO - [2025-12-10 18:30:32,185] {dag.py:2935} INFO - Setting next_dagrun for example_branch_operator to 2025-12-09 00:00:00+00:00
[2025-12-10 18:30:32,193] {processor.py:171} INFO - Processing /home/airflow/.local/lib/python3.6/site-packages/airflow/example_dags/example_branch_operator.py took 0.080 seconds
[2025-12-10 18:31:02,485] {processor.py:163} INFO - Started process (PID=999) to work on /home/airflow/.local/lib/python3.6/site-packages/airflow/example_dags/example_branch_operator.py
[2025-12-10 18:31:02,495] {processor.py:642} INFO - Processing file /home/airflow/.local/lib/python3.6/site-packages/airflow/example_dags/example_branch_operator.py for tasks to queue
[2025-12-10 18:31:02,496] {logging_mixin.py:109} INFO - [2025-12-10 18:31:02,496] {dagbag.py:500} INFO - Filling up the DagBag from /home/airflow/.local/lib/python3.6/site-packages/airflow/example_dags/example_branch_operator.py
[2025-12-10 18:31:02,529] {processor.py:654} INFO - DAG(s) dict_keys(['example_branch_operator']) retrieved from /home/airflow/.local/lib/python3.6/site-packages/airflow/example_dags/example_branch_operator.py
[2025-12-10 18:31:02,540] {logging_mixin.py:109} INFO - [2025-12-10 18:31:02,540] {dag.py:2396} INFO - Sync 1 DAGs
[2025-12-10 18:31:02,556] {logging_mixin.py:109} INFO - [2025-12-10 18:31:02,556] {dag.py:2935} INFO - Setting next_dagrun for example_branch_operator to 2025-12-09 00:00:00+00:00
[2025-12-10 18:31:02,565] {processor.py:171} INFO - Processing /home/airflow/.local/lib/python3.6/site-packages/airflow/example_dags/example_branch_operator.py took 0.083 seconds
[2025-12-10 18:31:32,893] {processor.py:163} INFO - Started process (PID=1051) to work on /home/airflow/.local/lib/python3.6/site-packages/airflow/example_dags/example_branch_operator.py
[2025-12-10 18:31:32,903] {processor.py:642} INFO - Processing file /home/airflow/.local/lib/python3.6/site-packages/airflow/example_dags/example_branch_operator.py for tasks to queue
[2025-12-10 18:31:32,904] {logging_mixin.py:109} INFO - [2025-12-10 18:31:32,904] {dagbag.py:500} INFO - Filling up the DagBag from /home/airflow/.local/lib/python3.6/site-packages/airflow/example_dags/example_branch_operator.py
[2025-12-10 18:31:32,932] {processor.py:654} INFO - DAG(s) dict_keys(['example_branch_operator']) retrieved from /home/airflow/.local/lib/python3.6/site-packages/airflow/example_dags/example_branch_operator.py
[2025-12-10 18:31:32,941] {logging_mixin.py:109} INFO - [2025-12-10 18:31:32,941] {dag.py:2396} INFO - Sync 1 DAGs
[2025-12-10 18:31:32,954] {logging_mixin.py:109} INFO - [2025-12-10 18:31:32,954] {dag.py:2935} INFO - Setting next_dagrun for example_branch_operator to 2025-12-09 00:00:00+00:00
[2025-12-10 18:31:32,962] {processor.py:171} INFO - Processing /home/airflow/.local/lib/python3.6/site-packages/airflow/example_dags/example_branch_operator.py took 0.072 seconds
[2025-12-10 18:32:03,309] {processor.py:163} INFO - Started process (PID=1113) to work on /home/airflow/.local/lib/python3.6/site-packages/airflow/example_dags/example_branch_operator.py
[2025-12-10 18:32:03,319] {processor.py:642} INFO - Processing file /home/airflow/.local/lib/python3.6/site-packages/airflow/example_dags/example_branch_operator.py for tasks to queue
[2025-12-10 18:32:03,320] {logging_mixin.py:109} INFO - [2025-12-10 18:32:03,320] {dagbag.py:500} INFO - Filling up the DagBag from /home/airflow/.local/lib/python3.6/site-packages/airflow/example_dags/example_branch_operator.py
[2025-12-10 18:32:03,349] {processor.py:654} INFO - DAG(s) dict_keys(['example_branch_operator']) retrieved from /home/airflow/.local/lib/python3.6/site-packages/airflow/example_dags/example_branch_operator.py
[2025-12-10 18:32:03,358] {logging_mixin.py:109} INFO - [2025-12-10 18:32:03,358] {dag.py:2396} INFO - Sync 1 DAGs
[2025-12-10 18:32:03,373] {logging_mixin.py:109} INFO - [2025-12-10 18:32:03,373] {dag.py:2935} INFO - Setting next_dagrun for example_branch_operator to 2025-12-09 00:00:00+00:00
[2025-12-10 18:32:03,381] {processor.py:171} INFO - Processing /home/airflow/.local/lib/python3.6/site-packages/airflow/example_dags/example_branch_operator.py took 0.075 seconds
[2025-12-10 18:32:33,759] {processor.py:163} INFO - Started process (PID=1165) to work on /home/airflow/.local/lib/python3.6/site-packages/airflow/example_dags/example_branch_operator.py
[2025-12-10 18:32:33,770] {processor.py:642} INFO - Processing file /home/airflow/.local/lib/python3.6/site-packages/airflow/example_dags/example_branch_operator.py for tasks to queue
[2025-12-10 18:32:33,770] {logging_mixin.py:109} INFO - [2025-12-10 18:32:33,770] {dagbag.py:500} INFO - Filling up the DagBag from /home/airflow/.local/lib/python3.6/site-packages/airflow/example_dags/example_branch_operator.py
[2025-12-10 18:32:33,801] {processor.py:654} INFO - DAG(s) dict_keys(['example_branch_operator']) retrieved from /home/airflow/.local/lib/python3.6/site-packages/airflow/example_dags/example_branch_operator.py
[2025-12-10 18:32:33,811] {logging_mixin.py:109} INFO - [2025-12-10 18:32:33,811] {dag.py:2396} INFO - Sync 1 DAGs
[2025-12-10 18:32:33,825] {logging_mixin.py:109} INFO - [2025-12-10 18:32:33,825] {dag.py:2935} INFO - Setting next_dagrun for example_branch_operator to 2025-12-09 00:00:00+00:00
[2025-12-10 18:32:33,833] {processor.py:171} INFO - Processing /home/airflow/.local/lib/python3.6/site-packages/airflow/example_dags/example_branch_operator.py took 0.077 seconds
[2025-12-10 18:33:04,172] {processor.py:163} INFO - Started process (PID=1227) to work on /home/airflow/.local/lib/python3.6/site-packages/airflow/example_dags/example_branch_operator.py
[2025-12-10 18:33:04,183] {processor.py:642} INFO - Processing file /home/airflow/.local/lib/python3.6/site-packages/airflow/example_dags/example_branch_operator.py for tasks to queue
[2025-12-10 18:33:04,183] {logging_mixin.py:109} INFO - [2025-12-10 18:33:04,183] {dagbag.py:500} INFO - Filling up the DagBag from /home/airflow/.local/lib/python3.6/site-packages/airflow/example_dags/example_branch_operator.py
[2025-12-10 18:33:04,211] {processor.py:654} INFO - DAG(s) dict_keys(['example_branch_operator']) retrieved from /home/airflow/.local/lib/python3.6/site-packages/airflow/example_dags/example_branch_operator.py
[2025-12-10 18:33:04,220] {logging_mixin.py:109} INFO - [2025-12-10 18:33:04,220] {dag.py:2396} INFO - Sync 1 DAGs
[2025-12-10 18:33:04,234] {logging_mixin.py:109} INFO - [2025-12-10 18:33:04,234] {dag.py:2935} INFO - Setting next_dagrun for example_branch_operator to 2025-12-09 00:00:00+00:00
[2025-12-10 18:33:04,241] {processor.py:171} INFO - Processing /home/airflow/.local/lib/python3.6/site-packages/airflow/example_dags/example_branch_operator.py took 0.072 seconds
[2025-12-10 18:33:34,548] {processor.py:163} INFO - Started process (PID=1289) to work on /home/airflow/.local/lib/python3.6/site-packages/airflow/example_dags/example_branch_operator.py
[2025-12-10 18:33:34,558] {processor.py:642} INFO - Processing file /home/airflow/.local/lib/python3.6/site-packages/airflow/example_dags/example_branch_operator.py for tasks to queue
[2025-12-10 18:33:34,559] {logging_mixin.py:109} INFO - [2025-12-10 18:33:34,559] {dagbag.py:500} INFO - Filling up the DagBag from /home/airflow/.local/lib/python3.6/site-packages/airflow/example_dags/example_branch_operator.py
[2025-12-10 18:33:34,587] {processor.py:654} INFO - DAG(s) dict_keys(['example_branch_operator']) retrieved from /home/airflow/.local/lib/python3.6/site-packages/airflow/example_dags/example_branch_operator.py
[2025-12-10 18:33:34,596] {logging_mixin.py:109} INFO - [2025-12-10 18:33:34,596] {dag.py:2396} INFO - Sync 1 DAGs
[2025-12-10 18:33:34,609] {logging_mixin.py:109} INFO - [2025-12-10 18:33:34,609] {dag.py:2935} INFO - Setting next_dagrun for example_branch_operator to 2025-12-09 00:00:00+00:00
[2025-12-10 18:33:34,617] {processor.py:171} INFO - Processing /home/airflow/.local/lib/python3.6/site-packages/airflow/example_dags/example_branch_operator.py took 0.072 seconds
[2025-12-10 18:34:04,956] {processor.py:163} INFO - Started process (PID=1342) to work on /home/airflow/.local/lib/python3.6/site-packages/airflow/example_dags/example_branch_operator.py
[2025-12-10 18:34:04,956] {processor.py:642} INFO - Processing file /home/airflow/.local/lib/python3.6/site-packages/airflow/example_dags/example_branch_operator.py for tasks to queue
[2025-12-10 18:34:04,957] {logging_mixin.py:109} INFO - [2025-12-10 18:34:04,957] {dagbag.py:500} INFO - Filling up the DagBag from /home/airflow/.local/lib/python3.6/site-packages/airflow/example_dags/example_branch_operator.py
[2025-12-10 18:34:04,985] {processor.py:654} INFO - DAG(s) dict_keys(['example_branch_operator']) retrieved from /home/airflow/.local/lib/python3.6/site-packages/airflow/example_dags/example_branch_operator.py
[2025-12-10 18:34:04,994] {logging_mixin.py:109} INFO - [2025-12-10 18:34:04,994] {dag.py:2396} INFO - Sync 1 DAGs
[2025-12-10 18:34:05,010] {logging_mixin.py:109} INFO - [2025-12-10 18:34:05,010] {dag.py:2935} INFO - Setting next_dagrun for example_branch_operator to 2025-12-09 00:00:00+00:00
[2025-12-10 18:34:05,018] {processor.py:171} INFO - Processing /home/airflow/.local/lib/python3.6/site-packages/airflow/example_dags/example_branch_operator.py took 0.066 seconds
[2025-12-10 18:34:35,329] {processor.py:163} INFO - Started process (PID=1404) to work on /home/airflow/.local/lib/python3.6/site-packages/airflow/example_dags/example_branch_operator.py
[2025-12-10 18:34:35,339] {processor.py:642} INFO - Processing file /home/airflow/.local/lib/python3.6/site-packages/airflow/example_dags/example_branch_operator.py for tasks to queue
[2025-12-10 18:34:35,340] {logging_mixin.py:109} INFO - [2025-12-10 18:34:35,340] {dagbag.py:500} INFO - Filling up the DagBag from /home/airflow/.local/lib/python3.6/site-packages/airflow/example_dags/example_branch_operator.py
[2025-12-10 18:34:35,369] {processor.py:654} INFO - DAG(s) dict_keys(['example_branch_operator']) retrieved from /home/airflow/.local/lib/python3.6/site-packages/airflow/example_dags/example_branch_operator.py
[2025-12-10 18:34:35,377] {logging_mixin.py:109} INFO - [2025-12-10 18:34:35,377] {dag.py:2396} INFO - Sync 1 DAGs
[2025-12-10 18:34:35,392] {logging_mixin.py:109} INFO - [2025-12-10 18:34:35,392] {dag.py:2935} INFO - Setting next_dagrun for example_branch_operator to 2025-12-09 00:00:00+00:00
[2025-12-10 18:34:35,400] {processor.py:171} INFO - Processing /home/airflow/.local/lib/python3.6/site-packages/airflow/example_dags/example_branch_operator.py took 0.074 seconds
[2025-12-10 18:35:05,704] {processor.py:163} INFO - Started process (PID=1466) to work on /home/airflow/.local/lib/python3.6/site-packages/airflow/example_dags/example_branch_operator.py
[2025-12-10 18:35:05,714] {processor.py:642} INFO - Processing file /home/airflow/.local/lib/python3.6/site-packages/airflow/example_dags/example_branch_operator.py for tasks to queue
[2025-12-10 18:35:05,715] {logging_mixin.py:109} INFO - [2025-12-10 18:35:05,715] {dagbag.py:500} INFO - Filling up the DagBag from /home/airflow/.local/lib/python3.6/site-packages/airflow/example_dags/example_branch_operator.py
[2025-12-10 18:35:05,744] {processor.py:654} INFO - DAG(s) dict_keys(['example_branch_operator']) retrieved from /home/airflow/.local/lib/python3.6/site-packages/airflow/example_dags/example_branch_operator.py
[2025-12-10 18:35:05,754] {logging_mixin.py:109} INFO - [2025-12-10 18:35:05,753] {dag.py:2396} INFO - Sync 1 DAGs
[2025-12-10 18:35:05,768] {logging_mixin.py:109} INFO - [2025-12-10 18:35:05,768] {dag.py:2935} INFO - Setting next_dagrun for example_branch_operator to 2025-12-09 00:00:00+00:00
[2025-12-10 18:35:05,776] {processor.py:171} INFO - Processing /home/airflow/.local/lib/python3.6/site-packages/airflow/example_dags/example_branch_operator.py took 0.076 seconds
[2025-12-10 18:35:35,821] {processor.py:163} INFO - Started process (PID=1518) to work on /home/airflow/.local/lib/python3.6/site-packages/airflow/example_dags/example_branch_operator.py
[2025-12-10 18:35:35,823] {processor.py:642} INFO - Processing file /home/airflow/.local/lib/python3.6/site-packages/airflow/example_dags/example_branch_operator.py for tasks to queue
[2025-12-10 18:35:35,823] {logging_mixin.py:109} INFO - [2025-12-10 18:35:35,823] {dagbag.py:500} INFO - Filling up the DagBag from /home/airflow/.local/lib/python3.6/site-packages/airflow/example_dags/example_branch_operator.py
[2025-12-10 18:35:35,850] {processor.py:654} INFO - DAG(s) dict_keys(['example_branch_operator']) retrieved from /home/airflow/.local/lib/python3.6/site-packages/airflow/example_dags/example_branch_operator.py
[2025-12-10 18:35:35,862] {logging_mixin.py:109} INFO - [2025-12-10 18:35:35,862] {dag.py:2396} INFO - Sync 1 DAGs
[2025-12-10 18:35:35,879] {logging_mixin.py:109} INFO - [2025-12-10 18:35:35,879] {dag.py:2935} INFO - Setting next_dagrun for example_branch_operator to 2025-12-09 00:00:00+00:00
[2025-12-10 18:35:35,887] {processor.py:171} INFO - Processing /home/airflow/.local/lib/python3.6/site-packages/airflow/example_dags/example_branch_operator.py took 0.069 seconds
[2025-12-10 18:36:06,246] {processor.py:163} INFO - Started process (PID=1580) to work on /home/airflow/.local/lib/python3.6/site-packages/airflow/example_dags/example_branch_operator.py
[2025-12-10 18:36:06,257] {processor.py:642} INFO - Processing file /home/airflow/.local/lib/python3.6/site-packages/airflow/example_dags/example_branch_operator.py for tasks to queue
[2025-12-10 18:36:06,258] {logging_mixin.py:109} INFO - [2025-12-10 18:36:06,258] {dagbag.py:500} INFO - Filling up the DagBag from /home/airflow/.local/lib/python3.6/site-packages/airflow/example_dags/example_branch_operator.py
[2025-12-10 18:36:06,293] {processor.py:654} INFO - DAG(s) dict_keys(['example_branch_operator']) retrieved from /home/airflow/.local/lib/python3.6/site-packages/airflow/example_dags/example_branch_operator.py
[2025-12-10 18:36:06,306] {logging_mixin.py:109} INFO - [2025-12-10 18:36:06,305] {dag.py:2396} INFO - Sync 1 DAGs
[2025-12-10 18:36:06,324] {logging_mixin.py:109} INFO - [2025-12-10 18:36:06,324] {dag.py:2935} INFO - Setting next_dagrun for example_branch_operator to 2025-12-09 00:00:00+00:00
[2025-12-10 18:36:06,336] {processor.py:171} INFO - Processing /home/airflow/.local/lib/python3.6/site-packages/airflow/example_dags/example_branch_operator.py took 0.094 seconds
[2025-12-10 18:36:37,016] {processor.py:163} INFO - Started process (PID=1632) to work on /home/airflow/.local/lib/python3.6/site-packages/airflow/example_dags/example_branch_operator.py
[2025-12-10 18:36:37,027] {processor.py:642} INFO - Processing file /home/airflow/.local/lib/python3.6/site-packages/airflow/example_dags/example_branch_operator.py for tasks to queue
[2025-12-10 18:36:37,027] {logging_mixin.py:109} INFO - [2025-12-10 18:36:37,027] {dagbag.py:500} INFO - Filling up the DagBag from /home/airflow/.local/lib/python3.6/site-packages/airflow/example_dags/example_branch_operator.py
[2025-12-10 18:36:37,061] {processor.py:654} INFO - DAG(s) dict_keys(['example_branch_operator']) retrieved from /home/airflow/.local/lib/python3.6/site-packages/airflow/example_dags/example_branch_operator.py
[2025-12-10 18:36:37,074] {logging_mixin.py:109} INFO - [2025-12-10 18:36:37,073] {dag.py:2396} INFO - Sync 1 DAGs
[2025-12-10 18:36:37,092] {logging_mixin.py:109} INFO - [2025-12-10 18:36:37,092] {dag.py:2935} INFO - Setting next_dagrun for example_branch_operator to 2025-12-09 00:00:00+00:00
[2025-12-10 18:36:37,103] {processor.py:171} INFO - Processing /home/airflow/.local/lib/python3.6/site-packages/airflow/example_dags/example_branch_operator.py took 0.092 seconds
[2025-12-10 18:37:07,405] {processor.py:163} INFO - Started process (PID=1694) to work on /home/airflow/.local/lib/python3.6/site-packages/airflow/example_dags/example_branch_operator.py
[2025-12-10 18:37:07,416] {processor.py:642} INFO - Processing file /home/airflow/.local/lib/python3.6/site-packages/airflow/example_dags/example_branch_operator.py for tasks to queue
[2025-12-10 18:37:07,416] {logging_mixin.py:109} INFO - [2025-12-10 18:37:07,416] {dagbag.py:500} INFO - Filling up the DagBag from /home/airflow/.local/lib/python3.6/site-packages/airflow/example_dags/example_branch_operator.py
[2025-12-10 18:37:07,446] {processor.py:654} INFO - DAG(s) dict_keys(['example_branch_operator']) retrieved from /home/airflow/.local/lib/python3.6/site-packages/airflow/example_dags/example_branch_operator.py
[2025-12-10 18:37:07,454] {logging_mixin.py:109} INFO - [2025-12-10 18:37:07,454] {dag.py:2396} INFO - Sync 1 DAGs
[2025-12-10 18:37:07,468] {logging_mixin.py:109} INFO - [2025-12-10 18:37:07,468] {dag.py:2935} INFO - Setting next_dagrun for example_branch_operator to 2025-12-09 00:00:00+00:00
[2025-12-10 18:37:07,476] {processor.py:171} INFO - Processing /home/airflow/.local/lib/python3.6/site-packages/airflow/example_dags/example_branch_operator.py took 0.074 seconds
[2025-12-10 18:37:37,906] {processor.py:163} INFO - Started process (PID=1756) to work on /home/airflow/.local/lib/python3.6/site-packages/airflow/example_dags/example_branch_operator.py
[2025-12-10 18:37:37,917] {processor.py:642} INFO - Processing file /home/airflow/.local/lib/python3.6/site-packages/airflow/example_dags/example_branch_operator.py for tasks to queue
[2025-12-10 18:37:37,917] {logging_mixin.py:109} INFO - [2025-12-10 18:37:37,917] {dagbag.py:500} INFO - Filling up the DagBag from /home/airflow/.local/lib/python3.6/site-packages/airflow/example_dags/example_branch_operator.py
[2025-12-10 18:37:37,949] {processor.py:654} INFO - DAG(s) dict_keys(['example_branch_operator']) retrieved from /home/airflow/.local/lib/python3.6/site-packages/airflow/example_dags/example_branch_operator.py
[2025-12-10 18:37:37,959] {logging_mixin.py:109} INFO - [2025-12-10 18:37:37,959] {dag.py:2396} INFO - Sync 1 DAGs
[2025-12-10 18:37:37,976] {logging_mixin.py:109} INFO - [2025-12-10 18:37:37,976] {dag.py:2935} INFO - Setting next_dagrun for example_branch_operator to 2025-12-09 00:00:00+00:00
[2025-12-10 18:37:37,984] {processor.py:171} INFO - Processing /home/airflow/.local/lib/python3.6/site-packages/airflow/example_dags/example_branch_operator.py took 0.082 seconds
[2025-12-10 18:38:08,228] {processor.py:163} INFO - Started process (PID=1808) to work on /home/airflow/.local/lib/python3.6/site-packages/airflow/example_dags/example_branch_operator.py
[2025-12-10 18:38:08,229] {processor.py:642} INFO - Processing file /home/airflow/.local/lib/python3.6/site-packages/airflow/example_dags/example_branch_operator.py for tasks to queue
[2025-12-10 18:38:08,230] {logging_mixin.py:109} INFO - [2025-12-10 18:38:08,230] {dagbag.py:500} INFO - Filling up the DagBag from /home/airflow/.local/lib/python3.6/site-packages/airflow/example_dags/example_branch_operator.py
[2025-12-10 18:38:08,257] {processor.py:654} INFO - DAG(s) dict_keys(['example_branch_operator']) retrieved from /home/airflow/.local/lib/python3.6/site-packages/airflow/example_dags/example_branch_operator.py
[2025-12-10 18:38:08,266] {logging_mixin.py:109} INFO - [2025-12-10 18:38:08,266] {dag.py:2396} INFO - Sync 1 DAGs
[2025-12-10 18:38:08,279] {logging_mixin.py:109} INFO - [2025-12-10 18:38:08,279] {dag.py:2935} INFO - Setting next_dagrun for example_branch_operator to 2025-12-09 00:00:00+00:00
[2025-12-10 18:38:08,286] {processor.py:171} INFO - Processing /home/airflow/.local/lib/python3.6/site-packages/airflow/example_dags/example_branch_operator.py took 0.062 seconds
[2025-12-10 18:38:38,540] {processor.py:163} INFO - Started process (PID=1870) to work on /home/airflow/.local/lib/python3.6/site-packages/airflow/example_dags/example_branch_operator.py
[2025-12-10 18:38:38,541] {processor.py:642} INFO - Processing file /home/airflow/.local/lib/python3.6/site-packages/airflow/example_dags/example_branch_operator.py for tasks to queue
[2025-12-10 18:38:38,542] {logging_mixin.py:109} INFO - [2025-12-10 18:38:38,542] {dagbag.py:500} INFO - Filling up the DagBag from /home/airflow/.local/lib/python3.6/site-packages/airflow/example_dags/example_branch_operator.py
[2025-12-10 18:38:38,574] {processor.py:654} INFO - DAG(s) dict_keys(['example_branch_operator']) retrieved from /home/airflow/.local/lib/python3.6/site-packages/airflow/example_dags/example_branch_operator.py
[2025-12-10 18:38:38,583] {logging_mixin.py:109} INFO - [2025-12-10 18:38:38,583] {dag.py:2396} INFO - Sync 1 DAGs
[2025-12-10 18:38:38,602] {logging_mixin.py:109} INFO - [2025-12-10 18:38:38,602] {dag.py:2935} INFO - Setting next_dagrun for example_branch_operator to 2025-12-09 00:00:00+00:00
[2025-12-10 18:38:38,610] {processor.py:171} INFO - Processing /home/airflow/.local/lib/python3.6/site-packages/airflow/example_dags/example_branch_operator.py took 0.074 seconds
[2025-12-10 18:39:08,821] {processor.py:163} INFO - Started process (PID=1922) to work on /home/airflow/.local/lib/python3.6/site-packages/airflow/example_dags/example_branch_operator.py
[2025-12-10 18:39:08,823] {processor.py:642} INFO - Processing file /home/airflow/.local/lib/python3.6/site-packages/airflow/example_dags/example_branch_operator.py for tasks to queue
[2025-12-10 18:39:08,823] {logging_mixin.py:109} INFO - [2025-12-10 18:39:08,823] {dagbag.py:500} INFO - Filling up the DagBag from /home/airflow/.local/lib/python3.6/site-packages/airflow/example_dags/example_branch_operator.py
[2025-12-10 18:39:08,863] {processor.py:654} INFO - DAG(s) dict_keys(['example_branch_operator']) retrieved from /home/airflow/.local/lib/python3.6/site-packages/airflow/example_dags/example_branch_operator.py
[2025-12-10 18:39:08,874] {logging_mixin.py:109} INFO - [2025-12-10 18:39:08,874] {dag.py:2396} INFO - Sync 1 DAGs
[2025-12-10 18:39:08,891] {logging_mixin.py:109} INFO - [2025-12-10 18:39:08,891] {dag.py:2935} INFO - Setting next_dagrun for example_branch_operator to 2025-12-09 00:00:00+00:00
[2025-12-10 18:39:08,898] {processor.py:171} INFO - Processing /home/airflow/.local/lib/python3.6/site-packages/airflow/example_dags/example_branch_operator.py took 0.081 seconds
[2025-12-10 18:39:39,230] {processor.py:163} INFO - Started process (PID=1984) to work on /home/airflow/.local/lib/python3.6/site-packages/airflow/example_dags/example_branch_operator.py
[2025-12-10 18:39:39,241] {processor.py:642} INFO - Processing file /home/airflow/.local/lib/python3.6/site-packages/airflow/example_dags/example_branch_operator.py for tasks to queue
[2025-12-10 18:39:39,241] {logging_mixin.py:109} INFO - [2025-12-10 18:39:39,241] {dagbag.py:500} INFO - Filling up the DagBag from /home/airflow/.local/lib/python3.6/site-packages/airflow/example_dags/example_branch_operator.py
[2025-12-10 18:39:39,273] {processor.py:654} INFO - DAG(s) dict_keys(['example_branch_operator']) retrieved from /home/airflow/.local/lib/python3.6/site-packages/airflow/example_dags/example_branch_operator.py
[2025-12-10 18:39:39,283] {logging_mixin.py:109} INFO - [2025-12-10 18:39:39,283] {dag.py:2396} INFO - Sync 1 DAGs
[2025-12-10 18:39:39,300] {logging_mixin.py:109} INFO - [2025-12-10 18:39:39,300] {dag.py:2935} INFO - Setting next_dagrun for example_branch_operator to 2025-12-09 00:00:00+00:00
[2025-12-10 18:39:39,309] {processor.py:171} INFO - Processing /home/airflow/.local/lib/python3.6/site-packages/airflow/example_dags/example_branch_operator.py took 0.082 seconds
[2025-12-10 18:40:09,626] {processor.py:163} INFO - Started process (PID=2046) to work on /home/airflow/.local/lib/python3.6/site-packages/airflow/example_dags/example_branch_operator.py
[2025-12-10 18:40:09,627] {processor.py:642} INFO - Processing file /home/airflow/.local/lib/python3.6/site-packages/airflow/example_dags/example_branch_operator.py for tasks to queue
[2025-12-10 18:40:09,628] {logging_mixin.py:109} INFO - [2025-12-10 18:40:09,628] {dagbag.py:500} INFO - Filling up the DagBag from /home/airflow/.local/lib/python3.6/site-packages/airflow/example_dags/example_branch_operator.py
[2025-12-10 18:40:09,657] {processor.py:654} INFO - DAG(s) dict_keys(['example_branch_operator']) retrieved from /home/airflow/.local/lib/python3.6/site-packages/airflow/example_dags/example_branch_operator.py
[2025-12-10 18:40:09,666] {logging_mixin.py:109} INFO - [2025-12-10 18:40:09,666] {dag.py:2396} INFO - Sync 1 DAGs
[2025-12-10 18:40:09,681] {logging_mixin.py:109} INFO - [2025-12-10 18:40:09,681] {dag.py:2935} INFO - Setting next_dagrun for example_branch_operator to 2025-12-09 00:00:00+00:00
[2025-12-10 18:40:09,688] {processor.py:171} INFO - Processing /home/airflow/.local/lib/python3.6/site-packages/airflow/example_dags/example_branch_operator.py took 0.065 seconds
[2025-12-10 18:40:39,840] {processor.py:163} INFO - Started process (PID=2098) to work on /home/airflow/.local/lib/python3.6/site-packages/airflow/example_dags/example_branch_operator.py
[2025-12-10 18:40:39,850] {processor.py:642} INFO - Processing file /home/airflow/.local/lib/python3.6/site-packages/airflow/example_dags/example_branch_operator.py for tasks to queue
[2025-12-10 18:40:39,851] {logging_mixin.py:109} INFO - [2025-12-10 18:40:39,851] {dagbag.py:500} INFO - Filling up the DagBag from /home/airflow/.local/lib/python3.6/site-packages/airflow/example_dags/example_branch_operator.py
[2025-12-10 18:40:39,882] {processor.py:654} INFO - DAG(s) dict_keys(['example_branch_operator']) retrieved from /home/airflow/.local/lib/python3.6/site-packages/airflow/example_dags/example_branch_operator.py
[2025-12-10 18:40:39,893] {logging_mixin.py:109} INFO - [2025-12-10 18:40:39,893] {dag.py:2396} INFO - Sync 1 DAGs
[2025-12-10 18:40:39,912] {logging_mixin.py:109} INFO - [2025-12-10 18:40:39,912] {dag.py:2935} INFO - Setting next_dagrun for example_branch_operator to 2025-12-09 00:00:00+00:00
[2025-12-10 18:40:39,922] {processor.py:171} INFO - Processing /home/airflow/.local/lib/python3.6/site-packages/airflow/example_dags/example_branch_operator.py took 0.086 seconds
[2025-12-10 18:41:10,295] {processor.py:163} INFO - Started process (PID=2160) to work on /home/airflow/.local/lib/python3.6/site-packages/airflow/example_dags/example_branch_operator.py
[2025-12-10 18:41:10,296] {processor.py:642} INFO - Processing file /home/airflow/.local/lib/python3.6/site-packages/airflow/example_dags/example_branch_operator.py for tasks to queue
[2025-12-10 18:41:10,296] {logging_mixin.py:109} INFO - [2025-12-10 18:41:10,296] {dagbag.py:500} INFO - Filling up the DagBag from /home/airflow/.local/lib/python3.6/site-packages/airflow/example_dags/example_branch_operator.py
[2025-12-10 18:41:10,330] {processor.py:654} INFO - DAG(s) dict_keys(['example_branch_operator']) retrieved from /home/airflow/.local/lib/python3.6/site-packages/airflow/example_dags/example_branch_operator.py
[2025-12-10 18:41:10,339] {logging_mixin.py:109} INFO - [2025-12-10 18:41:10,339] {dag.py:2396} INFO - Sync 1 DAGs
[2025-12-10 18:41:10,354] {logging_mixin.py:109} INFO - [2025-12-10 18:41:10,354] {dag.py:2935} INFO - Setting next_dagrun for example_branch_operator to 2025-12-09 00:00:00+00:00
[2025-12-10 18:41:10,363] {processor.py:171} INFO - Processing /home/airflow/.local/lib/python3.6/site-packages/airflow/example_dags/example_branch_operator.py took 0.072 seconds
[2025-12-10 18:41:40,681] {processor.py:163} INFO - Started process (PID=2212) to work on /home/airflow/.local/lib/python3.6/site-packages/airflow/example_dags/example_branch_operator.py
[2025-12-10 18:41:40,691] {processor.py:642} INFO - Processing file /home/airflow/.local/lib/python3.6/site-packages/airflow/example_dags/example_branch_operator.py for tasks to queue
[2025-12-10 18:41:40,692] {logging_mixin.py:109} INFO - [2025-12-10 18:41:40,692] {dagbag.py:500} INFO - Filling up the DagBag from /home/airflow/.local/lib/python3.6/site-packages/airflow/example_dags/example_branch_operator.py
[2025-12-10 18:41:40,727] {processor.py:654} INFO - DAG(s) dict_keys(['example_branch_operator']) retrieved from /home/airflow/.local/lib/python3.6/site-packages/airflow/example_dags/example_branch_operator.py
[2025-12-10 18:41:40,738] {logging_mixin.py:109} INFO - [2025-12-10 18:41:40,737] {dag.py:2396} INFO - Sync 1 DAGs
[2025-12-10 18:41:40,755] {logging_mixin.py:109} INFO - [2025-12-10 18:41:40,755] {dag.py:2935} INFO - Setting next_dagrun for example_branch_operator to 2025-12-09 00:00:00+00:00
[2025-12-10 18:41:40,766] {processor.py:171} INFO - Processing /home/airflow/.local/lib/python3.6/site-packages/airflow/example_dags/example_branch_operator.py took 0.088 seconds
[2025-12-10 18:42:10,862] {processor.py:163} INFO - Started process (PID=2274) to work on /home/airflow/.local/lib/python3.6/site-packages/airflow/example_dags/example_branch_operator.py
[2025-12-10 18:42:10,874] {processor.py:642} INFO - Processing file /home/airflow/.local/lib/python3.6/site-packages/airflow/example_dags/example_branch_operator.py for tasks to queue
[2025-12-10 18:42:10,874] {logging_mixin.py:109} INFO - [2025-12-10 18:42:10,874] {dagbag.py:500} INFO - Filling up the DagBag from /home/airflow/.local/lib/python3.6/site-packages/airflow/example_dags/example_branch_operator.py
[2025-12-10 18:42:10,907] {processor.py:654} INFO - DAG(s) dict_keys(['example_branch_operator']) retrieved from /home/airflow/.local/lib/python3.6/site-packages/airflow/example_dags/example_branch_operator.py
[2025-12-10 18:42:10,918] {logging_mixin.py:109} INFO - [2025-12-10 18:42:10,917] {dag.py:2396} INFO - Sync 1 DAGs
[2025-12-10 18:42:10,934] {logging_mixin.py:109} INFO - [2025-12-10 18:42:10,934] {dag.py:2935} INFO - Setting next_dagrun for example_branch_operator to 2025-12-09 00:00:00+00:00
[2025-12-10 18:42:10,944] {processor.py:171} INFO - Processing /home/airflow/.local/lib/python3.6/site-packages/airflow/example_dags/example_branch_operator.py took 0.085 seconds
[2025-12-10 18:42:41,511] {processor.py:163} INFO - Started process (PID=2326) to work on /home/airflow/.local/lib/python3.6/site-packages/airflow/example_dags/example_branch_operator.py
[2025-12-10 18:42:41,522] {processor.py:642} INFO - Processing file /home/airflow/.local/lib/python3.6/site-packages/airflow/example_dags/example_branch_operator.py for tasks to queue
[2025-12-10 18:42:41,522] {logging_mixin.py:109} INFO - [2025-12-10 18:42:41,522] {dagbag.py:500} INFO - Filling up the DagBag from /home/airflow/.local/lib/python3.6/site-packages/airflow/example_dags/example_branch_operator.py
[2025-12-10 18:42:41,557] {processor.py:654} INFO - DAG(s) dict_keys(['example_branch_operator']) retrieved from /home/airflow/.local/lib/python3.6/site-packages/airflow/example_dags/example_branch_operator.py
[2025-12-10 18:42:41,569] {logging_mixin.py:109} INFO - [2025-12-10 18:42:41,568] {dag.py:2396} INFO - Sync 1 DAGs
[2025-12-10 18:42:41,586] {logging_mixin.py:109} INFO - [2025-12-10 18:42:41,586] {dag.py:2935} INFO - Setting next_dagrun for example_branch_operator to 2025-12-09 00:00:00+00:00
[2025-12-10 18:42:41,596] {processor.py:171} INFO - Processing /home/airflow/.local/lib/python3.6/site-packages/airflow/example_dags/example_branch_operator.py took 0.091 seconds
[2025-12-10 18:43:11,992] {processor.py:163} INFO - Started process (PID=2388) to work on /home/airflow/.local/lib/python3.6/site-packages/airflow/example_dags/example_branch_operator.py
[2025-12-10 18:43:12,003] {processor.py:642} INFO - Processing file /home/airflow/.local/lib/python3.6/site-packages/airflow/example_dags/example_branch_operator.py for tasks to queue
[2025-12-10 18:43:12,004] {logging_mixin.py:109} INFO - [2025-12-10 18:43:12,004] {dagbag.py:500} INFO - Filling up the DagBag from /home/airflow/.local/lib/python3.6/site-packages/airflow/example_dags/example_branch_operator.py
[2025-12-10 18:43:12,038] {processor.py:654} INFO - DAG(s) dict_keys(['example_branch_operator']) retrieved from /home/airflow/.local/lib/python3.6/site-packages/airflow/example_dags/example_branch_operator.py
[2025-12-10 18:43:12,050] {logging_mixin.py:109} INFO - [2025-12-10 18:43:12,050] {dag.py:2396} INFO - Sync 1 DAGs
[2025-12-10 18:43:12,068] {logging_mixin.py:109} INFO - [2025-12-10 18:43:12,068] {dag.py:2935} INFO - Setting next_dagrun for example_branch_operator to 2025-12-09 00:00:00+00:00
[2025-12-10 18:43:12,078] {processor.py:171} INFO - Processing /home/airflow/.local/lib/python3.6/site-packages/airflow/example_dags/example_branch_operator.py took 0.090 seconds
[2025-12-10 18:43:42,651] {processor.py:163} INFO - Started process (PID=2449) to work on /home/airflow/.local/lib/python3.6/site-packages/airflow/example_dags/example_branch_operator.py
[2025-12-10 18:43:42,661] {processor.py:642} INFO - Processing file /home/airflow/.local/lib/python3.6/site-packages/airflow/example_dags/example_branch_operator.py for tasks to queue
[2025-12-10 18:43:42,662] {logging_mixin.py:109} INFO - [2025-12-10 18:43:42,661] {dagbag.py:500} INFO - Filling up the DagBag from /home/airflow/.local/lib/python3.6/site-packages/airflow/example_dags/example_branch_operator.py
[2025-12-10 18:43:42,692] {processor.py:654} INFO - DAG(s) dict_keys(['example_branch_operator']) retrieved from /home/airflow/.local/lib/python3.6/site-packages/airflow/example_dags/example_branch_operator.py
[2025-12-10 18:43:42,701] {logging_mixin.py:109} INFO - [2025-12-10 18:43:42,701] {dag.py:2396} INFO - Sync 1 DAGs
[2025-12-10 18:43:42,718] {logging_mixin.py:109} INFO - [2025-12-10 18:43:42,718] {dag.py:2935} INFO - Setting next_dagrun for example_branch_operator to 2025-12-09 00:00:00+00:00
[2025-12-10 18:43:42,726] {processor.py:171} INFO - Processing /home/airflow/.local/lib/python3.6/site-packages/airflow/example_dags/example_branch_operator.py took 0.079 seconds
[2025-12-10 18:44:12,769] {processor.py:163} INFO - Started process (PID=2502) to work on /home/airflow/.local/lib/python3.6/site-packages/airflow/example_dags/example_branch_operator.py
[2025-12-10 18:44:12,770] {processor.py:642} INFO - Processing file /home/airflow/.local/lib/python3.6/site-packages/airflow/example_dags/example_branch_operator.py for tasks to queue
[2025-12-10 18:44:12,770] {logging_mixin.py:109} INFO - [2025-12-10 18:44:12,770] {dagbag.py:500} INFO - Filling up the DagBag from /home/airflow/.local/lib/python3.6/site-packages/airflow/example_dags/example_branch_operator.py
[2025-12-10 18:44:12,801] {processor.py:654} INFO - DAG(s) dict_keys(['example_branch_operator']) retrieved from /home/airflow/.local/lib/python3.6/site-packages/airflow/example_dags/example_branch_operator.py
[2025-12-10 18:44:12,810] {logging_mixin.py:109} INFO - [2025-12-10 18:44:12,810] {dag.py:2396} INFO - Sync 1 DAGs
[2025-12-10 18:44:12,827] {logging_mixin.py:109} INFO - [2025-12-10 18:44:12,826] {dag.py:2935} INFO - Setting next_dagrun for example_branch_operator to 2025-12-09 00:00:00+00:00
[2025-12-10 18:44:12,834] {processor.py:171} INFO - Processing /home/airflow/.local/lib/python3.6/site-packages/airflow/example_dags/example_branch_operator.py took 0.068 seconds
[2025-12-10 18:46:29,037] {processor.py:163} INFO - Started process (PID=49) to work on /home/airflow/.local/lib/python3.6/site-packages/airflow/example_dags/example_branch_operator.py
[2025-12-10 18:46:29,038] {processor.py:642} INFO - Processing file /home/airflow/.local/lib/python3.6/site-packages/airflow/example_dags/example_branch_operator.py for tasks to queue
[2025-12-10 18:46:29,040] {logging_mixin.py:109} INFO - [2025-12-10 18:46:29,040] {dagbag.py:500} INFO - Filling up the DagBag from /home/airflow/.local/lib/python3.6/site-packages/airflow/example_dags/example_branch_operator.py
[2025-12-10 18:46:29,080] {processor.py:654} INFO - DAG(s) dict_keys(['example_branch_operator']) retrieved from /home/airflow/.local/lib/python3.6/site-packages/airflow/example_dags/example_branch_operator.py
[2025-12-10 18:46:29,098] {logging_mixin.py:109} INFO - [2025-12-10 18:46:29,097] {dag.py:2396} INFO - Sync 1 DAGs
[2025-12-10 18:46:29,131] {logging_mixin.py:109} INFO - [2025-12-10 18:46:29,131] {dag.py:2935} INFO - Setting next_dagrun for example_branch_operator to 2025-12-09 00:00:00+00:00
[2025-12-10 18:46:29,142] {processor.py:171} INFO - Processing /home/airflow/.local/lib/python3.6/site-packages/airflow/example_dags/example_branch_operator.py took 0.110 seconds
[2025-12-10 18:47:00,086] {processor.py:163} INFO - Started process (PID=101) to work on /home/airflow/.local/lib/python3.6/site-packages/airflow/example_dags/example_branch_operator.py
[2025-12-10 18:47:00,089] {processor.py:642} INFO - Processing file /home/airflow/.local/lib/python3.6/site-packages/airflow/example_dags/example_branch_operator.py for tasks to queue
[2025-12-10 18:47:00,090] {logging_mixin.py:109} INFO - [2025-12-10 18:47:00,090] {dagbag.py:500} INFO - Filling up the DagBag from /home/airflow/.local/lib/python3.6/site-packages/airflow/example_dags/example_branch_operator.py
[2025-12-10 18:47:00,154] {processor.py:654} INFO - DAG(s) dict_keys(['example_branch_operator']) retrieved from /home/airflow/.local/lib/python3.6/site-packages/airflow/example_dags/example_branch_operator.py
[2025-12-10 18:47:00,173] {logging_mixin.py:109} INFO - [2025-12-10 18:47:00,173] {dag.py:2396} INFO - Sync 1 DAGs
[2025-12-10 18:47:00,220] {logging_mixin.py:109} INFO - [2025-12-10 18:47:00,219] {dag.py:2935} INFO - Setting next_dagrun for example_branch_operator to 2025-12-09 00:00:00+00:00
[2025-12-10 18:47:00,249] {processor.py:171} INFO - Processing /home/airflow/.local/lib/python3.6/site-packages/airflow/example_dags/example_branch_operator.py took 0.176 seconds
[2025-12-10 18:47:30,650] {processor.py:163} INFO - Started process (PID=154) to work on /home/airflow/.local/lib/python3.6/site-packages/airflow/example_dags/example_branch_operator.py
[2025-12-10 18:47:30,652] {processor.py:642} INFO - Processing file /home/airflow/.local/lib/python3.6/site-packages/airflow/example_dags/example_branch_operator.py for tasks to queue
[2025-12-10 18:47:30,653] {logging_mixin.py:109} INFO - [2025-12-10 18:47:30,653] {dagbag.py:500} INFO - Filling up the DagBag from /home/airflow/.local/lib/python3.6/site-packages/airflow/example_dags/example_branch_operator.py
[2025-12-10 18:47:30,708] {processor.py:654} INFO - DAG(s) dict_keys(['example_branch_operator']) retrieved from /home/airflow/.local/lib/python3.6/site-packages/airflow/example_dags/example_branch_operator.py
[2025-12-10 18:47:30,721] {logging_mixin.py:109} INFO - [2025-12-10 18:47:30,720] {dag.py:2396} INFO - Sync 1 DAGs
[2025-12-10 18:47:30,747] {logging_mixin.py:109} INFO - [2025-12-10 18:47:30,747] {dag.py:2935} INFO - Setting next_dagrun for example_branch_operator to 2025-12-09 00:00:00+00:00
[2025-12-10 18:47:30,759] {processor.py:171} INFO - Processing /home/airflow/.local/lib/python3.6/site-packages/airflow/example_dags/example_branch_operator.py took 0.115 seconds
[2025-12-10 18:48:01,311] {processor.py:163} INFO - Started process (PID=216) to work on /home/airflow/.local/lib/python3.6/site-packages/airflow/example_dags/example_branch_operator.py
[2025-12-10 18:48:01,312] {processor.py:642} INFO - Processing file /home/airflow/.local/lib/python3.6/site-packages/airflow/example_dags/example_branch_operator.py for tasks to queue
[2025-12-10 18:48:01,313] {logging_mixin.py:109} INFO - [2025-12-10 18:48:01,313] {dagbag.py:500} INFO - Filling up the DagBag from /home/airflow/.local/lib/python3.6/site-packages/airflow/example_dags/example_branch_operator.py
[2025-12-10 18:48:01,341] {processor.py:654} INFO - DAG(s) dict_keys(['example_branch_operator']) retrieved from /home/airflow/.local/lib/python3.6/site-packages/airflow/example_dags/example_branch_operator.py
[2025-12-10 18:48:01,351] {logging_mixin.py:109} INFO - [2025-12-10 18:48:01,351] {dag.py:2396} INFO - Sync 1 DAGs
[2025-12-10 18:48:01,367] {logging_mixin.py:109} INFO - [2025-12-10 18:48:01,367] {dag.py:2935} INFO - Setting next_dagrun for example_branch_operator to 2025-12-09 00:00:00+00:00
[2025-12-10 18:48:01,376] {processor.py:171} INFO - Processing /home/airflow/.local/lib/python3.6/site-packages/airflow/example_dags/example_branch_operator.py took 0.068 seconds
[2025-12-10 18:48:32,201] {processor.py:163} INFO - Started process (PID=268) to work on /home/airflow/.local/lib/python3.6/site-packages/airflow/example_dags/example_branch_operator.py
[2025-12-10 18:48:32,202] {processor.py:642} INFO - Processing file /home/airflow/.local/lib/python3.6/site-packages/airflow/example_dags/example_branch_operator.py for tasks to queue
[2025-12-10 18:48:32,203] {logging_mixin.py:109} INFO - [2025-12-10 18:48:32,203] {dagbag.py:500} INFO - Filling up the DagBag from /home/airflow/.local/lib/python3.6/site-packages/airflow/example_dags/example_branch_operator.py
[2025-12-10 18:48:32,235] {processor.py:654} INFO - DAG(s) dict_keys(['example_branch_operator']) retrieved from /home/airflow/.local/lib/python3.6/site-packages/airflow/example_dags/example_branch_operator.py
[2025-12-10 18:48:32,246] {logging_mixin.py:109} INFO - [2025-12-10 18:48:32,246] {dag.py:2396} INFO - Sync 1 DAGs
[2025-12-10 18:48:32,263] {logging_mixin.py:109} INFO - [2025-12-10 18:48:32,263] {dag.py:2935} INFO - Setting next_dagrun for example_branch_operator to 2025-12-09 00:00:00+00:00
[2025-12-10 18:48:32,274] {processor.py:171} INFO - Processing /home/airflow/.local/lib/python3.6/site-packages/airflow/example_dags/example_branch_operator.py took 0.076 seconds
[2025-12-10 18:49:02,422] {processor.py:163} INFO - Started process (PID=331) to work on /home/airflow/.local/lib/python3.6/site-packages/airflow/example_dags/example_branch_operator.py
[2025-12-10 18:49:02,423] {processor.py:642} INFO - Processing file /home/airflow/.local/lib/python3.6/site-packages/airflow/example_dags/example_branch_operator.py for tasks to queue
[2025-12-10 18:49:02,424] {logging_mixin.py:109} INFO - [2025-12-10 18:49:02,424] {dagbag.py:500} INFO - Filling up the DagBag from /home/airflow/.local/lib/python3.6/site-packages/airflow/example_dags/example_branch_operator.py
[2025-12-10 18:49:02,457] {processor.py:654} INFO - DAG(s) dict_keys(['example_branch_operator']) retrieved from /home/airflow/.local/lib/python3.6/site-packages/airflow/example_dags/example_branch_operator.py
[2025-12-10 18:49:02,470] {logging_mixin.py:109} INFO - [2025-12-10 18:49:02,469] {dag.py:2396} INFO - Sync 1 DAGs
[2025-12-10 18:49:02,488] {logging_mixin.py:109} INFO - [2025-12-10 18:49:02,488] {dag.py:2935} INFO - Setting next_dagrun for example_branch_operator to 2025-12-09 00:00:00+00:00
[2025-12-10 18:49:02,496] {processor.py:171} INFO - Processing /home/airflow/.local/lib/python3.6/site-packages/airflow/example_dags/example_branch_operator.py took 0.078 seconds
[2025-12-10 18:49:32,788] {processor.py:163} INFO - Started process (PID=383) to work on /home/airflow/.local/lib/python3.6/site-packages/airflow/example_dags/example_branch_operator.py
[2025-12-10 18:49:32,789] {processor.py:642} INFO - Processing file /home/airflow/.local/lib/python3.6/site-packages/airflow/example_dags/example_branch_operator.py for tasks to queue
[2025-12-10 18:49:32,789] {logging_mixin.py:109} INFO - [2025-12-10 18:49:32,789] {dagbag.py:500} INFO - Filling up the DagBag from /home/airflow/.local/lib/python3.6/site-packages/airflow/example_dags/example_branch_operator.py
[2025-12-10 18:49:32,815] {processor.py:654} INFO - DAG(s) dict_keys(['example_branch_operator']) retrieved from /home/airflow/.local/lib/python3.6/site-packages/airflow/example_dags/example_branch_operator.py
[2025-12-10 18:49:32,824] {logging_mixin.py:109} INFO - [2025-12-10 18:49:32,824] {dag.py:2396} INFO - Sync 1 DAGs
[2025-12-10 18:49:32,837] {logging_mixin.py:109} INFO - [2025-12-10 18:49:32,837] {dag.py:2935} INFO - Setting next_dagrun for example_branch_operator to 2025-12-09 00:00:00+00:00
[2025-12-10 18:49:32,843] {processor.py:171} INFO - Processing /home/airflow/.local/lib/python3.6/site-packages/airflow/example_dags/example_branch_operator.py took 0.059 seconds
[2025-12-10 18:50:02,991] {processor.py:163} INFO - Started process (PID=445) to work on /home/airflow/.local/lib/python3.6/site-packages/airflow/example_dags/example_branch_operator.py
[2025-12-10 18:50:02,992] {processor.py:642} INFO - Processing file /home/airflow/.local/lib/python3.6/site-packages/airflow/example_dags/example_branch_operator.py for tasks to queue
[2025-12-10 18:50:02,993] {logging_mixin.py:109} INFO - [2025-12-10 18:50:02,993] {dagbag.py:500} INFO - Filling up the DagBag from /home/airflow/.local/lib/python3.6/site-packages/airflow/example_dags/example_branch_operator.py
[2025-12-10 18:50:03,023] {processor.py:654} INFO - DAG(s) dict_keys(['example_branch_operator']) retrieved from /home/airflow/.local/lib/python3.6/site-packages/airflow/example_dags/example_branch_operator.py
[2025-12-10 18:50:03,032] {logging_mixin.py:109} INFO - [2025-12-10 18:50:03,032] {dag.py:2396} INFO - Sync 1 DAGs
[2025-12-10 18:50:03,048] {logging_mixin.py:109} INFO - [2025-12-10 18:50:03,048] {dag.py:2935} INFO - Setting next_dagrun for example_branch_operator to 2025-12-09 00:00:00+00:00
[2025-12-10 18:50:03,056] {processor.py:171} INFO - Processing /home/airflow/.local/lib/python3.6/site-packages/airflow/example_dags/example_branch_operator.py took 0.068 seconds
[2025-12-10 18:51:20,224] {processor.py:163} INFO - Started process (PID=131) to work on /home/airflow/.local/lib/python3.6/site-packages/airflow/example_dags/example_branch_operator.py
[2025-12-10 18:51:20,226] {processor.py:642} INFO - Processing file /home/airflow/.local/lib/python3.6/site-packages/airflow/example_dags/example_branch_operator.py for tasks to queue
[2025-12-10 18:51:20,227] {logging_mixin.py:109} INFO - [2025-12-10 18:51:20,227] {dagbag.py:500} INFO - Filling up the DagBag from /home/airflow/.local/lib/python3.6/site-packages/airflow/example_dags/example_branch_operator.py
[2025-12-10 18:51:20,288] {processor.py:654} INFO - DAG(s) dict_keys(['example_branch_operator']) retrieved from /home/airflow/.local/lib/python3.6/site-packages/airflow/example_dags/example_branch_operator.py
[2025-12-10 18:51:22,966] {logging_mixin.py:109} INFO - [2025-12-10 18:51:22,965] {manager.py:496} INFO - Created Permission View: can read on DAG:example_branch_operator
[2025-12-10 18:51:22,972] {logging_mixin.py:109} INFO - [2025-12-10 18:51:22,972] {manager.py:496} INFO - Created Permission View: can edit on DAG:example_branch_operator
[2025-12-10 18:51:22,973] {logging_mixin.py:109} INFO - [2025-12-10 18:51:22,973] {dag.py:2396} INFO - Sync 1 DAGs
[2025-12-10 18:51:22,981] {logging_mixin.py:109} INFO - [2025-12-10 18:51:22,980] {dag.py:2415} INFO - Creating ORM DAG for example_branch_operator
[2025-12-10 18:51:22,989] {logging_mixin.py:109} INFO - [2025-12-10 18:51:22,989] {dag.py:2935} INFO - Setting next_dagrun for example_branch_operator to 2025-12-09 00:00:00+00:00
[2025-12-10 18:51:22,999] {processor.py:171} INFO - Processing /home/airflow/.local/lib/python3.6/site-packages/airflow/example_dags/example_branch_operator.py took 2.781 seconds
[2025-12-10 18:51:53,728] {processor.py:163} INFO - Started process (PID=471) to work on /home/airflow/.local/lib/python3.6/site-packages/airflow/example_dags/example_branch_operator.py
[2025-12-10 18:51:53,738] {processor.py:642} INFO - Processing file /home/airflow/.local/lib/python3.6/site-packages/airflow/example_dags/example_branch_operator.py for tasks to queue
[2025-12-10 18:51:53,739] {logging_mixin.py:109} INFO - [2025-12-10 18:51:53,739] {dagbag.py:500} INFO - Filling up the DagBag from /home/airflow/.local/lib/python3.6/site-packages/airflow/example_dags/example_branch_operator.py
[2025-12-10 18:51:53,767] {processor.py:654} INFO - DAG(s) dict_keys(['example_branch_operator']) retrieved from /home/airflow/.local/lib/python3.6/site-packages/airflow/example_dags/example_branch_operator.py
[2025-12-10 18:51:53,776] {logging_mixin.py:109} INFO - [2025-12-10 18:51:53,776] {dag.py:2396} INFO - Sync 1 DAGs
[2025-12-10 18:51:53,790] {logging_mixin.py:109} INFO - [2025-12-10 18:51:53,790] {dag.py:2935} INFO - Setting next_dagrun for example_branch_operator to 2025-12-09 00:00:00+00:00
[2025-12-10 18:51:53,797] {processor.py:171} INFO - Processing /home/airflow/.local/lib/python3.6/site-packages/airflow/example_dags/example_branch_operator.py took 0.072 seconds
