[2025-12-10 18:26:17,242] {processor.py:163} INFO - Started process (PID=401) to work on /home/airflow/.local/lib/python3.6/site-packages/airflow/example_dags/example_nested_branch_dag.py
[2025-12-10 18:26:17,243] {processor.py:642} INFO - Processing file /home/airflow/.local/lib/python3.6/site-packages/airflow/example_dags/example_nested_branch_dag.py for tasks to queue
[2025-12-10 18:26:17,244] {logging_mixin.py:109} INFO - [2025-12-10 18:26:17,244] {dagbag.py:500} INFO - Filling up the DagBag from /home/airflow/.local/lib/python3.6/site-packages/airflow/example_dags/example_nested_branch_dag.py
[2025-12-10 18:26:17,278] {processor.py:654} INFO - DAG(s) dict_keys(['example_nested_branch_dag']) retrieved from /home/airflow/.local/lib/python3.6/site-packages/airflow/example_dags/example_nested_branch_dag.py
[2025-12-10 18:26:19,646] {logging_mixin.py:109} INFO - [2025-12-10 18:26:19,646] {manager.py:496} INFO - Created Permission View: can edit on DAG:example_nested_branch_dag
[2025-12-10 18:26:19,655] {logging_mixin.py:109} INFO - [2025-12-10 18:26:19,655] {manager.py:496} INFO - Created Permission View: can read on DAG:example_nested_branch_dag
[2025-12-10 18:26:19,657] {logging_mixin.py:109} INFO - [2025-12-10 18:26:19,655] {dag.py:2396} INFO - Sync 1 DAGs
[2025-12-10 18:26:19,668] {logging_mixin.py:109} INFO - [2025-12-10 18:26:19,667] {dag.py:2415} INFO - Creating ORM DAG for example_nested_branch_dag
[2025-12-10 18:26:19,682] {logging_mixin.py:109} INFO - [2025-12-10 18:26:19,682] {dag.py:2935} INFO - Setting next_dagrun for example_nested_branch_dag to 2025-12-09 00:00:00+00:00
[2025-12-10 18:26:19,699] {processor.py:171} INFO - Processing /home/airflow/.local/lib/python3.6/site-packages/airflow/example_dags/example_nested_branch_dag.py took 2.460 seconds
[2025-12-10 18:26:49,777] {processor.py:163} INFO - Started process (PID=511) to work on /home/airflow/.local/lib/python3.6/site-packages/airflow/example_dags/example_nested_branch_dag.py
[2025-12-10 18:26:49,779] {processor.py:642} INFO - Processing file /home/airflow/.local/lib/python3.6/site-packages/airflow/example_dags/example_nested_branch_dag.py for tasks to queue
[2025-12-10 18:26:49,779] {logging_mixin.py:109} INFO - [2025-12-10 18:26:49,779] {dagbag.py:500} INFO - Filling up the DagBag from /home/airflow/.local/lib/python3.6/site-packages/airflow/example_dags/example_nested_branch_dag.py
[2025-12-10 18:26:49,812] {processor.py:654} INFO - DAG(s) dict_keys(['example_nested_branch_dag']) retrieved from /home/airflow/.local/lib/python3.6/site-packages/airflow/example_dags/example_nested_branch_dag.py
[2025-12-10 18:26:49,821] {logging_mixin.py:109} INFO - [2025-12-10 18:26:49,821] {dag.py:2396} INFO - Sync 1 DAGs
[2025-12-10 18:26:49,836] {logging_mixin.py:109} INFO - [2025-12-10 18:26:49,836] {dag.py:2935} INFO - Setting next_dagrun for example_nested_branch_dag to 2025-12-09 00:00:00+00:00
[2025-12-10 18:26:49,845] {processor.py:171} INFO - Processing /home/airflow/.local/lib/python3.6/site-packages/airflow/example_dags/example_nested_branch_dag.py took 0.071 seconds
[2025-12-10 18:27:20,180] {processor.py:163} INFO - Started process (PID=572) to work on /home/airflow/.local/lib/python3.6/site-packages/airflow/example_dags/example_nested_branch_dag.py
[2025-12-10 18:27:20,191] {processor.py:642} INFO - Processing file /home/airflow/.local/lib/python3.6/site-packages/airflow/example_dags/example_nested_branch_dag.py for tasks to queue
[2025-12-10 18:27:20,192] {logging_mixin.py:109} INFO - [2025-12-10 18:27:20,192] {dagbag.py:500} INFO - Filling up the DagBag from /home/airflow/.local/lib/python3.6/site-packages/airflow/example_dags/example_nested_branch_dag.py
[2025-12-10 18:27:20,221] {processor.py:654} INFO - DAG(s) dict_keys(['example_nested_branch_dag']) retrieved from /home/airflow/.local/lib/python3.6/site-packages/airflow/example_dags/example_nested_branch_dag.py
[2025-12-10 18:27:20,230] {logging_mixin.py:109} INFO - [2025-12-10 18:27:20,230] {dag.py:2396} INFO - Sync 1 DAGs
[2025-12-10 18:27:20,245] {logging_mixin.py:109} INFO - [2025-12-10 18:27:20,245] {dag.py:2935} INFO - Setting next_dagrun for example_nested_branch_dag to 2025-12-09 00:00:00+00:00
[2025-12-10 18:27:20,252] {processor.py:171} INFO - Processing /home/airflow/.local/lib/python3.6/site-packages/airflow/example_dags/example_nested_branch_dag.py took 0.075 seconds
[2025-12-10 18:27:50,796] {processor.py:163} INFO - Started process (PID=625) to work on /home/airflow/.local/lib/python3.6/site-packages/airflow/example_dags/example_nested_branch_dag.py
[2025-12-10 18:27:50,806] {processor.py:642} INFO - Processing file /home/airflow/.local/lib/python3.6/site-packages/airflow/example_dags/example_nested_branch_dag.py for tasks to queue
[2025-12-10 18:27:50,807] {logging_mixin.py:109} INFO - [2025-12-10 18:27:50,807] {dagbag.py:500} INFO - Filling up the DagBag from /home/airflow/.local/lib/python3.6/site-packages/airflow/example_dags/example_nested_branch_dag.py
[2025-12-10 18:27:50,839] {processor.py:654} INFO - DAG(s) dict_keys(['example_nested_branch_dag']) retrieved from /home/airflow/.local/lib/python3.6/site-packages/airflow/example_dags/example_nested_branch_dag.py
[2025-12-10 18:27:50,850] {logging_mixin.py:109} INFO - [2025-12-10 18:27:50,850] {dag.py:2396} INFO - Sync 1 DAGs
[2025-12-10 18:27:50,869] {logging_mixin.py:109} INFO - [2025-12-10 18:27:50,869] {dag.py:2935} INFO - Setting next_dagrun for example_nested_branch_dag to 2025-12-09 00:00:00+00:00
[2025-12-10 18:27:50,877] {processor.py:171} INFO - Processing /home/airflow/.local/lib/python3.6/site-packages/airflow/example_dags/example_nested_branch_dag.py took 0.084 seconds
[2025-12-10 18:28:20,911] {processor.py:163} INFO - Started process (PID=687) to work on /home/airflow/.local/lib/python3.6/site-packages/airflow/example_dags/example_nested_branch_dag.py
[2025-12-10 18:28:20,922] {processor.py:642} INFO - Processing file /home/airflow/.local/lib/python3.6/site-packages/airflow/example_dags/example_nested_branch_dag.py for tasks to queue
[2025-12-10 18:28:20,923] {logging_mixin.py:109} INFO - [2025-12-10 18:28:20,922] {dagbag.py:500} INFO - Filling up the DagBag from /home/airflow/.local/lib/python3.6/site-packages/airflow/example_dags/example_nested_branch_dag.py
[2025-12-10 18:28:20,951] {processor.py:654} INFO - DAG(s) dict_keys(['example_nested_branch_dag']) retrieved from /home/airflow/.local/lib/python3.6/site-packages/airflow/example_dags/example_nested_branch_dag.py
[2025-12-10 18:28:20,959] {logging_mixin.py:109} INFO - [2025-12-10 18:28:20,959] {dag.py:2396} INFO - Sync 1 DAGs
[2025-12-10 18:28:20,974] {logging_mixin.py:109} INFO - [2025-12-10 18:28:20,974] {dag.py:2935} INFO - Setting next_dagrun for example_nested_branch_dag to 2025-12-09 00:00:00+00:00
[2025-12-10 18:28:20,982] {processor.py:171} INFO - Processing /home/airflow/.local/lib/python3.6/site-packages/airflow/example_dags/example_nested_branch_dag.py took 0.074 seconds
[2025-12-10 18:28:51,070] {processor.py:163} INFO - Started process (PID=739) to work on /home/airflow/.local/lib/python3.6/site-packages/airflow/example_dags/example_nested_branch_dag.py
[2025-12-10 18:28:51,071] {processor.py:642} INFO - Processing file /home/airflow/.local/lib/python3.6/site-packages/airflow/example_dags/example_nested_branch_dag.py for tasks to queue
[2025-12-10 18:28:51,071] {logging_mixin.py:109} INFO - [2025-12-10 18:28:51,071] {dagbag.py:500} INFO - Filling up the DagBag from /home/airflow/.local/lib/python3.6/site-packages/airflow/example_dags/example_nested_branch_dag.py
[2025-12-10 18:28:51,097] {processor.py:654} INFO - DAG(s) dict_keys(['example_nested_branch_dag']) retrieved from /home/airflow/.local/lib/python3.6/site-packages/airflow/example_dags/example_nested_branch_dag.py
[2025-12-10 18:28:51,106] {logging_mixin.py:109} INFO - [2025-12-10 18:28:51,106] {dag.py:2396} INFO - Sync 1 DAGs
[2025-12-10 18:28:51,120] {logging_mixin.py:109} INFO - [2025-12-10 18:28:51,120] {dag.py:2935} INFO - Setting next_dagrun for example_nested_branch_dag to 2025-12-09 00:00:00+00:00
[2025-12-10 18:28:51,127] {processor.py:171} INFO - Processing /home/airflow/.local/lib/python3.6/site-packages/airflow/example_dags/example_nested_branch_dag.py took 0.061 seconds
[2025-12-10 18:29:21,479] {processor.py:163} INFO - Started process (PID=801) to work on /home/airflow/.local/lib/python3.6/site-packages/airflow/example_dags/example_nested_branch_dag.py
[2025-12-10 18:29:21,486] {processor.py:642} INFO - Processing file /home/airflow/.local/lib/python3.6/site-packages/airflow/example_dags/example_nested_branch_dag.py for tasks to queue
[2025-12-10 18:29:21,487] {logging_mixin.py:109} INFO - [2025-12-10 18:29:21,487] {dagbag.py:500} INFO - Filling up the DagBag from /home/airflow/.local/lib/python3.6/site-packages/airflow/example_dags/example_nested_branch_dag.py
[2025-12-10 18:29:21,516] {processor.py:654} INFO - DAG(s) dict_keys(['example_nested_branch_dag']) retrieved from /home/airflow/.local/lib/python3.6/site-packages/airflow/example_dags/example_nested_branch_dag.py
[2025-12-10 18:29:21,526] {logging_mixin.py:109} INFO - [2025-12-10 18:29:21,526] {dag.py:2396} INFO - Sync 1 DAGs
[2025-12-10 18:29:21,542] {logging_mixin.py:109} INFO - [2025-12-10 18:29:21,541] {dag.py:2935} INFO - Setting next_dagrun for example_nested_branch_dag to 2025-12-09 00:00:00+00:00
[2025-12-10 18:29:21,551] {processor.py:171} INFO - Processing /home/airflow/.local/lib/python3.6/site-packages/airflow/example_dags/example_nested_branch_dag.py took 0.076 seconds
[2025-12-10 18:29:52,010] {processor.py:163} INFO - Started process (PID=863) to work on /home/airflow/.local/lib/python3.6/site-packages/airflow/example_dags/example_nested_branch_dag.py
[2025-12-10 18:29:52,017] {processor.py:642} INFO - Processing file /home/airflow/.local/lib/python3.6/site-packages/airflow/example_dags/example_nested_branch_dag.py for tasks to queue
[2025-12-10 18:29:52,018] {logging_mixin.py:109} INFO - [2025-12-10 18:29:52,018] {dagbag.py:500} INFO - Filling up the DagBag from /home/airflow/.local/lib/python3.6/site-packages/airflow/example_dags/example_nested_branch_dag.py
[2025-12-10 18:29:52,047] {processor.py:654} INFO - DAG(s) dict_keys(['example_nested_branch_dag']) retrieved from /home/airflow/.local/lib/python3.6/site-packages/airflow/example_dags/example_nested_branch_dag.py
[2025-12-10 18:29:52,056] {logging_mixin.py:109} INFO - [2025-12-10 18:29:52,056] {dag.py:2396} INFO - Sync 1 DAGs
[2025-12-10 18:29:52,071] {logging_mixin.py:109} INFO - [2025-12-10 18:29:52,071] {dag.py:2935} INFO - Setting next_dagrun for example_nested_branch_dag to 2025-12-09 00:00:00+00:00
[2025-12-10 18:29:52,079] {processor.py:171} INFO - Processing /home/airflow/.local/lib/python3.6/site-packages/airflow/example_dags/example_nested_branch_dag.py took 0.071 seconds
[2025-12-10 18:30:22,419] {processor.py:163} INFO - Started process (PID=915) to work on /home/airflow/.local/lib/python3.6/site-packages/airflow/example_dags/example_nested_branch_dag.py
[2025-12-10 18:30:22,427] {processor.py:642} INFO - Processing file /home/airflow/.local/lib/python3.6/site-packages/airflow/example_dags/example_nested_branch_dag.py for tasks to queue
[2025-12-10 18:30:22,427] {logging_mixin.py:109} INFO - [2025-12-10 18:30:22,427] {dagbag.py:500} INFO - Filling up the DagBag from /home/airflow/.local/lib/python3.6/site-packages/airflow/example_dags/example_nested_branch_dag.py
[2025-12-10 18:30:22,455] {processor.py:654} INFO - DAG(s) dict_keys(['example_nested_branch_dag']) retrieved from /home/airflow/.local/lib/python3.6/site-packages/airflow/example_dags/example_nested_branch_dag.py
[2025-12-10 18:30:22,464] {logging_mixin.py:109} INFO - [2025-12-10 18:30:22,463] {dag.py:2396} INFO - Sync 1 DAGs
[2025-12-10 18:30:22,478] {logging_mixin.py:109} INFO - [2025-12-10 18:30:22,478] {dag.py:2935} INFO - Setting next_dagrun for example_nested_branch_dag to 2025-12-09 00:00:00+00:00
[2025-12-10 18:30:22,485] {processor.py:171} INFO - Processing /home/airflow/.local/lib/python3.6/site-packages/airflow/example_dags/example_nested_branch_dag.py took 0.069 seconds
[2025-12-10 18:30:52,865] {processor.py:163} INFO - Started process (PID=977) to work on /home/airflow/.local/lib/python3.6/site-packages/airflow/example_dags/example_nested_branch_dag.py
[2025-12-10 18:30:52,866] {processor.py:642} INFO - Processing file /home/airflow/.local/lib/python3.6/site-packages/airflow/example_dags/example_nested_branch_dag.py for tasks to queue
[2025-12-10 18:30:52,867] {logging_mixin.py:109} INFO - [2025-12-10 18:30:52,866] {dagbag.py:500} INFO - Filling up the DagBag from /home/airflow/.local/lib/python3.6/site-packages/airflow/example_dags/example_nested_branch_dag.py
[2025-12-10 18:30:52,895] {processor.py:654} INFO - DAG(s) dict_keys(['example_nested_branch_dag']) retrieved from /home/airflow/.local/lib/python3.6/site-packages/airflow/example_dags/example_nested_branch_dag.py
[2025-12-10 18:30:52,903] {logging_mixin.py:109} INFO - [2025-12-10 18:30:52,903] {dag.py:2396} INFO - Sync 1 DAGs
[2025-12-10 18:30:52,917] {logging_mixin.py:109} INFO - [2025-12-10 18:30:52,917] {dag.py:2935} INFO - Setting next_dagrun for example_nested_branch_dag to 2025-12-09 00:00:00+00:00
[2025-12-10 18:30:52,924] {processor.py:171} INFO - Processing /home/airflow/.local/lib/python3.6/site-packages/airflow/example_dags/example_nested_branch_dag.py took 0.062 seconds
[2025-12-10 18:31:23,147] {processor.py:163} INFO - Started process (PID=1029) to work on /home/airflow/.local/lib/python3.6/site-packages/airflow/example_dags/example_nested_branch_dag.py
[2025-12-10 18:31:23,154] {processor.py:642} INFO - Processing file /home/airflow/.local/lib/python3.6/site-packages/airflow/example_dags/example_nested_branch_dag.py for tasks to queue
[2025-12-10 18:31:23,155] {logging_mixin.py:109} INFO - [2025-12-10 18:31:23,155] {dagbag.py:500} INFO - Filling up the DagBag from /home/airflow/.local/lib/python3.6/site-packages/airflow/example_dags/example_nested_branch_dag.py
[2025-12-10 18:31:23,183] {processor.py:654} INFO - DAG(s) dict_keys(['example_nested_branch_dag']) retrieved from /home/airflow/.local/lib/python3.6/site-packages/airflow/example_dags/example_nested_branch_dag.py
[2025-12-10 18:31:23,192] {logging_mixin.py:109} INFO - [2025-12-10 18:31:23,192] {dag.py:2396} INFO - Sync 1 DAGs
[2025-12-10 18:31:23,206] {logging_mixin.py:109} INFO - [2025-12-10 18:31:23,206] {dag.py:2935} INFO - Setting next_dagrun for example_nested_branch_dag to 2025-12-09 00:00:00+00:00
[2025-12-10 18:31:23,213] {processor.py:171} INFO - Processing /home/airflow/.local/lib/python3.6/site-packages/airflow/example_dags/example_nested_branch_dag.py took 0.069 seconds
[2025-12-10 18:31:53,701] {processor.py:163} INFO - Started process (PID=1091) to work on /home/airflow/.local/lib/python3.6/site-packages/airflow/example_dags/example_nested_branch_dag.py
[2025-12-10 18:31:53,708] {processor.py:642} INFO - Processing file /home/airflow/.local/lib/python3.6/site-packages/airflow/example_dags/example_nested_branch_dag.py for tasks to queue
[2025-12-10 18:31:53,709] {logging_mixin.py:109} INFO - [2025-12-10 18:31:53,709] {dagbag.py:500} INFO - Filling up the DagBag from /home/airflow/.local/lib/python3.6/site-packages/airflow/example_dags/example_nested_branch_dag.py
[2025-12-10 18:31:53,739] {processor.py:654} INFO - DAG(s) dict_keys(['example_nested_branch_dag']) retrieved from /home/airflow/.local/lib/python3.6/site-packages/airflow/example_dags/example_nested_branch_dag.py
[2025-12-10 18:31:53,748] {logging_mixin.py:109} INFO - [2025-12-10 18:31:53,748] {dag.py:2396} INFO - Sync 1 DAGs
[2025-12-10 18:31:53,763] {logging_mixin.py:109} INFO - [2025-12-10 18:31:53,763] {dag.py:2935} INFO - Setting next_dagrun for example_nested_branch_dag to 2025-12-09 00:00:00+00:00
[2025-12-10 18:31:53,770] {processor.py:171} INFO - Processing /home/airflow/.local/lib/python3.6/site-packages/airflow/example_dags/example_nested_branch_dag.py took 0.072 seconds
[2025-12-10 18:32:24,085] {processor.py:163} INFO - Started process (PID=1153) to work on /home/airflow/.local/lib/python3.6/site-packages/airflow/example_dags/example_nested_branch_dag.py
[2025-12-10 18:32:24,091] {processor.py:642} INFO - Processing file /home/airflow/.local/lib/python3.6/site-packages/airflow/example_dags/example_nested_branch_dag.py for tasks to queue
[2025-12-10 18:32:24,092] {logging_mixin.py:109} INFO - [2025-12-10 18:32:24,092] {dagbag.py:500} INFO - Filling up the DagBag from /home/airflow/.local/lib/python3.6/site-packages/airflow/example_dags/example_nested_branch_dag.py
[2025-12-10 18:32:24,121] {processor.py:654} INFO - DAG(s) dict_keys(['example_nested_branch_dag']) retrieved from /home/airflow/.local/lib/python3.6/site-packages/airflow/example_dags/example_nested_branch_dag.py
[2025-12-10 18:32:24,131] {logging_mixin.py:109} INFO - [2025-12-10 18:32:24,131] {dag.py:2396} INFO - Sync 1 DAGs
[2025-12-10 18:32:24,146] {logging_mixin.py:109} INFO - [2025-12-10 18:32:24,146] {dag.py:2935} INFO - Setting next_dagrun for example_nested_branch_dag to 2025-12-09 00:00:00+00:00
[2025-12-10 18:32:24,153] {processor.py:171} INFO - Processing /home/airflow/.local/lib/python3.6/site-packages/airflow/example_dags/example_nested_branch_dag.py took 0.072 seconds
[2025-12-10 18:32:54,508] {processor.py:163} INFO - Started process (PID=1205) to work on /home/airflow/.local/lib/python3.6/site-packages/airflow/example_dags/example_nested_branch_dag.py
[2025-12-10 18:32:54,509] {processor.py:642} INFO - Processing file /home/airflow/.local/lib/python3.6/site-packages/airflow/example_dags/example_nested_branch_dag.py for tasks to queue
[2025-12-10 18:32:54,510] {logging_mixin.py:109} INFO - [2025-12-10 18:32:54,510] {dagbag.py:500} INFO - Filling up the DagBag from /home/airflow/.local/lib/python3.6/site-packages/airflow/example_dags/example_nested_branch_dag.py
[2025-12-10 18:32:54,538] {processor.py:654} INFO - DAG(s) dict_keys(['example_nested_branch_dag']) retrieved from /home/airflow/.local/lib/python3.6/site-packages/airflow/example_dags/example_nested_branch_dag.py
[2025-12-10 18:32:54,547] {logging_mixin.py:109} INFO - [2025-12-10 18:32:54,547] {dag.py:2396} INFO - Sync 1 DAGs
[2025-12-10 18:32:54,561] {logging_mixin.py:109} INFO - [2025-12-10 18:32:54,561] {dag.py:2935} INFO - Setting next_dagrun for example_nested_branch_dag to 2025-12-09 00:00:00+00:00
[2025-12-10 18:32:54,568] {processor.py:171} INFO - Processing /home/airflow/.local/lib/python3.6/site-packages/airflow/example_dags/example_nested_branch_dag.py took 0.062 seconds
[2025-12-10 18:33:24,887] {processor.py:163} INFO - Started process (PID=1267) to work on /home/airflow/.local/lib/python3.6/site-packages/airflow/example_dags/example_nested_branch_dag.py
[2025-12-10 18:33:24,888] {processor.py:642} INFO - Processing file /home/airflow/.local/lib/python3.6/site-packages/airflow/example_dags/example_nested_branch_dag.py for tasks to queue
[2025-12-10 18:33:24,889] {logging_mixin.py:109} INFO - [2025-12-10 18:33:24,889] {dagbag.py:500} INFO - Filling up the DagBag from /home/airflow/.local/lib/python3.6/site-packages/airflow/example_dags/example_nested_branch_dag.py
[2025-12-10 18:33:24,917] {processor.py:654} INFO - DAG(s) dict_keys(['example_nested_branch_dag']) retrieved from /home/airflow/.local/lib/python3.6/site-packages/airflow/example_dags/example_nested_branch_dag.py
[2025-12-10 18:33:24,927] {logging_mixin.py:109} INFO - [2025-12-10 18:33:24,927] {dag.py:2396} INFO - Sync 1 DAGs
[2025-12-10 18:33:24,943] {logging_mixin.py:109} INFO - [2025-12-10 18:33:24,943] {dag.py:2935} INFO - Setting next_dagrun for example_nested_branch_dag to 2025-12-09 00:00:00+00:00
[2025-12-10 18:33:24,950] {processor.py:171} INFO - Processing /home/airflow/.local/lib/python3.6/site-packages/airflow/example_dags/example_nested_branch_dag.py took 0.066 seconds
[2025-12-10 18:33:55,252] {processor.py:163} INFO - Started process (PID=1330) to work on /home/airflow/.local/lib/python3.6/site-packages/airflow/example_dags/example_nested_branch_dag.py
[2025-12-10 18:33:55,252] {processor.py:642} INFO - Processing file /home/airflow/.local/lib/python3.6/site-packages/airflow/example_dags/example_nested_branch_dag.py for tasks to queue
[2025-12-10 18:33:55,253] {logging_mixin.py:109} INFO - [2025-12-10 18:33:55,253] {dagbag.py:500} INFO - Filling up the DagBag from /home/airflow/.local/lib/python3.6/site-packages/airflow/example_dags/example_nested_branch_dag.py
[2025-12-10 18:33:55,282] {processor.py:654} INFO - DAG(s) dict_keys(['example_nested_branch_dag']) retrieved from /home/airflow/.local/lib/python3.6/site-packages/airflow/example_dags/example_nested_branch_dag.py
[2025-12-10 18:33:55,291] {logging_mixin.py:109} INFO - [2025-12-10 18:33:55,291] {dag.py:2396} INFO - Sync 1 DAGs
[2025-12-10 18:33:55,306] {logging_mixin.py:109} INFO - [2025-12-10 18:33:55,306] {dag.py:2935} INFO - Setting next_dagrun for example_nested_branch_dag to 2025-12-09 00:00:00+00:00
[2025-12-10 18:33:55,314] {processor.py:171} INFO - Processing /home/airflow/.local/lib/python3.6/site-packages/airflow/example_dags/example_nested_branch_dag.py took 0.065 seconds
[2025-12-10 18:34:25,738] {processor.py:163} INFO - Started process (PID=1382) to work on /home/airflow/.local/lib/python3.6/site-packages/airflow/example_dags/example_nested_branch_dag.py
[2025-12-10 18:34:25,745] {processor.py:642} INFO - Processing file /home/airflow/.local/lib/python3.6/site-packages/airflow/example_dags/example_nested_branch_dag.py for tasks to queue
[2025-12-10 18:34:25,745] {logging_mixin.py:109} INFO - [2025-12-10 18:34:25,745] {dagbag.py:500} INFO - Filling up the DagBag from /home/airflow/.local/lib/python3.6/site-packages/airflow/example_dags/example_nested_branch_dag.py
[2025-12-10 18:34:25,776] {processor.py:654} INFO - DAG(s) dict_keys(['example_nested_branch_dag']) retrieved from /home/airflow/.local/lib/python3.6/site-packages/airflow/example_dags/example_nested_branch_dag.py
[2025-12-10 18:34:25,785] {logging_mixin.py:109} INFO - [2025-12-10 18:34:25,785] {dag.py:2396} INFO - Sync 1 DAGs
[2025-12-10 18:34:25,803] {logging_mixin.py:109} INFO - [2025-12-10 18:34:25,803] {dag.py:2935} INFO - Setting next_dagrun for example_nested_branch_dag to 2025-12-09 00:00:00+00:00
[2025-12-10 18:34:25,810] {processor.py:171} INFO - Processing /home/airflow/.local/lib/python3.6/site-packages/airflow/example_dags/example_nested_branch_dag.py took 0.075 seconds
[2025-12-10 18:34:56,018] {processor.py:163} INFO - Started process (PID=1444) to work on /home/airflow/.local/lib/python3.6/site-packages/airflow/example_dags/example_nested_branch_dag.py
[2025-12-10 18:34:56,026] {processor.py:642} INFO - Processing file /home/airflow/.local/lib/python3.6/site-packages/airflow/example_dags/example_nested_branch_dag.py for tasks to queue
[2025-12-10 18:34:56,027] {logging_mixin.py:109} INFO - [2025-12-10 18:34:56,027] {dagbag.py:500} INFO - Filling up the DagBag from /home/airflow/.local/lib/python3.6/site-packages/airflow/example_dags/example_nested_branch_dag.py
[2025-12-10 18:34:56,055] {processor.py:654} INFO - DAG(s) dict_keys(['example_nested_branch_dag']) retrieved from /home/airflow/.local/lib/python3.6/site-packages/airflow/example_dags/example_nested_branch_dag.py
[2025-12-10 18:34:56,064] {logging_mixin.py:109} INFO - [2025-12-10 18:34:56,064] {dag.py:2396} INFO - Sync 1 DAGs
[2025-12-10 18:34:56,078] {logging_mixin.py:109} INFO - [2025-12-10 18:34:56,077] {dag.py:2935} INFO - Setting next_dagrun for example_nested_branch_dag to 2025-12-09 00:00:00+00:00
[2025-12-10 18:34:56,084] {processor.py:171} INFO - Processing /home/airflow/.local/lib/python3.6/site-packages/airflow/example_dags/example_nested_branch_dag.py took 0.069 seconds
[2025-12-10 18:35:26,228] {processor.py:163} INFO - Started process (PID=1495) to work on /home/airflow/.local/lib/python3.6/site-packages/airflow/example_dags/example_nested_branch_dag.py
[2025-12-10 18:35:26,239] {processor.py:642} INFO - Processing file /home/airflow/.local/lib/python3.6/site-packages/airflow/example_dags/example_nested_branch_dag.py for tasks to queue
[2025-12-10 18:35:26,239] {logging_mixin.py:109} INFO - [2025-12-10 18:35:26,239] {dagbag.py:500} INFO - Filling up the DagBag from /home/airflow/.local/lib/python3.6/site-packages/airflow/example_dags/example_nested_branch_dag.py
[2025-12-10 18:35:26,268] {processor.py:654} INFO - DAG(s) dict_keys(['example_nested_branch_dag']) retrieved from /home/airflow/.local/lib/python3.6/site-packages/airflow/example_dags/example_nested_branch_dag.py
[2025-12-10 18:35:26,277] {logging_mixin.py:109} INFO - [2025-12-10 18:35:26,277] {dag.py:2396} INFO - Sync 1 DAGs
[2025-12-10 18:35:26,293] {logging_mixin.py:109} INFO - [2025-12-10 18:35:26,293] {dag.py:2935} INFO - Setting next_dagrun for example_nested_branch_dag to 2025-12-09 00:00:00+00:00
[2025-12-10 18:35:26,301] {processor.py:171} INFO - Processing /home/airflow/.local/lib/python3.6/site-packages/airflow/example_dags/example_nested_branch_dag.py took 0.076 seconds
[2025-12-10 18:35:56,598] {processor.py:163} INFO - Started process (PID=1558) to work on /home/airflow/.local/lib/python3.6/site-packages/airflow/example_dags/example_nested_branch_dag.py
[2025-12-10 18:35:56,606] {processor.py:642} INFO - Processing file /home/airflow/.local/lib/python3.6/site-packages/airflow/example_dags/example_nested_branch_dag.py for tasks to queue
[2025-12-10 18:35:56,607] {logging_mixin.py:109} INFO - [2025-12-10 18:35:56,607] {dagbag.py:500} INFO - Filling up the DagBag from /home/airflow/.local/lib/python3.6/site-packages/airflow/example_dags/example_nested_branch_dag.py
[2025-12-10 18:35:56,636] {processor.py:654} INFO - DAG(s) dict_keys(['example_nested_branch_dag']) retrieved from /home/airflow/.local/lib/python3.6/site-packages/airflow/example_dags/example_nested_branch_dag.py
[2025-12-10 18:35:56,645] {logging_mixin.py:109} INFO - [2025-12-10 18:35:56,645] {dag.py:2396} INFO - Sync 1 DAGs
[2025-12-10 18:35:56,659] {logging_mixin.py:109} INFO - [2025-12-10 18:35:56,659] {dag.py:2935} INFO - Setting next_dagrun for example_nested_branch_dag to 2025-12-09 00:00:00+00:00
[2025-12-10 18:35:56,666] {processor.py:171} INFO - Processing /home/airflow/.local/lib/python3.6/site-packages/airflow/example_dags/example_nested_branch_dag.py took 0.071 seconds
[2025-12-10 18:36:27,293] {processor.py:163} INFO - Started process (PID=1620) to work on /home/airflow/.local/lib/python3.6/site-packages/airflow/example_dags/example_nested_branch_dag.py
[2025-12-10 18:36:27,295] {processor.py:642} INFO - Processing file /home/airflow/.local/lib/python3.6/site-packages/airflow/example_dags/example_nested_branch_dag.py for tasks to queue
[2025-12-10 18:36:27,295] {logging_mixin.py:109} INFO - [2025-12-10 18:36:27,295] {dagbag.py:500} INFO - Filling up the DagBag from /home/airflow/.local/lib/python3.6/site-packages/airflow/example_dags/example_nested_branch_dag.py
[2025-12-10 18:36:27,323] {processor.py:654} INFO - DAG(s) dict_keys(['example_nested_branch_dag']) retrieved from /home/airflow/.local/lib/python3.6/site-packages/airflow/example_dags/example_nested_branch_dag.py
[2025-12-10 18:36:27,332] {logging_mixin.py:109} INFO - [2025-12-10 18:36:27,332] {dag.py:2396} INFO - Sync 1 DAGs
[2025-12-10 18:36:27,347] {logging_mixin.py:109} INFO - [2025-12-10 18:36:27,347] {dag.py:2935} INFO - Setting next_dagrun for example_nested_branch_dag to 2025-12-09 00:00:00+00:00
[2025-12-10 18:36:27,355] {processor.py:171} INFO - Processing /home/airflow/.local/lib/python3.6/site-packages/airflow/example_dags/example_nested_branch_dag.py took 0.065 seconds
[2025-12-10 18:36:57,815] {processor.py:163} INFO - Started process (PID=1672) to work on /home/airflow/.local/lib/python3.6/site-packages/airflow/example_dags/example_nested_branch_dag.py
[2025-12-10 18:36:57,823] {processor.py:642} INFO - Processing file /home/airflow/.local/lib/python3.6/site-packages/airflow/example_dags/example_nested_branch_dag.py for tasks to queue
[2025-12-10 18:36:57,823] {logging_mixin.py:109} INFO - [2025-12-10 18:36:57,823] {dagbag.py:500} INFO - Filling up the DagBag from /home/airflow/.local/lib/python3.6/site-packages/airflow/example_dags/example_nested_branch_dag.py
[2025-12-10 18:36:57,851] {processor.py:654} INFO - DAG(s) dict_keys(['example_nested_branch_dag']) retrieved from /home/airflow/.local/lib/python3.6/site-packages/airflow/example_dags/example_nested_branch_dag.py
[2025-12-10 18:36:57,860] {logging_mixin.py:109} INFO - [2025-12-10 18:36:57,860] {dag.py:2396} INFO - Sync 1 DAGs
[2025-12-10 18:36:57,874] {logging_mixin.py:109} INFO - [2025-12-10 18:36:57,874] {dag.py:2935} INFO - Setting next_dagrun for example_nested_branch_dag to 2025-12-09 00:00:00+00:00
[2025-12-10 18:36:57,881] {processor.py:171} INFO - Processing /home/airflow/.local/lib/python3.6/site-packages/airflow/example_dags/example_nested_branch_dag.py took 0.069 seconds
[2025-12-10 18:37:28,272] {processor.py:163} INFO - Started process (PID=1734) to work on /home/airflow/.local/lib/python3.6/site-packages/airflow/example_dags/example_nested_branch_dag.py
[2025-12-10 18:37:28,274] {processor.py:642} INFO - Processing file /home/airflow/.local/lib/python3.6/site-packages/airflow/example_dags/example_nested_branch_dag.py for tasks to queue
[2025-12-10 18:37:28,274] {logging_mixin.py:109} INFO - [2025-12-10 18:37:28,274] {dagbag.py:500} INFO - Filling up the DagBag from /home/airflow/.local/lib/python3.6/site-packages/airflow/example_dags/example_nested_branch_dag.py
[2025-12-10 18:37:28,300] {processor.py:654} INFO - DAG(s) dict_keys(['example_nested_branch_dag']) retrieved from /home/airflow/.local/lib/python3.6/site-packages/airflow/example_dags/example_nested_branch_dag.py
[2025-12-10 18:37:28,309] {logging_mixin.py:109} INFO - [2025-12-10 18:37:28,309] {dag.py:2396} INFO - Sync 1 DAGs
[2025-12-10 18:37:28,323] {logging_mixin.py:109} INFO - [2025-12-10 18:37:28,323] {dag.py:2935} INFO - Setting next_dagrun for example_nested_branch_dag to 2025-12-09 00:00:00+00:00
[2025-12-10 18:37:28,330] {processor.py:171} INFO - Processing /home/airflow/.local/lib/python3.6/site-packages/airflow/example_dags/example_nested_branch_dag.py took 0.060 seconds
[2025-12-10 18:37:58,794] {processor.py:163} INFO - Started process (PID=1786) to work on /home/airflow/.local/lib/python3.6/site-packages/airflow/example_dags/example_nested_branch_dag.py
[2025-12-10 18:37:58,794] {processor.py:642} INFO - Processing file /home/airflow/.local/lib/python3.6/site-packages/airflow/example_dags/example_nested_branch_dag.py for tasks to queue
[2025-12-10 18:37:58,795] {logging_mixin.py:109} INFO - [2025-12-10 18:37:58,795] {dagbag.py:500} INFO - Filling up the DagBag from /home/airflow/.local/lib/python3.6/site-packages/airflow/example_dags/example_nested_branch_dag.py
[2025-12-10 18:37:58,821] {processor.py:654} INFO - DAG(s) dict_keys(['example_nested_branch_dag']) retrieved from /home/airflow/.local/lib/python3.6/site-packages/airflow/example_dags/example_nested_branch_dag.py
[2025-12-10 18:37:58,829] {logging_mixin.py:109} INFO - [2025-12-10 18:37:58,829] {dag.py:2396} INFO - Sync 1 DAGs
[2025-12-10 18:37:58,843] {logging_mixin.py:109} INFO - [2025-12-10 18:37:58,843] {dag.py:2935} INFO - Setting next_dagrun for example_nested_branch_dag to 2025-12-09 00:00:00+00:00
[2025-12-10 18:37:58,850] {processor.py:171} INFO - Processing /home/airflow/.local/lib/python3.6/site-packages/airflow/example_dags/example_nested_branch_dag.py took 0.059 seconds
[2025-12-10 18:38:29,111] {processor.py:163} INFO - Started process (PID=1848) to work on /home/airflow/.local/lib/python3.6/site-packages/airflow/example_dags/example_nested_branch_dag.py
[2025-12-10 18:38:29,119] {processor.py:642} INFO - Processing file /home/airflow/.local/lib/python3.6/site-packages/airflow/example_dags/example_nested_branch_dag.py for tasks to queue
[2025-12-10 18:38:29,120] {logging_mixin.py:109} INFO - [2025-12-10 18:38:29,120] {dagbag.py:500} INFO - Filling up the DagBag from /home/airflow/.local/lib/python3.6/site-packages/airflow/example_dags/example_nested_branch_dag.py
[2025-12-10 18:38:29,148] {processor.py:654} INFO - DAG(s) dict_keys(['example_nested_branch_dag']) retrieved from /home/airflow/.local/lib/python3.6/site-packages/airflow/example_dags/example_nested_branch_dag.py
[2025-12-10 18:38:29,156] {logging_mixin.py:109} INFO - [2025-12-10 18:38:29,156] {dag.py:2396} INFO - Sync 1 DAGs
[2025-12-10 18:38:29,170] {logging_mixin.py:109} INFO - [2025-12-10 18:38:29,170] {dag.py:2935} INFO - Setting next_dagrun for example_nested_branch_dag to 2025-12-09 00:00:00+00:00
[2025-12-10 18:38:29,177] {processor.py:171} INFO - Processing /home/airflow/.local/lib/python3.6/site-packages/airflow/example_dags/example_nested_branch_dag.py took 0.069 seconds
[2025-12-10 18:38:59,534] {processor.py:163} INFO - Started process (PID=1909) to work on /home/airflow/.local/lib/python3.6/site-packages/airflow/example_dags/example_nested_branch_dag.py
[2025-12-10 18:38:59,535] {processor.py:642} INFO - Processing file /home/airflow/.local/lib/python3.6/site-packages/airflow/example_dags/example_nested_branch_dag.py for tasks to queue
[2025-12-10 18:38:59,536] {logging_mixin.py:109} INFO - [2025-12-10 18:38:59,536] {dagbag.py:500} INFO - Filling up the DagBag from /home/airflow/.local/lib/python3.6/site-packages/airflow/example_dags/example_nested_branch_dag.py
[2025-12-10 18:38:59,571] {processor.py:654} INFO - DAG(s) dict_keys(['example_nested_branch_dag']) retrieved from /home/airflow/.local/lib/python3.6/site-packages/airflow/example_dags/example_nested_branch_dag.py
[2025-12-10 18:38:59,584] {logging_mixin.py:109} INFO - [2025-12-10 18:38:59,584] {dag.py:2396} INFO - Sync 1 DAGs
[2025-12-10 18:38:59,606] {logging_mixin.py:109} INFO - [2025-12-10 18:38:59,606] {dag.py:2935} INFO - Setting next_dagrun for example_nested_branch_dag to 2025-12-09 00:00:00+00:00
[2025-12-10 18:38:59,625] {processor.py:171} INFO - Processing /home/airflow/.local/lib/python3.6/site-packages/airflow/example_dags/example_nested_branch_dag.py took 0.094 seconds
[2025-12-10 18:39:29,779] {processor.py:163} INFO - Started process (PID=1962) to work on /home/airflow/.local/lib/python3.6/site-packages/airflow/example_dags/example_nested_branch_dag.py
[2025-12-10 18:39:29,786] {processor.py:642} INFO - Processing file /home/airflow/.local/lib/python3.6/site-packages/airflow/example_dags/example_nested_branch_dag.py for tasks to queue
[2025-12-10 18:39:29,786] {logging_mixin.py:109} INFO - [2025-12-10 18:39:29,786] {dagbag.py:500} INFO - Filling up the DagBag from /home/airflow/.local/lib/python3.6/site-packages/airflow/example_dags/example_nested_branch_dag.py
[2025-12-10 18:39:29,815] {processor.py:654} INFO - DAG(s) dict_keys(['example_nested_branch_dag']) retrieved from /home/airflow/.local/lib/python3.6/site-packages/airflow/example_dags/example_nested_branch_dag.py
[2025-12-10 18:39:29,824] {logging_mixin.py:109} INFO - [2025-12-10 18:39:29,824] {dag.py:2396} INFO - Sync 1 DAGs
[2025-12-10 18:39:29,839] {logging_mixin.py:109} INFO - [2025-12-10 18:39:29,839] {dag.py:2935} INFO - Setting next_dagrun for example_nested_branch_dag to 2025-12-09 00:00:00+00:00
[2025-12-10 18:39:29,846] {processor.py:171} INFO - Processing /home/airflow/.local/lib/python3.6/site-packages/airflow/example_dags/example_nested_branch_dag.py took 0.071 seconds
[2025-12-10 18:40:00,200] {processor.py:163} INFO - Started process (PID=2024) to work on /home/airflow/.local/lib/python3.6/site-packages/airflow/example_dags/example_nested_branch_dag.py
[2025-12-10 18:40:00,201] {processor.py:642} INFO - Processing file /home/airflow/.local/lib/python3.6/site-packages/airflow/example_dags/example_nested_branch_dag.py for tasks to queue
[2025-12-10 18:40:00,201] {logging_mixin.py:109} INFO - [2025-12-10 18:40:00,201] {dagbag.py:500} INFO - Filling up the DagBag from /home/airflow/.local/lib/python3.6/site-packages/airflow/example_dags/example_nested_branch_dag.py
[2025-12-10 18:40:00,229] {processor.py:654} INFO - DAG(s) dict_keys(['example_nested_branch_dag']) retrieved from /home/airflow/.local/lib/python3.6/site-packages/airflow/example_dags/example_nested_branch_dag.py
[2025-12-10 18:40:00,237] {logging_mixin.py:109} INFO - [2025-12-10 18:40:00,237] {dag.py:2396} INFO - Sync 1 DAGs
[2025-12-10 18:40:00,252] {logging_mixin.py:109} INFO - [2025-12-10 18:40:00,252] {dag.py:2935} INFO - Setting next_dagrun for example_nested_branch_dag to 2025-12-09 00:00:00+00:00
[2025-12-10 18:40:00,259] {processor.py:171} INFO - Processing /home/airflow/.local/lib/python3.6/site-packages/airflow/example_dags/example_nested_branch_dag.py took 0.062 seconds
[2025-12-10 18:40:30,541] {processor.py:163} INFO - Started process (PID=2076) to work on /home/airflow/.local/lib/python3.6/site-packages/airflow/example_dags/example_nested_branch_dag.py
[2025-12-10 18:40:30,549] {processor.py:642} INFO - Processing file /home/airflow/.local/lib/python3.6/site-packages/airflow/example_dags/example_nested_branch_dag.py for tasks to queue
[2025-12-10 18:40:30,550] {logging_mixin.py:109} INFO - [2025-12-10 18:40:30,550] {dagbag.py:500} INFO - Filling up the DagBag from /home/airflow/.local/lib/python3.6/site-packages/airflow/example_dags/example_nested_branch_dag.py
[2025-12-10 18:40:30,579] {processor.py:654} INFO - DAG(s) dict_keys(['example_nested_branch_dag']) retrieved from /home/airflow/.local/lib/python3.6/site-packages/airflow/example_dags/example_nested_branch_dag.py
[2025-12-10 18:40:30,589] {logging_mixin.py:109} INFO - [2025-12-10 18:40:30,589] {dag.py:2396} INFO - Sync 1 DAGs
[2025-12-10 18:40:30,604] {logging_mixin.py:109} INFO - [2025-12-10 18:40:30,604] {dag.py:2935} INFO - Setting next_dagrun for example_nested_branch_dag to 2025-12-09 00:00:00+00:00
[2025-12-10 18:40:30,611] {processor.py:171} INFO - Processing /home/airflow/.local/lib/python3.6/site-packages/airflow/example_dags/example_nested_branch_dag.py took 0.073 seconds
[2025-12-10 18:41:00,907] {processor.py:163} INFO - Started process (PID=2138) to work on /home/airflow/.local/lib/python3.6/site-packages/airflow/example_dags/example_nested_branch_dag.py
[2025-12-10 18:41:00,908] {processor.py:642} INFO - Processing file /home/airflow/.local/lib/python3.6/site-packages/airflow/example_dags/example_nested_branch_dag.py for tasks to queue
[2025-12-10 18:41:00,908] {logging_mixin.py:109} INFO - [2025-12-10 18:41:00,908] {dagbag.py:500} INFO - Filling up the DagBag from /home/airflow/.local/lib/python3.6/site-packages/airflow/example_dags/example_nested_branch_dag.py
[2025-12-10 18:41:00,940] {processor.py:654} INFO - DAG(s) dict_keys(['example_nested_branch_dag']) retrieved from /home/airflow/.local/lib/python3.6/site-packages/airflow/example_dags/example_nested_branch_dag.py
[2025-12-10 18:41:00,950] {logging_mixin.py:109} INFO - [2025-12-10 18:41:00,950] {dag.py:2396} INFO - Sync 1 DAGs
[2025-12-10 18:41:00,967] {logging_mixin.py:109} INFO - [2025-12-10 18:41:00,967] {dag.py:2935} INFO - Setting next_dagrun for example_nested_branch_dag to 2025-12-09 00:00:00+00:00
[2025-12-10 18:41:00,975] {processor.py:171} INFO - Processing /home/airflow/.local/lib/python3.6/site-packages/airflow/example_dags/example_nested_branch_dag.py took 0.072 seconds
[2025-12-10 18:41:31,321] {processor.py:163} INFO - Started process (PID=2197) to work on /home/airflow/.local/lib/python3.6/site-packages/airflow/example_dags/example_nested_branch_dag.py
[2025-12-10 18:41:31,327] {processor.py:642} INFO - Processing file /home/airflow/.local/lib/python3.6/site-packages/airflow/example_dags/example_nested_branch_dag.py for tasks to queue
[2025-12-10 18:41:31,328] {logging_mixin.py:109} INFO - [2025-12-10 18:41:31,328] {dagbag.py:500} INFO - Filling up the DagBag from /home/airflow/.local/lib/python3.6/site-packages/airflow/example_dags/example_nested_branch_dag.py
[2025-12-10 18:41:31,362] {processor.py:654} INFO - DAG(s) dict_keys(['example_nested_branch_dag']) retrieved from /home/airflow/.local/lib/python3.6/site-packages/airflow/example_dags/example_nested_branch_dag.py
[2025-12-10 18:41:31,373] {logging_mixin.py:109} INFO - [2025-12-10 18:41:31,373] {dag.py:2396} INFO - Sync 1 DAGs
[2025-12-10 18:41:31,391] {logging_mixin.py:109} INFO - [2025-12-10 18:41:31,391] {dag.py:2935} INFO - Setting next_dagrun for example_nested_branch_dag to 2025-12-09 00:00:00+00:00
[2025-12-10 18:41:31,400] {processor.py:171} INFO - Processing /home/airflow/.local/lib/python3.6/site-packages/airflow/example_dags/example_nested_branch_dag.py took 0.083 seconds
[2025-12-10 18:42:01,556] {processor.py:163} INFO - Started process (PID=2251) to work on /home/airflow/.local/lib/python3.6/site-packages/airflow/example_dags/example_nested_branch_dag.py
[2025-12-10 18:42:01,567] {processor.py:642} INFO - Processing file /home/airflow/.local/lib/python3.6/site-packages/airflow/example_dags/example_nested_branch_dag.py for tasks to queue
[2025-12-10 18:42:01,567] {logging_mixin.py:109} INFO - [2025-12-10 18:42:01,567] {dagbag.py:500} INFO - Filling up the DagBag from /home/airflow/.local/lib/python3.6/site-packages/airflow/example_dags/example_nested_branch_dag.py
[2025-12-10 18:42:01,599] {processor.py:654} INFO - DAG(s) dict_keys(['example_nested_branch_dag']) retrieved from /home/airflow/.local/lib/python3.6/site-packages/airflow/example_dags/example_nested_branch_dag.py
[2025-12-10 18:42:01,608] {logging_mixin.py:109} INFO - [2025-12-10 18:42:01,608] {dag.py:2396} INFO - Sync 1 DAGs
[2025-12-10 18:42:01,625] {logging_mixin.py:109} INFO - [2025-12-10 18:42:01,625] {dag.py:2935} INFO - Setting next_dagrun for example_nested_branch_dag to 2025-12-09 00:00:00+00:00
[2025-12-10 18:42:01,633] {processor.py:171} INFO - Processing /home/airflow/.local/lib/python3.6/site-packages/airflow/example_dags/example_nested_branch_dag.py took 0.081 seconds
[2025-12-10 18:42:32,080] {processor.py:163} INFO - Started process (PID=2314) to work on /home/airflow/.local/lib/python3.6/site-packages/airflow/example_dags/example_nested_branch_dag.py
[2025-12-10 18:42:32,081] {processor.py:642} INFO - Processing file /home/airflow/.local/lib/python3.6/site-packages/airflow/example_dags/example_nested_branch_dag.py for tasks to queue
[2025-12-10 18:42:32,082] {logging_mixin.py:109} INFO - [2025-12-10 18:42:32,082] {dagbag.py:500} INFO - Filling up the DagBag from /home/airflow/.local/lib/python3.6/site-packages/airflow/example_dags/example_nested_branch_dag.py
[2025-12-10 18:42:32,125] {processor.py:654} INFO - DAG(s) dict_keys(['example_nested_branch_dag']) retrieved from /home/airflow/.local/lib/python3.6/site-packages/airflow/example_dags/example_nested_branch_dag.py
[2025-12-10 18:42:32,138] {logging_mixin.py:109} INFO - [2025-12-10 18:42:32,138] {dag.py:2396} INFO - Sync 1 DAGs
[2025-12-10 18:42:32,161] {logging_mixin.py:109} INFO - [2025-12-10 18:42:32,161] {dag.py:2935} INFO - Setting next_dagrun for example_nested_branch_dag to 2025-12-09 00:00:00+00:00
[2025-12-10 18:42:32,171] {processor.py:171} INFO - Processing /home/airflow/.local/lib/python3.6/site-packages/airflow/example_dags/example_nested_branch_dag.py took 0.095 seconds
[2025-12-10 18:43:02,554] {processor.py:163} INFO - Started process (PID=2366) to work on /home/airflow/.local/lib/python3.6/site-packages/airflow/example_dags/example_nested_branch_dag.py
[2025-12-10 18:43:02,561] {processor.py:642} INFO - Processing file /home/airflow/.local/lib/python3.6/site-packages/airflow/example_dags/example_nested_branch_dag.py for tasks to queue
[2025-12-10 18:43:02,561] {logging_mixin.py:109} INFO - [2025-12-10 18:43:02,561] {dagbag.py:500} INFO - Filling up the DagBag from /home/airflow/.local/lib/python3.6/site-packages/airflow/example_dags/example_nested_branch_dag.py
[2025-12-10 18:43:02,595] {processor.py:654} INFO - DAG(s) dict_keys(['example_nested_branch_dag']) retrieved from /home/airflow/.local/lib/python3.6/site-packages/airflow/example_dags/example_nested_branch_dag.py
[2025-12-10 18:43:02,605] {logging_mixin.py:109} INFO - [2025-12-10 18:43:02,604] {dag.py:2396} INFO - Sync 1 DAGs
[2025-12-10 18:43:02,621] {logging_mixin.py:109} INFO - [2025-12-10 18:43:02,621] {dag.py:2935} INFO - Setting next_dagrun for example_nested_branch_dag to 2025-12-09 00:00:00+00:00
[2025-12-10 18:43:02,630] {processor.py:171} INFO - Processing /home/airflow/.local/lib/python3.6/site-packages/airflow/example_dags/example_nested_branch_dag.py took 0.081 seconds
[2025-12-10 18:43:33,069] {processor.py:163} INFO - Started process (PID=2428) to work on /home/airflow/.local/lib/python3.6/site-packages/airflow/example_dags/example_nested_branch_dag.py
[2025-12-10 18:43:33,071] {processor.py:642} INFO - Processing file /home/airflow/.local/lib/python3.6/site-packages/airflow/example_dags/example_nested_branch_dag.py for tasks to queue
[2025-12-10 18:43:33,073] {logging_mixin.py:109} INFO - [2025-12-10 18:43:33,072] {dagbag.py:500} INFO - Filling up the DagBag from /home/airflow/.local/lib/python3.6/site-packages/airflow/example_dags/example_nested_branch_dag.py
[2025-12-10 18:43:33,120] {processor.py:654} INFO - DAG(s) dict_keys(['example_nested_branch_dag']) retrieved from /home/airflow/.local/lib/python3.6/site-packages/airflow/example_dags/example_nested_branch_dag.py
[2025-12-10 18:43:33,137] {logging_mixin.py:109} INFO - [2025-12-10 18:43:33,137] {dag.py:2396} INFO - Sync 1 DAGs
[2025-12-10 18:43:33,168] {logging_mixin.py:109} INFO - [2025-12-10 18:43:33,168] {dag.py:2935} INFO - Setting next_dagrun for example_nested_branch_dag to 2025-12-09 00:00:00+00:00
[2025-12-10 18:43:33,190] {processor.py:171} INFO - Processing /home/airflow/.local/lib/python3.6/site-packages/airflow/example_dags/example_nested_branch_dag.py took 0.127 seconds
[2025-12-10 18:44:03,617] {processor.py:163} INFO - Started process (PID=2480) to work on /home/airflow/.local/lib/python3.6/site-packages/airflow/example_dags/example_nested_branch_dag.py
[2025-12-10 18:44:03,622] {processor.py:642} INFO - Processing file /home/airflow/.local/lib/python3.6/site-packages/airflow/example_dags/example_nested_branch_dag.py for tasks to queue
[2025-12-10 18:44:03,623] {logging_mixin.py:109} INFO - [2025-12-10 18:44:03,623] {dagbag.py:500} INFO - Filling up the DagBag from /home/airflow/.local/lib/python3.6/site-packages/airflow/example_dags/example_nested_branch_dag.py
[2025-12-10 18:44:03,665] {processor.py:654} INFO - DAG(s) dict_keys(['example_nested_branch_dag']) retrieved from /home/airflow/.local/lib/python3.6/site-packages/airflow/example_dags/example_nested_branch_dag.py
[2025-12-10 18:44:03,675] {logging_mixin.py:109} INFO - [2025-12-10 18:44:03,674] {dag.py:2396} INFO - Sync 1 DAGs
[2025-12-10 18:44:03,692] {logging_mixin.py:109} INFO - [2025-12-10 18:44:03,692] {dag.py:2935} INFO - Setting next_dagrun for example_nested_branch_dag to 2025-12-09 00:00:00+00:00
[2025-12-10 18:44:03,702] {processor.py:171} INFO - Processing /home/airflow/.local/lib/python3.6/site-packages/airflow/example_dags/example_nested_branch_dag.py took 0.089 seconds
[2025-12-10 18:46:30,816] {processor.py:163} INFO - Started process (PID=69) to work on /home/airflow/.local/lib/python3.6/site-packages/airflow/example_dags/example_nested_branch_dag.py
[2025-12-10 18:46:30,817] {processor.py:642} INFO - Processing file /home/airflow/.local/lib/python3.6/site-packages/airflow/example_dags/example_nested_branch_dag.py for tasks to queue
[2025-12-10 18:46:30,818] {logging_mixin.py:109} INFO - [2025-12-10 18:46:30,818] {dagbag.py:500} INFO - Filling up the DagBag from /home/airflow/.local/lib/python3.6/site-packages/airflow/example_dags/example_nested_branch_dag.py
[2025-12-10 18:46:30,852] {processor.py:654} INFO - DAG(s) dict_keys(['example_nested_branch_dag']) retrieved from /home/airflow/.local/lib/python3.6/site-packages/airflow/example_dags/example_nested_branch_dag.py
[2025-12-10 18:46:30,862] {logging_mixin.py:109} INFO - [2025-12-10 18:46:30,862] {dag.py:2396} INFO - Sync 1 DAGs
[2025-12-10 18:46:30,879] {logging_mixin.py:109} INFO - [2025-12-10 18:46:30,879] {dag.py:2935} INFO - Setting next_dagrun for example_nested_branch_dag to 2025-12-09 00:00:00+00:00
[2025-12-10 18:46:30,887] {processor.py:171} INFO - Processing /home/airflow/.local/lib/python3.6/site-packages/airflow/example_dags/example_nested_branch_dag.py took 0.075 seconds
[2025-12-10 18:47:03,181] {processor.py:163} INFO - Started process (PID=121) to work on /home/airflow/.local/lib/python3.6/site-packages/airflow/example_dags/example_nested_branch_dag.py
[2025-12-10 18:47:03,183] {processor.py:642} INFO - Processing file /home/airflow/.local/lib/python3.6/site-packages/airflow/example_dags/example_nested_branch_dag.py for tasks to queue
[2025-12-10 18:47:03,184] {logging_mixin.py:109} INFO - [2025-12-10 18:47:03,184] {dagbag.py:500} INFO - Filling up the DagBag from /home/airflow/.local/lib/python3.6/site-packages/airflow/example_dags/example_nested_branch_dag.py
[2025-12-10 18:47:03,236] {processor.py:654} INFO - DAG(s) dict_keys(['example_nested_branch_dag']) retrieved from /home/airflow/.local/lib/python3.6/site-packages/airflow/example_dags/example_nested_branch_dag.py
[2025-12-10 18:47:03,251] {logging_mixin.py:109} INFO - [2025-12-10 18:47:03,251] {dag.py:2396} INFO - Sync 1 DAGs
[2025-12-10 18:47:03,278] {logging_mixin.py:109} INFO - [2025-12-10 18:47:03,278] {dag.py:2935} INFO - Setting next_dagrun for example_nested_branch_dag to 2025-12-09 00:00:00+00:00
[2025-12-10 18:47:03,290] {processor.py:171} INFO - Processing /home/airflow/.local/lib/python3.6/site-packages/airflow/example_dags/example_nested_branch_dag.py took 0.115 seconds
[2025-12-10 18:47:34,221] {processor.py:163} INFO - Started process (PID=184) to work on /home/airflow/.local/lib/python3.6/site-packages/airflow/example_dags/example_nested_branch_dag.py
[2025-12-10 18:47:34,224] {processor.py:642} INFO - Processing file /home/airflow/.local/lib/python3.6/site-packages/airflow/example_dags/example_nested_branch_dag.py for tasks to queue
[2025-12-10 18:47:34,225] {logging_mixin.py:109} INFO - [2025-12-10 18:47:34,225] {dagbag.py:500} INFO - Filling up the DagBag from /home/airflow/.local/lib/python3.6/site-packages/airflow/example_dags/example_nested_branch_dag.py
[2025-12-10 18:47:34,264] {processor.py:654} INFO - DAG(s) dict_keys(['example_nested_branch_dag']) retrieved from /home/airflow/.local/lib/python3.6/site-packages/airflow/example_dags/example_nested_branch_dag.py
[2025-12-10 18:47:34,276] {logging_mixin.py:109} INFO - [2025-12-10 18:47:34,276] {dag.py:2396} INFO - Sync 1 DAGs
[2025-12-10 18:47:34,295] {logging_mixin.py:109} INFO - [2025-12-10 18:47:34,295] {dag.py:2935} INFO - Setting next_dagrun for example_nested_branch_dag to 2025-12-09 00:00:00+00:00
[2025-12-10 18:47:34,305] {processor.py:171} INFO - Processing /home/airflow/.local/lib/python3.6/site-packages/airflow/example_dags/example_nested_branch_dag.py took 0.088 seconds
[2025-12-10 18:48:05,343] {processor.py:163} INFO - Started process (PID=236) to work on /home/airflow/.local/lib/python3.6/site-packages/airflow/example_dags/example_nested_branch_dag.py
[2025-12-10 18:48:05,346] {processor.py:642} INFO - Processing file /home/airflow/.local/lib/python3.6/site-packages/airflow/example_dags/example_nested_branch_dag.py for tasks to queue
[2025-12-10 18:48:05,348] {logging_mixin.py:109} INFO - [2025-12-10 18:48:05,347] {dagbag.py:500} INFO - Filling up the DagBag from /home/airflow/.local/lib/python3.6/site-packages/airflow/example_dags/example_nested_branch_dag.py
[2025-12-10 18:48:05,396] {processor.py:654} INFO - DAG(s) dict_keys(['example_nested_branch_dag']) retrieved from /home/airflow/.local/lib/python3.6/site-packages/airflow/example_dags/example_nested_branch_dag.py
[2025-12-10 18:48:05,412] {logging_mixin.py:109} INFO - [2025-12-10 18:48:05,412] {dag.py:2396} INFO - Sync 1 DAGs
[2025-12-10 18:48:05,443] {logging_mixin.py:109} INFO - [2025-12-10 18:48:05,443] {dag.py:2935} INFO - Setting next_dagrun for example_nested_branch_dag to 2025-12-09 00:00:00+00:00
[2025-12-10 18:48:05,457] {processor.py:171} INFO - Processing /home/airflow/.local/lib/python3.6/site-packages/airflow/example_dags/example_nested_branch_dag.py took 0.117 seconds
[2025-12-10 18:48:36,308] {processor.py:163} INFO - Started process (PID=299) to work on /home/airflow/.local/lib/python3.6/site-packages/airflow/example_dags/example_nested_branch_dag.py
[2025-12-10 18:48:36,310] {processor.py:642} INFO - Processing file /home/airflow/.local/lib/python3.6/site-packages/airflow/example_dags/example_nested_branch_dag.py for tasks to queue
[2025-12-10 18:48:36,310] {logging_mixin.py:109} INFO - [2025-12-10 18:48:36,310] {dagbag.py:500} INFO - Filling up the DagBag from /home/airflow/.local/lib/python3.6/site-packages/airflow/example_dags/example_nested_branch_dag.py
[2025-12-10 18:48:36,345] {processor.py:654} INFO - DAG(s) dict_keys(['example_nested_branch_dag']) retrieved from /home/airflow/.local/lib/python3.6/site-packages/airflow/example_dags/example_nested_branch_dag.py
[2025-12-10 18:48:36,356] {logging_mixin.py:109} INFO - [2025-12-10 18:48:36,356] {dag.py:2396} INFO - Sync 1 DAGs
[2025-12-10 18:48:36,378] {logging_mixin.py:109} INFO - [2025-12-10 18:48:36,378] {dag.py:2935} INFO - Setting next_dagrun for example_nested_branch_dag to 2025-12-09 00:00:00+00:00
[2025-12-10 18:48:36,389] {processor.py:171} INFO - Processing /home/airflow/.local/lib/python3.6/site-packages/airflow/example_dags/example_nested_branch_dag.py took 0.085 seconds
[2025-12-10 18:49:06,970] {processor.py:163} INFO - Started process (PID=351) to work on /home/airflow/.local/lib/python3.6/site-packages/airflow/example_dags/example_nested_branch_dag.py
[2025-12-10 18:49:06,971] {processor.py:642} INFO - Processing file /home/airflow/.local/lib/python3.6/site-packages/airflow/example_dags/example_nested_branch_dag.py for tasks to queue
[2025-12-10 18:49:06,972] {logging_mixin.py:109} INFO - [2025-12-10 18:49:06,972] {dagbag.py:500} INFO - Filling up the DagBag from /home/airflow/.local/lib/python3.6/site-packages/airflow/example_dags/example_nested_branch_dag.py
[2025-12-10 18:49:07,000] {processor.py:654} INFO - DAG(s) dict_keys(['example_nested_branch_dag']) retrieved from /home/airflow/.local/lib/python3.6/site-packages/airflow/example_dags/example_nested_branch_dag.py
[2025-12-10 18:49:07,010] {logging_mixin.py:109} INFO - [2025-12-10 18:49:07,010] {dag.py:2396} INFO - Sync 1 DAGs
[2025-12-10 18:49:07,025] {logging_mixin.py:109} INFO - [2025-12-10 18:49:07,024] {dag.py:2935} INFO - Setting next_dagrun for example_nested_branch_dag to 2025-12-09 00:00:00+00:00
[2025-12-10 18:49:07,031] {processor.py:171} INFO - Processing /home/airflow/.local/lib/python3.6/site-packages/airflow/example_dags/example_nested_branch_dag.py took 0.065 seconds
[2025-12-10 18:49:37,195] {processor.py:163} INFO - Started process (PID=412) to work on /home/airflow/.local/lib/python3.6/site-packages/airflow/example_dags/example_nested_branch_dag.py
[2025-12-10 18:49:37,197] {processor.py:642} INFO - Processing file /home/airflow/.local/lib/python3.6/site-packages/airflow/example_dags/example_nested_branch_dag.py for tasks to queue
[2025-12-10 18:49:37,197] {logging_mixin.py:109} INFO - [2025-12-10 18:49:37,197] {dagbag.py:500} INFO - Filling up the DagBag from /home/airflow/.local/lib/python3.6/site-packages/airflow/example_dags/example_nested_branch_dag.py
[2025-12-10 18:49:37,224] {processor.py:654} INFO - DAG(s) dict_keys(['example_nested_branch_dag']) retrieved from /home/airflow/.local/lib/python3.6/site-packages/airflow/example_dags/example_nested_branch_dag.py
[2025-12-10 18:49:37,232] {logging_mixin.py:109} INFO - [2025-12-10 18:49:37,232] {dag.py:2396} INFO - Sync 1 DAGs
[2025-12-10 18:49:37,246] {logging_mixin.py:109} INFO - [2025-12-10 18:49:37,245] {dag.py:2935} INFO - Setting next_dagrun for example_nested_branch_dag to 2025-12-09 00:00:00+00:00
[2025-12-10 18:49:37,252] {processor.py:171} INFO - Processing /home/airflow/.local/lib/python3.6/site-packages/airflow/example_dags/example_nested_branch_dag.py took 0.060 seconds
[2025-12-10 18:50:08,583] {processor.py:163} INFO - Started process (PID=465) to work on /home/airflow/.local/lib/python3.6/site-packages/airflow/example_dags/example_nested_branch_dag.py
[2025-12-10 18:50:08,584] {processor.py:642} INFO - Processing file /home/airflow/.local/lib/python3.6/site-packages/airflow/example_dags/example_nested_branch_dag.py for tasks to queue
[2025-12-10 18:50:08,585] {logging_mixin.py:109} INFO - [2025-12-10 18:50:08,585] {dagbag.py:500} INFO - Filling up the DagBag from /home/airflow/.local/lib/python3.6/site-packages/airflow/example_dags/example_nested_branch_dag.py
[2025-12-10 18:50:08,623] {processor.py:654} INFO - DAG(s) dict_keys(['example_nested_branch_dag']) retrieved from /home/airflow/.local/lib/python3.6/site-packages/airflow/example_dags/example_nested_branch_dag.py
[2025-12-10 18:50:08,632] {logging_mixin.py:109} INFO - [2025-12-10 18:50:08,631] {dag.py:2396} INFO - Sync 1 DAGs
[2025-12-10 18:50:08,647] {logging_mixin.py:109} INFO - [2025-12-10 18:50:08,647] {dag.py:2935} INFO - Setting next_dagrun for example_nested_branch_dag to 2025-12-09 00:00:00+00:00
[2025-12-10 18:50:08,654] {processor.py:171} INFO - Processing /home/airflow/.local/lib/python3.6/site-packages/airflow/example_dags/example_nested_branch_dag.py took 0.075 seconds
[2025-12-10 18:51:39,985] {processor.py:163} INFO - Started process (PID=401) to work on /home/airflow/.local/lib/python3.6/site-packages/airflow/example_dags/example_nested_branch_dag.py
[2025-12-10 18:51:39,986] {processor.py:642} INFO - Processing file /home/airflow/.local/lib/python3.6/site-packages/airflow/example_dags/example_nested_branch_dag.py for tasks to queue
[2025-12-10 18:51:39,987] {logging_mixin.py:109} INFO - [2025-12-10 18:51:39,987] {dagbag.py:500} INFO - Filling up the DagBag from /home/airflow/.local/lib/python3.6/site-packages/airflow/example_dags/example_nested_branch_dag.py
[2025-12-10 18:51:40,017] {processor.py:654} INFO - DAG(s) dict_keys(['example_nested_branch_dag']) retrieved from /home/airflow/.local/lib/python3.6/site-packages/airflow/example_dags/example_nested_branch_dag.py
[2025-12-10 18:51:41,690] {logging_mixin.py:109} INFO - [2025-12-10 18:51:41,690] {manager.py:496} INFO - Created Permission View: can read on DAG:example_nested_branch_dag
[2025-12-10 18:51:41,696] {logging_mixin.py:109} INFO - [2025-12-10 18:51:41,696] {manager.py:496} INFO - Created Permission View: can edit on DAG:example_nested_branch_dag
[2025-12-10 18:51:41,697] {logging_mixin.py:109} INFO - [2025-12-10 18:51:41,696] {dag.py:2396} INFO - Sync 1 DAGs
[2025-12-10 18:51:41,705] {logging_mixin.py:109} INFO - [2025-12-10 18:51:41,704] {dag.py:2415} INFO - Creating ORM DAG for example_nested_branch_dag
[2025-12-10 18:51:41,711] {logging_mixin.py:109} INFO - [2025-12-10 18:51:41,711] {dag.py:2935} INFO - Setting next_dagrun for example_nested_branch_dag to 2025-12-09 00:00:00+00:00
[2025-12-10 18:51:41,721] {processor.py:171} INFO - Processing /home/airflow/.local/lib/python3.6/site-packages/airflow/example_dags/example_nested_branch_dag.py took 1.740 seconds
[2025-12-10 18:52:11,917] {processor.py:163} INFO - Started process (PID=511) to work on /home/airflow/.local/lib/python3.6/site-packages/airflow/example_dags/example_nested_branch_dag.py
[2025-12-10 18:52:11,927] {processor.py:642} INFO - Processing file /home/airflow/.local/lib/python3.6/site-packages/airflow/example_dags/example_nested_branch_dag.py for tasks to queue
[2025-12-10 18:52:11,928] {logging_mixin.py:109} INFO - [2025-12-10 18:52:11,928] {dagbag.py:500} INFO - Filling up the DagBag from /home/airflow/.local/lib/python3.6/site-packages/airflow/example_dags/example_nested_branch_dag.py
[2025-12-10 18:52:11,963] {processor.py:654} INFO - DAG(s) dict_keys(['example_nested_branch_dag']) retrieved from /home/airflow/.local/lib/python3.6/site-packages/airflow/example_dags/example_nested_branch_dag.py
[2025-12-10 18:52:11,974] {logging_mixin.py:109} INFO - [2025-12-10 18:52:11,973] {dag.py:2396} INFO - Sync 1 DAGs
[2025-12-10 18:52:11,991] {logging_mixin.py:109} INFO - [2025-12-10 18:52:11,991] {dag.py:2935} INFO - Setting next_dagrun for example_nested_branch_dag to 2025-12-09 00:00:00+00:00
[2025-12-10 18:52:12,011] {processor.py:171} INFO - Processing /home/airflow/.local/lib/python3.6/site-packages/airflow/example_dags/example_nested_branch_dag.py took 0.098 seconds
