[2025-12-10 18:26:07,922] {processor.py:163} INFO - Started process (PID=297) to work on /home/airflow/.local/lib/python3.6/site-packages/airflow/example_dags/example_kubernetes_executor.py
[2025-12-10 18:26:07,924] {processor.py:642} INFO - Processing file /home/airflow/.local/lib/python3.6/site-packages/airflow/example_dags/example_kubernetes_executor.py for tasks to queue
[2025-12-10 18:26:07,924] {logging_mixin.py:109} INFO - [2025-12-10 18:26:07,924] {dagbag.py:500} INFO - Filling up the DagBag from /home/airflow/.local/lib/python3.6/site-packages/airflow/example_dags/example_kubernetes_executor.py
[2025-12-10 18:26:07,970] {processor.py:654} INFO - DAG(s) dict_keys(['example_kubernetes_executor']) retrieved from /home/airflow/.local/lib/python3.6/site-packages/airflow/example_dags/example_kubernetes_executor.py
[2025-12-10 18:26:10,376] {logging_mixin.py:109} INFO - [2025-12-10 18:26:10,376] {manager.py:496} INFO - Created Permission View: can edit on DAG:example_kubernetes_executor
[2025-12-10 18:26:10,384] {logging_mixin.py:109} INFO - [2025-12-10 18:26:10,384] {manager.py:496} INFO - Created Permission View: can read on DAG:example_kubernetes_executor
[2025-12-10 18:26:10,385] {logging_mixin.py:109} INFO - [2025-12-10 18:26:10,384] {dag.py:2396} INFO - Sync 1 DAGs
[2025-12-10 18:26:10,394] {logging_mixin.py:109} INFO - [2025-12-10 18:26:10,393] {dag.py:2415} INFO - Creating ORM DAG for example_kubernetes_executor
[2025-12-10 18:26:10,401] {logging_mixin.py:109} INFO - [2025-12-10 18:26:10,401] {dag.py:2935} INFO - Setting next_dagrun for example_kubernetes_executor to None
[2025-12-10 18:26:10,412] {processor.py:171} INFO - Processing /home/airflow/.local/lib/python3.6/site-packages/airflow/example_dags/example_kubernetes_executor.py took 2.494 seconds
[2025-12-10 18:26:41,130] {processor.py:163} INFO - Started process (PID=493) to work on /home/airflow/.local/lib/python3.6/site-packages/airflow/example_dags/example_kubernetes_executor.py
[2025-12-10 18:26:41,141] {processor.py:642} INFO - Processing file /home/airflow/.local/lib/python3.6/site-packages/airflow/example_dags/example_kubernetes_executor.py for tasks to queue
[2025-12-10 18:26:41,141] {logging_mixin.py:109} INFO - [2025-12-10 18:26:41,141] {dagbag.py:500} INFO - Filling up the DagBag from /home/airflow/.local/lib/python3.6/site-packages/airflow/example_dags/example_kubernetes_executor.py
[2025-12-10 18:26:41,171] {processor.py:654} INFO - DAG(s) dict_keys(['example_kubernetes_executor']) retrieved from /home/airflow/.local/lib/python3.6/site-packages/airflow/example_dags/example_kubernetes_executor.py
[2025-12-10 18:26:41,181] {logging_mixin.py:109} INFO - [2025-12-10 18:26:41,181] {dag.py:2396} INFO - Sync 1 DAGs
[2025-12-10 18:26:41,194] {logging_mixin.py:109} INFO - [2025-12-10 18:26:41,194] {dag.py:2935} INFO - Setting next_dagrun for example_kubernetes_executor to None
[2025-12-10 18:26:41,202] {processor.py:171} INFO - Processing /home/airflow/.local/lib/python3.6/site-packages/airflow/example_dags/example_kubernetes_executor.py took 0.076 seconds
[2025-12-10 18:27:12,037] {processor.py:163} INFO - Started process (PID=555) to work on /home/airflow/.local/lib/python3.6/site-packages/airflow/example_dags/example_kubernetes_executor.py
[2025-12-10 18:27:12,049] {processor.py:642} INFO - Processing file /home/airflow/.local/lib/python3.6/site-packages/airflow/example_dags/example_kubernetes_executor.py for tasks to queue
[2025-12-10 18:27:12,049] {logging_mixin.py:109} INFO - [2025-12-10 18:27:12,049] {dagbag.py:500} INFO - Filling up the DagBag from /home/airflow/.local/lib/python3.6/site-packages/airflow/example_dags/example_kubernetes_executor.py
[2025-12-10 18:27:12,080] {processor.py:654} INFO - DAG(s) dict_keys(['example_kubernetes_executor']) retrieved from /home/airflow/.local/lib/python3.6/site-packages/airflow/example_dags/example_kubernetes_executor.py
[2025-12-10 18:27:12,092] {logging_mixin.py:109} INFO - [2025-12-10 18:27:12,091] {dag.py:2396} INFO - Sync 1 DAGs
[2025-12-10 18:27:12,107] {logging_mixin.py:109} INFO - [2025-12-10 18:27:12,107] {dag.py:2935} INFO - Setting next_dagrun for example_kubernetes_executor to None
[2025-12-10 18:27:12,115] {processor.py:171} INFO - Processing /home/airflow/.local/lib/python3.6/site-packages/airflow/example_dags/example_kubernetes_executor.py took 0.081 seconds
[2025-12-10 18:27:42,256] {processor.py:163} INFO - Started process (PID=607) to work on /home/airflow/.local/lib/python3.6/site-packages/airflow/example_dags/example_kubernetes_executor.py
[2025-12-10 18:27:42,267] {processor.py:642} INFO - Processing file /home/airflow/.local/lib/python3.6/site-packages/airflow/example_dags/example_kubernetes_executor.py for tasks to queue
[2025-12-10 18:27:42,267] {logging_mixin.py:109} INFO - [2025-12-10 18:27:42,267] {dagbag.py:500} INFO - Filling up the DagBag from /home/airflow/.local/lib/python3.6/site-packages/airflow/example_dags/example_kubernetes_executor.py
[2025-12-10 18:27:42,298] {processor.py:654} INFO - DAG(s) dict_keys(['example_kubernetes_executor']) retrieved from /home/airflow/.local/lib/python3.6/site-packages/airflow/example_dags/example_kubernetes_executor.py
[2025-12-10 18:27:42,309] {logging_mixin.py:109} INFO - [2025-12-10 18:27:42,309] {dag.py:2396} INFO - Sync 1 DAGs
[2025-12-10 18:27:42,325] {logging_mixin.py:109} INFO - [2025-12-10 18:27:42,325] {dag.py:2935} INFO - Setting next_dagrun for example_kubernetes_executor to None
[2025-12-10 18:27:42,333] {processor.py:171} INFO - Processing /home/airflow/.local/lib/python3.6/site-packages/airflow/example_dags/example_kubernetes_executor.py took 0.080 seconds
[2025-12-10 18:28:12,443] {processor.py:163} INFO - Started process (PID=669) to work on /home/airflow/.local/lib/python3.6/site-packages/airflow/example_dags/example_kubernetes_executor.py
[2025-12-10 18:28:12,453] {processor.py:642} INFO - Processing file /home/airflow/.local/lib/python3.6/site-packages/airflow/example_dags/example_kubernetes_executor.py for tasks to queue
[2025-12-10 18:28:12,454] {logging_mixin.py:109} INFO - [2025-12-10 18:28:12,454] {dagbag.py:500} INFO - Filling up the DagBag from /home/airflow/.local/lib/python3.6/site-packages/airflow/example_dags/example_kubernetes_executor.py
[2025-12-10 18:28:12,485] {processor.py:654} INFO - DAG(s) dict_keys(['example_kubernetes_executor']) retrieved from /home/airflow/.local/lib/python3.6/site-packages/airflow/example_dags/example_kubernetes_executor.py
[2025-12-10 18:28:12,496] {logging_mixin.py:109} INFO - [2025-12-10 18:28:12,496] {dag.py:2396} INFO - Sync 1 DAGs
[2025-12-10 18:28:12,513] {logging_mixin.py:109} INFO - [2025-12-10 18:28:12,513] {dag.py:2935} INFO - Setting next_dagrun for example_kubernetes_executor to None
[2025-12-10 18:28:12,522] {processor.py:171} INFO - Processing /home/airflow/.local/lib/python3.6/site-packages/airflow/example_dags/example_kubernetes_executor.py took 0.082 seconds
[2025-12-10 18:28:42,730] {processor.py:163} INFO - Started process (PID=731) to work on /home/airflow/.local/lib/python3.6/site-packages/airflow/example_dags/example_kubernetes_executor.py
[2025-12-10 18:28:42,741] {processor.py:642} INFO - Processing file /home/airflow/.local/lib/python3.6/site-packages/airflow/example_dags/example_kubernetes_executor.py for tasks to queue
[2025-12-10 18:28:42,742] {logging_mixin.py:109} INFO - [2025-12-10 18:28:42,742] {dagbag.py:500} INFO - Filling up the DagBag from /home/airflow/.local/lib/python3.6/site-packages/airflow/example_dags/example_kubernetes_executor.py
[2025-12-10 18:28:42,773] {processor.py:654} INFO - DAG(s) dict_keys(['example_kubernetes_executor']) retrieved from /home/airflow/.local/lib/python3.6/site-packages/airflow/example_dags/example_kubernetes_executor.py
[2025-12-10 18:28:42,783] {logging_mixin.py:109} INFO - [2025-12-10 18:28:42,783] {dag.py:2396} INFO - Sync 1 DAGs
[2025-12-10 18:28:42,797] {logging_mixin.py:109} INFO - [2025-12-10 18:28:42,797] {dag.py:2935} INFO - Setting next_dagrun for example_kubernetes_executor to None
[2025-12-10 18:28:42,804] {processor.py:171} INFO - Processing /home/airflow/.local/lib/python3.6/site-packages/airflow/example_dags/example_kubernetes_executor.py took 0.078 seconds
[2025-12-10 18:29:13,196] {processor.py:163} INFO - Started process (PID=783) to work on /home/airflow/.local/lib/python3.6/site-packages/airflow/example_dags/example_kubernetes_executor.py
[2025-12-10 18:29:13,207] {processor.py:642} INFO - Processing file /home/airflow/.local/lib/python3.6/site-packages/airflow/example_dags/example_kubernetes_executor.py for tasks to queue
[2025-12-10 18:29:13,208] {logging_mixin.py:109} INFO - [2025-12-10 18:29:13,208] {dagbag.py:500} INFO - Filling up the DagBag from /home/airflow/.local/lib/python3.6/site-packages/airflow/example_dags/example_kubernetes_executor.py
[2025-12-10 18:29:13,246] {processor.py:654} INFO - DAG(s) dict_keys(['example_kubernetes_executor']) retrieved from /home/airflow/.local/lib/python3.6/site-packages/airflow/example_dags/example_kubernetes_executor.py
[2025-12-10 18:29:13,259] {logging_mixin.py:109} INFO - [2025-12-10 18:29:13,259] {dag.py:2396} INFO - Sync 1 DAGs
[2025-12-10 18:29:13,276] {logging_mixin.py:109} INFO - [2025-12-10 18:29:13,276] {dag.py:2935} INFO - Setting next_dagrun for example_kubernetes_executor to None
[2025-12-10 18:29:13,286] {processor.py:171} INFO - Processing /home/airflow/.local/lib/python3.6/site-packages/airflow/example_dags/example_kubernetes_executor.py took 0.092 seconds
[2025-12-10 18:29:43,707] {processor.py:163} INFO - Started process (PID=845) to work on /home/airflow/.local/lib/python3.6/site-packages/airflow/example_dags/example_kubernetes_executor.py
[2025-12-10 18:29:43,718] {processor.py:642} INFO - Processing file /home/airflow/.local/lib/python3.6/site-packages/airflow/example_dags/example_kubernetes_executor.py for tasks to queue
[2025-12-10 18:29:43,719] {logging_mixin.py:109} INFO - [2025-12-10 18:29:43,719] {dagbag.py:500} INFO - Filling up the DagBag from /home/airflow/.local/lib/python3.6/site-packages/airflow/example_dags/example_kubernetes_executor.py
[2025-12-10 18:29:43,750] {processor.py:654} INFO - DAG(s) dict_keys(['example_kubernetes_executor']) retrieved from /home/airflow/.local/lib/python3.6/site-packages/airflow/example_dags/example_kubernetes_executor.py
[2025-12-10 18:29:43,761] {logging_mixin.py:109} INFO - [2025-12-10 18:29:43,761] {dag.py:2396} INFO - Sync 1 DAGs
[2025-12-10 18:29:43,773] {logging_mixin.py:109} INFO - [2025-12-10 18:29:43,773] {dag.py:2935} INFO - Setting next_dagrun for example_kubernetes_executor to None
[2025-12-10 18:29:43,780] {processor.py:171} INFO - Processing /home/airflow/.local/lib/python3.6/site-packages/airflow/example_dags/example_kubernetes_executor.py took 0.076 seconds
[2025-12-10 18:30:14,206] {processor.py:163} INFO - Started process (PID=907) to work on /home/airflow/.local/lib/python3.6/site-packages/airflow/example_dags/example_kubernetes_executor.py
[2025-12-10 18:30:14,217] {processor.py:642} INFO - Processing file /home/airflow/.local/lib/python3.6/site-packages/airflow/example_dags/example_kubernetes_executor.py for tasks to queue
[2025-12-10 18:30:14,218] {logging_mixin.py:109} INFO - [2025-12-10 18:30:14,218] {dagbag.py:500} INFO - Filling up the DagBag from /home/airflow/.local/lib/python3.6/site-packages/airflow/example_dags/example_kubernetes_executor.py
[2025-12-10 18:30:14,264] {processor.py:654} INFO - DAG(s) dict_keys(['example_kubernetes_executor']) retrieved from /home/airflow/.local/lib/python3.6/site-packages/airflow/example_dags/example_kubernetes_executor.py
[2025-12-10 18:30:14,279] {logging_mixin.py:109} INFO - [2025-12-10 18:30:14,279] {dag.py:2396} INFO - Sync 1 DAGs
[2025-12-10 18:30:14,298] {logging_mixin.py:109} INFO - [2025-12-10 18:30:14,298] {dag.py:2935} INFO - Setting next_dagrun for example_kubernetes_executor to None
[2025-12-10 18:30:14,312] {processor.py:171} INFO - Processing /home/airflow/.local/lib/python3.6/site-packages/airflow/example_dags/example_kubernetes_executor.py took 0.112 seconds
[2025-12-10 18:30:44,631] {processor.py:163} INFO - Started process (PID=959) to work on /home/airflow/.local/lib/python3.6/site-packages/airflow/example_dags/example_kubernetes_executor.py
[2025-12-10 18:30:44,642] {processor.py:642} INFO - Processing file /home/airflow/.local/lib/python3.6/site-packages/airflow/example_dags/example_kubernetes_executor.py for tasks to queue
[2025-12-10 18:30:44,643] {logging_mixin.py:109} INFO - [2025-12-10 18:30:44,643] {dagbag.py:500} INFO - Filling up the DagBag from /home/airflow/.local/lib/python3.6/site-packages/airflow/example_dags/example_kubernetes_executor.py
[2025-12-10 18:30:44,674] {processor.py:654} INFO - DAG(s) dict_keys(['example_kubernetes_executor']) retrieved from /home/airflow/.local/lib/python3.6/site-packages/airflow/example_dags/example_kubernetes_executor.py
[2025-12-10 18:30:44,684] {logging_mixin.py:109} INFO - [2025-12-10 18:30:44,684] {dag.py:2396} INFO - Sync 1 DAGs
[2025-12-10 18:30:44,697] {logging_mixin.py:109} INFO - [2025-12-10 18:30:44,697] {dag.py:2935} INFO - Setting next_dagrun for example_kubernetes_executor to None
[2025-12-10 18:30:44,705] {processor.py:171} INFO - Processing /home/airflow/.local/lib/python3.6/site-packages/airflow/example_dags/example_kubernetes_executor.py took 0.076 seconds
[2025-12-10 18:31:15,201] {processor.py:163} INFO - Started process (PID=1021) to work on /home/airflow/.local/lib/python3.6/site-packages/airflow/example_dags/example_kubernetes_executor.py
[2025-12-10 18:31:15,211] {processor.py:642} INFO - Processing file /home/airflow/.local/lib/python3.6/site-packages/airflow/example_dags/example_kubernetes_executor.py for tasks to queue
[2025-12-10 18:31:15,212] {logging_mixin.py:109} INFO - [2025-12-10 18:31:15,212] {dagbag.py:500} INFO - Filling up the DagBag from /home/airflow/.local/lib/python3.6/site-packages/airflow/example_dags/example_kubernetes_executor.py
[2025-12-10 18:31:15,260] {processor.py:654} INFO - DAG(s) dict_keys(['example_kubernetes_executor']) retrieved from /home/airflow/.local/lib/python3.6/site-packages/airflow/example_dags/example_kubernetes_executor.py
[2025-12-10 18:31:15,280] {logging_mixin.py:109} INFO - [2025-12-10 18:31:15,280] {dag.py:2396} INFO - Sync 1 DAGs
[2025-12-10 18:31:15,297] {logging_mixin.py:109} INFO - [2025-12-10 18:31:15,297] {dag.py:2935} INFO - Setting next_dagrun for example_kubernetes_executor to None
[2025-12-10 18:31:15,308] {processor.py:171} INFO - Processing /home/airflow/.local/lib/python3.6/site-packages/airflow/example_dags/example_kubernetes_executor.py took 0.111 seconds
[2025-12-10 18:31:45,586] {processor.py:163} INFO - Started process (PID=1073) to work on /home/airflow/.local/lib/python3.6/site-packages/airflow/example_dags/example_kubernetes_executor.py
[2025-12-10 18:31:45,597] {processor.py:642} INFO - Processing file /home/airflow/.local/lib/python3.6/site-packages/airflow/example_dags/example_kubernetes_executor.py for tasks to queue
[2025-12-10 18:31:45,597] {logging_mixin.py:109} INFO - [2025-12-10 18:31:45,597] {dagbag.py:500} INFO - Filling up the DagBag from /home/airflow/.local/lib/python3.6/site-packages/airflow/example_dags/example_kubernetes_executor.py
[2025-12-10 18:31:45,630] {processor.py:654} INFO - DAG(s) dict_keys(['example_kubernetes_executor']) retrieved from /home/airflow/.local/lib/python3.6/site-packages/airflow/example_dags/example_kubernetes_executor.py
[2025-12-10 18:31:45,639] {logging_mixin.py:109} INFO - [2025-12-10 18:31:45,639] {dag.py:2396} INFO - Sync 1 DAGs
[2025-12-10 18:31:45,652] {logging_mixin.py:109} INFO - [2025-12-10 18:31:45,652] {dag.py:2935} INFO - Setting next_dagrun for example_kubernetes_executor to None
[2025-12-10 18:31:45,659] {processor.py:171} INFO - Processing /home/airflow/.local/lib/python3.6/site-packages/airflow/example_dags/example_kubernetes_executor.py took 0.076 seconds
[2025-12-10 18:32:16,013] {processor.py:163} INFO - Started process (PID=1135) to work on /home/airflow/.local/lib/python3.6/site-packages/airflow/example_dags/example_kubernetes_executor.py
[2025-12-10 18:32:16,014] {processor.py:642} INFO - Processing file /home/airflow/.local/lib/python3.6/site-packages/airflow/example_dags/example_kubernetes_executor.py for tasks to queue
[2025-12-10 18:32:16,015] {logging_mixin.py:109} INFO - [2025-12-10 18:32:16,015] {dagbag.py:500} INFO - Filling up the DagBag from /home/airflow/.local/lib/python3.6/site-packages/airflow/example_dags/example_kubernetes_executor.py
[2025-12-10 18:32:16,052] {processor.py:654} INFO - DAG(s) dict_keys(['example_kubernetes_executor']) retrieved from /home/airflow/.local/lib/python3.6/site-packages/airflow/example_dags/example_kubernetes_executor.py
[2025-12-10 18:32:16,064] {logging_mixin.py:109} INFO - [2025-12-10 18:32:16,064] {dag.py:2396} INFO - Sync 1 DAGs
[2025-12-10 18:32:16,081] {logging_mixin.py:109} INFO - [2025-12-10 18:32:16,081] {dag.py:2935} INFO - Setting next_dagrun for example_kubernetes_executor to None
[2025-12-10 18:32:16,090] {processor.py:171} INFO - Processing /home/airflow/.local/lib/python3.6/site-packages/airflow/example_dags/example_kubernetes_executor.py took 0.080 seconds
[2025-12-10 18:32:46,443] {processor.py:163} INFO - Started process (PID=1194) to work on /home/airflow/.local/lib/python3.6/site-packages/airflow/example_dags/example_kubernetes_executor.py
[2025-12-10 18:32:46,453] {processor.py:642} INFO - Processing file /home/airflow/.local/lib/python3.6/site-packages/airflow/example_dags/example_kubernetes_executor.py for tasks to queue
[2025-12-10 18:32:46,453] {logging_mixin.py:109} INFO - [2025-12-10 18:32:46,453] {dagbag.py:500} INFO - Filling up the DagBag from /home/airflow/.local/lib/python3.6/site-packages/airflow/example_dags/example_kubernetes_executor.py
[2025-12-10 18:32:46,484] {processor.py:654} INFO - DAG(s) dict_keys(['example_kubernetes_executor']) retrieved from /home/airflow/.local/lib/python3.6/site-packages/airflow/example_dags/example_kubernetes_executor.py
[2025-12-10 18:32:46,496] {logging_mixin.py:109} INFO - [2025-12-10 18:32:46,495] {dag.py:2396} INFO - Sync 1 DAGs
[2025-12-10 18:32:46,509] {logging_mixin.py:109} INFO - [2025-12-10 18:32:46,509] {dag.py:2935} INFO - Setting next_dagrun for example_kubernetes_executor to None
[2025-12-10 18:32:46,517] {processor.py:171} INFO - Processing /home/airflow/.local/lib/python3.6/site-packages/airflow/example_dags/example_kubernetes_executor.py took 0.078 seconds
[2025-12-10 18:33:16,875] {processor.py:163} INFO - Started process (PID=1249) to work on /home/airflow/.local/lib/python3.6/site-packages/airflow/example_dags/example_kubernetes_executor.py
[2025-12-10 18:33:16,876] {processor.py:642} INFO - Processing file /home/airflow/.local/lib/python3.6/site-packages/airflow/example_dags/example_kubernetes_executor.py for tasks to queue
[2025-12-10 18:33:16,876] {logging_mixin.py:109} INFO - [2025-12-10 18:33:16,876] {dagbag.py:500} INFO - Filling up the DagBag from /home/airflow/.local/lib/python3.6/site-packages/airflow/example_dags/example_kubernetes_executor.py
[2025-12-10 18:33:16,911] {processor.py:654} INFO - DAG(s) dict_keys(['example_kubernetes_executor']) retrieved from /home/airflow/.local/lib/python3.6/site-packages/airflow/example_dags/example_kubernetes_executor.py
[2025-12-10 18:33:16,922] {logging_mixin.py:109} INFO - [2025-12-10 18:33:16,922] {dag.py:2396} INFO - Sync 1 DAGs
[2025-12-10 18:33:16,936] {logging_mixin.py:109} INFO - [2025-12-10 18:33:16,935] {dag.py:2935} INFO - Setting next_dagrun for example_kubernetes_executor to None
[2025-12-10 18:33:16,945] {processor.py:171} INFO - Processing /home/airflow/.local/lib/python3.6/site-packages/airflow/example_dags/example_kubernetes_executor.py took 0.073 seconds
[2025-12-10 18:33:47,167] {processor.py:163} INFO - Started process (PID=1312) to work on /home/airflow/.local/lib/python3.6/site-packages/airflow/example_dags/example_kubernetes_executor.py
[2025-12-10 18:33:47,178] {processor.py:642} INFO - Processing file /home/airflow/.local/lib/python3.6/site-packages/airflow/example_dags/example_kubernetes_executor.py for tasks to queue
[2025-12-10 18:33:47,179] {logging_mixin.py:109} INFO - [2025-12-10 18:33:47,179] {dagbag.py:500} INFO - Filling up the DagBag from /home/airflow/.local/lib/python3.6/site-packages/airflow/example_dags/example_kubernetes_executor.py
[2025-12-10 18:33:47,210] {processor.py:654} INFO - DAG(s) dict_keys(['example_kubernetes_executor']) retrieved from /home/airflow/.local/lib/python3.6/site-packages/airflow/example_dags/example_kubernetes_executor.py
[2025-12-10 18:33:47,220] {logging_mixin.py:109} INFO - [2025-12-10 18:33:47,220] {dag.py:2396} INFO - Sync 1 DAGs
[2025-12-10 18:33:47,233] {logging_mixin.py:109} INFO - [2025-12-10 18:33:47,233] {dag.py:2935} INFO - Setting next_dagrun for example_kubernetes_executor to None
[2025-12-10 18:33:47,240] {processor.py:171} INFO - Processing /home/airflow/.local/lib/python3.6/site-packages/airflow/example_dags/example_kubernetes_executor.py took 0.075 seconds
[2025-12-10 18:34:17,700] {processor.py:163} INFO - Started process (PID=1364) to work on /home/airflow/.local/lib/python3.6/site-packages/airflow/example_dags/example_kubernetes_executor.py
[2025-12-10 18:34:17,701] {processor.py:642} INFO - Processing file /home/airflow/.local/lib/python3.6/site-packages/airflow/example_dags/example_kubernetes_executor.py for tasks to queue
[2025-12-10 18:34:17,702] {logging_mixin.py:109} INFO - [2025-12-10 18:34:17,701] {dagbag.py:500} INFO - Filling up the DagBag from /home/airflow/.local/lib/python3.6/site-packages/airflow/example_dags/example_kubernetes_executor.py
[2025-12-10 18:34:17,735] {processor.py:654} INFO - DAG(s) dict_keys(['example_kubernetes_executor']) retrieved from /home/airflow/.local/lib/python3.6/site-packages/airflow/example_dags/example_kubernetes_executor.py
[2025-12-10 18:34:17,746] {logging_mixin.py:109} INFO - [2025-12-10 18:34:17,746] {dag.py:2396} INFO - Sync 1 DAGs
[2025-12-10 18:34:17,759] {logging_mixin.py:109} INFO - [2025-12-10 18:34:17,759] {dag.py:2935} INFO - Setting next_dagrun for example_kubernetes_executor to None
[2025-12-10 18:34:17,767] {processor.py:171} INFO - Processing /home/airflow/.local/lib/python3.6/site-packages/airflow/example_dags/example_kubernetes_executor.py took 0.070 seconds
[2025-12-10 18:34:48,026] {processor.py:163} INFO - Started process (PID=1426) to work on /home/airflow/.local/lib/python3.6/site-packages/airflow/example_dags/example_kubernetes_executor.py
[2025-12-10 18:34:48,037] {processor.py:642} INFO - Processing file /home/airflow/.local/lib/python3.6/site-packages/airflow/example_dags/example_kubernetes_executor.py for tasks to queue
[2025-12-10 18:34:48,037] {logging_mixin.py:109} INFO - [2025-12-10 18:34:48,037] {dagbag.py:500} INFO - Filling up the DagBag from /home/airflow/.local/lib/python3.6/site-packages/airflow/example_dags/example_kubernetes_executor.py
[2025-12-10 18:34:48,068] {processor.py:654} INFO - DAG(s) dict_keys(['example_kubernetes_executor']) retrieved from /home/airflow/.local/lib/python3.6/site-packages/airflow/example_dags/example_kubernetes_executor.py
[2025-12-10 18:34:48,078] {logging_mixin.py:109} INFO - [2025-12-10 18:34:48,078] {dag.py:2396} INFO - Sync 1 DAGs
[2025-12-10 18:34:48,091] {logging_mixin.py:109} INFO - [2025-12-10 18:34:48,091] {dag.py:2935} INFO - Setting next_dagrun for example_kubernetes_executor to None
[2025-12-10 18:34:48,098] {processor.py:171} INFO - Processing /home/airflow/.local/lib/python3.6/site-packages/airflow/example_dags/example_kubernetes_executor.py took 0.075 seconds
[2025-12-10 18:35:18,230] {processor.py:163} INFO - Started process (PID=1488) to work on /home/airflow/.local/lib/python3.6/site-packages/airflow/example_dags/example_kubernetes_executor.py
[2025-12-10 18:35:18,231] {processor.py:642} INFO - Processing file /home/airflow/.local/lib/python3.6/site-packages/airflow/example_dags/example_kubernetes_executor.py for tasks to queue
[2025-12-10 18:35:18,231] {logging_mixin.py:109} INFO - [2025-12-10 18:35:18,231] {dagbag.py:500} INFO - Filling up the DagBag from /home/airflow/.local/lib/python3.6/site-packages/airflow/example_dags/example_kubernetes_executor.py
[2025-12-10 18:35:18,272] {processor.py:654} INFO - DAG(s) dict_keys(['example_kubernetes_executor']) retrieved from /home/airflow/.local/lib/python3.6/site-packages/airflow/example_dags/example_kubernetes_executor.py
[2025-12-10 18:35:18,288] {logging_mixin.py:109} INFO - [2025-12-10 18:35:18,288] {dag.py:2396} INFO - Sync 1 DAGs
[2025-12-10 18:35:18,306] {logging_mixin.py:109} INFO - [2025-12-10 18:35:18,306] {dag.py:2935} INFO - Setting next_dagrun for example_kubernetes_executor to None
[2025-12-10 18:35:18,315] {processor.py:171} INFO - Processing /home/airflow/.local/lib/python3.6/site-packages/airflow/example_dags/example_kubernetes_executor.py took 0.089 seconds
[2025-12-10 18:35:48,507] {processor.py:163} INFO - Started process (PID=1540) to work on /home/airflow/.local/lib/python3.6/site-packages/airflow/example_dags/example_kubernetes_executor.py
[2025-12-10 18:35:48,518] {processor.py:642} INFO - Processing file /home/airflow/.local/lib/python3.6/site-packages/airflow/example_dags/example_kubernetes_executor.py for tasks to queue
[2025-12-10 18:35:48,518] {logging_mixin.py:109} INFO - [2025-12-10 18:35:48,518] {dagbag.py:500} INFO - Filling up the DagBag from /home/airflow/.local/lib/python3.6/site-packages/airflow/example_dags/example_kubernetes_executor.py
[2025-12-10 18:35:48,549] {processor.py:654} INFO - DAG(s) dict_keys(['example_kubernetes_executor']) retrieved from /home/airflow/.local/lib/python3.6/site-packages/airflow/example_dags/example_kubernetes_executor.py
[2025-12-10 18:35:48,559] {logging_mixin.py:109} INFO - [2025-12-10 18:35:48,559] {dag.py:2396} INFO - Sync 1 DAGs
[2025-12-10 18:35:48,573] {logging_mixin.py:109} INFO - [2025-12-10 18:35:48,573] {dag.py:2935} INFO - Setting next_dagrun for example_kubernetes_executor to None
[2025-12-10 18:35:48,581] {processor.py:171} INFO - Processing /home/airflow/.local/lib/python3.6/site-packages/airflow/example_dags/example_kubernetes_executor.py took 0.077 seconds
[2025-12-10 18:36:19,230] {processor.py:163} INFO - Started process (PID=1602) to work on /home/airflow/.local/lib/python3.6/site-packages/airflow/example_dags/example_kubernetes_executor.py
[2025-12-10 18:36:19,230] {processor.py:642} INFO - Processing file /home/airflow/.local/lib/python3.6/site-packages/airflow/example_dags/example_kubernetes_executor.py for tasks to queue
[2025-12-10 18:36:19,231] {logging_mixin.py:109} INFO - [2025-12-10 18:36:19,231] {dagbag.py:500} INFO - Filling up the DagBag from /home/airflow/.local/lib/python3.6/site-packages/airflow/example_dags/example_kubernetes_executor.py
[2025-12-10 18:36:19,263] {processor.py:654} INFO - DAG(s) dict_keys(['example_kubernetes_executor']) retrieved from /home/airflow/.local/lib/python3.6/site-packages/airflow/example_dags/example_kubernetes_executor.py
[2025-12-10 18:36:19,274] {logging_mixin.py:109} INFO - [2025-12-10 18:36:19,274] {dag.py:2396} INFO - Sync 1 DAGs
[2025-12-10 18:36:19,287] {logging_mixin.py:109} INFO - [2025-12-10 18:36:19,287] {dag.py:2935} INFO - Setting next_dagrun for example_kubernetes_executor to None
[2025-12-10 18:36:19,295] {processor.py:171} INFO - Processing /home/airflow/.local/lib/python3.6/site-packages/airflow/example_dags/example_kubernetes_executor.py took 0.069 seconds
[2025-12-10 18:36:49,769] {processor.py:163} INFO - Started process (PID=1654) to work on /home/airflow/.local/lib/python3.6/site-packages/airflow/example_dags/example_kubernetes_executor.py
[2025-12-10 18:36:49,770] {processor.py:642} INFO - Processing file /home/airflow/.local/lib/python3.6/site-packages/airflow/example_dags/example_kubernetes_executor.py for tasks to queue
[2025-12-10 18:36:49,771] {logging_mixin.py:109} INFO - [2025-12-10 18:36:49,771] {dagbag.py:500} INFO - Filling up the DagBag from /home/airflow/.local/lib/python3.6/site-packages/airflow/example_dags/example_kubernetes_executor.py
[2025-12-10 18:36:49,812] {processor.py:654} INFO - DAG(s) dict_keys(['example_kubernetes_executor']) retrieved from /home/airflow/.local/lib/python3.6/site-packages/airflow/example_dags/example_kubernetes_executor.py
[2025-12-10 18:36:49,824] {logging_mixin.py:109} INFO - [2025-12-10 18:36:49,824] {dag.py:2396} INFO - Sync 1 DAGs
[2025-12-10 18:36:49,840] {logging_mixin.py:109} INFO - [2025-12-10 18:36:49,840] {dag.py:2935} INFO - Setting next_dagrun for example_kubernetes_executor to None
[2025-12-10 18:36:49,859] {processor.py:171} INFO - Processing /home/airflow/.local/lib/python3.6/site-packages/airflow/example_dags/example_kubernetes_executor.py took 0.094 seconds
[2025-12-10 18:37:20,225] {processor.py:163} INFO - Started process (PID=1716) to work on /home/airflow/.local/lib/python3.6/site-packages/airflow/example_dags/example_kubernetes_executor.py
[2025-12-10 18:37:20,226] {processor.py:642} INFO - Processing file /home/airflow/.local/lib/python3.6/site-packages/airflow/example_dags/example_kubernetes_executor.py for tasks to queue
[2025-12-10 18:37:20,226] {logging_mixin.py:109} INFO - [2025-12-10 18:37:20,226] {dagbag.py:500} INFO - Filling up the DagBag from /home/airflow/.local/lib/python3.6/site-packages/airflow/example_dags/example_kubernetes_executor.py
[2025-12-10 18:37:20,257] {processor.py:654} INFO - DAG(s) dict_keys(['example_kubernetes_executor']) retrieved from /home/airflow/.local/lib/python3.6/site-packages/airflow/example_dags/example_kubernetes_executor.py
[2025-12-10 18:37:20,268] {logging_mixin.py:109} INFO - [2025-12-10 18:37:20,268] {dag.py:2396} INFO - Sync 1 DAGs
[2025-12-10 18:37:20,281] {logging_mixin.py:109} INFO - [2025-12-10 18:37:20,281] {dag.py:2935} INFO - Setting next_dagrun for example_kubernetes_executor to None
[2025-12-10 18:37:20,289] {processor.py:171} INFO - Processing /home/airflow/.local/lib/python3.6/site-packages/airflow/example_dags/example_kubernetes_executor.py took 0.068 seconds
[2025-12-10 18:37:50,484] {processor.py:163} INFO - Started process (PID=1778) to work on /home/airflow/.local/lib/python3.6/site-packages/airflow/example_dags/example_kubernetes_executor.py
[2025-12-10 18:37:50,494] {processor.py:642} INFO - Processing file /home/airflow/.local/lib/python3.6/site-packages/airflow/example_dags/example_kubernetes_executor.py for tasks to queue
[2025-12-10 18:37:50,495] {logging_mixin.py:109} INFO - [2025-12-10 18:37:50,495] {dagbag.py:500} INFO - Filling up the DagBag from /home/airflow/.local/lib/python3.6/site-packages/airflow/example_dags/example_kubernetes_executor.py
[2025-12-10 18:37:50,529] {processor.py:654} INFO - DAG(s) dict_keys(['example_kubernetes_executor']) retrieved from /home/airflow/.local/lib/python3.6/site-packages/airflow/example_dags/example_kubernetes_executor.py
[2025-12-10 18:37:50,540] {logging_mixin.py:109} INFO - [2025-12-10 18:37:50,540] {dag.py:2396} INFO - Sync 1 DAGs
[2025-12-10 18:37:50,556] {logging_mixin.py:109} INFO - [2025-12-10 18:37:50,556] {dag.py:2935} INFO - Setting next_dagrun for example_kubernetes_executor to None
[2025-12-10 18:37:50,565] {processor.py:171} INFO - Processing /home/airflow/.local/lib/python3.6/site-packages/airflow/example_dags/example_kubernetes_executor.py took 0.084 seconds
[2025-12-10 18:38:20,833] {processor.py:163} INFO - Started process (PID=1830) to work on /home/airflow/.local/lib/python3.6/site-packages/airflow/example_dags/example_kubernetes_executor.py
[2025-12-10 18:38:20,834] {processor.py:642} INFO - Processing file /home/airflow/.local/lib/python3.6/site-packages/airflow/example_dags/example_kubernetes_executor.py for tasks to queue
[2025-12-10 18:38:20,835] {logging_mixin.py:109} INFO - [2025-12-10 18:38:20,835] {dagbag.py:500} INFO - Filling up the DagBag from /home/airflow/.local/lib/python3.6/site-packages/airflow/example_dags/example_kubernetes_executor.py
[2025-12-10 18:38:20,866] {processor.py:654} INFO - DAG(s) dict_keys(['example_kubernetes_executor']) retrieved from /home/airflow/.local/lib/python3.6/site-packages/airflow/example_dags/example_kubernetes_executor.py
[2025-12-10 18:38:20,877] {logging_mixin.py:109} INFO - [2025-12-10 18:38:20,877] {dag.py:2396} INFO - Sync 1 DAGs
[2025-12-10 18:38:20,891] {logging_mixin.py:109} INFO - [2025-12-10 18:38:20,891] {dag.py:2935} INFO - Setting next_dagrun for example_kubernetes_executor to None
[2025-12-10 18:38:20,899] {processor.py:171} INFO - Processing /home/airflow/.local/lib/python3.6/site-packages/airflow/example_dags/example_kubernetes_executor.py took 0.070 seconds
[2025-12-10 18:38:51,295] {processor.py:163} INFO - Started process (PID=1892) to work on /home/airflow/.local/lib/python3.6/site-packages/airflow/example_dags/example_kubernetes_executor.py
[2025-12-10 18:38:51,306] {processor.py:642} INFO - Processing file /home/airflow/.local/lib/python3.6/site-packages/airflow/example_dags/example_kubernetes_executor.py for tasks to queue
[2025-12-10 18:38:51,306] {logging_mixin.py:109} INFO - [2025-12-10 18:38:51,306] {dagbag.py:500} INFO - Filling up the DagBag from /home/airflow/.local/lib/python3.6/site-packages/airflow/example_dags/example_kubernetes_executor.py
[2025-12-10 18:38:51,339] {processor.py:654} INFO - DAG(s) dict_keys(['example_kubernetes_executor']) retrieved from /home/airflow/.local/lib/python3.6/site-packages/airflow/example_dags/example_kubernetes_executor.py
[2025-12-10 18:38:51,349] {logging_mixin.py:109} INFO - [2025-12-10 18:38:51,349] {dag.py:2396} INFO - Sync 1 DAGs
[2025-12-10 18:38:51,363] {logging_mixin.py:109} INFO - [2025-12-10 18:38:51,363] {dag.py:2935} INFO - Setting next_dagrun for example_kubernetes_executor to None
[2025-12-10 18:38:51,371] {processor.py:171} INFO - Processing /home/airflow/.local/lib/python3.6/site-packages/airflow/example_dags/example_kubernetes_executor.py took 0.079 seconds
[2025-12-10 18:39:21,573] {processor.py:163} INFO - Started process (PID=1944) to work on /home/airflow/.local/lib/python3.6/site-packages/airflow/example_dags/example_kubernetes_executor.py
[2025-12-10 18:39:21,574] {processor.py:642} INFO - Processing file /home/airflow/.local/lib/python3.6/site-packages/airflow/example_dags/example_kubernetes_executor.py for tasks to queue
[2025-12-10 18:39:21,574] {logging_mixin.py:109} INFO - [2025-12-10 18:39:21,574] {dagbag.py:500} INFO - Filling up the DagBag from /home/airflow/.local/lib/python3.6/site-packages/airflow/example_dags/example_kubernetes_executor.py
[2025-12-10 18:39:21,605] {processor.py:654} INFO - DAG(s) dict_keys(['example_kubernetes_executor']) retrieved from /home/airflow/.local/lib/python3.6/site-packages/airflow/example_dags/example_kubernetes_executor.py
[2025-12-10 18:39:21,615] {logging_mixin.py:109} INFO - [2025-12-10 18:39:21,615] {dag.py:2396} INFO - Sync 1 DAGs
[2025-12-10 18:39:21,627] {logging_mixin.py:109} INFO - [2025-12-10 18:39:21,627] {dag.py:2935} INFO - Setting next_dagrun for example_kubernetes_executor to None
[2025-12-10 18:39:21,635] {processor.py:171} INFO - Processing /home/airflow/.local/lib/python3.6/site-packages/airflow/example_dags/example_kubernetes_executor.py took 0.064 seconds
[2025-12-10 18:39:51,873] {processor.py:163} INFO - Started process (PID=2006) to work on /home/airflow/.local/lib/python3.6/site-packages/airflow/example_dags/example_kubernetes_executor.py
[2025-12-10 18:39:51,884] {processor.py:642} INFO - Processing file /home/airflow/.local/lib/python3.6/site-packages/airflow/example_dags/example_kubernetes_executor.py for tasks to queue
[2025-12-10 18:39:51,884] {logging_mixin.py:109} INFO - [2025-12-10 18:39:51,884] {dagbag.py:500} INFO - Filling up the DagBag from /home/airflow/.local/lib/python3.6/site-packages/airflow/example_dags/example_kubernetes_executor.py
[2025-12-10 18:39:51,915] {processor.py:654} INFO - DAG(s) dict_keys(['example_kubernetes_executor']) retrieved from /home/airflow/.local/lib/python3.6/site-packages/airflow/example_dags/example_kubernetes_executor.py
[2025-12-10 18:39:51,925] {logging_mixin.py:109} INFO - [2025-12-10 18:39:51,925] {dag.py:2396} INFO - Sync 1 DAGs
[2025-12-10 18:39:51,940] {logging_mixin.py:109} INFO - [2025-12-10 18:39:51,940] {dag.py:2935} INFO - Setting next_dagrun for example_kubernetes_executor to None
[2025-12-10 18:39:51,949] {processor.py:171} INFO - Processing /home/airflow/.local/lib/python3.6/site-packages/airflow/example_dags/example_kubernetes_executor.py took 0.079 seconds
[2025-12-10 18:40:22,257] {processor.py:163} INFO - Started process (PID=2068) to work on /home/airflow/.local/lib/python3.6/site-packages/airflow/example_dags/example_kubernetes_executor.py
[2025-12-10 18:40:22,258] {processor.py:642} INFO - Processing file /home/airflow/.local/lib/python3.6/site-packages/airflow/example_dags/example_kubernetes_executor.py for tasks to queue
[2025-12-10 18:40:22,258] {logging_mixin.py:109} INFO - [2025-12-10 18:40:22,258] {dagbag.py:500} INFO - Filling up the DagBag from /home/airflow/.local/lib/python3.6/site-packages/airflow/example_dags/example_kubernetes_executor.py
[2025-12-10 18:40:22,291] {processor.py:654} INFO - DAG(s) dict_keys(['example_kubernetes_executor']) retrieved from /home/airflow/.local/lib/python3.6/site-packages/airflow/example_dags/example_kubernetes_executor.py
[2025-12-10 18:40:22,302] {logging_mixin.py:109} INFO - [2025-12-10 18:40:22,302] {dag.py:2396} INFO - Sync 1 DAGs
[2025-12-10 18:40:22,317] {logging_mixin.py:109} INFO - [2025-12-10 18:40:22,317] {dag.py:2935} INFO - Setting next_dagrun for example_kubernetes_executor to None
[2025-12-10 18:40:22,325] {processor.py:171} INFO - Processing /home/airflow/.local/lib/python3.6/site-packages/airflow/example_dags/example_kubernetes_executor.py took 0.071 seconds
[2025-12-10 18:40:52,610] {processor.py:163} INFO - Started process (PID=2120) to work on /home/airflow/.local/lib/python3.6/site-packages/airflow/example_dags/example_kubernetes_executor.py
[2025-12-10 18:40:52,621] {processor.py:642} INFO - Processing file /home/airflow/.local/lib/python3.6/site-packages/airflow/example_dags/example_kubernetes_executor.py for tasks to queue
[2025-12-10 18:40:52,621] {logging_mixin.py:109} INFO - [2025-12-10 18:40:52,621] {dagbag.py:500} INFO - Filling up the DagBag from /home/airflow/.local/lib/python3.6/site-packages/airflow/example_dags/example_kubernetes_executor.py
[2025-12-10 18:40:52,652] {processor.py:654} INFO - DAG(s) dict_keys(['example_kubernetes_executor']) retrieved from /home/airflow/.local/lib/python3.6/site-packages/airflow/example_dags/example_kubernetes_executor.py
[2025-12-10 18:40:52,662] {logging_mixin.py:109} INFO - [2025-12-10 18:40:52,662] {dag.py:2396} INFO - Sync 1 DAGs
[2025-12-10 18:40:52,676] {logging_mixin.py:109} INFO - [2025-12-10 18:40:52,676] {dag.py:2935} INFO - Setting next_dagrun for example_kubernetes_executor to None
[2025-12-10 18:40:52,685] {processor.py:171} INFO - Processing /home/airflow/.local/lib/python3.6/site-packages/airflow/example_dags/example_kubernetes_executor.py took 0.080 seconds
[2025-12-10 18:41:23,054] {processor.py:163} INFO - Started process (PID=2182) to work on /home/airflow/.local/lib/python3.6/site-packages/airflow/example_dags/example_kubernetes_executor.py
[2025-12-10 18:41:23,058] {processor.py:642} INFO - Processing file /home/airflow/.local/lib/python3.6/site-packages/airflow/example_dags/example_kubernetes_executor.py for tasks to queue
[2025-12-10 18:41:23,059] {logging_mixin.py:109} INFO - [2025-12-10 18:41:23,059] {dagbag.py:500} INFO - Filling up the DagBag from /home/airflow/.local/lib/python3.6/site-packages/airflow/example_dags/example_kubernetes_executor.py
[2025-12-10 18:41:23,095] {processor.py:654} INFO - DAG(s) dict_keys(['example_kubernetes_executor']) retrieved from /home/airflow/.local/lib/python3.6/site-packages/airflow/example_dags/example_kubernetes_executor.py
[2025-12-10 18:41:23,107] {logging_mixin.py:109} INFO - [2025-12-10 18:41:23,107] {dag.py:2396} INFO - Sync 1 DAGs
[2025-12-10 18:41:23,123] {logging_mixin.py:109} INFO - [2025-12-10 18:41:23,123] {dag.py:2935} INFO - Setting next_dagrun for example_kubernetes_executor to None
[2025-12-10 18:41:23,131] {processor.py:171} INFO - Processing /home/airflow/.local/lib/python3.6/site-packages/airflow/example_dags/example_kubernetes_executor.py took 0.080 seconds
[2025-12-10 18:41:53,410] {processor.py:163} INFO - Started process (PID=2234) to work on /home/airflow/.local/lib/python3.6/site-packages/airflow/example_dags/example_kubernetes_executor.py
[2025-12-10 18:41:53,412] {processor.py:642} INFO - Processing file /home/airflow/.local/lib/python3.6/site-packages/airflow/example_dags/example_kubernetes_executor.py for tasks to queue
[2025-12-10 18:41:53,413] {logging_mixin.py:109} INFO - [2025-12-10 18:41:53,413] {dagbag.py:500} INFO - Filling up the DagBag from /home/airflow/.local/lib/python3.6/site-packages/airflow/example_dags/example_kubernetes_executor.py
[2025-12-10 18:41:53,460] {processor.py:654} INFO - DAG(s) dict_keys(['example_kubernetes_executor']) retrieved from /home/airflow/.local/lib/python3.6/site-packages/airflow/example_dags/example_kubernetes_executor.py
[2025-12-10 18:41:53,474] {logging_mixin.py:109} INFO - [2025-12-10 18:41:53,474] {dag.py:2396} INFO - Sync 1 DAGs
[2025-12-10 18:41:53,491] {logging_mixin.py:109} INFO - [2025-12-10 18:41:53,491] {dag.py:2935} INFO - Setting next_dagrun for example_kubernetes_executor to None
[2025-12-10 18:41:53,508] {processor.py:171} INFO - Processing /home/airflow/.local/lib/python3.6/site-packages/airflow/example_dags/example_kubernetes_executor.py took 0.101 seconds
[2025-12-10 18:42:23,718] {processor.py:163} INFO - Started process (PID=2296) to work on /home/airflow/.local/lib/python3.6/site-packages/airflow/example_dags/example_kubernetes_executor.py
[2025-12-10 18:42:23,719] {processor.py:642} INFO - Processing file /home/airflow/.local/lib/python3.6/site-packages/airflow/example_dags/example_kubernetes_executor.py for tasks to queue
[2025-12-10 18:42:23,720] {logging_mixin.py:109} INFO - [2025-12-10 18:42:23,720] {dagbag.py:500} INFO - Filling up the DagBag from /home/airflow/.local/lib/python3.6/site-packages/airflow/example_dags/example_kubernetes_executor.py
[2025-12-10 18:42:23,756] {processor.py:654} INFO - DAG(s) dict_keys(['example_kubernetes_executor']) retrieved from /home/airflow/.local/lib/python3.6/site-packages/airflow/example_dags/example_kubernetes_executor.py
[2025-12-10 18:42:23,766] {logging_mixin.py:109} INFO - [2025-12-10 18:42:23,766] {dag.py:2396} INFO - Sync 1 DAGs
[2025-12-10 18:42:23,782] {logging_mixin.py:109} INFO - [2025-12-10 18:42:23,782] {dag.py:2935} INFO - Setting next_dagrun for example_kubernetes_executor to None
[2025-12-10 18:42:23,791] {processor.py:171} INFO - Processing /home/airflow/.local/lib/python3.6/site-packages/airflow/example_dags/example_kubernetes_executor.py took 0.077 seconds
[2025-12-10 18:42:54,225] {processor.py:163} INFO - Started process (PID=2355) to work on /home/airflow/.local/lib/python3.6/site-packages/airflow/example_dags/example_kubernetes_executor.py
[2025-12-10 18:42:54,227] {processor.py:642} INFO - Processing file /home/airflow/.local/lib/python3.6/site-packages/airflow/example_dags/example_kubernetes_executor.py for tasks to queue
[2025-12-10 18:42:54,228] {logging_mixin.py:109} INFO - [2025-12-10 18:42:54,228] {dagbag.py:500} INFO - Filling up the DagBag from /home/airflow/.local/lib/python3.6/site-packages/airflow/example_dags/example_kubernetes_executor.py
[2025-12-10 18:42:54,269] {processor.py:654} INFO - DAG(s) dict_keys(['example_kubernetes_executor']) retrieved from /home/airflow/.local/lib/python3.6/site-packages/airflow/example_dags/example_kubernetes_executor.py
[2025-12-10 18:42:54,284] {logging_mixin.py:109} INFO - [2025-12-10 18:42:54,284] {dag.py:2396} INFO - Sync 1 DAGs
[2025-12-10 18:42:54,304] {logging_mixin.py:109} INFO - [2025-12-10 18:42:54,304] {dag.py:2935} INFO - Setting next_dagrun for example_kubernetes_executor to None
[2025-12-10 18:42:54,322] {processor.py:171} INFO - Processing /home/airflow/.local/lib/python3.6/site-packages/airflow/example_dags/example_kubernetes_executor.py took 0.101 seconds
[2025-12-10 18:43:24,780] {processor.py:163} INFO - Started process (PID=2410) to work on /home/airflow/.local/lib/python3.6/site-packages/airflow/example_dags/example_kubernetes_executor.py
[2025-12-10 18:43:24,781] {processor.py:642} INFO - Processing file /home/airflow/.local/lib/python3.6/site-packages/airflow/example_dags/example_kubernetes_executor.py for tasks to queue
[2025-12-10 18:43:24,782] {logging_mixin.py:109} INFO - [2025-12-10 18:43:24,782] {dagbag.py:500} INFO - Filling up the DagBag from /home/airflow/.local/lib/python3.6/site-packages/airflow/example_dags/example_kubernetes_executor.py
[2025-12-10 18:43:24,821] {processor.py:654} INFO - DAG(s) dict_keys(['example_kubernetes_executor']) retrieved from /home/airflow/.local/lib/python3.6/site-packages/airflow/example_dags/example_kubernetes_executor.py
[2025-12-10 18:43:24,832] {logging_mixin.py:109} INFO - [2025-12-10 18:43:24,832] {dag.py:2396} INFO - Sync 1 DAGs
[2025-12-10 18:43:24,847] {logging_mixin.py:109} INFO - [2025-12-10 18:43:24,847] {dag.py:2935} INFO - Setting next_dagrun for example_kubernetes_executor to None
[2025-12-10 18:43:24,856] {processor.py:171} INFO - Processing /home/airflow/.local/lib/python3.6/site-packages/airflow/example_dags/example_kubernetes_executor.py took 0.081 seconds
[2025-12-10 18:43:55,388] {processor.py:163} INFO - Started process (PID=2472) to work on /home/airflow/.local/lib/python3.6/site-packages/airflow/example_dags/example_kubernetes_executor.py
[2025-12-10 18:43:55,389] {processor.py:642} INFO - Processing file /home/airflow/.local/lib/python3.6/site-packages/airflow/example_dags/example_kubernetes_executor.py for tasks to queue
[2025-12-10 18:43:55,390] {logging_mixin.py:109} INFO - [2025-12-10 18:43:55,390] {dagbag.py:500} INFO - Filling up the DagBag from /home/airflow/.local/lib/python3.6/site-packages/airflow/example_dags/example_kubernetes_executor.py
[2025-12-10 18:43:55,424] {processor.py:654} INFO - DAG(s) dict_keys(['example_kubernetes_executor']) retrieved from /home/airflow/.local/lib/python3.6/site-packages/airflow/example_dags/example_kubernetes_executor.py
[2025-12-10 18:43:55,436] {logging_mixin.py:109} INFO - [2025-12-10 18:43:55,436] {dag.py:2396} INFO - Sync 1 DAGs
[2025-12-10 18:43:55,451] {logging_mixin.py:109} INFO - [2025-12-10 18:43:55,451] {dag.py:2935} INFO - Setting next_dagrun for example_kubernetes_executor to None
[2025-12-10 18:43:55,459] {processor.py:171} INFO - Processing /home/airflow/.local/lib/python3.6/site-packages/airflow/example_dags/example_kubernetes_executor.py took 0.076 seconds
[2025-12-10 18:46:30,256] {processor.py:163} INFO - Started process (PID=61) to work on /home/airflow/.local/lib/python3.6/site-packages/airflow/example_dags/example_kubernetes_executor.py
[2025-12-10 18:46:30,258] {processor.py:642} INFO - Processing file /home/airflow/.local/lib/python3.6/site-packages/airflow/example_dags/example_kubernetes_executor.py for tasks to queue
[2025-12-10 18:46:30,259] {logging_mixin.py:109} INFO - [2025-12-10 18:46:30,258] {dagbag.py:500} INFO - Filling up the DagBag from /home/airflow/.local/lib/python3.6/site-packages/airflow/example_dags/example_kubernetes_executor.py
[2025-12-10 18:46:30,292] {processor.py:654} INFO - DAG(s) dict_keys(['example_kubernetes_executor']) retrieved from /home/airflow/.local/lib/python3.6/site-packages/airflow/example_dags/example_kubernetes_executor.py
[2025-12-10 18:46:30,304] {logging_mixin.py:109} INFO - [2025-12-10 18:46:30,304] {dag.py:2396} INFO - Sync 1 DAGs
[2025-12-10 18:46:30,319] {logging_mixin.py:109} INFO - [2025-12-10 18:46:30,319] {dag.py:2935} INFO - Setting next_dagrun for example_kubernetes_executor to None
[2025-12-10 18:46:30,326] {processor.py:171} INFO - Processing /home/airflow/.local/lib/python3.6/site-packages/airflow/example_dags/example_kubernetes_executor.py took 0.074 seconds
[2025-12-10 18:47:02,142] {processor.py:163} INFO - Started process (PID=113) to work on /home/airflow/.local/lib/python3.6/site-packages/airflow/example_dags/example_kubernetes_executor.py
[2025-12-10 18:47:02,144] {processor.py:642} INFO - Processing file /home/airflow/.local/lib/python3.6/site-packages/airflow/example_dags/example_kubernetes_executor.py for tasks to queue
[2025-12-10 18:47:02,146] {logging_mixin.py:109} INFO - [2025-12-10 18:47:02,145] {dagbag.py:500} INFO - Filling up the DagBag from /home/airflow/.local/lib/python3.6/site-packages/airflow/example_dags/example_kubernetes_executor.py
[2025-12-10 18:47:02,225] {processor.py:654} INFO - DAG(s) dict_keys(['example_kubernetes_executor']) retrieved from /home/airflow/.local/lib/python3.6/site-packages/airflow/example_dags/example_kubernetes_executor.py
[2025-12-10 18:47:02,270] {logging_mixin.py:109} INFO - [2025-12-10 18:47:02,270] {dag.py:2396} INFO - Sync 1 DAGs
[2025-12-10 18:47:02,309] {logging_mixin.py:109} INFO - [2025-12-10 18:47:02,309] {dag.py:2935} INFO - Setting next_dagrun for example_kubernetes_executor to None
[2025-12-10 18:47:02,330] {processor.py:171} INFO - Processing /home/airflow/.local/lib/python3.6/site-packages/airflow/example_dags/example_kubernetes_executor.py took 0.198 seconds
[2025-12-10 18:47:33,389] {processor.py:163} INFO - Started process (PID=175) to work on /home/airflow/.local/lib/python3.6/site-packages/airflow/example_dags/example_kubernetes_executor.py
[2025-12-10 18:47:33,399] {processor.py:642} INFO - Processing file /home/airflow/.local/lib/python3.6/site-packages/airflow/example_dags/example_kubernetes_executor.py for tasks to queue
[2025-12-10 18:47:33,400] {logging_mixin.py:109} INFO - [2025-12-10 18:47:33,400] {dagbag.py:500} INFO - Filling up the DagBag from /home/airflow/.local/lib/python3.6/site-packages/airflow/example_dags/example_kubernetes_executor.py
[2025-12-10 18:47:33,454] {processor.py:654} INFO - DAG(s) dict_keys(['example_kubernetes_executor']) retrieved from /home/airflow/.local/lib/python3.6/site-packages/airflow/example_dags/example_kubernetes_executor.py
[2025-12-10 18:47:33,472] {logging_mixin.py:109} INFO - [2025-12-10 18:47:33,472] {dag.py:2396} INFO - Sync 1 DAGs
[2025-12-10 18:47:33,504] {logging_mixin.py:109} INFO - [2025-12-10 18:47:33,503] {dag.py:2935} INFO - Setting next_dagrun for example_kubernetes_executor to None
[2025-12-10 18:47:33,521] {processor.py:171} INFO - Processing /home/airflow/.local/lib/python3.6/site-packages/airflow/example_dags/example_kubernetes_executor.py took 0.139 seconds
[2025-12-10 18:48:04,417] {processor.py:163} INFO - Started process (PID=228) to work on /home/airflow/.local/lib/python3.6/site-packages/airflow/example_dags/example_kubernetes_executor.py
[2025-12-10 18:48:04,419] {processor.py:642} INFO - Processing file /home/airflow/.local/lib/python3.6/site-packages/airflow/example_dags/example_kubernetes_executor.py for tasks to queue
[2025-12-10 18:48:04,420] {logging_mixin.py:109} INFO - [2025-12-10 18:48:04,419] {dagbag.py:500} INFO - Filling up the DagBag from /home/airflow/.local/lib/python3.6/site-packages/airflow/example_dags/example_kubernetes_executor.py
[2025-12-10 18:48:04,469] {processor.py:654} INFO - DAG(s) dict_keys(['example_kubernetes_executor']) retrieved from /home/airflow/.local/lib/python3.6/site-packages/airflow/example_dags/example_kubernetes_executor.py
[2025-12-10 18:48:04,490] {logging_mixin.py:109} INFO - [2025-12-10 18:48:04,490] {dag.py:2396} INFO - Sync 1 DAGs
[2025-12-10 18:48:04,525] {logging_mixin.py:109} INFO - [2025-12-10 18:48:04,524] {dag.py:2935} INFO - Setting next_dagrun for example_kubernetes_executor to None
[2025-12-10 18:48:04,542] {processor.py:171} INFO - Processing /home/airflow/.local/lib/python3.6/site-packages/airflow/example_dags/example_kubernetes_executor.py took 0.132 seconds
[2025-12-10 18:48:35,621] {processor.py:163} INFO - Started process (PID=290) to work on /home/airflow/.local/lib/python3.6/site-packages/airflow/example_dags/example_kubernetes_executor.py
[2025-12-10 18:48:35,626] {processor.py:642} INFO - Processing file /home/airflow/.local/lib/python3.6/site-packages/airflow/example_dags/example_kubernetes_executor.py for tasks to queue
[2025-12-10 18:48:35,627] {logging_mixin.py:109} INFO - [2025-12-10 18:48:35,627] {dagbag.py:500} INFO - Filling up the DagBag from /home/airflow/.local/lib/python3.6/site-packages/airflow/example_dags/example_kubernetes_executor.py
[2025-12-10 18:48:35,672] {processor.py:654} INFO - DAG(s) dict_keys(['example_kubernetes_executor']) retrieved from /home/airflow/.local/lib/python3.6/site-packages/airflow/example_dags/example_kubernetes_executor.py
[2025-12-10 18:48:35,686] {logging_mixin.py:109} INFO - [2025-12-10 18:48:35,686] {dag.py:2396} INFO - Sync 1 DAGs
[2025-12-10 18:48:35,713] {logging_mixin.py:109} INFO - [2025-12-10 18:48:35,713] {dag.py:2935} INFO - Setting next_dagrun for example_kubernetes_executor to None
[2025-12-10 18:48:35,722] {processor.py:171} INFO - Processing /home/airflow/.local/lib/python3.6/site-packages/airflow/example_dags/example_kubernetes_executor.py took 0.110 seconds
[2025-12-10 18:49:06,399] {processor.py:163} INFO - Started process (PID=343) to work on /home/airflow/.local/lib/python3.6/site-packages/airflow/example_dags/example_kubernetes_executor.py
[2025-12-10 18:49:06,400] {processor.py:642} INFO - Processing file /home/airflow/.local/lib/python3.6/site-packages/airflow/example_dags/example_kubernetes_executor.py for tasks to queue
[2025-12-10 18:49:06,400] {logging_mixin.py:109} INFO - [2025-12-10 18:49:06,400] {dagbag.py:500} INFO - Filling up the DagBag from /home/airflow/.local/lib/python3.6/site-packages/airflow/example_dags/example_kubernetes_executor.py
[2025-12-10 18:49:06,431] {processor.py:654} INFO - DAG(s) dict_keys(['example_kubernetes_executor']) retrieved from /home/airflow/.local/lib/python3.6/site-packages/airflow/example_dags/example_kubernetes_executor.py
[2025-12-10 18:49:06,442] {logging_mixin.py:109} INFO - [2025-12-10 18:49:06,442] {dag.py:2396} INFO - Sync 1 DAGs
[2025-12-10 18:49:06,455] {logging_mixin.py:109} INFO - [2025-12-10 18:49:06,455] {dag.py:2935} INFO - Setting next_dagrun for example_kubernetes_executor to None
[2025-12-10 18:49:06,462] {processor.py:171} INFO - Processing /home/airflow/.local/lib/python3.6/site-packages/airflow/example_dags/example_kubernetes_executor.py took 0.067 seconds
[2025-12-10 18:49:36,733] {processor.py:163} INFO - Started process (PID=405) to work on /home/airflow/.local/lib/python3.6/site-packages/airflow/example_dags/example_kubernetes_executor.py
[2025-12-10 18:49:36,734] {processor.py:642} INFO - Processing file /home/airflow/.local/lib/python3.6/site-packages/airflow/example_dags/example_kubernetes_executor.py for tasks to queue
[2025-12-10 18:49:36,735] {logging_mixin.py:109} INFO - [2025-12-10 18:49:36,735] {dagbag.py:500} INFO - Filling up the DagBag from /home/airflow/.local/lib/python3.6/site-packages/airflow/example_dags/example_kubernetes_executor.py
[2025-12-10 18:49:36,767] {processor.py:654} INFO - DAG(s) dict_keys(['example_kubernetes_executor']) retrieved from /home/airflow/.local/lib/python3.6/site-packages/airflow/example_dags/example_kubernetes_executor.py
[2025-12-10 18:49:36,778] {logging_mixin.py:109} INFO - [2025-12-10 18:49:36,777] {dag.py:2396} INFO - Sync 1 DAGs
[2025-12-10 18:49:36,793] {logging_mixin.py:109} INFO - [2025-12-10 18:49:36,793] {dag.py:2935} INFO - Setting next_dagrun for example_kubernetes_executor to None
[2025-12-10 18:49:36,801] {processor.py:171} INFO - Processing /home/airflow/.local/lib/python3.6/site-packages/airflow/example_dags/example_kubernetes_executor.py took 0.071 seconds
[2025-12-10 18:50:07,884] {processor.py:163} INFO - Started process (PID=457) to work on /home/airflow/.local/lib/python3.6/site-packages/airflow/example_dags/example_kubernetes_executor.py
[2025-12-10 18:50:07,886] {processor.py:642} INFO - Processing file /home/airflow/.local/lib/python3.6/site-packages/airflow/example_dags/example_kubernetes_executor.py for tasks to queue
[2025-12-10 18:50:07,886] {logging_mixin.py:109} INFO - [2025-12-10 18:50:07,886] {dagbag.py:500} INFO - Filling up the DagBag from /home/airflow/.local/lib/python3.6/site-packages/airflow/example_dags/example_kubernetes_executor.py
[2025-12-10 18:50:07,921] {processor.py:654} INFO - DAG(s) dict_keys(['example_kubernetes_executor']) retrieved from /home/airflow/.local/lib/python3.6/site-packages/airflow/example_dags/example_kubernetes_executor.py
[2025-12-10 18:50:07,933] {logging_mixin.py:109} INFO - [2025-12-10 18:50:07,932] {dag.py:2396} INFO - Sync 1 DAGs
[2025-12-10 18:50:07,953] {logging_mixin.py:109} INFO - [2025-12-10 18:50:07,953] {dag.py:2935} INFO - Setting next_dagrun for example_kubernetes_executor to None
[2025-12-10 18:50:07,986] {processor.py:171} INFO - Processing /home/airflow/.local/lib/python3.6/site-packages/airflow/example_dags/example_kubernetes_executor.py took 0.105 seconds
[2025-12-10 18:51:32,338] {processor.py:163} INFO - Started process (PID=296) to work on /home/airflow/.local/lib/python3.6/site-packages/airflow/example_dags/example_kubernetes_executor.py
[2025-12-10 18:51:32,339] {processor.py:642} INFO - Processing file /home/airflow/.local/lib/python3.6/site-packages/airflow/example_dags/example_kubernetes_executor.py for tasks to queue
[2025-12-10 18:51:32,340] {logging_mixin.py:109} INFO - [2025-12-10 18:51:32,339] {dagbag.py:500} INFO - Filling up the DagBag from /home/airflow/.local/lib/python3.6/site-packages/airflow/example_dags/example_kubernetes_executor.py
[2025-12-10 18:51:32,378] {processor.py:654} INFO - DAG(s) dict_keys(['example_kubernetes_executor']) retrieved from /home/airflow/.local/lib/python3.6/site-packages/airflow/example_dags/example_kubernetes_executor.py
[2025-12-10 18:51:34,254] {logging_mixin.py:109} INFO - [2025-12-10 18:51:34,254] {manager.py:496} INFO - Created Permission View: can read on DAG:example_kubernetes_executor
[2025-12-10 18:51:34,262] {logging_mixin.py:109} INFO - [2025-12-10 18:51:34,261] {manager.py:496} INFO - Created Permission View: can edit on DAG:example_kubernetes_executor
[2025-12-10 18:51:34,263] {logging_mixin.py:109} INFO - [2025-12-10 18:51:34,262] {dag.py:2396} INFO - Sync 1 DAGs
[2025-12-10 18:51:34,271] {logging_mixin.py:109} INFO - [2025-12-10 18:51:34,270] {dag.py:2415} INFO - Creating ORM DAG for example_kubernetes_executor
[2025-12-10 18:51:34,277] {logging_mixin.py:109} INFO - [2025-12-10 18:51:34,277] {dag.py:2935} INFO - Setting next_dagrun for example_kubernetes_executor to None
[2025-12-10 18:51:34,289] {processor.py:171} INFO - Processing /home/airflow/.local/lib/python3.6/site-packages/airflow/example_dags/example_kubernetes_executor.py took 1.955 seconds
[2025-12-10 18:52:04,492] {processor.py:163} INFO - Started process (PID=493) to work on /home/airflow/.local/lib/python3.6/site-packages/airflow/example_dags/example_kubernetes_executor.py
[2025-12-10 18:52:04,493] {processor.py:642} INFO - Processing file /home/airflow/.local/lib/python3.6/site-packages/airflow/example_dags/example_kubernetes_executor.py for tasks to queue
[2025-12-10 18:52:04,493] {logging_mixin.py:109} INFO - [2025-12-10 18:52:04,493] {dagbag.py:500} INFO - Filling up the DagBag from /home/airflow/.local/lib/python3.6/site-packages/airflow/example_dags/example_kubernetes_executor.py
[2025-12-10 18:52:04,539] {processor.py:654} INFO - DAG(s) dict_keys(['example_kubernetes_executor']) retrieved from /home/airflow/.local/lib/python3.6/site-packages/airflow/example_dags/example_kubernetes_executor.py
[2025-12-10 18:52:04,555] {logging_mixin.py:109} INFO - [2025-12-10 18:52:04,554] {dag.py:2396} INFO - Sync 1 DAGs
[2025-12-10 18:52:04,574] {logging_mixin.py:109} INFO - [2025-12-10 18:52:04,574] {dag.py:2935} INFO - Setting next_dagrun for example_kubernetes_executor to None
[2025-12-10 18:52:04,595] {processor.py:171} INFO - Processing /home/airflow/.local/lib/python3.6/site-packages/airflow/example_dags/example_kubernetes_executor.py took 0.106 seconds
