[2025-12-10 18:26:17,264] {processor.py:163} INFO - Started process (PID=402) to work on /home/airflow/.local/lib/python3.6/site-packages/airflow/example_dags/example_complex.py
[2025-12-10 18:26:17,265] {processor.py:642} INFO - Processing file /home/airflow/.local/lib/python3.6/site-packages/airflow/example_dags/example_complex.py for tasks to queue
[2025-12-10 18:26:17,266] {logging_mixin.py:109} INFO - [2025-12-10 18:26:17,266] {dagbag.py:500} INFO - Filling up the DagBag from /home/airflow/.local/lib/python3.6/site-packages/airflow/example_dags/example_complex.py
[2025-12-10 18:26:17,304] {processor.py:654} INFO - DAG(s) dict_keys(['example_complex']) retrieved from /home/airflow/.local/lib/python3.6/site-packages/airflow/example_dags/example_complex.py
[2025-12-10 18:26:19,668] {logging_mixin.py:109} INFO - [2025-12-10 18:26:19,668] {manager.py:496} INFO - Created Permission View: can edit on DAG:example_complex
[2025-12-10 18:26:19,678] {logging_mixin.py:109} INFO - [2025-12-10 18:26:19,678] {manager.py:496} INFO - Created Permission View: can read on DAG:example_complex
[2025-12-10 18:26:19,680] {logging_mixin.py:109} INFO - [2025-12-10 18:26:19,679] {dag.py:2396} INFO - Sync 1 DAGs
[2025-12-10 18:26:19,690] {logging_mixin.py:109} INFO - [2025-12-10 18:26:19,689] {dag.py:2415} INFO - Creating ORM DAG for example_complex
[2025-12-10 18:26:19,702] {logging_mixin.py:109} INFO - [2025-12-10 18:26:19,702] {dag.py:2935} INFO - Setting next_dagrun for example_complex to None
[2025-12-10 18:26:19,715] {processor.py:171} INFO - Processing /home/airflow/.local/lib/python3.6/site-packages/airflow/example_dags/example_complex.py took 2.455 seconds
[2025-12-10 18:26:49,781] {processor.py:163} INFO - Started process (PID=512) to work on /home/airflow/.local/lib/python3.6/site-packages/airflow/example_dags/example_complex.py
[2025-12-10 18:26:49,783] {processor.py:642} INFO - Processing file /home/airflow/.local/lib/python3.6/site-packages/airflow/example_dags/example_complex.py for tasks to queue
[2025-12-10 18:26:49,783] {logging_mixin.py:109} INFO - [2025-12-10 18:26:49,783] {dagbag.py:500} INFO - Filling up the DagBag from /home/airflow/.local/lib/python3.6/site-packages/airflow/example_dags/example_complex.py
[2025-12-10 18:26:49,818] {processor.py:654} INFO - DAG(s) dict_keys(['example_complex']) retrieved from /home/airflow/.local/lib/python3.6/site-packages/airflow/example_dags/example_complex.py
[2025-12-10 18:26:49,830] {logging_mixin.py:109} INFO - [2025-12-10 18:26:49,830] {dag.py:2396} INFO - Sync 1 DAGs
[2025-12-10 18:26:49,844] {logging_mixin.py:109} INFO - [2025-12-10 18:26:49,844] {dag.py:2935} INFO - Setting next_dagrun for example_complex to None
[2025-12-10 18:26:49,853] {processor.py:171} INFO - Processing /home/airflow/.local/lib/python3.6/site-packages/airflow/example_dags/example_complex.py took 0.075 seconds
[2025-12-10 18:27:20,184] {processor.py:163} INFO - Started process (PID=573) to work on /home/airflow/.local/lib/python3.6/site-packages/airflow/example_dags/example_complex.py
[2025-12-10 18:27:20,191] {processor.py:642} INFO - Processing file /home/airflow/.local/lib/python3.6/site-packages/airflow/example_dags/example_complex.py for tasks to queue
[2025-12-10 18:27:20,191] {logging_mixin.py:109} INFO - [2025-12-10 18:27:20,191] {dagbag.py:500} INFO - Filling up the DagBag from /home/airflow/.local/lib/python3.6/site-packages/airflow/example_dags/example_complex.py
[2025-12-10 18:27:20,224] {processor.py:654} INFO - DAG(s) dict_keys(['example_complex']) retrieved from /home/airflow/.local/lib/python3.6/site-packages/airflow/example_dags/example_complex.py
[2025-12-10 18:27:20,236] {logging_mixin.py:109} INFO - [2025-12-10 18:27:20,235] {dag.py:2396} INFO - Sync 1 DAGs
[2025-12-10 18:27:20,250] {logging_mixin.py:109} INFO - [2025-12-10 18:27:20,250] {dag.py:2935} INFO - Setting next_dagrun for example_complex to None
[2025-12-10 18:27:20,258] {processor.py:171} INFO - Processing /home/airflow/.local/lib/python3.6/site-packages/airflow/example_dags/example_complex.py took 0.077 seconds
[2025-12-10 18:27:50,800] {processor.py:163} INFO - Started process (PID=626) to work on /home/airflow/.local/lib/python3.6/site-packages/airflow/example_dags/example_complex.py
[2025-12-10 18:27:50,807] {processor.py:642} INFO - Processing file /home/airflow/.local/lib/python3.6/site-packages/airflow/example_dags/example_complex.py for tasks to queue
[2025-12-10 18:27:50,807] {logging_mixin.py:109} INFO - [2025-12-10 18:27:50,807] {dagbag.py:500} INFO - Filling up the DagBag from /home/airflow/.local/lib/python3.6/site-packages/airflow/example_dags/example_complex.py
[2025-12-10 18:27:50,845] {processor.py:654} INFO - DAG(s) dict_keys(['example_complex']) retrieved from /home/airflow/.local/lib/python3.6/site-packages/airflow/example_dags/example_complex.py
[2025-12-10 18:27:50,860] {logging_mixin.py:109} INFO - [2025-12-10 18:27:50,860] {dag.py:2396} INFO - Sync 1 DAGs
[2025-12-10 18:27:50,879] {logging_mixin.py:109} INFO - [2025-12-10 18:27:50,879] {dag.py:2935} INFO - Setting next_dagrun for example_complex to None
[2025-12-10 18:27:50,888] {processor.py:171} INFO - Processing /home/airflow/.local/lib/python3.6/site-packages/airflow/example_dags/example_complex.py took 0.092 seconds
[2025-12-10 18:28:20,984] {processor.py:163} INFO - Started process (PID=688) to work on /home/airflow/.local/lib/python3.6/site-packages/airflow/example_dags/example_complex.py
[2025-12-10 18:28:20,990] {processor.py:642} INFO - Processing file /home/airflow/.local/lib/python3.6/site-packages/airflow/example_dags/example_complex.py for tasks to queue
[2025-12-10 18:28:20,992] {logging_mixin.py:109} INFO - [2025-12-10 18:28:20,992] {dagbag.py:500} INFO - Filling up the DagBag from /home/airflow/.local/lib/python3.6/site-packages/airflow/example_dags/example_complex.py
[2025-12-10 18:28:21,025] {processor.py:654} INFO - DAG(s) dict_keys(['example_complex']) retrieved from /home/airflow/.local/lib/python3.6/site-packages/airflow/example_dags/example_complex.py
[2025-12-10 18:28:21,037] {logging_mixin.py:109} INFO - [2025-12-10 18:28:21,037] {dag.py:2396} INFO - Sync 1 DAGs
[2025-12-10 18:28:21,051] {logging_mixin.py:109} INFO - [2025-12-10 18:28:21,051] {dag.py:2935} INFO - Setting next_dagrun for example_complex to None
[2025-12-10 18:28:21,058] {processor.py:171} INFO - Processing /home/airflow/.local/lib/python3.6/site-packages/airflow/example_dags/example_complex.py took 0.077 seconds
[2025-12-10 18:28:51,142] {processor.py:163} INFO - Started process (PID=740) to work on /home/airflow/.local/lib/python3.6/site-packages/airflow/example_dags/example_complex.py
[2025-12-10 18:28:51,143] {processor.py:642} INFO - Processing file /home/airflow/.local/lib/python3.6/site-packages/airflow/example_dags/example_complex.py for tasks to queue
[2025-12-10 18:28:51,144] {logging_mixin.py:109} INFO - [2025-12-10 18:28:51,143] {dagbag.py:500} INFO - Filling up the DagBag from /home/airflow/.local/lib/python3.6/site-packages/airflow/example_dags/example_complex.py
[2025-12-10 18:28:51,174] {processor.py:654} INFO - DAG(s) dict_keys(['example_complex']) retrieved from /home/airflow/.local/lib/python3.6/site-packages/airflow/example_dags/example_complex.py
[2025-12-10 18:28:51,186] {logging_mixin.py:109} INFO - [2025-12-10 18:28:51,186] {dag.py:2396} INFO - Sync 1 DAGs
[2025-12-10 18:28:51,200] {logging_mixin.py:109} INFO - [2025-12-10 18:28:51,200] {dag.py:2935} INFO - Setting next_dagrun for example_complex to None
[2025-12-10 18:28:51,207] {processor.py:171} INFO - Processing /home/airflow/.local/lib/python3.6/site-packages/airflow/example_dags/example_complex.py took 0.068 seconds
[2025-12-10 18:29:21,566] {processor.py:163} INFO - Started process (PID=802) to work on /home/airflow/.local/lib/python3.6/site-packages/airflow/example_dags/example_complex.py
[2025-12-10 18:29:21,567] {processor.py:642} INFO - Processing file /home/airflow/.local/lib/python3.6/site-packages/airflow/example_dags/example_complex.py for tasks to queue
[2025-12-10 18:29:21,568] {logging_mixin.py:109} INFO - [2025-12-10 18:29:21,568] {dagbag.py:500} INFO - Filling up the DagBag from /home/airflow/.local/lib/python3.6/site-packages/airflow/example_dags/example_complex.py
[2025-12-10 18:29:21,600] {processor.py:654} INFO - DAG(s) dict_keys(['example_complex']) retrieved from /home/airflow/.local/lib/python3.6/site-packages/airflow/example_dags/example_complex.py
[2025-12-10 18:29:21,612] {logging_mixin.py:109} INFO - [2025-12-10 18:29:21,612] {dag.py:2396} INFO - Sync 1 DAGs
[2025-12-10 18:29:21,625] {logging_mixin.py:109} INFO - [2025-12-10 18:29:21,625] {dag.py:2935} INFO - Setting next_dagrun for example_complex to None
[2025-12-10 18:29:21,632] {processor.py:171} INFO - Processing /home/airflow/.local/lib/python3.6/site-packages/airflow/example_dags/example_complex.py took 0.069 seconds
[2025-12-10 18:29:52,094] {processor.py:163} INFO - Started process (PID=864) to work on /home/airflow/.local/lib/python3.6/site-packages/airflow/example_dags/example_complex.py
[2025-12-10 18:29:52,096] {processor.py:642} INFO - Processing file /home/airflow/.local/lib/python3.6/site-packages/airflow/example_dags/example_complex.py for tasks to queue
[2025-12-10 18:29:52,096] {logging_mixin.py:109} INFO - [2025-12-10 18:29:52,096] {dagbag.py:500} INFO - Filling up the DagBag from /home/airflow/.local/lib/python3.6/site-packages/airflow/example_dags/example_complex.py
[2025-12-10 18:29:52,129] {processor.py:654} INFO - DAG(s) dict_keys(['example_complex']) retrieved from /home/airflow/.local/lib/python3.6/site-packages/airflow/example_dags/example_complex.py
[2025-12-10 18:29:52,142] {logging_mixin.py:109} INFO - [2025-12-10 18:29:52,142] {dag.py:2396} INFO - Sync 1 DAGs
[2025-12-10 18:29:52,156] {logging_mixin.py:109} INFO - [2025-12-10 18:29:52,156] {dag.py:2935} INFO - Setting next_dagrun for example_complex to None
[2025-12-10 18:29:52,163] {processor.py:171} INFO - Processing /home/airflow/.local/lib/python3.6/site-packages/airflow/example_dags/example_complex.py took 0.072 seconds
[2025-12-10 18:30:22,501] {processor.py:163} INFO - Started process (PID=916) to work on /home/airflow/.local/lib/python3.6/site-packages/airflow/example_dags/example_complex.py
[2025-12-10 18:30:22,503] {processor.py:642} INFO - Processing file /home/airflow/.local/lib/python3.6/site-packages/airflow/example_dags/example_complex.py for tasks to queue
[2025-12-10 18:30:22,503] {logging_mixin.py:109} INFO - [2025-12-10 18:30:22,503] {dagbag.py:500} INFO - Filling up the DagBag from /home/airflow/.local/lib/python3.6/site-packages/airflow/example_dags/example_complex.py
[2025-12-10 18:30:22,536] {processor.py:654} INFO - DAG(s) dict_keys(['example_complex']) retrieved from /home/airflow/.local/lib/python3.6/site-packages/airflow/example_dags/example_complex.py
[2025-12-10 18:30:22,547] {logging_mixin.py:109} INFO - [2025-12-10 18:30:22,547] {dag.py:2396} INFO - Sync 1 DAGs
[2025-12-10 18:30:22,560] {logging_mixin.py:109} INFO - [2025-12-10 18:30:22,560] {dag.py:2935} INFO - Setting next_dagrun for example_complex to None
[2025-12-10 18:30:22,567] {processor.py:171} INFO - Processing /home/airflow/.local/lib/python3.6/site-packages/airflow/example_dags/example_complex.py took 0.069 seconds
[2025-12-10 18:30:52,939] {processor.py:163} INFO - Started process (PID=978) to work on /home/airflow/.local/lib/python3.6/site-packages/airflow/example_dags/example_complex.py
[2025-12-10 18:30:52,941] {processor.py:642} INFO - Processing file /home/airflow/.local/lib/python3.6/site-packages/airflow/example_dags/example_complex.py for tasks to queue
[2025-12-10 18:30:52,941] {logging_mixin.py:109} INFO - [2025-12-10 18:30:52,941] {dagbag.py:500} INFO - Filling up the DagBag from /home/airflow/.local/lib/python3.6/site-packages/airflow/example_dags/example_complex.py
[2025-12-10 18:30:52,972] {processor.py:654} INFO - DAG(s) dict_keys(['example_complex']) retrieved from /home/airflow/.local/lib/python3.6/site-packages/airflow/example_dags/example_complex.py
[2025-12-10 18:30:52,983] {logging_mixin.py:109} INFO - [2025-12-10 18:30:52,983] {dag.py:2396} INFO - Sync 1 DAGs
[2025-12-10 18:30:52,996] {logging_mixin.py:109} INFO - [2025-12-10 18:30:52,996] {dag.py:2935} INFO - Setting next_dagrun for example_complex to None
[2025-12-10 18:30:53,003] {processor.py:171} INFO - Processing /home/airflow/.local/lib/python3.6/site-packages/airflow/example_dags/example_complex.py took 0.067 seconds
[2025-12-10 18:31:23,227] {processor.py:163} INFO - Started process (PID=1030) to work on /home/airflow/.local/lib/python3.6/site-packages/airflow/example_dags/example_complex.py
[2025-12-10 18:31:23,229] {processor.py:642} INFO - Processing file /home/airflow/.local/lib/python3.6/site-packages/airflow/example_dags/example_complex.py for tasks to queue
[2025-12-10 18:31:23,229] {logging_mixin.py:109} INFO - [2025-12-10 18:31:23,229] {dagbag.py:500} INFO - Filling up the DagBag from /home/airflow/.local/lib/python3.6/site-packages/airflow/example_dags/example_complex.py
[2025-12-10 18:31:23,261] {processor.py:654} INFO - DAG(s) dict_keys(['example_complex']) retrieved from /home/airflow/.local/lib/python3.6/site-packages/airflow/example_dags/example_complex.py
[2025-12-10 18:31:23,271] {logging_mixin.py:109} INFO - [2025-12-10 18:31:23,271] {dag.py:2396} INFO - Sync 1 DAGs
[2025-12-10 18:31:23,284] {logging_mixin.py:109} INFO - [2025-12-10 18:31:23,284] {dag.py:2935} INFO - Setting next_dagrun for example_complex to None
[2025-12-10 18:31:23,291] {processor.py:171} INFO - Processing /home/airflow/.local/lib/python3.6/site-packages/airflow/example_dags/example_complex.py took 0.067 seconds
[2025-12-10 18:31:53,785] {processor.py:163} INFO - Started process (PID=1092) to work on /home/airflow/.local/lib/python3.6/site-packages/airflow/example_dags/example_complex.py
[2025-12-10 18:31:53,786] {processor.py:642} INFO - Processing file /home/airflow/.local/lib/python3.6/site-packages/airflow/example_dags/example_complex.py for tasks to queue
[2025-12-10 18:31:53,786] {logging_mixin.py:109} INFO - [2025-12-10 18:31:53,786] {dagbag.py:500} INFO - Filling up the DagBag from /home/airflow/.local/lib/python3.6/site-packages/airflow/example_dags/example_complex.py
[2025-12-10 18:31:53,817] {processor.py:654} INFO - DAG(s) dict_keys(['example_complex']) retrieved from /home/airflow/.local/lib/python3.6/site-packages/airflow/example_dags/example_complex.py
[2025-12-10 18:31:53,828] {logging_mixin.py:109} INFO - [2025-12-10 18:31:53,828] {dag.py:2396} INFO - Sync 1 DAGs
[2025-12-10 18:31:53,841] {logging_mixin.py:109} INFO - [2025-12-10 18:31:53,841] {dag.py:2935} INFO - Setting next_dagrun for example_complex to None
[2025-12-10 18:31:53,847] {processor.py:171} INFO - Processing /home/airflow/.local/lib/python3.6/site-packages/airflow/example_dags/example_complex.py took 0.066 seconds
[2025-12-10 18:32:24,169] {processor.py:163} INFO - Started process (PID=1154) to work on /home/airflow/.local/lib/python3.6/site-packages/airflow/example_dags/example_complex.py
[2025-12-10 18:32:24,170] {processor.py:642} INFO - Processing file /home/airflow/.local/lib/python3.6/site-packages/airflow/example_dags/example_complex.py for tasks to queue
[2025-12-10 18:32:24,171] {logging_mixin.py:109} INFO - [2025-12-10 18:32:24,171] {dagbag.py:500} INFO - Filling up the DagBag from /home/airflow/.local/lib/python3.6/site-packages/airflow/example_dags/example_complex.py
[2025-12-10 18:32:24,204] {processor.py:654} INFO - DAG(s) dict_keys(['example_complex']) retrieved from /home/airflow/.local/lib/python3.6/site-packages/airflow/example_dags/example_complex.py
[2025-12-10 18:32:24,217] {logging_mixin.py:109} INFO - [2025-12-10 18:32:24,217] {dag.py:2396} INFO - Sync 1 DAGs
[2025-12-10 18:32:24,231] {logging_mixin.py:109} INFO - [2025-12-10 18:32:24,231] {dag.py:2935} INFO - Setting next_dagrun for example_complex to None
[2025-12-10 18:32:24,239] {processor.py:171} INFO - Processing /home/airflow/.local/lib/python3.6/site-packages/airflow/example_dags/example_complex.py took 0.073 seconds
[2025-12-10 18:32:54,584] {processor.py:163} INFO - Started process (PID=1206) to work on /home/airflow/.local/lib/python3.6/site-packages/airflow/example_dags/example_complex.py
[2025-12-10 18:32:54,584] {processor.py:642} INFO - Processing file /home/airflow/.local/lib/python3.6/site-packages/airflow/example_dags/example_complex.py for tasks to queue
[2025-12-10 18:32:54,585] {logging_mixin.py:109} INFO - [2025-12-10 18:32:54,585] {dagbag.py:500} INFO - Filling up the DagBag from /home/airflow/.local/lib/python3.6/site-packages/airflow/example_dags/example_complex.py
[2025-12-10 18:32:54,617] {processor.py:654} INFO - DAG(s) dict_keys(['example_complex']) retrieved from /home/airflow/.local/lib/python3.6/site-packages/airflow/example_dags/example_complex.py
[2025-12-10 18:32:54,628] {logging_mixin.py:109} INFO - [2025-12-10 18:32:54,628] {dag.py:2396} INFO - Sync 1 DAGs
[2025-12-10 18:32:54,641] {logging_mixin.py:109} INFO - [2025-12-10 18:32:54,641] {dag.py:2935} INFO - Setting next_dagrun for example_complex to None
[2025-12-10 18:32:54,648] {processor.py:171} INFO - Processing /home/airflow/.local/lib/python3.6/site-packages/airflow/example_dags/example_complex.py took 0.068 seconds
[2025-12-10 18:33:24,965] {processor.py:163} INFO - Started process (PID=1268) to work on /home/airflow/.local/lib/python3.6/site-packages/airflow/example_dags/example_complex.py
[2025-12-10 18:33:24,966] {processor.py:642} INFO - Processing file /home/airflow/.local/lib/python3.6/site-packages/airflow/example_dags/example_complex.py for tasks to queue
[2025-12-10 18:33:24,967] {logging_mixin.py:109} INFO - [2025-12-10 18:33:24,966] {dagbag.py:500} INFO - Filling up the DagBag from /home/airflow/.local/lib/python3.6/site-packages/airflow/example_dags/example_complex.py
[2025-12-10 18:33:24,998] {processor.py:654} INFO - DAG(s) dict_keys(['example_complex']) retrieved from /home/airflow/.local/lib/python3.6/site-packages/airflow/example_dags/example_complex.py
[2025-12-10 18:33:25,011] {logging_mixin.py:109} INFO - [2025-12-10 18:33:25,011] {dag.py:2396} INFO - Sync 1 DAGs
[2025-12-10 18:33:25,026] {logging_mixin.py:109} INFO - [2025-12-10 18:33:25,026] {dag.py:2935} INFO - Setting next_dagrun for example_complex to None
[2025-12-10 18:33:25,034] {processor.py:171} INFO - Processing /home/airflow/.local/lib/python3.6/site-packages/airflow/example_dags/example_complex.py took 0.073 seconds
[2025-12-10 18:33:55,329] {processor.py:163} INFO - Started process (PID=1331) to work on /home/airflow/.local/lib/python3.6/site-packages/airflow/example_dags/example_complex.py
[2025-12-10 18:33:55,330] {processor.py:642} INFO - Processing file /home/airflow/.local/lib/python3.6/site-packages/airflow/example_dags/example_complex.py for tasks to queue
[2025-12-10 18:33:55,330] {logging_mixin.py:109} INFO - [2025-12-10 18:33:55,330] {dagbag.py:500} INFO - Filling up the DagBag from /home/airflow/.local/lib/python3.6/site-packages/airflow/example_dags/example_complex.py
[2025-12-10 18:33:55,364] {processor.py:654} INFO - DAG(s) dict_keys(['example_complex']) retrieved from /home/airflow/.local/lib/python3.6/site-packages/airflow/example_dags/example_complex.py
[2025-12-10 18:33:55,376] {logging_mixin.py:109} INFO - [2025-12-10 18:33:55,376] {dag.py:2396} INFO - Sync 1 DAGs
[2025-12-10 18:33:55,390] {logging_mixin.py:109} INFO - [2025-12-10 18:33:55,390] {dag.py:2935} INFO - Setting next_dagrun for example_complex to None
[2025-12-10 18:33:55,397] {processor.py:171} INFO - Processing /home/airflow/.local/lib/python3.6/site-packages/airflow/example_dags/example_complex.py took 0.071 seconds
[2025-12-10 18:34:25,823] {processor.py:163} INFO - Started process (PID=1383) to work on /home/airflow/.local/lib/python3.6/site-packages/airflow/example_dags/example_complex.py
[2025-12-10 18:34:25,824] {processor.py:642} INFO - Processing file /home/airflow/.local/lib/python3.6/site-packages/airflow/example_dags/example_complex.py for tasks to queue
[2025-12-10 18:34:25,825] {logging_mixin.py:109} INFO - [2025-12-10 18:34:25,825] {dagbag.py:500} INFO - Filling up the DagBag from /home/airflow/.local/lib/python3.6/site-packages/airflow/example_dags/example_complex.py
[2025-12-10 18:34:25,855] {processor.py:654} INFO - DAG(s) dict_keys(['example_complex']) retrieved from /home/airflow/.local/lib/python3.6/site-packages/airflow/example_dags/example_complex.py
[2025-12-10 18:34:25,866] {logging_mixin.py:109} INFO - [2025-12-10 18:34:25,866] {dag.py:2396} INFO - Sync 1 DAGs
[2025-12-10 18:34:25,880] {logging_mixin.py:109} INFO - [2025-12-10 18:34:25,880] {dag.py:2935} INFO - Setting next_dagrun for example_complex to None
[2025-12-10 18:34:25,887] {processor.py:171} INFO - Processing /home/airflow/.local/lib/python3.6/site-packages/airflow/example_dags/example_complex.py took 0.067 seconds
[2025-12-10 18:34:56,098] {processor.py:163} INFO - Started process (PID=1445) to work on /home/airflow/.local/lib/python3.6/site-packages/airflow/example_dags/example_complex.py
[2025-12-10 18:34:56,100] {processor.py:642} INFO - Processing file /home/airflow/.local/lib/python3.6/site-packages/airflow/example_dags/example_complex.py for tasks to queue
[2025-12-10 18:34:56,101] {logging_mixin.py:109} INFO - [2025-12-10 18:34:56,101] {dagbag.py:500} INFO - Filling up the DagBag from /home/airflow/.local/lib/python3.6/site-packages/airflow/example_dags/example_complex.py
[2025-12-10 18:34:56,130] {processor.py:654} INFO - DAG(s) dict_keys(['example_complex']) retrieved from /home/airflow/.local/lib/python3.6/site-packages/airflow/example_dags/example_complex.py
[2025-12-10 18:34:56,141] {logging_mixin.py:109} INFO - [2025-12-10 18:34:56,141] {dag.py:2396} INFO - Sync 1 DAGs
[2025-12-10 18:34:56,154] {logging_mixin.py:109} INFO - [2025-12-10 18:34:56,154] {dag.py:2935} INFO - Setting next_dagrun for example_complex to None
[2025-12-10 18:34:56,162] {processor.py:171} INFO - Processing /home/airflow/.local/lib/python3.6/site-packages/airflow/example_dags/example_complex.py took 0.066 seconds
[2025-12-10 18:35:26,231] {processor.py:163} INFO - Started process (PID=1496) to work on /home/airflow/.local/lib/python3.6/site-packages/airflow/example_dags/example_complex.py
[2025-12-10 18:35:26,239] {processor.py:642} INFO - Processing file /home/airflow/.local/lib/python3.6/site-packages/airflow/example_dags/example_complex.py for tasks to queue
[2025-12-10 18:35:26,239] {logging_mixin.py:109} INFO - [2025-12-10 18:35:26,239] {dagbag.py:500} INFO - Filling up the DagBag from /home/airflow/.local/lib/python3.6/site-packages/airflow/example_dags/example_complex.py
[2025-12-10 18:35:26,271] {processor.py:654} INFO - DAG(s) dict_keys(['example_complex']) retrieved from /home/airflow/.local/lib/python3.6/site-packages/airflow/example_dags/example_complex.py
[2025-12-10 18:35:26,282] {logging_mixin.py:109} INFO - [2025-12-10 18:35:26,282] {dag.py:2396} INFO - Sync 1 DAGs
[2025-12-10 18:35:26,297] {logging_mixin.py:109} INFO - [2025-12-10 18:35:26,297] {dag.py:2935} INFO - Setting next_dagrun for example_complex to None
[2025-12-10 18:35:26,305] {processor.py:171} INFO - Processing /home/airflow/.local/lib/python3.6/site-packages/airflow/example_dags/example_complex.py took 0.077 seconds
[2025-12-10 18:35:56,681] {processor.py:163} INFO - Started process (PID=1559) to work on /home/airflow/.local/lib/python3.6/site-packages/airflow/example_dags/example_complex.py
[2025-12-10 18:35:56,682] {processor.py:642} INFO - Processing file /home/airflow/.local/lib/python3.6/site-packages/airflow/example_dags/example_complex.py for tasks to queue
[2025-12-10 18:35:56,682] {logging_mixin.py:109} INFO - [2025-12-10 18:35:56,682] {dagbag.py:500} INFO - Filling up the DagBag from /home/airflow/.local/lib/python3.6/site-packages/airflow/example_dags/example_complex.py
[2025-12-10 18:35:56,713] {processor.py:654} INFO - DAG(s) dict_keys(['example_complex']) retrieved from /home/airflow/.local/lib/python3.6/site-packages/airflow/example_dags/example_complex.py
[2025-12-10 18:35:56,723] {logging_mixin.py:109} INFO - [2025-12-10 18:35:56,723] {dag.py:2396} INFO - Sync 1 DAGs
[2025-12-10 18:35:56,736] {logging_mixin.py:109} INFO - [2025-12-10 18:35:56,736] {dag.py:2935} INFO - Setting next_dagrun for example_complex to None
[2025-12-10 18:35:56,743] {processor.py:171} INFO - Processing /home/airflow/.local/lib/python3.6/site-packages/airflow/example_dags/example_complex.py took 0.065 seconds
[2025-12-10 18:36:27,372] {processor.py:163} INFO - Started process (PID=1621) to work on /home/airflow/.local/lib/python3.6/site-packages/airflow/example_dags/example_complex.py
[2025-12-10 18:36:27,373] {processor.py:642} INFO - Processing file /home/airflow/.local/lib/python3.6/site-packages/airflow/example_dags/example_complex.py for tasks to queue
[2025-12-10 18:36:27,374] {logging_mixin.py:109} INFO - [2025-12-10 18:36:27,374] {dagbag.py:500} INFO - Filling up the DagBag from /home/airflow/.local/lib/python3.6/site-packages/airflow/example_dags/example_complex.py
[2025-12-10 18:36:27,405] {processor.py:654} INFO - DAG(s) dict_keys(['example_complex']) retrieved from /home/airflow/.local/lib/python3.6/site-packages/airflow/example_dags/example_complex.py
[2025-12-10 18:36:27,417] {logging_mixin.py:109} INFO - [2025-12-10 18:36:27,417] {dag.py:2396} INFO - Sync 1 DAGs
[2025-12-10 18:36:27,431] {logging_mixin.py:109} INFO - [2025-12-10 18:36:27,431] {dag.py:2935} INFO - Setting next_dagrun for example_complex to None
[2025-12-10 18:36:27,439] {processor.py:171} INFO - Processing /home/airflow/.local/lib/python3.6/site-packages/airflow/example_dags/example_complex.py took 0.070 seconds
[2025-12-10 18:36:57,895] {processor.py:163} INFO - Started process (PID=1673) to work on /home/airflow/.local/lib/python3.6/site-packages/airflow/example_dags/example_complex.py
[2025-12-10 18:36:57,896] {processor.py:642} INFO - Processing file /home/airflow/.local/lib/python3.6/site-packages/airflow/example_dags/example_complex.py for tasks to queue
[2025-12-10 18:36:57,897] {logging_mixin.py:109} INFO - [2025-12-10 18:36:57,897] {dagbag.py:500} INFO - Filling up the DagBag from /home/airflow/.local/lib/python3.6/site-packages/airflow/example_dags/example_complex.py
[2025-12-10 18:36:57,926] {processor.py:654} INFO - DAG(s) dict_keys(['example_complex']) retrieved from /home/airflow/.local/lib/python3.6/site-packages/airflow/example_dags/example_complex.py
[2025-12-10 18:36:57,937] {logging_mixin.py:109} INFO - [2025-12-10 18:36:57,937] {dag.py:2396} INFO - Sync 1 DAGs
[2025-12-10 18:36:57,950] {logging_mixin.py:109} INFO - [2025-12-10 18:36:57,950] {dag.py:2935} INFO - Setting next_dagrun for example_complex to None
[2025-12-10 18:36:57,957] {processor.py:171} INFO - Processing /home/airflow/.local/lib/python3.6/site-packages/airflow/example_dags/example_complex.py took 0.065 seconds
[2025-12-10 18:37:28,344] {processor.py:163} INFO - Started process (PID=1735) to work on /home/airflow/.local/lib/python3.6/site-packages/airflow/example_dags/example_complex.py
[2025-12-10 18:37:28,346] {processor.py:642} INFO - Processing file /home/airflow/.local/lib/python3.6/site-packages/airflow/example_dags/example_complex.py for tasks to queue
[2025-12-10 18:37:28,346] {logging_mixin.py:109} INFO - [2025-12-10 18:37:28,346] {dagbag.py:500} INFO - Filling up the DagBag from /home/airflow/.local/lib/python3.6/site-packages/airflow/example_dags/example_complex.py
[2025-12-10 18:37:28,377] {processor.py:654} INFO - DAG(s) dict_keys(['example_complex']) retrieved from /home/airflow/.local/lib/python3.6/site-packages/airflow/example_dags/example_complex.py
[2025-12-10 18:37:28,387] {logging_mixin.py:109} INFO - [2025-12-10 18:37:28,387] {dag.py:2396} INFO - Sync 1 DAGs
[2025-12-10 18:37:28,400] {logging_mixin.py:109} INFO - [2025-12-10 18:37:28,400] {dag.py:2935} INFO - Setting next_dagrun for example_complex to None
[2025-12-10 18:37:28,407] {processor.py:171} INFO - Processing /home/airflow/.local/lib/python3.6/site-packages/airflow/example_dags/example_complex.py took 0.066 seconds
[2025-12-10 18:37:58,864] {processor.py:163} INFO - Started process (PID=1787) to work on /home/airflow/.local/lib/python3.6/site-packages/airflow/example_dags/example_complex.py
[2025-12-10 18:37:58,865] {processor.py:642} INFO - Processing file /home/airflow/.local/lib/python3.6/site-packages/airflow/example_dags/example_complex.py for tasks to queue
[2025-12-10 18:37:58,865] {logging_mixin.py:109} INFO - [2025-12-10 18:37:58,865] {dagbag.py:500} INFO - Filling up the DagBag from /home/airflow/.local/lib/python3.6/site-packages/airflow/example_dags/example_complex.py
[2025-12-10 18:37:58,896] {processor.py:654} INFO - DAG(s) dict_keys(['example_complex']) retrieved from /home/airflow/.local/lib/python3.6/site-packages/airflow/example_dags/example_complex.py
[2025-12-10 18:37:58,907] {logging_mixin.py:109} INFO - [2025-12-10 18:37:58,907] {dag.py:2396} INFO - Sync 1 DAGs
[2025-12-10 18:37:58,920] {logging_mixin.py:109} INFO - [2025-12-10 18:37:58,920] {dag.py:2935} INFO - Setting next_dagrun for example_complex to None
[2025-12-10 18:37:58,927] {processor.py:171} INFO - Processing /home/airflow/.local/lib/python3.6/site-packages/airflow/example_dags/example_complex.py took 0.066 seconds
[2025-12-10 18:38:29,192] {processor.py:163} INFO - Started process (PID=1849) to work on /home/airflow/.local/lib/python3.6/site-packages/airflow/example_dags/example_complex.py
[2025-12-10 18:38:29,193] {processor.py:642} INFO - Processing file /home/airflow/.local/lib/python3.6/site-packages/airflow/example_dags/example_complex.py for tasks to queue
[2025-12-10 18:38:29,193] {logging_mixin.py:109} INFO - [2025-12-10 18:38:29,193] {dagbag.py:500} INFO - Filling up the DagBag from /home/airflow/.local/lib/python3.6/site-packages/airflow/example_dags/example_complex.py
[2025-12-10 18:38:29,228] {processor.py:654} INFO - DAG(s) dict_keys(['example_complex']) retrieved from /home/airflow/.local/lib/python3.6/site-packages/airflow/example_dags/example_complex.py
[2025-12-10 18:38:29,240] {logging_mixin.py:109} INFO - [2025-12-10 18:38:29,240] {dag.py:2396} INFO - Sync 1 DAGs
[2025-12-10 18:38:29,255] {logging_mixin.py:109} INFO - [2025-12-10 18:38:29,255] {dag.py:2935} INFO - Setting next_dagrun for example_complex to None
[2025-12-10 18:38:29,262] {processor.py:171} INFO - Processing /home/airflow/.local/lib/python3.6/site-packages/airflow/example_dags/example_complex.py took 0.074 seconds
[2025-12-10 18:38:59,646] {processor.py:163} INFO - Started process (PID=1910) to work on /home/airflow/.local/lib/python3.6/site-packages/airflow/example_dags/example_complex.py
[2025-12-10 18:38:59,647] {processor.py:642} INFO - Processing file /home/airflow/.local/lib/python3.6/site-packages/airflow/example_dags/example_complex.py for tasks to queue
[2025-12-10 18:38:59,648] {logging_mixin.py:109} INFO - [2025-12-10 18:38:59,647] {dagbag.py:500} INFO - Filling up the DagBag from /home/airflow/.local/lib/python3.6/site-packages/airflow/example_dags/example_complex.py
[2025-12-10 18:38:59,693] {processor.py:654} INFO - DAG(s) dict_keys(['example_complex']) retrieved from /home/airflow/.local/lib/python3.6/site-packages/airflow/example_dags/example_complex.py
[2025-12-10 18:38:59,709] {logging_mixin.py:109} INFO - [2025-12-10 18:38:59,709] {dag.py:2396} INFO - Sync 1 DAGs
[2025-12-10 18:38:59,727] {logging_mixin.py:109} INFO - [2025-12-10 18:38:59,727] {dag.py:2935} INFO - Setting next_dagrun for example_complex to None
[2025-12-10 18:38:59,734] {processor.py:171} INFO - Processing /home/airflow/.local/lib/python3.6/site-packages/airflow/example_dags/example_complex.py took 0.091 seconds
[2025-12-10 18:39:29,862] {processor.py:163} INFO - Started process (PID=1963) to work on /home/airflow/.local/lib/python3.6/site-packages/airflow/example_dags/example_complex.py
[2025-12-10 18:39:29,863] {processor.py:642} INFO - Processing file /home/airflow/.local/lib/python3.6/site-packages/airflow/example_dags/example_complex.py for tasks to queue
[2025-12-10 18:39:29,864] {logging_mixin.py:109} INFO - [2025-12-10 18:39:29,863] {dagbag.py:500} INFO - Filling up the DagBag from /home/airflow/.local/lib/python3.6/site-packages/airflow/example_dags/example_complex.py
[2025-12-10 18:39:29,905] {processor.py:654} INFO - DAG(s) dict_keys(['example_complex']) retrieved from /home/airflow/.local/lib/python3.6/site-packages/airflow/example_dags/example_complex.py
[2025-12-10 18:39:29,917] {logging_mixin.py:109} INFO - [2025-12-10 18:39:29,917] {dag.py:2396} INFO - Sync 1 DAGs
[2025-12-10 18:39:29,931] {logging_mixin.py:109} INFO - [2025-12-10 18:39:29,930] {dag.py:2935} INFO - Setting next_dagrun for example_complex to None
[2025-12-10 18:39:29,938] {processor.py:171} INFO - Processing /home/airflow/.local/lib/python3.6/site-packages/airflow/example_dags/example_complex.py took 0.080 seconds
[2025-12-10 18:40:00,274] {processor.py:163} INFO - Started process (PID=2025) to work on /home/airflow/.local/lib/python3.6/site-packages/airflow/example_dags/example_complex.py
[2025-12-10 18:40:00,275] {processor.py:642} INFO - Processing file /home/airflow/.local/lib/python3.6/site-packages/airflow/example_dags/example_complex.py for tasks to queue
[2025-12-10 18:40:00,276] {logging_mixin.py:109} INFO - [2025-12-10 18:40:00,276] {dagbag.py:500} INFO - Filling up the DagBag from /home/airflow/.local/lib/python3.6/site-packages/airflow/example_dags/example_complex.py
[2025-12-10 18:40:00,308] {processor.py:654} INFO - DAG(s) dict_keys(['example_complex']) retrieved from /home/airflow/.local/lib/python3.6/site-packages/airflow/example_dags/example_complex.py
[2025-12-10 18:40:00,319] {logging_mixin.py:109} INFO - [2025-12-10 18:40:00,319] {dag.py:2396} INFO - Sync 1 DAGs
[2025-12-10 18:40:00,332] {logging_mixin.py:109} INFO - [2025-12-10 18:40:00,332] {dag.py:2935} INFO - Setting next_dagrun for example_complex to None
[2025-12-10 18:40:00,340] {processor.py:171} INFO - Processing /home/airflow/.local/lib/python3.6/site-packages/airflow/example_dags/example_complex.py took 0.069 seconds
[2025-12-10 18:40:30,623] {processor.py:163} INFO - Started process (PID=2077) to work on /home/airflow/.local/lib/python3.6/site-packages/airflow/example_dags/example_complex.py
[2025-12-10 18:40:30,625] {processor.py:642} INFO - Processing file /home/airflow/.local/lib/python3.6/site-packages/airflow/example_dags/example_complex.py for tasks to queue
[2025-12-10 18:40:30,625] {logging_mixin.py:109} INFO - [2025-12-10 18:40:30,625] {dagbag.py:500} INFO - Filling up the DagBag from /home/airflow/.local/lib/python3.6/site-packages/airflow/example_dags/example_complex.py
[2025-12-10 18:40:30,655] {processor.py:654} INFO - DAG(s) dict_keys(['example_complex']) retrieved from /home/airflow/.local/lib/python3.6/site-packages/airflow/example_dags/example_complex.py
[2025-12-10 18:40:30,666] {logging_mixin.py:109} INFO - [2025-12-10 18:40:30,666] {dag.py:2396} INFO - Sync 1 DAGs
[2025-12-10 18:40:30,679] {logging_mixin.py:109} INFO - [2025-12-10 18:40:30,679] {dag.py:2935} INFO - Setting next_dagrun for example_complex to None
[2025-12-10 18:40:30,686] {processor.py:171} INFO - Processing /home/airflow/.local/lib/python3.6/site-packages/airflow/example_dags/example_complex.py took 0.066 seconds
[2025-12-10 18:41:00,993] {processor.py:163} INFO - Started process (PID=2139) to work on /home/airflow/.local/lib/python3.6/site-packages/airflow/example_dags/example_complex.py
[2025-12-10 18:41:00,993] {processor.py:642} INFO - Processing file /home/airflow/.local/lib/python3.6/site-packages/airflow/example_dags/example_complex.py for tasks to queue
[2025-12-10 18:41:00,994] {logging_mixin.py:109} INFO - [2025-12-10 18:41:00,994] {dagbag.py:500} INFO - Filling up the DagBag from /home/airflow/.local/lib/python3.6/site-packages/airflow/example_dags/example_complex.py
[2025-12-10 18:41:01,030] {processor.py:654} INFO - DAG(s) dict_keys(['example_complex']) retrieved from /home/airflow/.local/lib/python3.6/site-packages/airflow/example_dags/example_complex.py
[2025-12-10 18:41:01,045] {logging_mixin.py:109} INFO - [2025-12-10 18:41:01,044] {dag.py:2396} INFO - Sync 1 DAGs
[2025-12-10 18:41:01,060] {logging_mixin.py:109} INFO - [2025-12-10 18:41:01,060] {dag.py:2935} INFO - Setting next_dagrun for example_complex to None
[2025-12-10 18:41:01,079] {processor.py:171} INFO - Processing /home/airflow/.local/lib/python3.6/site-packages/airflow/example_dags/example_complex.py took 0.090 seconds
[2025-12-10 18:41:31,419] {processor.py:163} INFO - Started process (PID=2198) to work on /home/airflow/.local/lib/python3.6/site-packages/airflow/example_dags/example_complex.py
[2025-12-10 18:41:31,421] {processor.py:642} INFO - Processing file /home/airflow/.local/lib/python3.6/site-packages/airflow/example_dags/example_complex.py for tasks to queue
[2025-12-10 18:41:31,421] {logging_mixin.py:109} INFO - [2025-12-10 18:41:31,421] {dagbag.py:500} INFO - Filling up the DagBag from /home/airflow/.local/lib/python3.6/site-packages/airflow/example_dags/example_complex.py
[2025-12-10 18:41:31,459] {processor.py:654} INFO - DAG(s) dict_keys(['example_complex']) retrieved from /home/airflow/.local/lib/python3.6/site-packages/airflow/example_dags/example_complex.py
[2025-12-10 18:41:31,479] {logging_mixin.py:109} INFO - [2025-12-10 18:41:31,479] {dag.py:2396} INFO - Sync 1 DAGs
[2025-12-10 18:41:31,496] {logging_mixin.py:109} INFO - [2025-12-10 18:41:31,496] {dag.py:2935} INFO - Setting next_dagrun for example_complex to None
[2025-12-10 18:41:31,514] {processor.py:171} INFO - Processing /home/airflow/.local/lib/python3.6/site-packages/airflow/example_dags/example_complex.py took 0.099 seconds
[2025-12-10 18:42:01,561] {processor.py:163} INFO - Started process (PID=2252) to work on /home/airflow/.local/lib/python3.6/site-packages/airflow/example_dags/example_complex.py
[2025-12-10 18:42:01,567] {processor.py:642} INFO - Processing file /home/airflow/.local/lib/python3.6/site-packages/airflow/example_dags/example_complex.py for tasks to queue
[2025-12-10 18:42:01,567] {logging_mixin.py:109} INFO - [2025-12-10 18:42:01,567] {dagbag.py:500} INFO - Filling up the DagBag from /home/airflow/.local/lib/python3.6/site-packages/airflow/example_dags/example_complex.py
[2025-12-10 18:42:01,602] {processor.py:654} INFO - DAG(s) dict_keys(['example_complex']) retrieved from /home/airflow/.local/lib/python3.6/site-packages/airflow/example_dags/example_complex.py
[2025-12-10 18:42:01,614] {logging_mixin.py:109} INFO - [2025-12-10 18:42:01,614] {dag.py:2396} INFO - Sync 1 DAGs
[2025-12-10 18:42:01,630] {logging_mixin.py:109} INFO - [2025-12-10 18:42:01,630] {dag.py:2935} INFO - Setting next_dagrun for example_complex to None
[2025-12-10 18:42:01,639] {processor.py:171} INFO - Processing /home/airflow/.local/lib/python3.6/site-packages/airflow/example_dags/example_complex.py took 0.082 seconds
[2025-12-10 18:42:32,190] {processor.py:163} INFO - Started process (PID=2315) to work on /home/airflow/.local/lib/python3.6/site-packages/airflow/example_dags/example_complex.py
[2025-12-10 18:42:32,191] {processor.py:642} INFO - Processing file /home/airflow/.local/lib/python3.6/site-packages/airflow/example_dags/example_complex.py for tasks to queue
[2025-12-10 18:42:32,191] {logging_mixin.py:109} INFO - [2025-12-10 18:42:32,191] {dagbag.py:500} INFO - Filling up the DagBag from /home/airflow/.local/lib/python3.6/site-packages/airflow/example_dags/example_complex.py
[2025-12-10 18:42:32,229] {processor.py:654} INFO - DAG(s) dict_keys(['example_complex']) retrieved from /home/airflow/.local/lib/python3.6/site-packages/airflow/example_dags/example_complex.py
[2025-12-10 18:42:32,244] {logging_mixin.py:109} INFO - [2025-12-10 18:42:32,244] {dag.py:2396} INFO - Sync 1 DAGs
[2025-12-10 18:42:32,265] {logging_mixin.py:109} INFO - [2025-12-10 18:42:32,265] {dag.py:2935} INFO - Setting next_dagrun for example_complex to None
[2025-12-10 18:42:32,276] {processor.py:171} INFO - Processing /home/airflow/.local/lib/python3.6/site-packages/airflow/example_dags/example_complex.py took 0.091 seconds
[2025-12-10 18:43:02,647] {processor.py:163} INFO - Started process (PID=2367) to work on /home/airflow/.local/lib/python3.6/site-packages/airflow/example_dags/example_complex.py
[2025-12-10 18:43:02,648] {processor.py:642} INFO - Processing file /home/airflow/.local/lib/python3.6/site-packages/airflow/example_dags/example_complex.py for tasks to queue
[2025-12-10 18:43:02,649] {logging_mixin.py:109} INFO - [2025-12-10 18:43:02,649] {dagbag.py:500} INFO - Filling up the DagBag from /home/airflow/.local/lib/python3.6/site-packages/airflow/example_dags/example_complex.py
[2025-12-10 18:43:02,683] {processor.py:654} INFO - DAG(s) dict_keys(['example_complex']) retrieved from /home/airflow/.local/lib/python3.6/site-packages/airflow/example_dags/example_complex.py
[2025-12-10 18:43:02,696] {logging_mixin.py:109} INFO - [2025-12-10 18:43:02,696] {dag.py:2396} INFO - Sync 1 DAGs
[2025-12-10 18:43:02,712] {logging_mixin.py:109} INFO - [2025-12-10 18:43:02,712] {dag.py:2935} INFO - Setting next_dagrun for example_complex to None
[2025-12-10 18:43:02,719] {processor.py:171} INFO - Processing /home/airflow/.local/lib/python3.6/site-packages/airflow/example_dags/example_complex.py took 0.075 seconds
[2025-12-10 18:43:33,221] {processor.py:163} INFO - Started process (PID=2429) to work on /home/airflow/.local/lib/python3.6/site-packages/airflow/example_dags/example_complex.py
[2025-12-10 18:43:33,224] {processor.py:642} INFO - Processing file /home/airflow/.local/lib/python3.6/site-packages/airflow/example_dags/example_complex.py for tasks to queue
[2025-12-10 18:43:33,225] {logging_mixin.py:109} INFO - [2025-12-10 18:43:33,225] {dagbag.py:500} INFO - Filling up the DagBag from /home/airflow/.local/lib/python3.6/site-packages/airflow/example_dags/example_complex.py
[2025-12-10 18:43:33,274] {processor.py:654} INFO - DAG(s) dict_keys(['example_complex']) retrieved from /home/airflow/.local/lib/python3.6/site-packages/airflow/example_dags/example_complex.py
[2025-12-10 18:43:33,298] {logging_mixin.py:109} INFO - [2025-12-10 18:43:33,298] {dag.py:2396} INFO - Sync 1 DAGs
[2025-12-10 18:43:33,333] {logging_mixin.py:109} INFO - [2025-12-10 18:43:33,333] {dag.py:2935} INFO - Setting next_dagrun for example_complex to None
[2025-12-10 18:43:33,346] {processor.py:171} INFO - Processing /home/airflow/.local/lib/python3.6/site-packages/airflow/example_dags/example_complex.py took 0.135 seconds
[2025-12-10 18:44:03,717] {processor.py:163} INFO - Started process (PID=2481) to work on /home/airflow/.local/lib/python3.6/site-packages/airflow/example_dags/example_complex.py
[2025-12-10 18:44:03,718] {processor.py:642} INFO - Processing file /home/airflow/.local/lib/python3.6/site-packages/airflow/example_dags/example_complex.py for tasks to queue
[2025-12-10 18:44:03,719] {logging_mixin.py:109} INFO - [2025-12-10 18:44:03,719] {dagbag.py:500} INFO - Filling up the DagBag from /home/airflow/.local/lib/python3.6/site-packages/airflow/example_dags/example_complex.py
[2025-12-10 18:44:03,752] {processor.py:654} INFO - DAG(s) dict_keys(['example_complex']) retrieved from /home/airflow/.local/lib/python3.6/site-packages/airflow/example_dags/example_complex.py
[2025-12-10 18:44:03,766] {logging_mixin.py:109} INFO - [2025-12-10 18:44:03,766] {dag.py:2396} INFO - Sync 1 DAGs
[2025-12-10 18:44:03,780] {logging_mixin.py:109} INFO - [2025-12-10 18:44:03,780] {dag.py:2935} INFO - Setting next_dagrun for example_complex to None
[2025-12-10 18:44:03,787] {processor.py:171} INFO - Processing /home/airflow/.local/lib/python3.6/site-packages/airflow/example_dags/example_complex.py took 0.074 seconds
[2025-12-10 18:46:30,904] {processor.py:163} INFO - Started process (PID=70) to work on /home/airflow/.local/lib/python3.6/site-packages/airflow/example_dags/example_complex.py
[2025-12-10 18:46:30,905] {processor.py:642} INFO - Processing file /home/airflow/.local/lib/python3.6/site-packages/airflow/example_dags/example_complex.py for tasks to queue
[2025-12-10 18:46:30,906] {logging_mixin.py:109} INFO - [2025-12-10 18:46:30,906] {dagbag.py:500} INFO - Filling up the DagBag from /home/airflow/.local/lib/python3.6/site-packages/airflow/example_dags/example_complex.py
[2025-12-10 18:46:30,939] {processor.py:654} INFO - DAG(s) dict_keys(['example_complex']) retrieved from /home/airflow/.local/lib/python3.6/site-packages/airflow/example_dags/example_complex.py
[2025-12-10 18:46:30,955] {logging_mixin.py:109} INFO - [2025-12-10 18:46:30,955] {dag.py:2396} INFO - Sync 1 DAGs
[2025-12-10 18:46:30,972] {logging_mixin.py:109} INFO - [2025-12-10 18:46:30,972] {dag.py:2935} INFO - Setting next_dagrun for example_complex to None
[2025-12-10 18:46:30,983] {processor.py:171} INFO - Processing /home/airflow/.local/lib/python3.6/site-packages/airflow/example_dags/example_complex.py took 0.083 seconds
[2025-12-10 18:47:03,317] {processor.py:163} INFO - Started process (PID=122) to work on /home/airflow/.local/lib/python3.6/site-packages/airflow/example_dags/example_complex.py
[2025-12-10 18:47:03,318] {processor.py:642} INFO - Processing file /home/airflow/.local/lib/python3.6/site-packages/airflow/example_dags/example_complex.py for tasks to queue
[2025-12-10 18:47:03,319] {logging_mixin.py:109} INFO - [2025-12-10 18:47:03,319] {dagbag.py:500} INFO - Filling up the DagBag from /home/airflow/.local/lib/python3.6/site-packages/airflow/example_dags/example_complex.py
[2025-12-10 18:47:03,397] {processor.py:654} INFO - DAG(s) dict_keys(['example_complex']) retrieved from /home/airflow/.local/lib/python3.6/site-packages/airflow/example_dags/example_complex.py
[2025-12-10 18:47:03,434] {logging_mixin.py:109} INFO - [2025-12-10 18:47:03,434] {dag.py:2396} INFO - Sync 1 DAGs
[2025-12-10 18:47:03,473] {logging_mixin.py:109} INFO - [2025-12-10 18:47:03,473] {dag.py:2935} INFO - Setting next_dagrun for example_complex to None
[2025-12-10 18:47:03,487] {processor.py:171} INFO - Processing /home/airflow/.local/lib/python3.6/site-packages/airflow/example_dags/example_complex.py took 0.176 seconds
[2025-12-10 18:47:34,327] {processor.py:163} INFO - Started process (PID=185) to work on /home/airflow/.local/lib/python3.6/site-packages/airflow/example_dags/example_complex.py
[2025-12-10 18:47:34,329] {processor.py:642} INFO - Processing file /home/airflow/.local/lib/python3.6/site-packages/airflow/example_dags/example_complex.py for tasks to queue
[2025-12-10 18:47:34,330] {logging_mixin.py:109} INFO - [2025-12-10 18:47:34,330] {dagbag.py:500} INFO - Filling up the DagBag from /home/airflow/.local/lib/python3.6/site-packages/airflow/example_dags/example_complex.py
[2025-12-10 18:47:34,380] {processor.py:654} INFO - DAG(s) dict_keys(['example_complex']) retrieved from /home/airflow/.local/lib/python3.6/site-packages/airflow/example_dags/example_complex.py
[2025-12-10 18:47:34,397] {logging_mixin.py:109} INFO - [2025-12-10 18:47:34,397] {dag.py:2396} INFO - Sync 1 DAGs
[2025-12-10 18:47:34,421] {logging_mixin.py:109} INFO - [2025-12-10 18:47:34,421] {dag.py:2935} INFO - Setting next_dagrun for example_complex to None
[2025-12-10 18:47:34,432] {processor.py:171} INFO - Processing /home/airflow/.local/lib/python3.6/site-packages/airflow/example_dags/example_complex.py took 0.110 seconds
[2025-12-10 18:48:05,486] {processor.py:163} INFO - Started process (PID=237) to work on /home/airflow/.local/lib/python3.6/site-packages/airflow/example_dags/example_complex.py
[2025-12-10 18:48:05,488] {processor.py:642} INFO - Processing file /home/airflow/.local/lib/python3.6/site-packages/airflow/example_dags/example_complex.py for tasks to queue
[2025-12-10 18:48:05,489] {logging_mixin.py:109} INFO - [2025-12-10 18:48:05,489] {dagbag.py:500} INFO - Filling up the DagBag from /home/airflow/.local/lib/python3.6/site-packages/airflow/example_dags/example_complex.py
[2025-12-10 18:48:05,545] {processor.py:654} INFO - DAG(s) dict_keys(['example_complex']) retrieved from /home/airflow/.local/lib/python3.6/site-packages/airflow/example_dags/example_complex.py
[2025-12-10 18:48:05,563] {logging_mixin.py:109} INFO - [2025-12-10 18:48:05,563] {dag.py:2396} INFO - Sync 1 DAGs
[2025-12-10 18:48:05,589] {logging_mixin.py:109} INFO - [2025-12-10 18:48:05,589] {dag.py:2935} INFO - Setting next_dagrun for example_complex to None
[2025-12-10 18:48:05,599] {processor.py:171} INFO - Processing /home/airflow/.local/lib/python3.6/site-packages/airflow/example_dags/example_complex.py took 0.121 seconds
[2025-12-10 18:48:36,416] {processor.py:163} INFO - Started process (PID=300) to work on /home/airflow/.local/lib/python3.6/site-packages/airflow/example_dags/example_complex.py
[2025-12-10 18:48:36,417] {processor.py:642} INFO - Processing file /home/airflow/.local/lib/python3.6/site-packages/airflow/example_dags/example_complex.py for tasks to queue
[2025-12-10 18:48:36,418] {logging_mixin.py:109} INFO - [2025-12-10 18:48:36,418] {dagbag.py:500} INFO - Filling up the DagBag from /home/airflow/.local/lib/python3.6/site-packages/airflow/example_dags/example_complex.py
[2025-12-10 18:48:36,461] {processor.py:654} INFO - DAG(s) dict_keys(['example_complex']) retrieved from /home/airflow/.local/lib/python3.6/site-packages/airflow/example_dags/example_complex.py
[2025-12-10 18:48:36,483] {logging_mixin.py:109} INFO - [2025-12-10 18:48:36,482] {dag.py:2396} INFO - Sync 1 DAGs
[2025-12-10 18:48:36,504] {logging_mixin.py:109} INFO - [2025-12-10 18:48:36,504] {dag.py:2935} INFO - Setting next_dagrun for example_complex to None
[2025-12-10 18:48:36,524] {processor.py:171} INFO - Processing /home/airflow/.local/lib/python3.6/site-packages/airflow/example_dags/example_complex.py took 0.114 seconds
[2025-12-10 18:49:07,046] {processor.py:163} INFO - Started process (PID=352) to work on /home/airflow/.local/lib/python3.6/site-packages/airflow/example_dags/example_complex.py
[2025-12-10 18:49:07,048] {processor.py:642} INFO - Processing file /home/airflow/.local/lib/python3.6/site-packages/airflow/example_dags/example_complex.py for tasks to queue
[2025-12-10 18:49:07,049] {logging_mixin.py:109} INFO - [2025-12-10 18:49:07,049] {dagbag.py:500} INFO - Filling up the DagBag from /home/airflow/.local/lib/python3.6/site-packages/airflow/example_dags/example_complex.py
[2025-12-10 18:49:07,085] {processor.py:654} INFO - DAG(s) dict_keys(['example_complex']) retrieved from /home/airflow/.local/lib/python3.6/site-packages/airflow/example_dags/example_complex.py
[2025-12-10 18:49:07,097] {logging_mixin.py:109} INFO - [2025-12-10 18:49:07,097] {dag.py:2396} INFO - Sync 1 DAGs
[2025-12-10 18:49:07,110] {logging_mixin.py:109} INFO - [2025-12-10 18:49:07,110] {dag.py:2935} INFO - Setting next_dagrun for example_complex to None
[2025-12-10 18:49:07,117] {processor.py:171} INFO - Processing /home/airflow/.local/lib/python3.6/site-packages/airflow/example_dags/example_complex.py took 0.074 seconds
[2025-12-10 18:49:37,198] {processor.py:163} INFO - Started process (PID=413) to work on /home/airflow/.local/lib/python3.6/site-packages/airflow/example_dags/example_complex.py
[2025-12-10 18:49:37,200] {processor.py:642} INFO - Processing file /home/airflow/.local/lib/python3.6/site-packages/airflow/example_dags/example_complex.py for tasks to queue
[2025-12-10 18:49:37,200] {logging_mixin.py:109} INFO - [2025-12-10 18:49:37,200] {dagbag.py:500} INFO - Filling up the DagBag from /home/airflow/.local/lib/python3.6/site-packages/airflow/example_dags/example_complex.py
[2025-12-10 18:49:37,230] {processor.py:654} INFO - DAG(s) dict_keys(['example_complex']) retrieved from /home/airflow/.local/lib/python3.6/site-packages/airflow/example_dags/example_complex.py
[2025-12-10 18:49:37,241] {logging_mixin.py:109} INFO - [2025-12-10 18:49:37,241] {dag.py:2396} INFO - Sync 1 DAGs
[2025-12-10 18:49:37,254] {logging_mixin.py:109} INFO - [2025-12-10 18:49:37,254] {dag.py:2935} INFO - Setting next_dagrun for example_complex to None
[2025-12-10 18:49:37,262] {processor.py:171} INFO - Processing /home/airflow/.local/lib/python3.6/site-packages/airflow/example_dags/example_complex.py took 0.066 seconds
[2025-12-10 18:50:08,668] {processor.py:163} INFO - Started process (PID=466) to work on /home/airflow/.local/lib/python3.6/site-packages/airflow/example_dags/example_complex.py
[2025-12-10 18:50:08,670] {processor.py:642} INFO - Processing file /home/airflow/.local/lib/python3.6/site-packages/airflow/example_dags/example_complex.py for tasks to queue
[2025-12-10 18:50:08,670] {logging_mixin.py:109} INFO - [2025-12-10 18:50:08,670] {dagbag.py:500} INFO - Filling up the DagBag from /home/airflow/.local/lib/python3.6/site-packages/airflow/example_dags/example_complex.py
[2025-12-10 18:50:08,702] {processor.py:654} INFO - DAG(s) dict_keys(['example_complex']) retrieved from /home/airflow/.local/lib/python3.6/site-packages/airflow/example_dags/example_complex.py
[2025-12-10 18:50:08,714] {logging_mixin.py:109} INFO - [2025-12-10 18:50:08,714] {dag.py:2396} INFO - Sync 1 DAGs
[2025-12-10 18:50:08,730] {logging_mixin.py:109} INFO - [2025-12-10 18:50:08,730] {dag.py:2935} INFO - Setting next_dagrun for example_complex to None
[2025-12-10 18:50:08,738] {processor.py:171} INFO - Processing /home/airflow/.local/lib/python3.6/site-packages/airflow/example_dags/example_complex.py took 0.073 seconds
[2025-12-10 18:51:40,550] {processor.py:163} INFO - Started process (PID=413) to work on /home/airflow/.local/lib/python3.6/site-packages/airflow/example_dags/example_complex.py
[2025-12-10 18:51:40,552] {processor.py:642} INFO - Processing file /home/airflow/.local/lib/python3.6/site-packages/airflow/example_dags/example_complex.py for tasks to queue
[2025-12-10 18:51:40,552] {logging_mixin.py:109} INFO - [2025-12-10 18:51:40,552] {dagbag.py:500} INFO - Filling up the DagBag from /home/airflow/.local/lib/python3.6/site-packages/airflow/example_dags/example_complex.py
[2025-12-10 18:51:40,588] {processor.py:654} INFO - DAG(s) dict_keys(['example_complex']) retrieved from /home/airflow/.local/lib/python3.6/site-packages/airflow/example_dags/example_complex.py
[2025-12-10 18:51:42,314] {logging_mixin.py:109} INFO - [2025-12-10 18:51:42,314] {manager.py:496} INFO - Created Permission View: can read on DAG:example_complex
[2025-12-10 18:51:42,321] {logging_mixin.py:109} INFO - [2025-12-10 18:51:42,321] {manager.py:496} INFO - Created Permission View: can edit on DAG:example_complex
[2025-12-10 18:51:42,322] {logging_mixin.py:109} INFO - [2025-12-10 18:51:42,321] {dag.py:2396} INFO - Sync 1 DAGs
[2025-12-10 18:51:42,330] {logging_mixin.py:109} INFO - [2025-12-10 18:51:42,330] {dag.py:2415} INFO - Creating ORM DAG for example_complex
[2025-12-10 18:51:42,337] {logging_mixin.py:109} INFO - [2025-12-10 18:51:42,337] {dag.py:2935} INFO - Setting next_dagrun for example_complex to None
[2025-12-10 18:51:42,347] {processor.py:171} INFO - Processing /home/airflow/.local/lib/python3.6/site-packages/airflow/example_dags/example_complex.py took 1.800 seconds
[2025-12-10 18:52:12,928] {processor.py:163} INFO - Started process (PID=512) to work on /home/airflow/.local/lib/python3.6/site-packages/airflow/example_dags/example_complex.py
[2025-12-10 18:52:12,939] {processor.py:642} INFO - Processing file /home/airflow/.local/lib/python3.6/site-packages/airflow/example_dags/example_complex.py for tasks to queue
[2025-12-10 18:52:12,940] {logging_mixin.py:109} INFO - [2025-12-10 18:52:12,940] {dagbag.py:500} INFO - Filling up the DagBag from /home/airflow/.local/lib/python3.6/site-packages/airflow/example_dags/example_complex.py
[2025-12-10 18:52:12,998] {processor.py:654} INFO - DAG(s) dict_keys(['example_complex']) retrieved from /home/airflow/.local/lib/python3.6/site-packages/airflow/example_dags/example_complex.py
[2025-12-10 18:52:13,014] {logging_mixin.py:109} INFO - [2025-12-10 18:52:13,014] {dag.py:2396} INFO - Sync 1 DAGs
[2025-12-10 18:52:13,034] {logging_mixin.py:109} INFO - [2025-12-10 18:52:13,034] {dag.py:2935} INFO - Setting next_dagrun for example_complex to None
[2025-12-10 18:52:13,045] {processor.py:171} INFO - Processing /home/airflow/.local/lib/python3.6/site-packages/airflow/example_dags/example_complex.py took 0.122 seconds
