[2025-12-10 18:26:10,455] {processor.py:163} INFO - Started process (PID=323) to work on /home/airflow/.local/lib/python3.6/site-packages/airflow/example_dags/example_trigger_target_dag.py
[2025-12-10 18:26:10,458] {processor.py:642} INFO - Processing file /home/airflow/.local/lib/python3.6/site-packages/airflow/example_dags/example_trigger_target_dag.py for tasks to queue
[2025-12-10 18:26:10,459] {logging_mixin.py:109} INFO - [2025-12-10 18:26:10,459] {dagbag.py:500} INFO - Filling up the DagBag from /home/airflow/.local/lib/python3.6/site-packages/airflow/example_dags/example_trigger_target_dag.py
[2025-12-10 18:26:10,518] {processor.py:654} INFO - DAG(s) dict_keys(['example_trigger_target_dag']) retrieved from /home/airflow/.local/lib/python3.6/site-packages/airflow/example_dags/example_trigger_target_dag.py
[2025-12-10 18:26:12,382] {logging_mixin.py:109} INFO - [2025-12-10 18:26:12,382] {manager.py:496} INFO - Created Permission View: can edit on DAG:example_trigger_target_dag
[2025-12-10 18:26:12,388] {logging_mixin.py:109} INFO - [2025-12-10 18:26:12,388] {manager.py:496} INFO - Created Permission View: can read on DAG:example_trigger_target_dag
[2025-12-10 18:26:12,389] {logging_mixin.py:109} INFO - [2025-12-10 18:26:12,388] {dag.py:2396} INFO - Sync 1 DAGs
[2025-12-10 18:26:12,397] {logging_mixin.py:109} INFO - [2025-12-10 18:26:12,396] {dag.py:2415} INFO - Creating ORM DAG for example_trigger_target_dag
[2025-12-10 18:26:12,402] {logging_mixin.py:109} INFO - [2025-12-10 18:26:12,402] {dag.py:2935} INFO - Setting next_dagrun for example_trigger_target_dag to None
[2025-12-10 18:26:12,412] {processor.py:171} INFO - Processing /home/airflow/.local/lib/python3.6/site-packages/airflow/example_dags/example_trigger_target_dag.py took 1.962 seconds
[2025-12-10 18:26:43,224] {processor.py:163} INFO - Started process (PID=495) to work on /home/airflow/.local/lib/python3.6/site-packages/airflow/example_dags/example_trigger_target_dag.py
[2025-12-10 18:26:43,235] {processor.py:642} INFO - Processing file /home/airflow/.local/lib/python3.6/site-packages/airflow/example_dags/example_trigger_target_dag.py for tasks to queue
[2025-12-10 18:26:43,235] {logging_mixin.py:109} INFO - [2025-12-10 18:26:43,235] {dagbag.py:500} INFO - Filling up the DagBag from /home/airflow/.local/lib/python3.6/site-packages/airflow/example_dags/example_trigger_target_dag.py
[2025-12-10 18:26:43,263] {processor.py:654} INFO - DAG(s) dict_keys(['example_trigger_target_dag']) retrieved from /home/airflow/.local/lib/python3.6/site-packages/airflow/example_dags/example_trigger_target_dag.py
[2025-12-10 18:26:43,272] {logging_mixin.py:109} INFO - [2025-12-10 18:26:43,272] {dag.py:2396} INFO - Sync 1 DAGs
[2025-12-10 18:26:43,284] {logging_mixin.py:109} INFO - [2025-12-10 18:26:43,284] {dag.py:2935} INFO - Setting next_dagrun for example_trigger_target_dag to None
[2025-12-10 18:26:43,291] {processor.py:171} INFO - Processing /home/airflow/.local/lib/python3.6/site-packages/airflow/example_dags/example_trigger_target_dag.py took 0.070 seconds
[2025-12-10 18:27:14,137] {processor.py:163} INFO - Started process (PID=557) to work on /home/airflow/.local/lib/python3.6/site-packages/airflow/example_dags/example_trigger_target_dag.py
[2025-12-10 18:27:14,148] {processor.py:642} INFO - Processing file /home/airflow/.local/lib/python3.6/site-packages/airflow/example_dags/example_trigger_target_dag.py for tasks to queue
[2025-12-10 18:27:14,149] {logging_mixin.py:109} INFO - [2025-12-10 18:27:14,149] {dagbag.py:500} INFO - Filling up the DagBag from /home/airflow/.local/lib/python3.6/site-packages/airflow/example_dags/example_trigger_target_dag.py
[2025-12-10 18:27:14,183] {processor.py:654} INFO - DAG(s) dict_keys(['example_trigger_target_dag']) retrieved from /home/airflow/.local/lib/python3.6/site-packages/airflow/example_dags/example_trigger_target_dag.py
[2025-12-10 18:27:14,192] {logging_mixin.py:109} INFO - [2025-12-10 18:27:14,192] {dag.py:2396} INFO - Sync 1 DAGs
[2025-12-10 18:27:14,206] {logging_mixin.py:109} INFO - [2025-12-10 18:27:14,206] {dag.py:2935} INFO - Setting next_dagrun for example_trigger_target_dag to None
[2025-12-10 18:27:14,215] {processor.py:171} INFO - Processing /home/airflow/.local/lib/python3.6/site-packages/airflow/example_dags/example_trigger_target_dag.py took 0.082 seconds
[2025-12-10 18:27:44,353] {processor.py:163} INFO - Started process (PID=619) to work on /home/airflow/.local/lib/python3.6/site-packages/airflow/example_dags/example_trigger_target_dag.py
[2025-12-10 18:27:44,364] {processor.py:642} INFO - Processing file /home/airflow/.local/lib/python3.6/site-packages/airflow/example_dags/example_trigger_target_dag.py for tasks to queue
[2025-12-10 18:27:44,364] {logging_mixin.py:109} INFO - [2025-12-10 18:27:44,364] {dagbag.py:500} INFO - Filling up the DagBag from /home/airflow/.local/lib/python3.6/site-packages/airflow/example_dags/example_trigger_target_dag.py
[2025-12-10 18:27:44,397] {processor.py:654} INFO - DAG(s) dict_keys(['example_trigger_target_dag']) retrieved from /home/airflow/.local/lib/python3.6/site-packages/airflow/example_dags/example_trigger_target_dag.py
[2025-12-10 18:27:44,406] {logging_mixin.py:109} INFO - [2025-12-10 18:27:44,406] {dag.py:2396} INFO - Sync 1 DAGs
[2025-12-10 18:27:44,421] {logging_mixin.py:109} INFO - [2025-12-10 18:27:44,421] {dag.py:2935} INFO - Setting next_dagrun for example_trigger_target_dag to None
[2025-12-10 18:27:44,431] {processor.py:171} INFO - Processing /home/airflow/.local/lib/python3.6/site-packages/airflow/example_dags/example_trigger_target_dag.py took 0.081 seconds
[2025-12-10 18:28:14,535] {processor.py:163} INFO - Started process (PID=671) to work on /home/airflow/.local/lib/python3.6/site-packages/airflow/example_dags/example_trigger_target_dag.py
[2025-12-10 18:28:14,546] {processor.py:642} INFO - Processing file /home/airflow/.local/lib/python3.6/site-packages/airflow/example_dags/example_trigger_target_dag.py for tasks to queue
[2025-12-10 18:28:14,547] {logging_mixin.py:109} INFO - [2025-12-10 18:28:14,546] {dagbag.py:500} INFO - Filling up the DagBag from /home/airflow/.local/lib/python3.6/site-packages/airflow/example_dags/example_trigger_target_dag.py
[2025-12-10 18:28:14,577] {processor.py:654} INFO - DAG(s) dict_keys(['example_trigger_target_dag']) retrieved from /home/airflow/.local/lib/python3.6/site-packages/airflow/example_dags/example_trigger_target_dag.py
[2025-12-10 18:28:14,586] {logging_mixin.py:109} INFO - [2025-12-10 18:28:14,586] {dag.py:2396} INFO - Sync 1 DAGs
[2025-12-10 18:28:14,601] {logging_mixin.py:109} INFO - [2025-12-10 18:28:14,601] {dag.py:2935} INFO - Setting next_dagrun for example_trigger_target_dag to None
[2025-12-10 18:28:14,608] {processor.py:171} INFO - Processing /home/airflow/.local/lib/python3.6/site-packages/airflow/example_dags/example_trigger_target_dag.py took 0.076 seconds
[2025-12-10 18:28:44,829] {processor.py:163} INFO - Started process (PID=733) to work on /home/airflow/.local/lib/python3.6/site-packages/airflow/example_dags/example_trigger_target_dag.py
[2025-12-10 18:28:44,841] {processor.py:642} INFO - Processing file /home/airflow/.local/lib/python3.6/site-packages/airflow/example_dags/example_trigger_target_dag.py for tasks to queue
[2025-12-10 18:28:44,841] {logging_mixin.py:109} INFO - [2025-12-10 18:28:44,841] {dagbag.py:500} INFO - Filling up the DagBag from /home/airflow/.local/lib/python3.6/site-packages/airflow/example_dags/example_trigger_target_dag.py
[2025-12-10 18:28:44,870] {processor.py:654} INFO - DAG(s) dict_keys(['example_trigger_target_dag']) retrieved from /home/airflow/.local/lib/python3.6/site-packages/airflow/example_dags/example_trigger_target_dag.py
[2025-12-10 18:28:44,878] {logging_mixin.py:109} INFO - [2025-12-10 18:28:44,878] {dag.py:2396} INFO - Sync 1 DAGs
[2025-12-10 18:28:44,892] {logging_mixin.py:109} INFO - [2025-12-10 18:28:44,892] {dag.py:2935} INFO - Setting next_dagrun for example_trigger_target_dag to None
[2025-12-10 18:28:44,899] {processor.py:171} INFO - Processing /home/airflow/.local/lib/python3.6/site-packages/airflow/example_dags/example_trigger_target_dag.py took 0.073 seconds
[2025-12-10 18:29:15,303] {processor.py:163} INFO - Started process (PID=785) to work on /home/airflow/.local/lib/python3.6/site-packages/airflow/example_dags/example_trigger_target_dag.py
[2025-12-10 18:29:15,307] {processor.py:642} INFO - Processing file /home/airflow/.local/lib/python3.6/site-packages/airflow/example_dags/example_trigger_target_dag.py for tasks to queue
[2025-12-10 18:29:15,307] {logging_mixin.py:109} INFO - [2025-12-10 18:29:15,307] {dagbag.py:500} INFO - Filling up the DagBag from /home/airflow/.local/lib/python3.6/site-packages/airflow/example_dags/example_trigger_target_dag.py
[2025-12-10 18:29:15,338] {processor.py:654} INFO - DAG(s) dict_keys(['example_trigger_target_dag']) retrieved from /home/airflow/.local/lib/python3.6/site-packages/airflow/example_dags/example_trigger_target_dag.py
[2025-12-10 18:29:15,346] {logging_mixin.py:109} INFO - [2025-12-10 18:29:15,346] {dag.py:2396} INFO - Sync 1 DAGs
[2025-12-10 18:29:15,360] {logging_mixin.py:109} INFO - [2025-12-10 18:29:15,360] {dag.py:2935} INFO - Setting next_dagrun for example_trigger_target_dag to None
[2025-12-10 18:29:15,367] {processor.py:171} INFO - Processing /home/airflow/.local/lib/python3.6/site-packages/airflow/example_dags/example_trigger_target_dag.py took 0.067 seconds
[2025-12-10 18:29:45,798] {processor.py:163} INFO - Started process (PID=847) to work on /home/airflow/.local/lib/python3.6/site-packages/airflow/example_dags/example_trigger_target_dag.py
[2025-12-10 18:29:45,808] {processor.py:642} INFO - Processing file /home/airflow/.local/lib/python3.6/site-packages/airflow/example_dags/example_trigger_target_dag.py for tasks to queue
[2025-12-10 18:29:45,809] {logging_mixin.py:109} INFO - [2025-12-10 18:29:45,809] {dagbag.py:500} INFO - Filling up the DagBag from /home/airflow/.local/lib/python3.6/site-packages/airflow/example_dags/example_trigger_target_dag.py
[2025-12-10 18:29:45,837] {processor.py:654} INFO - DAG(s) dict_keys(['example_trigger_target_dag']) retrieved from /home/airflow/.local/lib/python3.6/site-packages/airflow/example_dags/example_trigger_target_dag.py
[2025-12-10 18:29:45,845] {logging_mixin.py:109} INFO - [2025-12-10 18:29:45,845] {dag.py:2396} INFO - Sync 1 DAGs
[2025-12-10 18:29:45,859] {logging_mixin.py:109} INFO - [2025-12-10 18:29:45,859] {dag.py:2935} INFO - Setting next_dagrun for example_trigger_target_dag to None
[2025-12-10 18:29:45,866] {processor.py:171} INFO - Processing /home/airflow/.local/lib/python3.6/site-packages/airflow/example_dags/example_trigger_target_dag.py took 0.072 seconds
[2025-12-10 18:30:16,233] {processor.py:163} INFO - Started process (PID=909) to work on /home/airflow/.local/lib/python3.6/site-packages/airflow/example_dags/example_trigger_target_dag.py
[2025-12-10 18:30:16,235] {processor.py:642} INFO - Processing file /home/airflow/.local/lib/python3.6/site-packages/airflow/example_dags/example_trigger_target_dag.py for tasks to queue
[2025-12-10 18:30:16,235] {logging_mixin.py:109} INFO - [2025-12-10 18:30:16,235] {dagbag.py:500} INFO - Filling up the DagBag from /home/airflow/.local/lib/python3.6/site-packages/airflow/example_dags/example_trigger_target_dag.py
[2025-12-10 18:30:16,264] {processor.py:654} INFO - DAG(s) dict_keys(['example_trigger_target_dag']) retrieved from /home/airflow/.local/lib/python3.6/site-packages/airflow/example_dags/example_trigger_target_dag.py
[2025-12-10 18:30:16,275] {logging_mixin.py:109} INFO - [2025-12-10 18:30:16,275] {dag.py:2396} INFO - Sync 1 DAGs
[2025-12-10 18:30:16,287] {logging_mixin.py:109} INFO - [2025-12-10 18:30:16,287] {dag.py:2935} INFO - Setting next_dagrun for example_trigger_target_dag to None
[2025-12-10 18:30:16,295] {processor.py:171} INFO - Processing /home/airflow/.local/lib/python3.6/site-packages/airflow/example_dags/example_trigger_target_dag.py took 0.065 seconds
[2025-12-10 18:30:46,727] {processor.py:163} INFO - Started process (PID=961) to work on /home/airflow/.local/lib/python3.6/site-packages/airflow/example_dags/example_trigger_target_dag.py
[2025-12-10 18:30:46,738] {processor.py:642} INFO - Processing file /home/airflow/.local/lib/python3.6/site-packages/airflow/example_dags/example_trigger_target_dag.py for tasks to queue
[2025-12-10 18:30:46,738] {logging_mixin.py:109} INFO - [2025-12-10 18:30:46,738] {dagbag.py:500} INFO - Filling up the DagBag from /home/airflow/.local/lib/python3.6/site-packages/airflow/example_dags/example_trigger_target_dag.py
[2025-12-10 18:30:46,769] {processor.py:654} INFO - DAG(s) dict_keys(['example_trigger_target_dag']) retrieved from /home/airflow/.local/lib/python3.6/site-packages/airflow/example_dags/example_trigger_target_dag.py
[2025-12-10 18:30:46,777] {logging_mixin.py:109} INFO - [2025-12-10 18:30:46,777] {dag.py:2396} INFO - Sync 1 DAGs
[2025-12-10 18:30:46,789] {logging_mixin.py:109} INFO - [2025-12-10 18:30:46,789] {dag.py:2935} INFO - Setting next_dagrun for example_trigger_target_dag to None
[2025-12-10 18:30:46,796] {processor.py:171} INFO - Processing /home/airflow/.local/lib/python3.6/site-packages/airflow/example_dags/example_trigger_target_dag.py took 0.072 seconds
[2025-12-10 18:31:17,024] {processor.py:163} INFO - Started process (PID=1023) to work on /home/airflow/.local/lib/python3.6/site-packages/airflow/example_dags/example_trigger_target_dag.py
[2025-12-10 18:31:17,035] {processor.py:642} INFO - Processing file /home/airflow/.local/lib/python3.6/site-packages/airflow/example_dags/example_trigger_target_dag.py for tasks to queue
[2025-12-10 18:31:17,036] {logging_mixin.py:109} INFO - [2025-12-10 18:31:17,036] {dagbag.py:500} INFO - Filling up the DagBag from /home/airflow/.local/lib/python3.6/site-packages/airflow/example_dags/example_trigger_target_dag.py
[2025-12-10 18:31:17,067] {processor.py:654} INFO - DAG(s) dict_keys(['example_trigger_target_dag']) retrieved from /home/airflow/.local/lib/python3.6/site-packages/airflow/example_dags/example_trigger_target_dag.py
[2025-12-10 18:31:17,076] {logging_mixin.py:109} INFO - [2025-12-10 18:31:17,076] {dag.py:2396} INFO - Sync 1 DAGs
[2025-12-10 18:31:17,089] {logging_mixin.py:109} INFO - [2025-12-10 18:31:17,089] {dag.py:2935} INFO - Setting next_dagrun for example_trigger_target_dag to None
[2025-12-10 18:31:17,098] {processor.py:171} INFO - Processing /home/airflow/.local/lib/python3.6/site-packages/airflow/example_dags/example_trigger_target_dag.py took 0.076 seconds
[2025-12-10 18:31:47,443] {processor.py:163} INFO - Started process (PID=1082) to work on /home/airflow/.local/lib/python3.6/site-packages/airflow/example_dags/example_trigger_target_dag.py
[2025-12-10 18:31:47,454] {processor.py:642} INFO - Processing file /home/airflow/.local/lib/python3.6/site-packages/airflow/example_dags/example_trigger_target_dag.py for tasks to queue
[2025-12-10 18:31:47,455] {logging_mixin.py:109} INFO - [2025-12-10 18:31:47,455] {dagbag.py:500} INFO - Filling up the DagBag from /home/airflow/.local/lib/python3.6/site-packages/airflow/example_dags/example_trigger_target_dag.py
[2025-12-10 18:31:47,487] {processor.py:654} INFO - DAG(s) dict_keys(['example_trigger_target_dag']) retrieved from /home/airflow/.local/lib/python3.6/site-packages/airflow/example_dags/example_trigger_target_dag.py
[2025-12-10 18:31:47,496] {logging_mixin.py:109} INFO - [2025-12-10 18:31:47,496] {dag.py:2396} INFO - Sync 1 DAGs
[2025-12-10 18:31:47,509] {logging_mixin.py:109} INFO - [2025-12-10 18:31:47,509] {dag.py:2935} INFO - Setting next_dagrun for example_trigger_target_dag to None
[2025-12-10 18:31:47,518] {processor.py:171} INFO - Processing /home/airflow/.local/lib/python3.6/site-packages/airflow/example_dags/example_trigger_target_dag.py took 0.078 seconds
[2025-12-10 18:32:17,888] {processor.py:163} INFO - Started process (PID=1137) to work on /home/airflow/.local/lib/python3.6/site-packages/airflow/example_dags/example_trigger_target_dag.py
[2025-12-10 18:32:17,898] {processor.py:642} INFO - Processing file /home/airflow/.local/lib/python3.6/site-packages/airflow/example_dags/example_trigger_target_dag.py for tasks to queue
[2025-12-10 18:32:17,899] {logging_mixin.py:109} INFO - [2025-12-10 18:32:17,899] {dagbag.py:500} INFO - Filling up the DagBag from /home/airflow/.local/lib/python3.6/site-packages/airflow/example_dags/example_trigger_target_dag.py
[2025-12-10 18:32:17,928] {processor.py:654} INFO - DAG(s) dict_keys(['example_trigger_target_dag']) retrieved from /home/airflow/.local/lib/python3.6/site-packages/airflow/example_dags/example_trigger_target_dag.py
[2025-12-10 18:32:17,936] {logging_mixin.py:109} INFO - [2025-12-10 18:32:17,936] {dag.py:2396} INFO - Sync 1 DAGs
[2025-12-10 18:32:17,948] {logging_mixin.py:109} INFO - [2025-12-10 18:32:17,948] {dag.py:2935} INFO - Setting next_dagrun for example_trigger_target_dag to None
[2025-12-10 18:32:17,955] {processor.py:171} INFO - Processing /home/airflow/.local/lib/python3.6/site-packages/airflow/example_dags/example_trigger_target_dag.py took 0.070 seconds
[2025-12-10 18:32:48,536] {processor.py:163} INFO - Started process (PID=1199) to work on /home/airflow/.local/lib/python3.6/site-packages/airflow/example_dags/example_trigger_target_dag.py
[2025-12-10 18:32:48,537] {processor.py:642} INFO - Processing file /home/airflow/.local/lib/python3.6/site-packages/airflow/example_dags/example_trigger_target_dag.py for tasks to queue
[2025-12-10 18:32:48,537] {logging_mixin.py:109} INFO - [2025-12-10 18:32:48,537] {dagbag.py:500} INFO - Filling up the DagBag from /home/airflow/.local/lib/python3.6/site-packages/airflow/example_dags/example_trigger_target_dag.py
[2025-12-10 18:32:48,567] {processor.py:654} INFO - DAG(s) dict_keys(['example_trigger_target_dag']) retrieved from /home/airflow/.local/lib/python3.6/site-packages/airflow/example_dags/example_trigger_target_dag.py
[2025-12-10 18:32:48,575] {logging_mixin.py:109} INFO - [2025-12-10 18:32:48,575] {dag.py:2396} INFO - Sync 1 DAGs
[2025-12-10 18:32:48,589] {logging_mixin.py:109} INFO - [2025-12-10 18:32:48,588] {dag.py:2935} INFO - Setting next_dagrun for example_trigger_target_dag to None
[2025-12-10 18:32:48,597] {processor.py:171} INFO - Processing /home/airflow/.local/lib/python3.6/site-packages/airflow/example_dags/example_trigger_target_dag.py took 0.064 seconds
[2025-12-10 18:33:18,893] {processor.py:163} INFO - Started process (PID=1251) to work on /home/airflow/.local/lib/python3.6/site-packages/airflow/example_dags/example_trigger_target_dag.py
[2025-12-10 18:33:18,903] {processor.py:642} INFO - Processing file /home/airflow/.local/lib/python3.6/site-packages/airflow/example_dags/example_trigger_target_dag.py for tasks to queue
[2025-12-10 18:33:18,904] {logging_mixin.py:109} INFO - [2025-12-10 18:33:18,904] {dagbag.py:500} INFO - Filling up the DagBag from /home/airflow/.local/lib/python3.6/site-packages/airflow/example_dags/example_trigger_target_dag.py
[2025-12-10 18:33:18,934] {processor.py:654} INFO - DAG(s) dict_keys(['example_trigger_target_dag']) retrieved from /home/airflow/.local/lib/python3.6/site-packages/airflow/example_dags/example_trigger_target_dag.py
[2025-12-10 18:33:18,942] {logging_mixin.py:109} INFO - [2025-12-10 18:33:18,942] {dag.py:2396} INFO - Sync 1 DAGs
[2025-12-10 18:33:18,955] {logging_mixin.py:109} INFO - [2025-12-10 18:33:18,955] {dag.py:2935} INFO - Setting next_dagrun for example_trigger_target_dag to None
[2025-12-10 18:33:18,962] {processor.py:171} INFO - Processing /home/airflow/.local/lib/python3.6/site-packages/airflow/example_dags/example_trigger_target_dag.py took 0.072 seconds
[2025-12-10 18:33:49,262] {processor.py:163} INFO - Started process (PID=1314) to work on /home/airflow/.local/lib/python3.6/site-packages/airflow/example_dags/example_trigger_target_dag.py
[2025-12-10 18:33:49,273] {processor.py:642} INFO - Processing file /home/airflow/.local/lib/python3.6/site-packages/airflow/example_dags/example_trigger_target_dag.py for tasks to queue
[2025-12-10 18:33:49,274] {logging_mixin.py:109} INFO - [2025-12-10 18:33:49,274] {dagbag.py:500} INFO - Filling up the DagBag from /home/airflow/.local/lib/python3.6/site-packages/airflow/example_dags/example_trigger_target_dag.py
[2025-12-10 18:33:49,303] {processor.py:654} INFO - DAG(s) dict_keys(['example_trigger_target_dag']) retrieved from /home/airflow/.local/lib/python3.6/site-packages/airflow/example_dags/example_trigger_target_dag.py
[2025-12-10 18:33:49,311] {logging_mixin.py:109} INFO - [2025-12-10 18:33:49,311] {dag.py:2396} INFO - Sync 1 DAGs
[2025-12-10 18:33:49,325] {logging_mixin.py:109} INFO - [2025-12-10 18:33:49,325] {dag.py:2935} INFO - Setting next_dagrun for example_trigger_target_dag to None
[2025-12-10 18:33:49,333] {processor.py:171} INFO - Processing /home/airflow/.local/lib/python3.6/site-packages/airflow/example_dags/example_trigger_target_dag.py took 0.074 seconds
[2025-12-10 18:34:19,789] {processor.py:163} INFO - Started process (PID=1376) to work on /home/airflow/.local/lib/python3.6/site-packages/airflow/example_dags/example_trigger_target_dag.py
[2025-12-10 18:34:19,790] {processor.py:642} INFO - Processing file /home/airflow/.local/lib/python3.6/site-packages/airflow/example_dags/example_trigger_target_dag.py for tasks to queue
[2025-12-10 18:34:19,791] {logging_mixin.py:109} INFO - [2025-12-10 18:34:19,791] {dagbag.py:500} INFO - Filling up the DagBag from /home/airflow/.local/lib/python3.6/site-packages/airflow/example_dags/example_trigger_target_dag.py
[2025-12-10 18:34:19,828] {processor.py:654} INFO - DAG(s) dict_keys(['example_trigger_target_dag']) retrieved from /home/airflow/.local/lib/python3.6/site-packages/airflow/example_dags/example_trigger_target_dag.py
[2025-12-10 18:34:19,837] {logging_mixin.py:109} INFO - [2025-12-10 18:34:19,837] {dag.py:2396} INFO - Sync 1 DAGs
[2025-12-10 18:34:19,851] {logging_mixin.py:109} INFO - [2025-12-10 18:34:19,851] {dag.py:2935} INFO - Setting next_dagrun for example_trigger_target_dag to None
[2025-12-10 18:34:19,858] {processor.py:171} INFO - Processing /home/airflow/.local/lib/python3.6/site-packages/airflow/example_dags/example_trigger_target_dag.py took 0.072 seconds
[2025-12-10 18:34:50,117] {processor.py:163} INFO - Started process (PID=1428) to work on /home/airflow/.local/lib/python3.6/site-packages/airflow/example_dags/example_trigger_target_dag.py
[2025-12-10 18:34:50,128] {processor.py:642} INFO - Processing file /home/airflow/.local/lib/python3.6/site-packages/airflow/example_dags/example_trigger_target_dag.py for tasks to queue
[2025-12-10 18:34:50,128] {logging_mixin.py:109} INFO - [2025-12-10 18:34:50,128] {dagbag.py:500} INFO - Filling up the DagBag from /home/airflow/.local/lib/python3.6/site-packages/airflow/example_dags/example_trigger_target_dag.py
[2025-12-10 18:34:50,159] {processor.py:654} INFO - DAG(s) dict_keys(['example_trigger_target_dag']) retrieved from /home/airflow/.local/lib/python3.6/site-packages/airflow/example_dags/example_trigger_target_dag.py
[2025-12-10 18:34:50,168] {logging_mixin.py:109} INFO - [2025-12-10 18:34:50,168] {dag.py:2396} INFO - Sync 1 DAGs
[2025-12-10 18:34:50,182] {logging_mixin.py:109} INFO - [2025-12-10 18:34:50,182] {dag.py:2935} INFO - Setting next_dagrun for example_trigger_target_dag to None
[2025-12-10 18:34:50,190] {processor.py:171} INFO - Processing /home/airflow/.local/lib/python3.6/site-packages/airflow/example_dags/example_trigger_target_dag.py took 0.075 seconds
[2025-12-10 18:35:20,286] {processor.py:163} INFO - Started process (PID=1490) to work on /home/airflow/.local/lib/python3.6/site-packages/airflow/example_dags/example_trigger_target_dag.py
[2025-12-10 18:35:20,287] {processor.py:642} INFO - Processing file /home/airflow/.local/lib/python3.6/site-packages/airflow/example_dags/example_trigger_target_dag.py for tasks to queue
[2025-12-10 18:35:20,288] {logging_mixin.py:109} INFO - [2025-12-10 18:35:20,288] {dagbag.py:500} INFO - Filling up the DagBag from /home/airflow/.local/lib/python3.6/site-packages/airflow/example_dags/example_trigger_target_dag.py
[2025-12-10 18:35:20,319] {processor.py:654} INFO - DAG(s) dict_keys(['example_trigger_target_dag']) retrieved from /home/airflow/.local/lib/python3.6/site-packages/airflow/example_dags/example_trigger_target_dag.py
[2025-12-10 18:35:20,328] {logging_mixin.py:109} INFO - [2025-12-10 18:35:20,327] {dag.py:2396} INFO - Sync 1 DAGs
[2025-12-10 18:35:20,341] {logging_mixin.py:109} INFO - [2025-12-10 18:35:20,341] {dag.py:2935} INFO - Setting next_dagrun for example_trigger_target_dag to None
[2025-12-10 18:35:20,349] {processor.py:171} INFO - Processing /home/airflow/.local/lib/python3.6/site-packages/airflow/example_dags/example_trigger_target_dag.py took 0.065 seconds
[2025-12-10 18:35:50,607] {processor.py:163} INFO - Started process (PID=1542) to work on /home/airflow/.local/lib/python3.6/site-packages/airflow/example_dags/example_trigger_target_dag.py
[2025-12-10 18:35:50,618] {processor.py:642} INFO - Processing file /home/airflow/.local/lib/python3.6/site-packages/airflow/example_dags/example_trigger_target_dag.py for tasks to queue
[2025-12-10 18:35:50,619] {logging_mixin.py:109} INFO - [2025-12-10 18:35:50,619] {dagbag.py:500} INFO - Filling up the DagBag from /home/airflow/.local/lib/python3.6/site-packages/airflow/example_dags/example_trigger_target_dag.py
[2025-12-10 18:35:50,649] {processor.py:654} INFO - DAG(s) dict_keys(['example_trigger_target_dag']) retrieved from /home/airflow/.local/lib/python3.6/site-packages/airflow/example_dags/example_trigger_target_dag.py
[2025-12-10 18:35:50,657] {logging_mixin.py:109} INFO - [2025-12-10 18:35:50,657] {dag.py:2396} INFO - Sync 1 DAGs
[2025-12-10 18:35:50,670] {logging_mixin.py:109} INFO - [2025-12-10 18:35:50,670] {dag.py:2935} INFO - Setting next_dagrun for example_trigger_target_dag to None
[2025-12-10 18:35:50,678] {processor.py:171} INFO - Processing /home/airflow/.local/lib/python3.6/site-packages/airflow/example_dags/example_trigger_target_dag.py took 0.074 seconds
[2025-12-10 18:36:21,314] {processor.py:163} INFO - Started process (PID=1604) to work on /home/airflow/.local/lib/python3.6/site-packages/airflow/example_dags/example_trigger_target_dag.py
[2025-12-10 18:36:21,316] {processor.py:642} INFO - Processing file /home/airflow/.local/lib/python3.6/site-packages/airflow/example_dags/example_trigger_target_dag.py for tasks to queue
[2025-12-10 18:36:21,316] {logging_mixin.py:109} INFO - [2025-12-10 18:36:21,316] {dagbag.py:500} INFO - Filling up the DagBag from /home/airflow/.local/lib/python3.6/site-packages/airflow/example_dags/example_trigger_target_dag.py
[2025-12-10 18:36:21,346] {processor.py:654} INFO - DAG(s) dict_keys(['example_trigger_target_dag']) retrieved from /home/airflow/.local/lib/python3.6/site-packages/airflow/example_dags/example_trigger_target_dag.py
[2025-12-10 18:36:21,355] {logging_mixin.py:109} INFO - [2025-12-10 18:36:21,355] {dag.py:2396} INFO - Sync 1 DAGs
[2025-12-10 18:36:21,370] {logging_mixin.py:109} INFO - [2025-12-10 18:36:21,369] {dag.py:2935} INFO - Setting next_dagrun for example_trigger_target_dag to None
[2025-12-10 18:36:21,378] {processor.py:171} INFO - Processing /home/airflow/.local/lib/python3.6/site-packages/airflow/example_dags/example_trigger_target_dag.py took 0.067 seconds
[2025-12-10 18:36:51,792] {processor.py:163} INFO - Started process (PID=1666) to work on /home/airflow/.local/lib/python3.6/site-packages/airflow/example_dags/example_trigger_target_dag.py
[2025-12-10 18:36:51,803] {processor.py:642} INFO - Processing file /home/airflow/.local/lib/python3.6/site-packages/airflow/example_dags/example_trigger_target_dag.py for tasks to queue
[2025-12-10 18:36:51,804] {logging_mixin.py:109} INFO - [2025-12-10 18:36:51,804] {dagbag.py:500} INFO - Filling up the DagBag from /home/airflow/.local/lib/python3.6/site-packages/airflow/example_dags/example_trigger_target_dag.py
[2025-12-10 18:36:51,841] {processor.py:654} INFO - DAG(s) dict_keys(['example_trigger_target_dag']) retrieved from /home/airflow/.local/lib/python3.6/site-packages/airflow/example_dags/example_trigger_target_dag.py
[2025-12-10 18:36:51,853] {logging_mixin.py:109} INFO - [2025-12-10 18:36:51,853] {dag.py:2396} INFO - Sync 1 DAGs
[2025-12-10 18:36:51,871] {logging_mixin.py:109} INFO - [2025-12-10 18:36:51,871] {dag.py:2935} INFO - Setting next_dagrun for example_trigger_target_dag to None
[2025-12-10 18:36:51,879] {processor.py:171} INFO - Processing /home/airflow/.local/lib/python3.6/site-packages/airflow/example_dags/example_trigger_target_dag.py took 0.091 seconds
[2025-12-10 18:37:22,309] {processor.py:163} INFO - Started process (PID=1718) to work on /home/airflow/.local/lib/python3.6/site-packages/airflow/example_dags/example_trigger_target_dag.py
[2025-12-10 18:37:22,310] {processor.py:642} INFO - Processing file /home/airflow/.local/lib/python3.6/site-packages/airflow/example_dags/example_trigger_target_dag.py for tasks to queue
[2025-12-10 18:37:22,311] {logging_mixin.py:109} INFO - [2025-12-10 18:37:22,311] {dagbag.py:500} INFO - Filling up the DagBag from /home/airflow/.local/lib/python3.6/site-packages/airflow/example_dags/example_trigger_target_dag.py
[2025-12-10 18:37:22,340] {processor.py:654} INFO - DAG(s) dict_keys(['example_trigger_target_dag']) retrieved from /home/airflow/.local/lib/python3.6/site-packages/airflow/example_dags/example_trigger_target_dag.py
[2025-12-10 18:37:22,349] {logging_mixin.py:109} INFO - [2025-12-10 18:37:22,349] {dag.py:2396} INFO - Sync 1 DAGs
[2025-12-10 18:37:22,363] {logging_mixin.py:109} INFO - [2025-12-10 18:37:22,363] {dag.py:2935} INFO - Setting next_dagrun for example_trigger_target_dag to None
[2025-12-10 18:37:22,370] {processor.py:171} INFO - Processing /home/airflow/.local/lib/python3.6/site-packages/airflow/example_dags/example_trigger_target_dag.py took 0.064 seconds
[2025-12-10 18:37:52,590] {processor.py:163} INFO - Started process (PID=1780) to work on /home/airflow/.local/lib/python3.6/site-packages/airflow/example_dags/example_trigger_target_dag.py
[2025-12-10 18:37:52,601] {processor.py:642} INFO - Processing file /home/airflow/.local/lib/python3.6/site-packages/airflow/example_dags/example_trigger_target_dag.py for tasks to queue
[2025-12-10 18:37:52,602] {logging_mixin.py:109} INFO - [2025-12-10 18:37:52,602] {dagbag.py:500} INFO - Filling up the DagBag from /home/airflow/.local/lib/python3.6/site-packages/airflow/example_dags/example_trigger_target_dag.py
[2025-12-10 18:37:52,633] {processor.py:654} INFO - DAG(s) dict_keys(['example_trigger_target_dag']) retrieved from /home/airflow/.local/lib/python3.6/site-packages/airflow/example_dags/example_trigger_target_dag.py
[2025-12-10 18:37:52,643] {logging_mixin.py:109} INFO - [2025-12-10 18:37:52,643] {dag.py:2396} INFO - Sync 1 DAGs
[2025-12-10 18:37:52,657] {logging_mixin.py:109} INFO - [2025-12-10 18:37:52,657] {dag.py:2935} INFO - Setting next_dagrun for example_trigger_target_dag to None
[2025-12-10 18:37:52,666] {processor.py:171} INFO - Processing /home/airflow/.local/lib/python3.6/site-packages/airflow/example_dags/example_trigger_target_dag.py took 0.079 seconds
[2025-12-10 18:38:22,918] {processor.py:163} INFO - Started process (PID=1832) to work on /home/airflow/.local/lib/python3.6/site-packages/airflow/example_dags/example_trigger_target_dag.py
[2025-12-10 18:38:22,919] {processor.py:642} INFO - Processing file /home/airflow/.local/lib/python3.6/site-packages/airflow/example_dags/example_trigger_target_dag.py for tasks to queue
[2025-12-10 18:38:22,920] {logging_mixin.py:109} INFO - [2025-12-10 18:38:22,920] {dagbag.py:500} INFO - Filling up the DagBag from /home/airflow/.local/lib/python3.6/site-packages/airflow/example_dags/example_trigger_target_dag.py
[2025-12-10 18:38:22,949] {processor.py:654} INFO - DAG(s) dict_keys(['example_trigger_target_dag']) retrieved from /home/airflow/.local/lib/python3.6/site-packages/airflow/example_dags/example_trigger_target_dag.py
[2025-12-10 18:38:22,958] {logging_mixin.py:109} INFO - [2025-12-10 18:38:22,958] {dag.py:2396} INFO - Sync 1 DAGs
[2025-12-10 18:38:22,972] {logging_mixin.py:109} INFO - [2025-12-10 18:38:22,971] {dag.py:2935} INFO - Setting next_dagrun for example_trigger_target_dag to None
[2025-12-10 18:38:22,979] {processor.py:171} INFO - Processing /home/airflow/.local/lib/python3.6/site-packages/airflow/example_dags/example_trigger_target_dag.py took 0.064 seconds
[2025-12-10 18:38:53,331] {processor.py:163} INFO - Started process (PID=1894) to work on /home/airflow/.local/lib/python3.6/site-packages/airflow/example_dags/example_trigger_target_dag.py
[2025-12-10 18:38:53,342] {processor.py:642} INFO - Processing file /home/airflow/.local/lib/python3.6/site-packages/airflow/example_dags/example_trigger_target_dag.py for tasks to queue
[2025-12-10 18:38:53,342] {logging_mixin.py:109} INFO - [2025-12-10 18:38:53,342] {dagbag.py:500} INFO - Filling up the DagBag from /home/airflow/.local/lib/python3.6/site-packages/airflow/example_dags/example_trigger_target_dag.py
[2025-12-10 18:38:53,372] {processor.py:654} INFO - DAG(s) dict_keys(['example_trigger_target_dag']) retrieved from /home/airflow/.local/lib/python3.6/site-packages/airflow/example_dags/example_trigger_target_dag.py
[2025-12-10 18:38:53,382] {logging_mixin.py:109} INFO - [2025-12-10 18:38:53,382] {dag.py:2396} INFO - Sync 1 DAGs
[2025-12-10 18:38:53,395] {logging_mixin.py:109} INFO - [2025-12-10 18:38:53,395] {dag.py:2935} INFO - Setting next_dagrun for example_trigger_target_dag to None
[2025-12-10 18:38:53,404] {processor.py:171} INFO - Processing /home/airflow/.local/lib/python3.6/site-packages/airflow/example_dags/example_trigger_target_dag.py took 0.080 seconds
[2025-12-10 18:39:23,657] {processor.py:163} INFO - Started process (PID=1956) to work on /home/airflow/.local/lib/python3.6/site-packages/airflow/example_dags/example_trigger_target_dag.py
[2025-12-10 18:39:23,658] {processor.py:642} INFO - Processing file /home/airflow/.local/lib/python3.6/site-packages/airflow/example_dags/example_trigger_target_dag.py for tasks to queue
[2025-12-10 18:39:23,659] {logging_mixin.py:109} INFO - [2025-12-10 18:39:23,659] {dagbag.py:500} INFO - Filling up the DagBag from /home/airflow/.local/lib/python3.6/site-packages/airflow/example_dags/example_trigger_target_dag.py
[2025-12-10 18:39:23,697] {processor.py:654} INFO - DAG(s) dict_keys(['example_trigger_target_dag']) retrieved from /home/airflow/.local/lib/python3.6/site-packages/airflow/example_dags/example_trigger_target_dag.py
[2025-12-10 18:39:23,708] {logging_mixin.py:109} INFO - [2025-12-10 18:39:23,708] {dag.py:2396} INFO - Sync 1 DAGs
[2025-12-10 18:39:23,726] {logging_mixin.py:109} INFO - [2025-12-10 18:39:23,726] {dag.py:2935} INFO - Setting next_dagrun for example_trigger_target_dag to None
[2025-12-10 18:39:23,734] {processor.py:171} INFO - Processing /home/airflow/.local/lib/python3.6/site-packages/airflow/example_dags/example_trigger_target_dag.py took 0.082 seconds
[2025-12-10 18:39:53,968] {processor.py:163} INFO - Started process (PID=2008) to work on /home/airflow/.local/lib/python3.6/site-packages/airflow/example_dags/example_trigger_target_dag.py
[2025-12-10 18:39:53,979] {processor.py:642} INFO - Processing file /home/airflow/.local/lib/python3.6/site-packages/airflow/example_dags/example_trigger_target_dag.py for tasks to queue
[2025-12-10 18:39:53,980] {logging_mixin.py:109} INFO - [2025-12-10 18:39:53,980] {dagbag.py:500} INFO - Filling up the DagBag from /home/airflow/.local/lib/python3.6/site-packages/airflow/example_dags/example_trigger_target_dag.py
[2025-12-10 18:39:54,012] {processor.py:654} INFO - DAG(s) dict_keys(['example_trigger_target_dag']) retrieved from /home/airflow/.local/lib/python3.6/site-packages/airflow/example_dags/example_trigger_target_dag.py
[2025-12-10 18:39:54,021] {logging_mixin.py:109} INFO - [2025-12-10 18:39:54,021] {dag.py:2396} INFO - Sync 1 DAGs
[2025-12-10 18:39:54,034] {logging_mixin.py:109} INFO - [2025-12-10 18:39:54,034] {dag.py:2935} INFO - Setting next_dagrun for example_trigger_target_dag to None
[2025-12-10 18:39:54,042] {processor.py:171} INFO - Processing /home/airflow/.local/lib/python3.6/site-packages/airflow/example_dags/example_trigger_target_dag.py took 0.077 seconds
[2025-12-10 18:40:24,353] {processor.py:163} INFO - Started process (PID=2070) to work on /home/airflow/.local/lib/python3.6/site-packages/airflow/example_dags/example_trigger_target_dag.py
[2025-12-10 18:40:24,354] {processor.py:642} INFO - Processing file /home/airflow/.local/lib/python3.6/site-packages/airflow/example_dags/example_trigger_target_dag.py for tasks to queue
[2025-12-10 18:40:24,354] {logging_mixin.py:109} INFO - [2025-12-10 18:40:24,354] {dagbag.py:500} INFO - Filling up the DagBag from /home/airflow/.local/lib/python3.6/site-packages/airflow/example_dags/example_trigger_target_dag.py
[2025-12-10 18:40:24,386] {processor.py:654} INFO - DAG(s) dict_keys(['example_trigger_target_dag']) retrieved from /home/airflow/.local/lib/python3.6/site-packages/airflow/example_dags/example_trigger_target_dag.py
[2025-12-10 18:40:24,395] {logging_mixin.py:109} INFO - [2025-12-10 18:40:24,395] {dag.py:2396} INFO - Sync 1 DAGs
[2025-12-10 18:40:24,409] {logging_mixin.py:109} INFO - [2025-12-10 18:40:24,409] {dag.py:2935} INFO - Setting next_dagrun for example_trigger_target_dag to None
[2025-12-10 18:40:24,417] {processor.py:171} INFO - Processing /home/airflow/.local/lib/python3.6/site-packages/airflow/example_dags/example_trigger_target_dag.py took 0.068 seconds
[2025-12-10 18:40:54,711] {processor.py:163} INFO - Started process (PID=2122) to work on /home/airflow/.local/lib/python3.6/site-packages/airflow/example_dags/example_trigger_target_dag.py
[2025-12-10 18:40:54,721] {processor.py:642} INFO - Processing file /home/airflow/.local/lib/python3.6/site-packages/airflow/example_dags/example_trigger_target_dag.py for tasks to queue
[2025-12-10 18:40:54,722] {logging_mixin.py:109} INFO - [2025-12-10 18:40:54,722] {dagbag.py:500} INFO - Filling up the DagBag from /home/airflow/.local/lib/python3.6/site-packages/airflow/example_dags/example_trigger_target_dag.py
[2025-12-10 18:40:54,751] {processor.py:654} INFO - DAG(s) dict_keys(['example_trigger_target_dag']) retrieved from /home/airflow/.local/lib/python3.6/site-packages/airflow/example_dags/example_trigger_target_dag.py
[2025-12-10 18:40:54,759] {logging_mixin.py:109} INFO - [2025-12-10 18:40:54,759] {dag.py:2396} INFO - Sync 1 DAGs
[2025-12-10 18:40:54,773] {logging_mixin.py:109} INFO - [2025-12-10 18:40:54,772] {dag.py:2935} INFO - Setting next_dagrun for example_trigger_target_dag to None
[2025-12-10 18:40:54,784] {processor.py:171} INFO - Processing /home/airflow/.local/lib/python3.6/site-packages/airflow/example_dags/example_trigger_target_dag.py took 0.076 seconds
[2025-12-10 18:41:25,075] {processor.py:163} INFO - Started process (PID=2184) to work on /home/airflow/.local/lib/python3.6/site-packages/airflow/example_dags/example_trigger_target_dag.py
[2025-12-10 18:41:25,076] {processor.py:642} INFO - Processing file /home/airflow/.local/lib/python3.6/site-packages/airflow/example_dags/example_trigger_target_dag.py for tasks to queue
[2025-12-10 18:41:25,077] {logging_mixin.py:109} INFO - [2025-12-10 18:41:25,077] {dagbag.py:500} INFO - Filling up the DagBag from /home/airflow/.local/lib/python3.6/site-packages/airflow/example_dags/example_trigger_target_dag.py
[2025-12-10 18:41:25,111] {processor.py:654} INFO - DAG(s) dict_keys(['example_trigger_target_dag']) retrieved from /home/airflow/.local/lib/python3.6/site-packages/airflow/example_dags/example_trigger_target_dag.py
[2025-12-10 18:41:25,120] {logging_mixin.py:109} INFO - [2025-12-10 18:41:25,120] {dag.py:2396} INFO - Sync 1 DAGs
[2025-12-10 18:41:25,135] {logging_mixin.py:109} INFO - [2025-12-10 18:41:25,135] {dag.py:2935} INFO - Setting next_dagrun for example_trigger_target_dag to None
[2025-12-10 18:41:25,145] {processor.py:171} INFO - Processing /home/airflow/.local/lib/python3.6/site-packages/airflow/example_dags/example_trigger_target_dag.py took 0.073 seconds
[2025-12-10 18:41:55,430] {processor.py:163} INFO - Started process (PID=2246) to work on /home/airflow/.local/lib/python3.6/site-packages/airflow/example_dags/example_trigger_target_dag.py
[2025-12-10 18:41:55,432] {processor.py:642} INFO - Processing file /home/airflow/.local/lib/python3.6/site-packages/airflow/example_dags/example_trigger_target_dag.py for tasks to queue
[2025-12-10 18:41:55,432] {logging_mixin.py:109} INFO - [2025-12-10 18:41:55,432] {dagbag.py:500} INFO - Filling up the DagBag from /home/airflow/.local/lib/python3.6/site-packages/airflow/example_dags/example_trigger_target_dag.py
[2025-12-10 18:41:55,467] {processor.py:654} INFO - DAG(s) dict_keys(['example_trigger_target_dag']) retrieved from /home/airflow/.local/lib/python3.6/site-packages/airflow/example_dags/example_trigger_target_dag.py
[2025-12-10 18:41:55,478] {logging_mixin.py:109} INFO - [2025-12-10 18:41:55,478] {dag.py:2396} INFO - Sync 1 DAGs
[2025-12-10 18:41:55,495] {logging_mixin.py:109} INFO - [2025-12-10 18:41:55,495] {dag.py:2935} INFO - Setting next_dagrun for example_trigger_target_dag to None
[2025-12-10 18:41:55,503] {processor.py:171} INFO - Processing /home/airflow/.local/lib/python3.6/site-packages/airflow/example_dags/example_trigger_target_dag.py took 0.076 seconds
[2025-12-10 18:42:25,813] {processor.py:163} INFO - Started process (PID=2298) to work on /home/airflow/.local/lib/python3.6/site-packages/airflow/example_dags/example_trigger_target_dag.py
[2025-12-10 18:42:25,823] {processor.py:642} INFO - Processing file /home/airflow/.local/lib/python3.6/site-packages/airflow/example_dags/example_trigger_target_dag.py for tasks to queue
[2025-12-10 18:42:25,824] {logging_mixin.py:109} INFO - [2025-12-10 18:42:25,824] {dagbag.py:500} INFO - Filling up the DagBag from /home/airflow/.local/lib/python3.6/site-packages/airflow/example_dags/example_trigger_target_dag.py
[2025-12-10 18:42:25,858] {processor.py:654} INFO - DAG(s) dict_keys(['example_trigger_target_dag']) retrieved from /home/airflow/.local/lib/python3.6/site-packages/airflow/example_dags/example_trigger_target_dag.py
[2025-12-10 18:42:25,867] {logging_mixin.py:109} INFO - [2025-12-10 18:42:25,867] {dag.py:2396} INFO - Sync 1 DAGs
[2025-12-10 18:42:25,883] {logging_mixin.py:109} INFO - [2025-12-10 18:42:25,883] {dag.py:2935} INFO - Setting next_dagrun for example_trigger_target_dag to None
[2025-12-10 18:42:25,894] {processor.py:171} INFO - Processing /home/airflow/.local/lib/python3.6/site-packages/airflow/example_dags/example_trigger_target_dag.py took 0.085 seconds
[2025-12-10 18:42:56,304] {processor.py:163} INFO - Started process (PID=2360) to work on /home/airflow/.local/lib/python3.6/site-packages/airflow/example_dags/example_trigger_target_dag.py
[2025-12-10 18:42:56,305] {processor.py:642} INFO - Processing file /home/airflow/.local/lib/python3.6/site-packages/airflow/example_dags/example_trigger_target_dag.py for tasks to queue
[2025-12-10 18:42:56,306] {logging_mixin.py:109} INFO - [2025-12-10 18:42:56,306] {dagbag.py:500} INFO - Filling up the DagBag from /home/airflow/.local/lib/python3.6/site-packages/airflow/example_dags/example_trigger_target_dag.py
[2025-12-10 18:42:56,342] {processor.py:654} INFO - DAG(s) dict_keys(['example_trigger_target_dag']) retrieved from /home/airflow/.local/lib/python3.6/site-packages/airflow/example_dags/example_trigger_target_dag.py
[2025-12-10 18:42:56,354] {logging_mixin.py:109} INFO - [2025-12-10 18:42:56,354] {dag.py:2396} INFO - Sync 1 DAGs
[2025-12-10 18:42:56,381] {logging_mixin.py:109} INFO - [2025-12-10 18:42:56,381] {dag.py:2935} INFO - Setting next_dagrun for example_trigger_target_dag to None
[2025-12-10 18:42:56,402] {processor.py:171} INFO - Processing /home/airflow/.local/lib/python3.6/site-packages/airflow/example_dags/example_trigger_target_dag.py took 0.102 seconds
[2025-12-10 18:43:26,879] {processor.py:163} INFO - Started process (PID=2412) to work on /home/airflow/.local/lib/python3.6/site-packages/airflow/example_dags/example_trigger_target_dag.py
[2025-12-10 18:43:26,890] {processor.py:642} INFO - Processing file /home/airflow/.local/lib/python3.6/site-packages/airflow/example_dags/example_trigger_target_dag.py for tasks to queue
[2025-12-10 18:43:26,890] {logging_mixin.py:109} INFO - [2025-12-10 18:43:26,890] {dagbag.py:500} INFO - Filling up the DagBag from /home/airflow/.local/lib/python3.6/site-packages/airflow/example_dags/example_trigger_target_dag.py
[2025-12-10 18:43:26,930] {processor.py:654} INFO - DAG(s) dict_keys(['example_trigger_target_dag']) retrieved from /home/airflow/.local/lib/python3.6/site-packages/airflow/example_dags/example_trigger_target_dag.py
[2025-12-10 18:43:26,941] {logging_mixin.py:109} INFO - [2025-12-10 18:43:26,941] {dag.py:2396} INFO - Sync 1 DAGs
[2025-12-10 18:43:26,956] {logging_mixin.py:109} INFO - [2025-12-10 18:43:26,956] {dag.py:2935} INFO - Setting next_dagrun for example_trigger_target_dag to None
[2025-12-10 18:43:26,963] {processor.py:171} INFO - Processing /home/airflow/.local/lib/python3.6/site-packages/airflow/example_dags/example_trigger_target_dag.py took 0.090 seconds
[2025-12-10 18:43:57,481] {processor.py:163} INFO - Started process (PID=2474) to work on /home/airflow/.local/lib/python3.6/site-packages/airflow/example_dags/example_trigger_target_dag.py
[2025-12-10 18:43:57,482] {processor.py:642} INFO - Processing file /home/airflow/.local/lib/python3.6/site-packages/airflow/example_dags/example_trigger_target_dag.py for tasks to queue
[2025-12-10 18:43:57,483] {logging_mixin.py:109} INFO - [2025-12-10 18:43:57,482] {dagbag.py:500} INFO - Filling up the DagBag from /home/airflow/.local/lib/python3.6/site-packages/airflow/example_dags/example_trigger_target_dag.py
[2025-12-10 18:43:57,515] {processor.py:654} INFO - DAG(s) dict_keys(['example_trigger_target_dag']) retrieved from /home/airflow/.local/lib/python3.6/site-packages/airflow/example_dags/example_trigger_target_dag.py
[2025-12-10 18:43:57,524] {logging_mixin.py:109} INFO - [2025-12-10 18:43:57,524] {dag.py:2396} INFO - Sync 1 DAGs
[2025-12-10 18:43:57,540] {logging_mixin.py:109} INFO - [2025-12-10 18:43:57,540] {dag.py:2935} INFO - Setting next_dagrun for example_trigger_target_dag to None
[2025-12-10 18:43:57,548] {processor.py:171} INFO - Processing /home/airflow/.local/lib/python3.6/site-packages/airflow/example_dags/example_trigger_target_dag.py took 0.071 seconds
[2025-12-10 18:46:30,342] {processor.py:163} INFO - Started process (PID=63) to work on /home/airflow/.local/lib/python3.6/site-packages/airflow/example_dags/example_trigger_target_dag.py
[2025-12-10 18:46:30,344] {processor.py:642} INFO - Processing file /home/airflow/.local/lib/python3.6/site-packages/airflow/example_dags/example_trigger_target_dag.py for tasks to queue
[2025-12-10 18:46:30,344] {logging_mixin.py:109} INFO - [2025-12-10 18:46:30,344] {dagbag.py:500} INFO - Filling up the DagBag from /home/airflow/.local/lib/python3.6/site-packages/airflow/example_dags/example_trigger_target_dag.py
[2025-12-10 18:46:30,376] {processor.py:654} INFO - DAG(s) dict_keys(['example_trigger_target_dag']) retrieved from /home/airflow/.local/lib/python3.6/site-packages/airflow/example_dags/example_trigger_target_dag.py
[2025-12-10 18:46:30,386] {logging_mixin.py:109} INFO - [2025-12-10 18:46:30,386] {dag.py:2396} INFO - Sync 1 DAGs
[2025-12-10 18:46:30,401] {logging_mixin.py:109} INFO - [2025-12-10 18:46:30,401] {dag.py:2935} INFO - Setting next_dagrun for example_trigger_target_dag to None
[2025-12-10 18:46:30,409] {processor.py:171} INFO - Processing /home/airflow/.local/lib/python3.6/site-packages/airflow/example_dags/example_trigger_target_dag.py took 0.070 seconds
[2025-12-10 18:47:02,369] {processor.py:163} INFO - Started process (PID=115) to work on /home/airflow/.local/lib/python3.6/site-packages/airflow/example_dags/example_trigger_target_dag.py
[2025-12-10 18:47:02,372] {processor.py:642} INFO - Processing file /home/airflow/.local/lib/python3.6/site-packages/airflow/example_dags/example_trigger_target_dag.py for tasks to queue
[2025-12-10 18:47:02,373] {logging_mixin.py:109} INFO - [2025-12-10 18:47:02,373] {dagbag.py:500} INFO - Filling up the DagBag from /home/airflow/.local/lib/python3.6/site-packages/airflow/example_dags/example_trigger_target_dag.py
[2025-12-10 18:47:02,436] {processor.py:654} INFO - DAG(s) dict_keys(['example_trigger_target_dag']) retrieved from /home/airflow/.local/lib/python3.6/site-packages/airflow/example_dags/example_trigger_target_dag.py
[2025-12-10 18:47:02,458] {logging_mixin.py:109} INFO - [2025-12-10 18:47:02,457] {dag.py:2396} INFO - Sync 1 DAGs
[2025-12-10 18:47:02,488] {logging_mixin.py:109} INFO - [2025-12-10 18:47:02,488] {dag.py:2935} INFO - Setting next_dagrun for example_trigger_target_dag to None
[2025-12-10 18:47:02,514] {processor.py:171} INFO - Processing /home/airflow/.local/lib/python3.6/site-packages/airflow/example_dags/example_trigger_target_dag.py took 0.152 seconds
[2025-12-10 18:47:33,567] {processor.py:163} INFO - Started process (PID=177) to work on /home/airflow/.local/lib/python3.6/site-packages/airflow/example_dags/example_trigger_target_dag.py
[2025-12-10 18:47:33,569] {processor.py:642} INFO - Processing file /home/airflow/.local/lib/python3.6/site-packages/airflow/example_dags/example_trigger_target_dag.py for tasks to queue
[2025-12-10 18:47:33,570] {logging_mixin.py:109} INFO - [2025-12-10 18:47:33,570] {dagbag.py:500} INFO - Filling up the DagBag from /home/airflow/.local/lib/python3.6/site-packages/airflow/example_dags/example_trigger_target_dag.py
[2025-12-10 18:47:33,622] {processor.py:654} INFO - DAG(s) dict_keys(['example_trigger_target_dag']) retrieved from /home/airflow/.local/lib/python3.6/site-packages/airflow/example_dags/example_trigger_target_dag.py
[2025-12-10 18:47:33,636] {logging_mixin.py:109} INFO - [2025-12-10 18:47:33,636] {dag.py:2396} INFO - Sync 1 DAGs
[2025-12-10 18:47:33,668] {logging_mixin.py:109} INFO - [2025-12-10 18:47:33,668] {dag.py:2935} INFO - Setting next_dagrun for example_trigger_target_dag to None
[2025-12-10 18:47:33,683] {processor.py:171} INFO - Processing /home/airflow/.local/lib/python3.6/site-packages/airflow/example_dags/example_trigger_target_dag.py took 0.126 seconds
[2025-12-10 18:48:04,582] {processor.py:163} INFO - Started process (PID=230) to work on /home/airflow/.local/lib/python3.6/site-packages/airflow/example_dags/example_trigger_target_dag.py
[2025-12-10 18:48:04,586] {processor.py:642} INFO - Processing file /home/airflow/.local/lib/python3.6/site-packages/airflow/example_dags/example_trigger_target_dag.py for tasks to queue
[2025-12-10 18:48:04,588] {logging_mixin.py:109} INFO - [2025-12-10 18:48:04,588] {dagbag.py:500} INFO - Filling up the DagBag from /home/airflow/.local/lib/python3.6/site-packages/airflow/example_dags/example_trigger_target_dag.py
[2025-12-10 18:48:04,654] {processor.py:654} INFO - DAG(s) dict_keys(['example_trigger_target_dag']) retrieved from /home/airflow/.local/lib/python3.6/site-packages/airflow/example_dags/example_trigger_target_dag.py
[2025-12-10 18:48:04,672] {logging_mixin.py:109} INFO - [2025-12-10 18:48:04,672] {dag.py:2396} INFO - Sync 1 DAGs
[2025-12-10 18:48:04,706] {logging_mixin.py:109} INFO - [2025-12-10 18:48:04,705] {dag.py:2935} INFO - Setting next_dagrun for example_trigger_target_dag to None
[2025-12-10 18:48:04,732] {processor.py:171} INFO - Processing /home/airflow/.local/lib/python3.6/site-packages/airflow/example_dags/example_trigger_target_dag.py took 0.161 seconds
[2025-12-10 18:48:35,750] {processor.py:163} INFO - Started process (PID=292) to work on /home/airflow/.local/lib/python3.6/site-packages/airflow/example_dags/example_trigger_target_dag.py
[2025-12-10 18:48:35,751] {processor.py:642} INFO - Processing file /home/airflow/.local/lib/python3.6/site-packages/airflow/example_dags/example_trigger_target_dag.py for tasks to queue
[2025-12-10 18:48:35,752] {logging_mixin.py:109} INFO - [2025-12-10 18:48:35,752] {dagbag.py:500} INFO - Filling up the DagBag from /home/airflow/.local/lib/python3.6/site-packages/airflow/example_dags/example_trigger_target_dag.py
[2025-12-10 18:48:35,790] {processor.py:654} INFO - DAG(s) dict_keys(['example_trigger_target_dag']) retrieved from /home/airflow/.local/lib/python3.6/site-packages/airflow/example_dags/example_trigger_target_dag.py
[2025-12-10 18:48:35,801] {logging_mixin.py:109} INFO - [2025-12-10 18:48:35,801] {dag.py:2396} INFO - Sync 1 DAGs
[2025-12-10 18:48:35,820] {logging_mixin.py:109} INFO - [2025-12-10 18:48:35,820] {dag.py:2935} INFO - Setting next_dagrun for example_trigger_target_dag to None
[2025-12-10 18:48:35,829] {processor.py:171} INFO - Processing /home/airflow/.local/lib/python3.6/site-packages/airflow/example_dags/example_trigger_target_dag.py took 0.084 seconds
[2025-12-10 18:49:06,476] {processor.py:163} INFO - Started process (PID=345) to work on /home/airflow/.local/lib/python3.6/site-packages/airflow/example_dags/example_trigger_target_dag.py
[2025-12-10 18:49:06,478] {processor.py:642} INFO - Processing file /home/airflow/.local/lib/python3.6/site-packages/airflow/example_dags/example_trigger_target_dag.py for tasks to queue
[2025-12-10 18:49:06,478] {logging_mixin.py:109} INFO - [2025-12-10 18:49:06,478] {dagbag.py:500} INFO - Filling up the DagBag from /home/airflow/.local/lib/python3.6/site-packages/airflow/example_dags/example_trigger_target_dag.py
[2025-12-10 18:49:06,510] {processor.py:654} INFO - DAG(s) dict_keys(['example_trigger_target_dag']) retrieved from /home/airflow/.local/lib/python3.6/site-packages/airflow/example_dags/example_trigger_target_dag.py
[2025-12-10 18:49:06,518] {logging_mixin.py:109} INFO - [2025-12-10 18:49:06,518] {dag.py:2396} INFO - Sync 1 DAGs
[2025-12-10 18:49:06,531] {logging_mixin.py:109} INFO - [2025-12-10 18:49:06,531] {dag.py:2935} INFO - Setting next_dagrun for example_trigger_target_dag to None
[2025-12-10 18:49:06,538] {processor.py:171} INFO - Processing /home/airflow/.local/lib/python3.6/site-packages/airflow/example_dags/example_trigger_target_dag.py took 0.065 seconds
[2025-12-10 18:49:36,817] {processor.py:163} INFO - Started process (PID=407) to work on /home/airflow/.local/lib/python3.6/site-packages/airflow/example_dags/example_trigger_target_dag.py
[2025-12-10 18:49:36,818] {processor.py:642} INFO - Processing file /home/airflow/.local/lib/python3.6/site-packages/airflow/example_dags/example_trigger_target_dag.py for tasks to queue
[2025-12-10 18:49:36,819] {logging_mixin.py:109} INFO - [2025-12-10 18:49:36,819] {dagbag.py:500} INFO - Filling up the DagBag from /home/airflow/.local/lib/python3.6/site-packages/airflow/example_dags/example_trigger_target_dag.py
[2025-12-10 18:49:36,849] {processor.py:654} INFO - DAG(s) dict_keys(['example_trigger_target_dag']) retrieved from /home/airflow/.local/lib/python3.6/site-packages/airflow/example_dags/example_trigger_target_dag.py
[2025-12-10 18:49:36,859] {logging_mixin.py:109} INFO - [2025-12-10 18:49:36,858] {dag.py:2396} INFO - Sync 1 DAGs
[2025-12-10 18:49:36,874] {logging_mixin.py:109} INFO - [2025-12-10 18:49:36,874] {dag.py:2935} INFO - Setting next_dagrun for example_trigger_target_dag to None
[2025-12-10 18:49:36,885] {processor.py:171} INFO - Processing /home/airflow/.local/lib/python3.6/site-packages/airflow/example_dags/example_trigger_target_dag.py took 0.072 seconds
[2025-12-10 18:50:08,021] {processor.py:163} INFO - Started process (PID=459) to work on /home/airflow/.local/lib/python3.6/site-packages/airflow/example_dags/example_trigger_target_dag.py
[2025-12-10 18:50:08,023] {processor.py:642} INFO - Processing file /home/airflow/.local/lib/python3.6/site-packages/airflow/example_dags/example_trigger_target_dag.py for tasks to queue
[2025-12-10 18:50:08,024] {logging_mixin.py:109} INFO - [2025-12-10 18:50:08,024] {dagbag.py:500} INFO - Filling up the DagBag from /home/airflow/.local/lib/python3.6/site-packages/airflow/example_dags/example_trigger_target_dag.py
[2025-12-10 18:50:08,071] {processor.py:654} INFO - DAG(s) dict_keys(['example_trigger_target_dag']) retrieved from /home/airflow/.local/lib/python3.6/site-packages/airflow/example_dags/example_trigger_target_dag.py
[2025-12-10 18:50:08,083] {logging_mixin.py:109} INFO - [2025-12-10 18:50:08,083] {dag.py:2396} INFO - Sync 1 DAGs
[2025-12-10 18:50:08,102] {logging_mixin.py:109} INFO - [2025-12-10 18:50:08,102] {dag.py:2935} INFO - Setting next_dagrun for example_trigger_target_dag to None
[2025-12-10 18:50:08,121] {processor.py:171} INFO - Processing /home/airflow/.local/lib/python3.6/site-packages/airflow/example_dags/example_trigger_target_dag.py took 0.103 seconds
[2025-12-10 18:51:34,328] {processor.py:163} INFO - Started process (PID=323) to work on /home/airflow/.local/lib/python3.6/site-packages/airflow/example_dags/example_trigger_target_dag.py
[2025-12-10 18:51:34,330] {processor.py:642} INFO - Processing file /home/airflow/.local/lib/python3.6/site-packages/airflow/example_dags/example_trigger_target_dag.py for tasks to queue
[2025-12-10 18:51:34,330] {logging_mixin.py:109} INFO - [2025-12-10 18:51:34,330] {dagbag.py:500} INFO - Filling up the DagBag from /home/airflow/.local/lib/python3.6/site-packages/airflow/example_dags/example_trigger_target_dag.py
[2025-12-10 18:51:34,368] {processor.py:654} INFO - DAG(s) dict_keys(['example_trigger_target_dag']) retrieved from /home/airflow/.local/lib/python3.6/site-packages/airflow/example_dags/example_trigger_target_dag.py
[2025-12-10 18:51:36,248] {logging_mixin.py:109} INFO - [2025-12-10 18:51:36,248] {manager.py:496} INFO - Created Permission View: can read on DAG:example_trigger_target_dag
[2025-12-10 18:51:36,256] {logging_mixin.py:109} INFO - [2025-12-10 18:51:36,256] {manager.py:496} INFO - Created Permission View: can edit on DAG:example_trigger_target_dag
[2025-12-10 18:51:36,257] {logging_mixin.py:109} INFO - [2025-12-10 18:51:36,256] {dag.py:2396} INFO - Sync 1 DAGs
[2025-12-10 18:51:36,265] {logging_mixin.py:109} INFO - [2025-12-10 18:51:36,264] {dag.py:2415} INFO - Creating ORM DAG for example_trigger_target_dag
[2025-12-10 18:51:36,271] {logging_mixin.py:109} INFO - [2025-12-10 18:51:36,271] {dag.py:2935} INFO - Setting next_dagrun for example_trigger_target_dag to None
[2025-12-10 18:51:36,281] {processor.py:171} INFO - Processing /home/airflow/.local/lib/python3.6/site-packages/airflow/example_dags/example_trigger_target_dag.py took 1.957 seconds
[2025-12-10 18:52:06,512] {processor.py:163} INFO - Started process (PID=495) to work on /home/airflow/.local/lib/python3.6/site-packages/airflow/example_dags/example_trigger_target_dag.py
[2025-12-10 18:52:06,513] {processor.py:642} INFO - Processing file /home/airflow/.local/lib/python3.6/site-packages/airflow/example_dags/example_trigger_target_dag.py for tasks to queue
[2025-12-10 18:52:06,514] {logging_mixin.py:109} INFO - [2025-12-10 18:52:06,514] {dagbag.py:500} INFO - Filling up the DagBag from /home/airflow/.local/lib/python3.6/site-packages/airflow/example_dags/example_trigger_target_dag.py
[2025-12-10 18:52:06,547] {processor.py:654} INFO - DAG(s) dict_keys(['example_trigger_target_dag']) retrieved from /home/airflow/.local/lib/python3.6/site-packages/airflow/example_dags/example_trigger_target_dag.py
[2025-12-10 18:52:06,557] {logging_mixin.py:109} INFO - [2025-12-10 18:52:06,557] {dag.py:2396} INFO - Sync 1 DAGs
[2025-12-10 18:52:06,573] {logging_mixin.py:109} INFO - [2025-12-10 18:52:06,573] {dag.py:2935} INFO - Setting next_dagrun for example_trigger_target_dag to None
[2025-12-10 18:52:06,584] {processor.py:171} INFO - Processing /home/airflow/.local/lib/python3.6/site-packages/airflow/example_dags/example_trigger_target_dag.py took 0.076 seconds
