[2025-12-10 18:25:49,543] {processor.py:163} INFO - Started process (PID=70) to work on /home/airflow/.local/lib/python3.6/site-packages/airflow/example_dags/example_branch_labels.py
[2025-12-10 18:25:49,544] {processor.py:642} INFO - Processing file /home/airflow/.local/lib/python3.6/site-packages/airflow/example_dags/example_branch_labels.py for tasks to queue
[2025-12-10 18:25:49,545] {logging_mixin.py:109} INFO - [2025-12-10 18:25:49,545] {dagbag.py:500} INFO - Filling up the DagBag from /home/airflow/.local/lib/python3.6/site-packages/airflow/example_dags/example_branch_labels.py
[2025-12-10 18:25:49,580] {processor.py:654} INFO - DAG(s) dict_keys(['example_branch_labels']) retrieved from /home/airflow/.local/lib/python3.6/site-packages/airflow/example_dags/example_branch_labels.py
[2025-12-10 18:25:52,632] {logging_mixin.py:109} INFO - [2025-12-10 18:25:52,632] {manager.py:496} INFO - Created Permission View: can edit on DAG:example_branch_labels
[2025-12-10 18:25:52,643] {logging_mixin.py:109} INFO - [2025-12-10 18:25:52,643] {manager.py:496} INFO - Created Permission View: can read on DAG:example_branch_labels
[2025-12-10 18:25:52,645] {logging_mixin.py:109} INFO - [2025-12-10 18:25:52,644] {dag.py:2396} INFO - Sync 1 DAGs
[2025-12-10 18:25:52,656] {logging_mixin.py:109} INFO - [2025-12-10 18:25:52,655] {dag.py:2415} INFO - Creating ORM DAG for example_branch_labels
[2025-12-10 18:25:52,671] {logging_mixin.py:109} INFO - [2025-12-10 18:25:52,671] {dag.py:2935} INFO - Setting next_dagrun for example_branch_labels to 2025-12-09 00:00:00+00:00
[2025-12-10 18:25:52,683] {processor.py:171} INFO - Processing /home/airflow/.local/lib/python3.6/site-packages/airflow/example_dags/example_branch_labels.py took 3.144 seconds
[2025-12-10 18:26:23,056] {processor.py:163} INFO - Started process (PID=468) to work on /home/airflow/.local/lib/python3.6/site-packages/airflow/example_dags/example_branch_labels.py
[2025-12-10 18:26:23,057] {processor.py:642} INFO - Processing file /home/airflow/.local/lib/python3.6/site-packages/airflow/example_dags/example_branch_labels.py for tasks to queue
[2025-12-10 18:26:23,058] {logging_mixin.py:109} INFO - [2025-12-10 18:26:23,058] {dagbag.py:500} INFO - Filling up the DagBag from /home/airflow/.local/lib/python3.6/site-packages/airflow/example_dags/example_branch_labels.py
[2025-12-10 18:26:23,090] {processor.py:654} INFO - DAG(s) dict_keys(['example_branch_labels']) retrieved from /home/airflow/.local/lib/python3.6/site-packages/airflow/example_dags/example_branch_labels.py
[2025-12-10 18:26:23,101] {logging_mixin.py:109} INFO - [2025-12-10 18:26:23,101] {dag.py:2396} INFO - Sync 1 DAGs
[2025-12-10 18:26:23,119] {logging_mixin.py:109} INFO - [2025-12-10 18:26:23,119] {dag.py:2935} INFO - Setting next_dagrun for example_branch_labels to 2025-12-09 00:00:00+00:00
[2025-12-10 18:26:23,129] {processor.py:171} INFO - Processing /home/airflow/.local/lib/python3.6/site-packages/airflow/example_dags/example_branch_labels.py took 0.077 seconds
[2025-12-10 18:26:53,300] {processor.py:163} INFO - Started process (PID=520) to work on /home/airflow/.local/lib/python3.6/site-packages/airflow/example_dags/example_branch_labels.py
[2025-12-10 18:26:53,301] {processor.py:642} INFO - Processing file /home/airflow/.local/lib/python3.6/site-packages/airflow/example_dags/example_branch_labels.py for tasks to queue
[2025-12-10 18:26:53,302] {logging_mixin.py:109} INFO - [2025-12-10 18:26:53,302] {dagbag.py:500} INFO - Filling up the DagBag from /home/airflow/.local/lib/python3.6/site-packages/airflow/example_dags/example_branch_labels.py
[2025-12-10 18:26:53,328] {processor.py:654} INFO - DAG(s) dict_keys(['example_branch_labels']) retrieved from /home/airflow/.local/lib/python3.6/site-packages/airflow/example_dags/example_branch_labels.py
[2025-12-10 18:26:53,335] {logging_mixin.py:109} INFO - [2025-12-10 18:26:53,335] {dag.py:2396} INFO - Sync 1 DAGs
[2025-12-10 18:26:53,349] {logging_mixin.py:109} INFO - [2025-12-10 18:26:53,349] {dag.py:2935} INFO - Setting next_dagrun for example_branch_labels to 2025-12-09 00:00:00+00:00
[2025-12-10 18:26:53,356] {processor.py:171} INFO - Processing /home/airflow/.local/lib/python3.6/site-packages/airflow/example_dags/example_branch_labels.py took 0.059 seconds
[2025-12-10 18:27:23,613] {processor.py:163} INFO - Started process (PID=582) to work on /home/airflow/.local/lib/python3.6/site-packages/airflow/example_dags/example_branch_labels.py
[2025-12-10 18:27:23,614] {processor.py:642} INFO - Processing file /home/airflow/.local/lib/python3.6/site-packages/airflow/example_dags/example_branch_labels.py for tasks to queue
[2025-12-10 18:27:23,615] {logging_mixin.py:109} INFO - [2025-12-10 18:27:23,615] {dagbag.py:500} INFO - Filling up the DagBag from /home/airflow/.local/lib/python3.6/site-packages/airflow/example_dags/example_branch_labels.py
[2025-12-10 18:27:23,640] {processor.py:654} INFO - DAG(s) dict_keys(['example_branch_labels']) retrieved from /home/airflow/.local/lib/python3.6/site-packages/airflow/example_dags/example_branch_labels.py
[2025-12-10 18:27:23,650] {logging_mixin.py:109} INFO - [2025-12-10 18:27:23,649] {dag.py:2396} INFO - Sync 1 DAGs
[2025-12-10 18:27:23,666] {logging_mixin.py:109} INFO - [2025-12-10 18:27:23,666] {dag.py:2935} INFO - Setting next_dagrun for example_branch_labels to 2025-12-09 00:00:00+00:00
[2025-12-10 18:27:23,674] {processor.py:171} INFO - Processing /home/airflow/.local/lib/python3.6/site-packages/airflow/example_dags/example_branch_labels.py took 0.064 seconds
[2025-12-10 18:27:54,211] {processor.py:163} INFO - Started process (PID=634) to work on /home/airflow/.local/lib/python3.6/site-packages/airflow/example_dags/example_branch_labels.py
[2025-12-10 18:27:54,213] {processor.py:642} INFO - Processing file /home/airflow/.local/lib/python3.6/site-packages/airflow/example_dags/example_branch_labels.py for tasks to queue
[2025-12-10 18:27:54,213] {logging_mixin.py:109} INFO - [2025-12-10 18:27:54,213] {dagbag.py:500} INFO - Filling up the DagBag from /home/airflow/.local/lib/python3.6/site-packages/airflow/example_dags/example_branch_labels.py
[2025-12-10 18:27:54,246] {processor.py:654} INFO - DAG(s) dict_keys(['example_branch_labels']) retrieved from /home/airflow/.local/lib/python3.6/site-packages/airflow/example_dags/example_branch_labels.py
[2025-12-10 18:27:54,254] {logging_mixin.py:109} INFO - [2025-12-10 18:27:54,254] {dag.py:2396} INFO - Sync 1 DAGs
[2025-12-10 18:27:54,269] {logging_mixin.py:109} INFO - [2025-12-10 18:27:54,269] {dag.py:2935} INFO - Setting next_dagrun for example_branch_labels to 2025-12-09 00:00:00+00:00
[2025-12-10 18:27:54,275] {processor.py:171} INFO - Processing /home/airflow/.local/lib/python3.6/site-packages/airflow/example_dags/example_branch_labels.py took 0.067 seconds
[2025-12-10 18:28:24,326] {processor.py:163} INFO - Started process (PID=696) to work on /home/airflow/.local/lib/python3.6/site-packages/airflow/example_dags/example_branch_labels.py
[2025-12-10 18:28:24,328] {processor.py:642} INFO - Processing file /home/airflow/.local/lib/python3.6/site-packages/airflow/example_dags/example_branch_labels.py for tasks to queue
[2025-12-10 18:28:24,328] {logging_mixin.py:109} INFO - [2025-12-10 18:28:24,328] {dagbag.py:500} INFO - Filling up the DagBag from /home/airflow/.local/lib/python3.6/site-packages/airflow/example_dags/example_branch_labels.py
[2025-12-10 18:28:24,354] {processor.py:654} INFO - DAG(s) dict_keys(['example_branch_labels']) retrieved from /home/airflow/.local/lib/python3.6/site-packages/airflow/example_dags/example_branch_labels.py
[2025-12-10 18:28:24,363] {logging_mixin.py:109} INFO - [2025-12-10 18:28:24,362] {dag.py:2396} INFO - Sync 1 DAGs
[2025-12-10 18:28:24,377] {logging_mixin.py:109} INFO - [2025-12-10 18:28:24,377] {dag.py:2935} INFO - Setting next_dagrun for example_branch_labels to 2025-12-09 00:00:00+00:00
[2025-12-10 18:28:24,383] {processor.py:171} INFO - Processing /home/airflow/.local/lib/python3.6/site-packages/airflow/example_dags/example_branch_labels.py took 0.060 seconds
[2025-12-10 18:28:54,436] {processor.py:163} INFO - Started process (PID=757) to work on /home/airflow/.local/lib/python3.6/site-packages/airflow/example_dags/example_branch_labels.py
[2025-12-10 18:28:54,443] {processor.py:642} INFO - Processing file /home/airflow/.local/lib/python3.6/site-packages/airflow/example_dags/example_branch_labels.py for tasks to queue
[2025-12-10 18:28:54,444] {logging_mixin.py:109} INFO - [2025-12-10 18:28:54,444] {dagbag.py:500} INFO - Filling up the DagBag from /home/airflow/.local/lib/python3.6/site-packages/airflow/example_dags/example_branch_labels.py
[2025-12-10 18:28:54,477] {processor.py:654} INFO - DAG(s) dict_keys(['example_branch_labels']) retrieved from /home/airflow/.local/lib/python3.6/site-packages/airflow/example_dags/example_branch_labels.py
[2025-12-10 18:28:54,487] {logging_mixin.py:109} INFO - [2025-12-10 18:28:54,487] {dag.py:2396} INFO - Sync 1 DAGs
[2025-12-10 18:28:54,502] {logging_mixin.py:109} INFO - [2025-12-10 18:28:54,502] {dag.py:2935} INFO - Setting next_dagrun for example_branch_labels to 2025-12-09 00:00:00+00:00
[2025-12-10 18:28:54,510] {processor.py:171} INFO - Processing /home/airflow/.local/lib/python3.6/site-packages/airflow/example_dags/example_branch_labels.py took 0.077 seconds
[2025-12-10 18:29:24,969] {processor.py:163} INFO - Started process (PID=810) to work on /home/airflow/.local/lib/python3.6/site-packages/airflow/example_dags/example_branch_labels.py
[2025-12-10 18:29:24,971] {processor.py:642} INFO - Processing file /home/airflow/.local/lib/python3.6/site-packages/airflow/example_dags/example_branch_labels.py for tasks to queue
[2025-12-10 18:29:24,971] {logging_mixin.py:109} INFO - [2025-12-10 18:29:24,971] {dagbag.py:500} INFO - Filling up the DagBag from /home/airflow/.local/lib/python3.6/site-packages/airflow/example_dags/example_branch_labels.py
[2025-12-10 18:29:25,000] {processor.py:654} INFO - DAG(s) dict_keys(['example_branch_labels']) retrieved from /home/airflow/.local/lib/python3.6/site-packages/airflow/example_dags/example_branch_labels.py
[2025-12-10 18:29:25,009] {logging_mixin.py:109} INFO - [2025-12-10 18:29:25,009] {dag.py:2396} INFO - Sync 1 DAGs
[2025-12-10 18:29:25,024] {logging_mixin.py:109} INFO - [2025-12-10 18:29:25,024] {dag.py:2935} INFO - Setting next_dagrun for example_branch_labels to 2025-12-09 00:00:00+00:00
[2025-12-10 18:29:25,032] {processor.py:171} INFO - Processing /home/airflow/.local/lib/python3.6/site-packages/airflow/example_dags/example_branch_labels.py took 0.066 seconds
[2025-12-10 18:29:55,466] {processor.py:163} INFO - Started process (PID=872) to work on /home/airflow/.local/lib/python3.6/site-packages/airflow/example_dags/example_branch_labels.py
[2025-12-10 18:29:55,466] {processor.py:642} INFO - Processing file /home/airflow/.local/lib/python3.6/site-packages/airflow/example_dags/example_branch_labels.py for tasks to queue
[2025-12-10 18:29:55,467] {logging_mixin.py:109} INFO - [2025-12-10 18:29:55,467] {dagbag.py:500} INFO - Filling up the DagBag from /home/airflow/.local/lib/python3.6/site-packages/airflow/example_dags/example_branch_labels.py
[2025-12-10 18:29:55,492] {processor.py:654} INFO - DAG(s) dict_keys(['example_branch_labels']) retrieved from /home/airflow/.local/lib/python3.6/site-packages/airflow/example_dags/example_branch_labels.py
[2025-12-10 18:29:55,501] {logging_mixin.py:109} INFO - [2025-12-10 18:29:55,500] {dag.py:2396} INFO - Sync 1 DAGs
[2025-12-10 18:29:55,515] {logging_mixin.py:109} INFO - [2025-12-10 18:29:55,515] {dag.py:2935} INFO - Setting next_dagrun for example_branch_labels to 2025-12-09 00:00:00+00:00
[2025-12-10 18:29:55,522] {processor.py:171} INFO - Processing /home/airflow/.local/lib/python3.6/site-packages/airflow/example_dags/example_branch_labels.py took 0.059 seconds
[2025-12-10 18:30:25,918] {processor.py:163} INFO - Started process (PID=933) to work on /home/airflow/.local/lib/python3.6/site-packages/airflow/example_dags/example_branch_labels.py
[2025-12-10 18:30:25,919] {processor.py:642} INFO - Processing file /home/airflow/.local/lib/python3.6/site-packages/airflow/example_dags/example_branch_labels.py for tasks to queue
[2025-12-10 18:30:25,920] {logging_mixin.py:109} INFO - [2025-12-10 18:30:25,920] {dagbag.py:500} INFO - Filling up the DagBag from /home/airflow/.local/lib/python3.6/site-packages/airflow/example_dags/example_branch_labels.py
[2025-12-10 18:30:25,949] {processor.py:654} INFO - DAG(s) dict_keys(['example_branch_labels']) retrieved from /home/airflow/.local/lib/python3.6/site-packages/airflow/example_dags/example_branch_labels.py
[2025-12-10 18:30:25,959] {logging_mixin.py:109} INFO - [2025-12-10 18:30:25,959] {dag.py:2396} INFO - Sync 1 DAGs
[2025-12-10 18:30:25,977] {logging_mixin.py:109} INFO - [2025-12-10 18:30:25,976] {dag.py:2935} INFO - Setting next_dagrun for example_branch_labels to 2025-12-09 00:00:00+00:00
[2025-12-10 18:30:25,984] {processor.py:171} INFO - Processing /home/airflow/.local/lib/python3.6/site-packages/airflow/example_dags/example_branch_labels.py took 0.070 seconds
[2025-12-10 18:30:56,296] {processor.py:163} INFO - Started process (PID=986) to work on /home/airflow/.local/lib/python3.6/site-packages/airflow/example_dags/example_branch_labels.py
[2025-12-10 18:30:56,297] {processor.py:642} INFO - Processing file /home/airflow/.local/lib/python3.6/site-packages/airflow/example_dags/example_branch_labels.py for tasks to queue
[2025-12-10 18:30:56,298] {logging_mixin.py:109} INFO - [2025-12-10 18:30:56,298] {dagbag.py:500} INFO - Filling up the DagBag from /home/airflow/.local/lib/python3.6/site-packages/airflow/example_dags/example_branch_labels.py
[2025-12-10 18:30:56,325] {processor.py:654} INFO - DAG(s) dict_keys(['example_branch_labels']) retrieved from /home/airflow/.local/lib/python3.6/site-packages/airflow/example_dags/example_branch_labels.py
[2025-12-10 18:30:56,334] {logging_mixin.py:109} INFO - [2025-12-10 18:30:56,334] {dag.py:2396} INFO - Sync 1 DAGs
[2025-12-10 18:30:56,348] {logging_mixin.py:109} INFO - [2025-12-10 18:30:56,348] {dag.py:2935} INFO - Setting next_dagrun for example_branch_labels to 2025-12-09 00:00:00+00:00
[2025-12-10 18:30:56,355] {processor.py:171} INFO - Processing /home/airflow/.local/lib/python3.6/site-packages/airflow/example_dags/example_branch_labels.py took 0.062 seconds
[2025-12-10 18:31:26,635] {processor.py:163} INFO - Started process (PID=1048) to work on /home/airflow/.local/lib/python3.6/site-packages/airflow/example_dags/example_branch_labels.py
[2025-12-10 18:31:26,637] {processor.py:642} INFO - Processing file /home/airflow/.local/lib/python3.6/site-packages/airflow/example_dags/example_branch_labels.py for tasks to queue
[2025-12-10 18:31:26,637] {logging_mixin.py:109} INFO - [2025-12-10 18:31:26,637] {dagbag.py:500} INFO - Filling up the DagBag from /home/airflow/.local/lib/python3.6/site-packages/airflow/example_dags/example_branch_labels.py
[2025-12-10 18:31:26,663] {processor.py:654} INFO - DAG(s) dict_keys(['example_branch_labels']) retrieved from /home/airflow/.local/lib/python3.6/site-packages/airflow/example_dags/example_branch_labels.py
[2025-12-10 18:31:26,672] {logging_mixin.py:109} INFO - [2025-12-10 18:31:26,671] {dag.py:2396} INFO - Sync 1 DAGs
[2025-12-10 18:31:26,686] {logging_mixin.py:109} INFO - [2025-12-10 18:31:26,686] {dag.py:2935} INFO - Setting next_dagrun for example_branch_labels to 2025-12-09 00:00:00+00:00
[2025-12-10 18:31:26,693] {processor.py:171} INFO - Processing /home/airflow/.local/lib/python3.6/site-packages/airflow/example_dags/example_branch_labels.py took 0.060 seconds
[2025-12-10 18:31:57,119] {processor.py:163} INFO - Started process (PID=1100) to work on /home/airflow/.local/lib/python3.6/site-packages/airflow/example_dags/example_branch_labels.py
[2025-12-10 18:31:57,120] {processor.py:642} INFO - Processing file /home/airflow/.local/lib/python3.6/site-packages/airflow/example_dags/example_branch_labels.py for tasks to queue
[2025-12-10 18:31:57,121] {logging_mixin.py:109} INFO - [2025-12-10 18:31:57,121] {dagbag.py:500} INFO - Filling up the DagBag from /home/airflow/.local/lib/python3.6/site-packages/airflow/example_dags/example_branch_labels.py
[2025-12-10 18:31:57,146] {processor.py:654} INFO - DAG(s) dict_keys(['example_branch_labels']) retrieved from /home/airflow/.local/lib/python3.6/site-packages/airflow/example_dags/example_branch_labels.py
[2025-12-10 18:31:57,154] {logging_mixin.py:109} INFO - [2025-12-10 18:31:57,154] {dag.py:2396} INFO - Sync 1 DAGs
[2025-12-10 18:31:57,168] {logging_mixin.py:109} INFO - [2025-12-10 18:31:57,168] {dag.py:2935} INFO - Setting next_dagrun for example_branch_labels to 2025-12-09 00:00:00+00:00
[2025-12-10 18:31:57,174] {processor.py:171} INFO - Processing /home/airflow/.local/lib/python3.6/site-packages/airflow/example_dags/example_branch_labels.py took 0.058 seconds
[2025-12-10 18:32:27,572] {processor.py:163} INFO - Started process (PID=1162) to work on /home/airflow/.local/lib/python3.6/site-packages/airflow/example_dags/example_branch_labels.py
[2025-12-10 18:32:27,574] {processor.py:642} INFO - Processing file /home/airflow/.local/lib/python3.6/site-packages/airflow/example_dags/example_branch_labels.py for tasks to queue
[2025-12-10 18:32:27,574] {logging_mixin.py:109} INFO - [2025-12-10 18:32:27,574] {dagbag.py:500} INFO - Filling up the DagBag from /home/airflow/.local/lib/python3.6/site-packages/airflow/example_dags/example_branch_labels.py
[2025-12-10 18:32:27,600] {processor.py:654} INFO - DAG(s) dict_keys(['example_branch_labels']) retrieved from /home/airflow/.local/lib/python3.6/site-packages/airflow/example_dags/example_branch_labels.py
[2025-12-10 18:32:27,609] {logging_mixin.py:109} INFO - [2025-12-10 18:32:27,608] {dag.py:2396} INFO - Sync 1 DAGs
[2025-12-10 18:32:27,623] {logging_mixin.py:109} INFO - [2025-12-10 18:32:27,623] {dag.py:2935} INFO - Setting next_dagrun for example_branch_labels to 2025-12-09 00:00:00+00:00
[2025-12-10 18:32:27,629] {processor.py:171} INFO - Processing /home/airflow/.local/lib/python3.6/site-packages/airflow/example_dags/example_branch_labels.py took 0.060 seconds
[2025-12-10 18:32:57,985] {processor.py:163} INFO - Started process (PID=1224) to work on /home/airflow/.local/lib/python3.6/site-packages/airflow/example_dags/example_branch_labels.py
[2025-12-10 18:32:57,986] {processor.py:642} INFO - Processing file /home/airflow/.local/lib/python3.6/site-packages/airflow/example_dags/example_branch_labels.py for tasks to queue
[2025-12-10 18:32:57,987] {logging_mixin.py:109} INFO - [2025-12-10 18:32:57,987] {dagbag.py:500} INFO - Filling up the DagBag from /home/airflow/.local/lib/python3.6/site-packages/airflow/example_dags/example_branch_labels.py
[2025-12-10 18:32:58,013] {processor.py:654} INFO - DAG(s) dict_keys(['example_branch_labels']) retrieved from /home/airflow/.local/lib/python3.6/site-packages/airflow/example_dags/example_branch_labels.py
[2025-12-10 18:32:58,021] {logging_mixin.py:109} INFO - [2025-12-10 18:32:58,021] {dag.py:2396} INFO - Sync 1 DAGs
[2025-12-10 18:32:58,037] {logging_mixin.py:109} INFO - [2025-12-10 18:32:58,036] {dag.py:2935} INFO - Setting next_dagrun for example_branch_labels to 2025-12-09 00:00:00+00:00
[2025-12-10 18:32:58,043] {processor.py:171} INFO - Processing /home/airflow/.local/lib/python3.6/site-packages/airflow/example_dags/example_branch_labels.py took 0.061 seconds
[2025-12-10 18:33:28,351] {processor.py:163} INFO - Started process (PID=1276) to work on /home/airflow/.local/lib/python3.6/site-packages/airflow/example_dags/example_branch_labels.py
[2025-12-10 18:33:28,353] {processor.py:642} INFO - Processing file /home/airflow/.local/lib/python3.6/site-packages/airflow/example_dags/example_branch_labels.py for tasks to queue
[2025-12-10 18:33:28,353] {logging_mixin.py:109} INFO - [2025-12-10 18:33:28,353] {dagbag.py:500} INFO - Filling up the DagBag from /home/airflow/.local/lib/python3.6/site-packages/airflow/example_dags/example_branch_labels.py
[2025-12-10 18:33:28,378] {processor.py:654} INFO - DAG(s) dict_keys(['example_branch_labels']) retrieved from /home/airflow/.local/lib/python3.6/site-packages/airflow/example_dags/example_branch_labels.py
[2025-12-10 18:33:28,386] {logging_mixin.py:109} INFO - [2025-12-10 18:33:28,386] {dag.py:2396} INFO - Sync 1 DAGs
[2025-12-10 18:33:28,400] {logging_mixin.py:109} INFO - [2025-12-10 18:33:28,400] {dag.py:2935} INFO - Setting next_dagrun for example_branch_labels to 2025-12-09 00:00:00+00:00
[2025-12-10 18:33:28,406] {processor.py:171} INFO - Processing /home/airflow/.local/lib/python3.6/site-packages/airflow/example_dags/example_branch_labels.py took 0.058 seconds
[2025-12-10 18:33:58,697] {processor.py:163} INFO - Started process (PID=1339) to work on /home/airflow/.local/lib/python3.6/site-packages/airflow/example_dags/example_branch_labels.py
[2025-12-10 18:33:58,698] {processor.py:642} INFO - Processing file /home/airflow/.local/lib/python3.6/site-packages/airflow/example_dags/example_branch_labels.py for tasks to queue
[2025-12-10 18:33:58,699] {logging_mixin.py:109} INFO - [2025-12-10 18:33:58,699] {dagbag.py:500} INFO - Filling up the DagBag from /home/airflow/.local/lib/python3.6/site-packages/airflow/example_dags/example_branch_labels.py
[2025-12-10 18:33:58,724] {processor.py:654} INFO - DAG(s) dict_keys(['example_branch_labels']) retrieved from /home/airflow/.local/lib/python3.6/site-packages/airflow/example_dags/example_branch_labels.py
[2025-12-10 18:33:58,732] {logging_mixin.py:109} INFO - [2025-12-10 18:33:58,732] {dag.py:2396} INFO - Sync 1 DAGs
[2025-12-10 18:33:58,746] {logging_mixin.py:109} INFO - [2025-12-10 18:33:58,746] {dag.py:2935} INFO - Setting next_dagrun for example_branch_labels to 2025-12-09 00:00:00+00:00
[2025-12-10 18:33:58,753] {processor.py:171} INFO - Processing /home/airflow/.local/lib/python3.6/site-packages/airflow/example_dags/example_branch_labels.py took 0.059 seconds
[2025-12-10 18:34:29,137] {processor.py:163} INFO - Started process (PID=1391) to work on /home/airflow/.local/lib/python3.6/site-packages/airflow/example_dags/example_branch_labels.py
[2025-12-10 18:34:29,138] {processor.py:642} INFO - Processing file /home/airflow/.local/lib/python3.6/site-packages/airflow/example_dags/example_branch_labels.py for tasks to queue
[2025-12-10 18:34:29,139] {logging_mixin.py:109} INFO - [2025-12-10 18:34:29,139] {dagbag.py:500} INFO - Filling up the DagBag from /home/airflow/.local/lib/python3.6/site-packages/airflow/example_dags/example_branch_labels.py
[2025-12-10 18:34:29,164] {processor.py:654} INFO - DAG(s) dict_keys(['example_branch_labels']) retrieved from /home/airflow/.local/lib/python3.6/site-packages/airflow/example_dags/example_branch_labels.py
[2025-12-10 18:34:29,172] {logging_mixin.py:109} INFO - [2025-12-10 18:34:29,172] {dag.py:2396} INFO - Sync 1 DAGs
[2025-12-10 18:34:29,186] {logging_mixin.py:109} INFO - [2025-12-10 18:34:29,186] {dag.py:2935} INFO - Setting next_dagrun for example_branch_labels to 2025-12-09 00:00:00+00:00
[2025-12-10 18:34:29,193] {processor.py:171} INFO - Processing /home/airflow/.local/lib/python3.6/site-packages/airflow/example_dags/example_branch_labels.py took 0.059 seconds
[2025-12-10 18:34:59,469] {processor.py:163} INFO - Started process (PID=1453) to work on /home/airflow/.local/lib/python3.6/site-packages/airflow/example_dags/example_branch_labels.py
[2025-12-10 18:34:59,470] {processor.py:642} INFO - Processing file /home/airflow/.local/lib/python3.6/site-packages/airflow/example_dags/example_branch_labels.py for tasks to queue
[2025-12-10 18:34:59,470] {logging_mixin.py:109} INFO - [2025-12-10 18:34:59,470] {dagbag.py:500} INFO - Filling up the DagBag from /home/airflow/.local/lib/python3.6/site-packages/airflow/example_dags/example_branch_labels.py
[2025-12-10 18:34:59,495] {processor.py:654} INFO - DAG(s) dict_keys(['example_branch_labels']) retrieved from /home/airflow/.local/lib/python3.6/site-packages/airflow/example_dags/example_branch_labels.py
[2025-12-10 18:34:59,505] {logging_mixin.py:109} INFO - [2025-12-10 18:34:59,505] {dag.py:2396} INFO - Sync 1 DAGs
[2025-12-10 18:34:59,520] {logging_mixin.py:109} INFO - [2025-12-10 18:34:59,520] {dag.py:2935} INFO - Setting next_dagrun for example_branch_labels to 2025-12-09 00:00:00+00:00
[2025-12-10 18:34:59,527] {processor.py:171} INFO - Processing /home/airflow/.local/lib/python3.6/site-packages/airflow/example_dags/example_branch_labels.py took 0.061 seconds
[2025-12-10 18:35:29,637] {processor.py:163} INFO - Started process (PID=1515) to work on /home/airflow/.local/lib/python3.6/site-packages/airflow/example_dags/example_branch_labels.py
[2025-12-10 18:35:29,639] {processor.py:642} INFO - Processing file /home/airflow/.local/lib/python3.6/site-packages/airflow/example_dags/example_branch_labels.py for tasks to queue
[2025-12-10 18:35:29,639] {logging_mixin.py:109} INFO - [2025-12-10 18:35:29,639] {dagbag.py:500} INFO - Filling up the DagBag from /home/airflow/.local/lib/python3.6/site-packages/airflow/example_dags/example_branch_labels.py
[2025-12-10 18:35:29,666] {processor.py:654} INFO - DAG(s) dict_keys(['example_branch_labels']) retrieved from /home/airflow/.local/lib/python3.6/site-packages/airflow/example_dags/example_branch_labels.py
[2025-12-10 18:35:29,675] {logging_mixin.py:109} INFO - [2025-12-10 18:35:29,675] {dag.py:2396} INFO - Sync 1 DAGs
[2025-12-10 18:35:29,693] {logging_mixin.py:109} INFO - [2025-12-10 18:35:29,693] {dag.py:2935} INFO - Setting next_dagrun for example_branch_labels to 2025-12-09 00:00:00+00:00
[2025-12-10 18:35:29,701] {processor.py:171} INFO - Processing /home/airflow/.local/lib/python3.6/site-packages/airflow/example_dags/example_branch_labels.py took 0.066 seconds
[2025-12-10 18:36:00,036] {processor.py:163} INFO - Started process (PID=1567) to work on /home/airflow/.local/lib/python3.6/site-packages/airflow/example_dags/example_branch_labels.py
[2025-12-10 18:36:00,037] {processor.py:642} INFO - Processing file /home/airflow/.local/lib/python3.6/site-packages/airflow/example_dags/example_branch_labels.py for tasks to queue
[2025-12-10 18:36:00,038] {logging_mixin.py:109} INFO - [2025-12-10 18:36:00,038] {dagbag.py:500} INFO - Filling up the DagBag from /home/airflow/.local/lib/python3.6/site-packages/airflow/example_dags/example_branch_labels.py
[2025-12-10 18:36:00,063] {processor.py:654} INFO - DAG(s) dict_keys(['example_branch_labels']) retrieved from /home/airflow/.local/lib/python3.6/site-packages/airflow/example_dags/example_branch_labels.py
[2025-12-10 18:36:00,071] {logging_mixin.py:109} INFO - [2025-12-10 18:36:00,071] {dag.py:2396} INFO - Sync 1 DAGs
[2025-12-10 18:36:00,086] {logging_mixin.py:109} INFO - [2025-12-10 18:36:00,085] {dag.py:2935} INFO - Setting next_dagrun for example_branch_labels to 2025-12-09 00:00:00+00:00
[2025-12-10 18:36:00,092] {processor.py:171} INFO - Processing /home/airflow/.local/lib/python3.6/site-packages/airflow/example_dags/example_branch_labels.py took 0.059 seconds
[2025-12-10 18:36:30,793] {processor.py:163} INFO - Started process (PID=1629) to work on /home/airflow/.local/lib/python3.6/site-packages/airflow/example_dags/example_branch_labels.py
[2025-12-10 18:36:30,794] {processor.py:642} INFO - Processing file /home/airflow/.local/lib/python3.6/site-packages/airflow/example_dags/example_branch_labels.py for tasks to queue
[2025-12-10 18:36:30,795] {logging_mixin.py:109} INFO - [2025-12-10 18:36:30,795] {dagbag.py:500} INFO - Filling up the DagBag from /home/airflow/.local/lib/python3.6/site-packages/airflow/example_dags/example_branch_labels.py
[2025-12-10 18:36:30,826] {processor.py:654} INFO - DAG(s) dict_keys(['example_branch_labels']) retrieved from /home/airflow/.local/lib/python3.6/site-packages/airflow/example_dags/example_branch_labels.py
[2025-12-10 18:36:30,837] {logging_mixin.py:109} INFO - [2025-12-10 18:36:30,837] {dag.py:2396} INFO - Sync 1 DAGs
[2025-12-10 18:36:30,855] {logging_mixin.py:109} INFO - [2025-12-10 18:36:30,855] {dag.py:2935} INFO - Setting next_dagrun for example_branch_labels to 2025-12-09 00:00:00+00:00
[2025-12-10 18:36:30,862] {processor.py:171} INFO - Processing /home/airflow/.local/lib/python3.6/site-packages/airflow/example_dags/example_branch_labels.py took 0.073 seconds
[2025-12-10 18:37:01,203] {processor.py:163} INFO - Started process (PID=1681) to work on /home/airflow/.local/lib/python3.6/site-packages/airflow/example_dags/example_branch_labels.py
[2025-12-10 18:37:01,205] {processor.py:642} INFO - Processing file /home/airflow/.local/lib/python3.6/site-packages/airflow/example_dags/example_branch_labels.py for tasks to queue
[2025-12-10 18:37:01,205] {logging_mixin.py:109} INFO - [2025-12-10 18:37:01,205] {dagbag.py:500} INFO - Filling up the DagBag from /home/airflow/.local/lib/python3.6/site-packages/airflow/example_dags/example_branch_labels.py
[2025-12-10 18:37:01,234] {processor.py:654} INFO - DAG(s) dict_keys(['example_branch_labels']) retrieved from /home/airflow/.local/lib/python3.6/site-packages/airflow/example_dags/example_branch_labels.py
[2025-12-10 18:37:01,244] {logging_mixin.py:109} INFO - [2025-12-10 18:37:01,244] {dag.py:2396} INFO - Sync 1 DAGs
[2025-12-10 18:37:01,263] {logging_mixin.py:109} INFO - [2025-12-10 18:37:01,262] {dag.py:2935} INFO - Setting next_dagrun for example_branch_labels to 2025-12-09 00:00:00+00:00
[2025-12-10 18:37:01,270] {processor.py:171} INFO - Processing /home/airflow/.local/lib/python3.6/site-packages/airflow/example_dags/example_branch_labels.py took 0.071 seconds
[2025-12-10 18:37:31,717] {processor.py:163} INFO - Started process (PID=1743) to work on /home/airflow/.local/lib/python3.6/site-packages/airflow/example_dags/example_branch_labels.py
[2025-12-10 18:37:31,718] {processor.py:642} INFO - Processing file /home/airflow/.local/lib/python3.6/site-packages/airflow/example_dags/example_branch_labels.py for tasks to queue
[2025-12-10 18:37:31,718] {logging_mixin.py:109} INFO - [2025-12-10 18:37:31,718] {dagbag.py:500} INFO - Filling up the DagBag from /home/airflow/.local/lib/python3.6/site-packages/airflow/example_dags/example_branch_labels.py
[2025-12-10 18:37:31,743] {processor.py:654} INFO - DAG(s) dict_keys(['example_branch_labels']) retrieved from /home/airflow/.local/lib/python3.6/site-packages/airflow/example_dags/example_branch_labels.py
[2025-12-10 18:37:31,752] {logging_mixin.py:109} INFO - [2025-12-10 18:37:31,752] {dag.py:2396} INFO - Sync 1 DAGs
[2025-12-10 18:37:31,766] {logging_mixin.py:109} INFO - [2025-12-10 18:37:31,766] {dag.py:2935} INFO - Setting next_dagrun for example_branch_labels to 2025-12-09 00:00:00+00:00
[2025-12-10 18:37:31,773] {processor.py:171} INFO - Processing /home/airflow/.local/lib/python3.6/site-packages/airflow/example_dags/example_branch_labels.py took 0.059 seconds
[2025-12-10 18:38:02,019] {processor.py:163} INFO - Started process (PID=1805) to work on /home/airflow/.local/lib/python3.6/site-packages/airflow/example_dags/example_branch_labels.py
[2025-12-10 18:38:02,020] {processor.py:642} INFO - Processing file /home/airflow/.local/lib/python3.6/site-packages/airflow/example_dags/example_branch_labels.py for tasks to queue
[2025-12-10 18:38:02,021] {logging_mixin.py:109} INFO - [2025-12-10 18:38:02,021] {dagbag.py:500} INFO - Filling up the DagBag from /home/airflow/.local/lib/python3.6/site-packages/airflow/example_dags/example_branch_labels.py
[2025-12-10 18:38:02,050] {processor.py:654} INFO - DAG(s) dict_keys(['example_branch_labels']) retrieved from /home/airflow/.local/lib/python3.6/site-packages/airflow/example_dags/example_branch_labels.py
[2025-12-10 18:38:02,061] {logging_mixin.py:109} INFO - [2025-12-10 18:38:02,061] {dag.py:2396} INFO - Sync 1 DAGs
[2025-12-10 18:38:02,081] {logging_mixin.py:109} INFO - [2025-12-10 18:38:02,081] {dag.py:2935} INFO - Setting next_dagrun for example_branch_labels to 2025-12-09 00:00:00+00:00
[2025-12-10 18:38:02,091] {processor.py:171} INFO - Processing /home/airflow/.local/lib/python3.6/site-packages/airflow/example_dags/example_branch_labels.py took 0.075 seconds
[2025-12-10 18:38:32,343] {processor.py:163} INFO - Started process (PID=1857) to work on /home/airflow/.local/lib/python3.6/site-packages/airflow/example_dags/example_branch_labels.py
[2025-12-10 18:38:32,344] {processor.py:642} INFO - Processing file /home/airflow/.local/lib/python3.6/site-packages/airflow/example_dags/example_branch_labels.py for tasks to queue
[2025-12-10 18:38:32,344] {logging_mixin.py:109} INFO - [2025-12-10 18:38:32,344] {dagbag.py:500} INFO - Filling up the DagBag from /home/airflow/.local/lib/python3.6/site-packages/airflow/example_dags/example_branch_labels.py
[2025-12-10 18:38:32,372] {processor.py:654} INFO - DAG(s) dict_keys(['example_branch_labels']) retrieved from /home/airflow/.local/lib/python3.6/site-packages/airflow/example_dags/example_branch_labels.py
[2025-12-10 18:38:32,382] {logging_mixin.py:109} INFO - [2025-12-10 18:38:32,382] {dag.py:2396} INFO - Sync 1 DAGs
[2025-12-10 18:38:32,399] {logging_mixin.py:109} INFO - [2025-12-10 18:38:32,399] {dag.py:2935} INFO - Setting next_dagrun for example_branch_labels to 2025-12-09 00:00:00+00:00
[2025-12-10 18:38:32,407] {processor.py:171} INFO - Processing /home/airflow/.local/lib/python3.6/site-packages/airflow/example_dags/example_branch_labels.py took 0.068 seconds
[2025-12-10 18:39:02,702] {processor.py:163} INFO - Started process (PID=1919) to work on /home/airflow/.local/lib/python3.6/site-packages/airflow/example_dags/example_branch_labels.py
[2025-12-10 18:39:02,703] {processor.py:642} INFO - Processing file /home/airflow/.local/lib/python3.6/site-packages/airflow/example_dags/example_branch_labels.py for tasks to queue
[2025-12-10 18:39:02,704] {logging_mixin.py:109} INFO - [2025-12-10 18:39:02,703] {dagbag.py:500} INFO - Filling up the DagBag from /home/airflow/.local/lib/python3.6/site-packages/airflow/example_dags/example_branch_labels.py
[2025-12-10 18:39:02,729] {processor.py:654} INFO - DAG(s) dict_keys(['example_branch_labels']) retrieved from /home/airflow/.local/lib/python3.6/site-packages/airflow/example_dags/example_branch_labels.py
[2025-12-10 18:39:02,737] {logging_mixin.py:109} INFO - [2025-12-10 18:39:02,737] {dag.py:2396} INFO - Sync 1 DAGs
[2025-12-10 18:39:02,752] {logging_mixin.py:109} INFO - [2025-12-10 18:39:02,751] {dag.py:2935} INFO - Setting next_dagrun for example_branch_labels to 2025-12-09 00:00:00+00:00
[2025-12-10 18:39:02,758] {processor.py:171} INFO - Processing /home/airflow/.local/lib/python3.6/site-packages/airflow/example_dags/example_branch_labels.py took 0.060 seconds
[2025-12-10 18:39:33,071] {processor.py:163} INFO - Started process (PID=1971) to work on /home/airflow/.local/lib/python3.6/site-packages/airflow/example_dags/example_branch_labels.py
[2025-12-10 18:39:33,073] {processor.py:642} INFO - Processing file /home/airflow/.local/lib/python3.6/site-packages/airflow/example_dags/example_branch_labels.py for tasks to queue
[2025-12-10 18:39:33,073] {logging_mixin.py:109} INFO - [2025-12-10 18:39:33,073] {dagbag.py:500} INFO - Filling up the DagBag from /home/airflow/.local/lib/python3.6/site-packages/airflow/example_dags/example_branch_labels.py
[2025-12-10 18:39:33,099] {processor.py:654} INFO - DAG(s) dict_keys(['example_branch_labels']) retrieved from /home/airflow/.local/lib/python3.6/site-packages/airflow/example_dags/example_branch_labels.py
[2025-12-10 18:39:33,107] {logging_mixin.py:109} INFO - [2025-12-10 18:39:33,107] {dag.py:2396} INFO - Sync 1 DAGs
[2025-12-10 18:39:33,122] {logging_mixin.py:109} INFO - [2025-12-10 18:39:33,122] {dag.py:2935} INFO - Setting next_dagrun for example_branch_labels to 2025-12-09 00:00:00+00:00
[2025-12-10 18:39:33,129] {processor.py:171} INFO - Processing /home/airflow/.local/lib/python3.6/site-packages/airflow/example_dags/example_branch_labels.py took 0.061 seconds
[2025-12-10 18:40:03,441] {processor.py:163} INFO - Started process (PID=2033) to work on /home/airflow/.local/lib/python3.6/site-packages/airflow/example_dags/example_branch_labels.py
[2025-12-10 18:40:03,442] {processor.py:642} INFO - Processing file /home/airflow/.local/lib/python3.6/site-packages/airflow/example_dags/example_branch_labels.py for tasks to queue
[2025-12-10 18:40:03,443] {logging_mixin.py:109} INFO - [2025-12-10 18:40:03,443] {dagbag.py:500} INFO - Filling up the DagBag from /home/airflow/.local/lib/python3.6/site-packages/airflow/example_dags/example_branch_labels.py
[2025-12-10 18:40:03,469] {processor.py:654} INFO - DAG(s) dict_keys(['example_branch_labels']) retrieved from /home/airflow/.local/lib/python3.6/site-packages/airflow/example_dags/example_branch_labels.py
[2025-12-10 18:40:03,478] {logging_mixin.py:109} INFO - [2025-12-10 18:40:03,478] {dag.py:2396} INFO - Sync 1 DAGs
[2025-12-10 18:40:03,494] {logging_mixin.py:109} INFO - [2025-12-10 18:40:03,494] {dag.py:2935} INFO - Setting next_dagrun for example_branch_labels to 2025-12-09 00:00:00+00:00
[2025-12-10 18:40:03,501] {processor.py:171} INFO - Processing /home/airflow/.local/lib/python3.6/site-packages/airflow/example_dags/example_branch_labels.py took 0.063 seconds
[2025-12-10 18:40:33,864] {processor.py:163} INFO - Started process (PID=2095) to work on /home/airflow/.local/lib/python3.6/site-packages/airflow/example_dags/example_branch_labels.py
[2025-12-10 18:40:33,866] {processor.py:642} INFO - Processing file /home/airflow/.local/lib/python3.6/site-packages/airflow/example_dags/example_branch_labels.py for tasks to queue
[2025-12-10 18:40:33,866] {logging_mixin.py:109} INFO - [2025-12-10 18:40:33,866] {dagbag.py:500} INFO - Filling up the DagBag from /home/airflow/.local/lib/python3.6/site-packages/airflow/example_dags/example_branch_labels.py
[2025-12-10 18:40:33,893] {processor.py:654} INFO - DAG(s) dict_keys(['example_branch_labels']) retrieved from /home/airflow/.local/lib/python3.6/site-packages/airflow/example_dags/example_branch_labels.py
[2025-12-10 18:40:33,902] {logging_mixin.py:109} INFO - [2025-12-10 18:40:33,902] {dag.py:2396} INFO - Sync 1 DAGs
[2025-12-10 18:40:33,918] {logging_mixin.py:109} INFO - [2025-12-10 18:40:33,918] {dag.py:2935} INFO - Setting next_dagrun for example_branch_labels to 2025-12-09 00:00:00+00:00
[2025-12-10 18:40:33,925] {processor.py:171} INFO - Processing /home/airflow/.local/lib/python3.6/site-packages/airflow/example_dags/example_branch_labels.py took 0.064 seconds
[2025-12-10 18:41:04,324] {processor.py:163} INFO - Started process (PID=2147) to work on /home/airflow/.local/lib/python3.6/site-packages/airflow/example_dags/example_branch_labels.py
[2025-12-10 18:41:04,325] {processor.py:642} INFO - Processing file /home/airflow/.local/lib/python3.6/site-packages/airflow/example_dags/example_branch_labels.py for tasks to queue
[2025-12-10 18:41:04,326] {logging_mixin.py:109} INFO - [2025-12-10 18:41:04,326] {dagbag.py:500} INFO - Filling up the DagBag from /home/airflow/.local/lib/python3.6/site-packages/airflow/example_dags/example_branch_labels.py
[2025-12-10 18:41:04,356] {processor.py:654} INFO - DAG(s) dict_keys(['example_branch_labels']) retrieved from /home/airflow/.local/lib/python3.6/site-packages/airflow/example_dags/example_branch_labels.py
[2025-12-10 18:41:04,368] {logging_mixin.py:109} INFO - [2025-12-10 18:41:04,367] {dag.py:2396} INFO - Sync 1 DAGs
[2025-12-10 18:41:04,387] {logging_mixin.py:109} INFO - [2025-12-10 18:41:04,387] {dag.py:2935} INFO - Setting next_dagrun for example_branch_labels to 2025-12-09 00:00:00+00:00
[2025-12-10 18:41:04,395] {processor.py:171} INFO - Processing /home/airflow/.local/lib/python3.6/site-packages/airflow/example_dags/example_branch_labels.py took 0.074 seconds
[2025-12-10 18:41:34,773] {processor.py:163} INFO - Started process (PID=2209) to work on /home/airflow/.local/lib/python3.6/site-packages/airflow/example_dags/example_branch_labels.py
[2025-12-10 18:41:34,774] {processor.py:642} INFO - Processing file /home/airflow/.local/lib/python3.6/site-packages/airflow/example_dags/example_branch_labels.py for tasks to queue
[2025-12-10 18:41:34,774] {logging_mixin.py:109} INFO - [2025-12-10 18:41:34,774] {dagbag.py:500} INFO - Filling up the DagBag from /home/airflow/.local/lib/python3.6/site-packages/airflow/example_dags/example_branch_labels.py
[2025-12-10 18:41:34,803] {processor.py:654} INFO - DAG(s) dict_keys(['example_branch_labels']) retrieved from /home/airflow/.local/lib/python3.6/site-packages/airflow/example_dags/example_branch_labels.py
[2025-12-10 18:41:34,812] {logging_mixin.py:109} INFO - [2025-12-10 18:41:34,812] {dag.py:2396} INFO - Sync 1 DAGs
[2025-12-10 18:41:34,828] {logging_mixin.py:109} INFO - [2025-12-10 18:41:34,828] {dag.py:2935} INFO - Setting next_dagrun for example_branch_labels to 2025-12-09 00:00:00+00:00
[2025-12-10 18:41:34,837] {processor.py:171} INFO - Processing /home/airflow/.local/lib/python3.6/site-packages/airflow/example_dags/example_branch_labels.py took 0.068 seconds
[2025-12-10 18:42:04,968] {processor.py:163} INFO - Started process (PID=2261) to work on /home/airflow/.local/lib/python3.6/site-packages/airflow/example_dags/example_branch_labels.py
[2025-12-10 18:42:04,969] {processor.py:642} INFO - Processing file /home/airflow/.local/lib/python3.6/site-packages/airflow/example_dags/example_branch_labels.py for tasks to queue
[2025-12-10 18:42:04,970] {logging_mixin.py:109} INFO - [2025-12-10 18:42:04,969] {dagbag.py:500} INFO - Filling up the DagBag from /home/airflow/.local/lib/python3.6/site-packages/airflow/example_dags/example_branch_labels.py
[2025-12-10 18:42:05,002] {processor.py:654} INFO - DAG(s) dict_keys(['example_branch_labels']) retrieved from /home/airflow/.local/lib/python3.6/site-packages/airflow/example_dags/example_branch_labels.py
[2025-12-10 18:42:05,013] {logging_mixin.py:109} INFO - [2025-12-10 18:42:05,013] {dag.py:2396} INFO - Sync 1 DAGs
[2025-12-10 18:42:05,032] {logging_mixin.py:109} INFO - [2025-12-10 18:42:05,032] {dag.py:2935} INFO - Setting next_dagrun for example_branch_labels to 2025-12-09 00:00:00+00:00
[2025-12-10 18:42:05,049] {processor.py:171} INFO - Processing /home/airflow/.local/lib/python3.6/site-packages/airflow/example_dags/example_branch_labels.py took 0.085 seconds
[2025-12-10 18:42:35,532] {processor.py:163} INFO - Started process (PID=2323) to work on /home/airflow/.local/lib/python3.6/site-packages/airflow/example_dags/example_branch_labels.py
[2025-12-10 18:42:35,533] {processor.py:642} INFO - Processing file /home/airflow/.local/lib/python3.6/site-packages/airflow/example_dags/example_branch_labels.py for tasks to queue
[2025-12-10 18:42:35,534] {logging_mixin.py:109} INFO - [2025-12-10 18:42:35,534] {dagbag.py:500} INFO - Filling up the DagBag from /home/airflow/.local/lib/python3.6/site-packages/airflow/example_dags/example_branch_labels.py
[2025-12-10 18:42:35,567] {processor.py:654} INFO - DAG(s) dict_keys(['example_branch_labels']) retrieved from /home/airflow/.local/lib/python3.6/site-packages/airflow/example_dags/example_branch_labels.py
[2025-12-10 18:42:35,577] {logging_mixin.py:109} INFO - [2025-12-10 18:42:35,576] {dag.py:2396} INFO - Sync 1 DAGs
[2025-12-10 18:42:35,595] {logging_mixin.py:109} INFO - [2025-12-10 18:42:35,595] {dag.py:2935} INFO - Setting next_dagrun for example_branch_labels to 2025-12-09 00:00:00+00:00
[2025-12-10 18:42:35,603] {processor.py:171} INFO - Processing /home/airflow/.local/lib/python3.6/site-packages/airflow/example_dags/example_branch_labels.py took 0.075 seconds
[2025-12-10 18:43:06,010] {processor.py:163} INFO - Started process (PID=2375) to work on /home/airflow/.local/lib/python3.6/site-packages/airflow/example_dags/example_branch_labels.py
[2025-12-10 18:43:06,011] {processor.py:642} INFO - Processing file /home/airflow/.local/lib/python3.6/site-packages/airflow/example_dags/example_branch_labels.py for tasks to queue
[2025-12-10 18:43:06,012] {logging_mixin.py:109} INFO - [2025-12-10 18:43:06,012] {dagbag.py:500} INFO - Filling up the DagBag from /home/airflow/.local/lib/python3.6/site-packages/airflow/example_dags/example_branch_labels.py
[2025-12-10 18:43:06,043] {processor.py:654} INFO - DAG(s) dict_keys(['example_branch_labels']) retrieved from /home/airflow/.local/lib/python3.6/site-packages/airflow/example_dags/example_branch_labels.py
[2025-12-10 18:43:06,054] {logging_mixin.py:109} INFO - [2025-12-10 18:43:06,054] {dag.py:2396} INFO - Sync 1 DAGs
[2025-12-10 18:43:06,074] {logging_mixin.py:109} INFO - [2025-12-10 18:43:06,074] {dag.py:2935} INFO - Setting next_dagrun for example_branch_labels to 2025-12-09 00:00:00+00:00
[2025-12-10 18:43:06,093] {processor.py:171} INFO - Processing /home/airflow/.local/lib/python3.6/site-packages/airflow/example_dags/example_branch_labels.py took 0.088 seconds
[2025-12-10 18:43:36,684] {processor.py:163} INFO - Started process (PID=2437) to work on /home/airflow/.local/lib/python3.6/site-packages/airflow/example_dags/example_branch_labels.py
[2025-12-10 18:43:36,686] {processor.py:642} INFO - Processing file /home/airflow/.local/lib/python3.6/site-packages/airflow/example_dags/example_branch_labels.py for tasks to queue
[2025-12-10 18:43:36,686] {logging_mixin.py:109} INFO - [2025-12-10 18:43:36,686] {dagbag.py:500} INFO - Filling up the DagBag from /home/airflow/.local/lib/python3.6/site-packages/airflow/example_dags/example_branch_labels.py
[2025-12-10 18:43:36,711] {processor.py:654} INFO - DAG(s) dict_keys(['example_branch_labels']) retrieved from /home/airflow/.local/lib/python3.6/site-packages/airflow/example_dags/example_branch_labels.py
[2025-12-10 18:43:36,720] {logging_mixin.py:109} INFO - [2025-12-10 18:43:36,719] {dag.py:2396} INFO - Sync 1 DAGs
[2025-12-10 18:43:36,734] {logging_mixin.py:109} INFO - [2025-12-10 18:43:36,734] {dag.py:2935} INFO - Setting next_dagrun for example_branch_labels to 2025-12-09 00:00:00+00:00
[2025-12-10 18:43:36,741] {processor.py:171} INFO - Processing /home/airflow/.local/lib/python3.6/site-packages/airflow/example_dags/example_branch_labels.py took 0.061 seconds
[2025-12-10 18:44:06,934] {processor.py:163} INFO - Started process (PID=2498) to work on /home/airflow/.local/lib/python3.6/site-packages/airflow/example_dags/example_branch_labels.py
[2025-12-10 18:44:06,935] {processor.py:642} INFO - Processing file /home/airflow/.local/lib/python3.6/site-packages/airflow/example_dags/example_branch_labels.py for tasks to queue
[2025-12-10 18:44:06,935] {logging_mixin.py:109} INFO - [2025-12-10 18:44:06,935] {dagbag.py:500} INFO - Filling up the DagBag from /home/airflow/.local/lib/python3.6/site-packages/airflow/example_dags/example_branch_labels.py
[2025-12-10 18:44:06,962] {processor.py:654} INFO - DAG(s) dict_keys(['example_branch_labels']) retrieved from /home/airflow/.local/lib/python3.6/site-packages/airflow/example_dags/example_branch_labels.py
[2025-12-10 18:44:06,970] {logging_mixin.py:109} INFO - [2025-12-10 18:44:06,970] {dag.py:2396} INFO - Sync 1 DAGs
[2025-12-10 18:44:06,984] {logging_mixin.py:109} INFO - [2025-12-10 18:44:06,984] {dag.py:2935} INFO - Setting next_dagrun for example_branch_labels to 2025-12-09 00:00:00+00:00
[2025-12-10 18:44:06,991] {processor.py:171} INFO - Processing /home/airflow/.local/lib/python3.6/site-packages/airflow/example_dags/example_branch_labels.py took 0.061 seconds
[2025-12-10 18:46:28,694] {processor.py:163} INFO - Started process (PID=46) to work on /home/airflow/.local/lib/python3.6/site-packages/airflow/example_dags/example_branch_labels.py
[2025-12-10 18:46:28,696] {processor.py:642} INFO - Processing file /home/airflow/.local/lib/python3.6/site-packages/airflow/example_dags/example_branch_labels.py for tasks to queue
[2025-12-10 18:46:28,696] {logging_mixin.py:109} INFO - [2025-12-10 18:46:28,696] {dagbag.py:500} INFO - Filling up the DagBag from /home/airflow/.local/lib/python3.6/site-packages/airflow/example_dags/example_branch_labels.py
[2025-12-10 18:46:28,745] {processor.py:654} INFO - DAG(s) dict_keys(['example_branch_labels']) retrieved from /home/airflow/.local/lib/python3.6/site-packages/airflow/example_dags/example_branch_labels.py
[2025-12-10 18:46:28,764] {logging_mixin.py:109} INFO - [2025-12-10 18:46:28,763] {dag.py:2396} INFO - Sync 1 DAGs
[2025-12-10 18:46:28,794] {logging_mixin.py:109} INFO - [2025-12-10 18:46:28,794] {dag.py:2935} INFO - Setting next_dagrun for example_branch_labels to 2025-12-09 00:00:00+00:00
[2025-12-10 18:46:28,804] {processor.py:171} INFO - Processing /home/airflow/.local/lib/python3.6/site-packages/airflow/example_dags/example_branch_labels.py took 0.117 seconds
[2025-12-10 18:46:59,714] {processor.py:163} INFO - Started process (PID=98) to work on /home/airflow/.local/lib/python3.6/site-packages/airflow/example_dags/example_branch_labels.py
[2025-12-10 18:46:59,717] {processor.py:642} INFO - Processing file /home/airflow/.local/lib/python3.6/site-packages/airflow/example_dags/example_branch_labels.py for tasks to queue
[2025-12-10 18:46:59,718] {logging_mixin.py:109} INFO - [2025-12-10 18:46:59,718] {dagbag.py:500} INFO - Filling up the DagBag from /home/airflow/.local/lib/python3.6/site-packages/airflow/example_dags/example_branch_labels.py
[2025-12-10 18:46:59,780] {processor.py:654} INFO - DAG(s) dict_keys(['example_branch_labels']) retrieved from /home/airflow/.local/lib/python3.6/site-packages/airflow/example_dags/example_branch_labels.py
[2025-12-10 18:46:59,800] {logging_mixin.py:109} INFO - [2025-12-10 18:46:59,800] {dag.py:2396} INFO - Sync 1 DAGs
[2025-12-10 18:46:59,850] {logging_mixin.py:109} INFO - [2025-12-10 18:46:59,850] {dag.py:2935} INFO - Setting next_dagrun for example_branch_labels to 2025-12-09 00:00:00+00:00
[2025-12-10 18:46:59,874] {processor.py:171} INFO - Processing /home/airflow/.local/lib/python3.6/site-packages/airflow/example_dags/example_branch_labels.py took 0.167 seconds
[2025-12-10 18:47:30,418] {processor.py:163} INFO - Started process (PID=151) to work on /home/airflow/.local/lib/python3.6/site-packages/airflow/example_dags/example_branch_labels.py
[2025-12-10 18:47:30,419] {processor.py:642} INFO - Processing file /home/airflow/.local/lib/python3.6/site-packages/airflow/example_dags/example_branch_labels.py for tasks to queue
[2025-12-10 18:47:30,420] {logging_mixin.py:109} INFO - [2025-12-10 18:47:30,420] {dagbag.py:500} INFO - Filling up the DagBag from /home/airflow/.local/lib/python3.6/site-packages/airflow/example_dags/example_branch_labels.py
[2025-12-10 18:47:30,458] {processor.py:654} INFO - DAG(s) dict_keys(['example_branch_labels']) retrieved from /home/airflow/.local/lib/python3.6/site-packages/airflow/example_dags/example_branch_labels.py
[2025-12-10 18:47:30,472] {logging_mixin.py:109} INFO - [2025-12-10 18:47:30,472] {dag.py:2396} INFO - Sync 1 DAGs
[2025-12-10 18:47:30,500] {logging_mixin.py:109} INFO - [2025-12-10 18:47:30,500] {dag.py:2935} INFO - Setting next_dagrun for example_branch_labels to 2025-12-09 00:00:00+00:00
[2025-12-10 18:47:30,511] {processor.py:171} INFO - Processing /home/airflow/.local/lib/python3.6/site-packages/airflow/example_dags/example_branch_labels.py took 0.099 seconds
[2025-12-10 18:48:01,115] {processor.py:163} INFO - Started process (PID=213) to work on /home/airflow/.local/lib/python3.6/site-packages/airflow/example_dags/example_branch_labels.py
[2025-12-10 18:48:01,116] {processor.py:642} INFO - Processing file /home/airflow/.local/lib/python3.6/site-packages/airflow/example_dags/example_branch_labels.py for tasks to queue
[2025-12-10 18:48:01,117] {logging_mixin.py:109} INFO - [2025-12-10 18:48:01,117] {dagbag.py:500} INFO - Filling up the DagBag from /home/airflow/.local/lib/python3.6/site-packages/airflow/example_dags/example_branch_labels.py
[2025-12-10 18:48:01,149] {processor.py:654} INFO - DAG(s) dict_keys(['example_branch_labels']) retrieved from /home/airflow/.local/lib/python3.6/site-packages/airflow/example_dags/example_branch_labels.py
[2025-12-10 18:48:01,160] {logging_mixin.py:109} INFO - [2025-12-10 18:48:01,160] {dag.py:2396} INFO - Sync 1 DAGs
[2025-12-10 18:48:01,179] {logging_mixin.py:109} INFO - [2025-12-10 18:48:01,179] {dag.py:2935} INFO - Setting next_dagrun for example_branch_labels to 2025-12-09 00:00:00+00:00
[2025-12-10 18:48:01,189] {processor.py:171} INFO - Processing /home/airflow/.local/lib/python3.6/site-packages/airflow/example_dags/example_branch_labels.py took 0.078 seconds
[2025-12-10 18:48:32,029] {processor.py:163} INFO - Started process (PID=265) to work on /home/airflow/.local/lib/python3.6/site-packages/airflow/example_dags/example_branch_labels.py
[2025-12-10 18:48:32,030] {processor.py:642} INFO - Processing file /home/airflow/.local/lib/python3.6/site-packages/airflow/example_dags/example_branch_labels.py for tasks to queue
[2025-12-10 18:48:32,031] {logging_mixin.py:109} INFO - [2025-12-10 18:48:32,031] {dagbag.py:500} INFO - Filling up the DagBag from /home/airflow/.local/lib/python3.6/site-packages/airflow/example_dags/example_branch_labels.py
[2025-12-10 18:48:32,059] {processor.py:654} INFO - DAG(s) dict_keys(['example_branch_labels']) retrieved from /home/airflow/.local/lib/python3.6/site-packages/airflow/example_dags/example_branch_labels.py
[2025-12-10 18:48:32,069] {logging_mixin.py:109} INFO - [2025-12-10 18:48:32,068] {dag.py:2396} INFO - Sync 1 DAGs
[2025-12-10 18:48:32,084] {logging_mixin.py:109} INFO - [2025-12-10 18:48:32,084] {dag.py:2935} INFO - Setting next_dagrun for example_branch_labels to 2025-12-09 00:00:00+00:00
[2025-12-10 18:48:32,092] {processor.py:171} INFO - Processing /home/airflow/.local/lib/python3.6/site-packages/airflow/example_dags/example_branch_labels.py took 0.067 seconds
[2025-12-10 18:49:02,147] {processor.py:163} INFO - Started process (PID=328) to work on /home/airflow/.local/lib/python3.6/site-packages/airflow/example_dags/example_branch_labels.py
[2025-12-10 18:49:02,149] {processor.py:642} INFO - Processing file /home/airflow/.local/lib/python3.6/site-packages/airflow/example_dags/example_branch_labels.py for tasks to queue
[2025-12-10 18:49:02,149] {logging_mixin.py:109} INFO - [2025-12-10 18:49:02,149] {dagbag.py:500} INFO - Filling up the DagBag from /home/airflow/.local/lib/python3.6/site-packages/airflow/example_dags/example_branch_labels.py
[2025-12-10 18:49:02,180] {processor.py:654} INFO - DAG(s) dict_keys(['example_branch_labels']) retrieved from /home/airflow/.local/lib/python3.6/site-packages/airflow/example_dags/example_branch_labels.py
[2025-12-10 18:49:02,191] {logging_mixin.py:109} INFO - [2025-12-10 18:49:02,191] {dag.py:2396} INFO - Sync 1 DAGs
[2025-12-10 18:49:02,210] {logging_mixin.py:109} INFO - [2025-12-10 18:49:02,210] {dag.py:2935} INFO - Setting next_dagrun for example_branch_labels to 2025-12-09 00:00:00+00:00
[2025-12-10 18:49:02,218] {processor.py:171} INFO - Processing /home/airflow/.local/lib/python3.6/site-packages/airflow/example_dags/example_branch_labels.py took 0.074 seconds
[2025-12-10 18:49:32,645] {processor.py:163} INFO - Started process (PID=380) to work on /home/airflow/.local/lib/python3.6/site-packages/airflow/example_dags/example_branch_labels.py
[2025-12-10 18:49:32,646] {processor.py:642} INFO - Processing file /home/airflow/.local/lib/python3.6/site-packages/airflow/example_dags/example_branch_labels.py for tasks to queue
[2025-12-10 18:49:32,646] {logging_mixin.py:109} INFO - [2025-12-10 18:49:32,646] {dagbag.py:500} INFO - Filling up the DagBag from /home/airflow/.local/lib/python3.6/site-packages/airflow/example_dags/example_branch_labels.py
[2025-12-10 18:49:32,670] {processor.py:654} INFO - DAG(s) dict_keys(['example_branch_labels']) retrieved from /home/airflow/.local/lib/python3.6/site-packages/airflow/example_dags/example_branch_labels.py
[2025-12-10 18:49:32,678] {logging_mixin.py:109} INFO - [2025-12-10 18:49:32,678] {dag.py:2396} INFO - Sync 1 DAGs
[2025-12-10 18:49:32,691] {logging_mixin.py:109} INFO - [2025-12-10 18:49:32,691] {dag.py:2935} INFO - Setting next_dagrun for example_branch_labels to 2025-12-09 00:00:00+00:00
[2025-12-10 18:49:32,698] {processor.py:171} INFO - Processing /home/airflow/.local/lib/python3.6/site-packages/airflow/example_dags/example_branch_labels.py took 0.056 seconds
[2025-12-10 18:50:02,756] {processor.py:163} INFO - Started process (PID=442) to work on /home/airflow/.local/lib/python3.6/site-packages/airflow/example_dags/example_branch_labels.py
[2025-12-10 18:50:02,757] {processor.py:642} INFO - Processing file /home/airflow/.local/lib/python3.6/site-packages/airflow/example_dags/example_branch_labels.py for tasks to queue
[2025-12-10 18:50:02,758] {logging_mixin.py:109} INFO - [2025-12-10 18:50:02,758] {dagbag.py:500} INFO - Filling up the DagBag from /home/airflow/.local/lib/python3.6/site-packages/airflow/example_dags/example_branch_labels.py
[2025-12-10 18:50:02,784] {processor.py:654} INFO - DAG(s) dict_keys(['example_branch_labels']) retrieved from /home/airflow/.local/lib/python3.6/site-packages/airflow/example_dags/example_branch_labels.py
[2025-12-10 18:50:02,793] {logging_mixin.py:109} INFO - [2025-12-10 18:50:02,793] {dag.py:2396} INFO - Sync 1 DAGs
[2025-12-10 18:50:02,807] {logging_mixin.py:109} INFO - [2025-12-10 18:50:02,807] {dag.py:2935} INFO - Setting next_dagrun for example_branch_labels to 2025-12-09 00:00:00+00:00
[2025-12-10 18:50:02,814] {processor.py:171} INFO - Processing /home/airflow/.local/lib/python3.6/site-packages/airflow/example_dags/example_branch_labels.py took 0.062 seconds
[2025-12-10 18:51:14,337] {processor.py:163} INFO - Started process (PID=70) to work on /home/airflow/.local/lib/python3.6/site-packages/airflow/example_dags/example_branch_labels.py
[2025-12-10 18:51:14,340] {processor.py:642} INFO - Processing file /home/airflow/.local/lib/python3.6/site-packages/airflow/example_dags/example_branch_labels.py for tasks to queue
[2025-12-10 18:51:14,341] {logging_mixin.py:109} INFO - [2025-12-10 18:51:14,341] {dagbag.py:500} INFO - Filling up the DagBag from /home/airflow/.local/lib/python3.6/site-packages/airflow/example_dags/example_branch_labels.py
[2025-12-10 18:51:14,394] {processor.py:654} INFO - DAG(s) dict_keys(['example_branch_labels']) retrieved from /home/airflow/.local/lib/python3.6/site-packages/airflow/example_dags/example_branch_labels.py
[2025-12-10 18:51:17,076] {logging_mixin.py:109} INFO - [2025-12-10 18:51:17,076] {manager.py:496} INFO - Created Permission View: can read on DAG:example_branch_labels
[2025-12-10 18:51:17,085] {logging_mixin.py:109} INFO - [2025-12-10 18:51:17,085] {manager.py:496} INFO - Created Permission View: can edit on DAG:example_branch_labels
[2025-12-10 18:51:17,087] {logging_mixin.py:109} INFO - [2025-12-10 18:51:17,086] {dag.py:2396} INFO - Sync 1 DAGs
[2025-12-10 18:51:17,097] {logging_mixin.py:109} INFO - [2025-12-10 18:51:17,095] {dag.py:2415} INFO - Creating ORM DAG for example_branch_labels
[2025-12-10 18:51:17,107] {logging_mixin.py:109} INFO - [2025-12-10 18:51:17,107] {dag.py:2935} INFO - Setting next_dagrun for example_branch_labels to 2025-12-09 00:00:00+00:00
[2025-12-10 18:51:17,118] {processor.py:171} INFO - Processing /home/airflow/.local/lib/python3.6/site-packages/airflow/example_dags/example_branch_labels.py took 2.786 seconds
[2025-12-10 18:51:47,523] {processor.py:163} INFO - Started process (PID=468) to work on /home/airflow/.local/lib/python3.6/site-packages/airflow/example_dags/example_branch_labels.py
[2025-12-10 18:51:47,524] {processor.py:642} INFO - Processing file /home/airflow/.local/lib/python3.6/site-packages/airflow/example_dags/example_branch_labels.py for tasks to queue
[2025-12-10 18:51:47,525] {logging_mixin.py:109} INFO - [2025-12-10 18:51:47,525] {dagbag.py:500} INFO - Filling up the DagBag from /home/airflow/.local/lib/python3.6/site-packages/airflow/example_dags/example_branch_labels.py
[2025-12-10 18:51:47,554] {processor.py:654} INFO - DAG(s) dict_keys(['example_branch_labels']) retrieved from /home/airflow/.local/lib/python3.6/site-packages/airflow/example_dags/example_branch_labels.py
[2025-12-10 18:51:47,564] {logging_mixin.py:109} INFO - [2025-12-10 18:51:47,564] {dag.py:2396} INFO - Sync 1 DAGs
[2025-12-10 18:51:47,581] {logging_mixin.py:109} INFO - [2025-12-10 18:51:47,581] {dag.py:2935} INFO - Setting next_dagrun for example_branch_labels to 2025-12-09 00:00:00+00:00
[2025-12-10 18:51:47,589] {processor.py:171} INFO - Processing /home/airflow/.local/lib/python3.6/site-packages/airflow/example_dags/example_branch_labels.py took 0.070 seconds
[2025-12-10 18:52:18,351] {processor.py:163} INFO - Started process (PID=520) to work on /home/airflow/.local/lib/python3.6/site-packages/airflow/example_dags/example_branch_labels.py
[2025-12-10 18:52:18,357] {processor.py:642} INFO - Processing file /home/airflow/.local/lib/python3.6/site-packages/airflow/example_dags/example_branch_labels.py for tasks to queue
[2025-12-10 18:52:18,357] {logging_mixin.py:109} INFO - [2025-12-10 18:52:18,357] {dagbag.py:500} INFO - Filling up the DagBag from /home/airflow/.local/lib/python3.6/site-packages/airflow/example_dags/example_branch_labels.py
[2025-12-10 18:52:18,382] {processor.py:654} INFO - DAG(s) dict_keys(['example_branch_labels']) retrieved from /home/airflow/.local/lib/python3.6/site-packages/airflow/example_dags/example_branch_labels.py
[2025-12-10 18:52:18,390] {logging_mixin.py:109} INFO - [2025-12-10 18:52:18,390] {dag.py:2396} INFO - Sync 1 DAGs
[2025-12-10 18:52:18,408] {logging_mixin.py:109} INFO - [2025-12-10 18:52:18,408] {dag.py:2935} INFO - Setting next_dagrun for example_branch_labels to 2025-12-09 00:00:00+00:00
[2025-12-10 18:52:18,417] {processor.py:171} INFO - Processing /home/airflow/.local/lib/python3.6/site-packages/airflow/example_dags/example_branch_labels.py took 0.070 seconds
