[2025-12-10 18:25:43,316] {processor.py:163} INFO - Started process (PID=43) to work on /home/airflow/.local/lib/python3.6/site-packages/airflow/example_dags/example_branch_python_dop_operator_3.py
[2025-12-10 18:25:43,318] {processor.py:642} INFO - Processing file /home/airflow/.local/lib/python3.6/site-packages/airflow/example_dags/example_branch_python_dop_operator_3.py for tasks to queue
[2025-12-10 18:25:43,319] {logging_mixin.py:109} INFO - [2025-12-10 18:25:43,319] {dagbag.py:500} INFO - Filling up the DagBag from /home/airflow/.local/lib/python3.6/site-packages/airflow/example_dags/example_branch_python_dop_operator_3.py
[2025-12-10 18:25:43,384] {processor.py:654} INFO - DAG(s) dict_keys(['example_branch_dop_operator_v3']) retrieved from /home/airflow/.local/lib/python3.6/site-packages/airflow/example_dags/example_branch_python_dop_operator_3.py
[2025-12-10 18:25:49,403] {logging_mixin.py:109} INFO - [2025-12-10 18:25:49,403] {manager.py:496} INFO - Created Permission View: can edit on DAG:example_branch_dop_operator_v3
[2025-12-10 18:25:49,412] {logging_mixin.py:109} INFO - [2025-12-10 18:25:49,412] {manager.py:496} INFO - Created Permission View: can read on DAG:example_branch_dop_operator_v3
[2025-12-10 18:25:49,414] {logging_mixin.py:109} INFO - [2025-12-10 18:25:49,413] {dag.py:2396} INFO - Sync 1 DAGs
[2025-12-10 18:25:49,427] {logging_mixin.py:109} INFO - [2025-12-10 18:25:49,426] {dag.py:2415} INFO - Creating ORM DAG for example_branch_dop_operator_v3
[2025-12-10 18:25:49,439] {logging_mixin.py:109} INFO - [2025-12-10 18:25:49,439] {dag.py:2935} INFO - Setting next_dagrun for example_branch_dop_operator_v3 to 2025-12-10T18:24:00+00:00
[2025-12-10 18:25:49,453] {processor.py:171} INFO - Processing /home/airflow/.local/lib/python3.6/site-packages/airflow/example_dags/example_branch_python_dop_operator_3.py took 6.142 seconds
[2025-12-10 18:26:21,951] {processor.py:163} INFO - Started process (PID=465) to work on /home/airflow/.local/lib/python3.6/site-packages/airflow/example_dags/example_branch_python_dop_operator_3.py
[2025-12-10 18:26:21,953] {processor.py:642} INFO - Processing file /home/airflow/.local/lib/python3.6/site-packages/airflow/example_dags/example_branch_python_dop_operator_3.py for tasks to queue
[2025-12-10 18:26:21,954] {logging_mixin.py:109} INFO - [2025-12-10 18:26:21,954] {dagbag.py:500} INFO - Filling up the DagBag from /home/airflow/.local/lib/python3.6/site-packages/airflow/example_dags/example_branch_python_dop_operator_3.py
[2025-12-10 18:26:21,988] {processor.py:654} INFO - DAG(s) dict_keys(['example_branch_dop_operator_v3']) retrieved from /home/airflow/.local/lib/python3.6/site-packages/airflow/example_dags/example_branch_python_dop_operator_3.py
[2025-12-10 18:26:21,999] {logging_mixin.py:109} INFO - [2025-12-10 18:26:21,999] {dag.py:2396} INFO - Sync 1 DAGs
[2025-12-10 18:26:22,022] {logging_mixin.py:109} INFO - [2025-12-10 18:26:22,021] {dag.py:2935} INFO - Setting next_dagrun for example_branch_dop_operator_v3 to 2025-12-10T18:25:00+00:00
[2025-12-10 18:26:22,029] {processor.py:171} INFO - Processing /home/airflow/.local/lib/python3.6/site-packages/airflow/example_dags/example_branch_python_dop_operator_3.py took 0.083 seconds
[2025-12-10 18:26:52,058] {processor.py:163} INFO - Started process (PID=517) to work on /home/airflow/.local/lib/python3.6/site-packages/airflow/example_dags/example_branch_python_dop_operator_3.py
[2025-12-10 18:26:52,060] {processor.py:642} INFO - Processing file /home/airflow/.local/lib/python3.6/site-packages/airflow/example_dags/example_branch_python_dop_operator_3.py for tasks to queue
[2025-12-10 18:26:52,060] {logging_mixin.py:109} INFO - [2025-12-10 18:26:52,060] {dagbag.py:500} INFO - Filling up the DagBag from /home/airflow/.local/lib/python3.6/site-packages/airflow/example_dags/example_branch_python_dop_operator_3.py
[2025-12-10 18:26:52,091] {processor.py:654} INFO - DAG(s) dict_keys(['example_branch_dop_operator_v3']) retrieved from /home/airflow/.local/lib/python3.6/site-packages/airflow/example_dags/example_branch_python_dop_operator_3.py
[2025-12-10 18:26:52,099] {logging_mixin.py:109} INFO - [2025-12-10 18:26:52,099] {dag.py:2396} INFO - Sync 1 DAGs
[2025-12-10 18:26:52,115] {logging_mixin.py:109} INFO - [2025-12-10 18:26:52,115] {dag.py:2935} INFO - Setting next_dagrun for example_branch_dop_operator_v3 to 2025-12-10T18:25:00+00:00
[2025-12-10 18:26:52,122] {processor.py:171} INFO - Processing /home/airflow/.local/lib/python3.6/site-packages/airflow/example_dags/example_branch_python_dop_operator_3.py took 0.067 seconds
[2025-12-10 18:27:22,283] {processor.py:163} INFO - Started process (PID=575) to work on /home/airflow/.local/lib/python3.6/site-packages/airflow/example_dags/example_branch_python_dop_operator_3.py
[2025-12-10 18:27:22,294] {processor.py:642} INFO - Processing file /home/airflow/.local/lib/python3.6/site-packages/airflow/example_dags/example_branch_python_dop_operator_3.py for tasks to queue
[2025-12-10 18:27:22,295] {logging_mixin.py:109} INFO - [2025-12-10 18:27:22,295] {dagbag.py:500} INFO - Filling up the DagBag from /home/airflow/.local/lib/python3.6/site-packages/airflow/example_dags/example_branch_python_dop_operator_3.py
[2025-12-10 18:27:22,323] {processor.py:654} INFO - DAG(s) dict_keys(['example_branch_dop_operator_v3']) retrieved from /home/airflow/.local/lib/python3.6/site-packages/airflow/example_dags/example_branch_python_dop_operator_3.py
[2025-12-10 18:27:22,332] {logging_mixin.py:109} INFO - [2025-12-10 18:27:22,332] {dag.py:2396} INFO - Sync 1 DAGs
[2025-12-10 18:27:22,349] {logging_mixin.py:109} INFO - [2025-12-10 18:27:22,349] {dag.py:2935} INFO - Setting next_dagrun for example_branch_dop_operator_v3 to 2025-12-10T18:26:00+00:00
[2025-12-10 18:27:22,358] {processor.py:171} INFO - Processing /home/airflow/.local/lib/python3.6/site-packages/airflow/example_dags/example_branch_python_dop_operator_3.py took 0.078 seconds
[2025-12-10 18:27:52,899] {processor.py:163} INFO - Started process (PID=627) to work on /home/airflow/.local/lib/python3.6/site-packages/airflow/example_dags/example_branch_python_dop_operator_3.py
[2025-12-10 18:27:52,910] {processor.py:642} INFO - Processing file /home/airflow/.local/lib/python3.6/site-packages/airflow/example_dags/example_branch_python_dop_operator_3.py for tasks to queue
[2025-12-10 18:27:52,910] {logging_mixin.py:109} INFO - [2025-12-10 18:27:52,910] {dagbag.py:500} INFO - Filling up the DagBag from /home/airflow/.local/lib/python3.6/site-packages/airflow/example_dags/example_branch_python_dop_operator_3.py
[2025-12-10 18:27:52,939] {processor.py:654} INFO - DAG(s) dict_keys(['example_branch_dop_operator_v3']) retrieved from /home/airflow/.local/lib/python3.6/site-packages/airflow/example_dags/example_branch_python_dop_operator_3.py
[2025-12-10 18:27:52,947] {logging_mixin.py:109} INFO - [2025-12-10 18:27:52,947] {dag.py:2396} INFO - Sync 1 DAGs
[2025-12-10 18:27:52,963] {logging_mixin.py:109} INFO - [2025-12-10 18:27:52,963] {dag.py:2935} INFO - Setting next_dagrun for example_branch_dop_operator_v3 to 2025-12-10T18:26:00+00:00
[2025-12-10 18:27:52,970] {processor.py:171} INFO - Processing /home/airflow/.local/lib/python3.6/site-packages/airflow/example_dags/example_branch_python_dop_operator_3.py took 0.075 seconds
[2025-12-10 18:28:23,011] {processor.py:163} INFO - Started process (PID=689) to work on /home/airflow/.local/lib/python3.6/site-packages/airflow/example_dags/example_branch_python_dop_operator_3.py
[2025-12-10 18:28:23,022] {processor.py:642} INFO - Processing file /home/airflow/.local/lib/python3.6/site-packages/airflow/example_dags/example_branch_python_dop_operator_3.py for tasks to queue
[2025-12-10 18:28:23,022] {logging_mixin.py:109} INFO - [2025-12-10 18:28:23,022] {dagbag.py:500} INFO - Filling up the DagBag from /home/airflow/.local/lib/python3.6/site-packages/airflow/example_dags/example_branch_python_dop_operator_3.py
[2025-12-10 18:28:23,051] {processor.py:654} INFO - DAG(s) dict_keys(['example_branch_dop_operator_v3']) retrieved from /home/airflow/.local/lib/python3.6/site-packages/airflow/example_dags/example_branch_python_dop_operator_3.py
[2025-12-10 18:28:23,059] {logging_mixin.py:109} INFO - [2025-12-10 18:28:23,059] {dag.py:2396} INFO - Sync 1 DAGs
[2025-12-10 18:28:23,076] {logging_mixin.py:109} INFO - [2025-12-10 18:28:23,076] {dag.py:2935} INFO - Setting next_dagrun for example_branch_dop_operator_v3 to 2025-12-10T18:27:00+00:00
[2025-12-10 18:28:23,084] {processor.py:171} INFO - Processing /home/airflow/.local/lib/python3.6/site-packages/airflow/example_dags/example_branch_python_dop_operator_3.py took 0.077 seconds
[2025-12-10 18:28:53,226] {processor.py:163} INFO - Started process (PID=750) to work on /home/airflow/.local/lib/python3.6/site-packages/airflow/example_dags/example_branch_python_dop_operator_3.py
[2025-12-10 18:28:53,237] {processor.py:642} INFO - Processing file /home/airflow/.local/lib/python3.6/site-packages/airflow/example_dags/example_branch_python_dop_operator_3.py for tasks to queue
[2025-12-10 18:28:53,238] {logging_mixin.py:109} INFO - [2025-12-10 18:28:53,238] {dagbag.py:500} INFO - Filling up the DagBag from /home/airflow/.local/lib/python3.6/site-packages/airflow/example_dags/example_branch_python_dop_operator_3.py
[2025-12-10 18:28:53,265] {processor.py:654} INFO - DAG(s) dict_keys(['example_branch_dop_operator_v3']) retrieved from /home/airflow/.local/lib/python3.6/site-packages/airflow/example_dags/example_branch_python_dop_operator_3.py
[2025-12-10 18:28:53,274] {logging_mixin.py:109} INFO - [2025-12-10 18:28:53,274] {dag.py:2396} INFO - Sync 1 DAGs
[2025-12-10 18:28:53,292] {logging_mixin.py:109} INFO - [2025-12-10 18:28:53,292] {dag.py:2935} INFO - Setting next_dagrun for example_branch_dop_operator_v3 to 2025-12-10T18:27:00+00:00
[2025-12-10 18:28:53,299] {processor.py:171} INFO - Processing /home/airflow/.local/lib/python3.6/site-packages/airflow/example_dags/example_branch_python_dop_operator_3.py took 0.076 seconds
[2025-12-10 18:29:23,659] {processor.py:163} INFO - Started process (PID=803) to work on /home/airflow/.local/lib/python3.6/site-packages/airflow/example_dags/example_branch_python_dop_operator_3.py
[2025-12-10 18:29:23,670] {processor.py:642} INFO - Processing file /home/airflow/.local/lib/python3.6/site-packages/airflow/example_dags/example_branch_python_dop_operator_3.py for tasks to queue
[2025-12-10 18:29:23,670] {logging_mixin.py:109} INFO - [2025-12-10 18:29:23,670] {dagbag.py:500} INFO - Filling up the DagBag from /home/airflow/.local/lib/python3.6/site-packages/airflow/example_dags/example_branch_python_dop_operator_3.py
[2025-12-10 18:29:23,697] {processor.py:654} INFO - DAG(s) dict_keys(['example_branch_dop_operator_v3']) retrieved from /home/airflow/.local/lib/python3.6/site-packages/airflow/example_dags/example_branch_python_dop_operator_3.py
[2025-12-10 18:29:23,705] {logging_mixin.py:109} INFO - [2025-12-10 18:29:23,705] {dag.py:2396} INFO - Sync 1 DAGs
[2025-12-10 18:29:23,722] {logging_mixin.py:109} INFO - [2025-12-10 18:29:23,722] {dag.py:2935} INFO - Setting next_dagrun for example_branch_dop_operator_v3 to 2025-12-10T18:28:00+00:00
[2025-12-10 18:29:23,731] {processor.py:171} INFO - Processing /home/airflow/.local/lib/python3.6/site-packages/airflow/example_dags/example_branch_python_dop_operator_3.py took 0.075 seconds
[2025-12-10 18:29:54,190] {processor.py:163} INFO - Started process (PID=865) to work on /home/airflow/.local/lib/python3.6/site-packages/airflow/example_dags/example_branch_python_dop_operator_3.py
[2025-12-10 18:29:54,191] {processor.py:642} INFO - Processing file /home/airflow/.local/lib/python3.6/site-packages/airflow/example_dags/example_branch_python_dop_operator_3.py for tasks to queue
[2025-12-10 18:29:54,191] {logging_mixin.py:109} INFO - [2025-12-10 18:29:54,191] {dagbag.py:500} INFO - Filling up the DagBag from /home/airflow/.local/lib/python3.6/site-packages/airflow/example_dags/example_branch_python_dop_operator_3.py
[2025-12-10 18:29:54,219] {processor.py:654} INFO - DAG(s) dict_keys(['example_branch_dop_operator_v3']) retrieved from /home/airflow/.local/lib/python3.6/site-packages/airflow/example_dags/example_branch_python_dop_operator_3.py
[2025-12-10 18:29:54,228] {logging_mixin.py:109} INFO - [2025-12-10 18:29:54,228] {dag.py:2396} INFO - Sync 1 DAGs
[2025-12-10 18:29:54,244] {logging_mixin.py:109} INFO - [2025-12-10 18:29:54,244] {dag.py:2935} INFO - Setting next_dagrun for example_branch_dop_operator_v3 to 2025-12-10T18:28:00+00:00
[2025-12-10 18:29:54,251] {processor.py:171} INFO - Processing /home/airflow/.local/lib/python3.6/site-packages/airflow/example_dags/example_branch_python_dop_operator_3.py took 0.064 seconds
[2025-12-10 18:30:24,590] {processor.py:163} INFO - Started process (PID=917) to work on /home/airflow/.local/lib/python3.6/site-packages/airflow/example_dags/example_branch_python_dop_operator_3.py
[2025-12-10 18:30:24,591] {processor.py:642} INFO - Processing file /home/airflow/.local/lib/python3.6/site-packages/airflow/example_dags/example_branch_python_dop_operator_3.py for tasks to queue
[2025-12-10 18:30:24,592] {logging_mixin.py:109} INFO - [2025-12-10 18:30:24,592] {dagbag.py:500} INFO - Filling up the DagBag from /home/airflow/.local/lib/python3.6/site-packages/airflow/example_dags/example_branch_python_dop_operator_3.py
[2025-12-10 18:30:24,625] {processor.py:654} INFO - DAG(s) dict_keys(['example_branch_dop_operator_v3']) retrieved from /home/airflow/.local/lib/python3.6/site-packages/airflow/example_dags/example_branch_python_dop_operator_3.py
[2025-12-10 18:30:24,634] {logging_mixin.py:109} INFO - [2025-12-10 18:30:24,634] {dag.py:2396} INFO - Sync 1 DAGs
[2025-12-10 18:30:24,651] {logging_mixin.py:109} INFO - [2025-12-10 18:30:24,651] {dag.py:2935} INFO - Setting next_dagrun for example_branch_dop_operator_v3 to 2025-12-10T18:29:00+00:00
[2025-12-10 18:30:24,660] {processor.py:171} INFO - Processing /home/airflow/.local/lib/python3.6/site-packages/airflow/example_dags/example_branch_python_dop_operator_3.py took 0.073 seconds
[2025-12-10 18:30:55,028] {processor.py:163} INFO - Started process (PID=979) to work on /home/airflow/.local/lib/python3.6/site-packages/airflow/example_dags/example_branch_python_dop_operator_3.py
[2025-12-10 18:30:55,038] {processor.py:642} INFO - Processing file /home/airflow/.local/lib/python3.6/site-packages/airflow/example_dags/example_branch_python_dop_operator_3.py for tasks to queue
[2025-12-10 18:30:55,039] {logging_mixin.py:109} INFO - [2025-12-10 18:30:55,039] {dagbag.py:500} INFO - Filling up the DagBag from /home/airflow/.local/lib/python3.6/site-packages/airflow/example_dags/example_branch_python_dop_operator_3.py
[2025-12-10 18:30:55,069] {processor.py:654} INFO - DAG(s) dict_keys(['example_branch_dop_operator_v3']) retrieved from /home/airflow/.local/lib/python3.6/site-packages/airflow/example_dags/example_branch_python_dop_operator_3.py
[2025-12-10 18:30:55,078] {logging_mixin.py:109} INFO - [2025-12-10 18:30:55,078] {dag.py:2396} INFO - Sync 1 DAGs
[2025-12-10 18:30:55,094] {logging_mixin.py:109} INFO - [2025-12-10 18:30:55,094] {dag.py:2935} INFO - Setting next_dagrun for example_branch_dop_operator_v3 to 2025-12-10T18:29:00+00:00
[2025-12-10 18:30:55,102] {processor.py:171} INFO - Processing /home/airflow/.local/lib/python3.6/site-packages/airflow/example_dags/example_branch_python_dop_operator_3.py took 0.077 seconds
[2025-12-10 18:31:25,319] {processor.py:163} INFO - Started process (PID=1041) to work on /home/airflow/.local/lib/python3.6/site-packages/airflow/example_dags/example_branch_python_dop_operator_3.py
[2025-12-10 18:31:25,330] {processor.py:642} INFO - Processing file /home/airflow/.local/lib/python3.6/site-packages/airflow/example_dags/example_branch_python_dop_operator_3.py for tasks to queue
[2025-12-10 18:31:25,330] {logging_mixin.py:109} INFO - [2025-12-10 18:31:25,330] {dagbag.py:500} INFO - Filling up the DagBag from /home/airflow/.local/lib/python3.6/site-packages/airflow/example_dags/example_branch_python_dop_operator_3.py
[2025-12-10 18:31:25,360] {processor.py:654} INFO - DAG(s) dict_keys(['example_branch_dop_operator_v3']) retrieved from /home/airflow/.local/lib/python3.6/site-packages/airflow/example_dags/example_branch_python_dop_operator_3.py
[2025-12-10 18:31:25,369] {logging_mixin.py:109} INFO - [2025-12-10 18:31:25,369] {dag.py:2396} INFO - Sync 1 DAGs
[2025-12-10 18:31:25,389] {logging_mixin.py:109} INFO - [2025-12-10 18:31:25,389] {dag.py:2935} INFO - Setting next_dagrun for example_branch_dop_operator_v3 to 2025-12-10T18:30:00+00:00
[2025-12-10 18:31:25,397] {processor.py:171} INFO - Processing /home/airflow/.local/lib/python3.6/site-packages/airflow/example_dags/example_branch_python_dop_operator_3.py took 0.081 seconds
[2025-12-10 18:31:55,873] {processor.py:163} INFO - Started process (PID=1093) to work on /home/airflow/.local/lib/python3.6/site-packages/airflow/example_dags/example_branch_python_dop_operator_3.py
[2025-12-10 18:31:55,874] {processor.py:642} INFO - Processing file /home/airflow/.local/lib/python3.6/site-packages/airflow/example_dags/example_branch_python_dop_operator_3.py for tasks to queue
[2025-12-10 18:31:55,875] {logging_mixin.py:109} INFO - [2025-12-10 18:31:55,875] {dagbag.py:500} INFO - Filling up the DagBag from /home/airflow/.local/lib/python3.6/site-packages/airflow/example_dags/example_branch_python_dop_operator_3.py
[2025-12-10 18:31:55,903] {processor.py:654} INFO - DAG(s) dict_keys(['example_branch_dop_operator_v3']) retrieved from /home/airflow/.local/lib/python3.6/site-packages/airflow/example_dags/example_branch_python_dop_operator_3.py
[2025-12-10 18:31:55,912] {logging_mixin.py:109} INFO - [2025-12-10 18:31:55,912] {dag.py:2396} INFO - Sync 1 DAGs
[2025-12-10 18:31:55,928] {logging_mixin.py:109} INFO - [2025-12-10 18:31:55,928] {dag.py:2935} INFO - Setting next_dagrun for example_branch_dop_operator_v3 to 2025-12-10T18:30:00+00:00
[2025-12-10 18:31:55,936] {processor.py:171} INFO - Processing /home/airflow/.local/lib/python3.6/site-packages/airflow/example_dags/example_branch_python_dop_operator_3.py took 0.066 seconds
[2025-12-10 18:32:26,262] {processor.py:163} INFO - Started process (PID=1155) to work on /home/airflow/.local/lib/python3.6/site-packages/airflow/example_dags/example_branch_python_dop_operator_3.py
[2025-12-10 18:32:26,272] {processor.py:642} INFO - Processing file /home/airflow/.local/lib/python3.6/site-packages/airflow/example_dags/example_branch_python_dop_operator_3.py for tasks to queue
[2025-12-10 18:32:26,273] {logging_mixin.py:109} INFO - [2025-12-10 18:32:26,273] {dagbag.py:500} INFO - Filling up the DagBag from /home/airflow/.local/lib/python3.6/site-packages/airflow/example_dags/example_branch_python_dop_operator_3.py
[2025-12-10 18:32:26,300] {processor.py:654} INFO - DAG(s) dict_keys(['example_branch_dop_operator_v3']) retrieved from /home/airflow/.local/lib/python3.6/site-packages/airflow/example_dags/example_branch_python_dop_operator_3.py
[2025-12-10 18:32:26,309] {logging_mixin.py:109} INFO - [2025-12-10 18:32:26,309] {dag.py:2396} INFO - Sync 1 DAGs
[2025-12-10 18:32:26,326] {logging_mixin.py:109} INFO - [2025-12-10 18:32:26,326] {dag.py:2935} INFO - Setting next_dagrun for example_branch_dop_operator_v3 to 2025-12-10T18:31:00+00:00
[2025-12-10 18:32:26,334] {processor.py:171} INFO - Processing /home/airflow/.local/lib/python3.6/site-packages/airflow/example_dags/example_branch_python_dop_operator_3.py took 0.075 seconds
[2025-12-10 18:32:56,682] {processor.py:163} INFO - Started process (PID=1207) to work on /home/airflow/.local/lib/python3.6/site-packages/airflow/example_dags/example_branch_python_dop_operator_3.py
[2025-12-10 18:32:56,683] {processor.py:642} INFO - Processing file /home/airflow/.local/lib/python3.6/site-packages/airflow/example_dags/example_branch_python_dop_operator_3.py for tasks to queue
[2025-12-10 18:32:56,683] {logging_mixin.py:109} INFO - [2025-12-10 18:32:56,683] {dagbag.py:500} INFO - Filling up the DagBag from /home/airflow/.local/lib/python3.6/site-packages/airflow/example_dags/example_branch_python_dop_operator_3.py
[2025-12-10 18:32:56,712] {processor.py:654} INFO - DAG(s) dict_keys(['example_branch_dop_operator_v3']) retrieved from /home/airflow/.local/lib/python3.6/site-packages/airflow/example_dags/example_branch_python_dop_operator_3.py
[2025-12-10 18:32:56,721] {logging_mixin.py:109} INFO - [2025-12-10 18:32:56,721] {dag.py:2396} INFO - Sync 1 DAGs
[2025-12-10 18:32:56,737] {logging_mixin.py:109} INFO - [2025-12-10 18:32:56,737] {dag.py:2935} INFO - Setting next_dagrun for example_branch_dop_operator_v3 to 2025-12-10T18:31:00+00:00
[2025-12-10 18:32:56,745] {processor.py:171} INFO - Processing /home/airflow/.local/lib/python3.6/site-packages/airflow/example_dags/example_branch_python_dop_operator_3.py took 0.066 seconds
[2025-12-10 18:33:27,063] {processor.py:163} INFO - Started process (PID=1269) to work on /home/airflow/.local/lib/python3.6/site-packages/airflow/example_dags/example_branch_python_dop_operator_3.py
[2025-12-10 18:33:27,064] {processor.py:642} INFO - Processing file /home/airflow/.local/lib/python3.6/site-packages/airflow/example_dags/example_branch_python_dop_operator_3.py for tasks to queue
[2025-12-10 18:33:27,065] {logging_mixin.py:109} INFO - [2025-12-10 18:33:27,065] {dagbag.py:500} INFO - Filling up the DagBag from /home/airflow/.local/lib/python3.6/site-packages/airflow/example_dags/example_branch_python_dop_operator_3.py
[2025-12-10 18:33:27,095] {processor.py:654} INFO - DAG(s) dict_keys(['example_branch_dop_operator_v3']) retrieved from /home/airflow/.local/lib/python3.6/site-packages/airflow/example_dags/example_branch_python_dop_operator_3.py
[2025-12-10 18:33:27,103] {logging_mixin.py:109} INFO - [2025-12-10 18:33:27,103] {dag.py:2396} INFO - Sync 1 DAGs
[2025-12-10 18:33:27,120] {logging_mixin.py:109} INFO - [2025-12-10 18:33:27,120] {dag.py:2935} INFO - Setting next_dagrun for example_branch_dop_operator_v3 to 2025-12-10T18:32:00+00:00
[2025-12-10 18:33:27,127] {processor.py:171} INFO - Processing /home/airflow/.local/lib/python3.6/site-packages/airflow/example_dags/example_branch_python_dop_operator_3.py took 0.068 seconds
[2025-12-10 18:33:57,421] {processor.py:163} INFO - Started process (PID=1332) to work on /home/airflow/.local/lib/python3.6/site-packages/airflow/example_dags/example_branch_python_dop_operator_3.py
[2025-12-10 18:33:57,422] {processor.py:642} INFO - Processing file /home/airflow/.local/lib/python3.6/site-packages/airflow/example_dags/example_branch_python_dop_operator_3.py for tasks to queue
[2025-12-10 18:33:57,422] {logging_mixin.py:109} INFO - [2025-12-10 18:33:57,422] {dagbag.py:500} INFO - Filling up the DagBag from /home/airflow/.local/lib/python3.6/site-packages/airflow/example_dags/example_branch_python_dop_operator_3.py
[2025-12-10 18:33:57,450] {processor.py:654} INFO - DAG(s) dict_keys(['example_branch_dop_operator_v3']) retrieved from /home/airflow/.local/lib/python3.6/site-packages/airflow/example_dags/example_branch_python_dop_operator_3.py
[2025-12-10 18:33:57,459] {logging_mixin.py:109} INFO - [2025-12-10 18:33:57,459] {dag.py:2396} INFO - Sync 1 DAGs
[2025-12-10 18:33:57,475] {logging_mixin.py:109} INFO - [2025-12-10 18:33:57,475] {dag.py:2935} INFO - Setting next_dagrun for example_branch_dop_operator_v3 to 2025-12-10T18:32:00+00:00
[2025-12-10 18:33:57,482] {processor.py:171} INFO - Processing /home/airflow/.local/lib/python3.6/site-packages/airflow/example_dags/example_branch_python_dop_operator_3.py took 0.065 seconds
[2025-12-10 18:34:27,841] {processor.py:163} INFO - Started process (PID=1384) to work on /home/airflow/.local/lib/python3.6/site-packages/airflow/example_dags/example_branch_python_dop_operator_3.py
[2025-12-10 18:34:27,852] {processor.py:642} INFO - Processing file /home/airflow/.local/lib/python3.6/site-packages/airflow/example_dags/example_branch_python_dop_operator_3.py for tasks to queue
[2025-12-10 18:34:27,852] {logging_mixin.py:109} INFO - [2025-12-10 18:34:27,852] {dagbag.py:500} INFO - Filling up the DagBag from /home/airflow/.local/lib/python3.6/site-packages/airflow/example_dags/example_branch_python_dop_operator_3.py
[2025-12-10 18:34:27,880] {processor.py:654} INFO - DAG(s) dict_keys(['example_branch_dop_operator_v3']) retrieved from /home/airflow/.local/lib/python3.6/site-packages/airflow/example_dags/example_branch_python_dop_operator_3.py
[2025-12-10 18:34:27,888] {logging_mixin.py:109} INFO - [2025-12-10 18:34:27,888] {dag.py:2396} INFO - Sync 1 DAGs
[2025-12-10 18:34:27,904] {logging_mixin.py:109} INFO - [2025-12-10 18:34:27,904] {dag.py:2935} INFO - Setting next_dagrun for example_branch_dop_operator_v3 to 2025-12-10T18:33:00+00:00
[2025-12-10 18:34:27,912] {processor.py:171} INFO - Processing /home/airflow/.local/lib/python3.6/site-packages/airflow/example_dags/example_branch_python_dop_operator_3.py took 0.073 seconds
[2025-12-10 18:34:58,192] {processor.py:163} INFO - Started process (PID=1446) to work on /home/airflow/.local/lib/python3.6/site-packages/airflow/example_dags/example_branch_python_dop_operator_3.py
[2025-12-10 18:34:58,193] {processor.py:642} INFO - Processing file /home/airflow/.local/lib/python3.6/site-packages/airflow/example_dags/example_branch_python_dop_operator_3.py for tasks to queue
[2025-12-10 18:34:58,193] {logging_mixin.py:109} INFO - [2025-12-10 18:34:58,193] {dagbag.py:500} INFO - Filling up the DagBag from /home/airflow/.local/lib/python3.6/site-packages/airflow/example_dags/example_branch_python_dop_operator_3.py
[2025-12-10 18:34:58,220] {processor.py:654} INFO - DAG(s) dict_keys(['example_branch_dop_operator_v3']) retrieved from /home/airflow/.local/lib/python3.6/site-packages/airflow/example_dags/example_branch_python_dop_operator_3.py
[2025-12-10 18:34:58,229] {logging_mixin.py:109} INFO - [2025-12-10 18:34:58,229] {dag.py:2396} INFO - Sync 1 DAGs
[2025-12-10 18:34:58,245] {logging_mixin.py:109} INFO - [2025-12-10 18:34:58,245] {dag.py:2935} INFO - Setting next_dagrun for example_branch_dop_operator_v3 to 2025-12-10T18:33:00+00:00
[2025-12-10 18:34:58,253] {processor.py:171} INFO - Processing /home/airflow/.local/lib/python3.6/site-packages/airflow/example_dags/example_branch_python_dop_operator_3.py took 0.064 seconds
[2025-12-10 18:35:28,332] {processor.py:163} INFO - Started process (PID=1508) to work on /home/airflow/.local/lib/python3.6/site-packages/airflow/example_dags/example_branch_python_dop_operator_3.py
[2025-12-10 18:35:28,334] {processor.py:642} INFO - Processing file /home/airflow/.local/lib/python3.6/site-packages/airflow/example_dags/example_branch_python_dop_operator_3.py for tasks to queue
[2025-12-10 18:35:28,334] {logging_mixin.py:109} INFO - [2025-12-10 18:35:28,334] {dagbag.py:500} INFO - Filling up the DagBag from /home/airflow/.local/lib/python3.6/site-packages/airflow/example_dags/example_branch_python_dop_operator_3.py
[2025-12-10 18:35:28,364] {processor.py:654} INFO - DAG(s) dict_keys(['example_branch_dop_operator_v3']) retrieved from /home/airflow/.local/lib/python3.6/site-packages/airflow/example_dags/example_branch_python_dop_operator_3.py
[2025-12-10 18:35:28,372] {logging_mixin.py:109} INFO - [2025-12-10 18:35:28,372] {dag.py:2396} INFO - Sync 1 DAGs
[2025-12-10 18:35:28,390] {logging_mixin.py:109} INFO - [2025-12-10 18:35:28,390] {dag.py:2935} INFO - Setting next_dagrun for example_branch_dop_operator_v3 to 2025-12-10T18:34:00+00:00
[2025-12-10 18:35:28,398] {processor.py:171} INFO - Processing /home/airflow/.local/lib/python3.6/site-packages/airflow/example_dags/example_branch_python_dop_operator_3.py took 0.069 seconds
[2025-12-10 18:35:58,764] {processor.py:163} INFO - Started process (PID=1560) to work on /home/airflow/.local/lib/python3.6/site-packages/airflow/example_dags/example_branch_python_dop_operator_3.py
[2025-12-10 18:35:58,765] {processor.py:642} INFO - Processing file /home/airflow/.local/lib/python3.6/site-packages/airflow/example_dags/example_branch_python_dop_operator_3.py for tasks to queue
[2025-12-10 18:35:58,765] {logging_mixin.py:109} INFO - [2025-12-10 18:35:58,765] {dagbag.py:500} INFO - Filling up the DagBag from /home/airflow/.local/lib/python3.6/site-packages/airflow/example_dags/example_branch_python_dop_operator_3.py
[2025-12-10 18:35:58,794] {processor.py:654} INFO - DAG(s) dict_keys(['example_branch_dop_operator_v3']) retrieved from /home/airflow/.local/lib/python3.6/site-packages/airflow/example_dags/example_branch_python_dop_operator_3.py
[2025-12-10 18:35:58,807] {logging_mixin.py:109} INFO - [2025-12-10 18:35:58,807] {dag.py:2396} INFO - Sync 1 DAGs
[2025-12-10 18:35:58,827] {logging_mixin.py:109} INFO - [2025-12-10 18:35:58,827] {dag.py:2935} INFO - Setting next_dagrun for example_branch_dop_operator_v3 to 2025-12-10T18:34:00+00:00
[2025-12-10 18:35:58,835] {processor.py:171} INFO - Processing /home/airflow/.local/lib/python3.6/site-packages/airflow/example_dags/example_branch_python_dop_operator_3.py took 0.074 seconds
[2025-12-10 18:36:29,462] {processor.py:163} INFO - Started process (PID=1622) to work on /home/airflow/.local/lib/python3.6/site-packages/airflow/example_dags/example_branch_python_dop_operator_3.py
[2025-12-10 18:36:29,473] {processor.py:642} INFO - Processing file /home/airflow/.local/lib/python3.6/site-packages/airflow/example_dags/example_branch_python_dop_operator_3.py for tasks to queue
[2025-12-10 18:36:29,474] {logging_mixin.py:109} INFO - [2025-12-10 18:36:29,474] {dagbag.py:500} INFO - Filling up the DagBag from /home/airflow/.local/lib/python3.6/site-packages/airflow/example_dags/example_branch_python_dop_operator_3.py
[2025-12-10 18:36:29,501] {processor.py:654} INFO - DAG(s) dict_keys(['example_branch_dop_operator_v3']) retrieved from /home/airflow/.local/lib/python3.6/site-packages/airflow/example_dags/example_branch_python_dop_operator_3.py
[2025-12-10 18:36:29,510] {logging_mixin.py:109} INFO - [2025-12-10 18:36:29,510] {dag.py:2396} INFO - Sync 1 DAGs
[2025-12-10 18:36:29,526] {logging_mixin.py:109} INFO - [2025-12-10 18:36:29,525] {dag.py:2935} INFO - Setting next_dagrun for example_branch_dop_operator_v3 to 2025-12-10T18:35:00+00:00
[2025-12-10 18:36:29,534] {processor.py:171} INFO - Processing /home/airflow/.local/lib/python3.6/site-packages/airflow/example_dags/example_branch_python_dop_operator_3.py took 0.075 seconds
[2025-12-10 18:36:59,982] {processor.py:163} INFO - Started process (PID=1674) to work on /home/airflow/.local/lib/python3.6/site-packages/airflow/example_dags/example_branch_python_dop_operator_3.py
[2025-12-10 18:36:59,983] {processor.py:642} INFO - Processing file /home/airflow/.local/lib/python3.6/site-packages/airflow/example_dags/example_branch_python_dop_operator_3.py for tasks to queue
[2025-12-10 18:36:59,983] {logging_mixin.py:109} INFO - [2025-12-10 18:36:59,983] {dagbag.py:500} INFO - Filling up the DagBag from /home/airflow/.local/lib/python3.6/site-packages/airflow/example_dags/example_branch_python_dop_operator_3.py
[2025-12-10 18:37:00,012] {processor.py:654} INFO - DAG(s) dict_keys(['example_branch_dop_operator_v3']) retrieved from /home/airflow/.local/lib/python3.6/site-packages/airflow/example_dags/example_branch_python_dop_operator_3.py
[2025-12-10 18:37:00,021] {logging_mixin.py:109} INFO - [2025-12-10 18:37:00,021] {dag.py:2396} INFO - Sync 1 DAGs
[2025-12-10 18:37:00,037] {logging_mixin.py:109} INFO - [2025-12-10 18:37:00,037] {dag.py:2935} INFO - Setting next_dagrun for example_branch_dop_operator_v3 to 2025-12-10T18:36:00+00:00
[2025-12-10 18:37:00,044] {processor.py:171} INFO - Processing /home/airflow/.local/lib/python3.6/site-packages/airflow/example_dags/example_branch_python_dop_operator_3.py took 0.066 seconds
[2025-12-10 18:37:30,435] {processor.py:163} INFO - Started process (PID=1736) to work on /home/airflow/.local/lib/python3.6/site-packages/airflow/example_dags/example_branch_python_dop_operator_3.py
[2025-12-10 18:37:30,436] {processor.py:642} INFO - Processing file /home/airflow/.local/lib/python3.6/site-packages/airflow/example_dags/example_branch_python_dop_operator_3.py for tasks to queue
[2025-12-10 18:37:30,437] {logging_mixin.py:109} INFO - [2025-12-10 18:37:30,437] {dagbag.py:500} INFO - Filling up the DagBag from /home/airflow/.local/lib/python3.6/site-packages/airflow/example_dags/example_branch_python_dop_operator_3.py
[2025-12-10 18:37:30,465] {processor.py:654} INFO - DAG(s) dict_keys(['example_branch_dop_operator_v3']) retrieved from /home/airflow/.local/lib/python3.6/site-packages/airflow/example_dags/example_branch_python_dop_operator_3.py
[2025-12-10 18:37:30,473] {logging_mixin.py:109} INFO - [2025-12-10 18:37:30,473] {dag.py:2396} INFO - Sync 1 DAGs
[2025-12-10 18:37:30,489] {logging_mixin.py:109} INFO - [2025-12-10 18:37:30,489] {dag.py:2935} INFO - Setting next_dagrun for example_branch_dop_operator_v3 to 2025-12-10T18:36:00+00:00
[2025-12-10 18:37:30,497] {processor.py:171} INFO - Processing /home/airflow/.local/lib/python3.6/site-packages/airflow/example_dags/example_branch_python_dop_operator_3.py took 0.066 seconds
[2025-12-10 18:38:00,707] {processor.py:163} INFO - Started process (PID=1798) to work on /home/airflow/.local/lib/python3.6/site-packages/airflow/example_dags/example_branch_python_dop_operator_3.py
[2025-12-10 18:38:00,708] {processor.py:642} INFO - Processing file /home/airflow/.local/lib/python3.6/site-packages/airflow/example_dags/example_branch_python_dop_operator_3.py for tasks to queue
[2025-12-10 18:38:00,708] {logging_mixin.py:109} INFO - [2025-12-10 18:38:00,708] {dagbag.py:500} INFO - Filling up the DagBag from /home/airflow/.local/lib/python3.6/site-packages/airflow/example_dags/example_branch_python_dop_operator_3.py
[2025-12-10 18:38:00,737] {processor.py:654} INFO - DAG(s) dict_keys(['example_branch_dop_operator_v3']) retrieved from /home/airflow/.local/lib/python3.6/site-packages/airflow/example_dags/example_branch_python_dop_operator_3.py
[2025-12-10 18:38:00,747] {logging_mixin.py:109} INFO - [2025-12-10 18:38:00,746] {dag.py:2396} INFO - Sync 1 DAGs
[2025-12-10 18:38:00,764] {logging_mixin.py:109} INFO - [2025-12-10 18:38:00,764] {dag.py:2935} INFO - Setting next_dagrun for example_branch_dop_operator_v3 to 2025-12-10T18:37:00+00:00
[2025-12-10 18:38:00,772] {processor.py:171} INFO - Processing /home/airflow/.local/lib/python3.6/site-packages/airflow/example_dags/example_branch_python_dop_operator_3.py took 0.068 seconds
[2025-12-10 18:38:31,020] {processor.py:163} INFO - Started process (PID=1850) to work on /home/airflow/.local/lib/python3.6/site-packages/airflow/example_dags/example_branch_python_dop_operator_3.py
[2025-12-10 18:38:31,021] {processor.py:642} INFO - Processing file /home/airflow/.local/lib/python3.6/site-packages/airflow/example_dags/example_branch_python_dop_operator_3.py for tasks to queue
[2025-12-10 18:38:31,022] {logging_mixin.py:109} INFO - [2025-12-10 18:38:31,022] {dagbag.py:500} INFO - Filling up the DagBag from /home/airflow/.local/lib/python3.6/site-packages/airflow/example_dags/example_branch_python_dop_operator_3.py
[2025-12-10 18:38:31,051] {processor.py:654} INFO - DAG(s) dict_keys(['example_branch_dop_operator_v3']) retrieved from /home/airflow/.local/lib/python3.6/site-packages/airflow/example_dags/example_branch_python_dop_operator_3.py
[2025-12-10 18:38:31,059] {logging_mixin.py:109} INFO - [2025-12-10 18:38:31,059] {dag.py:2396} INFO - Sync 1 DAGs
[2025-12-10 18:38:31,077] {logging_mixin.py:109} INFO - [2025-12-10 18:38:31,077] {dag.py:2935} INFO - Setting next_dagrun for example_branch_dop_operator_v3 to 2025-12-10T18:37:00+00:00
[2025-12-10 18:38:31,085] {processor.py:171} INFO - Processing /home/airflow/.local/lib/python3.6/site-packages/airflow/example_dags/example_branch_python_dop_operator_3.py took 0.068 seconds
[2025-12-10 18:39:01,443] {processor.py:163} INFO - Started process (PID=1912) to work on /home/airflow/.local/lib/python3.6/site-packages/airflow/example_dags/example_branch_python_dop_operator_3.py
[2025-12-10 18:39:01,444] {processor.py:642} INFO - Processing file /home/airflow/.local/lib/python3.6/site-packages/airflow/example_dags/example_branch_python_dop_operator_3.py for tasks to queue
[2025-12-10 18:39:01,445] {logging_mixin.py:109} INFO - [2025-12-10 18:39:01,445] {dagbag.py:500} INFO - Filling up the DagBag from /home/airflow/.local/lib/python3.6/site-packages/airflow/example_dags/example_branch_python_dop_operator_3.py
[2025-12-10 18:39:01,476] {processor.py:654} INFO - DAG(s) dict_keys(['example_branch_dop_operator_v3']) retrieved from /home/airflow/.local/lib/python3.6/site-packages/airflow/example_dags/example_branch_python_dop_operator_3.py
[2025-12-10 18:39:01,486] {logging_mixin.py:109} INFO - [2025-12-10 18:39:01,486] {dag.py:2396} INFO - Sync 1 DAGs
[2025-12-10 18:39:01,505] {logging_mixin.py:109} INFO - [2025-12-10 18:39:01,505] {dag.py:2935} INFO - Setting next_dagrun for example_branch_dop_operator_v3 to 2025-12-10T18:38:00+00:00
[2025-12-10 18:39:01,513] {processor.py:171} INFO - Processing /home/airflow/.local/lib/python3.6/site-packages/airflow/example_dags/example_branch_python_dop_operator_3.py took 0.073 seconds
[2025-12-10 18:39:31,968] {processor.py:163} INFO - Started process (PID=1964) to work on /home/airflow/.local/lib/python3.6/site-packages/airflow/example_dags/example_branch_python_dop_operator_3.py
[2025-12-10 18:39:31,979] {processor.py:642} INFO - Processing file /home/airflow/.local/lib/python3.6/site-packages/airflow/example_dags/example_branch_python_dop_operator_3.py for tasks to queue
[2025-12-10 18:39:31,980] {logging_mixin.py:109} INFO - [2025-12-10 18:39:31,980] {dagbag.py:500} INFO - Filling up the DagBag from /home/airflow/.local/lib/python3.6/site-packages/airflow/example_dags/example_branch_python_dop_operator_3.py
[2025-12-10 18:39:32,011] {processor.py:654} INFO - DAG(s) dict_keys(['example_branch_dop_operator_v3']) retrieved from /home/airflow/.local/lib/python3.6/site-packages/airflow/example_dags/example_branch_python_dop_operator_3.py
[2025-12-10 18:39:32,020] {logging_mixin.py:109} INFO - [2025-12-10 18:39:32,020] {dag.py:2396} INFO - Sync 1 DAGs
[2025-12-10 18:39:32,038] {logging_mixin.py:109} INFO - [2025-12-10 18:39:32,038] {dag.py:2935} INFO - Setting next_dagrun for example_branch_dop_operator_v3 to 2025-12-10T18:38:00+00:00
[2025-12-10 18:39:32,046] {processor.py:171} INFO - Processing /home/airflow/.local/lib/python3.6/site-packages/airflow/example_dags/example_branch_python_dop_operator_3.py took 0.082 seconds
[2025-12-10 18:40:02,477] {processor.py:163} INFO - Started process (PID=2029) to work on /home/airflow/.local/lib/python3.6/site-packages/airflow/example_dags/example_branch_python_dop_operator_3.py
[2025-12-10 18:40:02,478] {processor.py:642} INFO - Processing file /home/airflow/.local/lib/python3.6/site-packages/airflow/example_dags/example_branch_python_dop_operator_3.py for tasks to queue
[2025-12-10 18:40:02,479] {logging_mixin.py:109} INFO - [2025-12-10 18:40:02,479] {dagbag.py:500} INFO - Filling up the DagBag from /home/airflow/.local/lib/python3.6/site-packages/airflow/example_dags/example_branch_python_dop_operator_3.py
[2025-12-10 18:40:02,509] {processor.py:654} INFO - DAG(s) dict_keys(['example_branch_dop_operator_v3']) retrieved from /home/airflow/.local/lib/python3.6/site-packages/airflow/example_dags/example_branch_python_dop_operator_3.py
[2025-12-10 18:40:02,520] {logging_mixin.py:109} INFO - [2025-12-10 18:40:02,520] {dag.py:2396} INFO - Sync 1 DAGs
[2025-12-10 18:40:02,538] {logging_mixin.py:109} INFO - [2025-12-10 18:40:02,538] {dag.py:2935} INFO - Setting next_dagrun for example_branch_dop_operator_v3 to 2025-12-10T18:39:00+00:00
[2025-12-10 18:40:02,547] {processor.py:171} INFO - Processing /home/airflow/.local/lib/python3.6/site-packages/airflow/example_dags/example_branch_python_dop_operator_3.py took 0.074 seconds
[2025-12-10 18:40:32,722] {processor.py:163} INFO - Started process (PID=2081) to work on /home/airflow/.local/lib/python3.6/site-packages/airflow/example_dags/example_branch_python_dop_operator_3.py
[2025-12-10 18:40:32,733] {processor.py:642} INFO - Processing file /home/airflow/.local/lib/python3.6/site-packages/airflow/example_dags/example_branch_python_dop_operator_3.py for tasks to queue
[2025-12-10 18:40:32,733] {logging_mixin.py:109} INFO - [2025-12-10 18:40:32,733] {dagbag.py:500} INFO - Filling up the DagBag from /home/airflow/.local/lib/python3.6/site-packages/airflow/example_dags/example_branch_python_dop_operator_3.py
[2025-12-10 18:40:32,762] {processor.py:654} INFO - DAG(s) dict_keys(['example_branch_dop_operator_v3']) retrieved from /home/airflow/.local/lib/python3.6/site-packages/airflow/example_dags/example_branch_python_dop_operator_3.py
[2025-12-10 18:40:32,772] {logging_mixin.py:109} INFO - [2025-12-10 18:40:32,771] {dag.py:2396} INFO - Sync 1 DAGs
[2025-12-10 18:40:32,788] {logging_mixin.py:109} INFO - [2025-12-10 18:40:32,788] {dag.py:2935} INFO - Setting next_dagrun for example_branch_dop_operator_v3 to 2025-12-10T18:39:00+00:00
[2025-12-10 18:40:32,796] {processor.py:171} INFO - Processing /home/airflow/.local/lib/python3.6/site-packages/airflow/example_dags/example_branch_python_dop_operator_3.py took 0.077 seconds
[2025-12-10 18:41:03,155] {processor.py:163} INFO - Started process (PID=2143) to work on /home/airflow/.local/lib/python3.6/site-packages/airflow/example_dags/example_branch_python_dop_operator_3.py
[2025-12-10 18:41:03,166] {processor.py:642} INFO - Processing file /home/airflow/.local/lib/python3.6/site-packages/airflow/example_dags/example_branch_python_dop_operator_3.py for tasks to queue
[2025-12-10 18:41:03,167] {logging_mixin.py:109} INFO - [2025-12-10 18:41:03,167] {dagbag.py:500} INFO - Filling up the DagBag from /home/airflow/.local/lib/python3.6/site-packages/airflow/example_dags/example_branch_python_dop_operator_3.py
[2025-12-10 18:41:03,200] {processor.py:654} INFO - DAG(s) dict_keys(['example_branch_dop_operator_v3']) retrieved from /home/airflow/.local/lib/python3.6/site-packages/airflow/example_dags/example_branch_python_dop_operator_3.py
[2025-12-10 18:41:03,211] {logging_mixin.py:109} INFO - [2025-12-10 18:41:03,211] {dag.py:2396} INFO - Sync 1 DAGs
[2025-12-10 18:41:03,233] {logging_mixin.py:109} INFO - [2025-12-10 18:41:03,233] {dag.py:2935} INFO - Setting next_dagrun for example_branch_dop_operator_v3 to 2025-12-10T18:40:00+00:00
[2025-12-10 18:41:03,255] {processor.py:171} INFO - Processing /home/airflow/.local/lib/python3.6/site-packages/airflow/example_dags/example_branch_python_dop_operator_3.py took 0.104 seconds
[2025-12-10 18:41:33,641] {processor.py:163} INFO - Started process (PID=2205) to work on /home/airflow/.local/lib/python3.6/site-packages/airflow/example_dags/example_branch_python_dop_operator_3.py
[2025-12-10 18:41:33,652] {processor.py:642} INFO - Processing file /home/airflow/.local/lib/python3.6/site-packages/airflow/example_dags/example_branch_python_dop_operator_3.py for tasks to queue
[2025-12-10 18:41:33,653] {logging_mixin.py:109} INFO - [2025-12-10 18:41:33,652] {dagbag.py:500} INFO - Filling up the DagBag from /home/airflow/.local/lib/python3.6/site-packages/airflow/example_dags/example_branch_python_dop_operator_3.py
[2025-12-10 18:41:33,682] {processor.py:654} INFO - DAG(s) dict_keys(['example_branch_dop_operator_v3']) retrieved from /home/airflow/.local/lib/python3.6/site-packages/airflow/example_dags/example_branch_python_dop_operator_3.py
[2025-12-10 18:41:33,693] {logging_mixin.py:109} INFO - [2025-12-10 18:41:33,693] {dag.py:2396} INFO - Sync 1 DAGs
[2025-12-10 18:41:33,712] {logging_mixin.py:109} INFO - [2025-12-10 18:41:33,712] {dag.py:2935} INFO - Setting next_dagrun for example_branch_dop_operator_v3 to 2025-12-10T18:40:00+00:00
[2025-12-10 18:41:33,721] {processor.py:171} INFO - Processing /home/airflow/.local/lib/python3.6/site-packages/airflow/example_dags/example_branch_python_dop_operator_3.py took 0.083 seconds
[2025-12-10 18:42:03,753] {processor.py:163} INFO - Started process (PID=2257) to work on /home/airflow/.local/lib/python3.6/site-packages/airflow/example_dags/example_branch_python_dop_operator_3.py
[2025-12-10 18:42:03,754] {processor.py:642} INFO - Processing file /home/airflow/.local/lib/python3.6/site-packages/airflow/example_dags/example_branch_python_dop_operator_3.py for tasks to queue
[2025-12-10 18:42:03,754] {logging_mixin.py:109} INFO - [2025-12-10 18:42:03,754] {dagbag.py:500} INFO - Filling up the DagBag from /home/airflow/.local/lib/python3.6/site-packages/airflow/example_dags/example_branch_python_dop_operator_3.py
[2025-12-10 18:42:03,787] {processor.py:654} INFO - DAG(s) dict_keys(['example_branch_dop_operator_v3']) retrieved from /home/airflow/.local/lib/python3.6/site-packages/airflow/example_dags/example_branch_python_dop_operator_3.py
[2025-12-10 18:42:03,797] {logging_mixin.py:109} INFO - [2025-12-10 18:42:03,797] {dag.py:2396} INFO - Sync 1 DAGs
[2025-12-10 18:42:03,817] {logging_mixin.py:109} INFO - [2025-12-10 18:42:03,817] {dag.py:2935} INFO - Setting next_dagrun for example_branch_dop_operator_v3 to 2025-12-10T18:41:00+00:00
[2025-12-10 18:42:03,825] {processor.py:171} INFO - Processing /home/airflow/.local/lib/python3.6/site-packages/airflow/example_dags/example_branch_python_dop_operator_3.py took 0.076 seconds
[2025-12-10 18:42:34,397] {processor.py:163} INFO - Started process (PID=2319) to work on /home/airflow/.local/lib/python3.6/site-packages/airflow/example_dags/example_branch_python_dop_operator_3.py
[2025-12-10 18:42:34,408] {processor.py:642} INFO - Processing file /home/airflow/.local/lib/python3.6/site-packages/airflow/example_dags/example_branch_python_dop_operator_3.py for tasks to queue
[2025-12-10 18:42:34,409] {logging_mixin.py:109} INFO - [2025-12-10 18:42:34,409] {dagbag.py:500} INFO - Filling up the DagBag from /home/airflow/.local/lib/python3.6/site-packages/airflow/example_dags/example_branch_python_dop_operator_3.py
[2025-12-10 18:42:34,445] {processor.py:654} INFO - DAG(s) dict_keys(['example_branch_dop_operator_v3']) retrieved from /home/airflow/.local/lib/python3.6/site-packages/airflow/example_dags/example_branch_python_dop_operator_3.py
[2025-12-10 18:42:34,456] {logging_mixin.py:109} INFO - [2025-12-10 18:42:34,456] {dag.py:2396} INFO - Sync 1 DAGs
[2025-12-10 18:42:34,477] {logging_mixin.py:109} INFO - [2025-12-10 18:42:34,477] {dag.py:2935} INFO - Setting next_dagrun for example_branch_dop_operator_v3 to 2025-12-10T18:41:00+00:00
[2025-12-10 18:42:34,494] {processor.py:171} INFO - Processing /home/airflow/.local/lib/python3.6/site-packages/airflow/example_dags/example_branch_python_dop_operator_3.py took 0.100 seconds
[2025-12-10 18:43:04,795] {processor.py:163} INFO - Started process (PID=2371) to work on /home/airflow/.local/lib/python3.6/site-packages/airflow/example_dags/example_branch_python_dop_operator_3.py
[2025-12-10 18:43:04,796] {processor.py:642} INFO - Processing file /home/airflow/.local/lib/python3.6/site-packages/airflow/example_dags/example_branch_python_dop_operator_3.py for tasks to queue
[2025-12-10 18:43:04,796] {logging_mixin.py:109} INFO - [2025-12-10 18:43:04,796] {dagbag.py:500} INFO - Filling up the DagBag from /home/airflow/.local/lib/python3.6/site-packages/airflow/example_dags/example_branch_python_dop_operator_3.py
[2025-12-10 18:43:04,833] {processor.py:654} INFO - DAG(s) dict_keys(['example_branch_dop_operator_v3']) retrieved from /home/airflow/.local/lib/python3.6/site-packages/airflow/example_dags/example_branch_python_dop_operator_3.py
[2025-12-10 18:43:04,844] {logging_mixin.py:109} INFO - [2025-12-10 18:43:04,844] {dag.py:2396} INFO - Sync 1 DAGs
[2025-12-10 18:43:04,864] {logging_mixin.py:109} INFO - [2025-12-10 18:43:04,864] {dag.py:2935} INFO - Setting next_dagrun for example_branch_dop_operator_v3 to 2025-12-10T18:42:00+00:00
[2025-12-10 18:43:04,872] {processor.py:171} INFO - Processing /home/airflow/.local/lib/python3.6/site-packages/airflow/example_dags/example_branch_python_dop_operator_3.py took 0.081 seconds
[2025-12-10 18:43:35,479] {processor.py:163} INFO - Started process (PID=2433) to work on /home/airflow/.local/lib/python3.6/site-packages/airflow/example_dags/example_branch_python_dop_operator_3.py
[2025-12-10 18:43:35,480] {processor.py:642} INFO - Processing file /home/airflow/.local/lib/python3.6/site-packages/airflow/example_dags/example_branch_python_dop_operator_3.py for tasks to queue
[2025-12-10 18:43:35,480] {logging_mixin.py:109} INFO - [2025-12-10 18:43:35,480] {dagbag.py:500} INFO - Filling up the DagBag from /home/airflow/.local/lib/python3.6/site-packages/airflow/example_dags/example_branch_python_dop_operator_3.py
[2025-12-10 18:43:35,517] {processor.py:654} INFO - DAG(s) dict_keys(['example_branch_dop_operator_v3']) retrieved from /home/airflow/.local/lib/python3.6/site-packages/airflow/example_dags/example_branch_python_dop_operator_3.py
[2025-12-10 18:43:35,526] {logging_mixin.py:109} INFO - [2025-12-10 18:43:35,526] {dag.py:2396} INFO - Sync 1 DAGs
[2025-12-10 18:43:35,546] {logging_mixin.py:109} INFO - [2025-12-10 18:43:35,546] {dag.py:2935} INFO - Setting next_dagrun for example_branch_dop_operator_v3 to 2025-12-10T18:42:00+00:00
[2025-12-10 18:43:35,556] {processor.py:171} INFO - Processing /home/airflow/.local/lib/python3.6/site-packages/airflow/example_dags/example_branch_python_dop_operator_3.py took 0.081 seconds
[2025-12-10 18:44:05,809] {processor.py:163} INFO - Started process (PID=2485) to work on /home/airflow/.local/lib/python3.6/site-packages/airflow/example_dags/example_branch_python_dop_operator_3.py
[2025-12-10 18:44:05,811] {processor.py:642} INFO - Processing file /home/airflow/.local/lib/python3.6/site-packages/airflow/example_dags/example_branch_python_dop_operator_3.py for tasks to queue
[2025-12-10 18:44:05,811] {logging_mixin.py:109} INFO - [2025-12-10 18:44:05,811] {dagbag.py:500} INFO - Filling up the DagBag from /home/airflow/.local/lib/python3.6/site-packages/airflow/example_dags/example_branch_python_dop_operator_3.py
[2025-12-10 18:44:05,840] {processor.py:654} INFO - DAG(s) dict_keys(['example_branch_dop_operator_v3']) retrieved from /home/airflow/.local/lib/python3.6/site-packages/airflow/example_dags/example_branch_python_dop_operator_3.py
[2025-12-10 18:44:05,848] {logging_mixin.py:109} INFO - [2025-12-10 18:44:05,848] {dag.py:2396} INFO - Sync 1 DAGs
[2025-12-10 18:44:05,866] {logging_mixin.py:109} INFO - [2025-12-10 18:44:05,866] {dag.py:2935} INFO - Setting next_dagrun for example_branch_dop_operator_v3 to 2025-12-10T18:43:00+00:00
[2025-12-10 18:44:05,874] {processor.py:171} INFO - Processing /home/airflow/.local/lib/python3.6/site-packages/airflow/example_dags/example_branch_python_dop_operator_3.py took 0.068 seconds
[2025-12-10 18:46:28,346] {processor.py:163} INFO - Started process (PID=43) to work on /home/airflow/.local/lib/python3.6/site-packages/airflow/example_dags/example_branch_python_dop_operator_3.py
[2025-12-10 18:46:28,351] {processor.py:642} INFO - Processing file /home/airflow/.local/lib/python3.6/site-packages/airflow/example_dags/example_branch_python_dop_operator_3.py for tasks to queue
[2025-12-10 18:46:28,353] {logging_mixin.py:109} INFO - [2025-12-10 18:46:28,352] {dagbag.py:500} INFO - Filling up the DagBag from /home/airflow/.local/lib/python3.6/site-packages/airflow/example_dags/example_branch_python_dop_operator_3.py
[2025-12-10 18:46:28,415] {processor.py:654} INFO - DAG(s) dict_keys(['example_branch_dop_operator_v3']) retrieved from /home/airflow/.local/lib/python3.6/site-packages/airflow/example_dags/example_branch_python_dop_operator_3.py
[2025-12-10 18:46:28,435] {logging_mixin.py:109} INFO - [2025-12-10 18:46:28,435] {dag.py:2396} INFO - Sync 1 DAGs
[2025-12-10 18:46:28,475] {logging_mixin.py:109} INFO - [2025-12-10 18:46:28,475] {dag.py:2935} INFO - Setting next_dagrun for example_branch_dop_operator_v3 to 2025-12-10T18:45:00+00:00
[2025-12-10 18:46:28,490] {processor.py:171} INFO - Processing /home/airflow/.local/lib/python3.6/site-packages/airflow/example_dags/example_branch_python_dop_operator_3.py took 0.152 seconds
[2025-12-10 18:46:59,287] {processor.py:163} INFO - Started process (PID=95) to work on /home/airflow/.local/lib/python3.6/site-packages/airflow/example_dags/example_branch_python_dop_operator_3.py
[2025-12-10 18:46:59,289] {processor.py:642} INFO - Processing file /home/airflow/.local/lib/python3.6/site-packages/airflow/example_dags/example_branch_python_dop_operator_3.py for tasks to queue
[2025-12-10 18:46:59,291] {logging_mixin.py:109} INFO - [2025-12-10 18:46:59,290] {dagbag.py:500} INFO - Filling up the DagBag from /home/airflow/.local/lib/python3.6/site-packages/airflow/example_dags/example_branch_python_dop_operator_3.py
[2025-12-10 18:46:59,343] {processor.py:654} INFO - DAG(s) dict_keys(['example_branch_dop_operator_v3']) retrieved from /home/airflow/.local/lib/python3.6/site-packages/airflow/example_dags/example_branch_python_dop_operator_3.py
[2025-12-10 18:46:59,361] {logging_mixin.py:109} INFO - [2025-12-10 18:46:59,361] {dag.py:2396} INFO - Sync 1 DAGs
[2025-12-10 18:46:59,397] {logging_mixin.py:109} INFO - [2025-12-10 18:46:59,397] {dag.py:2935} INFO - Setting next_dagrun for example_branch_dop_operator_v3 to 2025-12-10T18:45:00+00:00
[2025-12-10 18:46:59,422] {processor.py:171} INFO - Processing /home/airflow/.local/lib/python3.6/site-packages/airflow/example_dags/example_branch_python_dop_operator_3.py took 0.141 seconds
[2025-12-10 18:47:30,101] {processor.py:163} INFO - Started process (PID=148) to work on /home/airflow/.local/lib/python3.6/site-packages/airflow/example_dags/example_branch_python_dop_operator_3.py
[2025-12-10 18:47:30,103] {processor.py:642} INFO - Processing file /home/airflow/.local/lib/python3.6/site-packages/airflow/example_dags/example_branch_python_dop_operator_3.py for tasks to queue
[2025-12-10 18:47:30,103] {logging_mixin.py:109} INFO - [2025-12-10 18:47:30,103] {dagbag.py:500} INFO - Filling up the DagBag from /home/airflow/.local/lib/python3.6/site-packages/airflow/example_dags/example_branch_python_dop_operator_3.py
[2025-12-10 18:47:30,154] {processor.py:654} INFO - DAG(s) dict_keys(['example_branch_dop_operator_v3']) retrieved from /home/airflow/.local/lib/python3.6/site-packages/airflow/example_dags/example_branch_python_dop_operator_3.py
[2025-12-10 18:47:30,173] {logging_mixin.py:109} INFO - [2025-12-10 18:47:30,173] {dag.py:2396} INFO - Sync 1 DAGs
[2025-12-10 18:47:30,213] {logging_mixin.py:109} INFO - [2025-12-10 18:47:30,212] {dag.py:2935} INFO - Setting next_dagrun for example_branch_dop_operator_v3 to 2025-12-10T18:46:00+00:00
[2025-12-10 18:47:30,224] {processor.py:171} INFO - Processing /home/airflow/.local/lib/python3.6/site-packages/airflow/example_dags/example_branch_python_dop_operator_3.py took 0.128 seconds
[2025-12-10 18:48:00,837] {processor.py:163} INFO - Started process (PID=210) to work on /home/airflow/.local/lib/python3.6/site-packages/airflow/example_dags/example_branch_python_dop_operator_3.py
[2025-12-10 18:48:00,848] {processor.py:642} INFO - Processing file /home/airflow/.local/lib/python3.6/site-packages/airflow/example_dags/example_branch_python_dop_operator_3.py for tasks to queue
[2025-12-10 18:48:00,849] {logging_mixin.py:109} INFO - [2025-12-10 18:48:00,849] {dagbag.py:500} INFO - Filling up the DagBag from /home/airflow/.local/lib/python3.6/site-packages/airflow/example_dags/example_branch_python_dop_operator_3.py
[2025-12-10 18:48:00,902] {processor.py:654} INFO - DAG(s) dict_keys(['example_branch_dop_operator_v3']) retrieved from /home/airflow/.local/lib/python3.6/site-packages/airflow/example_dags/example_branch_python_dop_operator_3.py
[2025-12-10 18:48:00,919] {logging_mixin.py:109} INFO - [2025-12-10 18:48:00,918] {dag.py:2396} INFO - Sync 1 DAGs
[2025-12-10 18:48:00,951] {logging_mixin.py:109} INFO - [2025-12-10 18:48:00,951] {dag.py:2935} INFO - Setting next_dagrun for example_branch_dop_operator_v3 to 2025-12-10T18:47:00+00:00
[2025-12-10 18:48:00,965] {processor.py:171} INFO - Processing /home/airflow/.local/lib/python3.6/site-packages/airflow/example_dags/example_branch_python_dop_operator_3.py took 0.132 seconds
[2025-12-10 18:48:31,824] {processor.py:163} INFO - Started process (PID=262) to work on /home/airflow/.local/lib/python3.6/site-packages/airflow/example_dags/example_branch_python_dop_operator_3.py
[2025-12-10 18:48:31,835] {processor.py:642} INFO - Processing file /home/airflow/.local/lib/python3.6/site-packages/airflow/example_dags/example_branch_python_dop_operator_3.py for tasks to queue
[2025-12-10 18:48:31,836] {logging_mixin.py:109} INFO - [2025-12-10 18:48:31,836] {dagbag.py:500} INFO - Filling up the DagBag from /home/airflow/.local/lib/python3.6/site-packages/airflow/example_dags/example_branch_python_dop_operator_3.py
[2025-12-10 18:48:31,869] {processor.py:654} INFO - DAG(s) dict_keys(['example_branch_dop_operator_v3']) retrieved from /home/airflow/.local/lib/python3.6/site-packages/airflow/example_dags/example_branch_python_dop_operator_3.py
[2025-12-10 18:48:31,880] {logging_mixin.py:109} INFO - [2025-12-10 18:48:31,880] {dag.py:2396} INFO - Sync 1 DAGs
[2025-12-10 18:48:31,901] {logging_mixin.py:109} INFO - [2025-12-10 18:48:31,901] {dag.py:2935} INFO - Setting next_dagrun for example_branch_dop_operator_v3 to 2025-12-10T18:47:00+00:00
[2025-12-10 18:48:31,910] {processor.py:171} INFO - Processing /home/airflow/.local/lib/python3.6/site-packages/airflow/example_dags/example_branch_python_dop_operator_3.py took 0.090 seconds
[2025-12-10 18:49:01,958] {processor.py:163} INFO - Started process (PID=325) to work on /home/airflow/.local/lib/python3.6/site-packages/airflow/example_dags/example_branch_python_dop_operator_3.py
[2025-12-10 18:49:01,969] {processor.py:642} INFO - Processing file /home/airflow/.local/lib/python3.6/site-packages/airflow/example_dags/example_branch_python_dop_operator_3.py for tasks to queue
[2025-12-10 18:49:01,970] {logging_mixin.py:109} INFO - [2025-12-10 18:49:01,970] {dagbag.py:500} INFO - Filling up the DagBag from /home/airflow/.local/lib/python3.6/site-packages/airflow/example_dags/example_branch_python_dop_operator_3.py
[2025-12-10 18:49:01,999] {processor.py:654} INFO - DAG(s) dict_keys(['example_branch_dop_operator_v3']) retrieved from /home/airflow/.local/lib/python3.6/site-packages/airflow/example_dags/example_branch_python_dop_operator_3.py
[2025-12-10 18:49:02,010] {logging_mixin.py:109} INFO - [2025-12-10 18:49:02,010] {dag.py:2396} INFO - Sync 1 DAGs
[2025-12-10 18:49:02,027] {logging_mixin.py:109} INFO - [2025-12-10 18:49:02,027] {dag.py:2935} INFO - Setting next_dagrun for example_branch_dop_operator_v3 to 2025-12-10T18:48:00+00:00
[2025-12-10 18:49:02,034] {processor.py:171} INFO - Processing /home/airflow/.local/lib/python3.6/site-packages/airflow/example_dags/example_branch_python_dop_operator_3.py took 0.079 seconds
[2025-12-10 18:49:32,487] {processor.py:163} INFO - Started process (PID=377) to work on /home/airflow/.local/lib/python3.6/site-packages/airflow/example_dags/example_branch_python_dop_operator_3.py
[2025-12-10 18:49:32,497] {processor.py:642} INFO - Processing file /home/airflow/.local/lib/python3.6/site-packages/airflow/example_dags/example_branch_python_dop_operator_3.py for tasks to queue
[2025-12-10 18:49:32,497] {logging_mixin.py:109} INFO - [2025-12-10 18:49:32,497] {dagbag.py:500} INFO - Filling up the DagBag from /home/airflow/.local/lib/python3.6/site-packages/airflow/example_dags/example_branch_python_dop_operator_3.py
[2025-12-10 18:49:32,523] {processor.py:654} INFO - DAG(s) dict_keys(['example_branch_dop_operator_v3']) retrieved from /home/airflow/.local/lib/python3.6/site-packages/airflow/example_dags/example_branch_python_dop_operator_3.py
[2025-12-10 18:49:32,531] {logging_mixin.py:109} INFO - [2025-12-10 18:49:32,531] {dag.py:2396} INFO - Sync 1 DAGs
[2025-12-10 18:49:32,546] {logging_mixin.py:109} INFO - [2025-12-10 18:49:32,546] {dag.py:2935} INFO - Setting next_dagrun for example_branch_dop_operator_v3 to 2025-12-10T18:48:00+00:00
[2025-12-10 18:49:32,553] {processor.py:171} INFO - Processing /home/airflow/.local/lib/python3.6/site-packages/airflow/example_dags/example_branch_python_dop_operator_3.py took 0.069 seconds
[2025-12-10 18:50:02,658] {processor.py:163} INFO - Started process (PID=439) to work on /home/airflow/.local/lib/python3.6/site-packages/airflow/example_dags/example_branch_python_dop_operator_3.py
[2025-12-10 18:50:02,668] {processor.py:642} INFO - Processing file /home/airflow/.local/lib/python3.6/site-packages/airflow/example_dags/example_branch_python_dop_operator_3.py for tasks to queue
[2025-12-10 18:50:02,669] {logging_mixin.py:109} INFO - [2025-12-10 18:50:02,669] {dagbag.py:500} INFO - Filling up the DagBag from /home/airflow/.local/lib/python3.6/site-packages/airflow/example_dags/example_branch_python_dop_operator_3.py
[2025-12-10 18:50:02,695] {processor.py:654} INFO - DAG(s) dict_keys(['example_branch_dop_operator_v3']) retrieved from /home/airflow/.local/lib/python3.6/site-packages/airflow/example_dags/example_branch_python_dop_operator_3.py
[2025-12-10 18:50:02,703] {logging_mixin.py:109} INFO - [2025-12-10 18:50:02,703] {dag.py:2396} INFO - Sync 1 DAGs
[2025-12-10 18:50:02,720] {logging_mixin.py:109} INFO - [2025-12-10 18:50:02,719] {dag.py:2935} INFO - Setting next_dagrun for example_branch_dop_operator_v3 to 2025-12-10T18:49:00+00:00
[2025-12-10 18:50:02,727] {processor.py:171} INFO - Processing /home/airflow/.local/lib/python3.6/site-packages/airflow/example_dags/example_branch_python_dop_operator_3.py took 0.073 seconds
[2025-12-10 18:51:08,076] {processor.py:163} INFO - Started process (PID=43) to work on /home/airflow/.local/lib/python3.6/site-packages/airflow/example_dags/example_branch_python_dop_operator_3.py
[2025-12-10 18:51:08,079] {processor.py:642} INFO - Processing file /home/airflow/.local/lib/python3.6/site-packages/airflow/example_dags/example_branch_python_dop_operator_3.py for tasks to queue
[2025-12-10 18:51:08,080] {logging_mixin.py:109} INFO - [2025-12-10 18:51:08,080] {dagbag.py:500} INFO - Filling up the DagBag from /home/airflow/.local/lib/python3.6/site-packages/airflow/example_dags/example_branch_python_dop_operator_3.py
[2025-12-10 18:51:08,142] {processor.py:654} INFO - DAG(s) dict_keys(['example_branch_dop_operator_v3']) retrieved from /home/airflow/.local/lib/python3.6/site-packages/airflow/example_dags/example_branch_python_dop_operator_3.py
[2025-12-10 18:51:14,168] {logging_mixin.py:109} INFO - [2025-12-10 18:51:14,167] {manager.py:496} INFO - Created Permission View: can read on DAG:example_branch_dop_operator_v3
[2025-12-10 18:51:14,184] {logging_mixin.py:109} INFO - [2025-12-10 18:51:14,184] {manager.py:496} INFO - Created Permission View: can edit on DAG:example_branch_dop_operator_v3
[2025-12-10 18:51:14,186] {logging_mixin.py:109} INFO - [2025-12-10 18:51:14,184] {dag.py:2396} INFO - Sync 1 DAGs
[2025-12-10 18:51:14,203] {logging_mixin.py:109} INFO - [2025-12-10 18:51:14,201] {dag.py:2415} INFO - Creating ORM DAG for example_branch_dop_operator_v3
[2025-12-10 18:51:14,223] {logging_mixin.py:109} INFO - [2025-12-10 18:51:14,222] {dag.py:2935} INFO - Setting next_dagrun for example_branch_dop_operator_v3 to 2025-12-10T18:50:00+00:00
[2025-12-10 18:51:14,240] {processor.py:171} INFO - Processing /home/airflow/.local/lib/python3.6/site-packages/airflow/example_dags/example_branch_python_dop_operator_3.py took 6.169 seconds
[2025-12-10 18:51:44,416] {processor.py:163} INFO - Started process (PID=465) to work on /home/airflow/.local/lib/python3.6/site-packages/airflow/example_dags/example_branch_python_dop_operator_3.py
[2025-12-10 18:51:44,427] {processor.py:642} INFO - Processing file /home/airflow/.local/lib/python3.6/site-packages/airflow/example_dags/example_branch_python_dop_operator_3.py for tasks to queue
[2025-12-10 18:51:44,427] {logging_mixin.py:109} INFO - [2025-12-10 18:51:44,427] {dagbag.py:500} INFO - Filling up the DagBag from /home/airflow/.local/lib/python3.6/site-packages/airflow/example_dags/example_branch_python_dop_operator_3.py
[2025-12-10 18:51:44,458] {processor.py:654} INFO - DAG(s) dict_keys(['example_branch_dop_operator_v3']) retrieved from /home/airflow/.local/lib/python3.6/site-packages/airflow/example_dags/example_branch_python_dop_operator_3.py
[2025-12-10 18:51:44,468] {logging_mixin.py:109} INFO - [2025-12-10 18:51:44,467] {dag.py:2396} INFO - Sync 1 DAGs
[2025-12-10 18:51:44,486] {logging_mixin.py:109} INFO - [2025-12-10 18:51:44,486] {dag.py:2935} INFO - Setting next_dagrun for example_branch_dop_operator_v3 to 2025-12-10T18:50:00+00:00
[2025-12-10 18:51:44,494] {processor.py:171} INFO - Processing /home/airflow/.local/lib/python3.6/site-packages/airflow/example_dags/example_branch_python_dop_operator_3.py took 0.082 seconds
[2025-12-10 18:52:15,252] {processor.py:163} INFO - Started process (PID=517) to work on /home/airflow/.local/lib/python3.6/site-packages/airflow/example_dags/example_branch_python_dop_operator_3.py
[2025-12-10 18:52:15,262] {processor.py:642} INFO - Processing file /home/airflow/.local/lib/python3.6/site-packages/airflow/example_dags/example_branch_python_dop_operator_3.py for tasks to queue
[2025-12-10 18:52:15,263] {logging_mixin.py:109} INFO - [2025-12-10 18:52:15,263] {dagbag.py:500} INFO - Filling up the DagBag from /home/airflow/.local/lib/python3.6/site-packages/airflow/example_dags/example_branch_python_dop_operator_3.py
[2025-12-10 18:52:15,289] {processor.py:654} INFO - DAG(s) dict_keys(['example_branch_dop_operator_v3']) retrieved from /home/airflow/.local/lib/python3.6/site-packages/airflow/example_dags/example_branch_python_dop_operator_3.py
[2025-12-10 18:52:15,298] {logging_mixin.py:109} INFO - [2025-12-10 18:52:15,298] {dag.py:2396} INFO - Sync 1 DAGs
[2025-12-10 18:52:15,314] {logging_mixin.py:109} INFO - [2025-12-10 18:52:15,314] {dag.py:2935} INFO - Setting next_dagrun for example_branch_dop_operator_v3 to 2025-12-10T18:51:00+00:00
[2025-12-10 18:52:15,321] {processor.py:171} INFO - Processing /home/airflow/.local/lib/python3.6/site-packages/airflow/example_dags/example_branch_python_dop_operator_3.py took 0.072 seconds
