[2025-12-10 18:25:43,323] {processor.py:163} INFO - Started process (PID=44) to work on /home/airflow/.local/lib/python3.6/site-packages/airflow/example_dags/example_xcomargs.py
[2025-12-10 18:25:43,325] {processor.py:642} INFO - Processing file /home/airflow/.local/lib/python3.6/site-packages/airflow/example_dags/example_xcomargs.py for tasks to queue
[2025-12-10 18:25:43,326] {logging_mixin.py:109} INFO - [2025-12-10 18:25:43,326] {dagbag.py:500} INFO - Filling up the DagBag from /home/airflow/.local/lib/python3.6/site-packages/airflow/example_dags/example_xcomargs.py
[2025-12-10 18:25:43,396] {processor.py:654} INFO - DAG(s) dict_keys(['example_xcom_args', 'example_xcom_args_with_operators']) retrieved from /home/airflow/.local/lib/python3.6/site-packages/airflow/example_dags/example_xcomargs.py
[2025-12-10 18:25:49,416] {logging_mixin.py:109} INFO - [2025-12-10 18:25:49,415] {manager.py:496} INFO - Created Permission View: can edit on DAG:example_xcom_args
[2025-12-10 18:25:49,424] {logging_mixin.py:109} INFO - [2025-12-10 18:25:49,424] {manager.py:496} INFO - Created Permission View: can read on DAG:example_xcom_args
[2025-12-10 18:25:49,442] {logging_mixin.py:109} INFO - [2025-12-10 18:25:49,442] {manager.py:496} INFO - Created Permission View: can edit on DAG:example_xcom_args_with_operators
[2025-12-10 18:25:49,452] {logging_mixin.py:109} INFO - [2025-12-10 18:25:49,452] {manager.py:496} INFO - Created Permission View: can read on DAG:example_xcom_args_with_operators
[2025-12-10 18:25:49,456] {logging_mixin.py:109} INFO - [2025-12-10 18:25:49,453] {dag.py:2396} INFO - Sync 2 DAGs
[2025-12-10 18:25:49,474] {logging_mixin.py:109} INFO - [2025-12-10 18:25:49,473] {dag.py:2415} INFO - Creating ORM DAG for example_xcom_args
[2025-12-10 18:25:49,475] {logging_mixin.py:109} INFO - [2025-12-10 18:25:49,475] {dag.py:2415} INFO - Creating ORM DAG for example_xcom_args_with_operators
[2025-12-10 18:25:49,483] {logging_mixin.py:109} INFO - [2025-12-10 18:25:49,482] {dag.py:2935} INFO - Setting next_dagrun for example_xcom_args to None
[2025-12-10 18:25:49,483] {logging_mixin.py:109} INFO - [2025-12-10 18:25:49,483] {dag.py:2935} INFO - Setting next_dagrun for example_xcom_args_with_operators to None
[2025-12-10 18:25:49,498] {processor.py:171} INFO - Processing /home/airflow/.local/lib/python3.6/site-packages/airflow/example_dags/example_xcomargs.py took 6.181 seconds
[2025-12-10 18:26:21,977] {processor.py:163} INFO - Started process (PID=466) to work on /home/airflow/.local/lib/python3.6/site-packages/airflow/example_dags/example_xcomargs.py
[2025-12-10 18:26:21,979] {processor.py:642} INFO - Processing file /home/airflow/.local/lib/python3.6/site-packages/airflow/example_dags/example_xcomargs.py for tasks to queue
[2025-12-10 18:26:21,980] {logging_mixin.py:109} INFO - [2025-12-10 18:26:21,980] {dagbag.py:500} INFO - Filling up the DagBag from /home/airflow/.local/lib/python3.6/site-packages/airflow/example_dags/example_xcomargs.py
[2025-12-10 18:26:22,023] {processor.py:654} INFO - DAG(s) dict_keys(['example_xcom_args', 'example_xcom_args_with_operators']) retrieved from /home/airflow/.local/lib/python3.6/site-packages/airflow/example_dags/example_xcomargs.py
[2025-12-10 18:26:22,226] {logging_mixin.py:109} INFO - [2025-12-10 18:26:22,226] {dag.py:2396} INFO - Sync 2 DAGs
[2025-12-10 18:26:22,245] {logging_mixin.py:109} INFO - [2025-12-10 18:26:22,245] {dag.py:2935} INFO - Setting next_dagrun for example_xcom_args to None
[2025-12-10 18:26:22,245] {logging_mixin.py:109} INFO - [2025-12-10 18:26:22,245] {dag.py:2935} INFO - Setting next_dagrun for example_xcom_args_with_operators to None
[2025-12-10 18:26:22,265] {processor.py:171} INFO - Processing /home/airflow/.local/lib/python3.6/site-packages/airflow/example_dags/example_xcomargs.py took 0.291 seconds
[2025-12-10 18:26:53,065] {processor.py:163} INFO - Started process (PID=518) to work on /home/airflow/.local/lib/python3.6/site-packages/airflow/example_dags/example_xcomargs.py
[2025-12-10 18:26:53,067] {processor.py:642} INFO - Processing file /home/airflow/.local/lib/python3.6/site-packages/airflow/example_dags/example_xcomargs.py for tasks to queue
[2025-12-10 18:26:53,067] {logging_mixin.py:109} INFO - [2025-12-10 18:26:53,067] {dagbag.py:500} INFO - Filling up the DagBag from /home/airflow/.local/lib/python3.6/site-packages/airflow/example_dags/example_xcomargs.py
[2025-12-10 18:26:53,099] {processor.py:654} INFO - DAG(s) dict_keys(['example_xcom_args', 'example_xcom_args_with_operators']) retrieved from /home/airflow/.local/lib/python3.6/site-packages/airflow/example_dags/example_xcomargs.py
[2025-12-10 18:26:53,252] {logging_mixin.py:109} INFO - [2025-12-10 18:26:53,252] {dag.py:2396} INFO - Sync 2 DAGs
[2025-12-10 18:26:53,262] {logging_mixin.py:109} INFO - [2025-12-10 18:26:53,262] {dag.py:2935} INFO - Setting next_dagrun for example_xcom_args to None
[2025-12-10 18:26:53,263] {logging_mixin.py:109} INFO - [2025-12-10 18:26:53,263] {dag.py:2935} INFO - Setting next_dagrun for example_xcom_args_with_operators to None
[2025-12-10 18:26:53,281] {processor.py:171} INFO - Processing /home/airflow/.local/lib/python3.6/site-packages/airflow/example_dags/example_xcomargs.py took 0.219 seconds
[2025-12-10 18:27:23,516] {processor.py:163} INFO - Started process (PID=580) to work on /home/airflow/.local/lib/python3.6/site-packages/airflow/example_dags/example_xcomargs.py
[2025-12-10 18:27:23,517] {processor.py:642} INFO - Processing file /home/airflow/.local/lib/python3.6/site-packages/airflow/example_dags/example_xcomargs.py for tasks to queue
[2025-12-10 18:27:23,518] {logging_mixin.py:109} INFO - [2025-12-10 18:27:23,518] {dagbag.py:500} INFO - Filling up the DagBag from /home/airflow/.local/lib/python3.6/site-packages/airflow/example_dags/example_xcomargs.py
[2025-12-10 18:27:23,554] {processor.py:654} INFO - DAG(s) dict_keys(['example_xcom_args', 'example_xcom_args_with_operators']) retrieved from /home/airflow/.local/lib/python3.6/site-packages/airflow/example_dags/example_xcomargs.py
[2025-12-10 18:27:23,728] {logging_mixin.py:109} INFO - [2025-12-10 18:27:23,728] {dag.py:2396} INFO - Sync 2 DAGs
[2025-12-10 18:27:23,742] {logging_mixin.py:109} INFO - [2025-12-10 18:27:23,742] {dag.py:2935} INFO - Setting next_dagrun for example_xcom_args to None
[2025-12-10 18:27:23,742] {logging_mixin.py:109} INFO - [2025-12-10 18:27:23,742] {dag.py:2935} INFO - Setting next_dagrun for example_xcom_args_with_operators to None
[2025-12-10 18:27:23,750] {processor.py:171} INFO - Processing /home/airflow/.local/lib/python3.6/site-packages/airflow/example_dags/example_xcomargs.py took 0.238 seconds
[2025-12-10 18:27:54,099] {processor.py:163} INFO - Started process (PID=632) to work on /home/airflow/.local/lib/python3.6/site-packages/airflow/example_dags/example_xcomargs.py
[2025-12-10 18:27:54,110] {processor.py:642} INFO - Processing file /home/airflow/.local/lib/python3.6/site-packages/airflow/example_dags/example_xcomargs.py for tasks to queue
[2025-12-10 18:27:54,110] {logging_mixin.py:109} INFO - [2025-12-10 18:27:54,110] {dagbag.py:500} INFO - Filling up the DagBag from /home/airflow/.local/lib/python3.6/site-packages/airflow/example_dags/example_xcomargs.py
[2025-12-10 18:27:54,144] {processor.py:654} INFO - DAG(s) dict_keys(['example_xcom_args', 'example_xcom_args_with_operators']) retrieved from /home/airflow/.local/lib/python3.6/site-packages/airflow/example_dags/example_xcomargs.py
[2025-12-10 18:27:54,154] {logging_mixin.py:109} INFO - [2025-12-10 18:27:54,154] {dag.py:2396} INFO - Sync 2 DAGs
[2025-12-10 18:27:54,179] {logging_mixin.py:109} INFO - [2025-12-10 18:27:54,179] {dag.py:2935} INFO - Setting next_dagrun for example_xcom_args to None
[2025-12-10 18:27:54,179] {logging_mixin.py:109} INFO - [2025-12-10 18:27:54,179] {dag.py:2935} INFO - Setting next_dagrun for example_xcom_args_with_operators to None
[2025-12-10 18:27:54,196] {processor.py:171} INFO - Processing /home/airflow/.local/lib/python3.6/site-packages/airflow/example_dags/example_xcomargs.py took 0.100 seconds
[2025-12-10 18:28:24,213] {processor.py:163} INFO - Started process (PID=694) to work on /home/airflow/.local/lib/python3.6/site-packages/airflow/example_dags/example_xcomargs.py
[2025-12-10 18:28:24,225] {processor.py:642} INFO - Processing file /home/airflow/.local/lib/python3.6/site-packages/airflow/example_dags/example_xcomargs.py for tasks to queue
[2025-12-10 18:28:24,226] {logging_mixin.py:109} INFO - [2025-12-10 18:28:24,226] {dagbag.py:500} INFO - Filling up the DagBag from /home/airflow/.local/lib/python3.6/site-packages/airflow/example_dags/example_xcomargs.py
[2025-12-10 18:28:24,265] {processor.py:654} INFO - DAG(s) dict_keys(['example_xcom_args', 'example_xcom_args_with_operators']) retrieved from /home/airflow/.local/lib/python3.6/site-packages/airflow/example_dags/example_xcomargs.py
[2025-12-10 18:28:24,426] {logging_mixin.py:109} INFO - [2025-12-10 18:28:24,426] {dag.py:2396} INFO - Sync 2 DAGs
[2025-12-10 18:28:24,438] {logging_mixin.py:109} INFO - [2025-12-10 18:28:24,438] {dag.py:2935} INFO - Setting next_dagrun for example_xcom_args to None
[2025-12-10 18:28:24,438] {logging_mixin.py:109} INFO - [2025-12-10 18:28:24,438] {dag.py:2935} INFO - Setting next_dagrun for example_xcom_args_with_operators to None
[2025-12-10 18:28:24,446] {processor.py:171} INFO - Processing /home/airflow/.local/lib/python3.6/site-packages/airflow/example_dags/example_xcomargs.py took 0.235 seconds
[2025-12-10 18:28:54,526] {processor.py:163} INFO - Started process (PID=758) to work on /home/airflow/.local/lib/python3.6/site-packages/airflow/example_dags/example_xcomargs.py
[2025-12-10 18:28:54,527] {processor.py:642} INFO - Processing file /home/airflow/.local/lib/python3.6/site-packages/airflow/example_dags/example_xcomargs.py for tasks to queue
[2025-12-10 18:28:54,528] {logging_mixin.py:109} INFO - [2025-12-10 18:28:54,528] {dagbag.py:500} INFO - Filling up the DagBag from /home/airflow/.local/lib/python3.6/site-packages/airflow/example_dags/example_xcomargs.py
[2025-12-10 18:28:54,561] {processor.py:654} INFO - DAG(s) dict_keys(['example_xcom_args', 'example_xcom_args_with_operators']) retrieved from /home/airflow/.local/lib/python3.6/site-packages/airflow/example_dags/example_xcomargs.py
[2025-12-10 18:28:54,732] {logging_mixin.py:109} INFO - [2025-12-10 18:28:54,732] {dag.py:2396} INFO - Sync 2 DAGs
[2025-12-10 18:28:54,746] {logging_mixin.py:109} INFO - [2025-12-10 18:28:54,746] {dag.py:2935} INFO - Setting next_dagrun for example_xcom_args to None
[2025-12-10 18:28:54,746] {logging_mixin.py:109} INFO - [2025-12-10 18:28:54,746] {dag.py:2935} INFO - Setting next_dagrun for example_xcom_args_with_operators to None
[2025-12-10 18:28:54,765] {processor.py:171} INFO - Processing /home/airflow/.local/lib/python3.6/site-packages/airflow/example_dags/example_xcomargs.py took 0.242 seconds
[2025-12-10 18:29:24,858] {processor.py:163} INFO - Started process (PID=808) to work on /home/airflow/.local/lib/python3.6/site-packages/airflow/example_dags/example_xcomargs.py
[2025-12-10 18:29:24,869] {processor.py:642} INFO - Processing file /home/airflow/.local/lib/python3.6/site-packages/airflow/example_dags/example_xcomargs.py for tasks to queue
[2025-12-10 18:29:24,869] {logging_mixin.py:109} INFO - [2025-12-10 18:29:24,869] {dagbag.py:500} INFO - Filling up the DagBag from /home/airflow/.local/lib/python3.6/site-packages/airflow/example_dags/example_xcomargs.py
[2025-12-10 18:29:24,903] {processor.py:654} INFO - DAG(s) dict_keys(['example_xcom_args', 'example_xcom_args_with_operators']) retrieved from /home/airflow/.local/lib/python3.6/site-packages/airflow/example_dags/example_xcomargs.py
[2025-12-10 18:29:25,072] {logging_mixin.py:109} INFO - [2025-12-10 18:29:25,072] {dag.py:2396} INFO - Sync 2 DAGs
[2025-12-10 18:29:25,085] {logging_mixin.py:109} INFO - [2025-12-10 18:29:25,085] {dag.py:2935} INFO - Setting next_dagrun for example_xcom_args to None
[2025-12-10 18:29:25,086] {logging_mixin.py:109} INFO - [2025-12-10 18:29:25,086] {dag.py:2935} INFO - Setting next_dagrun for example_xcom_args_with_operators to None
[2025-12-10 18:29:25,094] {processor.py:171} INFO - Processing /home/airflow/.local/lib/python3.6/site-packages/airflow/example_dags/example_xcomargs.py took 0.239 seconds
[2025-12-10 18:29:55,376] {processor.py:163} INFO - Started process (PID=870) to work on /home/airflow/.local/lib/python3.6/site-packages/airflow/example_dags/example_xcomargs.py
[2025-12-10 18:29:55,377] {processor.py:642} INFO - Processing file /home/airflow/.local/lib/python3.6/site-packages/airflow/example_dags/example_xcomargs.py for tasks to queue
[2025-12-10 18:29:55,377] {logging_mixin.py:109} INFO - [2025-12-10 18:29:55,377] {dagbag.py:500} INFO - Filling up the DagBag from /home/airflow/.local/lib/python3.6/site-packages/airflow/example_dags/example_xcomargs.py
[2025-12-10 18:29:55,411] {processor.py:654} INFO - DAG(s) dict_keys(['example_xcom_args', 'example_xcom_args_with_operators']) retrieved from /home/airflow/.local/lib/python3.6/site-packages/airflow/example_dags/example_xcomargs.py
[2025-12-10 18:29:55,577] {logging_mixin.py:109} INFO - [2025-12-10 18:29:55,577] {dag.py:2396} INFO - Sync 2 DAGs
[2025-12-10 18:29:55,589] {logging_mixin.py:109} INFO - [2025-12-10 18:29:55,589] {dag.py:2935} INFO - Setting next_dagrun for example_xcom_args to None
[2025-12-10 18:29:55,590] {logging_mixin.py:109} INFO - [2025-12-10 18:29:55,589] {dag.py:2935} INFO - Setting next_dagrun for example_xcom_args_with_operators to None
[2025-12-10 18:29:55,597] {processor.py:171} INFO - Processing /home/airflow/.local/lib/python3.6/site-packages/airflow/example_dags/example_xcomargs.py took 0.225 seconds
[2025-12-10 18:30:25,800] {processor.py:163} INFO - Started process (PID=929) to work on /home/airflow/.local/lib/python3.6/site-packages/airflow/example_dags/example_xcomargs.py
[2025-12-10 18:30:25,811] {processor.py:642} INFO - Processing file /home/airflow/.local/lib/python3.6/site-packages/airflow/example_dags/example_xcomargs.py for tasks to queue
[2025-12-10 18:30:25,811] {logging_mixin.py:109} INFO - [2025-12-10 18:30:25,811] {dagbag.py:500} INFO - Filling up the DagBag from /home/airflow/.local/lib/python3.6/site-packages/airflow/example_dags/example_xcomargs.py
[2025-12-10 18:30:25,847] {processor.py:654} INFO - DAG(s) dict_keys(['example_xcom_args', 'example_xcom_args_with_operators']) retrieved from /home/airflow/.local/lib/python3.6/site-packages/airflow/example_dags/example_xcomargs.py
[2025-12-10 18:30:26,030] {logging_mixin.py:109} INFO - [2025-12-10 18:30:26,030] {dag.py:2396} INFO - Sync 2 DAGs
[2025-12-10 18:30:26,042] {logging_mixin.py:109} INFO - [2025-12-10 18:30:26,042] {dag.py:2935} INFO - Setting next_dagrun for example_xcom_args to None
[2025-12-10 18:30:26,042] {logging_mixin.py:109} INFO - [2025-12-10 18:30:26,042] {dag.py:2935} INFO - Setting next_dagrun for example_xcom_args_with_operators to None
[2025-12-10 18:30:26,051] {processor.py:171} INFO - Processing /home/airflow/.local/lib/python3.6/site-packages/airflow/example_dags/example_xcomargs.py took 0.254 seconds
[2025-12-10 18:30:56,195] {processor.py:163} INFO - Started process (PID=984) to work on /home/airflow/.local/lib/python3.6/site-packages/airflow/example_dags/example_xcomargs.py
[2025-12-10 18:30:56,206] {processor.py:642} INFO - Processing file /home/airflow/.local/lib/python3.6/site-packages/airflow/example_dags/example_xcomargs.py for tasks to queue
[2025-12-10 18:30:56,207] {logging_mixin.py:109} INFO - [2025-12-10 18:30:56,207] {dagbag.py:500} INFO - Filling up the DagBag from /home/airflow/.local/lib/python3.6/site-packages/airflow/example_dags/example_xcomargs.py
[2025-12-10 18:30:56,245] {processor.py:654} INFO - DAG(s) dict_keys(['example_xcom_args', 'example_xcom_args_with_operators']) retrieved from /home/airflow/.local/lib/python3.6/site-packages/airflow/example_dags/example_xcomargs.py
[2025-12-10 18:30:56,414] {logging_mixin.py:109} INFO - [2025-12-10 18:30:56,414] {dag.py:2396} INFO - Sync 2 DAGs
[2025-12-10 18:30:56,426] {logging_mixin.py:109} INFO - [2025-12-10 18:30:56,426] {dag.py:2935} INFO - Setting next_dagrun for example_xcom_args to None
[2025-12-10 18:30:56,427] {logging_mixin.py:109} INFO - [2025-12-10 18:30:56,427] {dag.py:2935} INFO - Setting next_dagrun for example_xcom_args_with_operators to None
[2025-12-10 18:30:56,445] {processor.py:171} INFO - Processing /home/airflow/.local/lib/python3.6/site-packages/airflow/example_dags/example_xcomargs.py took 0.253 seconds
[2025-12-10 18:31:26,538] {processor.py:163} INFO - Started process (PID=1046) to work on /home/airflow/.local/lib/python3.6/site-packages/airflow/example_dags/example_xcomargs.py
[2025-12-10 18:31:26,540] {processor.py:642} INFO - Processing file /home/airflow/.local/lib/python3.6/site-packages/airflow/example_dags/example_xcomargs.py for tasks to queue
[2025-12-10 18:31:26,540] {logging_mixin.py:109} INFO - [2025-12-10 18:31:26,540] {dagbag.py:500} INFO - Filling up the DagBag from /home/airflow/.local/lib/python3.6/site-packages/airflow/example_dags/example_xcomargs.py
[2025-12-10 18:31:26,576] {processor.py:654} INFO - DAG(s) dict_keys(['example_xcom_args', 'example_xcom_args_with_operators']) retrieved from /home/airflow/.local/lib/python3.6/site-packages/airflow/example_dags/example_xcomargs.py
[2025-12-10 18:31:26,808] {logging_mixin.py:109} INFO - [2025-12-10 18:31:26,808] {dag.py:2396} INFO - Sync 2 DAGs
[2025-12-10 18:31:26,820] {logging_mixin.py:109} INFO - [2025-12-10 18:31:26,820] {dag.py:2935} INFO - Setting next_dagrun for example_xcom_args to None
[2025-12-10 18:31:26,821] {logging_mixin.py:109} INFO - [2025-12-10 18:31:26,820] {dag.py:2935} INFO - Setting next_dagrun for example_xcom_args_with_operators to None
[2025-12-10 18:31:26,838] {processor.py:171} INFO - Processing /home/airflow/.local/lib/python3.6/site-packages/airflow/example_dags/example_xcomargs.py took 0.304 seconds
[2025-12-10 18:31:57,029] {processor.py:163} INFO - Started process (PID=1098) to work on /home/airflow/.local/lib/python3.6/site-packages/airflow/example_dags/example_xcomargs.py
[2025-12-10 18:31:57,030] {processor.py:642} INFO - Processing file /home/airflow/.local/lib/python3.6/site-packages/airflow/example_dags/example_xcomargs.py for tasks to queue
[2025-12-10 18:31:57,031] {logging_mixin.py:109} INFO - [2025-12-10 18:31:57,031] {dagbag.py:500} INFO - Filling up the DagBag from /home/airflow/.local/lib/python3.6/site-packages/airflow/example_dags/example_xcomargs.py
[2025-12-10 18:31:57,066] {processor.py:654} INFO - DAG(s) dict_keys(['example_xcom_args', 'example_xcom_args_with_operators']) retrieved from /home/airflow/.local/lib/python3.6/site-packages/airflow/example_dags/example_xcomargs.py
[2025-12-10 18:31:57,226] {logging_mixin.py:109} INFO - [2025-12-10 18:31:57,226] {dag.py:2396} INFO - Sync 2 DAGs
[2025-12-10 18:31:57,239] {logging_mixin.py:109} INFO - [2025-12-10 18:31:57,239] {dag.py:2935} INFO - Setting next_dagrun for example_xcom_args to None
[2025-12-10 18:31:57,239] {logging_mixin.py:109} INFO - [2025-12-10 18:31:57,239] {dag.py:2935} INFO - Setting next_dagrun for example_xcom_args_with_operators to None
[2025-12-10 18:31:57,250] {processor.py:171} INFO - Processing /home/airflow/.local/lib/python3.6/site-packages/airflow/example_dags/example_xcomargs.py took 0.224 seconds
[2025-12-10 18:32:27,475] {processor.py:163} INFO - Started process (PID=1160) to work on /home/airflow/.local/lib/python3.6/site-packages/airflow/example_dags/example_xcomargs.py
[2025-12-10 18:32:27,485] {processor.py:642} INFO - Processing file /home/airflow/.local/lib/python3.6/site-packages/airflow/example_dags/example_xcomargs.py for tasks to queue
[2025-12-10 18:32:27,486] {logging_mixin.py:109} INFO - [2025-12-10 18:32:27,486] {dagbag.py:500} INFO - Filling up the DagBag from /home/airflow/.local/lib/python3.6/site-packages/airflow/example_dags/example_xcomargs.py
[2025-12-10 18:32:27,518] {processor.py:654} INFO - DAG(s) dict_keys(['example_xcom_args', 'example_xcom_args_with_operators']) retrieved from /home/airflow/.local/lib/python3.6/site-packages/airflow/example_dags/example_xcomargs.py
[2025-12-10 18:32:27,682] {logging_mixin.py:109} INFO - [2025-12-10 18:32:27,682] {dag.py:2396} INFO - Sync 2 DAGs
[2025-12-10 18:32:27,693] {logging_mixin.py:109} INFO - [2025-12-10 18:32:27,693] {dag.py:2935} INFO - Setting next_dagrun for example_xcom_args to None
[2025-12-10 18:32:27,694] {logging_mixin.py:109} INFO - [2025-12-10 18:32:27,694] {dag.py:2935} INFO - Setting next_dagrun for example_xcom_args_with_operators to None
[2025-12-10 18:32:27,701] {processor.py:171} INFO - Processing /home/airflow/.local/lib/python3.6/site-packages/airflow/example_dags/example_xcomargs.py took 0.230 seconds
[2025-12-10 18:32:57,874] {processor.py:163} INFO - Started process (PID=1222) to work on /home/airflow/.local/lib/python3.6/site-packages/airflow/example_dags/example_xcomargs.py
[2025-12-10 18:32:57,884] {processor.py:642} INFO - Processing file /home/airflow/.local/lib/python3.6/site-packages/airflow/example_dags/example_xcomargs.py for tasks to queue
[2025-12-10 18:32:57,885] {logging_mixin.py:109} INFO - [2025-12-10 18:32:57,885] {dagbag.py:500} INFO - Filling up the DagBag from /home/airflow/.local/lib/python3.6/site-packages/airflow/example_dags/example_xcomargs.py
[2025-12-10 18:32:57,919] {processor.py:654} INFO - DAG(s) dict_keys(['example_xcom_args', 'example_xcom_args_with_operators']) retrieved from /home/airflow/.local/lib/python3.6/site-packages/airflow/example_dags/example_xcomargs.py
[2025-12-10 18:32:58,086] {logging_mixin.py:109} INFO - [2025-12-10 18:32:58,086] {dag.py:2396} INFO - Sync 2 DAGs
[2025-12-10 18:32:58,098] {logging_mixin.py:109} INFO - [2025-12-10 18:32:58,098] {dag.py:2935} INFO - Setting next_dagrun for example_xcom_args to None
[2025-12-10 18:32:58,098] {logging_mixin.py:109} INFO - [2025-12-10 18:32:58,098] {dag.py:2935} INFO - Setting next_dagrun for example_xcom_args_with_operators to None
[2025-12-10 18:32:58,107] {processor.py:171} INFO - Processing /home/airflow/.local/lib/python3.6/site-packages/airflow/example_dags/example_xcomargs.py took 0.236 seconds
[2025-12-10 18:33:28,254] {processor.py:163} INFO - Started process (PID=1274) to work on /home/airflow/.local/lib/python3.6/site-packages/airflow/example_dags/example_xcomargs.py
[2025-12-10 18:33:28,265] {processor.py:642} INFO - Processing file /home/airflow/.local/lib/python3.6/site-packages/airflow/example_dags/example_xcomargs.py for tasks to queue
[2025-12-10 18:33:28,266] {logging_mixin.py:109} INFO - [2025-12-10 18:33:28,266] {dagbag.py:500} INFO - Filling up the DagBag from /home/airflow/.local/lib/python3.6/site-packages/airflow/example_dags/example_xcomargs.py
[2025-12-10 18:33:28,299] {processor.py:654} INFO - DAG(s) dict_keys(['example_xcom_args', 'example_xcom_args_with_operators']) retrieved from /home/airflow/.local/lib/python3.6/site-packages/airflow/example_dags/example_xcomargs.py
[2025-12-10 18:33:28,464] {logging_mixin.py:109} INFO - [2025-12-10 18:33:28,464] {dag.py:2396} INFO - Sync 2 DAGs
[2025-12-10 18:33:28,476] {logging_mixin.py:109} INFO - [2025-12-10 18:33:28,476] {dag.py:2935} INFO - Setting next_dagrun for example_xcom_args to None
[2025-12-10 18:33:28,476] {logging_mixin.py:109} INFO - [2025-12-10 18:33:28,476] {dag.py:2935} INFO - Setting next_dagrun for example_xcom_args_with_operators to None
[2025-12-10 18:33:28,496] {processor.py:171} INFO - Processing /home/airflow/.local/lib/python3.6/site-packages/airflow/example_dags/example_xcomargs.py took 0.245 seconds
[2025-12-10 18:33:58,610] {processor.py:163} INFO - Started process (PID=1337) to work on /home/airflow/.local/lib/python3.6/site-packages/airflow/example_dags/example_xcomargs.py
[2025-12-10 18:33:58,611] {processor.py:642} INFO - Processing file /home/airflow/.local/lib/python3.6/site-packages/airflow/example_dags/example_xcomargs.py for tasks to queue
[2025-12-10 18:33:58,611] {logging_mixin.py:109} INFO - [2025-12-10 18:33:58,611] {dagbag.py:500} INFO - Filling up the DagBag from /home/airflow/.local/lib/python3.6/site-packages/airflow/example_dags/example_xcomargs.py
[2025-12-10 18:33:58,643] {processor.py:654} INFO - DAG(s) dict_keys(['example_xcom_args', 'example_xcom_args_with_operators']) retrieved from /home/airflow/.local/lib/python3.6/site-packages/airflow/example_dags/example_xcomargs.py
[2025-12-10 18:33:58,803] {logging_mixin.py:109} INFO - [2025-12-10 18:33:58,803] {dag.py:2396} INFO - Sync 2 DAGs
[2025-12-10 18:33:58,816] {logging_mixin.py:109} INFO - [2025-12-10 18:33:58,816] {dag.py:2935} INFO - Setting next_dagrun for example_xcom_args to None
[2025-12-10 18:33:58,816] {logging_mixin.py:109} INFO - [2025-12-10 18:33:58,816] {dag.py:2935} INFO - Setting next_dagrun for example_xcom_args_with_operators to None
[2025-12-10 18:33:58,825] {processor.py:171} INFO - Processing /home/airflow/.local/lib/python3.6/site-packages/airflow/example_dags/example_xcomargs.py took 0.218 seconds
[2025-12-10 18:34:29,040] {processor.py:163} INFO - Started process (PID=1389) to work on /home/airflow/.local/lib/python3.6/site-packages/airflow/example_dags/example_xcomargs.py
[2025-12-10 18:34:29,051] {processor.py:642} INFO - Processing file /home/airflow/.local/lib/python3.6/site-packages/airflow/example_dags/example_xcomargs.py for tasks to queue
[2025-12-10 18:34:29,052] {logging_mixin.py:109} INFO - [2025-12-10 18:34:29,052] {dagbag.py:500} INFO - Filling up the DagBag from /home/airflow/.local/lib/python3.6/site-packages/airflow/example_dags/example_xcomargs.py
[2025-12-10 18:34:29,086] {processor.py:654} INFO - DAG(s) dict_keys(['example_xcom_args', 'example_xcom_args_with_operators']) retrieved from /home/airflow/.local/lib/python3.6/site-packages/airflow/example_dags/example_xcomargs.py
[2025-12-10 18:34:29,247] {logging_mixin.py:109} INFO - [2025-12-10 18:34:29,247] {dag.py:2396} INFO - Sync 2 DAGs
[2025-12-10 18:34:29,258] {logging_mixin.py:109} INFO - [2025-12-10 18:34:29,258] {dag.py:2935} INFO - Setting next_dagrun for example_xcom_args to None
[2025-12-10 18:34:29,259] {logging_mixin.py:109} INFO - [2025-12-10 18:34:29,259] {dag.py:2935} INFO - Setting next_dagrun for example_xcom_args_with_operators to None
[2025-12-10 18:34:29,267] {processor.py:171} INFO - Processing /home/airflow/.local/lib/python3.6/site-packages/airflow/example_dags/example_xcomargs.py took 0.230 seconds
[2025-12-10 18:34:59,383] {processor.py:163} INFO - Started process (PID=1451) to work on /home/airflow/.local/lib/python3.6/site-packages/airflow/example_dags/example_xcomargs.py
[2025-12-10 18:34:59,384] {processor.py:642} INFO - Processing file /home/airflow/.local/lib/python3.6/site-packages/airflow/example_dags/example_xcomargs.py for tasks to queue
[2025-12-10 18:34:59,384] {logging_mixin.py:109} INFO - [2025-12-10 18:34:59,384] {dagbag.py:500} INFO - Filling up the DagBag from /home/airflow/.local/lib/python3.6/site-packages/airflow/example_dags/example_xcomargs.py
[2025-12-10 18:34:59,417] {processor.py:654} INFO - DAG(s) dict_keys(['example_xcom_args', 'example_xcom_args_with_operators']) retrieved from /home/airflow/.local/lib/python3.6/site-packages/airflow/example_dags/example_xcomargs.py
[2025-12-10 18:34:59,579] {logging_mixin.py:109} INFO - [2025-12-10 18:34:59,579] {dag.py:2396} INFO - Sync 2 DAGs
[2025-12-10 18:34:59,591] {logging_mixin.py:109} INFO - [2025-12-10 18:34:59,591] {dag.py:2935} INFO - Setting next_dagrun for example_xcom_args to None
[2025-12-10 18:34:59,591] {logging_mixin.py:109} INFO - [2025-12-10 18:34:59,591] {dag.py:2935} INFO - Setting next_dagrun for example_xcom_args_with_operators to None
[2025-12-10 18:34:59,610] {processor.py:171} INFO - Processing /home/airflow/.local/lib/python3.6/site-packages/airflow/example_dags/example_xcomargs.py took 0.231 seconds
[2025-12-10 18:35:29,634] {processor.py:163} INFO - Started process (PID=1514) to work on /home/airflow/.local/lib/python3.6/site-packages/airflow/example_dags/example_xcomargs.py
[2025-12-10 18:35:29,635] {processor.py:642} INFO - Processing file /home/airflow/.local/lib/python3.6/site-packages/airflow/example_dags/example_xcomargs.py for tasks to queue
[2025-12-10 18:35:29,636] {logging_mixin.py:109} INFO - [2025-12-10 18:35:29,636] {dagbag.py:500} INFO - Filling up the DagBag from /home/airflow/.local/lib/python3.6/site-packages/airflow/example_dags/example_xcomargs.py
[2025-12-10 18:35:29,669] {processor.py:654} INFO - DAG(s) dict_keys(['example_xcom_args', 'example_xcom_args_with_operators']) retrieved from /home/airflow/.local/lib/python3.6/site-packages/airflow/example_dags/example_xcomargs.py
[2025-12-10 18:35:29,853] {logging_mixin.py:109} INFO - [2025-12-10 18:35:29,852] {dag.py:2396} INFO - Sync 2 DAGs
[2025-12-10 18:35:29,864] {logging_mixin.py:109} INFO - [2025-12-10 18:35:29,864] {dag.py:2935} INFO - Setting next_dagrun for example_xcom_args to None
[2025-12-10 18:35:29,864] {logging_mixin.py:109} INFO - [2025-12-10 18:35:29,864] {dag.py:2935} INFO - Setting next_dagrun for example_xcom_args_with_operators to None
[2025-12-10 18:35:29,882] {processor.py:171} INFO - Processing /home/airflow/.local/lib/python3.6/site-packages/airflow/example_dags/example_xcomargs.py took 0.251 seconds
[2025-12-10 18:35:59,942] {processor.py:163} INFO - Started process (PID=1565) to work on /home/airflow/.local/lib/python3.6/site-packages/airflow/example_dags/example_xcomargs.py
[2025-12-10 18:35:59,943] {processor.py:642} INFO - Processing file /home/airflow/.local/lib/python3.6/site-packages/airflow/example_dags/example_xcomargs.py for tasks to queue
[2025-12-10 18:35:59,943] {logging_mixin.py:109} INFO - [2025-12-10 18:35:59,943] {dagbag.py:500} INFO - Filling up the DagBag from /home/airflow/.local/lib/python3.6/site-packages/airflow/example_dags/example_xcomargs.py
[2025-12-10 18:35:59,977] {processor.py:654} INFO - DAG(s) dict_keys(['example_xcom_args', 'example_xcom_args_with_operators']) retrieved from /home/airflow/.local/lib/python3.6/site-packages/airflow/example_dags/example_xcomargs.py
[2025-12-10 18:36:00,188] {logging_mixin.py:109} INFO - [2025-12-10 18:36:00,188] {dag.py:2396} INFO - Sync 2 DAGs
[2025-12-10 18:36:00,200] {logging_mixin.py:109} INFO - [2025-12-10 18:36:00,200] {dag.py:2935} INFO - Setting next_dagrun for example_xcom_args to None
[2025-12-10 18:36:00,200] {logging_mixin.py:109} INFO - [2025-12-10 18:36:00,200] {dag.py:2935} INFO - Setting next_dagrun for example_xcom_args_with_operators to None
[2025-12-10 18:36:00,208] {processor.py:171} INFO - Processing /home/airflow/.local/lib/python3.6/site-packages/airflow/example_dags/example_xcomargs.py took 0.271 seconds
[2025-12-10 18:36:30,666] {processor.py:163} INFO - Started process (PID=1627) to work on /home/airflow/.local/lib/python3.6/site-packages/airflow/example_dags/example_xcomargs.py
[2025-12-10 18:36:30,677] {processor.py:642} INFO - Processing file /home/airflow/.local/lib/python3.6/site-packages/airflow/example_dags/example_xcomargs.py for tasks to queue
[2025-12-10 18:36:30,678] {logging_mixin.py:109} INFO - [2025-12-10 18:36:30,678] {dagbag.py:500} INFO - Filling up the DagBag from /home/airflow/.local/lib/python3.6/site-packages/airflow/example_dags/example_xcomargs.py
[2025-12-10 18:36:30,719] {processor.py:654} INFO - DAG(s) dict_keys(['example_xcom_args', 'example_xcom_args_with_operators']) retrieved from /home/airflow/.local/lib/python3.6/site-packages/airflow/example_dags/example_xcomargs.py
[2025-12-10 18:36:30,914] {logging_mixin.py:109} INFO - [2025-12-10 18:36:30,914] {dag.py:2396} INFO - Sync 2 DAGs
[2025-12-10 18:36:30,929] {logging_mixin.py:109} INFO - [2025-12-10 18:36:30,929] {dag.py:2935} INFO - Setting next_dagrun for example_xcom_args to None
[2025-12-10 18:36:30,929] {logging_mixin.py:109} INFO - [2025-12-10 18:36:30,929] {dag.py:2935} INFO - Setting next_dagrun for example_xcom_args_with_operators to None
[2025-12-10 18:36:30,941] {processor.py:171} INFO - Processing /home/airflow/.local/lib/python3.6/site-packages/airflow/example_dags/example_xcomargs.py took 0.278 seconds
[2025-12-10 18:37:01,107] {processor.py:163} INFO - Started process (PID=1679) to work on /home/airflow/.local/lib/python3.6/site-packages/airflow/example_dags/example_xcomargs.py
[2025-12-10 18:37:01,108] {processor.py:642} INFO - Processing file /home/airflow/.local/lib/python3.6/site-packages/airflow/example_dags/example_xcomargs.py for tasks to queue
[2025-12-10 18:37:01,109] {logging_mixin.py:109} INFO - [2025-12-10 18:37:01,109] {dagbag.py:500} INFO - Filling up the DagBag from /home/airflow/.local/lib/python3.6/site-packages/airflow/example_dags/example_xcomargs.py
[2025-12-10 18:37:01,145] {processor.py:654} INFO - DAG(s) dict_keys(['example_xcom_args', 'example_xcom_args_with_operators']) retrieved from /home/airflow/.local/lib/python3.6/site-packages/airflow/example_dags/example_xcomargs.py
[2025-12-10 18:37:01,326] {logging_mixin.py:109} INFO - [2025-12-10 18:37:01,325] {dag.py:2396} INFO - Sync 2 DAGs
[2025-12-10 18:37:01,337] {logging_mixin.py:109} INFO - [2025-12-10 18:37:01,337] {dag.py:2935} INFO - Setting next_dagrun for example_xcom_args to None
[2025-12-10 18:37:01,338] {logging_mixin.py:109} INFO - [2025-12-10 18:37:01,338] {dag.py:2935} INFO - Setting next_dagrun for example_xcom_args_with_operators to None
[2025-12-10 18:37:01,357] {processor.py:171} INFO - Processing /home/airflow/.local/lib/python3.6/site-packages/airflow/example_dags/example_xcomargs.py took 0.253 seconds
[2025-12-10 18:37:31,628] {processor.py:163} INFO - Started process (PID=1741) to work on /home/airflow/.local/lib/python3.6/site-packages/airflow/example_dags/example_xcomargs.py
[2025-12-10 18:37:31,629] {processor.py:642} INFO - Processing file /home/airflow/.local/lib/python3.6/site-packages/airflow/example_dags/example_xcomargs.py for tasks to queue
[2025-12-10 18:37:31,630] {logging_mixin.py:109} INFO - [2025-12-10 18:37:31,630] {dagbag.py:500} INFO - Filling up the DagBag from /home/airflow/.local/lib/python3.6/site-packages/airflow/example_dags/example_xcomargs.py
[2025-12-10 18:37:31,661] {processor.py:654} INFO - DAG(s) dict_keys(['example_xcom_args', 'example_xcom_args_with_operators']) retrieved from /home/airflow/.local/lib/python3.6/site-packages/airflow/example_dags/example_xcomargs.py
[2025-12-10 18:37:31,822] {logging_mixin.py:109} INFO - [2025-12-10 18:37:31,822] {dag.py:2396} INFO - Sync 2 DAGs
[2025-12-10 18:37:31,834] {logging_mixin.py:109} INFO - [2025-12-10 18:37:31,834] {dag.py:2935} INFO - Setting next_dagrun for example_xcom_args to None
[2025-12-10 18:37:31,834] {logging_mixin.py:109} INFO - [2025-12-10 18:37:31,834] {dag.py:2935} INFO - Setting next_dagrun for example_xcom_args_with_operators to None
[2025-12-10 18:37:31,842] {processor.py:171} INFO - Processing /home/airflow/.local/lib/python3.6/site-packages/airflow/example_dags/example_xcomargs.py took 0.217 seconds
[2025-12-10 18:38:01,902] {processor.py:163} INFO - Started process (PID=1803) to work on /home/airflow/.local/lib/python3.6/site-packages/airflow/example_dags/example_xcomargs.py
[2025-12-10 18:38:01,903] {processor.py:642} INFO - Processing file /home/airflow/.local/lib/python3.6/site-packages/airflow/example_dags/example_xcomargs.py for tasks to queue
[2025-12-10 18:38:01,903] {logging_mixin.py:109} INFO - [2025-12-10 18:38:01,903] {dagbag.py:500} INFO - Filling up the DagBag from /home/airflow/.local/lib/python3.6/site-packages/airflow/example_dags/example_xcomargs.py
[2025-12-10 18:38:01,942] {processor.py:654} INFO - DAG(s) dict_keys(['example_xcom_args', 'example_xcom_args_with_operators']) retrieved from /home/airflow/.local/lib/python3.6/site-packages/airflow/example_dags/example_xcomargs.py
[2025-12-10 18:38:02,134] {logging_mixin.py:109} INFO - [2025-12-10 18:38:02,134] {dag.py:2396} INFO - Sync 2 DAGs
[2025-12-10 18:38:02,147] {logging_mixin.py:109} INFO - [2025-12-10 18:38:02,147] {dag.py:2935} INFO - Setting next_dagrun for example_xcom_args to None
[2025-12-10 18:38:02,147] {logging_mixin.py:109} INFO - [2025-12-10 18:38:02,147] {dag.py:2935} INFO - Setting next_dagrun for example_xcom_args_with_operators to None
[2025-12-10 18:38:02,156] {processor.py:171} INFO - Processing /home/airflow/.local/lib/python3.6/site-packages/airflow/example_dags/example_xcomargs.py took 0.258 seconds
[2025-12-10 18:38:32,229] {processor.py:163} INFO - Started process (PID=1855) to work on /home/airflow/.local/lib/python3.6/site-packages/airflow/example_dags/example_xcomargs.py
[2025-12-10 18:38:32,242] {processor.py:642} INFO - Processing file /home/airflow/.local/lib/python3.6/site-packages/airflow/example_dags/example_xcomargs.py for tasks to queue
[2025-12-10 18:38:32,243] {logging_mixin.py:109} INFO - [2025-12-10 18:38:32,243] {dagbag.py:500} INFO - Filling up the DagBag from /home/airflow/.local/lib/python3.6/site-packages/airflow/example_dags/example_xcomargs.py
[2025-12-10 18:38:32,281] {processor.py:654} INFO - DAG(s) dict_keys(['example_xcom_args', 'example_xcom_args_with_operators']) retrieved from /home/airflow/.local/lib/python3.6/site-packages/airflow/example_dags/example_xcomargs.py
[2025-12-10 18:38:32,471] {logging_mixin.py:109} INFO - [2025-12-10 18:38:32,471] {dag.py:2396} INFO - Sync 2 DAGs
[2025-12-10 18:38:32,485] {logging_mixin.py:109} INFO - [2025-12-10 18:38:32,485] {dag.py:2935} INFO - Setting next_dagrun for example_xcom_args to None
[2025-12-10 18:38:32,485] {logging_mixin.py:109} INFO - [2025-12-10 18:38:32,485] {dag.py:2935} INFO - Setting next_dagrun for example_xcom_args_with_operators to None
[2025-12-10 18:38:32,502] {processor.py:171} INFO - Processing /home/airflow/.local/lib/python3.6/site-packages/airflow/example_dags/example_xcomargs.py took 0.277 seconds
[2025-12-10 18:39:02,619] {processor.py:163} INFO - Started process (PID=1917) to work on /home/airflow/.local/lib/python3.6/site-packages/airflow/example_dags/example_xcomargs.py
[2025-12-10 18:39:02,620] {processor.py:642} INFO - Processing file /home/airflow/.local/lib/python3.6/site-packages/airflow/example_dags/example_xcomargs.py for tasks to queue
[2025-12-10 18:39:02,620] {logging_mixin.py:109} INFO - [2025-12-10 18:39:02,620] {dagbag.py:500} INFO - Filling up the DagBag from /home/airflow/.local/lib/python3.6/site-packages/airflow/example_dags/example_xcomargs.py
[2025-12-10 18:39:02,653] {processor.py:654} INFO - DAG(s) dict_keys(['example_xcom_args', 'example_xcom_args_with_operators']) retrieved from /home/airflow/.local/lib/python3.6/site-packages/airflow/example_dags/example_xcomargs.py
[2025-12-10 18:39:02,664] {logging_mixin.py:109} INFO - [2025-12-10 18:39:02,664] {dag.py:2396} INFO - Sync 2 DAGs
[2025-12-10 18:39:02,678] {logging_mixin.py:109} INFO - [2025-12-10 18:39:02,678] {dag.py:2935} INFO - Setting next_dagrun for example_xcom_args to None
[2025-12-10 18:39:02,678] {logging_mixin.py:109} INFO - [2025-12-10 18:39:02,678] {dag.py:2935} INFO - Setting next_dagrun for example_xcom_args_with_operators to None
[2025-12-10 18:39:02,686] {processor.py:171} INFO - Processing /home/airflow/.local/lib/python3.6/site-packages/airflow/example_dags/example_xcomargs.py took 0.071 seconds
[2025-12-10 18:39:32,948] {processor.py:163} INFO - Started process (PID=1969) to work on /home/airflow/.local/lib/python3.6/site-packages/airflow/example_dags/example_xcomargs.py
[2025-12-10 18:39:32,959] {processor.py:642} INFO - Processing file /home/airflow/.local/lib/python3.6/site-packages/airflow/example_dags/example_xcomargs.py for tasks to queue
[2025-12-10 18:39:32,960] {logging_mixin.py:109} INFO - [2025-12-10 18:39:32,960] {dagbag.py:500} INFO - Filling up the DagBag from /home/airflow/.local/lib/python3.6/site-packages/airflow/example_dags/example_xcomargs.py
[2025-12-10 18:39:33,002] {processor.py:654} INFO - DAG(s) dict_keys(['example_xcom_args', 'example_xcom_args_with_operators']) retrieved from /home/airflow/.local/lib/python3.6/site-packages/airflow/example_dags/example_xcomargs.py
[2025-12-10 18:39:33,174] {logging_mixin.py:109} INFO - [2025-12-10 18:39:33,174] {dag.py:2396} INFO - Sync 2 DAGs
[2025-12-10 18:39:33,186] {logging_mixin.py:109} INFO - [2025-12-10 18:39:33,186] {dag.py:2935} INFO - Setting next_dagrun for example_xcom_args to None
[2025-12-10 18:39:33,186] {logging_mixin.py:109} INFO - [2025-12-10 18:39:33,186] {dag.py:2935} INFO - Setting next_dagrun for example_xcom_args_with_operators to None
[2025-12-10 18:39:33,194] {processor.py:171} INFO - Processing /home/airflow/.local/lib/python3.6/site-packages/airflow/example_dags/example_xcomargs.py took 0.250 seconds
[2025-12-10 18:40:03,333] {processor.py:163} INFO - Started process (PID=2031) to work on /home/airflow/.local/lib/python3.6/site-packages/airflow/example_dags/example_xcomargs.py
[2025-12-10 18:40:03,334] {processor.py:642} INFO - Processing file /home/airflow/.local/lib/python3.6/site-packages/airflow/example_dags/example_xcomargs.py for tasks to queue
[2025-12-10 18:40:03,335] {logging_mixin.py:109} INFO - [2025-12-10 18:40:03,335] {dagbag.py:500} INFO - Filling up the DagBag from /home/airflow/.local/lib/python3.6/site-packages/airflow/example_dags/example_xcomargs.py
[2025-12-10 18:40:03,370] {processor.py:654} INFO - DAG(s) dict_keys(['example_xcom_args', 'example_xcom_args_with_operators']) retrieved from /home/airflow/.local/lib/python3.6/site-packages/airflow/example_dags/example_xcomargs.py
[2025-12-10 18:40:03,550] {logging_mixin.py:109} INFO - [2025-12-10 18:40:03,550] {dag.py:2396} INFO - Sync 2 DAGs
[2025-12-10 18:40:03,564] {logging_mixin.py:109} INFO - [2025-12-10 18:40:03,564] {dag.py:2935} INFO - Setting next_dagrun for example_xcom_args to None
[2025-12-10 18:40:03,564] {logging_mixin.py:109} INFO - [2025-12-10 18:40:03,564] {dag.py:2935} INFO - Setting next_dagrun for example_xcom_args_with_operators to None
[2025-12-10 18:40:03,583] {processor.py:171} INFO - Processing /home/airflow/.local/lib/python3.6/site-packages/airflow/example_dags/example_xcomargs.py took 0.253 seconds
[2025-12-10 18:40:33,759] {processor.py:163} INFO - Started process (PID=2093) to work on /home/airflow/.local/lib/python3.6/site-packages/airflow/example_dags/example_xcomargs.py
[2025-12-10 18:40:33,761] {processor.py:642} INFO - Processing file /home/airflow/.local/lib/python3.6/site-packages/airflow/example_dags/example_xcomargs.py for tasks to queue
[2025-12-10 18:40:33,761] {logging_mixin.py:109} INFO - [2025-12-10 18:40:33,761] {dagbag.py:500} INFO - Filling up the DagBag from /home/airflow/.local/lib/python3.6/site-packages/airflow/example_dags/example_xcomargs.py
[2025-12-10 18:40:33,796] {processor.py:654} INFO - DAG(s) dict_keys(['example_xcom_args', 'example_xcom_args_with_operators']) retrieved from /home/airflow/.local/lib/python3.6/site-packages/airflow/example_dags/example_xcomargs.py
[2025-12-10 18:40:33,970] {logging_mixin.py:109} INFO - [2025-12-10 18:40:33,970] {dag.py:2396} INFO - Sync 2 DAGs
[2025-12-10 18:40:33,983] {logging_mixin.py:109} INFO - [2025-12-10 18:40:33,982] {dag.py:2935} INFO - Setting next_dagrun for example_xcom_args to None
[2025-12-10 18:40:33,983] {logging_mixin.py:109} INFO - [2025-12-10 18:40:33,983] {dag.py:2935} INFO - Setting next_dagrun for example_xcom_args_with_operators to None
[2025-12-10 18:40:33,993] {processor.py:171} INFO - Processing /home/airflow/.local/lib/python3.6/site-packages/airflow/example_dags/example_xcomargs.py took 0.237 seconds
[2025-12-10 18:41:04,201] {processor.py:163} INFO - Started process (PID=2145) to work on /home/airflow/.local/lib/python3.6/site-packages/airflow/example_dags/example_xcomargs.py
[2025-12-10 18:41:04,203] {processor.py:642} INFO - Processing file /home/airflow/.local/lib/python3.6/site-packages/airflow/example_dags/example_xcomargs.py for tasks to queue
[2025-12-10 18:41:04,203] {logging_mixin.py:109} INFO - [2025-12-10 18:41:04,203] {dagbag.py:500} INFO - Filling up the DagBag from /home/airflow/.local/lib/python3.6/site-packages/airflow/example_dags/example_xcomargs.py
[2025-12-10 18:41:04,244] {processor.py:654} INFO - DAG(s) dict_keys(['example_xcom_args', 'example_xcom_args_with_operators']) retrieved from /home/airflow/.local/lib/python3.6/site-packages/airflow/example_dags/example_xcomargs.py
[2025-12-10 18:41:04,454] {logging_mixin.py:109} INFO - [2025-12-10 18:41:04,454] {dag.py:2396} INFO - Sync 2 DAGs
[2025-12-10 18:41:04,468] {logging_mixin.py:109} INFO - [2025-12-10 18:41:04,468] {dag.py:2935} INFO - Setting next_dagrun for example_xcom_args to None
[2025-12-10 18:41:04,468] {logging_mixin.py:109} INFO - [2025-12-10 18:41:04,468] {dag.py:2935} INFO - Setting next_dagrun for example_xcom_args_with_operators to None
[2025-12-10 18:41:04,487] {processor.py:171} INFO - Processing /home/airflow/.local/lib/python3.6/site-packages/airflow/example_dags/example_xcomargs.py took 0.289 seconds
[2025-12-10 18:41:34,654] {processor.py:163} INFO - Started process (PID=2207) to work on /home/airflow/.local/lib/python3.6/site-packages/airflow/example_dags/example_xcomargs.py
[2025-12-10 18:41:34,664] {processor.py:642} INFO - Processing file /home/airflow/.local/lib/python3.6/site-packages/airflow/example_dags/example_xcomargs.py for tasks to queue
[2025-12-10 18:41:34,665] {logging_mixin.py:109} INFO - [2025-12-10 18:41:34,665] {dagbag.py:500} INFO - Filling up the DagBag from /home/airflow/.local/lib/python3.6/site-packages/airflow/example_dags/example_xcomargs.py
[2025-12-10 18:41:34,702] {processor.py:654} INFO - DAG(s) dict_keys(['example_xcom_args', 'example_xcom_args_with_operators']) retrieved from /home/airflow/.local/lib/python3.6/site-packages/airflow/example_dags/example_xcomargs.py
[2025-12-10 18:41:34,883] {logging_mixin.py:109} INFO - [2025-12-10 18:41:34,882] {dag.py:2396} INFO - Sync 2 DAGs
[2025-12-10 18:41:34,896] {logging_mixin.py:109} INFO - [2025-12-10 18:41:34,896] {dag.py:2935} INFO - Setting next_dagrun for example_xcom_args to None
[2025-12-10 18:41:34,897] {logging_mixin.py:109} INFO - [2025-12-10 18:41:34,897] {dag.py:2935} INFO - Setting next_dagrun for example_xcom_args_with_operators to None
[2025-12-10 18:41:34,907] {processor.py:171} INFO - Processing /home/airflow/.local/lib/python3.6/site-packages/airflow/example_dags/example_xcomargs.py took 0.257 seconds
[2025-12-10 18:42:04,963] {processor.py:163} INFO - Started process (PID=2260) to work on /home/airflow/.local/lib/python3.6/site-packages/airflow/example_dags/example_xcomargs.py
[2025-12-10 18:42:04,965] {processor.py:642} INFO - Processing file /home/airflow/.local/lib/python3.6/site-packages/airflow/example_dags/example_xcomargs.py for tasks to queue
[2025-12-10 18:42:04,965] {logging_mixin.py:109} INFO - [2025-12-10 18:42:04,965] {dagbag.py:500} INFO - Filling up the DagBag from /home/airflow/.local/lib/python3.6/site-packages/airflow/example_dags/example_xcomargs.py
[2025-12-10 18:42:05,005] {processor.py:654} INFO - DAG(s) dict_keys(['example_xcom_args', 'example_xcom_args_with_operators']) retrieved from /home/airflow/.local/lib/python3.6/site-packages/airflow/example_dags/example_xcomargs.py
[2025-12-10 18:42:05,209] {logging_mixin.py:109} INFO - [2025-12-10 18:42:05,209] {dag.py:2396} INFO - Sync 2 DAGs
[2025-12-10 18:42:05,225] {logging_mixin.py:109} INFO - [2025-12-10 18:42:05,225] {dag.py:2935} INFO - Setting next_dagrun for example_xcom_args to None
[2025-12-10 18:42:05,225] {logging_mixin.py:109} INFO - [2025-12-10 18:42:05,225] {dag.py:2935} INFO - Setting next_dagrun for example_xcom_args_with_operators to None
[2025-12-10 18:42:05,243] {processor.py:171} INFO - Processing /home/airflow/.local/lib/python3.6/site-packages/airflow/example_dags/example_xcomargs.py took 0.283 seconds
[2025-12-10 18:42:35,413] {processor.py:163} INFO - Started process (PID=2321) to work on /home/airflow/.local/lib/python3.6/site-packages/airflow/example_dags/example_xcomargs.py
[2025-12-10 18:42:35,423] {processor.py:642} INFO - Processing file /home/airflow/.local/lib/python3.6/site-packages/airflow/example_dags/example_xcomargs.py for tasks to queue
[2025-12-10 18:42:35,424] {logging_mixin.py:109} INFO - [2025-12-10 18:42:35,424] {dagbag.py:500} INFO - Filling up the DagBag from /home/airflow/.local/lib/python3.6/site-packages/airflow/example_dags/example_xcomargs.py
[2025-12-10 18:42:35,462] {processor.py:654} INFO - DAG(s) dict_keys(['example_xcom_args', 'example_xcom_args_with_operators']) retrieved from /home/airflow/.local/lib/python3.6/site-packages/airflow/example_dags/example_xcomargs.py
[2025-12-10 18:42:35,642] {logging_mixin.py:109} INFO - [2025-12-10 18:42:35,642] {dag.py:2396} INFO - Sync 2 DAGs
[2025-12-10 18:42:35,656] {logging_mixin.py:109} INFO - [2025-12-10 18:42:35,656] {dag.py:2935} INFO - Setting next_dagrun for example_xcom_args to None
[2025-12-10 18:42:35,656] {logging_mixin.py:109} INFO - [2025-12-10 18:42:35,656] {dag.py:2935} INFO - Setting next_dagrun for example_xcom_args_with_operators to None
[2025-12-10 18:42:35,666] {processor.py:171} INFO - Processing /home/airflow/.local/lib/python3.6/site-packages/airflow/example_dags/example_xcomargs.py took 0.256 seconds
[2025-12-10 18:43:05,897] {processor.py:163} INFO - Started process (PID=2373) to work on /home/airflow/.local/lib/python3.6/site-packages/airflow/example_dags/example_xcomargs.py
[2025-12-10 18:43:05,898] {processor.py:642} INFO - Processing file /home/airflow/.local/lib/python3.6/site-packages/airflow/example_dags/example_xcomargs.py for tasks to queue
[2025-12-10 18:43:05,899] {logging_mixin.py:109} INFO - [2025-12-10 18:43:05,899] {dagbag.py:500} INFO - Filling up the DagBag from /home/airflow/.local/lib/python3.6/site-packages/airflow/example_dags/example_xcomargs.py
[2025-12-10 18:43:05,938] {processor.py:654} INFO - DAG(s) dict_keys(['example_xcom_args', 'example_xcom_args_with_operators']) retrieved from /home/airflow/.local/lib/python3.6/site-packages/airflow/example_dags/example_xcomargs.py
[2025-12-10 18:43:06,139] {logging_mixin.py:109} INFO - [2025-12-10 18:43:06,139] {dag.py:2396} INFO - Sync 2 DAGs
[2025-12-10 18:43:06,155] {logging_mixin.py:109} INFO - [2025-12-10 18:43:06,155] {dag.py:2935} INFO - Setting next_dagrun for example_xcom_args to None
[2025-12-10 18:43:06,155] {logging_mixin.py:109} INFO - [2025-12-10 18:43:06,155] {dag.py:2935} INFO - Setting next_dagrun for example_xcom_args_with_operators to None
[2025-12-10 18:43:06,179] {processor.py:171} INFO - Processing /home/airflow/.local/lib/python3.6/site-packages/airflow/example_dags/example_xcomargs.py took 0.286 seconds
[2025-12-10 18:43:36,574] {processor.py:163} INFO - Started process (PID=2435) to work on /home/airflow/.local/lib/python3.6/site-packages/airflow/example_dags/example_xcomargs.py
[2025-12-10 18:43:36,585] {processor.py:642} INFO - Processing file /home/airflow/.local/lib/python3.6/site-packages/airflow/example_dags/example_xcomargs.py for tasks to queue
[2025-12-10 18:43:36,585] {logging_mixin.py:109} INFO - [2025-12-10 18:43:36,585] {dagbag.py:500} INFO - Filling up the DagBag from /home/airflow/.local/lib/python3.6/site-packages/airflow/example_dags/example_xcomargs.py
[2025-12-10 18:43:36,620] {processor.py:654} INFO - DAG(s) dict_keys(['example_xcom_args', 'example_xcom_args_with_operators']) retrieved from /home/airflow/.local/lib/python3.6/site-packages/airflow/example_dags/example_xcomargs.py
[2025-12-10 18:43:36,786] {logging_mixin.py:109} INFO - [2025-12-10 18:43:36,785] {dag.py:2396} INFO - Sync 2 DAGs
[2025-12-10 18:43:36,798] {logging_mixin.py:109} INFO - [2025-12-10 18:43:36,798] {dag.py:2935} INFO - Setting next_dagrun for example_xcom_args to None
[2025-12-10 18:43:36,798] {logging_mixin.py:109} INFO - [2025-12-10 18:43:36,798] {dag.py:2935} INFO - Setting next_dagrun for example_xcom_args_with_operators to None
[2025-12-10 18:43:36,806] {processor.py:171} INFO - Processing /home/airflow/.local/lib/python3.6/site-packages/airflow/example_dags/example_xcomargs.py took 0.236 seconds
[2025-12-10 18:44:06,829] {processor.py:163} INFO - Started process (PID=2494) to work on /home/airflow/.local/lib/python3.6/site-packages/airflow/example_dags/example_xcomargs.py
[2025-12-10 18:44:06,831] {processor.py:642} INFO - Processing file /home/airflow/.local/lib/python3.6/site-packages/airflow/example_dags/example_xcomargs.py for tasks to queue
[2025-12-10 18:44:06,831] {logging_mixin.py:109} INFO - [2025-12-10 18:44:06,831] {dagbag.py:500} INFO - Filling up the DagBag from /home/airflow/.local/lib/python3.6/site-packages/airflow/example_dags/example_xcomargs.py
[2025-12-10 18:44:06,874] {processor.py:654} INFO - DAG(s) dict_keys(['example_xcom_args', 'example_xcom_args_with_operators']) retrieved from /home/airflow/.local/lib/python3.6/site-packages/airflow/example_dags/example_xcomargs.py
[2025-12-10 18:44:06,885] {logging_mixin.py:109} INFO - [2025-12-10 18:44:06,885] {dag.py:2396} INFO - Sync 2 DAGs
[2025-12-10 18:44:06,899] {logging_mixin.py:109} INFO - [2025-12-10 18:44:06,899] {dag.py:2935} INFO - Setting next_dagrun for example_xcom_args to None
[2025-12-10 18:44:06,900] {logging_mixin.py:109} INFO - [2025-12-10 18:44:06,900] {dag.py:2935} INFO - Setting next_dagrun for example_xcom_args_with_operators to None
[2025-12-10 18:44:06,919] {processor.py:171} INFO - Processing /home/airflow/.local/lib/python3.6/site-packages/airflow/example_dags/example_xcomargs.py took 0.096 seconds
[2025-12-10 18:46:28,352] {processor.py:163} INFO - Started process (PID=44) to work on /home/airflow/.local/lib/python3.6/site-packages/airflow/example_dags/example_xcomargs.py
[2025-12-10 18:46:28,355] {processor.py:642} INFO - Processing file /home/airflow/.local/lib/python3.6/site-packages/airflow/example_dags/example_xcomargs.py for tasks to queue
[2025-12-10 18:46:28,356] {logging_mixin.py:109} INFO - [2025-12-10 18:46:28,356] {dagbag.py:500} INFO - Filling up the DagBag from /home/airflow/.local/lib/python3.6/site-packages/airflow/example_dags/example_xcomargs.py
[2025-12-10 18:46:28,428] {processor.py:654} INFO - DAG(s) dict_keys(['example_xcom_args', 'example_xcom_args_with_operators']) retrieved from /home/airflow/.local/lib/python3.6/site-packages/airflow/example_dags/example_xcomargs.py
[2025-12-10 18:46:28,909] {logging_mixin.py:109} INFO - [2025-12-10 18:46:28,909] {dag.py:2396} INFO - Sync 2 DAGs
[2025-12-10 18:46:28,941] {logging_mixin.py:109} INFO - [2025-12-10 18:46:28,941] {dag.py:2935} INFO - Setting next_dagrun for example_xcom_args to None
[2025-12-10 18:46:28,941] {logging_mixin.py:109} INFO - [2025-12-10 18:46:28,941] {dag.py:2935} INFO - Setting next_dagrun for example_xcom_args_with_operators to None
[2025-12-10 18:46:28,966] {processor.py:171} INFO - Processing /home/airflow/.local/lib/python3.6/site-packages/airflow/example_dags/example_xcomargs.py took 0.622 seconds
[2025-12-10 18:46:59,294] {processor.py:163} INFO - Started process (PID=96) to work on /home/airflow/.local/lib/python3.6/site-packages/airflow/example_dags/example_xcomargs.py
[2025-12-10 18:46:59,296] {processor.py:642} INFO - Processing file /home/airflow/.local/lib/python3.6/site-packages/airflow/example_dags/example_xcomargs.py for tasks to queue
[2025-12-10 18:46:59,298] {logging_mixin.py:109} INFO - [2025-12-10 18:46:59,297] {dagbag.py:500} INFO - Filling up the DagBag from /home/airflow/.local/lib/python3.6/site-packages/airflow/example_dags/example_xcomargs.py
[2025-12-10 18:46:59,365] {processor.py:654} INFO - DAG(s) dict_keys(['example_xcom_args', 'example_xcom_args_with_operators']) retrieved from /home/airflow/.local/lib/python3.6/site-packages/airflow/example_dags/example_xcomargs.py
[2025-12-10 18:46:59,842] {logging_mixin.py:109} INFO - [2025-12-10 18:46:59,842] {dag.py:2396} INFO - Sync 2 DAGs
[2025-12-10 18:46:59,870] {logging_mixin.py:109} INFO - [2025-12-10 18:46:59,869] {dag.py:2935} INFO - Setting next_dagrun for example_xcom_args to None
[2025-12-10 18:46:59,870] {logging_mixin.py:109} INFO - [2025-12-10 18:46:59,870] {dag.py:2935} INFO - Setting next_dagrun for example_xcom_args_with_operators to None
[2025-12-10 18:46:59,888] {processor.py:171} INFO - Processing /home/airflow/.local/lib/python3.6/site-packages/airflow/example_dags/example_xcomargs.py took 0.600 seconds
[2025-12-10 18:47:30,111] {processor.py:163} INFO - Started process (PID=149) to work on /home/airflow/.local/lib/python3.6/site-packages/airflow/example_dags/example_xcomargs.py
[2025-12-10 18:47:30,113] {processor.py:642} INFO - Processing file /home/airflow/.local/lib/python3.6/site-packages/airflow/example_dags/example_xcomargs.py for tasks to queue
[2025-12-10 18:47:30,114] {logging_mixin.py:109} INFO - [2025-12-10 18:47:30,114] {dagbag.py:500} INFO - Filling up the DagBag from /home/airflow/.local/lib/python3.6/site-packages/airflow/example_dags/example_xcomargs.py
[2025-12-10 18:47:30,183] {processor.py:654} INFO - DAG(s) dict_keys(['example_xcom_args', 'example_xcom_args_with_operators']) retrieved from /home/airflow/.local/lib/python3.6/site-packages/airflow/example_dags/example_xcomargs.py
[2025-12-10 18:47:30,501] {logging_mixin.py:109} INFO - [2025-12-10 18:47:30,500] {dag.py:2396} INFO - Sync 2 DAGs
[2025-12-10 18:47:30,520] {logging_mixin.py:109} INFO - [2025-12-10 18:47:30,519] {dag.py:2935} INFO - Setting next_dagrun for example_xcom_args to None
[2025-12-10 18:47:30,520] {logging_mixin.py:109} INFO - [2025-12-10 18:47:30,520] {dag.py:2935} INFO - Setting next_dagrun for example_xcom_args_with_operators to None
[2025-12-10 18:47:30,533] {processor.py:171} INFO - Processing /home/airflow/.local/lib/python3.6/site-packages/airflow/example_dags/example_xcomargs.py took 0.429 seconds
[2025-12-10 18:48:00,845] {processor.py:163} INFO - Started process (PID=211) to work on /home/airflow/.local/lib/python3.6/site-packages/airflow/example_dags/example_xcomargs.py
[2025-12-10 18:48:00,848] {processor.py:642} INFO - Processing file /home/airflow/.local/lib/python3.6/site-packages/airflow/example_dags/example_xcomargs.py for tasks to queue
[2025-12-10 18:48:00,849] {logging_mixin.py:109} INFO - [2025-12-10 18:48:00,849] {dagbag.py:500} INFO - Filling up the DagBag from /home/airflow/.local/lib/python3.6/site-packages/airflow/example_dags/example_xcomargs.py
[2025-12-10 18:48:00,918] {processor.py:654} INFO - DAG(s) dict_keys(['example_xcom_args', 'example_xcom_args_with_operators']) retrieved from /home/airflow/.local/lib/python3.6/site-packages/airflow/example_dags/example_xcomargs.py
[2025-12-10 18:48:01,167] {logging_mixin.py:109} INFO - [2025-12-10 18:48:01,167] {dag.py:2396} INFO - Sync 2 DAGs
[2025-12-10 18:48:01,184] {logging_mixin.py:109} INFO - [2025-12-10 18:48:01,184] {dag.py:2935} INFO - Setting next_dagrun for example_xcom_args to None
[2025-12-10 18:48:01,185] {logging_mixin.py:109} INFO - [2025-12-10 18:48:01,185] {dag.py:2935} INFO - Setting next_dagrun for example_xcom_args_with_operators to None
[2025-12-10 18:48:01,196] {processor.py:171} INFO - Processing /home/airflow/.local/lib/python3.6/site-packages/airflow/example_dags/example_xcomargs.py took 0.356 seconds
[2025-12-10 18:48:31,828] {processor.py:163} INFO - Started process (PID=263) to work on /home/airflow/.local/lib/python3.6/site-packages/airflow/example_dags/example_xcomargs.py
[2025-12-10 18:48:31,835] {processor.py:642} INFO - Processing file /home/airflow/.local/lib/python3.6/site-packages/airflow/example_dags/example_xcomargs.py for tasks to queue
[2025-12-10 18:48:31,836] {logging_mixin.py:109} INFO - [2025-12-10 18:48:31,836] {dagbag.py:500} INFO - Filling up the DagBag from /home/airflow/.local/lib/python3.6/site-packages/airflow/example_dags/example_xcomargs.py
[2025-12-10 18:48:31,874] {processor.py:654} INFO - DAG(s) dict_keys(['example_xcom_args', 'example_xcom_args_with_operators']) retrieved from /home/airflow/.local/lib/python3.6/site-packages/airflow/example_dags/example_xcomargs.py
[2025-12-10 18:48:32,069] {logging_mixin.py:109} INFO - [2025-12-10 18:48:32,069] {dag.py:2396} INFO - Sync 2 DAGs
[2025-12-10 18:48:32,082] {logging_mixin.py:109} INFO - [2025-12-10 18:48:32,082] {dag.py:2935} INFO - Setting next_dagrun for example_xcom_args to None
[2025-12-10 18:48:32,082] {logging_mixin.py:109} INFO - [2025-12-10 18:48:32,082] {dag.py:2935} INFO - Setting next_dagrun for example_xcom_args_with_operators to None
[2025-12-10 18:48:32,091] {processor.py:171} INFO - Processing /home/airflow/.local/lib/python3.6/site-packages/airflow/example_dags/example_xcomargs.py took 0.266 seconds
[2025-12-10 18:49:02,143] {processor.py:163} INFO - Started process (PID=327) to work on /home/airflow/.local/lib/python3.6/site-packages/airflow/example_dags/example_xcomargs.py
[2025-12-10 18:49:02,145] {processor.py:642} INFO - Processing file /home/airflow/.local/lib/python3.6/site-packages/airflow/example_dags/example_xcomargs.py for tasks to queue
[2025-12-10 18:49:02,145] {logging_mixin.py:109} INFO - [2025-12-10 18:49:02,145] {dagbag.py:500} INFO - Filling up the DagBag from /home/airflow/.local/lib/python3.6/site-packages/airflow/example_dags/example_xcomargs.py
[2025-12-10 18:49:02,183] {processor.py:654} INFO - DAG(s) dict_keys(['example_xcom_args', 'example_xcom_args_with_operators']) retrieved from /home/airflow/.local/lib/python3.6/site-packages/airflow/example_dags/example_xcomargs.py
[2025-12-10 18:49:02,379] {logging_mixin.py:109} INFO - [2025-12-10 18:49:02,378] {dag.py:2396} INFO - Sync 2 DAGs
[2025-12-10 18:49:02,393] {logging_mixin.py:109} INFO - [2025-12-10 18:49:02,393] {dag.py:2935} INFO - Setting next_dagrun for example_xcom_args to None
[2025-12-10 18:49:02,393] {logging_mixin.py:109} INFO - [2025-12-10 18:49:02,393] {dag.py:2935} INFO - Setting next_dagrun for example_xcom_args_with_operators to None
[2025-12-10 18:49:02,403] {processor.py:171} INFO - Processing /home/airflow/.local/lib/python3.6/site-packages/airflow/example_dags/example_xcomargs.py took 0.263 seconds
[2025-12-10 18:49:32,489] {processor.py:163} INFO - Started process (PID=378) to work on /home/airflow/.local/lib/python3.6/site-packages/airflow/example_dags/example_xcomargs.py
[2025-12-10 18:49:32,497] {processor.py:642} INFO - Processing file /home/airflow/.local/lib/python3.6/site-packages/airflow/example_dags/example_xcomargs.py for tasks to queue
[2025-12-10 18:49:32,497] {logging_mixin.py:109} INFO - [2025-12-10 18:49:32,497] {dagbag.py:500} INFO - Filling up the DagBag from /home/airflow/.local/lib/python3.6/site-packages/airflow/example_dags/example_xcomargs.py
[2025-12-10 18:49:32,528] {processor.py:654} INFO - DAG(s) dict_keys(['example_xcom_args', 'example_xcom_args_with_operators']) retrieved from /home/airflow/.local/lib/python3.6/site-packages/airflow/example_dags/example_xcomargs.py
[2025-12-10 18:49:32,681] {logging_mixin.py:109} INFO - [2025-12-10 18:49:32,681] {dag.py:2396} INFO - Sync 2 DAGs
[2025-12-10 18:49:32,692] {logging_mixin.py:109} INFO - [2025-12-10 18:49:32,692] {dag.py:2935} INFO - Setting next_dagrun for example_xcom_args to None
[2025-12-10 18:49:32,692] {logging_mixin.py:109} INFO - [2025-12-10 18:49:32,692] {dag.py:2935} INFO - Setting next_dagrun for example_xcom_args_with_operators to None
[2025-12-10 18:49:32,701] {processor.py:171} INFO - Processing /home/airflow/.local/lib/python3.6/site-packages/airflow/example_dags/example_xcomargs.py took 0.214 seconds
[2025-12-10 18:50:02,743] {processor.py:163} INFO - Started process (PID=441) to work on /home/airflow/.local/lib/python3.6/site-packages/airflow/example_dags/example_xcomargs.py
[2025-12-10 18:50:02,744] {processor.py:642} INFO - Processing file /home/airflow/.local/lib/python3.6/site-packages/airflow/example_dags/example_xcomargs.py for tasks to queue
[2025-12-10 18:50:02,745] {logging_mixin.py:109} INFO - [2025-12-10 18:50:02,745] {dagbag.py:500} INFO - Filling up the DagBag from /home/airflow/.local/lib/python3.6/site-packages/airflow/example_dags/example_xcomargs.py
[2025-12-10 18:50:02,779] {processor.py:654} INFO - DAG(s) dict_keys(['example_xcom_args', 'example_xcom_args_with_operators']) retrieved from /home/airflow/.local/lib/python3.6/site-packages/airflow/example_dags/example_xcomargs.py
[2025-12-10 18:50:02,950] {logging_mixin.py:109} INFO - [2025-12-10 18:50:02,950] {dag.py:2396} INFO - Sync 2 DAGs
[2025-12-10 18:50:02,964] {logging_mixin.py:109} INFO - [2025-12-10 18:50:02,964] {dag.py:2935} INFO - Setting next_dagrun for example_xcom_args to None
[2025-12-10 18:50:02,964] {logging_mixin.py:109} INFO - [2025-12-10 18:50:02,964] {dag.py:2935} INFO - Setting next_dagrun for example_xcom_args_with_operators to None
[2025-12-10 18:50:02,973] {processor.py:171} INFO - Processing /home/airflow/.local/lib/python3.6/site-packages/airflow/example_dags/example_xcomargs.py took 0.234 seconds
[2025-12-10 18:51:08,082] {processor.py:163} INFO - Started process (PID=44) to work on /home/airflow/.local/lib/python3.6/site-packages/airflow/example_dags/example_xcomargs.py
[2025-12-10 18:51:08,084] {processor.py:642} INFO - Processing file /home/airflow/.local/lib/python3.6/site-packages/airflow/example_dags/example_xcomargs.py for tasks to queue
[2025-12-10 18:51:08,085] {logging_mixin.py:109} INFO - [2025-12-10 18:51:08,085] {dagbag.py:500} INFO - Filling up the DagBag from /home/airflow/.local/lib/python3.6/site-packages/airflow/example_dags/example_xcomargs.py
[2025-12-10 18:51:08,148] {processor.py:654} INFO - DAG(s) dict_keys(['example_xcom_args', 'example_xcom_args_with_operators']) retrieved from /home/airflow/.local/lib/python3.6/site-packages/airflow/example_dags/example_xcomargs.py
[2025-12-10 18:51:14,178] {logging_mixin.py:109} INFO - [2025-12-10 18:51:14,178] {manager.py:496} INFO - Created Permission View: can read on DAG:example_xcom_args
[2025-12-10 18:51:14,191] {logging_mixin.py:109} INFO - [2025-12-10 18:51:14,191] {manager.py:496} INFO - Created Permission View: can edit on DAG:example_xcom_args
[2025-12-10 18:51:14,214] {logging_mixin.py:109} INFO - [2025-12-10 18:51:14,214] {manager.py:496} INFO - Created Permission View: can read on DAG:example_xcom_args_with_operators
[2025-12-10 18:51:14,225] {logging_mixin.py:109} INFO - [2025-12-10 18:51:14,225] {manager.py:496} INFO - Created Permission View: can edit on DAG:example_xcom_args_with_operators
[2025-12-10 18:51:14,229] {logging_mixin.py:109} INFO - [2025-12-10 18:51:14,226] {dag.py:2396} INFO - Sync 2 DAGs
[2025-12-10 18:51:14,245] {logging_mixin.py:109} INFO - [2025-12-10 18:51:14,241] {dag.py:2415} INFO - Creating ORM DAG for example_xcom_args
[2025-12-10 18:51:14,246] {logging_mixin.py:109} INFO - [2025-12-10 18:51:14,246] {dag.py:2415} INFO - Creating ORM DAG for example_xcom_args_with_operators
[2025-12-10 18:51:14,260] {logging_mixin.py:109} INFO - [2025-12-10 18:51:14,260] {dag.py:2935} INFO - Setting next_dagrun for example_xcom_args to None
[2025-12-10 18:51:14,261] {logging_mixin.py:109} INFO - [2025-12-10 18:51:14,261] {dag.py:2935} INFO - Setting next_dagrun for example_xcom_args_with_operators to None
[2025-12-10 18:51:14,281] {processor.py:171} INFO - Processing /home/airflow/.local/lib/python3.6/site-packages/airflow/example_dags/example_xcomargs.py took 6.205 seconds
[2025-12-10 18:51:44,420] {processor.py:163} INFO - Started process (PID=466) to work on /home/airflow/.local/lib/python3.6/site-packages/airflow/example_dags/example_xcomargs.py
[2025-12-10 18:51:44,427] {processor.py:642} INFO - Processing file /home/airflow/.local/lib/python3.6/site-packages/airflow/example_dags/example_xcomargs.py for tasks to queue
[2025-12-10 18:51:44,427] {logging_mixin.py:109} INFO - [2025-12-10 18:51:44,427] {dagbag.py:500} INFO - Filling up the DagBag from /home/airflow/.local/lib/python3.6/site-packages/airflow/example_dags/example_xcomargs.py
[2025-12-10 18:51:44,464] {processor.py:654} INFO - DAG(s) dict_keys(['example_xcom_args', 'example_xcom_args_with_operators']) retrieved from /home/airflow/.local/lib/python3.6/site-packages/airflow/example_dags/example_xcomargs.py
[2025-12-10 18:51:44,636] {logging_mixin.py:109} INFO - [2025-12-10 18:51:44,636] {dag.py:2396} INFO - Sync 2 DAGs
[2025-12-10 18:51:44,648] {logging_mixin.py:109} INFO - [2025-12-10 18:51:44,648] {dag.py:2935} INFO - Setting next_dagrun for example_xcom_args to None
[2025-12-10 18:51:44,648] {logging_mixin.py:109} INFO - [2025-12-10 18:51:44,648] {dag.py:2935} INFO - Setting next_dagrun for example_xcom_args_with_operators to None
[2025-12-10 18:51:44,665] {processor.py:171} INFO - Processing /home/airflow/.local/lib/python3.6/site-packages/airflow/example_dags/example_xcomargs.py took 0.248 seconds
[2025-12-10 18:52:15,254] {processor.py:163} INFO - Started process (PID=518) to work on /home/airflow/.local/lib/python3.6/site-packages/airflow/example_dags/example_xcomargs.py
[2025-12-10 18:52:15,262] {processor.py:642} INFO - Processing file /home/airflow/.local/lib/python3.6/site-packages/airflow/example_dags/example_xcomargs.py for tasks to queue
[2025-12-10 18:52:15,262] {logging_mixin.py:109} INFO - [2025-12-10 18:52:15,262] {dagbag.py:500} INFO - Filling up the DagBag from /home/airflow/.local/lib/python3.6/site-packages/airflow/example_dags/example_xcomargs.py
[2025-12-10 18:52:15,295] {processor.py:654} INFO - DAG(s) dict_keys(['example_xcom_args', 'example_xcom_args_with_operators']) retrieved from /home/airflow/.local/lib/python3.6/site-packages/airflow/example_dags/example_xcomargs.py
[2025-12-10 18:52:15,461] {logging_mixin.py:109} INFO - [2025-12-10 18:52:15,461] {dag.py:2396} INFO - Sync 2 DAGs
[2025-12-10 18:52:15,475] {logging_mixin.py:109} INFO - [2025-12-10 18:52:15,475] {dag.py:2935} INFO - Setting next_dagrun for example_xcom_args to None
[2025-12-10 18:52:15,475] {logging_mixin.py:109} INFO - [2025-12-10 18:52:15,475] {dag.py:2935} INFO - Setting next_dagrun for example_xcom_args_with_operators to None
[2025-12-10 18:52:15,493] {processor.py:171} INFO - Processing /home/airflow/.local/lib/python3.6/site-packages/airflow/example_dags/example_xcomargs.py took 0.241 seconds
