[2025-12-10 18:25:56,267] {processor.py:163} INFO - Started process (PID=132) to work on /home/airflow/.local/lib/python3.6/site-packages/airflow/example_dags/example_trigger_controller_dag.py
[2025-12-10 18:25:56,270] {processor.py:642} INFO - Processing file /home/airflow/.local/lib/python3.6/site-packages/airflow/example_dags/example_trigger_controller_dag.py for tasks to queue
[2025-12-10 18:25:56,271] {logging_mixin.py:109} INFO - [2025-12-10 18:25:56,271] {dagbag.py:500} INFO - Filling up the DagBag from /home/airflow/.local/lib/python3.6/site-packages/airflow/example_dags/example_trigger_controller_dag.py
[2025-12-10 18:25:56,332] {processor.py:654} INFO - DAG(s) dict_keys(['example_trigger_controller_dag']) retrieved from /home/airflow/.local/lib/python3.6/site-packages/airflow/example_dags/example_trigger_controller_dag.py
[2025-12-10 18:25:58,998] {logging_mixin.py:109} INFO - [2025-12-10 18:25:58,998] {manager.py:496} INFO - Created Permission View: can edit on DAG:example_trigger_controller_dag
[2025-12-10 18:25:59,008] {logging_mixin.py:109} INFO - [2025-12-10 18:25:59,008] {manager.py:496} INFO - Created Permission View: can read on DAG:example_trigger_controller_dag
[2025-12-10 18:25:59,009] {logging_mixin.py:109} INFO - [2025-12-10 18:25:59,008] {dag.py:2396} INFO - Sync 1 DAGs
[2025-12-10 18:25:59,018] {logging_mixin.py:109} INFO - [2025-12-10 18:25:59,017] {dag.py:2415} INFO - Creating ORM DAG for example_trigger_controller_dag
[2025-12-10 18:25:59,025] {logging_mixin.py:109} INFO - [2025-12-10 18:25:59,025] {dag.py:2935} INFO - Setting next_dagrun for example_trigger_controller_dag to 2021-01-01T00:00:00+00:00
[2025-12-10 18:25:59,037] {processor.py:171} INFO - Processing /home/airflow/.local/lib/python3.6/site-packages/airflow/example_dags/example_trigger_controller_dag.py took 2.789 seconds
[2025-12-10 18:26:29,328] {processor.py:163} INFO - Started process (PID=472) to work on /home/airflow/.local/lib/python3.6/site-packages/airflow/example_dags/example_trigger_controller_dag.py
[2025-12-10 18:26:29,336] {processor.py:642} INFO - Processing file /home/airflow/.local/lib/python3.6/site-packages/airflow/example_dags/example_trigger_controller_dag.py for tasks to queue
[2025-12-10 18:26:29,337] {logging_mixin.py:109} INFO - [2025-12-10 18:26:29,336] {dagbag.py:500} INFO - Filling up the DagBag from /home/airflow/.local/lib/python3.6/site-packages/airflow/example_dags/example_trigger_controller_dag.py
[2025-12-10 18:26:29,369] {processor.py:654} INFO - DAG(s) dict_keys(['example_trigger_controller_dag']) retrieved from /home/airflow/.local/lib/python3.6/site-packages/airflow/example_dags/example_trigger_controller_dag.py
[2025-12-10 18:26:29,380] {logging_mixin.py:109} INFO - [2025-12-10 18:26:29,380] {dag.py:2396} INFO - Sync 1 DAGs
[2025-12-10 18:26:29,399] {logging_mixin.py:109} INFO - [2025-12-10 18:26:29,399] {dag.py:2935} INFO - Setting next_dagrun for example_trigger_controller_dag to 2021-01-01T00:00:00+00:00
[2025-12-10 18:26:29,422] {processor.py:171} INFO - Processing /home/airflow/.local/lib/python3.6/site-packages/airflow/example_dags/example_trigger_controller_dag.py took 0.097 seconds
[2025-12-10 18:26:59,509] {processor.py:163} INFO - Started process (PID=534) to work on /home/airflow/.local/lib/python3.6/site-packages/airflow/example_dags/example_trigger_controller_dag.py
[2025-12-10 18:26:59,517] {processor.py:642} INFO - Processing file /home/airflow/.local/lib/python3.6/site-packages/airflow/example_dags/example_trigger_controller_dag.py for tasks to queue
[2025-12-10 18:26:59,518] {logging_mixin.py:109} INFO - [2025-12-10 18:26:59,518] {dagbag.py:500} INFO - Filling up the DagBag from /home/airflow/.local/lib/python3.6/site-packages/airflow/example_dags/example_trigger_controller_dag.py
[2025-12-10 18:26:59,548] {processor.py:654} INFO - DAG(s) dict_keys(['example_trigger_controller_dag']) retrieved from /home/airflow/.local/lib/python3.6/site-packages/airflow/example_dags/example_trigger_controller_dag.py
[2025-12-10 18:26:59,556] {logging_mixin.py:109} INFO - [2025-12-10 18:26:59,556] {dag.py:2396} INFO - Sync 1 DAGs
[2025-12-10 18:26:59,569] {logging_mixin.py:109} INFO - [2025-12-10 18:26:59,569] {dag.py:2935} INFO - Setting next_dagrun for example_trigger_controller_dag to 2021-01-01T00:00:00+00:00
[2025-12-10 18:26:59,576] {processor.py:171} INFO - Processing /home/airflow/.local/lib/python3.6/site-packages/airflow/example_dags/example_trigger_controller_dag.py took 0.070 seconds
[2025-12-10 18:27:29,834] {processor.py:163} INFO - Started process (PID=586) to work on /home/airflow/.local/lib/python3.6/site-packages/airflow/example_dags/example_trigger_controller_dag.py
[2025-12-10 18:27:29,836] {processor.py:642} INFO - Processing file /home/airflow/.local/lib/python3.6/site-packages/airflow/example_dags/example_trigger_controller_dag.py for tasks to queue
[2025-12-10 18:27:29,836] {logging_mixin.py:109} INFO - [2025-12-10 18:27:29,836] {dagbag.py:500} INFO - Filling up the DagBag from /home/airflow/.local/lib/python3.6/site-packages/airflow/example_dags/example_trigger_controller_dag.py
[2025-12-10 18:27:29,865] {processor.py:654} INFO - DAG(s) dict_keys(['example_trigger_controller_dag']) retrieved from /home/airflow/.local/lib/python3.6/site-packages/airflow/example_dags/example_trigger_controller_dag.py
[2025-12-10 18:27:29,875] {logging_mixin.py:109} INFO - [2025-12-10 18:27:29,875] {dag.py:2396} INFO - Sync 1 DAGs
[2025-12-10 18:27:29,889] {logging_mixin.py:109} INFO - [2025-12-10 18:27:29,889] {dag.py:2935} INFO - Setting next_dagrun for example_trigger_controller_dag to 2021-01-01T00:00:00+00:00
[2025-12-10 18:27:29,896] {processor.py:171} INFO - Processing /home/airflow/.local/lib/python3.6/site-packages/airflow/example_dags/example_trigger_controller_dag.py took 0.066 seconds
[2025-12-10 18:28:00,343] {processor.py:163} INFO - Started process (PID=648) to work on /home/airflow/.local/lib/python3.6/site-packages/airflow/example_dags/example_trigger_controller_dag.py
[2025-12-10 18:28:00,344] {processor.py:642} INFO - Processing file /home/airflow/.local/lib/python3.6/site-packages/airflow/example_dags/example_trigger_controller_dag.py for tasks to queue
[2025-12-10 18:28:00,344] {logging_mixin.py:109} INFO - [2025-12-10 18:28:00,344] {dagbag.py:500} INFO - Filling up the DagBag from /home/airflow/.local/lib/python3.6/site-packages/airflow/example_dags/example_trigger_controller_dag.py
[2025-12-10 18:28:00,370] {processor.py:654} INFO - DAG(s) dict_keys(['example_trigger_controller_dag']) retrieved from /home/airflow/.local/lib/python3.6/site-packages/airflow/example_dags/example_trigger_controller_dag.py
[2025-12-10 18:28:00,378] {logging_mixin.py:109} INFO - [2025-12-10 18:28:00,378] {dag.py:2396} INFO - Sync 1 DAGs
[2025-12-10 18:28:00,392] {logging_mixin.py:109} INFO - [2025-12-10 18:28:00,392] {dag.py:2935} INFO - Setting next_dagrun for example_trigger_controller_dag to 2021-01-01T00:00:00+00:00
[2025-12-10 18:28:00,400] {processor.py:171} INFO - Processing /home/airflow/.local/lib/python3.6/site-packages/airflow/example_dags/example_trigger_controller_dag.py took 0.060 seconds
[2025-12-10 18:28:30,521] {processor.py:163} INFO - Started process (PID=709) to work on /home/airflow/.local/lib/python3.6/site-packages/airflow/example_dags/example_trigger_controller_dag.py
[2025-12-10 18:28:30,529] {processor.py:642} INFO - Processing file /home/airflow/.local/lib/python3.6/site-packages/airflow/example_dags/example_trigger_controller_dag.py for tasks to queue
[2025-12-10 18:28:30,529] {logging_mixin.py:109} INFO - [2025-12-10 18:28:30,529] {dagbag.py:500} INFO - Filling up the DagBag from /home/airflow/.local/lib/python3.6/site-packages/airflow/example_dags/example_trigger_controller_dag.py
[2025-12-10 18:28:30,554] {processor.py:654} INFO - DAG(s) dict_keys(['example_trigger_controller_dag']) retrieved from /home/airflow/.local/lib/python3.6/site-packages/airflow/example_dags/example_trigger_controller_dag.py
[2025-12-10 18:28:30,564] {logging_mixin.py:109} INFO - [2025-12-10 18:28:30,564] {dag.py:2396} INFO - Sync 1 DAGs
[2025-12-10 18:28:30,578] {logging_mixin.py:109} INFO - [2025-12-10 18:28:30,578] {dag.py:2935} INFO - Setting next_dagrun for example_trigger_controller_dag to 2021-01-01T00:00:00+00:00
[2025-12-10 18:28:30,586] {processor.py:171} INFO - Processing /home/airflow/.local/lib/python3.6/site-packages/airflow/example_dags/example_trigger_controller_dag.py took 0.068 seconds
[2025-12-10 18:29:00,660] {processor.py:163} INFO - Started process (PID=762) to work on /home/airflow/.local/lib/python3.6/site-packages/airflow/example_dags/example_trigger_controller_dag.py
[2025-12-10 18:29:00,661] {processor.py:642} INFO - Processing file /home/airflow/.local/lib/python3.6/site-packages/airflow/example_dags/example_trigger_controller_dag.py for tasks to queue
[2025-12-10 18:29:00,662] {logging_mixin.py:109} INFO - [2025-12-10 18:29:00,662] {dagbag.py:500} INFO - Filling up the DagBag from /home/airflow/.local/lib/python3.6/site-packages/airflow/example_dags/example_trigger_controller_dag.py
[2025-12-10 18:29:00,691] {processor.py:654} INFO - DAG(s) dict_keys(['example_trigger_controller_dag']) retrieved from /home/airflow/.local/lib/python3.6/site-packages/airflow/example_dags/example_trigger_controller_dag.py
[2025-12-10 18:29:00,702] {logging_mixin.py:109} INFO - [2025-12-10 18:29:00,701] {dag.py:2396} INFO - Sync 1 DAGs
[2025-12-10 18:29:00,717] {logging_mixin.py:109} INFO - [2025-12-10 18:29:00,717] {dag.py:2935} INFO - Setting next_dagrun for example_trigger_controller_dag to 2021-01-01T00:00:00+00:00
[2025-12-10 18:29:00,725] {processor.py:171} INFO - Processing /home/airflow/.local/lib/python3.6/site-packages/airflow/example_dags/example_trigger_controller_dag.py took 0.070 seconds
[2025-12-10 18:29:31,160] {processor.py:163} INFO - Started process (PID=824) to work on /home/airflow/.local/lib/python3.6/site-packages/airflow/example_dags/example_trigger_controller_dag.py
[2025-12-10 18:29:31,168] {processor.py:642} INFO - Processing file /home/airflow/.local/lib/python3.6/site-packages/airflow/example_dags/example_trigger_controller_dag.py for tasks to queue
[2025-12-10 18:29:31,168] {logging_mixin.py:109} INFO - [2025-12-10 18:29:31,168] {dagbag.py:500} INFO - Filling up the DagBag from /home/airflow/.local/lib/python3.6/site-packages/airflow/example_dags/example_trigger_controller_dag.py
[2025-12-10 18:29:31,193] {processor.py:654} INFO - DAG(s) dict_keys(['example_trigger_controller_dag']) retrieved from /home/airflow/.local/lib/python3.6/site-packages/airflow/example_dags/example_trigger_controller_dag.py
[2025-12-10 18:29:31,202] {logging_mixin.py:109} INFO - [2025-12-10 18:29:31,202] {dag.py:2396} INFO - Sync 1 DAGs
[2025-12-10 18:29:31,215] {logging_mixin.py:109} INFO - [2025-12-10 18:29:31,215] {dag.py:2935} INFO - Setting next_dagrun for example_trigger_controller_dag to 2021-01-01T00:00:00+00:00
[2025-12-10 18:29:31,222] {processor.py:171} INFO - Processing /home/airflow/.local/lib/python3.6/site-packages/airflow/example_dags/example_trigger_controller_dag.py took 0.065 seconds
[2025-12-10 18:30:01,716] {processor.py:163} INFO - Started process (PID=876) to work on /home/airflow/.local/lib/python3.6/site-packages/airflow/example_dags/example_trigger_controller_dag.py
[2025-12-10 18:30:01,717] {processor.py:642} INFO - Processing file /home/airflow/.local/lib/python3.6/site-packages/airflow/example_dags/example_trigger_controller_dag.py for tasks to queue
[2025-12-10 18:30:01,717] {logging_mixin.py:109} INFO - [2025-12-10 18:30:01,717] {dagbag.py:500} INFO - Filling up the DagBag from /home/airflow/.local/lib/python3.6/site-packages/airflow/example_dags/example_trigger_controller_dag.py
[2025-12-10 18:30:01,743] {processor.py:654} INFO - DAG(s) dict_keys(['example_trigger_controller_dag']) retrieved from /home/airflow/.local/lib/python3.6/site-packages/airflow/example_dags/example_trigger_controller_dag.py
[2025-12-10 18:30:01,752] {logging_mixin.py:109} INFO - [2025-12-10 18:30:01,752] {dag.py:2396} INFO - Sync 1 DAGs
[2025-12-10 18:30:01,768] {logging_mixin.py:109} INFO - [2025-12-10 18:30:01,768] {dag.py:2935} INFO - Setting next_dagrun for example_trigger_controller_dag to 2021-01-01T00:00:00+00:00
[2025-12-10 18:30:01,775] {processor.py:171} INFO - Processing /home/airflow/.local/lib/python3.6/site-packages/airflow/example_dags/example_trigger_controller_dag.py took 0.062 seconds
[2025-12-10 18:30:32,119] {processor.py:163} INFO - Started process (PID=938) to work on /home/airflow/.local/lib/python3.6/site-packages/airflow/example_dags/example_trigger_controller_dag.py
[2025-12-10 18:30:32,127] {processor.py:642} INFO - Processing file /home/airflow/.local/lib/python3.6/site-packages/airflow/example_dags/example_trigger_controller_dag.py for tasks to queue
[2025-12-10 18:30:32,128] {logging_mixin.py:109} INFO - [2025-12-10 18:30:32,128] {dagbag.py:500} INFO - Filling up the DagBag from /home/airflow/.local/lib/python3.6/site-packages/airflow/example_dags/example_trigger_controller_dag.py
[2025-12-10 18:30:32,154] {processor.py:654} INFO - DAG(s) dict_keys(['example_trigger_controller_dag']) retrieved from /home/airflow/.local/lib/python3.6/site-packages/airflow/example_dags/example_trigger_controller_dag.py
[2025-12-10 18:30:32,163] {logging_mixin.py:109} INFO - [2025-12-10 18:30:32,163] {dag.py:2396} INFO - Sync 1 DAGs
[2025-12-10 18:30:32,181] {logging_mixin.py:109} INFO - [2025-12-10 18:30:32,181] {dag.py:2935} INFO - Setting next_dagrun for example_trigger_controller_dag to 2021-01-01T00:00:00+00:00
[2025-12-10 18:30:32,188] {processor.py:171} INFO - Processing /home/airflow/.local/lib/python3.6/site-packages/airflow/example_dags/example_trigger_controller_dag.py took 0.071 seconds
[2025-12-10 18:31:02,488] {processor.py:163} INFO - Started process (PID=1000) to work on /home/airflow/.local/lib/python3.6/site-packages/airflow/example_dags/example_trigger_controller_dag.py
[2025-12-10 18:31:02,495] {processor.py:642} INFO - Processing file /home/airflow/.local/lib/python3.6/site-packages/airflow/example_dags/example_trigger_controller_dag.py for tasks to queue
[2025-12-10 18:31:02,496] {logging_mixin.py:109} INFO - [2025-12-10 18:31:02,496] {dagbag.py:500} INFO - Filling up the DagBag from /home/airflow/.local/lib/python3.6/site-packages/airflow/example_dags/example_trigger_controller_dag.py
[2025-12-10 18:31:02,524] {processor.py:654} INFO - DAG(s) dict_keys(['example_trigger_controller_dag']) retrieved from /home/airflow/.local/lib/python3.6/site-packages/airflow/example_dags/example_trigger_controller_dag.py
[2025-12-10 18:31:02,535] {logging_mixin.py:109} INFO - [2025-12-10 18:31:02,535] {dag.py:2396} INFO - Sync 1 DAGs
[2025-12-10 18:31:02,551] {logging_mixin.py:109} INFO - [2025-12-10 18:31:02,550] {dag.py:2935} INFO - Setting next_dagrun for example_trigger_controller_dag to 2021-01-01T00:00:00+00:00
[2025-12-10 18:31:02,559] {processor.py:171} INFO - Processing /home/airflow/.local/lib/python3.6/site-packages/airflow/example_dags/example_trigger_controller_dag.py took 0.074 seconds
[2025-12-10 18:31:32,895] {processor.py:163} INFO - Started process (PID=1052) to work on /home/airflow/.local/lib/python3.6/site-packages/airflow/example_dags/example_trigger_controller_dag.py
[2025-12-10 18:31:32,903] {processor.py:642} INFO - Processing file /home/airflow/.local/lib/python3.6/site-packages/airflow/example_dags/example_trigger_controller_dag.py for tasks to queue
[2025-12-10 18:31:32,904] {logging_mixin.py:109} INFO - [2025-12-10 18:31:32,904] {dagbag.py:500} INFO - Filling up the DagBag from /home/airflow/.local/lib/python3.6/site-packages/airflow/example_dags/example_trigger_controller_dag.py
[2025-12-10 18:31:32,929] {processor.py:654} INFO - DAG(s) dict_keys(['example_trigger_controller_dag']) retrieved from /home/airflow/.local/lib/python3.6/site-packages/airflow/example_dags/example_trigger_controller_dag.py
[2025-12-10 18:31:32,937] {logging_mixin.py:109} INFO - [2025-12-10 18:31:32,937] {dag.py:2396} INFO - Sync 1 DAGs
[2025-12-10 18:31:32,950] {logging_mixin.py:109} INFO - [2025-12-10 18:31:32,950] {dag.py:2935} INFO - Setting next_dagrun for example_trigger_controller_dag to 2021-01-01T00:00:00+00:00
[2025-12-10 18:31:32,957] {processor.py:171} INFO - Processing /home/airflow/.local/lib/python3.6/site-packages/airflow/example_dags/example_trigger_controller_dag.py took 0.064 seconds
[2025-12-10 18:32:03,312] {processor.py:163} INFO - Started process (PID=1114) to work on /home/airflow/.local/lib/python3.6/site-packages/airflow/example_dags/example_trigger_controller_dag.py
[2025-12-10 18:32:03,319] {processor.py:642} INFO - Processing file /home/airflow/.local/lib/python3.6/site-packages/airflow/example_dags/example_trigger_controller_dag.py for tasks to queue
[2025-12-10 18:32:03,320] {logging_mixin.py:109} INFO - [2025-12-10 18:32:03,320] {dagbag.py:500} INFO - Filling up the DagBag from /home/airflow/.local/lib/python3.6/site-packages/airflow/example_dags/example_trigger_controller_dag.py
[2025-12-10 18:32:03,345] {processor.py:654} INFO - DAG(s) dict_keys(['example_trigger_controller_dag']) retrieved from /home/airflow/.local/lib/python3.6/site-packages/airflow/example_dags/example_trigger_controller_dag.py
[2025-12-10 18:32:03,354] {logging_mixin.py:109} INFO - [2025-12-10 18:32:03,354] {dag.py:2396} INFO - Sync 1 DAGs
[2025-12-10 18:32:03,368] {logging_mixin.py:109} INFO - [2025-12-10 18:32:03,368] {dag.py:2935} INFO - Setting next_dagrun for example_trigger_controller_dag to 2021-01-01T00:00:00+00:00
[2025-12-10 18:32:03,375] {processor.py:171} INFO - Processing /home/airflow/.local/lib/python3.6/site-packages/airflow/example_dags/example_trigger_controller_dag.py took 0.066 seconds
[2025-12-10 18:32:33,761] {processor.py:163} INFO - Started process (PID=1166) to work on /home/airflow/.local/lib/python3.6/site-packages/airflow/example_dags/example_trigger_controller_dag.py
[2025-12-10 18:32:33,770] {processor.py:642} INFO - Processing file /home/airflow/.local/lib/python3.6/site-packages/airflow/example_dags/example_trigger_controller_dag.py for tasks to queue
[2025-12-10 18:32:33,770] {logging_mixin.py:109} INFO - [2025-12-10 18:32:33,770] {dagbag.py:500} INFO - Filling up the DagBag from /home/airflow/.local/lib/python3.6/site-packages/airflow/example_dags/example_trigger_controller_dag.py
[2025-12-10 18:32:33,797] {processor.py:654} INFO - DAG(s) dict_keys(['example_trigger_controller_dag']) retrieved from /home/airflow/.local/lib/python3.6/site-packages/airflow/example_dags/example_trigger_controller_dag.py
[2025-12-10 18:32:33,807] {logging_mixin.py:109} INFO - [2025-12-10 18:32:33,806] {dag.py:2396} INFO - Sync 1 DAGs
[2025-12-10 18:32:33,820] {logging_mixin.py:109} INFO - [2025-12-10 18:32:33,820] {dag.py:2935} INFO - Setting next_dagrun for example_trigger_controller_dag to 2021-01-01T00:00:00+00:00
[2025-12-10 18:32:33,827] {processor.py:171} INFO - Processing /home/airflow/.local/lib/python3.6/site-packages/airflow/example_dags/example_trigger_controller_dag.py took 0.069 seconds
[2025-12-10 18:33:04,175] {processor.py:163} INFO - Started process (PID=1228) to work on /home/airflow/.local/lib/python3.6/site-packages/airflow/example_dags/example_trigger_controller_dag.py
[2025-12-10 18:33:04,183] {processor.py:642} INFO - Processing file /home/airflow/.local/lib/python3.6/site-packages/airflow/example_dags/example_trigger_controller_dag.py for tasks to queue
[2025-12-10 18:33:04,183] {logging_mixin.py:109} INFO - [2025-12-10 18:33:04,183] {dagbag.py:500} INFO - Filling up the DagBag from /home/airflow/.local/lib/python3.6/site-packages/airflow/example_dags/example_trigger_controller_dag.py
[2025-12-10 18:33:04,208] {processor.py:654} INFO - DAG(s) dict_keys(['example_trigger_controller_dag']) retrieved from /home/airflow/.local/lib/python3.6/site-packages/airflow/example_dags/example_trigger_controller_dag.py
[2025-12-10 18:33:04,216] {logging_mixin.py:109} INFO - [2025-12-10 18:33:04,216] {dag.py:2396} INFO - Sync 1 DAGs
[2025-12-10 18:33:04,230] {logging_mixin.py:109} INFO - [2025-12-10 18:33:04,230] {dag.py:2935} INFO - Setting next_dagrun for example_trigger_controller_dag to 2021-01-01T00:00:00+00:00
[2025-12-10 18:33:04,237] {processor.py:171} INFO - Processing /home/airflow/.local/lib/python3.6/site-packages/airflow/example_dags/example_trigger_controller_dag.py took 0.065 seconds
[2025-12-10 18:33:34,551] {processor.py:163} INFO - Started process (PID=1290) to work on /home/airflow/.local/lib/python3.6/site-packages/airflow/example_dags/example_trigger_controller_dag.py
[2025-12-10 18:33:34,558] {processor.py:642} INFO - Processing file /home/airflow/.local/lib/python3.6/site-packages/airflow/example_dags/example_trigger_controller_dag.py for tasks to queue
[2025-12-10 18:33:34,559] {logging_mixin.py:109} INFO - [2025-12-10 18:33:34,559] {dagbag.py:500} INFO - Filling up the DagBag from /home/airflow/.local/lib/python3.6/site-packages/airflow/example_dags/example_trigger_controller_dag.py
[2025-12-10 18:33:34,584] {processor.py:654} INFO - DAG(s) dict_keys(['example_trigger_controller_dag']) retrieved from /home/airflow/.local/lib/python3.6/site-packages/airflow/example_dags/example_trigger_controller_dag.py
[2025-12-10 18:33:34,592] {logging_mixin.py:109} INFO - [2025-12-10 18:33:34,592] {dag.py:2396} INFO - Sync 1 DAGs
[2025-12-10 18:33:34,605] {logging_mixin.py:109} INFO - [2025-12-10 18:33:34,604] {dag.py:2935} INFO - Setting next_dagrun for example_trigger_controller_dag to 2021-01-01T00:00:00+00:00
[2025-12-10 18:33:34,611] {processor.py:171} INFO - Processing /home/airflow/.local/lib/python3.6/site-packages/airflow/example_dags/example_trigger_controller_dag.py took 0.064 seconds
[2025-12-10 18:34:04,958] {processor.py:163} INFO - Started process (PID=1343) to work on /home/airflow/.local/lib/python3.6/site-packages/airflow/example_dags/example_trigger_controller_dag.py
[2025-12-10 18:34:04,959] {processor.py:642} INFO - Processing file /home/airflow/.local/lib/python3.6/site-packages/airflow/example_dags/example_trigger_controller_dag.py for tasks to queue
[2025-12-10 18:34:04,959] {logging_mixin.py:109} INFO - [2025-12-10 18:34:04,959] {dagbag.py:500} INFO - Filling up the DagBag from /home/airflow/.local/lib/python3.6/site-packages/airflow/example_dags/example_trigger_controller_dag.py
[2025-12-10 18:34:04,984] {processor.py:654} INFO - DAG(s) dict_keys(['example_trigger_controller_dag']) retrieved from /home/airflow/.local/lib/python3.6/site-packages/airflow/example_dags/example_trigger_controller_dag.py
[2025-12-10 18:34:04,993] {logging_mixin.py:109} INFO - [2025-12-10 18:34:04,993] {dag.py:2396} INFO - Sync 1 DAGs
[2025-12-10 18:34:05,009] {logging_mixin.py:109} INFO - [2025-12-10 18:34:05,009] {dag.py:2935} INFO - Setting next_dagrun for example_trigger_controller_dag to 2021-01-01T00:00:00+00:00
[2025-12-10 18:34:05,016] {processor.py:171} INFO - Processing /home/airflow/.local/lib/python3.6/site-packages/airflow/example_dags/example_trigger_controller_dag.py took 0.061 seconds
[2025-12-10 18:34:35,331] {processor.py:163} INFO - Started process (PID=1405) to work on /home/airflow/.local/lib/python3.6/site-packages/airflow/example_dags/example_trigger_controller_dag.py
[2025-12-10 18:34:35,339] {processor.py:642} INFO - Processing file /home/airflow/.local/lib/python3.6/site-packages/airflow/example_dags/example_trigger_controller_dag.py for tasks to queue
[2025-12-10 18:34:35,340] {logging_mixin.py:109} INFO - [2025-12-10 18:34:35,340] {dagbag.py:500} INFO - Filling up the DagBag from /home/airflow/.local/lib/python3.6/site-packages/airflow/example_dags/example_trigger_controller_dag.py
[2025-12-10 18:34:35,365] {processor.py:654} INFO - DAG(s) dict_keys(['example_trigger_controller_dag']) retrieved from /home/airflow/.local/lib/python3.6/site-packages/airflow/example_dags/example_trigger_controller_dag.py
[2025-12-10 18:34:35,374] {logging_mixin.py:109} INFO - [2025-12-10 18:34:35,374] {dag.py:2396} INFO - Sync 1 DAGs
[2025-12-10 18:34:35,387] {logging_mixin.py:109} INFO - [2025-12-10 18:34:35,387] {dag.py:2935} INFO - Setting next_dagrun for example_trigger_controller_dag to 2021-01-01T00:00:00+00:00
[2025-12-10 18:34:35,394] {processor.py:171} INFO - Processing /home/airflow/.local/lib/python3.6/site-packages/airflow/example_dags/example_trigger_controller_dag.py took 0.065 seconds
[2025-12-10 18:35:05,707] {processor.py:163} INFO - Started process (PID=1467) to work on /home/airflow/.local/lib/python3.6/site-packages/airflow/example_dags/example_trigger_controller_dag.py
[2025-12-10 18:35:05,714] {processor.py:642} INFO - Processing file /home/airflow/.local/lib/python3.6/site-packages/airflow/example_dags/example_trigger_controller_dag.py for tasks to queue
[2025-12-10 18:35:05,715] {logging_mixin.py:109} INFO - [2025-12-10 18:35:05,715] {dagbag.py:500} INFO - Filling up the DagBag from /home/airflow/.local/lib/python3.6/site-packages/airflow/example_dags/example_trigger_controller_dag.py
[2025-12-10 18:35:05,741] {processor.py:654} INFO - DAG(s) dict_keys(['example_trigger_controller_dag']) retrieved from /home/airflow/.local/lib/python3.6/site-packages/airflow/example_dags/example_trigger_controller_dag.py
[2025-12-10 18:35:05,750] {logging_mixin.py:109} INFO - [2025-12-10 18:35:05,750] {dag.py:2396} INFO - Sync 1 DAGs
[2025-12-10 18:35:05,764] {logging_mixin.py:109} INFO - [2025-12-10 18:35:05,764] {dag.py:2935} INFO - Setting next_dagrun for example_trigger_controller_dag to 2021-01-01T00:00:00+00:00
[2025-12-10 18:35:05,772] {processor.py:171} INFO - Processing /home/airflow/.local/lib/python3.6/site-packages/airflow/example_dags/example_trigger_controller_dag.py took 0.068 seconds
[2025-12-10 18:35:35,824] {processor.py:163} INFO - Started process (PID=1519) to work on /home/airflow/.local/lib/python3.6/site-packages/airflow/example_dags/example_trigger_controller_dag.py
[2025-12-10 18:35:35,825] {processor.py:642} INFO - Processing file /home/airflow/.local/lib/python3.6/site-packages/airflow/example_dags/example_trigger_controller_dag.py for tasks to queue
[2025-12-10 18:35:35,826] {logging_mixin.py:109} INFO - [2025-12-10 18:35:35,825] {dagbag.py:500} INFO - Filling up the DagBag from /home/airflow/.local/lib/python3.6/site-packages/airflow/example_dags/example_trigger_controller_dag.py
[2025-12-10 18:35:35,850] {processor.py:654} INFO - DAG(s) dict_keys(['example_trigger_controller_dag']) retrieved from /home/airflow/.local/lib/python3.6/site-packages/airflow/example_dags/example_trigger_controller_dag.py
[2025-12-10 18:35:35,863] {logging_mixin.py:109} INFO - [2025-12-10 18:35:35,863] {dag.py:2396} INFO - Sync 1 DAGs
[2025-12-10 18:35:35,879] {logging_mixin.py:109} INFO - [2025-12-10 18:35:35,878] {dag.py:2935} INFO - Setting next_dagrun for example_trigger_controller_dag to 2021-01-01T00:00:00+00:00
[2025-12-10 18:35:35,886] {processor.py:171} INFO - Processing /home/airflow/.local/lib/python3.6/site-packages/airflow/example_dags/example_trigger_controller_dag.py took 0.065 seconds
[2025-12-10 18:36:06,251] {processor.py:163} INFO - Started process (PID=1581) to work on /home/airflow/.local/lib/python3.6/site-packages/airflow/example_dags/example_trigger_controller_dag.py
[2025-12-10 18:36:06,257] {processor.py:642} INFO - Processing file /home/airflow/.local/lib/python3.6/site-packages/airflow/example_dags/example_trigger_controller_dag.py for tasks to queue
[2025-12-10 18:36:06,258] {logging_mixin.py:109} INFO - [2025-12-10 18:36:06,258] {dagbag.py:500} INFO - Filling up the DagBag from /home/airflow/.local/lib/python3.6/site-packages/airflow/example_dags/example_trigger_controller_dag.py
[2025-12-10 18:36:06,291] {processor.py:654} INFO - DAG(s) dict_keys(['example_trigger_controller_dag']) retrieved from /home/airflow/.local/lib/python3.6/site-packages/airflow/example_dags/example_trigger_controller_dag.py
[2025-12-10 18:36:06,303] {logging_mixin.py:109} INFO - [2025-12-10 18:36:06,303] {dag.py:2396} INFO - Sync 1 DAGs
[2025-12-10 18:36:06,321] {logging_mixin.py:109} INFO - [2025-12-10 18:36:06,320] {dag.py:2935} INFO - Setting next_dagrun for example_trigger_controller_dag to 2021-01-01T00:00:00+00:00
[2025-12-10 18:36:06,330] {processor.py:171} INFO - Processing /home/airflow/.local/lib/python3.6/site-packages/airflow/example_dags/example_trigger_controller_dag.py took 0.083 seconds
[2025-12-10 18:36:37,020] {processor.py:163} INFO - Started process (PID=1633) to work on /home/airflow/.local/lib/python3.6/site-packages/airflow/example_dags/example_trigger_controller_dag.py
[2025-12-10 18:36:37,027] {processor.py:642} INFO - Processing file /home/airflow/.local/lib/python3.6/site-packages/airflow/example_dags/example_trigger_controller_dag.py for tasks to queue
[2025-12-10 18:36:37,027] {logging_mixin.py:109} INFO - [2025-12-10 18:36:37,027] {dagbag.py:500} INFO - Filling up the DagBag from /home/airflow/.local/lib/python3.6/site-packages/airflow/example_dags/example_trigger_controller_dag.py
[2025-12-10 18:36:37,058] {processor.py:654} INFO - DAG(s) dict_keys(['example_trigger_controller_dag']) retrieved from /home/airflow/.local/lib/python3.6/site-packages/airflow/example_dags/example_trigger_controller_dag.py
[2025-12-10 18:36:37,068] {logging_mixin.py:109} INFO - [2025-12-10 18:36:37,068] {dag.py:2396} INFO - Sync 1 DAGs
[2025-12-10 18:36:37,086] {logging_mixin.py:109} INFO - [2025-12-10 18:36:37,085] {dag.py:2935} INFO - Setting next_dagrun for example_trigger_controller_dag to 2021-01-01T00:00:00+00:00
[2025-12-10 18:36:37,095] {processor.py:171} INFO - Processing /home/airflow/.local/lib/python3.6/site-packages/airflow/example_dags/example_trigger_controller_dag.py took 0.078 seconds
[2025-12-10 18:37:07,407] {processor.py:163} INFO - Started process (PID=1695) to work on /home/airflow/.local/lib/python3.6/site-packages/airflow/example_dags/example_trigger_controller_dag.py
[2025-12-10 18:37:07,416] {processor.py:642} INFO - Processing file /home/airflow/.local/lib/python3.6/site-packages/airflow/example_dags/example_trigger_controller_dag.py for tasks to queue
[2025-12-10 18:37:07,416] {logging_mixin.py:109} INFO - [2025-12-10 18:37:07,416] {dagbag.py:500} INFO - Filling up the DagBag from /home/airflow/.local/lib/python3.6/site-packages/airflow/example_dags/example_trigger_controller_dag.py
[2025-12-10 18:37:07,442] {processor.py:654} INFO - DAG(s) dict_keys(['example_trigger_controller_dag']) retrieved from /home/airflow/.local/lib/python3.6/site-packages/airflow/example_dags/example_trigger_controller_dag.py
[2025-12-10 18:37:07,450] {logging_mixin.py:109} INFO - [2025-12-10 18:37:07,450] {dag.py:2396} INFO - Sync 1 DAGs
[2025-12-10 18:37:07,463] {logging_mixin.py:109} INFO - [2025-12-10 18:37:07,463] {dag.py:2935} INFO - Setting next_dagrun for example_trigger_controller_dag to 2021-01-01T00:00:00+00:00
[2025-12-10 18:37:07,470] {processor.py:171} INFO - Processing /home/airflow/.local/lib/python3.6/site-packages/airflow/example_dags/example_trigger_controller_dag.py took 0.066 seconds
[2025-12-10 18:37:37,910] {processor.py:163} INFO - Started process (PID=1757) to work on /home/airflow/.local/lib/python3.6/site-packages/airflow/example_dags/example_trigger_controller_dag.py
[2025-12-10 18:37:37,917] {processor.py:642} INFO - Processing file /home/airflow/.local/lib/python3.6/site-packages/airflow/example_dags/example_trigger_controller_dag.py for tasks to queue
[2025-12-10 18:37:37,917] {logging_mixin.py:109} INFO - [2025-12-10 18:37:37,917] {dagbag.py:500} INFO - Filling up the DagBag from /home/airflow/.local/lib/python3.6/site-packages/airflow/example_dags/example_trigger_controller_dag.py
[2025-12-10 18:37:37,945] {processor.py:654} INFO - DAG(s) dict_keys(['example_trigger_controller_dag']) retrieved from /home/airflow/.local/lib/python3.6/site-packages/airflow/example_dags/example_trigger_controller_dag.py
[2025-12-10 18:37:37,955] {logging_mixin.py:109} INFO - [2025-12-10 18:37:37,955] {dag.py:2396} INFO - Sync 1 DAGs
[2025-12-10 18:37:37,970] {logging_mixin.py:109} INFO - [2025-12-10 18:37:37,970] {dag.py:2935} INFO - Setting next_dagrun for example_trigger_controller_dag to 2021-01-01T00:00:00+00:00
[2025-12-10 18:37:37,979] {processor.py:171} INFO - Processing /home/airflow/.local/lib/python3.6/site-packages/airflow/example_dags/example_trigger_controller_dag.py took 0.072 seconds
[2025-12-10 18:38:08,231] {processor.py:163} INFO - Started process (PID=1809) to work on /home/airflow/.local/lib/python3.6/site-packages/airflow/example_dags/example_trigger_controller_dag.py
[2025-12-10 18:38:08,232] {processor.py:642} INFO - Processing file /home/airflow/.local/lib/python3.6/site-packages/airflow/example_dags/example_trigger_controller_dag.py for tasks to queue
[2025-12-10 18:38:08,232] {logging_mixin.py:109} INFO - [2025-12-10 18:38:08,232] {dagbag.py:500} INFO - Filling up the DagBag from /home/airflow/.local/lib/python3.6/site-packages/airflow/example_dags/example_trigger_controller_dag.py
[2025-12-10 18:38:08,257] {processor.py:654} INFO - DAG(s) dict_keys(['example_trigger_controller_dag']) retrieved from /home/airflow/.local/lib/python3.6/site-packages/airflow/example_dags/example_trigger_controller_dag.py
[2025-12-10 18:38:08,265] {logging_mixin.py:109} INFO - [2025-12-10 18:38:08,265] {dag.py:2396} INFO - Sync 1 DAGs
[2025-12-10 18:38:08,278] {logging_mixin.py:109} INFO - [2025-12-10 18:38:08,278] {dag.py:2935} INFO - Setting next_dagrun for example_trigger_controller_dag to 2021-01-01T00:00:00+00:00
[2025-12-10 18:38:08,286] {processor.py:171} INFO - Processing /home/airflow/.local/lib/python3.6/site-packages/airflow/example_dags/example_trigger_controller_dag.py took 0.057 seconds
[2025-12-10 18:38:38,544] {processor.py:163} INFO - Started process (PID=1871) to work on /home/airflow/.local/lib/python3.6/site-packages/airflow/example_dags/example_trigger_controller_dag.py
[2025-12-10 18:38:38,545] {processor.py:642} INFO - Processing file /home/airflow/.local/lib/python3.6/site-packages/airflow/example_dags/example_trigger_controller_dag.py for tasks to queue
[2025-12-10 18:38:38,545] {logging_mixin.py:109} INFO - [2025-12-10 18:38:38,545] {dagbag.py:500} INFO - Filling up the DagBag from /home/airflow/.local/lib/python3.6/site-packages/airflow/example_dags/example_trigger_controller_dag.py
[2025-12-10 18:38:38,574] {processor.py:654} INFO - DAG(s) dict_keys(['example_trigger_controller_dag']) retrieved from /home/airflow/.local/lib/python3.6/site-packages/airflow/example_dags/example_trigger_controller_dag.py
[2025-12-10 18:38:38,582] {logging_mixin.py:109} INFO - [2025-12-10 18:38:38,582] {dag.py:2396} INFO - Sync 1 DAGs
[2025-12-10 18:38:38,598] {logging_mixin.py:109} INFO - [2025-12-10 18:38:38,598] {dag.py:2935} INFO - Setting next_dagrun for example_trigger_controller_dag to 2021-01-01T00:00:00+00:00
[2025-12-10 18:38:38,606] {processor.py:171} INFO - Processing /home/airflow/.local/lib/python3.6/site-packages/airflow/example_dags/example_trigger_controller_dag.py took 0.066 seconds
[2025-12-10 18:39:08,823] {processor.py:163} INFO - Started process (PID=1923) to work on /home/airflow/.local/lib/python3.6/site-packages/airflow/example_dags/example_trigger_controller_dag.py
[2025-12-10 18:39:08,824] {processor.py:642} INFO - Processing file /home/airflow/.local/lib/python3.6/site-packages/airflow/example_dags/example_trigger_controller_dag.py for tasks to queue
[2025-12-10 18:39:08,825] {logging_mixin.py:109} INFO - [2025-12-10 18:39:08,825] {dagbag.py:500} INFO - Filling up the DagBag from /home/airflow/.local/lib/python3.6/site-packages/airflow/example_dags/example_trigger_controller_dag.py
[2025-12-10 18:39:08,857] {processor.py:654} INFO - DAG(s) dict_keys(['example_trigger_controller_dag']) retrieved from /home/airflow/.local/lib/python3.6/site-packages/airflow/example_dags/example_trigger_controller_dag.py
[2025-12-10 18:39:08,868] {logging_mixin.py:109} INFO - [2025-12-10 18:39:08,868] {dag.py:2396} INFO - Sync 1 DAGs
[2025-12-10 18:39:08,885] {logging_mixin.py:109} INFO - [2025-12-10 18:39:08,885] {dag.py:2935} INFO - Setting next_dagrun for example_trigger_controller_dag to 2021-01-01T00:00:00+00:00
[2025-12-10 18:39:08,892] {processor.py:171} INFO - Processing /home/airflow/.local/lib/python3.6/site-packages/airflow/example_dags/example_trigger_controller_dag.py took 0.072 seconds
[2025-12-10 18:39:39,234] {processor.py:163} INFO - Started process (PID=1985) to work on /home/airflow/.local/lib/python3.6/site-packages/airflow/example_dags/example_trigger_controller_dag.py
[2025-12-10 18:39:39,241] {processor.py:642} INFO - Processing file /home/airflow/.local/lib/python3.6/site-packages/airflow/example_dags/example_trigger_controller_dag.py for tasks to queue
[2025-12-10 18:39:39,241] {logging_mixin.py:109} INFO - [2025-12-10 18:39:39,241] {dagbag.py:500} INFO - Filling up the DagBag from /home/airflow/.local/lib/python3.6/site-packages/airflow/example_dags/example_trigger_controller_dag.py
[2025-12-10 18:39:39,269] {processor.py:654} INFO - DAG(s) dict_keys(['example_trigger_controller_dag']) retrieved from /home/airflow/.local/lib/python3.6/site-packages/airflow/example_dags/example_trigger_controller_dag.py
[2025-12-10 18:39:39,279] {logging_mixin.py:109} INFO - [2025-12-10 18:39:39,279] {dag.py:2396} INFO - Sync 1 DAGs
[2025-12-10 18:39:39,296] {logging_mixin.py:109} INFO - [2025-12-10 18:39:39,295] {dag.py:2935} INFO - Setting next_dagrun for example_trigger_controller_dag to 2021-01-01T00:00:00+00:00
[2025-12-10 18:39:39,304] {processor.py:171} INFO - Processing /home/airflow/.local/lib/python3.6/site-packages/airflow/example_dags/example_trigger_controller_dag.py took 0.073 seconds
[2025-12-10 18:40:09,630] {processor.py:163} INFO - Started process (PID=2047) to work on /home/airflow/.local/lib/python3.6/site-packages/airflow/example_dags/example_trigger_controller_dag.py
[2025-12-10 18:40:09,631] {processor.py:642} INFO - Processing file /home/airflow/.local/lib/python3.6/site-packages/airflow/example_dags/example_trigger_controller_dag.py for tasks to queue
[2025-12-10 18:40:09,631] {logging_mixin.py:109} INFO - [2025-12-10 18:40:09,631] {dagbag.py:500} INFO - Filling up the DagBag from /home/airflow/.local/lib/python3.6/site-packages/airflow/example_dags/example_trigger_controller_dag.py
[2025-12-10 18:40:09,657] {processor.py:654} INFO - DAG(s) dict_keys(['example_trigger_controller_dag']) retrieved from /home/airflow/.local/lib/python3.6/site-packages/airflow/example_dags/example_trigger_controller_dag.py
[2025-12-10 18:40:09,666] {logging_mixin.py:109} INFO - [2025-12-10 18:40:09,666] {dag.py:2396} INFO - Sync 1 DAGs
[2025-12-10 18:40:09,680] {logging_mixin.py:109} INFO - [2025-12-10 18:40:09,680] {dag.py:2935} INFO - Setting next_dagrun for example_trigger_controller_dag to 2021-01-01T00:00:00+00:00
[2025-12-10 18:40:09,687] {processor.py:171} INFO - Processing /home/airflow/.local/lib/python3.6/site-packages/airflow/example_dags/example_trigger_controller_dag.py took 0.061 seconds
[2025-12-10 18:40:39,843] {processor.py:163} INFO - Started process (PID=2099) to work on /home/airflow/.local/lib/python3.6/site-packages/airflow/example_dags/example_trigger_controller_dag.py
[2025-12-10 18:40:39,850] {processor.py:642} INFO - Processing file /home/airflow/.local/lib/python3.6/site-packages/airflow/example_dags/example_trigger_controller_dag.py for tasks to queue
[2025-12-10 18:40:39,851] {logging_mixin.py:109} INFO - [2025-12-10 18:40:39,850] {dagbag.py:500} INFO - Filling up the DagBag from /home/airflow/.local/lib/python3.6/site-packages/airflow/example_dags/example_trigger_controller_dag.py
[2025-12-10 18:40:39,878] {processor.py:654} INFO - DAG(s) dict_keys(['example_trigger_controller_dag']) retrieved from /home/airflow/.local/lib/python3.6/site-packages/airflow/example_dags/example_trigger_controller_dag.py
[2025-12-10 18:40:39,888] {logging_mixin.py:109} INFO - [2025-12-10 18:40:39,888] {dag.py:2396} INFO - Sync 1 DAGs
[2025-12-10 18:40:39,905] {logging_mixin.py:109} INFO - [2025-12-10 18:40:39,905] {dag.py:2935} INFO - Setting next_dagrun for example_trigger_controller_dag to 2021-01-01T00:00:00+00:00
[2025-12-10 18:40:39,915] {processor.py:171} INFO - Processing /home/airflow/.local/lib/python3.6/site-packages/airflow/example_dags/example_trigger_controller_dag.py took 0.076 seconds
[2025-12-10 18:41:10,298] {processor.py:163} INFO - Started process (PID=2161) to work on /home/airflow/.local/lib/python3.6/site-packages/airflow/example_dags/example_trigger_controller_dag.py
[2025-12-10 18:41:10,299] {processor.py:642} INFO - Processing file /home/airflow/.local/lib/python3.6/site-packages/airflow/example_dags/example_trigger_controller_dag.py for tasks to queue
[2025-12-10 18:41:10,299] {logging_mixin.py:109} INFO - [2025-12-10 18:41:10,299] {dagbag.py:500} INFO - Filling up the DagBag from /home/airflow/.local/lib/python3.6/site-packages/airflow/example_dags/example_trigger_controller_dag.py
[2025-12-10 18:41:10,328] {processor.py:654} INFO - DAG(s) dict_keys(['example_trigger_controller_dag']) retrieved from /home/airflow/.local/lib/python3.6/site-packages/airflow/example_dags/example_trigger_controller_dag.py
[2025-12-10 18:41:10,337] {logging_mixin.py:109} INFO - [2025-12-10 18:41:10,337] {dag.py:2396} INFO - Sync 1 DAGs
[2025-12-10 18:41:10,353] {logging_mixin.py:109} INFO - [2025-12-10 18:41:10,353] {dag.py:2935} INFO - Setting next_dagrun for example_trigger_controller_dag to 2021-01-01T00:00:00+00:00
[2025-12-10 18:41:10,362] {processor.py:171} INFO - Processing /home/airflow/.local/lib/python3.6/site-packages/airflow/example_dags/example_trigger_controller_dag.py took 0.067 seconds
[2025-12-10 18:41:40,684] {processor.py:163} INFO - Started process (PID=2213) to work on /home/airflow/.local/lib/python3.6/site-packages/airflow/example_dags/example_trigger_controller_dag.py
[2025-12-10 18:41:40,691] {processor.py:642} INFO - Processing file /home/airflow/.local/lib/python3.6/site-packages/airflow/example_dags/example_trigger_controller_dag.py for tasks to queue
[2025-12-10 18:41:40,692] {logging_mixin.py:109} INFO - [2025-12-10 18:41:40,692] {dagbag.py:500} INFO - Filling up the DagBag from /home/airflow/.local/lib/python3.6/site-packages/airflow/example_dags/example_trigger_controller_dag.py
[2025-12-10 18:41:40,722] {processor.py:654} INFO - DAG(s) dict_keys(['example_trigger_controller_dag']) retrieved from /home/airflow/.local/lib/python3.6/site-packages/airflow/example_dags/example_trigger_controller_dag.py
[2025-12-10 18:41:40,733] {logging_mixin.py:109} INFO - [2025-12-10 18:41:40,733] {dag.py:2396} INFO - Sync 1 DAGs
[2025-12-10 18:41:40,750] {logging_mixin.py:109} INFO - [2025-12-10 18:41:40,750] {dag.py:2935} INFO - Setting next_dagrun for example_trigger_controller_dag to 2021-01-01T00:00:00+00:00
[2025-12-10 18:41:40,759] {processor.py:171} INFO - Processing /home/airflow/.local/lib/python3.6/site-packages/airflow/example_dags/example_trigger_controller_dag.py took 0.078 seconds
[2025-12-10 18:42:10,866] {processor.py:163} INFO - Started process (PID=2275) to work on /home/airflow/.local/lib/python3.6/site-packages/airflow/example_dags/example_trigger_controller_dag.py
[2025-12-10 18:42:10,874] {processor.py:642} INFO - Processing file /home/airflow/.local/lib/python3.6/site-packages/airflow/example_dags/example_trigger_controller_dag.py for tasks to queue
[2025-12-10 18:42:10,874] {logging_mixin.py:109} INFO - [2025-12-10 18:42:10,874] {dagbag.py:500} INFO - Filling up the DagBag from /home/airflow/.local/lib/python3.6/site-packages/airflow/example_dags/example_trigger_controller_dag.py
[2025-12-10 18:42:10,902] {processor.py:654} INFO - DAG(s) dict_keys(['example_trigger_controller_dag']) retrieved from /home/airflow/.local/lib/python3.6/site-packages/airflow/example_dags/example_trigger_controller_dag.py
[2025-12-10 18:42:10,913] {logging_mixin.py:109} INFO - [2025-12-10 18:42:10,913] {dag.py:2396} INFO - Sync 1 DAGs
[2025-12-10 18:42:10,928] {logging_mixin.py:109} INFO - [2025-12-10 18:42:10,928] {dag.py:2935} INFO - Setting next_dagrun for example_trigger_controller_dag to 2021-01-01T00:00:00+00:00
[2025-12-10 18:42:10,936] {processor.py:171} INFO - Processing /home/airflow/.local/lib/python3.6/site-packages/airflow/example_dags/example_trigger_controller_dag.py took 0.073 seconds
[2025-12-10 18:42:41,515] {processor.py:163} INFO - Started process (PID=2327) to work on /home/airflow/.local/lib/python3.6/site-packages/airflow/example_dags/example_trigger_controller_dag.py
[2025-12-10 18:42:41,522] {processor.py:642} INFO - Processing file /home/airflow/.local/lib/python3.6/site-packages/airflow/example_dags/example_trigger_controller_dag.py for tasks to queue
[2025-12-10 18:42:41,522] {logging_mixin.py:109} INFO - [2025-12-10 18:42:41,522] {dagbag.py:500} INFO - Filling up the DagBag from /home/airflow/.local/lib/python3.6/site-packages/airflow/example_dags/example_trigger_controller_dag.py
[2025-12-10 18:42:41,552] {processor.py:654} INFO - DAG(s) dict_keys(['example_trigger_controller_dag']) retrieved from /home/airflow/.local/lib/python3.6/site-packages/airflow/example_dags/example_trigger_controller_dag.py
[2025-12-10 18:42:41,563] {logging_mixin.py:109} INFO - [2025-12-10 18:42:41,563] {dag.py:2396} INFO - Sync 1 DAGs
[2025-12-10 18:42:41,580] {logging_mixin.py:109} INFO - [2025-12-10 18:42:41,580] {dag.py:2935} INFO - Setting next_dagrun for example_trigger_controller_dag to 2021-01-01T00:00:00+00:00
[2025-12-10 18:42:41,589] {processor.py:171} INFO - Processing /home/airflow/.local/lib/python3.6/site-packages/airflow/example_dags/example_trigger_controller_dag.py took 0.077 seconds
[2025-12-10 18:43:11,996] {processor.py:163} INFO - Started process (PID=2389) to work on /home/airflow/.local/lib/python3.6/site-packages/airflow/example_dags/example_trigger_controller_dag.py
[2025-12-10 18:43:12,003] {processor.py:642} INFO - Processing file /home/airflow/.local/lib/python3.6/site-packages/airflow/example_dags/example_trigger_controller_dag.py for tasks to queue
[2025-12-10 18:43:12,004] {logging_mixin.py:109} INFO - [2025-12-10 18:43:12,004] {dagbag.py:500} INFO - Filling up the DagBag from /home/airflow/.local/lib/python3.6/site-packages/airflow/example_dags/example_trigger_controller_dag.py
[2025-12-10 18:43:12,034] {processor.py:654} INFO - DAG(s) dict_keys(['example_trigger_controller_dag']) retrieved from /home/airflow/.local/lib/python3.6/site-packages/airflow/example_dags/example_trigger_controller_dag.py
[2025-12-10 18:43:12,045] {logging_mixin.py:109} INFO - [2025-12-10 18:43:12,045] {dag.py:2396} INFO - Sync 1 DAGs
[2025-12-10 18:43:12,062] {logging_mixin.py:109} INFO - [2025-12-10 18:43:12,062] {dag.py:2935} INFO - Setting next_dagrun for example_trigger_controller_dag to 2021-01-01T00:00:00+00:00
[2025-12-10 18:43:12,070] {processor.py:171} INFO - Processing /home/airflow/.local/lib/python3.6/site-packages/airflow/example_dags/example_trigger_controller_dag.py took 0.078 seconds
[2025-12-10 18:43:42,654] {processor.py:163} INFO - Started process (PID=2450) to work on /home/airflow/.local/lib/python3.6/site-packages/airflow/example_dags/example_trigger_controller_dag.py
[2025-12-10 18:43:42,661] {processor.py:642} INFO - Processing file /home/airflow/.local/lib/python3.6/site-packages/airflow/example_dags/example_trigger_controller_dag.py for tasks to queue
[2025-12-10 18:43:42,662] {logging_mixin.py:109} INFO - [2025-12-10 18:43:42,661] {dagbag.py:500} INFO - Filling up the DagBag from /home/airflow/.local/lib/python3.6/site-packages/airflow/example_dags/example_trigger_controller_dag.py
[2025-12-10 18:43:42,688] {processor.py:654} INFO - DAG(s) dict_keys(['example_trigger_controller_dag']) retrieved from /home/airflow/.local/lib/python3.6/site-packages/airflow/example_dags/example_trigger_controller_dag.py
[2025-12-10 18:43:42,697] {logging_mixin.py:109} INFO - [2025-12-10 18:43:42,697] {dag.py:2396} INFO - Sync 1 DAGs
[2025-12-10 18:43:42,712] {logging_mixin.py:109} INFO - [2025-12-10 18:43:42,712] {dag.py:2935} INFO - Setting next_dagrun for example_trigger_controller_dag to 2021-01-01T00:00:00+00:00
[2025-12-10 18:43:42,719] {processor.py:171} INFO - Processing /home/airflow/.local/lib/python3.6/site-packages/airflow/example_dags/example_trigger_controller_dag.py took 0.068 seconds
[2025-12-10 18:44:12,773] {processor.py:163} INFO - Started process (PID=2503) to work on /home/airflow/.local/lib/python3.6/site-packages/airflow/example_dags/example_trigger_controller_dag.py
[2025-12-10 18:44:12,774] {processor.py:642} INFO - Processing file /home/airflow/.local/lib/python3.6/site-packages/airflow/example_dags/example_trigger_controller_dag.py for tasks to queue
[2025-12-10 18:44:12,774] {logging_mixin.py:109} INFO - [2025-12-10 18:44:12,774] {dagbag.py:500} INFO - Filling up the DagBag from /home/airflow/.local/lib/python3.6/site-packages/airflow/example_dags/example_trigger_controller_dag.py
[2025-12-10 18:44:12,800] {processor.py:654} INFO - DAG(s) dict_keys(['example_trigger_controller_dag']) retrieved from /home/airflow/.local/lib/python3.6/site-packages/airflow/example_dags/example_trigger_controller_dag.py
[2025-12-10 18:44:12,810] {logging_mixin.py:109} INFO - [2025-12-10 18:44:12,810] {dag.py:2396} INFO - Sync 1 DAGs
[2025-12-10 18:44:12,824] {logging_mixin.py:109} INFO - [2025-12-10 18:44:12,824] {dag.py:2935} INFO - Setting next_dagrun for example_trigger_controller_dag to 2021-01-01T00:00:00+00:00
[2025-12-10 18:44:12,832] {processor.py:171} INFO - Processing /home/airflow/.local/lib/python3.6/site-packages/airflow/example_dags/example_trigger_controller_dag.py took 0.063 seconds
[2025-12-10 18:46:29,126] {processor.py:163} INFO - Started process (PID=50) to work on /home/airflow/.local/lib/python3.6/site-packages/airflow/example_dags/example_trigger_controller_dag.py
[2025-12-10 18:46:29,128] {processor.py:642} INFO - Processing file /home/airflow/.local/lib/python3.6/site-packages/airflow/example_dags/example_trigger_controller_dag.py for tasks to queue
[2025-12-10 18:46:29,129] {logging_mixin.py:109} INFO - [2025-12-10 18:46:29,129] {dagbag.py:500} INFO - Filling up the DagBag from /home/airflow/.local/lib/python3.6/site-packages/airflow/example_dags/example_trigger_controller_dag.py
[2025-12-10 18:46:29,164] {processor.py:654} INFO - DAG(s) dict_keys(['example_trigger_controller_dag']) retrieved from /home/airflow/.local/lib/python3.6/site-packages/airflow/example_dags/example_trigger_controller_dag.py
[2025-12-10 18:46:29,179] {logging_mixin.py:109} INFO - [2025-12-10 18:46:29,179] {dag.py:2396} INFO - Sync 1 DAGs
[2025-12-10 18:46:29,199] {logging_mixin.py:109} INFO - [2025-12-10 18:46:29,198] {dag.py:2935} INFO - Setting next_dagrun for example_trigger_controller_dag to 2021-01-01T00:00:00+00:00
[2025-12-10 18:46:29,209] {processor.py:171} INFO - Processing /home/airflow/.local/lib/python3.6/site-packages/airflow/example_dags/example_trigger_controller_dag.py took 0.087 seconds
[2025-12-10 18:47:00,283] {processor.py:163} INFO - Started process (PID=102) to work on /home/airflow/.local/lib/python3.6/site-packages/airflow/example_dags/example_trigger_controller_dag.py
[2025-12-10 18:47:00,287] {processor.py:642} INFO - Processing file /home/airflow/.local/lib/python3.6/site-packages/airflow/example_dags/example_trigger_controller_dag.py for tasks to queue
[2025-12-10 18:47:00,288] {logging_mixin.py:109} INFO - [2025-12-10 18:47:00,288] {dagbag.py:500} INFO - Filling up the DagBag from /home/airflow/.local/lib/python3.6/site-packages/airflow/example_dags/example_trigger_controller_dag.py
[2025-12-10 18:47:00,353] {processor.py:654} INFO - DAG(s) dict_keys(['example_trigger_controller_dag']) retrieved from /home/airflow/.local/lib/python3.6/site-packages/airflow/example_dags/example_trigger_controller_dag.py
[2025-12-10 18:47:00,380] {logging_mixin.py:109} INFO - [2025-12-10 18:47:00,380] {dag.py:2396} INFO - Sync 1 DAGs
[2025-12-10 18:47:00,411] {logging_mixin.py:109} INFO - [2025-12-10 18:47:00,411] {dag.py:2935} INFO - Setting next_dagrun for example_trigger_controller_dag to 2021-01-01T00:00:00+00:00
[2025-12-10 18:47:00,423] {processor.py:171} INFO - Processing /home/airflow/.local/lib/python3.6/site-packages/airflow/example_dags/example_trigger_controller_dag.py took 0.147 seconds
[2025-12-10 18:47:30,692] {processor.py:163} INFO - Started process (PID=155) to work on /home/airflow/.local/lib/python3.6/site-packages/airflow/example_dags/example_trigger_controller_dag.py
[2025-12-10 18:47:30,693] {processor.py:642} INFO - Processing file /home/airflow/.local/lib/python3.6/site-packages/airflow/example_dags/example_trigger_controller_dag.py for tasks to queue
[2025-12-10 18:47:30,694] {logging_mixin.py:109} INFO - [2025-12-10 18:47:30,694] {dagbag.py:500} INFO - Filling up the DagBag from /home/airflow/.local/lib/python3.6/site-packages/airflow/example_dags/example_trigger_controller_dag.py
[2025-12-10 18:47:30,727] {processor.py:654} INFO - DAG(s) dict_keys(['example_trigger_controller_dag']) retrieved from /home/airflow/.local/lib/python3.6/site-packages/airflow/example_dags/example_trigger_controller_dag.py
[2025-12-10 18:47:30,743] {logging_mixin.py:109} INFO - [2025-12-10 18:47:30,743] {dag.py:2396} INFO - Sync 1 DAGs
[2025-12-10 18:47:30,764] {logging_mixin.py:109} INFO - [2025-12-10 18:47:30,763] {dag.py:2935} INFO - Setting next_dagrun for example_trigger_controller_dag to 2021-01-01T00:00:00+00:00
[2025-12-10 18:47:30,773] {processor.py:171} INFO - Processing /home/airflow/.local/lib/python3.6/site-packages/airflow/example_dags/example_trigger_controller_dag.py took 0.087 seconds
[2025-12-10 18:48:01,395] {processor.py:163} INFO - Started process (PID=217) to work on /home/airflow/.local/lib/python3.6/site-packages/airflow/example_dags/example_trigger_controller_dag.py
[2025-12-10 18:48:01,397] {processor.py:642} INFO - Processing file /home/airflow/.local/lib/python3.6/site-packages/airflow/example_dags/example_trigger_controller_dag.py for tasks to queue
[2025-12-10 18:48:01,398] {logging_mixin.py:109} INFO - [2025-12-10 18:48:01,397] {dagbag.py:500} INFO - Filling up the DagBag from /home/airflow/.local/lib/python3.6/site-packages/airflow/example_dags/example_trigger_controller_dag.py
[2025-12-10 18:48:01,426] {processor.py:654} INFO - DAG(s) dict_keys(['example_trigger_controller_dag']) retrieved from /home/airflow/.local/lib/python3.6/site-packages/airflow/example_dags/example_trigger_controller_dag.py
[2025-12-10 18:48:01,436] {logging_mixin.py:109} INFO - [2025-12-10 18:48:01,436] {dag.py:2396} INFO - Sync 1 DAGs
[2025-12-10 18:48:01,453] {logging_mixin.py:109} INFO - [2025-12-10 18:48:01,453] {dag.py:2935} INFO - Setting next_dagrun for example_trigger_controller_dag to 2021-01-01T00:00:00+00:00
[2025-12-10 18:48:01,462] {processor.py:171} INFO - Processing /home/airflow/.local/lib/python3.6/site-packages/airflow/example_dags/example_trigger_controller_dag.py took 0.070 seconds
[2025-12-10 18:48:32,288] {processor.py:163} INFO - Started process (PID=269) to work on /home/airflow/.local/lib/python3.6/site-packages/airflow/example_dags/example_trigger_controller_dag.py
[2025-12-10 18:48:32,289] {processor.py:642} INFO - Processing file /home/airflow/.local/lib/python3.6/site-packages/airflow/example_dags/example_trigger_controller_dag.py for tasks to queue
[2025-12-10 18:48:32,290] {logging_mixin.py:109} INFO - [2025-12-10 18:48:32,290] {dagbag.py:500} INFO - Filling up the DagBag from /home/airflow/.local/lib/python3.6/site-packages/airflow/example_dags/example_trigger_controller_dag.py
[2025-12-10 18:48:32,319] {processor.py:654} INFO - DAG(s) dict_keys(['example_trigger_controller_dag']) retrieved from /home/airflow/.local/lib/python3.6/site-packages/airflow/example_dags/example_trigger_controller_dag.py
[2025-12-10 18:48:32,328] {logging_mixin.py:109} INFO - [2025-12-10 18:48:32,328] {dag.py:2396} INFO - Sync 1 DAGs
[2025-12-10 18:48:32,343] {logging_mixin.py:109} INFO - [2025-12-10 18:48:32,342] {dag.py:2935} INFO - Setting next_dagrun for example_trigger_controller_dag to 2021-01-01T00:00:00+00:00
[2025-12-10 18:48:32,352] {processor.py:171} INFO - Processing /home/airflow/.local/lib/python3.6/site-packages/airflow/example_dags/example_trigger_controller_dag.py took 0.067 seconds
[2025-12-10 18:49:02,430] {processor.py:163} INFO - Started process (PID=332) to work on /home/airflow/.local/lib/python3.6/site-packages/airflow/example_dags/example_trigger_controller_dag.py
[2025-12-10 18:49:02,432] {processor.py:642} INFO - Processing file /home/airflow/.local/lib/python3.6/site-packages/airflow/example_dags/example_trigger_controller_dag.py for tasks to queue
[2025-12-10 18:49:02,432] {logging_mixin.py:109} INFO - [2025-12-10 18:49:02,432] {dagbag.py:500} INFO - Filling up the DagBag from /home/airflow/.local/lib/python3.6/site-packages/airflow/example_dags/example_trigger_controller_dag.py
[2025-12-10 18:49:02,464] {processor.py:654} INFO - DAG(s) dict_keys(['example_trigger_controller_dag']) retrieved from /home/airflow/.local/lib/python3.6/site-packages/airflow/example_dags/example_trigger_controller_dag.py
[2025-12-10 18:49:02,475] {logging_mixin.py:109} INFO - [2025-12-10 18:49:02,475] {dag.py:2396} INFO - Sync 1 DAGs
[2025-12-10 18:49:02,491] {logging_mixin.py:109} INFO - [2025-12-10 18:49:02,491] {dag.py:2935} INFO - Setting next_dagrun for example_trigger_controller_dag to 2021-01-01T00:00:00+00:00
[2025-12-10 18:49:02,499] {processor.py:171} INFO - Processing /home/airflow/.local/lib/python3.6/site-packages/airflow/example_dags/example_trigger_controller_dag.py took 0.073 seconds
[2025-12-10 18:49:32,857] {processor.py:163} INFO - Started process (PID=384) to work on /home/airflow/.local/lib/python3.6/site-packages/airflow/example_dags/example_trigger_controller_dag.py
[2025-12-10 18:49:32,858] {processor.py:642} INFO - Processing file /home/airflow/.local/lib/python3.6/site-packages/airflow/example_dags/example_trigger_controller_dag.py for tasks to queue
[2025-12-10 18:49:32,858] {logging_mixin.py:109} INFO - [2025-12-10 18:49:32,858] {dagbag.py:500} INFO - Filling up the DagBag from /home/airflow/.local/lib/python3.6/site-packages/airflow/example_dags/example_trigger_controller_dag.py
[2025-12-10 18:49:32,882] {processor.py:654} INFO - DAG(s) dict_keys(['example_trigger_controller_dag']) retrieved from /home/airflow/.local/lib/python3.6/site-packages/airflow/example_dags/example_trigger_controller_dag.py
[2025-12-10 18:49:32,890] {logging_mixin.py:109} INFO - [2025-12-10 18:49:32,890] {dag.py:2396} INFO - Sync 1 DAGs
[2025-12-10 18:49:32,902] {logging_mixin.py:109} INFO - [2025-12-10 18:49:32,902] {dag.py:2935} INFO - Setting next_dagrun for example_trigger_controller_dag to 2021-01-01T00:00:00+00:00
[2025-12-10 18:49:32,909] {processor.py:171} INFO - Processing /home/airflow/.local/lib/python3.6/site-packages/airflow/example_dags/example_trigger_controller_dag.py took 0.055 seconds
[2025-12-10 18:50:02,997] {processor.py:163} INFO - Started process (PID=446) to work on /home/airflow/.local/lib/python3.6/site-packages/airflow/example_dags/example_trigger_controller_dag.py
[2025-12-10 18:50:02,998] {processor.py:642} INFO - Processing file /home/airflow/.local/lib/python3.6/site-packages/airflow/example_dags/example_trigger_controller_dag.py for tasks to queue
[2025-12-10 18:50:02,999] {logging_mixin.py:109} INFO - [2025-12-10 18:50:02,999] {dagbag.py:500} INFO - Filling up the DagBag from /home/airflow/.local/lib/python3.6/site-packages/airflow/example_dags/example_trigger_controller_dag.py
[2025-12-10 18:50:03,024] {processor.py:654} INFO - DAG(s) dict_keys(['example_trigger_controller_dag']) retrieved from /home/airflow/.local/lib/python3.6/site-packages/airflow/example_dags/example_trigger_controller_dag.py
[2025-12-10 18:50:03,033] {logging_mixin.py:109} INFO - [2025-12-10 18:50:03,033] {dag.py:2396} INFO - Sync 1 DAGs
[2025-12-10 18:50:03,048] {logging_mixin.py:109} INFO - [2025-12-10 18:50:03,048] {dag.py:2935} INFO - Setting next_dagrun for example_trigger_controller_dag to 2021-01-01T00:00:00+00:00
[2025-12-10 18:50:03,055] {processor.py:171} INFO - Processing /home/airflow/.local/lib/python3.6/site-packages/airflow/example_dags/example_trigger_controller_dag.py took 0.062 seconds
[2025-12-10 18:51:20,322] {processor.py:163} INFO - Started process (PID=132) to work on /home/airflow/.local/lib/python3.6/site-packages/airflow/example_dags/example_trigger_controller_dag.py
[2025-12-10 18:51:20,323] {processor.py:642} INFO - Processing file /home/airflow/.local/lib/python3.6/site-packages/airflow/example_dags/example_trigger_controller_dag.py for tasks to queue
[2025-12-10 18:51:20,324] {logging_mixin.py:109} INFO - [2025-12-10 18:51:20,324] {dagbag.py:500} INFO - Filling up the DagBag from /home/airflow/.local/lib/python3.6/site-packages/airflow/example_dags/example_trigger_controller_dag.py
[2025-12-10 18:51:20,361] {processor.py:654} INFO - DAG(s) dict_keys(['example_trigger_controller_dag']) retrieved from /home/airflow/.local/lib/python3.6/site-packages/airflow/example_dags/example_trigger_controller_dag.py
[2025-12-10 18:51:22,829] {logging_mixin.py:109} INFO - [2025-12-10 18:51:22,829] {manager.py:496} INFO - Created Permission View: can read on DAG:example_trigger_controller_dag
[2025-12-10 18:51:22,837] {logging_mixin.py:109} INFO - [2025-12-10 18:51:22,837] {manager.py:496} INFO - Created Permission View: can edit on DAG:example_trigger_controller_dag
[2025-12-10 18:51:22,838] {logging_mixin.py:109} INFO - [2025-12-10 18:51:22,837] {dag.py:2396} INFO - Sync 1 DAGs
[2025-12-10 18:51:22,847] {logging_mixin.py:109} INFO - [2025-12-10 18:51:22,846] {dag.py:2415} INFO - Creating ORM DAG for example_trigger_controller_dag
[2025-12-10 18:51:22,852] {logging_mixin.py:109} INFO - [2025-12-10 18:51:22,852] {dag.py:2935} INFO - Setting next_dagrun for example_trigger_controller_dag to 2021-01-01T00:00:00+00:00
[2025-12-10 18:51:22,862] {processor.py:171} INFO - Processing /home/airflow/.local/lib/python3.6/site-packages/airflow/example_dags/example_trigger_controller_dag.py took 2.545 seconds
[2025-12-10 18:51:53,731] {processor.py:163} INFO - Started process (PID=472) to work on /home/airflow/.local/lib/python3.6/site-packages/airflow/example_dags/example_trigger_controller_dag.py
[2025-12-10 18:51:53,738] {processor.py:642} INFO - Processing file /home/airflow/.local/lib/python3.6/site-packages/airflow/example_dags/example_trigger_controller_dag.py for tasks to queue
[2025-12-10 18:51:53,739] {logging_mixin.py:109} INFO - [2025-12-10 18:51:53,739] {dagbag.py:500} INFO - Filling up the DagBag from /home/airflow/.local/lib/python3.6/site-packages/airflow/example_dags/example_trigger_controller_dag.py
[2025-12-10 18:51:53,763] {processor.py:654} INFO - DAG(s) dict_keys(['example_trigger_controller_dag']) retrieved from /home/airflow/.local/lib/python3.6/site-packages/airflow/example_dags/example_trigger_controller_dag.py
[2025-12-10 18:51:53,772] {logging_mixin.py:109} INFO - [2025-12-10 18:51:53,772] {dag.py:2396} INFO - Sync 1 DAGs
[2025-12-10 18:51:53,785] {logging_mixin.py:109} INFO - [2025-12-10 18:51:53,785] {dag.py:2935} INFO - Setting next_dagrun for example_trigger_controller_dag to 2021-01-01T00:00:00+00:00
[2025-12-10 18:51:53,792] {processor.py:171} INFO - Processing /home/airflow/.local/lib/python3.6/site-packages/airflow/example_dags/example_trigger_controller_dag.py took 0.064 seconds
