[2025-12-10 18:25:59,079] {processor.py:163} INFO - Started process (PID=158) to work on /home/airflow/.local/lib/python3.6/site-packages/airflow/example_dags/example_branch_datetime_operator.py
[2025-12-10 18:25:59,080] {processor.py:642} INFO - Processing file /home/airflow/.local/lib/python3.6/site-packages/airflow/example_dags/example_branch_datetime_operator.py for tasks to queue
[2025-12-10 18:25:59,081] {logging_mixin.py:109} INFO - [2025-12-10 18:25:59,080] {dagbag.py:500} INFO - Filling up the DagBag from /home/airflow/.local/lib/python3.6/site-packages/airflow/example_dags/example_branch_datetime_operator.py
[2025-12-10 18:25:59,112] {processor.py:654} INFO - DAG(s) dict_keys(['example_branch_datetime_operator_2']) retrieved from /home/airflow/.local/lib/python3.6/site-packages/airflow/example_dags/example_branch_datetime_operator.py
[2025-12-10 18:26:00,892] {logging_mixin.py:109} INFO - [2025-12-10 18:26:00,892] {manager.py:496} INFO - Created Permission View: can edit on DAG:example_branch_datetime_operator_2
[2025-12-10 18:26:00,899] {logging_mixin.py:109} INFO - [2025-12-10 18:26:00,899] {manager.py:496} INFO - Created Permission View: can read on DAG:example_branch_datetime_operator_2
[2025-12-10 18:26:00,901] {logging_mixin.py:109} INFO - [2025-12-10 18:26:00,900] {dag.py:2396} INFO - Sync 1 DAGs
[2025-12-10 18:26:00,909] {logging_mixin.py:109} INFO - [2025-12-10 18:26:00,908] {dag.py:2415} INFO - Creating ORM DAG for example_branch_datetime_operator_2
[2025-12-10 18:26:00,917] {logging_mixin.py:109} INFO - [2025-12-10 18:26:00,917] {dag.py:2935} INFO - Setting next_dagrun for example_branch_datetime_operator_2 to 2025-12-09 00:00:00+00:00
[2025-12-10 18:26:00,928] {processor.py:171} INFO - Processing /home/airflow/.local/lib/python3.6/site-packages/airflow/example_dags/example_branch_datetime_operator.py took 1.853 seconds
[2025-12-10 18:26:31,355] {processor.py:163} INFO - Started process (PID=474) to work on /home/airflow/.local/lib/python3.6/site-packages/airflow/example_dags/example_branch_datetime_operator.py
[2025-12-10 18:26:31,358] {processor.py:642} INFO - Processing file /home/airflow/.local/lib/python3.6/site-packages/airflow/example_dags/example_branch_datetime_operator.py for tasks to queue
[2025-12-10 18:26:31,358] {logging_mixin.py:109} INFO - [2025-12-10 18:26:31,358] {dagbag.py:500} INFO - Filling up the DagBag from /home/airflow/.local/lib/python3.6/site-packages/airflow/example_dags/example_branch_datetime_operator.py
[2025-12-10 18:26:31,395] {processor.py:654} INFO - DAG(s) dict_keys(['example_branch_datetime_operator_2']) retrieved from /home/airflow/.local/lib/python3.6/site-packages/airflow/example_dags/example_branch_datetime_operator.py
[2025-12-10 18:26:31,409] {logging_mixin.py:109} INFO - [2025-12-10 18:26:31,409] {dag.py:2396} INFO - Sync 1 DAGs
[2025-12-10 18:26:31,434] {logging_mixin.py:109} INFO - [2025-12-10 18:26:31,433] {dag.py:2935} INFO - Setting next_dagrun for example_branch_datetime_operator_2 to 2025-12-09 00:00:00+00:00
[2025-12-10 18:26:31,448] {processor.py:171} INFO - Processing /home/airflow/.local/lib/python3.6/site-packages/airflow/example_dags/example_branch_datetime_operator.py took 0.098 seconds
[2025-12-10 18:27:01,611] {processor.py:163} INFO - Started process (PID=536) to work on /home/airflow/.local/lib/python3.6/site-packages/airflow/example_dags/example_branch_datetime_operator.py
[2025-12-10 18:27:01,618] {processor.py:642} INFO - Processing file /home/airflow/.local/lib/python3.6/site-packages/airflow/example_dags/example_branch_datetime_operator.py for tasks to queue
[2025-12-10 18:27:01,619] {logging_mixin.py:109} INFO - [2025-12-10 18:27:01,619] {dagbag.py:500} INFO - Filling up the DagBag from /home/airflow/.local/lib/python3.6/site-packages/airflow/example_dags/example_branch_datetime_operator.py
[2025-12-10 18:27:01,647] {processor.py:654} INFO - DAG(s) dict_keys(['example_branch_datetime_operator_2']) retrieved from /home/airflow/.local/lib/python3.6/site-packages/airflow/example_dags/example_branch_datetime_operator.py
[2025-12-10 18:27:01,656] {logging_mixin.py:109} INFO - [2025-12-10 18:27:01,656] {dag.py:2396} INFO - Sync 1 DAGs
[2025-12-10 18:27:01,673] {logging_mixin.py:109} INFO - [2025-12-10 18:27:01,672] {dag.py:2935} INFO - Setting next_dagrun for example_branch_datetime_operator_2 to 2025-12-09 00:00:00+00:00
[2025-12-10 18:27:01,681] {processor.py:171} INFO - Processing /home/airflow/.local/lib/python3.6/site-packages/airflow/example_dags/example_branch_datetime_operator.py took 0.073 seconds
[2025-12-10 18:27:31,858] {processor.py:163} INFO - Started process (PID=588) to work on /home/airflow/.local/lib/python3.6/site-packages/airflow/example_dags/example_branch_datetime_operator.py
[2025-12-10 18:27:31,864] {processor.py:642} INFO - Processing file /home/airflow/.local/lib/python3.6/site-packages/airflow/example_dags/example_branch_datetime_operator.py for tasks to queue
[2025-12-10 18:27:31,865] {logging_mixin.py:109} INFO - [2025-12-10 18:27:31,865] {dagbag.py:500} INFO - Filling up the DagBag from /home/airflow/.local/lib/python3.6/site-packages/airflow/example_dags/example_branch_datetime_operator.py
[2025-12-10 18:27:31,894] {processor.py:654} INFO - DAG(s) dict_keys(['example_branch_datetime_operator_2']) retrieved from /home/airflow/.local/lib/python3.6/site-packages/airflow/example_dags/example_branch_datetime_operator.py
[2025-12-10 18:27:31,903] {logging_mixin.py:109} INFO - [2025-12-10 18:27:31,903] {dag.py:2396} INFO - Sync 1 DAGs
[2025-12-10 18:27:31,921] {logging_mixin.py:109} INFO - [2025-12-10 18:27:31,921] {dag.py:2935} INFO - Setting next_dagrun for example_branch_datetime_operator_2 to 2025-12-09 00:00:00+00:00
[2025-12-10 18:27:31,929] {processor.py:171} INFO - Processing /home/airflow/.local/lib/python3.6/site-packages/airflow/example_dags/example_branch_datetime_operator.py took 0.075 seconds
[2025-12-10 18:28:02,429] {processor.py:163} INFO - Started process (PID=650) to work on /home/airflow/.local/lib/python3.6/site-packages/airflow/example_dags/example_branch_datetime_operator.py
[2025-12-10 18:28:02,436] {processor.py:642} INFO - Processing file /home/airflow/.local/lib/python3.6/site-packages/airflow/example_dags/example_branch_datetime_operator.py for tasks to queue
[2025-12-10 18:28:02,437] {logging_mixin.py:109} INFO - [2025-12-10 18:28:02,437] {dagbag.py:500} INFO - Filling up the DagBag from /home/airflow/.local/lib/python3.6/site-packages/airflow/example_dags/example_branch_datetime_operator.py
[2025-12-10 18:28:02,464] {processor.py:654} INFO - DAG(s) dict_keys(['example_branch_datetime_operator_2']) retrieved from /home/airflow/.local/lib/python3.6/site-packages/airflow/example_dags/example_branch_datetime_operator.py
[2025-12-10 18:28:02,473] {logging_mixin.py:109} INFO - [2025-12-10 18:28:02,473] {dag.py:2396} INFO - Sync 1 DAGs
[2025-12-10 18:28:02,488] {logging_mixin.py:109} INFO - [2025-12-10 18:28:02,488] {dag.py:2935} INFO - Setting next_dagrun for example_branch_datetime_operator_2 to 2025-12-09 00:00:00+00:00
[2025-12-10 18:28:02,496] {processor.py:171} INFO - Processing /home/airflow/.local/lib/python3.6/site-packages/airflow/example_dags/example_branch_datetime_operator.py took 0.070 seconds
[2025-12-10 18:28:32,613] {processor.py:163} INFO - Started process (PID=712) to work on /home/airflow/.local/lib/python3.6/site-packages/airflow/example_dags/example_branch_datetime_operator.py
[2025-12-10 18:28:32,621] {processor.py:642} INFO - Processing file /home/airflow/.local/lib/python3.6/site-packages/airflow/example_dags/example_branch_datetime_operator.py for tasks to queue
[2025-12-10 18:28:32,622] {logging_mixin.py:109} INFO - [2025-12-10 18:28:32,622] {dagbag.py:500} INFO - Filling up the DagBag from /home/airflow/.local/lib/python3.6/site-packages/airflow/example_dags/example_branch_datetime_operator.py
[2025-12-10 18:28:32,648] {processor.py:654} INFO - DAG(s) dict_keys(['example_branch_datetime_operator_2']) retrieved from /home/airflow/.local/lib/python3.6/site-packages/airflow/example_dags/example_branch_datetime_operator.py
[2025-12-10 18:28:32,656] {logging_mixin.py:109} INFO - [2025-12-10 18:28:32,656] {dag.py:2396} INFO - Sync 1 DAGs
[2025-12-10 18:28:32,670] {logging_mixin.py:109} INFO - [2025-12-10 18:28:32,670] {dag.py:2935} INFO - Setting next_dagrun for example_branch_datetime_operator_2 to 2025-12-09 00:00:00+00:00
[2025-12-10 18:28:32,679] {processor.py:171} INFO - Processing /home/airflow/.local/lib/python3.6/site-packages/airflow/example_dags/example_branch_datetime_operator.py took 0.068 seconds
[2025-12-10 18:29:02,751] {processor.py:163} INFO - Started process (PID=764) to work on /home/airflow/.local/lib/python3.6/site-packages/airflow/example_dags/example_branch_datetime_operator.py
[2025-12-10 18:29:02,751] {processor.py:642} INFO - Processing file /home/airflow/.local/lib/python3.6/site-packages/airflow/example_dags/example_branch_datetime_operator.py for tasks to queue
[2025-12-10 18:29:02,752] {logging_mixin.py:109} INFO - [2025-12-10 18:29:02,752] {dagbag.py:500} INFO - Filling up the DagBag from /home/airflow/.local/lib/python3.6/site-packages/airflow/example_dags/example_branch_datetime_operator.py
[2025-12-10 18:29:02,779] {processor.py:654} INFO - DAG(s) dict_keys(['example_branch_datetime_operator_2']) retrieved from /home/airflow/.local/lib/python3.6/site-packages/airflow/example_dags/example_branch_datetime_operator.py
[2025-12-10 18:29:02,788] {logging_mixin.py:109} INFO - [2025-12-10 18:29:02,788] {dag.py:2396} INFO - Sync 1 DAGs
[2025-12-10 18:29:02,805] {logging_mixin.py:109} INFO - [2025-12-10 18:29:02,805] {dag.py:2935} INFO - Setting next_dagrun for example_branch_datetime_operator_2 to 2025-12-09 00:00:00+00:00
[2025-12-10 18:29:02,813] {processor.py:171} INFO - Processing /home/airflow/.local/lib/python3.6/site-packages/airflow/example_dags/example_branch_datetime_operator.py took 0.065 seconds
[2025-12-10 18:29:33,255] {processor.py:163} INFO - Started process (PID=826) to work on /home/airflow/.local/lib/python3.6/site-packages/airflow/example_dags/example_branch_datetime_operator.py
[2025-12-10 18:29:33,263] {processor.py:642} INFO - Processing file /home/airflow/.local/lib/python3.6/site-packages/airflow/example_dags/example_branch_datetime_operator.py for tasks to queue
[2025-12-10 18:29:33,264] {logging_mixin.py:109} INFO - [2025-12-10 18:29:33,263] {dagbag.py:500} INFO - Filling up the DagBag from /home/airflow/.local/lib/python3.6/site-packages/airflow/example_dags/example_branch_datetime_operator.py
[2025-12-10 18:29:33,290] {processor.py:654} INFO - DAG(s) dict_keys(['example_branch_datetime_operator_2']) retrieved from /home/airflow/.local/lib/python3.6/site-packages/airflow/example_dags/example_branch_datetime_operator.py
[2025-12-10 18:29:33,299] {logging_mixin.py:109} INFO - [2025-12-10 18:29:33,299] {dag.py:2396} INFO - Sync 1 DAGs
[2025-12-10 18:29:33,314] {logging_mixin.py:109} INFO - [2025-12-10 18:29:33,314] {dag.py:2935} INFO - Setting next_dagrun for example_branch_datetime_operator_2 to 2025-12-09 00:00:00+00:00
[2025-12-10 18:29:33,322] {processor.py:171} INFO - Processing /home/airflow/.local/lib/python3.6/site-packages/airflow/example_dags/example_branch_datetime_operator.py took 0.070 seconds
[2025-12-10 18:30:03,759] {processor.py:163} INFO - Started process (PID=888) to work on /home/airflow/.local/lib/python3.6/site-packages/airflow/example_dags/example_branch_datetime_operator.py
[2025-12-10 18:30:03,766] {processor.py:642} INFO - Processing file /home/airflow/.local/lib/python3.6/site-packages/airflow/example_dags/example_branch_datetime_operator.py for tasks to queue
[2025-12-10 18:30:03,767] {logging_mixin.py:109} INFO - [2025-12-10 18:30:03,767] {dagbag.py:500} INFO - Filling up the DagBag from /home/airflow/.local/lib/python3.6/site-packages/airflow/example_dags/example_branch_datetime_operator.py
[2025-12-10 18:30:03,794] {processor.py:654} INFO - DAG(s) dict_keys(['example_branch_datetime_operator_2']) retrieved from /home/airflow/.local/lib/python3.6/site-packages/airflow/example_dags/example_branch_datetime_operator.py
[2025-12-10 18:30:03,803] {logging_mixin.py:109} INFO - [2025-12-10 18:30:03,803] {dag.py:2396} INFO - Sync 1 DAGs
[2025-12-10 18:30:03,820] {logging_mixin.py:109} INFO - [2025-12-10 18:30:03,820] {dag.py:2935} INFO - Setting next_dagrun for example_branch_datetime_operator_2 to 2025-12-09 00:00:00+00:00
[2025-12-10 18:30:03,827] {processor.py:171} INFO - Processing /home/airflow/.local/lib/python3.6/site-packages/airflow/example_dags/example_branch_datetime_operator.py took 0.071 seconds
[2025-12-10 18:30:34,214] {processor.py:163} INFO - Started process (PID=940) to work on /home/airflow/.local/lib/python3.6/site-packages/airflow/example_dags/example_branch_datetime_operator.py
[2025-12-10 18:30:34,215] {processor.py:642} INFO - Processing file /home/airflow/.local/lib/python3.6/site-packages/airflow/example_dags/example_branch_datetime_operator.py for tasks to queue
[2025-12-10 18:30:34,216] {logging_mixin.py:109} INFO - [2025-12-10 18:30:34,216] {dagbag.py:500} INFO - Filling up the DagBag from /home/airflow/.local/lib/python3.6/site-packages/airflow/example_dags/example_branch_datetime_operator.py
[2025-12-10 18:30:34,241] {processor.py:654} INFO - DAG(s) dict_keys(['example_branch_datetime_operator_2']) retrieved from /home/airflow/.local/lib/python3.6/site-packages/airflow/example_dags/example_branch_datetime_operator.py
[2025-12-10 18:30:34,250] {logging_mixin.py:109} INFO - [2025-12-10 18:30:34,250] {dag.py:2396} INFO - Sync 1 DAGs
[2025-12-10 18:30:34,266] {logging_mixin.py:109} INFO - [2025-12-10 18:30:34,265] {dag.py:2935} INFO - Setting next_dagrun for example_branch_datetime_operator_2 to 2025-12-09 00:00:00+00:00
[2025-12-10 18:30:34,274] {processor.py:171} INFO - Processing /home/airflow/.local/lib/python3.6/site-packages/airflow/example_dags/example_branch_datetime_operator.py took 0.065 seconds
[2025-12-10 18:31:04,582] {processor.py:163} INFO - Started process (PID=1002) to work on /home/airflow/.local/lib/python3.6/site-packages/airflow/example_dags/example_branch_datetime_operator.py
[2025-12-10 18:31:04,591] {processor.py:642} INFO - Processing file /home/airflow/.local/lib/python3.6/site-packages/airflow/example_dags/example_branch_datetime_operator.py for tasks to queue
[2025-12-10 18:31:04,591] {logging_mixin.py:109} INFO - [2025-12-10 18:31:04,591] {dagbag.py:500} INFO - Filling up the DagBag from /home/airflow/.local/lib/python3.6/site-packages/airflow/example_dags/example_branch_datetime_operator.py
[2025-12-10 18:31:04,618] {processor.py:654} INFO - DAG(s) dict_keys(['example_branch_datetime_operator_2']) retrieved from /home/airflow/.local/lib/python3.6/site-packages/airflow/example_dags/example_branch_datetime_operator.py
[2025-12-10 18:31:04,626] {logging_mixin.py:109} INFO - [2025-12-10 18:31:04,626] {dag.py:2396} INFO - Sync 1 DAGs
[2025-12-10 18:31:04,640] {logging_mixin.py:109} INFO - [2025-12-10 18:31:04,640] {dag.py:2935} INFO - Setting next_dagrun for example_branch_datetime_operator_2 to 2025-12-09 00:00:00+00:00
[2025-12-10 18:31:04,648] {processor.py:171} INFO - Processing /home/airflow/.local/lib/python3.6/site-packages/airflow/example_dags/example_branch_datetime_operator.py took 0.068 seconds
[2025-12-10 18:31:34,985] {processor.py:163} INFO - Started process (PID=1054) to work on /home/airflow/.local/lib/python3.6/site-packages/airflow/example_dags/example_branch_datetime_operator.py
[2025-12-10 18:31:34,986] {processor.py:642} INFO - Processing file /home/airflow/.local/lib/python3.6/site-packages/airflow/example_dags/example_branch_datetime_operator.py for tasks to queue
[2025-12-10 18:31:34,986] {logging_mixin.py:109} INFO - [2025-12-10 18:31:34,986] {dagbag.py:500} INFO - Filling up the DagBag from /home/airflow/.local/lib/python3.6/site-packages/airflow/example_dags/example_branch_datetime_operator.py
[2025-12-10 18:31:35,012] {processor.py:654} INFO - DAG(s) dict_keys(['example_branch_datetime_operator_2']) retrieved from /home/airflow/.local/lib/python3.6/site-packages/airflow/example_dags/example_branch_datetime_operator.py
[2025-12-10 18:31:35,020] {logging_mixin.py:109} INFO - [2025-12-10 18:31:35,020] {dag.py:2396} INFO - Sync 1 DAGs
[2025-12-10 18:31:35,034] {logging_mixin.py:109} INFO - [2025-12-10 18:31:35,034] {dag.py:2935} INFO - Setting next_dagrun for example_branch_datetime_operator_2 to 2025-12-09 00:00:00+00:00
[2025-12-10 18:31:35,041] {processor.py:171} INFO - Processing /home/airflow/.local/lib/python3.6/site-packages/airflow/example_dags/example_branch_datetime_operator.py took 0.059 seconds
[2025-12-10 18:32:05,400] {processor.py:163} INFO - Started process (PID=1116) to work on /home/airflow/.local/lib/python3.6/site-packages/airflow/example_dags/example_branch_datetime_operator.py
[2025-12-10 18:32:05,401] {processor.py:642} INFO - Processing file /home/airflow/.local/lib/python3.6/site-packages/airflow/example_dags/example_branch_datetime_operator.py for tasks to queue
[2025-12-10 18:32:05,402] {logging_mixin.py:109} INFO - [2025-12-10 18:32:05,401] {dagbag.py:500} INFO - Filling up the DagBag from /home/airflow/.local/lib/python3.6/site-packages/airflow/example_dags/example_branch_datetime_operator.py
[2025-12-10 18:32:05,429] {processor.py:654} INFO - DAG(s) dict_keys(['example_branch_datetime_operator_2']) retrieved from /home/airflow/.local/lib/python3.6/site-packages/airflow/example_dags/example_branch_datetime_operator.py
[2025-12-10 18:32:05,437] {logging_mixin.py:109} INFO - [2025-12-10 18:32:05,437] {dag.py:2396} INFO - Sync 1 DAGs
[2025-12-10 18:32:05,451] {logging_mixin.py:109} INFO - [2025-12-10 18:32:05,451] {dag.py:2935} INFO - Setting next_dagrun for example_branch_datetime_operator_2 to 2025-12-09 00:00:00+00:00
[2025-12-10 18:32:05,459] {processor.py:171} INFO - Processing /home/airflow/.local/lib/python3.6/site-packages/airflow/example_dags/example_branch_datetime_operator.py took 0.062 seconds
[2025-12-10 18:32:35,856] {processor.py:163} INFO - Started process (PID=1178) to work on /home/airflow/.local/lib/python3.6/site-packages/airflow/example_dags/example_branch_datetime_operator.py
[2025-12-10 18:32:35,863] {processor.py:642} INFO - Processing file /home/airflow/.local/lib/python3.6/site-packages/airflow/example_dags/example_branch_datetime_operator.py for tasks to queue
[2025-12-10 18:32:35,864] {logging_mixin.py:109} INFO - [2025-12-10 18:32:35,864] {dagbag.py:500} INFO - Filling up the DagBag from /home/airflow/.local/lib/python3.6/site-packages/airflow/example_dags/example_branch_datetime_operator.py
[2025-12-10 18:32:35,891] {processor.py:654} INFO - DAG(s) dict_keys(['example_branch_datetime_operator_2']) retrieved from /home/airflow/.local/lib/python3.6/site-packages/airflow/example_dags/example_branch_datetime_operator.py
[2025-12-10 18:32:35,899] {logging_mixin.py:109} INFO - [2025-12-10 18:32:35,899] {dag.py:2396} INFO - Sync 1 DAGs
[2025-12-10 18:32:35,918] {logging_mixin.py:109} INFO - [2025-12-10 18:32:35,918] {dag.py:2935} INFO - Setting next_dagrun for example_branch_datetime_operator_2 to 2025-12-09 00:00:00+00:00
[2025-12-10 18:32:35,925] {processor.py:171} INFO - Processing /home/airflow/.local/lib/python3.6/site-packages/airflow/example_dags/example_branch_datetime_operator.py took 0.072 seconds
[2025-12-10 18:33:06,264] {processor.py:163} INFO - Started process (PID=1230) to work on /home/airflow/.local/lib/python3.6/site-packages/airflow/example_dags/example_branch_datetime_operator.py
[2025-12-10 18:33:06,265] {processor.py:642} INFO - Processing file /home/airflow/.local/lib/python3.6/site-packages/airflow/example_dags/example_branch_datetime_operator.py for tasks to queue
[2025-12-10 18:33:06,265] {logging_mixin.py:109} INFO - [2025-12-10 18:33:06,265] {dagbag.py:500} INFO - Filling up the DagBag from /home/airflow/.local/lib/python3.6/site-packages/airflow/example_dags/example_branch_datetime_operator.py
[2025-12-10 18:33:06,292] {processor.py:654} INFO - DAG(s) dict_keys(['example_branch_datetime_operator_2']) retrieved from /home/airflow/.local/lib/python3.6/site-packages/airflow/example_dags/example_branch_datetime_operator.py
[2025-12-10 18:33:06,301] {logging_mixin.py:109} INFO - [2025-12-10 18:33:06,301] {dag.py:2396} INFO - Sync 1 DAGs
[2025-12-10 18:33:06,316] {logging_mixin.py:109} INFO - [2025-12-10 18:33:06,315] {dag.py:2935} INFO - Setting next_dagrun for example_branch_datetime_operator_2 to 2025-12-09 00:00:00+00:00
[2025-12-10 18:33:06,323] {processor.py:171} INFO - Processing /home/airflow/.local/lib/python3.6/site-packages/airflow/example_dags/example_branch_datetime_operator.py took 0.062 seconds
[2025-12-10 18:33:36,639] {processor.py:163} INFO - Started process (PID=1292) to work on /home/airflow/.local/lib/python3.6/site-packages/airflow/example_dags/example_branch_datetime_operator.py
[2025-12-10 18:33:36,647] {processor.py:642} INFO - Processing file /home/airflow/.local/lib/python3.6/site-packages/airflow/example_dags/example_branch_datetime_operator.py for tasks to queue
[2025-12-10 18:33:36,648] {logging_mixin.py:109} INFO - [2025-12-10 18:33:36,648] {dagbag.py:500} INFO - Filling up the DagBag from /home/airflow/.local/lib/python3.6/site-packages/airflow/example_dags/example_branch_datetime_operator.py
[2025-12-10 18:33:36,674] {processor.py:654} INFO - DAG(s) dict_keys(['example_branch_datetime_operator_2']) retrieved from /home/airflow/.local/lib/python3.6/site-packages/airflow/example_dags/example_branch_datetime_operator.py
[2025-12-10 18:33:36,682] {logging_mixin.py:109} INFO - [2025-12-10 18:33:36,682] {dag.py:2396} INFO - Sync 1 DAGs
[2025-12-10 18:33:36,696] {logging_mixin.py:109} INFO - [2025-12-10 18:33:36,696] {dag.py:2935} INFO - Setting next_dagrun for example_branch_datetime_operator_2 to 2025-12-09 00:00:00+00:00
[2025-12-10 18:33:36,704] {processor.py:171} INFO - Processing /home/airflow/.local/lib/python3.6/site-packages/airflow/example_dags/example_branch_datetime_operator.py took 0.067 seconds
[2025-12-10 18:34:07,059] {processor.py:163} INFO - Started process (PID=1354) to work on /home/airflow/.local/lib/python3.6/site-packages/airflow/example_dags/example_branch_datetime_operator.py
[2025-12-10 18:34:07,060] {processor.py:642} INFO - Processing file /home/airflow/.local/lib/python3.6/site-packages/airflow/example_dags/example_branch_datetime_operator.py for tasks to queue
[2025-12-10 18:34:07,060] {logging_mixin.py:109} INFO - [2025-12-10 18:34:07,060] {dagbag.py:500} INFO - Filling up the DagBag from /home/airflow/.local/lib/python3.6/site-packages/airflow/example_dags/example_branch_datetime_operator.py
[2025-12-10 18:34:07,086] {processor.py:654} INFO - DAG(s) dict_keys(['example_branch_datetime_operator_2']) retrieved from /home/airflow/.local/lib/python3.6/site-packages/airflow/example_dags/example_branch_datetime_operator.py
[2025-12-10 18:34:07,098] {logging_mixin.py:109} INFO - [2025-12-10 18:34:07,098] {dag.py:2396} INFO - Sync 1 DAGs
[2025-12-10 18:34:07,113] {logging_mixin.py:109} INFO - [2025-12-10 18:34:07,113] {dag.py:2935} INFO - Setting next_dagrun for example_branch_datetime_operator_2 to 2025-12-09 00:00:00+00:00
[2025-12-10 18:34:07,122] {processor.py:171} INFO - Processing /home/airflow/.local/lib/python3.6/site-packages/airflow/example_dags/example_branch_datetime_operator.py took 0.066 seconds
[2025-12-10 18:34:37,429] {processor.py:163} INFO - Started process (PID=1407) to work on /home/airflow/.local/lib/python3.6/site-packages/airflow/example_dags/example_branch_datetime_operator.py
[2025-12-10 18:34:37,436] {processor.py:642} INFO - Processing file /home/airflow/.local/lib/python3.6/site-packages/airflow/example_dags/example_branch_datetime_operator.py for tasks to queue
[2025-12-10 18:34:37,437] {logging_mixin.py:109} INFO - [2025-12-10 18:34:37,437] {dagbag.py:500} INFO - Filling up the DagBag from /home/airflow/.local/lib/python3.6/site-packages/airflow/example_dags/example_branch_datetime_operator.py
[2025-12-10 18:34:37,463] {processor.py:654} INFO - DAG(s) dict_keys(['example_branch_datetime_operator_2']) retrieved from /home/airflow/.local/lib/python3.6/site-packages/airflow/example_dags/example_branch_datetime_operator.py
[2025-12-10 18:34:37,472] {logging_mixin.py:109} INFO - [2025-12-10 18:34:37,472] {dag.py:2396} INFO - Sync 1 DAGs
[2025-12-10 18:34:37,487] {logging_mixin.py:109} INFO - [2025-12-10 18:34:37,487] {dag.py:2935} INFO - Setting next_dagrun for example_branch_datetime_operator_2 to 2025-12-09 00:00:00+00:00
[2025-12-10 18:34:37,496] {processor.py:171} INFO - Processing /home/airflow/.local/lib/python3.6/site-packages/airflow/example_dags/example_branch_datetime_operator.py took 0.070 seconds
[2025-12-10 18:35:07,802] {processor.py:163} INFO - Started process (PID=1469) to work on /home/airflow/.local/lib/python3.6/site-packages/airflow/example_dags/example_branch_datetime_operator.py
[2025-12-10 18:35:07,802] {processor.py:642} INFO - Processing file /home/airflow/.local/lib/python3.6/site-packages/airflow/example_dags/example_branch_datetime_operator.py for tasks to queue
[2025-12-10 18:35:07,803] {logging_mixin.py:109} INFO - [2025-12-10 18:35:07,803] {dagbag.py:500} INFO - Filling up the DagBag from /home/airflow/.local/lib/python3.6/site-packages/airflow/example_dags/example_branch_datetime_operator.py
[2025-12-10 18:35:07,828] {processor.py:654} INFO - DAG(s) dict_keys(['example_branch_datetime_operator_2']) retrieved from /home/airflow/.local/lib/python3.6/site-packages/airflow/example_dags/example_branch_datetime_operator.py
[2025-12-10 18:35:07,837] {logging_mixin.py:109} INFO - [2025-12-10 18:35:07,837] {dag.py:2396} INFO - Sync 1 DAGs
[2025-12-10 18:35:07,851] {logging_mixin.py:109} INFO - [2025-12-10 18:35:07,851] {dag.py:2935} INFO - Setting next_dagrun for example_branch_datetime_operator_2 to 2025-12-09 00:00:00+00:00
[2025-12-10 18:35:07,858] {processor.py:171} INFO - Processing /home/airflow/.local/lib/python3.6/site-packages/airflow/example_dags/example_branch_datetime_operator.py took 0.059 seconds
[2025-12-10 18:35:37,911] {processor.py:163} INFO - Started process (PID=1521) to work on /home/airflow/.local/lib/python3.6/site-packages/airflow/example_dags/example_branch_datetime_operator.py
[2025-12-10 18:35:37,917] {processor.py:642} INFO - Processing file /home/airflow/.local/lib/python3.6/site-packages/airflow/example_dags/example_branch_datetime_operator.py for tasks to queue
[2025-12-10 18:35:37,918] {logging_mixin.py:109} INFO - [2025-12-10 18:35:37,918] {dagbag.py:500} INFO - Filling up the DagBag from /home/airflow/.local/lib/python3.6/site-packages/airflow/example_dags/example_branch_datetime_operator.py
[2025-12-10 18:35:37,945] {processor.py:654} INFO - DAG(s) dict_keys(['example_branch_datetime_operator_2']) retrieved from /home/airflow/.local/lib/python3.6/site-packages/airflow/example_dags/example_branch_datetime_operator.py
[2025-12-10 18:35:37,957] {logging_mixin.py:109} INFO - [2025-12-10 18:35:37,957] {dag.py:2396} INFO - Sync 1 DAGs
[2025-12-10 18:35:37,977] {logging_mixin.py:109} INFO - [2025-12-10 18:35:37,977] {dag.py:2935} INFO - Setting next_dagrun for example_branch_datetime_operator_2 to 2025-12-09 00:00:00+00:00
[2025-12-10 18:35:37,985] {processor.py:171} INFO - Processing /home/airflow/.local/lib/python3.6/site-packages/airflow/example_dags/example_branch_datetime_operator.py took 0.078 seconds
[2025-12-10 18:36:08,397] {processor.py:163} INFO - Started process (PID=1583) to work on /home/airflow/.local/lib/python3.6/site-packages/airflow/example_dags/example_branch_datetime_operator.py
[2025-12-10 18:36:08,398] {processor.py:642} INFO - Processing file /home/airflow/.local/lib/python3.6/site-packages/airflow/example_dags/example_branch_datetime_operator.py for tasks to queue
[2025-12-10 18:36:08,398] {logging_mixin.py:109} INFO - [2025-12-10 18:36:08,398] {dagbag.py:500} INFO - Filling up the DagBag from /home/airflow/.local/lib/python3.6/site-packages/airflow/example_dags/example_branch_datetime_operator.py
[2025-12-10 18:36:08,428] {processor.py:654} INFO - DAG(s) dict_keys(['example_branch_datetime_operator_2']) retrieved from /home/airflow/.local/lib/python3.6/site-packages/airflow/example_dags/example_branch_datetime_operator.py
[2025-12-10 18:36:08,439] {logging_mixin.py:109} INFO - [2025-12-10 18:36:08,439] {dag.py:2396} INFO - Sync 1 DAGs
[2025-12-10 18:36:08,458] {logging_mixin.py:109} INFO - [2025-12-10 18:36:08,458] {dag.py:2935} INFO - Setting next_dagrun for example_branch_datetime_operator_2 to 2025-12-09 00:00:00+00:00
[2025-12-10 18:36:08,467] {processor.py:171} INFO - Processing /home/airflow/.local/lib/python3.6/site-packages/airflow/example_dags/example_branch_datetime_operator.py took 0.075 seconds
[2025-12-10 18:36:39,125] {processor.py:163} INFO - Started process (PID=1645) to work on /home/airflow/.local/lib/python3.6/site-packages/airflow/example_dags/example_branch_datetime_operator.py
[2025-12-10 18:36:39,132] {processor.py:642} INFO - Processing file /home/airflow/.local/lib/python3.6/site-packages/airflow/example_dags/example_branch_datetime_operator.py for tasks to queue
[2025-12-10 18:36:39,132] {logging_mixin.py:109} INFO - [2025-12-10 18:36:39,132] {dagbag.py:500} INFO - Filling up the DagBag from /home/airflow/.local/lib/python3.6/site-packages/airflow/example_dags/example_branch_datetime_operator.py
[2025-12-10 18:36:39,164] {processor.py:654} INFO - DAG(s) dict_keys(['example_branch_datetime_operator_2']) retrieved from /home/airflow/.local/lib/python3.6/site-packages/airflow/example_dags/example_branch_datetime_operator.py
[2025-12-10 18:36:39,174] {logging_mixin.py:109} INFO - [2025-12-10 18:36:39,174] {dag.py:2396} INFO - Sync 1 DAGs
[2025-12-10 18:36:39,192] {logging_mixin.py:109} INFO - [2025-12-10 18:36:39,192] {dag.py:2935} INFO - Setting next_dagrun for example_branch_datetime_operator_2 to 2025-12-09 00:00:00+00:00
[2025-12-10 18:36:39,204] {processor.py:171} INFO - Processing /home/airflow/.local/lib/python3.6/site-packages/airflow/example_dags/example_branch_datetime_operator.py took 0.083 seconds
[2025-12-10 18:37:09,549] {processor.py:163} INFO - Started process (PID=1697) to work on /home/airflow/.local/lib/python3.6/site-packages/airflow/example_dags/example_branch_datetime_operator.py
[2025-12-10 18:37:09,550] {processor.py:642} INFO - Processing file /home/airflow/.local/lib/python3.6/site-packages/airflow/example_dags/example_branch_datetime_operator.py for tasks to queue
[2025-12-10 18:37:09,550] {logging_mixin.py:109} INFO - [2025-12-10 18:37:09,550] {dagbag.py:500} INFO - Filling up the DagBag from /home/airflow/.local/lib/python3.6/site-packages/airflow/example_dags/example_branch_datetime_operator.py
[2025-12-10 18:37:09,578] {processor.py:654} INFO - DAG(s) dict_keys(['example_branch_datetime_operator_2']) retrieved from /home/airflow/.local/lib/python3.6/site-packages/airflow/example_dags/example_branch_datetime_operator.py
[2025-12-10 18:37:09,588] {logging_mixin.py:109} INFO - [2025-12-10 18:37:09,588] {dag.py:2396} INFO - Sync 1 DAGs
[2025-12-10 18:37:09,603] {logging_mixin.py:109} INFO - [2025-12-10 18:37:09,603] {dag.py:2935} INFO - Setting next_dagrun for example_branch_datetime_operator_2 to 2025-12-09 00:00:00+00:00
[2025-12-10 18:37:09,611] {processor.py:171} INFO - Processing /home/airflow/.local/lib/python3.6/site-packages/airflow/example_dags/example_branch_datetime_operator.py took 0.065 seconds
[2025-12-10 18:37:40,012] {processor.py:163} INFO - Started process (PID=1759) to work on /home/airflow/.local/lib/python3.6/site-packages/airflow/example_dags/example_branch_datetime_operator.py
[2025-12-10 18:37:40,020] {processor.py:642} INFO - Processing file /home/airflow/.local/lib/python3.6/site-packages/airflow/example_dags/example_branch_datetime_operator.py for tasks to queue
[2025-12-10 18:37:40,020] {logging_mixin.py:109} INFO - [2025-12-10 18:37:40,020] {dagbag.py:500} INFO - Filling up the DagBag from /home/airflow/.local/lib/python3.6/site-packages/airflow/example_dags/example_branch_datetime_operator.py
[2025-12-10 18:37:40,047] {processor.py:654} INFO - DAG(s) dict_keys(['example_branch_datetime_operator_2']) retrieved from /home/airflow/.local/lib/python3.6/site-packages/airflow/example_dags/example_branch_datetime_operator.py
[2025-12-10 18:37:40,055] {logging_mixin.py:109} INFO - [2025-12-10 18:37:40,055] {dag.py:2396} INFO - Sync 1 DAGs
[2025-12-10 18:37:40,069] {logging_mixin.py:109} INFO - [2025-12-10 18:37:40,069] {dag.py:2935} INFO - Setting next_dagrun for example_branch_datetime_operator_2 to 2025-12-09 00:00:00+00:00
[2025-12-10 18:37:40,076] {processor.py:171} INFO - Processing /home/airflow/.local/lib/python3.6/site-packages/airflow/example_dags/example_branch_datetime_operator.py took 0.067 seconds
[2025-12-10 18:38:10,248] {processor.py:163} INFO - Started process (PID=1811) to work on /home/airflow/.local/lib/python3.6/site-packages/airflow/example_dags/example_branch_datetime_operator.py
[2025-12-10 18:38:10,249] {processor.py:642} INFO - Processing file /home/airflow/.local/lib/python3.6/site-packages/airflow/example_dags/example_branch_datetime_operator.py for tasks to queue
[2025-12-10 18:38:10,249] {logging_mixin.py:109} INFO - [2025-12-10 18:38:10,249] {dagbag.py:500} INFO - Filling up the DagBag from /home/airflow/.local/lib/python3.6/site-packages/airflow/example_dags/example_branch_datetime_operator.py
[2025-12-10 18:38:10,274] {processor.py:654} INFO - DAG(s) dict_keys(['example_branch_datetime_operator_2']) retrieved from /home/airflow/.local/lib/python3.6/site-packages/airflow/example_dags/example_branch_datetime_operator.py
[2025-12-10 18:38:10,283] {logging_mixin.py:109} INFO - [2025-12-10 18:38:10,283] {dag.py:2396} INFO - Sync 1 DAGs
[2025-12-10 18:38:10,298] {logging_mixin.py:109} INFO - [2025-12-10 18:38:10,298] {dag.py:2935} INFO - Setting next_dagrun for example_branch_datetime_operator_2 to 2025-12-09 00:00:00+00:00
[2025-12-10 18:38:10,305] {processor.py:171} INFO - Processing /home/airflow/.local/lib/python3.6/site-packages/airflow/example_dags/example_branch_datetime_operator.py took 0.061 seconds
[2025-12-10 18:38:40,641] {processor.py:163} INFO - Started process (PID=1873) to work on /home/airflow/.local/lib/python3.6/site-packages/airflow/example_dags/example_branch_datetime_operator.py
[2025-12-10 18:38:40,642] {processor.py:642} INFO - Processing file /home/airflow/.local/lib/python3.6/site-packages/airflow/example_dags/example_branch_datetime_operator.py for tasks to queue
[2025-12-10 18:38:40,642] {logging_mixin.py:109} INFO - [2025-12-10 18:38:40,642] {dagbag.py:500} INFO - Filling up the DagBag from /home/airflow/.local/lib/python3.6/site-packages/airflow/example_dags/example_branch_datetime_operator.py
[2025-12-10 18:38:40,671] {processor.py:654} INFO - DAG(s) dict_keys(['example_branch_datetime_operator_2']) retrieved from /home/airflow/.local/lib/python3.6/site-packages/airflow/example_dags/example_branch_datetime_operator.py
[2025-12-10 18:38:40,680] {logging_mixin.py:109} INFO - [2025-12-10 18:38:40,680] {dag.py:2396} INFO - Sync 1 DAGs
[2025-12-10 18:38:40,695] {logging_mixin.py:109} INFO - [2025-12-10 18:38:40,695] {dag.py:2935} INFO - Setting next_dagrun for example_branch_datetime_operator_2 to 2025-12-09 00:00:00+00:00
[2025-12-10 18:38:40,703] {processor.py:171} INFO - Processing /home/airflow/.local/lib/python3.6/site-packages/airflow/example_dags/example_branch_datetime_operator.py took 0.065 seconds
[2025-12-10 18:39:10,932] {processor.py:163} INFO - Started process (PID=1934) to work on /home/airflow/.local/lib/python3.6/site-packages/airflow/example_dags/example_branch_datetime_operator.py
[2025-12-10 18:39:10,933] {processor.py:642} INFO - Processing file /home/airflow/.local/lib/python3.6/site-packages/airflow/example_dags/example_branch_datetime_operator.py for tasks to queue
[2025-12-10 18:39:10,934] {logging_mixin.py:109} INFO - [2025-12-10 18:39:10,933] {dagbag.py:500} INFO - Filling up the DagBag from /home/airflow/.local/lib/python3.6/site-packages/airflow/example_dags/example_branch_datetime_operator.py
[2025-12-10 18:39:10,961] {processor.py:654} INFO - DAG(s) dict_keys(['example_branch_datetime_operator_2']) retrieved from /home/airflow/.local/lib/python3.6/site-packages/airflow/example_dags/example_branch_datetime_operator.py
[2025-12-10 18:39:10,970] {logging_mixin.py:109} INFO - [2025-12-10 18:39:10,970] {dag.py:2396} INFO - Sync 1 DAGs
[2025-12-10 18:39:10,986] {logging_mixin.py:109} INFO - [2025-12-10 18:39:10,986] {dag.py:2935} INFO - Setting next_dagrun for example_branch_datetime_operator_2 to 2025-12-09 00:00:00+00:00
[2025-12-10 18:39:10,994] {processor.py:171} INFO - Processing /home/airflow/.local/lib/python3.6/site-packages/airflow/example_dags/example_branch_datetime_operator.py took 0.065 seconds
[2025-12-10 18:39:41,336] {processor.py:163} INFO - Started process (PID=1987) to work on /home/airflow/.local/lib/python3.6/site-packages/airflow/example_dags/example_branch_datetime_operator.py
[2025-12-10 18:39:41,344] {processor.py:642} INFO - Processing file /home/airflow/.local/lib/python3.6/site-packages/airflow/example_dags/example_branch_datetime_operator.py for tasks to queue
[2025-12-10 18:39:41,344] {logging_mixin.py:109} INFO - [2025-12-10 18:39:41,344] {dagbag.py:500} INFO - Filling up the DagBag from /home/airflow/.local/lib/python3.6/site-packages/airflow/example_dags/example_branch_datetime_operator.py
[2025-12-10 18:39:41,371] {processor.py:654} INFO - DAG(s) dict_keys(['example_branch_datetime_operator_2']) retrieved from /home/airflow/.local/lib/python3.6/site-packages/airflow/example_dags/example_branch_datetime_operator.py
[2025-12-10 18:39:41,380] {logging_mixin.py:109} INFO - [2025-12-10 18:39:41,380] {dag.py:2396} INFO - Sync 1 DAGs
[2025-12-10 18:39:41,394] {logging_mixin.py:109} INFO - [2025-12-10 18:39:41,394] {dag.py:2935} INFO - Setting next_dagrun for example_branch_datetime_operator_2 to 2025-12-09 00:00:00+00:00
[2025-12-10 18:39:41,403] {processor.py:171} INFO - Processing /home/airflow/.local/lib/python3.6/site-packages/airflow/example_dags/example_branch_datetime_operator.py took 0.070 seconds
[2025-12-10 18:40:11,647] {processor.py:163} INFO - Started process (PID=2049) to work on /home/airflow/.local/lib/python3.6/site-packages/airflow/example_dags/example_branch_datetime_operator.py
[2025-12-10 18:40:11,655] {processor.py:642} INFO - Processing file /home/airflow/.local/lib/python3.6/site-packages/airflow/example_dags/example_branch_datetime_operator.py for tasks to queue
[2025-12-10 18:40:11,656] {logging_mixin.py:109} INFO - [2025-12-10 18:40:11,655] {dagbag.py:500} INFO - Filling up the DagBag from /home/airflow/.local/lib/python3.6/site-packages/airflow/example_dags/example_branch_datetime_operator.py
[2025-12-10 18:40:11,683] {processor.py:654} INFO - DAG(s) dict_keys(['example_branch_datetime_operator_2']) retrieved from /home/airflow/.local/lib/python3.6/site-packages/airflow/example_dags/example_branch_datetime_operator.py
[2025-12-10 18:40:11,692] {logging_mixin.py:109} INFO - [2025-12-10 18:40:11,692] {dag.py:2396} INFO - Sync 1 DAGs
[2025-12-10 18:40:11,707] {logging_mixin.py:109} INFO - [2025-12-10 18:40:11,707] {dag.py:2935} INFO - Setting next_dagrun for example_branch_datetime_operator_2 to 2025-12-09 00:00:00+00:00
[2025-12-10 18:40:11,714] {processor.py:171} INFO - Processing /home/airflow/.local/lib/python3.6/site-packages/airflow/example_dags/example_branch_datetime_operator.py took 0.070 seconds
[2025-12-10 18:40:41,944] {processor.py:163} INFO - Started process (PID=2101) to work on /home/airflow/.local/lib/python3.6/site-packages/airflow/example_dags/example_branch_datetime_operator.py
[2025-12-10 18:40:41,952] {processor.py:642} INFO - Processing file /home/airflow/.local/lib/python3.6/site-packages/airflow/example_dags/example_branch_datetime_operator.py for tasks to queue
[2025-12-10 18:40:41,952] {logging_mixin.py:109} INFO - [2025-12-10 18:40:41,952] {dagbag.py:500} INFO - Filling up the DagBag from /home/airflow/.local/lib/python3.6/site-packages/airflow/example_dags/example_branch_datetime_operator.py
[2025-12-10 18:40:41,979] {processor.py:654} INFO - DAG(s) dict_keys(['example_branch_datetime_operator_2']) retrieved from /home/airflow/.local/lib/python3.6/site-packages/airflow/example_dags/example_branch_datetime_operator.py
[2025-12-10 18:40:41,988] {logging_mixin.py:109} INFO - [2025-12-10 18:40:41,988] {dag.py:2396} INFO - Sync 1 DAGs
[2025-12-10 18:40:42,002] {logging_mixin.py:109} INFO - [2025-12-10 18:40:42,002] {dag.py:2935} INFO - Setting next_dagrun for example_branch_datetime_operator_2 to 2025-12-09 00:00:00+00:00
[2025-12-10 18:40:42,013] {processor.py:171} INFO - Processing /home/airflow/.local/lib/python3.6/site-packages/airflow/example_dags/example_branch_datetime_operator.py took 0.072 seconds
[2025-12-10 18:41:12,317] {processor.py:163} INFO - Started process (PID=2163) to work on /home/airflow/.local/lib/python3.6/site-packages/airflow/example_dags/example_branch_datetime_operator.py
[2025-12-10 18:41:12,323] {processor.py:642} INFO - Processing file /home/airflow/.local/lib/python3.6/site-packages/airflow/example_dags/example_branch_datetime_operator.py for tasks to queue
[2025-12-10 18:41:12,324] {logging_mixin.py:109} INFO - [2025-12-10 18:41:12,324] {dagbag.py:500} INFO - Filling up the DagBag from /home/airflow/.local/lib/python3.6/site-packages/airflow/example_dags/example_branch_datetime_operator.py
[2025-12-10 18:41:12,354] {processor.py:654} INFO - DAG(s) dict_keys(['example_branch_datetime_operator_2']) retrieved from /home/airflow/.local/lib/python3.6/site-packages/airflow/example_dags/example_branch_datetime_operator.py
[2025-12-10 18:41:12,363] {logging_mixin.py:109} INFO - [2025-12-10 18:41:12,363] {dag.py:2396} INFO - Sync 1 DAGs
[2025-12-10 18:41:12,381] {logging_mixin.py:109} INFO - [2025-12-10 18:41:12,380] {dag.py:2935} INFO - Setting next_dagrun for example_branch_datetime_operator_2 to 2025-12-09 00:00:00+00:00
[2025-12-10 18:41:12,390] {processor.py:171} INFO - Processing /home/airflow/.local/lib/python3.6/site-packages/airflow/example_dags/example_branch_datetime_operator.py took 0.077 seconds
[2025-12-10 18:41:42,793] {processor.py:163} INFO - Started process (PID=2224) to work on /home/airflow/.local/lib/python3.6/site-packages/airflow/example_dags/example_branch_datetime_operator.py
[2025-12-10 18:41:42,800] {processor.py:642} INFO - Processing file /home/airflow/.local/lib/python3.6/site-packages/airflow/example_dags/example_branch_datetime_operator.py for tasks to queue
[2025-12-10 18:41:42,800] {logging_mixin.py:109} INFO - [2025-12-10 18:41:42,800] {dagbag.py:500} INFO - Filling up the DagBag from /home/airflow/.local/lib/python3.6/site-packages/airflow/example_dags/example_branch_datetime_operator.py
[2025-12-10 18:41:42,830] {processor.py:654} INFO - DAG(s) dict_keys(['example_branch_datetime_operator_2']) retrieved from /home/airflow/.local/lib/python3.6/site-packages/airflow/example_dags/example_branch_datetime_operator.py
[2025-12-10 18:41:42,842] {logging_mixin.py:109} INFO - [2025-12-10 18:41:42,842] {dag.py:2396} INFO - Sync 1 DAGs
[2025-12-10 18:41:42,860] {logging_mixin.py:109} INFO - [2025-12-10 18:41:42,860] {dag.py:2935} INFO - Setting next_dagrun for example_branch_datetime_operator_2 to 2025-12-09 00:00:00+00:00
[2025-12-10 18:41:42,869] {processor.py:171} INFO - Processing /home/airflow/.local/lib/python3.6/site-packages/airflow/example_dags/example_branch_datetime_operator.py took 0.080 seconds
[2025-12-10 18:42:12,963] {processor.py:163} INFO - Started process (PID=2277) to work on /home/airflow/.local/lib/python3.6/site-packages/airflow/example_dags/example_branch_datetime_operator.py
[2025-12-10 18:42:12,964] {processor.py:642} INFO - Processing file /home/airflow/.local/lib/python3.6/site-packages/airflow/example_dags/example_branch_datetime_operator.py for tasks to queue
[2025-12-10 18:42:12,965] {logging_mixin.py:109} INFO - [2025-12-10 18:42:12,965] {dagbag.py:500} INFO - Filling up the DagBag from /home/airflow/.local/lib/python3.6/site-packages/airflow/example_dags/example_branch_datetime_operator.py
[2025-12-10 18:42:12,995] {processor.py:654} INFO - DAG(s) dict_keys(['example_branch_datetime_operator_2']) retrieved from /home/airflow/.local/lib/python3.6/site-packages/airflow/example_dags/example_branch_datetime_operator.py
[2025-12-10 18:42:13,006] {logging_mixin.py:109} INFO - [2025-12-10 18:42:13,005] {dag.py:2396} INFO - Sync 1 DAGs
[2025-12-10 18:42:13,022] {logging_mixin.py:109} INFO - [2025-12-10 18:42:13,021] {dag.py:2935} INFO - Setting next_dagrun for example_branch_datetime_operator_2 to 2025-12-09 00:00:00+00:00
[2025-12-10 18:42:13,031] {processor.py:171} INFO - Processing /home/airflow/.local/lib/python3.6/site-packages/airflow/example_dags/example_branch_datetime_operator.py took 0.071 seconds
[2025-12-10 18:42:43,620] {processor.py:163} INFO - Started process (PID=2339) to work on /home/airflow/.local/lib/python3.6/site-packages/airflow/example_dags/example_branch_datetime_operator.py
[2025-12-10 18:42:43,627] {processor.py:642} INFO - Processing file /home/airflow/.local/lib/python3.6/site-packages/airflow/example_dags/example_branch_datetime_operator.py for tasks to queue
[2025-12-10 18:42:43,627] {logging_mixin.py:109} INFO - [2025-12-10 18:42:43,627] {dagbag.py:500} INFO - Filling up the DagBag from /home/airflow/.local/lib/python3.6/site-packages/airflow/example_dags/example_branch_datetime_operator.py
[2025-12-10 18:42:43,658] {processor.py:654} INFO - DAG(s) dict_keys(['example_branch_datetime_operator_2']) retrieved from /home/airflow/.local/lib/python3.6/site-packages/airflow/example_dags/example_branch_datetime_operator.py
[2025-12-10 18:42:43,669] {logging_mixin.py:109} INFO - [2025-12-10 18:42:43,668] {dag.py:2396} INFO - Sync 1 DAGs
[2025-12-10 18:42:43,688] {logging_mixin.py:109} INFO - [2025-12-10 18:42:43,688] {dag.py:2935} INFO - Setting next_dagrun for example_branch_datetime_operator_2 to 2025-12-09 00:00:00+00:00
[2025-12-10 18:42:43,697] {processor.py:171} INFO - Processing /home/airflow/.local/lib/python3.6/site-packages/airflow/example_dags/example_branch_datetime_operator.py took 0.081 seconds
[2025-12-10 18:43:14,101] {processor.py:163} INFO - Started process (PID=2391) to work on /home/airflow/.local/lib/python3.6/site-packages/airflow/example_dags/example_branch_datetime_operator.py
[2025-12-10 18:43:14,102] {processor.py:642} INFO - Processing file /home/airflow/.local/lib/python3.6/site-packages/airflow/example_dags/example_branch_datetime_operator.py for tasks to queue
[2025-12-10 18:43:14,103] {logging_mixin.py:109} INFO - [2025-12-10 18:43:14,103] {dagbag.py:500} INFO - Filling up the DagBag from /home/airflow/.local/lib/python3.6/site-packages/airflow/example_dags/example_branch_datetime_operator.py
[2025-12-10 18:43:14,132] {processor.py:654} INFO - DAG(s) dict_keys(['example_branch_datetime_operator_2']) retrieved from /home/airflow/.local/lib/python3.6/site-packages/airflow/example_dags/example_branch_datetime_operator.py
[2025-12-10 18:43:14,144] {logging_mixin.py:109} INFO - [2025-12-10 18:43:14,144] {dag.py:2396} INFO - Sync 1 DAGs
[2025-12-10 18:43:14,161] {logging_mixin.py:109} INFO - [2025-12-10 18:43:14,161] {dag.py:2935} INFO - Setting next_dagrun for example_branch_datetime_operator_2 to 2025-12-09 00:00:00+00:00
[2025-12-10 18:43:14,168] {processor.py:171} INFO - Processing /home/airflow/.local/lib/python3.6/site-packages/airflow/example_dags/example_branch_datetime_operator.py took 0.070 seconds
[2025-12-10 18:43:44,745] {processor.py:163} INFO - Started process (PID=2453) to work on /home/airflow/.local/lib/python3.6/site-packages/airflow/example_dags/example_branch_datetime_operator.py
[2025-12-10 18:43:44,752] {processor.py:642} INFO - Processing file /home/airflow/.local/lib/python3.6/site-packages/airflow/example_dags/example_branch_datetime_operator.py for tasks to queue
[2025-12-10 18:43:44,753] {logging_mixin.py:109} INFO - [2025-12-10 18:43:44,753] {dagbag.py:500} INFO - Filling up the DagBag from /home/airflow/.local/lib/python3.6/site-packages/airflow/example_dags/example_branch_datetime_operator.py
[2025-12-10 18:43:44,779] {processor.py:654} INFO - DAG(s) dict_keys(['example_branch_datetime_operator_2']) retrieved from /home/airflow/.local/lib/python3.6/site-packages/airflow/example_dags/example_branch_datetime_operator.py
[2025-12-10 18:43:44,788] {logging_mixin.py:109} INFO - [2025-12-10 18:43:44,788] {dag.py:2396} INFO - Sync 1 DAGs
[2025-12-10 18:43:44,804] {logging_mixin.py:109} INFO - [2025-12-10 18:43:44,804] {dag.py:2935} INFO - Setting next_dagrun for example_branch_datetime_operator_2 to 2025-12-09 00:00:00+00:00
[2025-12-10 18:43:44,812] {processor.py:171} INFO - Processing /home/airflow/.local/lib/python3.6/site-packages/airflow/example_dags/example_branch_datetime_operator.py took 0.071 seconds
[2025-12-10 18:44:14,859] {processor.py:163} INFO - Started process (PID=2505) to work on /home/airflow/.local/lib/python3.6/site-packages/airflow/example_dags/example_branch_datetime_operator.py
[2025-12-10 18:44:14,867] {processor.py:642} INFO - Processing file /home/airflow/.local/lib/python3.6/site-packages/airflow/example_dags/example_branch_datetime_operator.py for tasks to queue
[2025-12-10 18:44:14,868] {logging_mixin.py:109} INFO - [2025-12-10 18:44:14,868] {dagbag.py:500} INFO - Filling up the DagBag from /home/airflow/.local/lib/python3.6/site-packages/airflow/example_dags/example_branch_datetime_operator.py
[2025-12-10 18:44:14,896] {processor.py:654} INFO - DAG(s) dict_keys(['example_branch_datetime_operator_2']) retrieved from /home/airflow/.local/lib/python3.6/site-packages/airflow/example_dags/example_branch_datetime_operator.py
[2025-12-10 18:44:14,906] {logging_mixin.py:109} INFO - [2025-12-10 18:44:14,905] {dag.py:2396} INFO - Sync 1 DAGs
[2025-12-10 18:44:14,922] {logging_mixin.py:109} INFO - [2025-12-10 18:44:14,922] {dag.py:2935} INFO - Setting next_dagrun for example_branch_datetime_operator_2 to 2025-12-09 00:00:00+00:00
[2025-12-10 18:44:14,929] {processor.py:171} INFO - Processing /home/airflow/.local/lib/python3.6/site-packages/airflow/example_dags/example_branch_datetime_operator.py took 0.074 seconds
[2025-12-10 18:46:29,233] {processor.py:163} INFO - Started process (PID=52) to work on /home/airflow/.local/lib/python3.6/site-packages/airflow/example_dags/example_branch_datetime_operator.py
[2025-12-10 18:46:29,235] {processor.py:642} INFO - Processing file /home/airflow/.local/lib/python3.6/site-packages/airflow/example_dags/example_branch_datetime_operator.py for tasks to queue
[2025-12-10 18:46:29,235] {logging_mixin.py:109} INFO - [2025-12-10 18:46:29,235] {dagbag.py:500} INFO - Filling up the DagBag from /home/airflow/.local/lib/python3.6/site-packages/airflow/example_dags/example_branch_datetime_operator.py
[2025-12-10 18:46:29,279] {processor.py:654} INFO - DAG(s) dict_keys(['example_branch_datetime_operator_2']) retrieved from /home/airflow/.local/lib/python3.6/site-packages/airflow/example_dags/example_branch_datetime_operator.py
[2025-12-10 18:46:29,297] {logging_mixin.py:109} INFO - [2025-12-10 18:46:29,296] {dag.py:2396} INFO - Sync 1 DAGs
[2025-12-10 18:46:29,331] {logging_mixin.py:109} INFO - [2025-12-10 18:46:29,331] {dag.py:2935} INFO - Setting next_dagrun for example_branch_datetime_operator_2 to 2025-12-09 00:00:00+00:00
[2025-12-10 18:46:29,342] {processor.py:171} INFO - Processing /home/airflow/.local/lib/python3.6/site-packages/airflow/example_dags/example_branch_datetime_operator.py took 0.115 seconds
[2025-12-10 18:47:00,462] {processor.py:163} INFO - Started process (PID=104) to work on /home/airflow/.local/lib/python3.6/site-packages/airflow/example_dags/example_branch_datetime_operator.py
[2025-12-10 18:47:00,464] {processor.py:642} INFO - Processing file /home/airflow/.local/lib/python3.6/site-packages/airflow/example_dags/example_branch_datetime_operator.py for tasks to queue
[2025-12-10 18:47:00,465] {logging_mixin.py:109} INFO - [2025-12-10 18:47:00,465] {dagbag.py:500} INFO - Filling up the DagBag from /home/airflow/.local/lib/python3.6/site-packages/airflow/example_dags/example_branch_datetime_operator.py
[2025-12-10 18:47:00,509] {processor.py:654} INFO - DAG(s) dict_keys(['example_branch_datetime_operator_2']) retrieved from /home/airflow/.local/lib/python3.6/site-packages/airflow/example_dags/example_branch_datetime_operator.py
[2025-12-10 18:47:00,524] {logging_mixin.py:109} INFO - [2025-12-10 18:47:00,524] {dag.py:2396} INFO - Sync 1 DAGs
[2025-12-10 18:47:00,556] {logging_mixin.py:109} INFO - [2025-12-10 18:47:00,556] {dag.py:2935} INFO - Setting next_dagrun for example_branch_datetime_operator_2 to 2025-12-09 00:00:00+00:00
[2025-12-10 18:47:00,569] {processor.py:171} INFO - Processing /home/airflow/.local/lib/python3.6/site-packages/airflow/example_dags/example_branch_datetime_operator.py took 0.113 seconds
[2025-12-10 18:47:30,800] {processor.py:163} INFO - Started process (PID=157) to work on /home/airflow/.local/lib/python3.6/site-packages/airflow/example_dags/example_branch_datetime_operator.py
[2025-12-10 18:47:30,803] {processor.py:642} INFO - Processing file /home/airflow/.local/lib/python3.6/site-packages/airflow/example_dags/example_branch_datetime_operator.py for tasks to queue
[2025-12-10 18:47:30,803] {logging_mixin.py:109} INFO - [2025-12-10 18:47:30,803] {dagbag.py:500} INFO - Filling up the DagBag from /home/airflow/.local/lib/python3.6/site-packages/airflow/example_dags/example_branch_datetime_operator.py
[2025-12-10 18:47:30,845] {processor.py:654} INFO - DAG(s) dict_keys(['example_branch_datetime_operator_2']) retrieved from /home/airflow/.local/lib/python3.6/site-packages/airflow/example_dags/example_branch_datetime_operator.py
[2025-12-10 18:47:30,858] {logging_mixin.py:109} INFO - [2025-12-10 18:47:30,858] {dag.py:2396} INFO - Sync 1 DAGs
[2025-12-10 18:47:30,893] {logging_mixin.py:109} INFO - [2025-12-10 18:47:30,892] {dag.py:2935} INFO - Setting next_dagrun for example_branch_datetime_operator_2 to 2025-12-09 00:00:00+00:00
[2025-12-10 18:47:30,903] {processor.py:171} INFO - Processing /home/airflow/.local/lib/python3.6/site-packages/airflow/example_dags/example_branch_datetime_operator.py took 0.109 seconds
[2025-12-10 18:48:01,484] {processor.py:163} INFO - Started process (PID=219) to work on /home/airflow/.local/lib/python3.6/site-packages/airflow/example_dags/example_branch_datetime_operator.py
[2025-12-10 18:48:01,485] {processor.py:642} INFO - Processing file /home/airflow/.local/lib/python3.6/site-packages/airflow/example_dags/example_branch_datetime_operator.py for tasks to queue
[2025-12-10 18:48:01,486] {logging_mixin.py:109} INFO - [2025-12-10 18:48:01,486] {dagbag.py:500} INFO - Filling up the DagBag from /home/airflow/.local/lib/python3.6/site-packages/airflow/example_dags/example_branch_datetime_operator.py
[2025-12-10 18:48:01,518] {processor.py:654} INFO - DAG(s) dict_keys(['example_branch_datetime_operator_2']) retrieved from /home/airflow/.local/lib/python3.6/site-packages/airflow/example_dags/example_branch_datetime_operator.py
[2025-12-10 18:48:01,530] {logging_mixin.py:109} INFO - [2025-12-10 18:48:01,530] {dag.py:2396} INFO - Sync 1 DAGs
[2025-12-10 18:48:01,549] {logging_mixin.py:109} INFO - [2025-12-10 18:48:01,549] {dag.py:2935} INFO - Setting next_dagrun for example_branch_datetime_operator_2 to 2025-12-09 00:00:00+00:00
[2025-12-10 18:48:01,558] {processor.py:171} INFO - Processing /home/airflow/.local/lib/python3.6/site-packages/airflow/example_dags/example_branch_datetime_operator.py took 0.078 seconds
[2025-12-10 18:48:32,382] {processor.py:163} INFO - Started process (PID=271) to work on /home/airflow/.local/lib/python3.6/site-packages/airflow/example_dags/example_branch_datetime_operator.py
[2025-12-10 18:48:32,383] {processor.py:642} INFO - Processing file /home/airflow/.local/lib/python3.6/site-packages/airflow/example_dags/example_branch_datetime_operator.py for tasks to queue
[2025-12-10 18:48:32,384] {logging_mixin.py:109} INFO - [2025-12-10 18:48:32,384] {dagbag.py:500} INFO - Filling up the DagBag from /home/airflow/.local/lib/python3.6/site-packages/airflow/example_dags/example_branch_datetime_operator.py
[2025-12-10 18:48:32,420] {processor.py:654} INFO - DAG(s) dict_keys(['example_branch_datetime_operator_2']) retrieved from /home/airflow/.local/lib/python3.6/site-packages/airflow/example_dags/example_branch_datetime_operator.py
[2025-12-10 18:48:32,432] {logging_mixin.py:109} INFO - [2025-12-10 18:48:32,431] {dag.py:2396} INFO - Sync 1 DAGs
[2025-12-10 18:48:32,448] {logging_mixin.py:109} INFO - [2025-12-10 18:48:32,448] {dag.py:2935} INFO - Setting next_dagrun for example_branch_datetime_operator_2 to 2025-12-09 00:00:00+00:00
[2025-12-10 18:48:32,455] {processor.py:171} INFO - Processing /home/airflow/.local/lib/python3.6/site-packages/airflow/example_dags/example_branch_datetime_operator.py took 0.081 seconds
[2025-12-10 18:49:02,594] {processor.py:163} INFO - Started process (PID=334) to work on /home/airflow/.local/lib/python3.6/site-packages/airflow/example_dags/example_branch_datetime_operator.py
[2025-12-10 18:49:02,595] {processor.py:642} INFO - Processing file /home/airflow/.local/lib/python3.6/site-packages/airflow/example_dags/example_branch_datetime_operator.py for tasks to queue
[2025-12-10 18:49:02,596] {logging_mixin.py:109} INFO - [2025-12-10 18:49:02,596] {dagbag.py:500} INFO - Filling up the DagBag from /home/airflow/.local/lib/python3.6/site-packages/airflow/example_dags/example_branch_datetime_operator.py
[2025-12-10 18:49:02,626] {processor.py:654} INFO - DAG(s) dict_keys(['example_branch_datetime_operator_2']) retrieved from /home/airflow/.local/lib/python3.6/site-packages/airflow/example_dags/example_branch_datetime_operator.py
[2025-12-10 18:49:02,635] {logging_mixin.py:109} INFO - [2025-12-10 18:49:02,635] {dag.py:2396} INFO - Sync 1 DAGs
[2025-12-10 18:49:02,655] {logging_mixin.py:109} INFO - [2025-12-10 18:49:02,655] {dag.py:2935} INFO - Setting next_dagrun for example_branch_datetime_operator_2 to 2025-12-09 00:00:00+00:00
[2025-12-10 18:49:02,664] {processor.py:171} INFO - Processing /home/airflow/.local/lib/python3.6/site-packages/airflow/example_dags/example_branch_datetime_operator.py took 0.074 seconds
[2025-12-10 18:49:32,923] {processor.py:163} INFO - Started process (PID=386) to work on /home/airflow/.local/lib/python3.6/site-packages/airflow/example_dags/example_branch_datetime_operator.py
[2025-12-10 18:49:32,924] {processor.py:642} INFO - Processing file /home/airflow/.local/lib/python3.6/site-packages/airflow/example_dags/example_branch_datetime_operator.py for tasks to queue
[2025-12-10 18:49:32,925] {logging_mixin.py:109} INFO - [2025-12-10 18:49:32,925] {dagbag.py:500} INFO - Filling up the DagBag from /home/airflow/.local/lib/python3.6/site-packages/airflow/example_dags/example_branch_datetime_operator.py
[2025-12-10 18:49:32,949] {processor.py:654} INFO - DAG(s) dict_keys(['example_branch_datetime_operator_2']) retrieved from /home/airflow/.local/lib/python3.6/site-packages/airflow/example_dags/example_branch_datetime_operator.py
[2025-12-10 18:49:32,957] {logging_mixin.py:109} INFO - [2025-12-10 18:49:32,957] {dag.py:2396} INFO - Sync 1 DAGs
[2025-12-10 18:49:32,971] {logging_mixin.py:109} INFO - [2025-12-10 18:49:32,971] {dag.py:2935} INFO - Setting next_dagrun for example_branch_datetime_operator_2 to 2025-12-09 00:00:00+00:00
[2025-12-10 18:49:32,977] {processor.py:171} INFO - Processing /home/airflow/.local/lib/python3.6/site-packages/airflow/example_dags/example_branch_datetime_operator.py took 0.057 seconds
[2025-12-10 18:50:03,141] {processor.py:163} INFO - Started process (PID=448) to work on /home/airflow/.local/lib/python3.6/site-packages/airflow/example_dags/example_branch_datetime_operator.py
[2025-12-10 18:50:03,143] {processor.py:642} INFO - Processing file /home/airflow/.local/lib/python3.6/site-packages/airflow/example_dags/example_branch_datetime_operator.py for tasks to queue
[2025-12-10 18:50:03,143] {logging_mixin.py:109} INFO - [2025-12-10 18:50:03,143] {dagbag.py:500} INFO - Filling up the DagBag from /home/airflow/.local/lib/python3.6/site-packages/airflow/example_dags/example_branch_datetime_operator.py
[2025-12-10 18:50:03,169] {processor.py:654} INFO - DAG(s) dict_keys(['example_branch_datetime_operator_2']) retrieved from /home/airflow/.local/lib/python3.6/site-packages/airflow/example_dags/example_branch_datetime_operator.py
[2025-12-10 18:50:03,178] {logging_mixin.py:109} INFO - [2025-12-10 18:50:03,178] {dag.py:2396} INFO - Sync 1 DAGs
[2025-12-10 18:50:03,194] {logging_mixin.py:109} INFO - [2025-12-10 18:50:03,194] {dag.py:2935} INFO - Setting next_dagrun for example_branch_datetime_operator_2 to 2025-12-09 00:00:00+00:00
[2025-12-10 18:50:03,201] {processor.py:171} INFO - Processing /home/airflow/.local/lib/python3.6/site-packages/airflow/example_dags/example_branch_datetime_operator.py took 0.064 seconds
[2025-12-10 18:51:23,032] {processor.py:163} INFO - Started process (PID=158) to work on /home/airflow/.local/lib/python3.6/site-packages/airflow/example_dags/example_branch_datetime_operator.py
[2025-12-10 18:51:23,034] {processor.py:642} INFO - Processing file /home/airflow/.local/lib/python3.6/site-packages/airflow/example_dags/example_branch_datetime_operator.py for tasks to queue
[2025-12-10 18:51:23,034] {logging_mixin.py:109} INFO - [2025-12-10 18:51:23,034] {dagbag.py:500} INFO - Filling up the DagBag from /home/airflow/.local/lib/python3.6/site-packages/airflow/example_dags/example_branch_datetime_operator.py
[2025-12-10 18:51:23,065] {processor.py:654} INFO - DAG(s) dict_keys(['example_branch_datetime_operator_2']) retrieved from /home/airflow/.local/lib/python3.6/site-packages/airflow/example_dags/example_branch_datetime_operator.py
[2025-12-10 18:51:24,887] {logging_mixin.py:109} INFO - [2025-12-10 18:51:24,887] {manager.py:496} INFO - Created Permission View: can read on DAG:example_branch_datetime_operator_2
[2025-12-10 18:51:24,894] {logging_mixin.py:109} INFO - [2025-12-10 18:51:24,894] {manager.py:496} INFO - Created Permission View: can edit on DAG:example_branch_datetime_operator_2
[2025-12-10 18:51:24,895] {logging_mixin.py:109} INFO - [2025-12-10 18:51:24,894] {dag.py:2396} INFO - Sync 1 DAGs
[2025-12-10 18:51:24,903] {logging_mixin.py:109} INFO - [2025-12-10 18:51:24,902] {dag.py:2415} INFO - Creating ORM DAG for example_branch_datetime_operator_2
[2025-12-10 18:51:24,910] {logging_mixin.py:109} INFO - [2025-12-10 18:51:24,910] {dag.py:2935} INFO - Setting next_dagrun for example_branch_datetime_operator_2 to 2025-12-09 00:00:00+00:00
[2025-12-10 18:51:24,919] {processor.py:171} INFO - Processing /home/airflow/.local/lib/python3.6/site-packages/airflow/example_dags/example_branch_datetime_operator.py took 1.891 seconds
[2025-12-10 18:51:55,817] {processor.py:163} INFO - Started process (PID=483) to work on /home/airflow/.local/lib/python3.6/site-packages/airflow/example_dags/example_branch_datetime_operator.py
[2025-12-10 18:51:55,824] {processor.py:642} INFO - Processing file /home/airflow/.local/lib/python3.6/site-packages/airflow/example_dags/example_branch_datetime_operator.py for tasks to queue
[2025-12-10 18:51:55,825] {logging_mixin.py:109} INFO - [2025-12-10 18:51:55,825] {dagbag.py:500} INFO - Filling up the DagBag from /home/airflow/.local/lib/python3.6/site-packages/airflow/example_dags/example_branch_datetime_operator.py
[2025-12-10 18:51:55,857] {processor.py:654} INFO - DAG(s) dict_keys(['example_branch_datetime_operator_2']) retrieved from /home/airflow/.local/lib/python3.6/site-packages/airflow/example_dags/example_branch_datetime_operator.py
[2025-12-10 18:51:55,868] {logging_mixin.py:109} INFO - [2025-12-10 18:51:55,868] {dag.py:2396} INFO - Sync 1 DAGs
[2025-12-10 18:51:55,888] {logging_mixin.py:109} INFO - [2025-12-10 18:51:55,888] {dag.py:2935} INFO - Setting next_dagrun for example_branch_datetime_operator_2 to 2025-12-09 00:00:00+00:00
[2025-12-10 18:51:55,897] {processor.py:171} INFO - Processing /home/airflow/.local/lib/python3.6/site-packages/airflow/example_dags/example_branch_datetime_operator.py took 0.083 seconds
