[2025-12-10 18:26:08,044] {processor.py:163} INFO - Started process (PID=298) to work on /home/airflow/.local/lib/python3.6/site-packages/airflow/example_dags/tutorial.py
[2025-12-10 18:26:08,046] {processor.py:642} INFO - Processing file /home/airflow/.local/lib/python3.6/site-packages/airflow/example_dags/tutorial.py for tasks to queue
[2025-12-10 18:26:08,047] {logging_mixin.py:109} INFO - [2025-12-10 18:26:08,047] {dagbag.py:500} INFO - Filling up the DagBag from /home/airflow/.local/lib/python3.6/site-packages/airflow/example_dags/tutorial.py
[2025-12-10 18:26:08,088] {processor.py:654} INFO - DAG(s) dict_keys(['tutorial']) retrieved from /home/airflow/.local/lib/python3.6/site-packages/airflow/example_dags/tutorial.py
[2025-12-10 18:26:10,546] {logging_mixin.py:109} INFO - [2025-12-10 18:26:10,546] {manager.py:496} INFO - Created Permission View: can edit on DAG:tutorial
[2025-12-10 18:26:10,554] {logging_mixin.py:109} INFO - [2025-12-10 18:26:10,554] {manager.py:496} INFO - Created Permission View: can read on DAG:tutorial
[2025-12-10 18:26:10,555] {logging_mixin.py:109} INFO - [2025-12-10 18:26:10,554] {dag.py:2396} INFO - Sync 1 DAGs
[2025-12-10 18:26:10,565] {logging_mixin.py:109} INFO - [2025-12-10 18:26:10,564] {dag.py:2415} INFO - Creating ORM DAG for tutorial
[2025-12-10 18:26:10,572] {logging_mixin.py:109} INFO - [2025-12-10 18:26:10,572] {dag.py:2935} INFO - Setting next_dagrun for tutorial to 2025-12-09T18:26:10.571926+00:00
[2025-12-10 18:26:10,583] {processor.py:171} INFO - Processing /home/airflow/.local/lib/python3.6/site-packages/airflow/example_dags/tutorial.py took 2.544 seconds
[2025-12-10 18:26:41,133] {processor.py:163} INFO - Started process (PID=494) to work on /home/airflow/.local/lib/python3.6/site-packages/airflow/example_dags/tutorial.py
[2025-12-10 18:26:41,141] {processor.py:642} INFO - Processing file /home/airflow/.local/lib/python3.6/site-packages/airflow/example_dags/tutorial.py for tasks to queue
[2025-12-10 18:26:41,141] {logging_mixin.py:109} INFO - [2025-12-10 18:26:41,141] {dagbag.py:500} INFO - Filling up the DagBag from /home/airflow/.local/lib/python3.6/site-packages/airflow/example_dags/tutorial.py
[2025-12-10 18:26:41,170] {processor.py:654} INFO - DAG(s) dict_keys(['tutorial']) retrieved from /home/airflow/.local/lib/python3.6/site-packages/airflow/example_dags/tutorial.py
[2025-12-10 18:26:41,178] {logging_mixin.py:109} INFO - [2025-12-10 18:26:41,178] {dag.py:2396} INFO - Sync 1 DAGs
[2025-12-10 18:26:41,190] {logging_mixin.py:109} INFO - [2025-12-10 18:26:41,190] {dag.py:2935} INFO - Setting next_dagrun for tutorial to 2025-12-09T18:26:41.190363+00:00
[2025-12-10 18:26:41,197] {processor.py:171} INFO - Processing /home/airflow/.local/lib/python3.6/site-packages/airflow/example_dags/tutorial.py took 0.067 seconds
[2025-12-10 18:27:12,041] {processor.py:163} INFO - Started process (PID=556) to work on /home/airflow/.local/lib/python3.6/site-packages/airflow/example_dags/tutorial.py
[2025-12-10 18:27:12,048] {processor.py:642} INFO - Processing file /home/airflow/.local/lib/python3.6/site-packages/airflow/example_dags/tutorial.py for tasks to queue
[2025-12-10 18:27:12,048] {logging_mixin.py:109} INFO - [2025-12-10 18:27:12,048] {dagbag.py:500} INFO - Filling up the DagBag from /home/airflow/.local/lib/python3.6/site-packages/airflow/example_dags/tutorial.py
[2025-12-10 18:27:12,078] {processor.py:654} INFO - DAG(s) dict_keys(['tutorial']) retrieved from /home/airflow/.local/lib/python3.6/site-packages/airflow/example_dags/tutorial.py
[2025-12-10 18:27:12,088] {logging_mixin.py:109} INFO - [2025-12-10 18:27:12,088] {dag.py:2396} INFO - Sync 1 DAGs
[2025-12-10 18:27:12,101] {logging_mixin.py:109} INFO - [2025-12-10 18:27:12,101] {dag.py:2935} INFO - Setting next_dagrun for tutorial to 2025-12-09T18:27:12.101464+00:00
[2025-12-10 18:27:12,109] {processor.py:171} INFO - Processing /home/airflow/.local/lib/python3.6/site-packages/airflow/example_dags/tutorial.py took 0.071 seconds
[2025-12-10 18:27:42,259] {processor.py:163} INFO - Started process (PID=608) to work on /home/airflow/.local/lib/python3.6/site-packages/airflow/example_dags/tutorial.py
[2025-12-10 18:27:42,267] {processor.py:642} INFO - Processing file /home/airflow/.local/lib/python3.6/site-packages/airflow/example_dags/tutorial.py for tasks to queue
[2025-12-10 18:27:42,267] {logging_mixin.py:109} INFO - [2025-12-10 18:27:42,267] {dagbag.py:500} INFO - Filling up the DagBag from /home/airflow/.local/lib/python3.6/site-packages/airflow/example_dags/tutorial.py
[2025-12-10 18:27:42,297] {processor.py:654} INFO - DAG(s) dict_keys(['tutorial']) retrieved from /home/airflow/.local/lib/python3.6/site-packages/airflow/example_dags/tutorial.py
[2025-12-10 18:27:42,305] {logging_mixin.py:109} INFO - [2025-12-10 18:27:42,305] {dag.py:2396} INFO - Sync 1 DAGs
[2025-12-10 18:27:42,319] {logging_mixin.py:109} INFO - [2025-12-10 18:27:42,319] {dag.py:2935} INFO - Setting next_dagrun for tutorial to 2025-12-09T18:27:42.319427+00:00
[2025-12-10 18:27:42,328] {processor.py:171} INFO - Processing /home/airflow/.local/lib/python3.6/site-packages/airflow/example_dags/tutorial.py took 0.072 seconds
[2025-12-10 18:28:12,447] {processor.py:163} INFO - Started process (PID=670) to work on /home/airflow/.local/lib/python3.6/site-packages/airflow/example_dags/tutorial.py
[2025-12-10 18:28:12,454] {processor.py:642} INFO - Processing file /home/airflow/.local/lib/python3.6/site-packages/airflow/example_dags/tutorial.py for tasks to queue
[2025-12-10 18:28:12,454] {logging_mixin.py:109} INFO - [2025-12-10 18:28:12,454] {dagbag.py:500} INFO - Filling up the DagBag from /home/airflow/.local/lib/python3.6/site-packages/airflow/example_dags/tutorial.py
[2025-12-10 18:28:12,484] {processor.py:654} INFO - DAG(s) dict_keys(['tutorial']) retrieved from /home/airflow/.local/lib/python3.6/site-packages/airflow/example_dags/tutorial.py
[2025-12-10 18:28:12,493] {logging_mixin.py:109} INFO - [2025-12-10 18:28:12,492] {dag.py:2396} INFO - Sync 1 DAGs
[2025-12-10 18:28:12,506] {logging_mixin.py:109} INFO - [2025-12-10 18:28:12,506] {dag.py:2935} INFO - Setting next_dagrun for tutorial to 2025-12-09T18:28:12.506002+00:00
[2025-12-10 18:28:12,514] {processor.py:171} INFO - Processing /home/airflow/.local/lib/python3.6/site-packages/airflow/example_dags/tutorial.py took 0.070 seconds
[2025-12-10 18:28:42,734] {processor.py:163} INFO - Started process (PID=732) to work on /home/airflow/.local/lib/python3.6/site-packages/airflow/example_dags/tutorial.py
[2025-12-10 18:28:42,741] {processor.py:642} INFO - Processing file /home/airflow/.local/lib/python3.6/site-packages/airflow/example_dags/tutorial.py for tasks to queue
[2025-12-10 18:28:42,742] {logging_mixin.py:109} INFO - [2025-12-10 18:28:42,742] {dagbag.py:500} INFO - Filling up the DagBag from /home/airflow/.local/lib/python3.6/site-packages/airflow/example_dags/tutorial.py
[2025-12-10 18:28:42,771] {processor.py:654} INFO - DAG(s) dict_keys(['tutorial']) retrieved from /home/airflow/.local/lib/python3.6/site-packages/airflow/example_dags/tutorial.py
[2025-12-10 18:28:42,780] {logging_mixin.py:109} INFO - [2025-12-10 18:28:42,780] {dag.py:2396} INFO - Sync 1 DAGs
[2025-12-10 18:28:42,792] {logging_mixin.py:109} INFO - [2025-12-10 18:28:42,792] {dag.py:2935} INFO - Setting next_dagrun for tutorial to 2025-12-09T18:28:42.792467+00:00
[2025-12-10 18:28:42,801] {processor.py:171} INFO - Processing /home/airflow/.local/lib/python3.6/site-packages/airflow/example_dags/tutorial.py took 0.070 seconds
[2025-12-10 18:29:13,200] {processor.py:163} INFO - Started process (PID=784) to work on /home/airflow/.local/lib/python3.6/site-packages/airflow/example_dags/tutorial.py
[2025-12-10 18:29:13,207] {processor.py:642} INFO - Processing file /home/airflow/.local/lib/python3.6/site-packages/airflow/example_dags/tutorial.py for tasks to queue
[2025-12-10 18:29:13,208] {logging_mixin.py:109} INFO - [2025-12-10 18:29:13,208] {dagbag.py:500} INFO - Filling up the DagBag from /home/airflow/.local/lib/python3.6/site-packages/airflow/example_dags/tutorial.py
[2025-12-10 18:29:13,245] {processor.py:654} INFO - DAG(s) dict_keys(['tutorial']) retrieved from /home/airflow/.local/lib/python3.6/site-packages/airflow/example_dags/tutorial.py
[2025-12-10 18:29:13,255] {logging_mixin.py:109} INFO - [2025-12-10 18:29:13,255] {dag.py:2396} INFO - Sync 1 DAGs
[2025-12-10 18:29:13,271] {logging_mixin.py:109} INFO - [2025-12-10 18:29:13,271] {dag.py:2935} INFO - Setting next_dagrun for tutorial to 2025-12-09T18:29:13.270697+00:00
[2025-12-10 18:29:13,281] {processor.py:171} INFO - Processing /home/airflow/.local/lib/python3.6/site-packages/airflow/example_dags/tutorial.py took 0.084 seconds
[2025-12-10 18:29:43,710] {processor.py:163} INFO - Started process (PID=846) to work on /home/airflow/.local/lib/python3.6/site-packages/airflow/example_dags/tutorial.py
[2025-12-10 18:29:43,718] {processor.py:642} INFO - Processing file /home/airflow/.local/lib/python3.6/site-packages/airflow/example_dags/tutorial.py for tasks to queue
[2025-12-10 18:29:43,719] {logging_mixin.py:109} INFO - [2025-12-10 18:29:43,719] {dagbag.py:500} INFO - Filling up the DagBag from /home/airflow/.local/lib/python3.6/site-packages/airflow/example_dags/tutorial.py
[2025-12-10 18:29:43,749] {processor.py:654} INFO - DAG(s) dict_keys(['tutorial']) retrieved from /home/airflow/.local/lib/python3.6/site-packages/airflow/example_dags/tutorial.py
[2025-12-10 18:29:43,757] {logging_mixin.py:109} INFO - [2025-12-10 18:29:43,757] {dag.py:2396} INFO - Sync 1 DAGs
[2025-12-10 18:29:43,770] {logging_mixin.py:109} INFO - [2025-12-10 18:29:43,770] {dag.py:2935} INFO - Setting next_dagrun for tutorial to 2025-12-09T18:29:43.769779+00:00
[2025-12-10 18:29:43,776] {processor.py:171} INFO - Processing /home/airflow/.local/lib/python3.6/site-packages/airflow/example_dags/tutorial.py took 0.069 seconds
[2025-12-10 18:30:14,211] {processor.py:163} INFO - Started process (PID=908) to work on /home/airflow/.local/lib/python3.6/site-packages/airflow/example_dags/tutorial.py
[2025-12-10 18:30:14,217] {processor.py:642} INFO - Processing file /home/airflow/.local/lib/python3.6/site-packages/airflow/example_dags/tutorial.py for tasks to queue
[2025-12-10 18:30:14,218] {logging_mixin.py:109} INFO - [2025-12-10 18:30:14,218] {dagbag.py:500} INFO - Filling up the DagBag from /home/airflow/.local/lib/python3.6/site-packages/airflow/example_dags/tutorial.py
[2025-12-10 18:30:14,262] {processor.py:654} INFO - DAG(s) dict_keys(['tutorial']) retrieved from /home/airflow/.local/lib/python3.6/site-packages/airflow/example_dags/tutorial.py
[2025-12-10 18:30:14,274] {logging_mixin.py:109} INFO - [2025-12-10 18:30:14,274] {dag.py:2396} INFO - Sync 1 DAGs
[2025-12-10 18:30:14,293] {logging_mixin.py:109} INFO - [2025-12-10 18:30:14,293] {dag.py:2935} INFO - Setting next_dagrun for tutorial to 2025-12-09T18:30:14.293475+00:00
[2025-12-10 18:30:14,312] {processor.py:171} INFO - Processing /home/airflow/.local/lib/python3.6/site-packages/airflow/example_dags/tutorial.py took 0.106 seconds
[2025-12-10 18:30:44,634] {processor.py:163} INFO - Started process (PID=960) to work on /home/airflow/.local/lib/python3.6/site-packages/airflow/example_dags/tutorial.py
[2025-12-10 18:30:44,642] {processor.py:642} INFO - Processing file /home/airflow/.local/lib/python3.6/site-packages/airflow/example_dags/tutorial.py for tasks to queue
[2025-12-10 18:30:44,643] {logging_mixin.py:109} INFO - [2025-12-10 18:30:44,643] {dagbag.py:500} INFO - Filling up the DagBag from /home/airflow/.local/lib/python3.6/site-packages/airflow/example_dags/tutorial.py
[2025-12-10 18:30:44,673] {processor.py:654} INFO - DAG(s) dict_keys(['tutorial']) retrieved from /home/airflow/.local/lib/python3.6/site-packages/airflow/example_dags/tutorial.py
[2025-12-10 18:30:44,681] {logging_mixin.py:109} INFO - [2025-12-10 18:30:44,681] {dag.py:2396} INFO - Sync 1 DAGs
[2025-12-10 18:30:44,693] {logging_mixin.py:109} INFO - [2025-12-10 18:30:44,692] {dag.py:2935} INFO - Setting next_dagrun for tutorial to 2025-12-09T18:30:44.692773+00:00
[2025-12-10 18:30:44,700] {processor.py:171} INFO - Processing /home/airflow/.local/lib/python3.6/site-packages/airflow/example_dags/tutorial.py took 0.069 seconds
[2025-12-10 18:31:15,209] {processor.py:163} INFO - Started process (PID=1022) to work on /home/airflow/.local/lib/python3.6/site-packages/airflow/example_dags/tutorial.py
[2025-12-10 18:31:15,211] {processor.py:642} INFO - Processing file /home/airflow/.local/lib/python3.6/site-packages/airflow/example_dags/tutorial.py for tasks to queue
[2025-12-10 18:31:15,212] {logging_mixin.py:109} INFO - [2025-12-10 18:31:15,212] {dagbag.py:500} INFO - Filling up the DagBag from /home/airflow/.local/lib/python3.6/site-packages/airflow/example_dags/tutorial.py
[2025-12-10 18:31:15,258] {processor.py:654} INFO - DAG(s) dict_keys(['tutorial']) retrieved from /home/airflow/.local/lib/python3.6/site-packages/airflow/example_dags/tutorial.py
[2025-12-10 18:31:15,270] {logging_mixin.py:109} INFO - [2025-12-10 18:31:15,270] {dag.py:2396} INFO - Sync 1 DAGs
[2025-12-10 18:31:15,290] {logging_mixin.py:109} INFO - [2025-12-10 18:31:15,290] {dag.py:2935} INFO - Setting next_dagrun for tutorial to 2025-12-09T18:31:15.290040+00:00
[2025-12-10 18:31:15,308] {processor.py:171} INFO - Processing /home/airflow/.local/lib/python3.6/site-packages/airflow/example_dags/tutorial.py took 0.105 seconds
[2025-12-10 18:31:45,589] {processor.py:163} INFO - Started process (PID=1074) to work on /home/airflow/.local/lib/python3.6/site-packages/airflow/example_dags/tutorial.py
[2025-12-10 18:31:45,597] {processor.py:642} INFO - Processing file /home/airflow/.local/lib/python3.6/site-packages/airflow/example_dags/tutorial.py for tasks to queue
[2025-12-10 18:31:45,597] {logging_mixin.py:109} INFO - [2025-12-10 18:31:45,597] {dagbag.py:500} INFO - Filling up the DagBag from /home/airflow/.local/lib/python3.6/site-packages/airflow/example_dags/tutorial.py
[2025-12-10 18:31:45,628] {processor.py:654} INFO - DAG(s) dict_keys(['tutorial']) retrieved from /home/airflow/.local/lib/python3.6/site-packages/airflow/example_dags/tutorial.py
[2025-12-10 18:31:45,637] {logging_mixin.py:109} INFO - [2025-12-10 18:31:45,636] {dag.py:2396} INFO - Sync 1 DAGs
[2025-12-10 18:31:45,648] {logging_mixin.py:109} INFO - [2025-12-10 18:31:45,648] {dag.py:2935} INFO - Setting next_dagrun for tutorial to 2025-12-09T18:31:45.648313+00:00
[2025-12-10 18:31:45,655] {processor.py:171} INFO - Processing /home/airflow/.local/lib/python3.6/site-packages/airflow/example_dags/tutorial.py took 0.070 seconds
[2025-12-10 18:32:16,017] {processor.py:163} INFO - Started process (PID=1136) to work on /home/airflow/.local/lib/python3.6/site-packages/airflow/example_dags/tutorial.py
[2025-12-10 18:32:16,018] {processor.py:642} INFO - Processing file /home/airflow/.local/lib/python3.6/site-packages/airflow/example_dags/tutorial.py for tasks to queue
[2025-12-10 18:32:16,019] {logging_mixin.py:109} INFO - [2025-12-10 18:32:16,019] {dagbag.py:500} INFO - Filling up the DagBag from /home/airflow/.local/lib/python3.6/site-packages/airflow/example_dags/tutorial.py
[2025-12-10 18:32:16,054] {processor.py:654} INFO - DAG(s) dict_keys(['tutorial']) retrieved from /home/airflow/.local/lib/python3.6/site-packages/airflow/example_dags/tutorial.py
[2025-12-10 18:32:16,064] {logging_mixin.py:109} INFO - [2025-12-10 18:32:16,064] {dag.py:2396} INFO - Sync 1 DAGs
[2025-12-10 18:32:16,080] {logging_mixin.py:109} INFO - [2025-12-10 18:32:16,080] {dag.py:2935} INFO - Setting next_dagrun for tutorial to 2025-12-09T18:32:16.079909+00:00
[2025-12-10 18:32:16,089] {processor.py:171} INFO - Processing /home/airflow/.local/lib/python3.6/site-packages/airflow/example_dags/tutorial.py took 0.075 seconds
[2025-12-10 18:32:46,446] {processor.py:163} INFO - Started process (PID=1195) to work on /home/airflow/.local/lib/python3.6/site-packages/airflow/example_dags/tutorial.py
[2025-12-10 18:32:46,453] {processor.py:642} INFO - Processing file /home/airflow/.local/lib/python3.6/site-packages/airflow/example_dags/tutorial.py for tasks to queue
[2025-12-10 18:32:46,453] {logging_mixin.py:109} INFO - [2025-12-10 18:32:46,453] {dagbag.py:500} INFO - Filling up the DagBag from /home/airflow/.local/lib/python3.6/site-packages/airflow/example_dags/tutorial.py
[2025-12-10 18:32:46,483] {processor.py:654} INFO - DAG(s) dict_keys(['tutorial']) retrieved from /home/airflow/.local/lib/python3.6/site-packages/airflow/example_dags/tutorial.py
[2025-12-10 18:32:46,492] {logging_mixin.py:109} INFO - [2025-12-10 18:32:46,492] {dag.py:2396} INFO - Sync 1 DAGs
[2025-12-10 18:32:46,505] {logging_mixin.py:109} INFO - [2025-12-10 18:32:46,505] {dag.py:2935} INFO - Setting next_dagrun for tutorial to 2025-12-09T18:32:46.505442+00:00
[2025-12-10 18:32:46,513] {processor.py:171} INFO - Processing /home/airflow/.local/lib/python3.6/site-packages/airflow/example_dags/tutorial.py took 0.070 seconds
[2025-12-10 18:33:16,879] {processor.py:163} INFO - Started process (PID=1250) to work on /home/airflow/.local/lib/python3.6/site-packages/airflow/example_dags/tutorial.py
[2025-12-10 18:33:16,880] {processor.py:642} INFO - Processing file /home/airflow/.local/lib/python3.6/site-packages/airflow/example_dags/tutorial.py for tasks to queue
[2025-12-10 18:33:16,880] {logging_mixin.py:109} INFO - [2025-12-10 18:33:16,880] {dagbag.py:500} INFO - Filling up the DagBag from /home/airflow/.local/lib/python3.6/site-packages/airflow/example_dags/tutorial.py
[2025-12-10 18:33:16,911] {processor.py:654} INFO - DAG(s) dict_keys(['tutorial']) retrieved from /home/airflow/.local/lib/python3.6/site-packages/airflow/example_dags/tutorial.py
[2025-12-10 18:33:16,920] {logging_mixin.py:109} INFO - [2025-12-10 18:33:16,920] {dag.py:2396} INFO - Sync 1 DAGs
[2025-12-10 18:33:16,935] {logging_mixin.py:109} INFO - [2025-12-10 18:33:16,935] {dag.py:2935} INFO - Setting next_dagrun for tutorial to 2025-12-09T18:33:16.934740+00:00
[2025-12-10 18:33:16,944] {processor.py:171} INFO - Processing /home/airflow/.local/lib/python3.6/site-packages/airflow/example_dags/tutorial.py took 0.068 seconds
[2025-12-10 18:33:47,171] {processor.py:163} INFO - Started process (PID=1313) to work on /home/airflow/.local/lib/python3.6/site-packages/airflow/example_dags/tutorial.py
[2025-12-10 18:33:47,178] {processor.py:642} INFO - Processing file /home/airflow/.local/lib/python3.6/site-packages/airflow/example_dags/tutorial.py for tasks to queue
[2025-12-10 18:33:47,179] {logging_mixin.py:109} INFO - [2025-12-10 18:33:47,179] {dagbag.py:500} INFO - Filling up the DagBag from /home/airflow/.local/lib/python3.6/site-packages/airflow/example_dags/tutorial.py
[2025-12-10 18:33:47,209] {processor.py:654} INFO - DAG(s) dict_keys(['tutorial']) retrieved from /home/airflow/.local/lib/python3.6/site-packages/airflow/example_dags/tutorial.py
[2025-12-10 18:33:47,217] {logging_mixin.py:109} INFO - [2025-12-10 18:33:47,217] {dag.py:2396} INFO - Sync 1 DAGs
[2025-12-10 18:33:47,229] {logging_mixin.py:109} INFO - [2025-12-10 18:33:47,229] {dag.py:2935} INFO - Setting next_dagrun for tutorial to 2025-12-09T18:33:47.229190+00:00
[2025-12-10 18:33:47,236] {processor.py:171} INFO - Processing /home/airflow/.local/lib/python3.6/site-packages/airflow/example_dags/tutorial.py took 0.069 seconds
[2025-12-10 18:34:17,704] {processor.py:163} INFO - Started process (PID=1365) to work on /home/airflow/.local/lib/python3.6/site-packages/airflow/example_dags/tutorial.py
[2025-12-10 18:34:17,705] {processor.py:642} INFO - Processing file /home/airflow/.local/lib/python3.6/site-packages/airflow/example_dags/tutorial.py for tasks to queue
[2025-12-10 18:34:17,705] {logging_mixin.py:109} INFO - [2025-12-10 18:34:17,705] {dagbag.py:500} INFO - Filling up the DagBag from /home/airflow/.local/lib/python3.6/site-packages/airflow/example_dags/tutorial.py
[2025-12-10 18:34:17,736] {processor.py:654} INFO - DAG(s) dict_keys(['tutorial']) retrieved from /home/airflow/.local/lib/python3.6/site-packages/airflow/example_dags/tutorial.py
[2025-12-10 18:34:17,745] {logging_mixin.py:109} INFO - [2025-12-10 18:34:17,745] {dag.py:2396} INFO - Sync 1 DAGs
[2025-12-10 18:34:17,758] {logging_mixin.py:109} INFO - [2025-12-10 18:34:17,758] {dag.py:2935} INFO - Setting next_dagrun for tutorial to 2025-12-09T18:34:17.757792+00:00
[2025-12-10 18:34:17,765] {processor.py:171} INFO - Processing /home/airflow/.local/lib/python3.6/site-packages/airflow/example_dags/tutorial.py took 0.065 seconds
[2025-12-10 18:34:48,029] {processor.py:163} INFO - Started process (PID=1427) to work on /home/airflow/.local/lib/python3.6/site-packages/airflow/example_dags/tutorial.py
[2025-12-10 18:34:48,037] {processor.py:642} INFO - Processing file /home/airflow/.local/lib/python3.6/site-packages/airflow/example_dags/tutorial.py for tasks to queue
[2025-12-10 18:34:48,037] {logging_mixin.py:109} INFO - [2025-12-10 18:34:48,037] {dagbag.py:500} INFO - Filling up the DagBag from /home/airflow/.local/lib/python3.6/site-packages/airflow/example_dags/tutorial.py
[2025-12-10 18:34:48,067] {processor.py:654} INFO - DAG(s) dict_keys(['tutorial']) retrieved from /home/airflow/.local/lib/python3.6/site-packages/airflow/example_dags/tutorial.py
[2025-12-10 18:34:48,075] {logging_mixin.py:109} INFO - [2025-12-10 18:34:48,075] {dag.py:2396} INFO - Sync 1 DAGs
[2025-12-10 18:34:48,087] {logging_mixin.py:109} INFO - [2025-12-10 18:34:48,087] {dag.py:2935} INFO - Setting next_dagrun for tutorial to 2025-12-09T18:34:48.086856+00:00
[2025-12-10 18:34:48,094] {processor.py:171} INFO - Processing /home/airflow/.local/lib/python3.6/site-packages/airflow/example_dags/tutorial.py took 0.068 seconds
[2025-12-10 18:35:18,234] {processor.py:163} INFO - Started process (PID=1489) to work on /home/airflow/.local/lib/python3.6/site-packages/airflow/example_dags/tutorial.py
[2025-12-10 18:35:18,235] {processor.py:642} INFO - Processing file /home/airflow/.local/lib/python3.6/site-packages/airflow/example_dags/tutorial.py for tasks to queue
[2025-12-10 18:35:18,236] {logging_mixin.py:109} INFO - [2025-12-10 18:35:18,235] {dagbag.py:500} INFO - Filling up the DagBag from /home/airflow/.local/lib/python3.6/site-packages/airflow/example_dags/tutorial.py
[2025-12-10 18:35:18,276] {processor.py:654} INFO - DAG(s) dict_keys(['tutorial']) retrieved from /home/airflow/.local/lib/python3.6/site-packages/airflow/example_dags/tutorial.py
[2025-12-10 18:35:18,288] {logging_mixin.py:109} INFO - [2025-12-10 18:35:18,288] {dag.py:2396} INFO - Sync 1 DAGs
[2025-12-10 18:35:18,304] {logging_mixin.py:109} INFO - [2025-12-10 18:35:18,304] {dag.py:2935} INFO - Setting next_dagrun for tutorial to 2025-12-09T18:35:18.304525+00:00
[2025-12-10 18:35:18,314] {processor.py:171} INFO - Processing /home/airflow/.local/lib/python3.6/site-packages/airflow/example_dags/tutorial.py took 0.084 seconds
[2025-12-10 18:35:48,510] {processor.py:163} INFO - Started process (PID=1541) to work on /home/airflow/.local/lib/python3.6/site-packages/airflow/example_dags/tutorial.py
[2025-12-10 18:35:48,518] {processor.py:642} INFO - Processing file /home/airflow/.local/lib/python3.6/site-packages/airflow/example_dags/tutorial.py for tasks to queue
[2025-12-10 18:35:48,518] {logging_mixin.py:109} INFO - [2025-12-10 18:35:48,518] {dagbag.py:500} INFO - Filling up the DagBag from /home/airflow/.local/lib/python3.6/site-packages/airflow/example_dags/tutorial.py
[2025-12-10 18:35:48,548] {processor.py:654} INFO - DAG(s) dict_keys(['tutorial']) retrieved from /home/airflow/.local/lib/python3.6/site-packages/airflow/example_dags/tutorial.py
[2025-12-10 18:35:48,557] {logging_mixin.py:109} INFO - [2025-12-10 18:35:48,557] {dag.py:2396} INFO - Sync 1 DAGs
[2025-12-10 18:35:48,570] {logging_mixin.py:109} INFO - [2025-12-10 18:35:48,570] {dag.py:2935} INFO - Setting next_dagrun for tutorial to 2025-12-09T18:35:48.569897+00:00
[2025-12-10 18:35:48,577] {processor.py:171} INFO - Processing /home/airflow/.local/lib/python3.6/site-packages/airflow/example_dags/tutorial.py took 0.070 seconds
[2025-12-10 18:36:19,233] {processor.py:163} INFO - Started process (PID=1603) to work on /home/airflow/.local/lib/python3.6/site-packages/airflow/example_dags/tutorial.py
[2025-12-10 18:36:19,234] {processor.py:642} INFO - Processing file /home/airflow/.local/lib/python3.6/site-packages/airflow/example_dags/tutorial.py for tasks to queue
[2025-12-10 18:36:19,234] {logging_mixin.py:109} INFO - [2025-12-10 18:36:19,234] {dagbag.py:500} INFO - Filling up the DagBag from /home/airflow/.local/lib/python3.6/site-packages/airflow/example_dags/tutorial.py
[2025-12-10 18:36:19,264] {processor.py:654} INFO - DAG(s) dict_keys(['tutorial']) retrieved from /home/airflow/.local/lib/python3.6/site-packages/airflow/example_dags/tutorial.py
[2025-12-10 18:36:19,272] {logging_mixin.py:109} INFO - [2025-12-10 18:36:19,272] {dag.py:2396} INFO - Sync 1 DAGs
[2025-12-10 18:36:19,285] {logging_mixin.py:109} INFO - [2025-12-10 18:36:19,285] {dag.py:2935} INFO - Setting next_dagrun for tutorial to 2025-12-09T18:36:19.284894+00:00
[2025-12-10 18:36:19,292] {processor.py:171} INFO - Processing /home/airflow/.local/lib/python3.6/site-packages/airflow/example_dags/tutorial.py took 0.063 seconds
[2025-12-10 18:36:49,773] {processor.py:163} INFO - Started process (PID=1655) to work on /home/airflow/.local/lib/python3.6/site-packages/airflow/example_dags/tutorial.py
[2025-12-10 18:36:49,775] {processor.py:642} INFO - Processing file /home/airflow/.local/lib/python3.6/site-packages/airflow/example_dags/tutorial.py for tasks to queue
[2025-12-10 18:36:49,776] {logging_mixin.py:109} INFO - [2025-12-10 18:36:49,776] {dagbag.py:500} INFO - Filling up the DagBag from /home/airflow/.local/lib/python3.6/site-packages/airflow/example_dags/tutorial.py
[2025-12-10 18:36:49,814] {processor.py:654} INFO - DAG(s) dict_keys(['tutorial']) retrieved from /home/airflow/.local/lib/python3.6/site-packages/airflow/example_dags/tutorial.py
[2025-12-10 18:36:49,823] {logging_mixin.py:109} INFO - [2025-12-10 18:36:49,823] {dag.py:2396} INFO - Sync 1 DAGs
[2025-12-10 18:36:49,840] {logging_mixin.py:109} INFO - [2025-12-10 18:36:49,839] {dag.py:2935} INFO - Setting next_dagrun for tutorial to 2025-12-09T18:36:49.839698+00:00
[2025-12-10 18:36:49,859] {processor.py:171} INFO - Processing /home/airflow/.local/lib/python3.6/site-packages/airflow/example_dags/tutorial.py took 0.089 seconds
[2025-12-10 18:37:20,228] {processor.py:163} INFO - Started process (PID=1717) to work on /home/airflow/.local/lib/python3.6/site-packages/airflow/example_dags/tutorial.py
[2025-12-10 18:37:20,229] {processor.py:642} INFO - Processing file /home/airflow/.local/lib/python3.6/site-packages/airflow/example_dags/tutorial.py for tasks to queue
[2025-12-10 18:37:20,229] {logging_mixin.py:109} INFO - [2025-12-10 18:37:20,229] {dagbag.py:500} INFO - Filling up the DagBag from /home/airflow/.local/lib/python3.6/site-packages/airflow/example_dags/tutorial.py
[2025-12-10 18:37:20,257] {processor.py:654} INFO - DAG(s) dict_keys(['tutorial']) retrieved from /home/airflow/.local/lib/python3.6/site-packages/airflow/example_dags/tutorial.py
[2025-12-10 18:37:20,266] {logging_mixin.py:109} INFO - [2025-12-10 18:37:20,266] {dag.py:2396} INFO - Sync 1 DAGs
[2025-12-10 18:37:20,278] {logging_mixin.py:109} INFO - [2025-12-10 18:37:20,278] {dag.py:2935} INFO - Setting next_dagrun for tutorial to 2025-12-09T18:37:20.278284+00:00
[2025-12-10 18:37:20,286] {processor.py:171} INFO - Processing /home/airflow/.local/lib/python3.6/site-packages/airflow/example_dags/tutorial.py took 0.061 seconds
[2025-12-10 18:37:50,487] {processor.py:163} INFO - Started process (PID=1779) to work on /home/airflow/.local/lib/python3.6/site-packages/airflow/example_dags/tutorial.py
[2025-12-10 18:37:50,494] {processor.py:642} INFO - Processing file /home/airflow/.local/lib/python3.6/site-packages/airflow/example_dags/tutorial.py for tasks to queue
[2025-12-10 18:37:50,495] {logging_mixin.py:109} INFO - [2025-12-10 18:37:50,495] {dagbag.py:500} INFO - Filling up the DagBag from /home/airflow/.local/lib/python3.6/site-packages/airflow/example_dags/tutorial.py
[2025-12-10 18:37:50,528] {processor.py:654} INFO - DAG(s) dict_keys(['tutorial']) retrieved from /home/airflow/.local/lib/python3.6/site-packages/airflow/example_dags/tutorial.py
[2025-12-10 18:37:50,537] {logging_mixin.py:109} INFO - [2025-12-10 18:37:50,537] {dag.py:2396} INFO - Sync 1 DAGs
[2025-12-10 18:37:50,552] {logging_mixin.py:109} INFO - [2025-12-10 18:37:50,552] {dag.py:2935} INFO - Setting next_dagrun for tutorial to 2025-12-09T18:37:50.551850+00:00
[2025-12-10 18:37:50,560] {processor.py:171} INFO - Processing /home/airflow/.local/lib/python3.6/site-packages/airflow/example_dags/tutorial.py took 0.076 seconds
[2025-12-10 18:38:20,836] {processor.py:163} INFO - Started process (PID=1831) to work on /home/airflow/.local/lib/python3.6/site-packages/airflow/example_dags/tutorial.py
[2025-12-10 18:38:20,837] {processor.py:642} INFO - Processing file /home/airflow/.local/lib/python3.6/site-packages/airflow/example_dags/tutorial.py for tasks to queue
[2025-12-10 18:38:20,837] {logging_mixin.py:109} INFO - [2025-12-10 18:38:20,837] {dagbag.py:500} INFO - Filling up the DagBag from /home/airflow/.local/lib/python3.6/site-packages/airflow/example_dags/tutorial.py
[2025-12-10 18:38:20,866] {processor.py:654} INFO - DAG(s) dict_keys(['tutorial']) retrieved from /home/airflow/.local/lib/python3.6/site-packages/airflow/example_dags/tutorial.py
[2025-12-10 18:38:20,875] {logging_mixin.py:109} INFO - [2025-12-10 18:38:20,875] {dag.py:2396} INFO - Sync 1 DAGs
[2025-12-10 18:38:20,888] {logging_mixin.py:109} INFO - [2025-12-10 18:38:20,888] {dag.py:2935} INFO - Setting next_dagrun for tutorial to 2025-12-09T18:38:20.888196+00:00
[2025-12-10 18:38:20,896] {processor.py:171} INFO - Processing /home/airflow/.local/lib/python3.6/site-packages/airflow/example_dags/tutorial.py took 0.063 seconds
[2025-12-10 18:38:51,299] {processor.py:163} INFO - Started process (PID=1893) to work on /home/airflow/.local/lib/python3.6/site-packages/airflow/example_dags/tutorial.py
[2025-12-10 18:38:51,306] {processor.py:642} INFO - Processing file /home/airflow/.local/lib/python3.6/site-packages/airflow/example_dags/tutorial.py for tasks to queue
[2025-12-10 18:38:51,306] {logging_mixin.py:109} INFO - [2025-12-10 18:38:51,306] {dagbag.py:500} INFO - Filling up the DagBag from /home/airflow/.local/lib/python3.6/site-packages/airflow/example_dags/tutorial.py
[2025-12-10 18:38:51,337] {processor.py:654} INFO - DAG(s) dict_keys(['tutorial']) retrieved from /home/airflow/.local/lib/python3.6/site-packages/airflow/example_dags/tutorial.py
[2025-12-10 18:38:51,346] {logging_mixin.py:109} INFO - [2025-12-10 18:38:51,346] {dag.py:2396} INFO - Sync 1 DAGs
[2025-12-10 18:38:51,362] {logging_mixin.py:109} INFO - [2025-12-10 18:38:51,362] {dag.py:2935} INFO - Setting next_dagrun for tutorial to 2025-12-09T18:38:51.362060+00:00
[2025-12-10 18:38:51,370] {processor.py:171} INFO - Processing /home/airflow/.local/lib/python3.6/site-packages/airflow/example_dags/tutorial.py took 0.075 seconds
[2025-12-10 18:39:21,576] {processor.py:163} INFO - Started process (PID=1945) to work on /home/airflow/.local/lib/python3.6/site-packages/airflow/example_dags/tutorial.py
[2025-12-10 18:39:21,577] {processor.py:642} INFO - Processing file /home/airflow/.local/lib/python3.6/site-packages/airflow/example_dags/tutorial.py for tasks to queue
[2025-12-10 18:39:21,577] {logging_mixin.py:109} INFO - [2025-12-10 18:39:21,577] {dagbag.py:500} INFO - Filling up the DagBag from /home/airflow/.local/lib/python3.6/site-packages/airflow/example_dags/tutorial.py
[2025-12-10 18:39:21,605] {processor.py:654} INFO - DAG(s) dict_keys(['tutorial']) retrieved from /home/airflow/.local/lib/python3.6/site-packages/airflow/example_dags/tutorial.py
[2025-12-10 18:39:21,613] {logging_mixin.py:109} INFO - [2025-12-10 18:39:21,613] {dag.py:2396} INFO - Sync 1 DAGs
[2025-12-10 18:39:21,625] {logging_mixin.py:109} INFO - [2025-12-10 18:39:21,625] {dag.py:2935} INFO - Setting next_dagrun for tutorial to 2025-12-09T18:39:21.624807+00:00
[2025-12-10 18:39:21,632] {processor.py:171} INFO - Processing /home/airflow/.local/lib/python3.6/site-packages/airflow/example_dags/tutorial.py took 0.059 seconds
[2025-12-10 18:39:51,877] {processor.py:163} INFO - Started process (PID=2007) to work on /home/airflow/.local/lib/python3.6/site-packages/airflow/example_dags/tutorial.py
[2025-12-10 18:39:51,884] {processor.py:642} INFO - Processing file /home/airflow/.local/lib/python3.6/site-packages/airflow/example_dags/tutorial.py for tasks to queue
[2025-12-10 18:39:51,884] {logging_mixin.py:109} INFO - [2025-12-10 18:39:51,884] {dagbag.py:500} INFO - Filling up the DagBag from /home/airflow/.local/lib/python3.6/site-packages/airflow/example_dags/tutorial.py
[2025-12-10 18:39:51,915] {processor.py:654} INFO - DAG(s) dict_keys(['tutorial']) retrieved from /home/airflow/.local/lib/python3.6/site-packages/airflow/example_dags/tutorial.py
[2025-12-10 18:39:51,923] {logging_mixin.py:109} INFO - [2025-12-10 18:39:51,923] {dag.py:2396} INFO - Sync 1 DAGs
[2025-12-10 18:39:51,937] {logging_mixin.py:109} INFO - [2025-12-10 18:39:51,936] {dag.py:2935} INFO - Setting next_dagrun for tutorial to 2025-12-09T18:39:51.936705+00:00
[2025-12-10 18:39:51,946] {processor.py:171} INFO - Processing /home/airflow/.local/lib/python3.6/site-packages/airflow/example_dags/tutorial.py took 0.072 seconds
[2025-12-10 18:40:22,261] {processor.py:163} INFO - Started process (PID=2069) to work on /home/airflow/.local/lib/python3.6/site-packages/airflow/example_dags/tutorial.py
[2025-12-10 18:40:22,262] {processor.py:642} INFO - Processing file /home/airflow/.local/lib/python3.6/site-packages/airflow/example_dags/tutorial.py for tasks to queue
[2025-12-10 18:40:22,263] {logging_mixin.py:109} INFO - [2025-12-10 18:40:22,262] {dagbag.py:500} INFO - Filling up the DagBag from /home/airflow/.local/lib/python3.6/site-packages/airflow/example_dags/tutorial.py
[2025-12-10 18:40:22,292] {processor.py:654} INFO - DAG(s) dict_keys(['tutorial']) retrieved from /home/airflow/.local/lib/python3.6/site-packages/airflow/example_dags/tutorial.py
[2025-12-10 18:40:22,301] {logging_mixin.py:109} INFO - [2025-12-10 18:40:22,301] {dag.py:2396} INFO - Sync 1 DAGs
[2025-12-10 18:40:22,314] {logging_mixin.py:109} INFO - [2025-12-10 18:40:22,314] {dag.py:2935} INFO - Setting next_dagrun for tutorial to 2025-12-09T18:40:22.314482+00:00
[2025-12-10 18:40:22,323] {processor.py:171} INFO - Processing /home/airflow/.local/lib/python3.6/site-packages/airflow/example_dags/tutorial.py took 0.065 seconds
[2025-12-10 18:40:52,614] {processor.py:163} INFO - Started process (PID=2121) to work on /home/airflow/.local/lib/python3.6/site-packages/airflow/example_dags/tutorial.py
[2025-12-10 18:40:52,621] {processor.py:642} INFO - Processing file /home/airflow/.local/lib/python3.6/site-packages/airflow/example_dags/tutorial.py for tasks to queue
[2025-12-10 18:40:52,621] {logging_mixin.py:109} INFO - [2025-12-10 18:40:52,621] {dagbag.py:500} INFO - Filling up the DagBag from /home/airflow/.local/lib/python3.6/site-packages/airflow/example_dags/tutorial.py
[2025-12-10 18:40:52,651] {processor.py:654} INFO - DAG(s) dict_keys(['tutorial']) retrieved from /home/airflow/.local/lib/python3.6/site-packages/airflow/example_dags/tutorial.py
[2025-12-10 18:40:52,660] {logging_mixin.py:109} INFO - [2025-12-10 18:40:52,660] {dag.py:2396} INFO - Sync 1 DAGs
[2025-12-10 18:40:52,672] {logging_mixin.py:109} INFO - [2025-12-10 18:40:52,672] {dag.py:2935} INFO - Setting next_dagrun for tutorial to 2025-12-09T18:40:52.672270+00:00
[2025-12-10 18:40:52,679] {processor.py:171} INFO - Processing /home/airflow/.local/lib/python3.6/site-packages/airflow/example_dags/tutorial.py took 0.069 seconds
[2025-12-10 18:41:23,058] {processor.py:163} INFO - Started process (PID=2183) to work on /home/airflow/.local/lib/python3.6/site-packages/airflow/example_dags/tutorial.py
[2025-12-10 18:41:23,059] {processor.py:642} INFO - Processing file /home/airflow/.local/lib/python3.6/site-packages/airflow/example_dags/tutorial.py for tasks to queue
[2025-12-10 18:41:23,060] {logging_mixin.py:109} INFO - [2025-12-10 18:41:23,060] {dagbag.py:500} INFO - Filling up the DagBag from /home/airflow/.local/lib/python3.6/site-packages/airflow/example_dags/tutorial.py
[2025-12-10 18:41:23,095] {processor.py:654} INFO - DAG(s) dict_keys(['tutorial']) retrieved from /home/airflow/.local/lib/python3.6/site-packages/airflow/example_dags/tutorial.py
[2025-12-10 18:41:23,105] {logging_mixin.py:109} INFO - [2025-12-10 18:41:23,105] {dag.py:2396} INFO - Sync 1 DAGs
[2025-12-10 18:41:23,121] {logging_mixin.py:109} INFO - [2025-12-10 18:41:23,121] {dag.py:2935} INFO - Setting next_dagrun for tutorial to 2025-12-09T18:41:23.120854+00:00
[2025-12-10 18:41:23,130] {processor.py:171} INFO - Processing /home/airflow/.local/lib/python3.6/site-packages/airflow/example_dags/tutorial.py took 0.075 seconds
[2025-12-10 18:41:53,415] {processor.py:163} INFO - Started process (PID=2235) to work on /home/airflow/.local/lib/python3.6/site-packages/airflow/example_dags/tutorial.py
[2025-12-10 18:41:53,417] {processor.py:642} INFO - Processing file /home/airflow/.local/lib/python3.6/site-packages/airflow/example_dags/tutorial.py for tasks to queue
[2025-12-10 18:41:53,417] {logging_mixin.py:109} INFO - [2025-12-10 18:41:53,417] {dagbag.py:500} INFO - Filling up the DagBag from /home/airflow/.local/lib/python3.6/site-packages/airflow/example_dags/tutorial.py
[2025-12-10 18:41:53,461] {processor.py:654} INFO - DAG(s) dict_keys(['tutorial']) retrieved from /home/airflow/.local/lib/python3.6/site-packages/airflow/example_dags/tutorial.py
[2025-12-10 18:41:53,473] {logging_mixin.py:109} INFO - [2025-12-10 18:41:53,473] {dag.py:2396} INFO - Sync 1 DAGs
[2025-12-10 18:41:53,489] {logging_mixin.py:109} INFO - [2025-12-10 18:41:53,489] {dag.py:2935} INFO - Setting next_dagrun for tutorial to 2025-12-09T18:41:53.489382+00:00
[2025-12-10 18:41:53,508] {processor.py:171} INFO - Processing /home/airflow/.local/lib/python3.6/site-packages/airflow/example_dags/tutorial.py took 0.097 seconds
[2025-12-10 18:42:23,723] {processor.py:163} INFO - Started process (PID=2297) to work on /home/airflow/.local/lib/python3.6/site-packages/airflow/example_dags/tutorial.py
[2025-12-10 18:42:23,724] {processor.py:642} INFO - Processing file /home/airflow/.local/lib/python3.6/site-packages/airflow/example_dags/tutorial.py for tasks to queue
[2025-12-10 18:42:23,725] {logging_mixin.py:109} INFO - [2025-12-10 18:42:23,724] {dagbag.py:500} INFO - Filling up the DagBag from /home/airflow/.local/lib/python3.6/site-packages/airflow/example_dags/tutorial.py
[2025-12-10 18:42:23,757] {processor.py:654} INFO - DAG(s) dict_keys(['tutorial']) retrieved from /home/airflow/.local/lib/python3.6/site-packages/airflow/example_dags/tutorial.py
[2025-12-10 18:42:23,766] {logging_mixin.py:109} INFO - [2025-12-10 18:42:23,765] {dag.py:2396} INFO - Sync 1 DAGs
[2025-12-10 18:42:23,780] {logging_mixin.py:109} INFO - [2025-12-10 18:42:23,780] {dag.py:2935} INFO - Setting next_dagrun for tutorial to 2025-12-09T18:42:23.780237+00:00
[2025-12-10 18:42:23,789] {processor.py:171} INFO - Processing /home/airflow/.local/lib/python3.6/site-packages/airflow/example_dags/tutorial.py took 0.070 seconds
[2025-12-10 18:42:54,230] {processor.py:163} INFO - Started process (PID=2356) to work on /home/airflow/.local/lib/python3.6/site-packages/airflow/example_dags/tutorial.py
[2025-12-10 18:42:54,232] {processor.py:642} INFO - Processing file /home/airflow/.local/lib/python3.6/site-packages/airflow/example_dags/tutorial.py for tasks to queue
[2025-12-10 18:42:54,232] {logging_mixin.py:109} INFO - [2025-12-10 18:42:54,232] {dagbag.py:500} INFO - Filling up the DagBag from /home/airflow/.local/lib/python3.6/site-packages/airflow/example_dags/tutorial.py
[2025-12-10 18:42:54,270] {processor.py:654} INFO - DAG(s) dict_keys(['tutorial']) retrieved from /home/airflow/.local/lib/python3.6/site-packages/airflow/example_dags/tutorial.py
[2025-12-10 18:42:54,281] {logging_mixin.py:109} INFO - [2025-12-10 18:42:54,281] {dag.py:2396} INFO - Sync 1 DAGs
[2025-12-10 18:42:54,299] {logging_mixin.py:109} INFO - [2025-12-10 18:42:54,299] {dag.py:2935} INFO - Setting next_dagrun for tutorial to 2025-12-09T18:42:54.299041+00:00
[2025-12-10 18:42:54,322] {processor.py:171} INFO - Processing /home/airflow/.local/lib/python3.6/site-packages/airflow/example_dags/tutorial.py took 0.096 seconds
[2025-12-10 18:43:24,782] {processor.py:163} INFO - Started process (PID=2411) to work on /home/airflow/.local/lib/python3.6/site-packages/airflow/example_dags/tutorial.py
[2025-12-10 18:43:24,783] {processor.py:642} INFO - Processing file /home/airflow/.local/lib/python3.6/site-packages/airflow/example_dags/tutorial.py for tasks to queue
[2025-12-10 18:43:24,784] {logging_mixin.py:109} INFO - [2025-12-10 18:43:24,784] {dagbag.py:500} INFO - Filling up the DagBag from /home/airflow/.local/lib/python3.6/site-packages/airflow/example_dags/tutorial.py
[2025-12-10 18:43:24,817] {processor.py:654} INFO - DAG(s) dict_keys(['tutorial']) retrieved from /home/airflow/.local/lib/python3.6/site-packages/airflow/example_dags/tutorial.py
[2025-12-10 18:43:24,827] {logging_mixin.py:109} INFO - [2025-12-10 18:43:24,827] {dag.py:2396} INFO - Sync 1 DAGs
[2025-12-10 18:43:24,840] {logging_mixin.py:109} INFO - [2025-12-10 18:43:24,840] {dag.py:2935} INFO - Setting next_dagrun for tutorial to 2025-12-09T18:43:24.840303+00:00
[2025-12-10 18:43:24,849] {processor.py:171} INFO - Processing /home/airflow/.local/lib/python3.6/site-packages/airflow/example_dags/tutorial.py took 0.070 seconds
[2025-12-10 18:43:55,391] {processor.py:163} INFO - Started process (PID=2473) to work on /home/airflow/.local/lib/python3.6/site-packages/airflow/example_dags/tutorial.py
[2025-12-10 18:43:55,392] {processor.py:642} INFO - Processing file /home/airflow/.local/lib/python3.6/site-packages/airflow/example_dags/tutorial.py for tasks to queue
[2025-12-10 18:43:55,393] {logging_mixin.py:109} INFO - [2025-12-10 18:43:55,393] {dagbag.py:500} INFO - Filling up the DagBag from /home/airflow/.local/lib/python3.6/site-packages/airflow/example_dags/tutorial.py
[2025-12-10 18:43:55,423] {processor.py:654} INFO - DAG(s) dict_keys(['tutorial']) retrieved from /home/airflow/.local/lib/python3.6/site-packages/airflow/example_dags/tutorial.py
[2025-12-10 18:43:55,433] {logging_mixin.py:109} INFO - [2025-12-10 18:43:55,433] {dag.py:2396} INFO - Sync 1 DAGs
[2025-12-10 18:43:55,447] {logging_mixin.py:109} INFO - [2025-12-10 18:43:55,447] {dag.py:2935} INFO - Setting next_dagrun for tutorial to 2025-12-09T18:43:55.447621+00:00
[2025-12-10 18:43:55,456] {processor.py:171} INFO - Processing /home/airflow/.local/lib/python3.6/site-packages/airflow/example_dags/tutorial.py took 0.068 seconds
[2025-12-10 18:46:30,262] {processor.py:163} INFO - Started process (PID=62) to work on /home/airflow/.local/lib/python3.6/site-packages/airflow/example_dags/tutorial.py
[2025-12-10 18:46:30,263] {processor.py:642} INFO - Processing file /home/airflow/.local/lib/python3.6/site-packages/airflow/example_dags/tutorial.py for tasks to queue
[2025-12-10 18:46:30,264] {logging_mixin.py:109} INFO - [2025-12-10 18:46:30,264] {dagbag.py:500} INFO - Filling up the DagBag from /home/airflow/.local/lib/python3.6/site-packages/airflow/example_dags/tutorial.py
[2025-12-10 18:46:30,294] {processor.py:654} INFO - DAG(s) dict_keys(['tutorial']) retrieved from /home/airflow/.local/lib/python3.6/site-packages/airflow/example_dags/tutorial.py
[2025-12-10 18:46:30,304] {logging_mixin.py:109} INFO - [2025-12-10 18:46:30,304] {dag.py:2396} INFO - Sync 1 DAGs
[2025-12-10 18:46:30,318] {logging_mixin.py:109} INFO - [2025-12-10 18:46:30,318] {dag.py:2935} INFO - Setting next_dagrun for tutorial to 2025-12-09T18:46:30.317740+00:00
[2025-12-10 18:46:30,326] {processor.py:171} INFO - Processing /home/airflow/.local/lib/python3.6/site-packages/airflow/example_dags/tutorial.py took 0.068 seconds
[2025-12-10 18:47:02,178] {processor.py:163} INFO - Started process (PID=114) to work on /home/airflow/.local/lib/python3.6/site-packages/airflow/example_dags/tutorial.py
[2025-12-10 18:47:02,180] {processor.py:642} INFO - Processing file /home/airflow/.local/lib/python3.6/site-packages/airflow/example_dags/tutorial.py for tasks to queue
[2025-12-10 18:47:02,181] {logging_mixin.py:109} INFO - [2025-12-10 18:47:02,181] {dagbag.py:500} INFO - Filling up the DagBag from /home/airflow/.local/lib/python3.6/site-packages/airflow/example_dags/tutorial.py
[2025-12-10 18:47:02,272] {processor.py:654} INFO - DAG(s) dict_keys(['tutorial']) retrieved from /home/airflow/.local/lib/python3.6/site-packages/airflow/example_dags/tutorial.py
[2025-12-10 18:47:02,300] {logging_mixin.py:109} INFO - [2025-12-10 18:47:02,300] {dag.py:2396} INFO - Sync 1 DAGs
[2025-12-10 18:47:02,340] {logging_mixin.py:109} INFO - [2025-12-10 18:47:02,340] {dag.py:2935} INFO - Setting next_dagrun for tutorial to 2025-12-09T18:47:02.339560+00:00
[2025-12-10 18:47:02,366] {processor.py:171} INFO - Processing /home/airflow/.local/lib/python3.6/site-packages/airflow/example_dags/tutorial.py took 0.194 seconds
[2025-12-10 18:47:33,508] {processor.py:163} INFO - Started process (PID=176) to work on /home/airflow/.local/lib/python3.6/site-packages/airflow/example_dags/tutorial.py
[2025-12-10 18:47:33,511] {processor.py:642} INFO - Processing file /home/airflow/.local/lib/python3.6/site-packages/airflow/example_dags/tutorial.py for tasks to queue
[2025-12-10 18:47:33,513] {logging_mixin.py:109} INFO - [2025-12-10 18:47:33,513] {dagbag.py:500} INFO - Filling up the DagBag from /home/airflow/.local/lib/python3.6/site-packages/airflow/example_dags/tutorial.py
[2025-12-10 18:47:33,581] {processor.py:654} INFO - DAG(s) dict_keys(['tutorial']) retrieved from /home/airflow/.local/lib/python3.6/site-packages/airflow/example_dags/tutorial.py
[2025-12-10 18:47:33,601] {logging_mixin.py:109} INFO - [2025-12-10 18:47:33,600] {dag.py:2396} INFO - Sync 1 DAGs
[2025-12-10 18:47:33,628] {logging_mixin.py:109} INFO - [2025-12-10 18:47:33,628] {dag.py:2935} INFO - Setting next_dagrun for tutorial to 2025-12-09T18:47:33.627684+00:00
[2025-12-10 18:47:33,639] {processor.py:171} INFO - Processing /home/airflow/.local/lib/python3.6/site-packages/airflow/example_dags/tutorial.py took 0.138 seconds
[2025-12-10 18:48:04,548] {processor.py:163} INFO - Started process (PID=229) to work on /home/airflow/.local/lib/python3.6/site-packages/airflow/example_dags/tutorial.py
[2025-12-10 18:48:04,551] {processor.py:642} INFO - Processing file /home/airflow/.local/lib/python3.6/site-packages/airflow/example_dags/tutorial.py for tasks to queue
[2025-12-10 18:48:04,553] {logging_mixin.py:109} INFO - [2025-12-10 18:48:04,553] {dagbag.py:500} INFO - Filling up the DagBag from /home/airflow/.local/lib/python3.6/site-packages/airflow/example_dags/tutorial.py
[2025-12-10 18:48:04,627] {processor.py:654} INFO - DAG(s) dict_keys(['tutorial']) retrieved from /home/airflow/.local/lib/python3.6/site-packages/airflow/example_dags/tutorial.py
[2025-12-10 18:48:04,651] {logging_mixin.py:109} INFO - [2025-12-10 18:48:04,651] {dag.py:2396} INFO - Sync 1 DAGs
[2025-12-10 18:48:04,675] {logging_mixin.py:109} INFO - [2025-12-10 18:48:04,675] {dag.py:2935} INFO - Setting next_dagrun for tutorial to 2025-12-09T18:48:04.674865+00:00
[2025-12-10 18:48:04,691] {processor.py:171} INFO - Processing /home/airflow/.local/lib/python3.6/site-packages/airflow/example_dags/tutorial.py took 0.151 seconds
[2025-12-10 18:48:35,745] {processor.py:163} INFO - Started process (PID=291) to work on /home/airflow/.local/lib/python3.6/site-packages/airflow/example_dags/tutorial.py
[2025-12-10 18:48:35,746] {processor.py:642} INFO - Processing file /home/airflow/.local/lib/python3.6/site-packages/airflow/example_dags/tutorial.py for tasks to queue
[2025-12-10 18:48:35,747] {logging_mixin.py:109} INFO - [2025-12-10 18:48:35,747] {dagbag.py:500} INFO - Filling up the DagBag from /home/airflow/.local/lib/python3.6/site-packages/airflow/example_dags/tutorial.py
[2025-12-10 18:48:35,789] {processor.py:654} INFO - DAG(s) dict_keys(['tutorial']) retrieved from /home/airflow/.local/lib/python3.6/site-packages/airflow/example_dags/tutorial.py
[2025-12-10 18:48:35,800] {logging_mixin.py:109} INFO - [2025-12-10 18:48:35,800] {dag.py:2396} INFO - Sync 1 DAGs
[2025-12-10 18:48:35,817] {logging_mixin.py:109} INFO - [2025-12-10 18:48:35,817] {dag.py:2935} INFO - Setting next_dagrun for tutorial to 2025-12-09T18:48:35.816869+00:00
[2025-12-10 18:48:35,826] {processor.py:171} INFO - Processing /home/airflow/.local/lib/python3.6/site-packages/airflow/example_dags/tutorial.py took 0.086 seconds
[2025-12-10 18:49:06,402] {processor.py:163} INFO - Started process (PID=344) to work on /home/airflow/.local/lib/python3.6/site-packages/airflow/example_dags/tutorial.py
[2025-12-10 18:49:06,403] {processor.py:642} INFO - Processing file /home/airflow/.local/lib/python3.6/site-packages/airflow/example_dags/tutorial.py for tasks to queue
[2025-12-10 18:49:06,403] {logging_mixin.py:109} INFO - [2025-12-10 18:49:06,403] {dagbag.py:500} INFO - Filling up the DagBag from /home/airflow/.local/lib/python3.6/site-packages/airflow/example_dags/tutorial.py
[2025-12-10 18:49:06,432] {processor.py:654} INFO - DAG(s) dict_keys(['tutorial']) retrieved from /home/airflow/.local/lib/python3.6/site-packages/airflow/example_dags/tutorial.py
[2025-12-10 18:49:06,441] {logging_mixin.py:109} INFO - [2025-12-10 18:49:06,441] {dag.py:2396} INFO - Sync 1 DAGs
[2025-12-10 18:49:06,454] {logging_mixin.py:109} INFO - [2025-12-10 18:49:06,454] {dag.py:2935} INFO - Setting next_dagrun for tutorial to 2025-12-09T18:49:06.453896+00:00
[2025-12-10 18:49:06,461] {processor.py:171} INFO - Processing /home/airflow/.local/lib/python3.6/site-packages/airflow/example_dags/tutorial.py took 0.063 seconds
[2025-12-10 18:49:36,805] {processor.py:163} INFO - Started process (PID=406) to work on /home/airflow/.local/lib/python3.6/site-packages/airflow/example_dags/tutorial.py
[2025-12-10 18:49:36,806] {processor.py:642} INFO - Processing file /home/airflow/.local/lib/python3.6/site-packages/airflow/example_dags/tutorial.py for tasks to queue
[2025-12-10 18:49:36,807] {logging_mixin.py:109} INFO - [2025-12-10 18:49:36,807] {dagbag.py:500} INFO - Filling up the DagBag from /home/airflow/.local/lib/python3.6/site-packages/airflow/example_dags/tutorial.py
[2025-12-10 18:49:36,837] {processor.py:654} INFO - DAG(s) dict_keys(['tutorial']) retrieved from /home/airflow/.local/lib/python3.6/site-packages/airflow/example_dags/tutorial.py
[2025-12-10 18:49:36,846] {logging_mixin.py:109} INFO - [2025-12-10 18:49:36,846] {dag.py:2396} INFO - Sync 1 DAGs
[2025-12-10 18:49:36,859] {logging_mixin.py:109} INFO - [2025-12-10 18:49:36,859] {dag.py:2935} INFO - Setting next_dagrun for tutorial to 2025-12-09T18:49:36.859089+00:00
[2025-12-10 18:49:36,867] {processor.py:171} INFO - Processing /home/airflow/.local/lib/python3.6/site-packages/airflow/example_dags/tutorial.py took 0.066 seconds
[2025-12-10 18:50:07,888] {processor.py:163} INFO - Started process (PID=458) to work on /home/airflow/.local/lib/python3.6/site-packages/airflow/example_dags/tutorial.py
[2025-12-10 18:50:07,890] {processor.py:642} INFO - Processing file /home/airflow/.local/lib/python3.6/site-packages/airflow/example_dags/tutorial.py for tasks to queue
[2025-12-10 18:50:07,890] {logging_mixin.py:109} INFO - [2025-12-10 18:50:07,890] {dagbag.py:500} INFO - Filling up the DagBag from /home/airflow/.local/lib/python3.6/site-packages/airflow/example_dags/tutorial.py
[2025-12-10 18:50:07,921] {processor.py:654} INFO - DAG(s) dict_keys(['tutorial']) retrieved from /home/airflow/.local/lib/python3.6/site-packages/airflow/example_dags/tutorial.py
[2025-12-10 18:50:07,931] {logging_mixin.py:109} INFO - [2025-12-10 18:50:07,931] {dag.py:2396} INFO - Sync 1 DAGs
[2025-12-10 18:50:07,947] {logging_mixin.py:109} INFO - [2025-12-10 18:50:07,946] {dag.py:2935} INFO - Setting next_dagrun for tutorial to 2025-12-09T18:50:07.946469+00:00
[2025-12-10 18:50:07,975] {processor.py:171} INFO - Processing /home/airflow/.local/lib/python3.6/site-packages/airflow/example_dags/tutorial.py took 0.091 seconds
[2025-12-10 18:51:32,746] {processor.py:163} INFO - Started process (PID=309) to work on /home/airflow/.local/lib/python3.6/site-packages/airflow/example_dags/tutorial.py
[2025-12-10 18:51:32,756] {processor.py:642} INFO - Processing file /home/airflow/.local/lib/python3.6/site-packages/airflow/example_dags/tutorial.py for tasks to queue
[2025-12-10 18:51:32,757] {logging_mixin.py:109} INFO - [2025-12-10 18:51:32,757] {dagbag.py:500} INFO - Filling up the DagBag from /home/airflow/.local/lib/python3.6/site-packages/airflow/example_dags/tutorial.py
[2025-12-10 18:51:32,800] {processor.py:654} INFO - DAG(s) dict_keys(['tutorial']) retrieved from /home/airflow/.local/lib/python3.6/site-packages/airflow/example_dags/tutorial.py
[2025-12-10 18:51:34,843] {logging_mixin.py:109} INFO - [2025-12-10 18:51:34,843] {manager.py:496} INFO - Created Permission View: can read on DAG:tutorial
[2025-12-10 18:51:34,851] {logging_mixin.py:109} INFO - [2025-12-10 18:51:34,851] {manager.py:496} INFO - Created Permission View: can edit on DAG:tutorial
[2025-12-10 18:51:34,853] {logging_mixin.py:109} INFO - [2025-12-10 18:51:34,852] {dag.py:2396} INFO - Sync 1 DAGs
[2025-12-10 18:51:34,864] {logging_mixin.py:109} INFO - [2025-12-10 18:51:34,863] {dag.py:2415} INFO - Creating ORM DAG for tutorial
[2025-12-10 18:51:34,870] {logging_mixin.py:109} INFO - [2025-12-10 18:51:34,870] {dag.py:2935} INFO - Setting next_dagrun for tutorial to 2025-12-09T18:51:34.870446+00:00
[2025-12-10 18:51:34,881] {processor.py:171} INFO - Processing /home/airflow/.local/lib/python3.6/site-packages/airflow/example_dags/tutorial.py took 2.139 seconds
[2025-12-10 18:52:05,504] {processor.py:163} INFO - Started process (PID=494) to work on /home/airflow/.local/lib/python3.6/site-packages/airflow/example_dags/tutorial.py
[2025-12-10 18:52:05,506] {processor.py:642} INFO - Processing file /home/airflow/.local/lib/python3.6/site-packages/airflow/example_dags/tutorial.py for tasks to queue
[2025-12-10 18:52:05,506] {logging_mixin.py:109} INFO - [2025-12-10 18:52:05,506] {dagbag.py:500} INFO - Filling up the DagBag from /home/airflow/.local/lib/python3.6/site-packages/airflow/example_dags/tutorial.py
[2025-12-10 18:52:05,538] {processor.py:654} INFO - DAG(s) dict_keys(['tutorial']) retrieved from /home/airflow/.local/lib/python3.6/site-packages/airflow/example_dags/tutorial.py
[2025-12-10 18:52:05,549] {logging_mixin.py:109} INFO - [2025-12-10 18:52:05,548] {dag.py:2396} INFO - Sync 1 DAGs
[2025-12-10 18:52:05,567] {logging_mixin.py:109} INFO - [2025-12-10 18:52:05,567] {dag.py:2935} INFO - Setting next_dagrun for tutorial to 2025-12-09T18:52:05.567078+00:00
[2025-12-10 18:52:05,580] {processor.py:171} INFO - Processing /home/airflow/.local/lib/python3.6/site-packages/airflow/example_dags/tutorial.py took 0.079 seconds
