[2025-12-10 18:26:05,768] {processor.py:163} INFO - Started process (PID=271) to work on /home/airflow/.local/lib/python3.6/site-packages/airflow/example_dags/tutorial_etl_dag.py
[2025-12-10 18:26:05,769] {processor.py:642} INFO - Processing file /home/airflow/.local/lib/python3.6/site-packages/airflow/example_dags/tutorial_etl_dag.py for tasks to queue
[2025-12-10 18:26:05,770] {logging_mixin.py:109} INFO - [2025-12-10 18:26:05,770] {dagbag.py:500} INFO - Filling up the DagBag from /home/airflow/.local/lib/python3.6/site-packages/airflow/example_dags/tutorial_etl_dag.py
[2025-12-10 18:26:05,811] {processor.py:654} INFO - DAG(s) dict_keys(['tutorial_etl_dag']) retrieved from /home/airflow/.local/lib/python3.6/site-packages/airflow/example_dags/tutorial_etl_dag.py
[2025-12-10 18:26:07,959] {logging_mixin.py:109} INFO - [2025-12-10 18:26:07,958] {manager.py:496} INFO - Created Permission View: can edit on DAG:tutorial_etl_dag
[2025-12-10 18:26:07,967] {logging_mixin.py:109} INFO - [2025-12-10 18:26:07,967] {manager.py:496} INFO - Created Permission View: can read on DAG:tutorial_etl_dag
[2025-12-10 18:26:07,969] {logging_mixin.py:109} INFO - [2025-12-10 18:26:07,968] {dag.py:2396} INFO - Sync 1 DAGs
[2025-12-10 18:26:07,979] {logging_mixin.py:109} INFO - [2025-12-10 18:26:07,978] {dag.py:2415} INFO - Creating ORM DAG for tutorial_etl_dag
[2025-12-10 18:26:07,986] {logging_mixin.py:109} INFO - [2025-12-10 18:26:07,986] {dag.py:2935} INFO - Setting next_dagrun for tutorial_etl_dag to None
[2025-12-10 18:26:08,000] {processor.py:171} INFO - Processing /home/airflow/.local/lib/python3.6/site-packages/airflow/example_dags/tutorial_etl_dag.py took 2.236 seconds
[2025-12-10 18:26:38,114] {processor.py:163} INFO - Started process (PID=492) to work on /home/airflow/.local/lib/python3.6/site-packages/airflow/example_dags/tutorial_etl_dag.py
[2025-12-10 18:26:38,121] {processor.py:642} INFO - Processing file /home/airflow/.local/lib/python3.6/site-packages/airflow/example_dags/tutorial_etl_dag.py for tasks to queue
[2025-12-10 18:26:38,122] {logging_mixin.py:109} INFO - [2025-12-10 18:26:38,122] {dagbag.py:500} INFO - Filling up the DagBag from /home/airflow/.local/lib/python3.6/site-packages/airflow/example_dags/tutorial_etl_dag.py
[2025-12-10 18:26:38,150] {processor.py:654} INFO - DAG(s) dict_keys(['tutorial_etl_dag']) retrieved from /home/airflow/.local/lib/python3.6/site-packages/airflow/example_dags/tutorial_etl_dag.py
[2025-12-10 18:26:38,158] {logging_mixin.py:109} INFO - [2025-12-10 18:26:38,157] {dag.py:2396} INFO - Sync 1 DAGs
[2025-12-10 18:26:38,171] {logging_mixin.py:109} INFO - [2025-12-10 18:26:38,171] {dag.py:2935} INFO - Setting next_dagrun for tutorial_etl_dag to None
[2025-12-10 18:26:38,178] {processor.py:171} INFO - Processing /home/airflow/.local/lib/python3.6/site-packages/airflow/example_dags/tutorial_etl_dag.py took 0.067 seconds
[2025-12-10 18:27:09,007] {processor.py:163} INFO - Started process (PID=554) to work on /home/airflow/.local/lib/python3.6/site-packages/airflow/example_dags/tutorial_etl_dag.py
[2025-12-10 18:27:09,014] {processor.py:642} INFO - Processing file /home/airflow/.local/lib/python3.6/site-packages/airflow/example_dags/tutorial_etl_dag.py for tasks to queue
[2025-12-10 18:27:09,015] {logging_mixin.py:109} INFO - [2025-12-10 18:27:09,015] {dagbag.py:500} INFO - Filling up the DagBag from /home/airflow/.local/lib/python3.6/site-packages/airflow/example_dags/tutorial_etl_dag.py
[2025-12-10 18:27:09,043] {processor.py:654} INFO - DAG(s) dict_keys(['tutorial_etl_dag']) retrieved from /home/airflow/.local/lib/python3.6/site-packages/airflow/example_dags/tutorial_etl_dag.py
[2025-12-10 18:27:09,051] {logging_mixin.py:109} INFO - [2025-12-10 18:27:09,051] {dag.py:2396} INFO - Sync 1 DAGs
[2025-12-10 18:27:09,066] {logging_mixin.py:109} INFO - [2025-12-10 18:27:09,066] {dag.py:2935} INFO - Setting next_dagrun for tutorial_etl_dag to None
[2025-12-10 18:27:09,073] {processor.py:171} INFO - Processing /home/airflow/.local/lib/python3.6/site-packages/airflow/example_dags/tutorial_etl_dag.py took 0.069 seconds
[2025-12-10 18:27:39,232] {processor.py:163} INFO - Started process (PID=606) to work on /home/airflow/.local/lib/python3.6/site-packages/airflow/example_dags/tutorial_etl_dag.py
[2025-12-10 18:27:39,240] {processor.py:642} INFO - Processing file /home/airflow/.local/lib/python3.6/site-packages/airflow/example_dags/tutorial_etl_dag.py for tasks to queue
[2025-12-10 18:27:39,241] {logging_mixin.py:109} INFO - [2025-12-10 18:27:39,241] {dagbag.py:500} INFO - Filling up the DagBag from /home/airflow/.local/lib/python3.6/site-packages/airflow/example_dags/tutorial_etl_dag.py
[2025-12-10 18:27:39,266] {processor.py:654} INFO - DAG(s) dict_keys(['tutorial_etl_dag']) retrieved from /home/airflow/.local/lib/python3.6/site-packages/airflow/example_dags/tutorial_etl_dag.py
[2025-12-10 18:27:39,274] {logging_mixin.py:109} INFO - [2025-12-10 18:27:39,274] {dag.py:2396} INFO - Sync 1 DAGs
[2025-12-10 18:27:39,288] {logging_mixin.py:109} INFO - [2025-12-10 18:27:39,287] {dag.py:2935} INFO - Setting next_dagrun for tutorial_etl_dag to None
[2025-12-10 18:27:39,295] {processor.py:171} INFO - Processing /home/airflow/.local/lib/python3.6/site-packages/airflow/example_dags/tutorial_etl_dag.py took 0.065 seconds
[2025-12-10 18:28:09,428] {processor.py:163} INFO - Started process (PID=668) to work on /home/airflow/.local/lib/python3.6/site-packages/airflow/example_dags/tutorial_etl_dag.py
[2025-12-10 18:28:09,434] {processor.py:642} INFO - Processing file /home/airflow/.local/lib/python3.6/site-packages/airflow/example_dags/tutorial_etl_dag.py for tasks to queue
[2025-12-10 18:28:09,435] {logging_mixin.py:109} INFO - [2025-12-10 18:28:09,435] {dagbag.py:500} INFO - Filling up the DagBag from /home/airflow/.local/lib/python3.6/site-packages/airflow/example_dags/tutorial_etl_dag.py
[2025-12-10 18:28:09,462] {processor.py:654} INFO - DAG(s) dict_keys(['tutorial_etl_dag']) retrieved from /home/airflow/.local/lib/python3.6/site-packages/airflow/example_dags/tutorial_etl_dag.py
[2025-12-10 18:28:09,471] {logging_mixin.py:109} INFO - [2025-12-10 18:28:09,471] {dag.py:2396} INFO - Sync 1 DAGs
[2025-12-10 18:28:09,485] {logging_mixin.py:109} INFO - [2025-12-10 18:28:09,485] {dag.py:2935} INFO - Setting next_dagrun for tutorial_etl_dag to None
[2025-12-10 18:28:09,492] {processor.py:171} INFO - Processing /home/airflow/.local/lib/python3.6/site-packages/airflow/example_dags/tutorial_etl_dag.py took 0.068 seconds
[2025-12-10 18:28:39,981] {processor.py:163} INFO - Started process (PID=720) to work on /home/airflow/.local/lib/python3.6/site-packages/airflow/example_dags/tutorial_etl_dag.py
[2025-12-10 18:28:39,989] {processor.py:642} INFO - Processing file /home/airflow/.local/lib/python3.6/site-packages/airflow/example_dags/tutorial_etl_dag.py for tasks to queue
[2025-12-10 18:28:39,990] {logging_mixin.py:109} INFO - [2025-12-10 18:28:39,990] {dagbag.py:500} INFO - Filling up the DagBag from /home/airflow/.local/lib/python3.6/site-packages/airflow/example_dags/tutorial_etl_dag.py
[2025-12-10 18:28:40,016] {processor.py:654} INFO - DAG(s) dict_keys(['tutorial_etl_dag']) retrieved from /home/airflow/.local/lib/python3.6/site-packages/airflow/example_dags/tutorial_etl_dag.py
[2025-12-10 18:28:40,024] {logging_mixin.py:109} INFO - [2025-12-10 18:28:40,024] {dag.py:2396} INFO - Sync 1 DAGs
[2025-12-10 18:28:40,038] {logging_mixin.py:109} INFO - [2025-12-10 18:28:40,037] {dag.py:2935} INFO - Setting next_dagrun for tutorial_etl_dag to None
[2025-12-10 18:28:40,045] {processor.py:171} INFO - Processing /home/airflow/.local/lib/python3.6/site-packages/airflow/example_dags/tutorial_etl_dag.py took 0.067 seconds
[2025-12-10 18:29:10,265] {processor.py:163} INFO - Started process (PID=782) to work on /home/airflow/.local/lib/python3.6/site-packages/airflow/example_dags/tutorial_etl_dag.py
[2025-12-10 18:29:10,266] {processor.py:642} INFO - Processing file /home/airflow/.local/lib/python3.6/site-packages/airflow/example_dags/tutorial_etl_dag.py for tasks to queue
[2025-12-10 18:29:10,266] {logging_mixin.py:109} INFO - [2025-12-10 18:29:10,266] {dagbag.py:500} INFO - Filling up the DagBag from /home/airflow/.local/lib/python3.6/site-packages/airflow/example_dags/tutorial_etl_dag.py
[2025-12-10 18:29:10,293] {processor.py:654} INFO - DAG(s) dict_keys(['tutorial_etl_dag']) retrieved from /home/airflow/.local/lib/python3.6/site-packages/airflow/example_dags/tutorial_etl_dag.py
[2025-12-10 18:29:10,302] {logging_mixin.py:109} INFO - [2025-12-10 18:29:10,301] {dag.py:2396} INFO - Sync 1 DAGs
[2025-12-10 18:29:10,315] {logging_mixin.py:109} INFO - [2025-12-10 18:29:10,315] {dag.py:2935} INFO - Setting next_dagrun for tutorial_etl_dag to None
[2025-12-10 18:29:10,323] {processor.py:171} INFO - Processing /home/airflow/.local/lib/python3.6/site-packages/airflow/example_dags/tutorial_etl_dag.py took 0.062 seconds
[2025-12-10 18:29:40,790] {processor.py:163} INFO - Started process (PID=844) to work on /home/airflow/.local/lib/python3.6/site-packages/airflow/example_dags/tutorial_etl_dag.py
[2025-12-10 18:29:40,791] {processor.py:642} INFO - Processing file /home/airflow/.local/lib/python3.6/site-packages/airflow/example_dags/tutorial_etl_dag.py for tasks to queue
[2025-12-10 18:29:40,792] {logging_mixin.py:109} INFO - [2025-12-10 18:29:40,792] {dagbag.py:500} INFO - Filling up the DagBag from /home/airflow/.local/lib/python3.6/site-packages/airflow/example_dags/tutorial_etl_dag.py
[2025-12-10 18:29:40,818] {processor.py:654} INFO - DAG(s) dict_keys(['tutorial_etl_dag']) retrieved from /home/airflow/.local/lib/python3.6/site-packages/airflow/example_dags/tutorial_etl_dag.py
[2025-12-10 18:29:40,826] {logging_mixin.py:109} INFO - [2025-12-10 18:29:40,826] {dag.py:2396} INFO - Sync 1 DAGs
[2025-12-10 18:29:40,842] {logging_mixin.py:109} INFO - [2025-12-10 18:29:40,842] {dag.py:2935} INFO - Setting next_dagrun for tutorial_etl_dag to None
[2025-12-10 18:29:40,849] {processor.py:171} INFO - Processing /home/airflow/.local/lib/python3.6/site-packages/airflow/example_dags/tutorial_etl_dag.py took 0.063 seconds
[2025-12-10 18:30:11,297] {processor.py:163} INFO - Started process (PID=896) to work on /home/airflow/.local/lib/python3.6/site-packages/airflow/example_dags/tutorial_etl_dag.py
[2025-12-10 18:30:11,298] {processor.py:642} INFO - Processing file /home/airflow/.local/lib/python3.6/site-packages/airflow/example_dags/tutorial_etl_dag.py for tasks to queue
[2025-12-10 18:30:11,299] {logging_mixin.py:109} INFO - [2025-12-10 18:30:11,299] {dagbag.py:500} INFO - Filling up the DagBag from /home/airflow/.local/lib/python3.6/site-packages/airflow/example_dags/tutorial_etl_dag.py
[2025-12-10 18:30:11,326] {processor.py:654} INFO - DAG(s) dict_keys(['tutorial_etl_dag']) retrieved from /home/airflow/.local/lib/python3.6/site-packages/airflow/example_dags/tutorial_etl_dag.py
[2025-12-10 18:30:11,334] {logging_mixin.py:109} INFO - [2025-12-10 18:30:11,334] {dag.py:2396} INFO - Sync 1 DAGs
[2025-12-10 18:30:11,348] {logging_mixin.py:109} INFO - [2025-12-10 18:30:11,348] {dag.py:2935} INFO - Setting next_dagrun for tutorial_etl_dag to None
[2025-12-10 18:30:11,355] {processor.py:171} INFO - Processing /home/airflow/.local/lib/python3.6/site-packages/airflow/example_dags/tutorial_etl_dag.py took 0.061 seconds
[2025-12-10 18:30:41,670] {processor.py:163} INFO - Started process (PID=958) to work on /home/airflow/.local/lib/python3.6/site-packages/airflow/example_dags/tutorial_etl_dag.py
[2025-12-10 18:30:41,672] {processor.py:642} INFO - Processing file /home/airflow/.local/lib/python3.6/site-packages/airflow/example_dags/tutorial_etl_dag.py for tasks to queue
[2025-12-10 18:30:41,672] {logging_mixin.py:109} INFO - [2025-12-10 18:30:41,672] {dagbag.py:500} INFO - Filling up the DagBag from /home/airflow/.local/lib/python3.6/site-packages/airflow/example_dags/tutorial_etl_dag.py
[2025-12-10 18:30:41,700] {processor.py:654} INFO - DAG(s) dict_keys(['tutorial_etl_dag']) retrieved from /home/airflow/.local/lib/python3.6/site-packages/airflow/example_dags/tutorial_etl_dag.py
[2025-12-10 18:30:41,708] {logging_mixin.py:109} INFO - [2025-12-10 18:30:41,708] {dag.py:2396} INFO - Sync 1 DAGs
[2025-12-10 18:30:41,723] {logging_mixin.py:109} INFO - [2025-12-10 18:30:41,723] {dag.py:2935} INFO - Setting next_dagrun for tutorial_etl_dag to None
[2025-12-10 18:30:41,730] {processor.py:171} INFO - Processing /home/airflow/.local/lib/python3.6/site-packages/airflow/example_dags/tutorial_etl_dag.py took 0.063 seconds
[2025-12-10 18:31:12,130] {processor.py:163} INFO - Started process (PID=1010) to work on /home/airflow/.local/lib/python3.6/site-packages/airflow/example_dags/tutorial_etl_dag.py
[2025-12-10 18:31:12,131] {processor.py:642} INFO - Processing file /home/airflow/.local/lib/python3.6/site-packages/airflow/example_dags/tutorial_etl_dag.py for tasks to queue
[2025-12-10 18:31:12,132] {logging_mixin.py:109} INFO - [2025-12-10 18:31:12,132] {dagbag.py:500} INFO - Filling up the DagBag from /home/airflow/.local/lib/python3.6/site-packages/airflow/example_dags/tutorial_etl_dag.py
[2025-12-10 18:31:12,161] {processor.py:654} INFO - DAG(s) dict_keys(['tutorial_etl_dag']) retrieved from /home/airflow/.local/lib/python3.6/site-packages/airflow/example_dags/tutorial_etl_dag.py
[2025-12-10 18:31:12,170] {logging_mixin.py:109} INFO - [2025-12-10 18:31:12,169] {dag.py:2396} INFO - Sync 1 DAGs
[2025-12-10 18:31:12,184] {logging_mixin.py:109} INFO - [2025-12-10 18:31:12,184] {dag.py:2935} INFO - Setting next_dagrun for tutorial_etl_dag to None
[2025-12-10 18:31:12,192] {processor.py:171} INFO - Processing /home/airflow/.local/lib/python3.6/site-packages/airflow/example_dags/tutorial_etl_dag.py took 0.065 seconds
[2025-12-10 18:31:42,507] {processor.py:163} INFO - Started process (PID=1072) to work on /home/airflow/.local/lib/python3.6/site-packages/airflow/example_dags/tutorial_etl_dag.py
[2025-12-10 18:31:42,508] {processor.py:642} INFO - Processing file /home/airflow/.local/lib/python3.6/site-packages/airflow/example_dags/tutorial_etl_dag.py for tasks to queue
[2025-12-10 18:31:42,508] {logging_mixin.py:109} INFO - [2025-12-10 18:31:42,508] {dagbag.py:500} INFO - Filling up the DagBag from /home/airflow/.local/lib/python3.6/site-packages/airflow/example_dags/tutorial_etl_dag.py
[2025-12-10 18:31:42,534] {processor.py:654} INFO - DAG(s) dict_keys(['tutorial_etl_dag']) retrieved from /home/airflow/.local/lib/python3.6/site-packages/airflow/example_dags/tutorial_etl_dag.py
[2025-12-10 18:31:42,541] {logging_mixin.py:109} INFO - [2025-12-10 18:31:42,541] {dag.py:2396} INFO - Sync 1 DAGs
[2025-12-10 18:31:42,554] {logging_mixin.py:109} INFO - [2025-12-10 18:31:42,554] {dag.py:2935} INFO - Setting next_dagrun for tutorial_etl_dag to None
[2025-12-10 18:31:42,561] {processor.py:171} INFO - Processing /home/airflow/.local/lib/python3.6/site-packages/airflow/example_dags/tutorial_etl_dag.py took 0.057 seconds
[2025-12-10 18:32:13,001] {processor.py:163} INFO - Started process (PID=1134) to work on /home/airflow/.local/lib/python3.6/site-packages/airflow/example_dags/tutorial_etl_dag.py
[2025-12-10 18:32:13,002] {processor.py:642} INFO - Processing file /home/airflow/.local/lib/python3.6/site-packages/airflow/example_dags/tutorial_etl_dag.py for tasks to queue
[2025-12-10 18:32:13,003] {logging_mixin.py:109} INFO - [2025-12-10 18:32:13,003] {dagbag.py:500} INFO - Filling up the DagBag from /home/airflow/.local/lib/python3.6/site-packages/airflow/example_dags/tutorial_etl_dag.py
[2025-12-10 18:32:13,030] {processor.py:654} INFO - DAG(s) dict_keys(['tutorial_etl_dag']) retrieved from /home/airflow/.local/lib/python3.6/site-packages/airflow/example_dags/tutorial_etl_dag.py
[2025-12-10 18:32:13,038] {logging_mixin.py:109} INFO - [2025-12-10 18:32:13,038] {dag.py:2396} INFO - Sync 1 DAGs
[2025-12-10 18:32:13,052] {logging_mixin.py:109} INFO - [2025-12-10 18:32:13,052] {dag.py:2935} INFO - Setting next_dagrun for tutorial_etl_dag to None
[2025-12-10 18:32:13,059] {processor.py:171} INFO - Processing /home/airflow/.local/lib/python3.6/site-packages/airflow/example_dags/tutorial_etl_dag.py took 0.061 seconds
[2025-12-10 18:32:43,373] {processor.py:163} INFO - Started process (PID=1186) to work on /home/airflow/.local/lib/python3.6/site-packages/airflow/example_dags/tutorial_etl_dag.py
[2025-12-10 18:32:43,375] {processor.py:642} INFO - Processing file /home/airflow/.local/lib/python3.6/site-packages/airflow/example_dags/tutorial_etl_dag.py for tasks to queue
[2025-12-10 18:32:43,376] {logging_mixin.py:109} INFO - [2025-12-10 18:32:43,375] {dagbag.py:500} INFO - Filling up the DagBag from /home/airflow/.local/lib/python3.6/site-packages/airflow/example_dags/tutorial_etl_dag.py
[2025-12-10 18:32:43,402] {processor.py:654} INFO - DAG(s) dict_keys(['tutorial_etl_dag']) retrieved from /home/airflow/.local/lib/python3.6/site-packages/airflow/example_dags/tutorial_etl_dag.py
[2025-12-10 18:32:43,410] {logging_mixin.py:109} INFO - [2025-12-10 18:32:43,409] {dag.py:2396} INFO - Sync 1 DAGs
[2025-12-10 18:32:43,423] {logging_mixin.py:109} INFO - [2025-12-10 18:32:43,423] {dag.py:2935} INFO - Setting next_dagrun for tutorial_etl_dag to None
[2025-12-10 18:32:43,430] {processor.py:171} INFO - Processing /home/airflow/.local/lib/python3.6/site-packages/airflow/example_dags/tutorial_etl_dag.py took 0.060 seconds
[2025-12-10 18:33:13,795] {processor.py:163} INFO - Started process (PID=1248) to work on /home/airflow/.local/lib/python3.6/site-packages/airflow/example_dags/tutorial_etl_dag.py
[2025-12-10 18:33:13,797] {processor.py:642} INFO - Processing file /home/airflow/.local/lib/python3.6/site-packages/airflow/example_dags/tutorial_etl_dag.py for tasks to queue
[2025-12-10 18:33:13,797] {logging_mixin.py:109} INFO - [2025-12-10 18:33:13,797] {dagbag.py:500} INFO - Filling up the DagBag from /home/airflow/.local/lib/python3.6/site-packages/airflow/example_dags/tutorial_etl_dag.py
[2025-12-10 18:33:13,827] {processor.py:654} INFO - DAG(s) dict_keys(['tutorial_etl_dag']) retrieved from /home/airflow/.local/lib/python3.6/site-packages/airflow/example_dags/tutorial_etl_dag.py
[2025-12-10 18:33:13,835] {logging_mixin.py:109} INFO - [2025-12-10 18:33:13,835] {dag.py:2396} INFO - Sync 1 DAGs
[2025-12-10 18:33:13,849] {logging_mixin.py:109} INFO - [2025-12-10 18:33:13,849] {dag.py:2935} INFO - Setting next_dagrun for tutorial_etl_dag to None
[2025-12-10 18:33:13,856] {processor.py:171} INFO - Processing /home/airflow/.local/lib/python3.6/site-packages/airflow/example_dags/tutorial_etl_dag.py took 0.064 seconds
[2025-12-10 18:33:44,078] {processor.py:163} INFO - Started process (PID=1308) to work on /home/airflow/.local/lib/python3.6/site-packages/airflow/example_dags/tutorial_etl_dag.py
[2025-12-10 18:33:44,079] {processor.py:642} INFO - Processing file /home/airflow/.local/lib/python3.6/site-packages/airflow/example_dags/tutorial_etl_dag.py for tasks to queue
[2025-12-10 18:33:44,080] {logging_mixin.py:109} INFO - [2025-12-10 18:33:44,080] {dagbag.py:500} INFO - Filling up the DagBag from /home/airflow/.local/lib/python3.6/site-packages/airflow/example_dags/tutorial_etl_dag.py
[2025-12-10 18:33:44,106] {processor.py:654} INFO - DAG(s) dict_keys(['tutorial_etl_dag']) retrieved from /home/airflow/.local/lib/python3.6/site-packages/airflow/example_dags/tutorial_etl_dag.py
[2025-12-10 18:33:44,114] {logging_mixin.py:109} INFO - [2025-12-10 18:33:44,114] {dag.py:2396} INFO - Sync 1 DAGs
[2025-12-10 18:33:44,129] {logging_mixin.py:109} INFO - [2025-12-10 18:33:44,129] {dag.py:2935} INFO - Setting next_dagrun for tutorial_etl_dag to None
[2025-12-10 18:33:44,137] {processor.py:171} INFO - Processing /home/airflow/.local/lib/python3.6/site-packages/airflow/example_dags/tutorial_etl_dag.py took 0.062 seconds
[2025-12-10 18:34:14,663] {processor.py:163} INFO - Started process (PID=1363) to work on /home/airflow/.local/lib/python3.6/site-packages/airflow/example_dags/tutorial_etl_dag.py
[2025-12-10 18:34:14,664] {processor.py:642} INFO - Processing file /home/airflow/.local/lib/python3.6/site-packages/airflow/example_dags/tutorial_etl_dag.py for tasks to queue
[2025-12-10 18:34:14,665] {logging_mixin.py:109} INFO - [2025-12-10 18:34:14,665] {dagbag.py:500} INFO - Filling up the DagBag from /home/airflow/.local/lib/python3.6/site-packages/airflow/example_dags/tutorial_etl_dag.py
[2025-12-10 18:34:14,690] {processor.py:654} INFO - DAG(s) dict_keys(['tutorial_etl_dag']) retrieved from /home/airflow/.local/lib/python3.6/site-packages/airflow/example_dags/tutorial_etl_dag.py
[2025-12-10 18:34:14,698] {logging_mixin.py:109} INFO - [2025-12-10 18:34:14,698] {dag.py:2396} INFO - Sync 1 DAGs
[2025-12-10 18:34:14,711] {logging_mixin.py:109} INFO - [2025-12-10 18:34:14,711] {dag.py:2935} INFO - Setting next_dagrun for tutorial_etl_dag to None
[2025-12-10 18:34:14,718] {processor.py:171} INFO - Processing /home/airflow/.local/lib/python3.6/site-packages/airflow/example_dags/tutorial_etl_dag.py took 0.059 seconds
[2025-12-10 18:34:45,004] {processor.py:163} INFO - Started process (PID=1425) to work on /home/airflow/.local/lib/python3.6/site-packages/airflow/example_dags/tutorial_etl_dag.py
[2025-12-10 18:34:45,005] {processor.py:642} INFO - Processing file /home/airflow/.local/lib/python3.6/site-packages/airflow/example_dags/tutorial_etl_dag.py for tasks to queue
[2025-12-10 18:34:45,006] {logging_mixin.py:109} INFO - [2025-12-10 18:34:45,006] {dagbag.py:500} INFO - Filling up the DagBag from /home/airflow/.local/lib/python3.6/site-packages/airflow/example_dags/tutorial_etl_dag.py
[2025-12-10 18:34:45,032] {processor.py:654} INFO - DAG(s) dict_keys(['tutorial_etl_dag']) retrieved from /home/airflow/.local/lib/python3.6/site-packages/airflow/example_dags/tutorial_etl_dag.py
[2025-12-10 18:34:45,039] {logging_mixin.py:109} INFO - [2025-12-10 18:34:45,039] {dag.py:2396} INFO - Sync 1 DAGs
[2025-12-10 18:34:45,052] {logging_mixin.py:109} INFO - [2025-12-10 18:34:45,052] {dag.py:2935} INFO - Setting next_dagrun for tutorial_etl_dag to None
[2025-12-10 18:34:45,059] {processor.py:171} INFO - Processing /home/airflow/.local/lib/python3.6/site-packages/airflow/example_dags/tutorial_etl_dag.py took 0.058 seconds
[2025-12-10 18:35:15,150] {processor.py:163} INFO - Started process (PID=1477) to work on /home/airflow/.local/lib/python3.6/site-packages/airflow/example_dags/tutorial_etl_dag.py
[2025-12-10 18:35:15,151] {processor.py:642} INFO - Processing file /home/airflow/.local/lib/python3.6/site-packages/airflow/example_dags/tutorial_etl_dag.py for tasks to queue
[2025-12-10 18:35:15,152] {logging_mixin.py:109} INFO - [2025-12-10 18:35:15,152] {dagbag.py:500} INFO - Filling up the DagBag from /home/airflow/.local/lib/python3.6/site-packages/airflow/example_dags/tutorial_etl_dag.py
[2025-12-10 18:35:15,177] {processor.py:654} INFO - DAG(s) dict_keys(['tutorial_etl_dag']) retrieved from /home/airflow/.local/lib/python3.6/site-packages/airflow/example_dags/tutorial_etl_dag.py
[2025-12-10 18:35:15,185] {logging_mixin.py:109} INFO - [2025-12-10 18:35:15,185] {dag.py:2396} INFO - Sync 1 DAGs
[2025-12-10 18:35:15,198] {logging_mixin.py:109} INFO - [2025-12-10 18:35:15,198] {dag.py:2935} INFO - Setting next_dagrun for tutorial_etl_dag to None
[2025-12-10 18:35:15,205] {processor.py:171} INFO - Processing /home/airflow/.local/lib/python3.6/site-packages/airflow/example_dags/tutorial_etl_dag.py took 0.058 seconds
[2025-12-10 18:35:45,426] {processor.py:163} INFO - Started process (PID=1539) to work on /home/airflow/.local/lib/python3.6/site-packages/airflow/example_dags/tutorial_etl_dag.py
[2025-12-10 18:35:45,427] {processor.py:642} INFO - Processing file /home/airflow/.local/lib/python3.6/site-packages/airflow/example_dags/tutorial_etl_dag.py for tasks to queue
[2025-12-10 18:35:45,428] {logging_mixin.py:109} INFO - [2025-12-10 18:35:45,428] {dagbag.py:500} INFO - Filling up the DagBag from /home/airflow/.local/lib/python3.6/site-packages/airflow/example_dags/tutorial_etl_dag.py
[2025-12-10 18:35:45,453] {processor.py:654} INFO - DAG(s) dict_keys(['tutorial_etl_dag']) retrieved from /home/airflow/.local/lib/python3.6/site-packages/airflow/example_dags/tutorial_etl_dag.py
[2025-12-10 18:35:45,461] {logging_mixin.py:109} INFO - [2025-12-10 18:35:45,461] {dag.py:2396} INFO - Sync 1 DAGs
[2025-12-10 18:35:45,473] {logging_mixin.py:109} INFO - [2025-12-10 18:35:45,473] {dag.py:2935} INFO - Setting next_dagrun for tutorial_etl_dag to None
[2025-12-10 18:35:45,480] {processor.py:171} INFO - Processing /home/airflow/.local/lib/python3.6/site-packages/airflow/example_dags/tutorial_etl_dag.py took 0.057 seconds
[2025-12-10 18:36:16,099] {processor.py:163} INFO - Started process (PID=1601) to work on /home/airflow/.local/lib/python3.6/site-packages/airflow/example_dags/tutorial_etl_dag.py
[2025-12-10 18:36:16,101] {processor.py:642} INFO - Processing file /home/airflow/.local/lib/python3.6/site-packages/airflow/example_dags/tutorial_etl_dag.py for tasks to queue
[2025-12-10 18:36:16,101] {logging_mixin.py:109} INFO - [2025-12-10 18:36:16,101] {dagbag.py:500} INFO - Filling up the DagBag from /home/airflow/.local/lib/python3.6/site-packages/airflow/example_dags/tutorial_etl_dag.py
[2025-12-10 18:36:16,135] {processor.py:654} INFO - DAG(s) dict_keys(['tutorial_etl_dag']) retrieved from /home/airflow/.local/lib/python3.6/site-packages/airflow/example_dags/tutorial_etl_dag.py
[2025-12-10 18:36:16,145] {logging_mixin.py:109} INFO - [2025-12-10 18:36:16,145] {dag.py:2396} INFO - Sync 1 DAGs
[2025-12-10 18:36:16,162] {logging_mixin.py:109} INFO - [2025-12-10 18:36:16,162] {dag.py:2935} INFO - Setting next_dagrun for tutorial_etl_dag to None
[2025-12-10 18:36:16,174] {processor.py:171} INFO - Processing /home/airflow/.local/lib/python3.6/site-packages/airflow/example_dags/tutorial_etl_dag.py took 0.078 seconds
[2025-12-10 18:36:46,665] {processor.py:163} INFO - Started process (PID=1653) to work on /home/airflow/.local/lib/python3.6/site-packages/airflow/example_dags/tutorial_etl_dag.py
[2025-12-10 18:36:46,667] {processor.py:642} INFO - Processing file /home/airflow/.local/lib/python3.6/site-packages/airflow/example_dags/tutorial_etl_dag.py for tasks to queue
[2025-12-10 18:36:46,667] {logging_mixin.py:109} INFO - [2025-12-10 18:36:46,667] {dagbag.py:500} INFO - Filling up the DagBag from /home/airflow/.local/lib/python3.6/site-packages/airflow/example_dags/tutorial_etl_dag.py
[2025-12-10 18:36:46,701] {processor.py:654} INFO - DAG(s) dict_keys(['tutorial_etl_dag']) retrieved from /home/airflow/.local/lib/python3.6/site-packages/airflow/example_dags/tutorial_etl_dag.py
[2025-12-10 18:36:46,713] {logging_mixin.py:109} INFO - [2025-12-10 18:36:46,713] {dag.py:2396} INFO - Sync 1 DAGs
[2025-12-10 18:36:46,730] {logging_mixin.py:109} INFO - [2025-12-10 18:36:46,730] {dag.py:2935} INFO - Setting next_dagrun for tutorial_etl_dag to None
[2025-12-10 18:36:46,739] {processor.py:171} INFO - Processing /home/airflow/.local/lib/python3.6/site-packages/airflow/example_dags/tutorial_etl_dag.py took 0.076 seconds
[2025-12-10 18:37:17,145] {processor.py:163} INFO - Started process (PID=1715) to work on /home/airflow/.local/lib/python3.6/site-packages/airflow/example_dags/tutorial_etl_dag.py
[2025-12-10 18:37:17,146] {processor.py:642} INFO - Processing file /home/airflow/.local/lib/python3.6/site-packages/airflow/example_dags/tutorial_etl_dag.py for tasks to queue
[2025-12-10 18:37:17,146] {logging_mixin.py:109} INFO - [2025-12-10 18:37:17,146] {dagbag.py:500} INFO - Filling up the DagBag from /home/airflow/.local/lib/python3.6/site-packages/airflow/example_dags/tutorial_etl_dag.py
[2025-12-10 18:37:17,174] {processor.py:654} INFO - DAG(s) dict_keys(['tutorial_etl_dag']) retrieved from /home/airflow/.local/lib/python3.6/site-packages/airflow/example_dags/tutorial_etl_dag.py
[2025-12-10 18:37:17,182] {logging_mixin.py:109} INFO - [2025-12-10 18:37:17,182] {dag.py:2396} INFO - Sync 1 DAGs
[2025-12-10 18:37:17,196] {logging_mixin.py:109} INFO - [2025-12-10 18:37:17,196] {dag.py:2935} INFO - Setting next_dagrun for tutorial_etl_dag to None
[2025-12-10 18:37:17,203] {processor.py:171} INFO - Processing /home/airflow/.local/lib/python3.6/site-packages/airflow/example_dags/tutorial_etl_dag.py took 0.062 seconds
[2025-12-10 18:37:47,386] {processor.py:163} INFO - Started process (PID=1767) to work on /home/airflow/.local/lib/python3.6/site-packages/airflow/example_dags/tutorial_etl_dag.py
[2025-12-10 18:37:47,387] {processor.py:642} INFO - Processing file /home/airflow/.local/lib/python3.6/site-packages/airflow/example_dags/tutorial_etl_dag.py for tasks to queue
[2025-12-10 18:37:47,388] {logging_mixin.py:109} INFO - [2025-12-10 18:37:47,388] {dagbag.py:500} INFO - Filling up the DagBag from /home/airflow/.local/lib/python3.6/site-packages/airflow/example_dags/tutorial_etl_dag.py
[2025-12-10 18:37:47,414] {processor.py:654} INFO - DAG(s) dict_keys(['tutorial_etl_dag']) retrieved from /home/airflow/.local/lib/python3.6/site-packages/airflow/example_dags/tutorial_etl_dag.py
[2025-12-10 18:37:47,422] {logging_mixin.py:109} INFO - [2025-12-10 18:37:47,422] {dag.py:2396} INFO - Sync 1 DAGs
[2025-12-10 18:37:47,436] {logging_mixin.py:109} INFO - [2025-12-10 18:37:47,436] {dag.py:2935} INFO - Setting next_dagrun for tutorial_etl_dag to None
[2025-12-10 18:37:47,444] {processor.py:171} INFO - Processing /home/airflow/.local/lib/python3.6/site-packages/airflow/example_dags/tutorial_etl_dag.py took 0.061 seconds
[2025-12-10 18:38:17,761] {processor.py:163} INFO - Started process (PID=1829) to work on /home/airflow/.local/lib/python3.6/site-packages/airflow/example_dags/tutorial_etl_dag.py
[2025-12-10 18:38:17,762] {processor.py:642} INFO - Processing file /home/airflow/.local/lib/python3.6/site-packages/airflow/example_dags/tutorial_etl_dag.py for tasks to queue
[2025-12-10 18:38:17,762] {logging_mixin.py:109} INFO - [2025-12-10 18:38:17,762] {dagbag.py:500} INFO - Filling up the DagBag from /home/airflow/.local/lib/python3.6/site-packages/airflow/example_dags/tutorial_etl_dag.py
[2025-12-10 18:38:17,787] {processor.py:654} INFO - DAG(s) dict_keys(['tutorial_etl_dag']) retrieved from /home/airflow/.local/lib/python3.6/site-packages/airflow/example_dags/tutorial_etl_dag.py
[2025-12-10 18:38:17,794] {logging_mixin.py:109} INFO - [2025-12-10 18:38:17,794] {dag.py:2396} INFO - Sync 1 DAGs
[2025-12-10 18:38:17,807] {logging_mixin.py:109} INFO - [2025-12-10 18:38:17,807] {dag.py:2935} INFO - Setting next_dagrun for tutorial_etl_dag to None
[2025-12-10 18:38:17,814] {processor.py:171} INFO - Processing /home/airflow/.local/lib/python3.6/site-packages/airflow/example_dags/tutorial_etl_dag.py took 0.057 seconds
[2025-12-10 18:38:48,188] {processor.py:163} INFO - Started process (PID=1891) to work on /home/airflow/.local/lib/python3.6/site-packages/airflow/example_dags/tutorial_etl_dag.py
[2025-12-10 18:38:48,189] {processor.py:642} INFO - Processing file /home/airflow/.local/lib/python3.6/site-packages/airflow/example_dags/tutorial_etl_dag.py for tasks to queue
[2025-12-10 18:38:48,190] {logging_mixin.py:109} INFO - [2025-12-10 18:38:48,190] {dagbag.py:500} INFO - Filling up the DagBag from /home/airflow/.local/lib/python3.6/site-packages/airflow/example_dags/tutorial_etl_dag.py
[2025-12-10 18:38:48,221] {processor.py:654} INFO - DAG(s) dict_keys(['tutorial_etl_dag']) retrieved from /home/airflow/.local/lib/python3.6/site-packages/airflow/example_dags/tutorial_etl_dag.py
[2025-12-10 18:38:48,231] {logging_mixin.py:109} INFO - [2025-12-10 18:38:48,231] {dag.py:2396} INFO - Sync 1 DAGs
[2025-12-10 18:38:48,248] {logging_mixin.py:109} INFO - [2025-12-10 18:38:48,248] {dag.py:2935} INFO - Setting next_dagrun for tutorial_etl_dag to None
[2025-12-10 18:38:48,258] {processor.py:171} INFO - Processing /home/airflow/.local/lib/python3.6/site-packages/airflow/example_dags/tutorial_etl_dag.py took 0.074 seconds
[2025-12-10 18:39:18,486] {processor.py:163} INFO - Started process (PID=1943) to work on /home/airflow/.local/lib/python3.6/site-packages/airflow/example_dags/tutorial_etl_dag.py
[2025-12-10 18:39:18,487] {processor.py:642} INFO - Processing file /home/airflow/.local/lib/python3.6/site-packages/airflow/example_dags/tutorial_etl_dag.py for tasks to queue
[2025-12-10 18:39:18,487] {logging_mixin.py:109} INFO - [2025-12-10 18:39:18,487] {dagbag.py:500} INFO - Filling up the DagBag from /home/airflow/.local/lib/python3.6/site-packages/airflow/example_dags/tutorial_etl_dag.py
[2025-12-10 18:39:18,513] {processor.py:654} INFO - DAG(s) dict_keys(['tutorial_etl_dag']) retrieved from /home/airflow/.local/lib/python3.6/site-packages/airflow/example_dags/tutorial_etl_dag.py
[2025-12-10 18:39:18,521] {logging_mixin.py:109} INFO - [2025-12-10 18:39:18,521] {dag.py:2396} INFO - Sync 1 DAGs
[2025-12-10 18:39:18,534] {logging_mixin.py:109} INFO - [2025-12-10 18:39:18,534] {dag.py:2935} INFO - Setting next_dagrun for tutorial_etl_dag to None
[2025-12-10 18:39:18,541] {processor.py:171} INFO - Processing /home/airflow/.local/lib/python3.6/site-packages/airflow/example_dags/tutorial_etl_dag.py took 0.058 seconds
[2025-12-10 18:39:48,788] {processor.py:163} INFO - Started process (PID=2005) to work on /home/airflow/.local/lib/python3.6/site-packages/airflow/example_dags/tutorial_etl_dag.py
[2025-12-10 18:39:48,789] {processor.py:642} INFO - Processing file /home/airflow/.local/lib/python3.6/site-packages/airflow/example_dags/tutorial_etl_dag.py for tasks to queue
[2025-12-10 18:39:48,790] {logging_mixin.py:109} INFO - [2025-12-10 18:39:48,790] {dagbag.py:500} INFO - Filling up the DagBag from /home/airflow/.local/lib/python3.6/site-packages/airflow/example_dags/tutorial_etl_dag.py
[2025-12-10 18:39:48,817] {processor.py:654} INFO - DAG(s) dict_keys(['tutorial_etl_dag']) retrieved from /home/airflow/.local/lib/python3.6/site-packages/airflow/example_dags/tutorial_etl_dag.py
[2025-12-10 18:39:48,825] {logging_mixin.py:109} INFO - [2025-12-10 18:39:48,825] {dag.py:2396} INFO - Sync 1 DAGs
[2025-12-10 18:39:48,839] {logging_mixin.py:109} INFO - [2025-12-10 18:39:48,839] {dag.py:2935} INFO - Setting next_dagrun for tutorial_etl_dag to None
[2025-12-10 18:39:48,847] {processor.py:171} INFO - Processing /home/airflow/.local/lib/python3.6/site-packages/airflow/example_dags/tutorial_etl_dag.py took 0.062 seconds
[2025-12-10 18:40:19,243] {processor.py:163} INFO - Started process (PID=2057) to work on /home/airflow/.local/lib/python3.6/site-packages/airflow/example_dags/tutorial_etl_dag.py
[2025-12-10 18:40:19,244] {processor.py:642} INFO - Processing file /home/airflow/.local/lib/python3.6/site-packages/airflow/example_dags/tutorial_etl_dag.py for tasks to queue
[2025-12-10 18:40:19,245] {logging_mixin.py:109} INFO - [2025-12-10 18:40:19,245] {dagbag.py:500} INFO - Filling up the DagBag from /home/airflow/.local/lib/python3.6/site-packages/airflow/example_dags/tutorial_etl_dag.py
[2025-12-10 18:40:19,270] {processor.py:654} INFO - DAG(s) dict_keys(['tutorial_etl_dag']) retrieved from /home/airflow/.local/lib/python3.6/site-packages/airflow/example_dags/tutorial_etl_dag.py
[2025-12-10 18:40:19,278] {logging_mixin.py:109} INFO - [2025-12-10 18:40:19,278] {dag.py:2396} INFO - Sync 1 DAGs
[2025-12-10 18:40:19,290] {logging_mixin.py:109} INFO - [2025-12-10 18:40:19,290] {dag.py:2935} INFO - Setting next_dagrun for tutorial_etl_dag to None
[2025-12-10 18:40:19,297] {processor.py:171} INFO - Processing /home/airflow/.local/lib/python3.6/site-packages/airflow/example_dags/tutorial_etl_dag.py took 0.057 seconds
[2025-12-10 18:40:49,591] {processor.py:163} INFO - Started process (PID=2119) to work on /home/airflow/.local/lib/python3.6/site-packages/airflow/example_dags/tutorial_etl_dag.py
[2025-12-10 18:40:49,592] {processor.py:642} INFO - Processing file /home/airflow/.local/lib/python3.6/site-packages/airflow/example_dags/tutorial_etl_dag.py for tasks to queue
[2025-12-10 18:40:49,593] {logging_mixin.py:109} INFO - [2025-12-10 18:40:49,593] {dagbag.py:500} INFO - Filling up the DagBag from /home/airflow/.local/lib/python3.6/site-packages/airflow/example_dags/tutorial_etl_dag.py
[2025-12-10 18:40:49,617] {processor.py:654} INFO - DAG(s) dict_keys(['tutorial_etl_dag']) retrieved from /home/airflow/.local/lib/python3.6/site-packages/airflow/example_dags/tutorial_etl_dag.py
[2025-12-10 18:40:49,625] {logging_mixin.py:109} INFO - [2025-12-10 18:40:49,625] {dag.py:2396} INFO - Sync 1 DAGs
[2025-12-10 18:40:49,637] {logging_mixin.py:109} INFO - [2025-12-10 18:40:49,637] {dag.py:2935} INFO - Setting next_dagrun for tutorial_etl_dag to None
[2025-12-10 18:40:49,644] {processor.py:171} INFO - Processing /home/airflow/.local/lib/python3.6/site-packages/airflow/example_dags/tutorial_etl_dag.py took 0.056 seconds
[2025-12-10 18:41:19,957] {processor.py:163} INFO - Started process (PID=2181) to work on /home/airflow/.local/lib/python3.6/site-packages/airflow/example_dags/tutorial_etl_dag.py
[2025-12-10 18:41:19,958] {processor.py:642} INFO - Processing file /home/airflow/.local/lib/python3.6/site-packages/airflow/example_dags/tutorial_etl_dag.py for tasks to queue
[2025-12-10 18:41:19,958] {logging_mixin.py:109} INFO - [2025-12-10 18:41:19,958] {dagbag.py:500} INFO - Filling up the DagBag from /home/airflow/.local/lib/python3.6/site-packages/airflow/example_dags/tutorial_etl_dag.py
[2025-12-10 18:41:19,991] {processor.py:654} INFO - DAG(s) dict_keys(['tutorial_etl_dag']) retrieved from /home/airflow/.local/lib/python3.6/site-packages/airflow/example_dags/tutorial_etl_dag.py
[2025-12-10 18:41:20,001] {logging_mixin.py:109} INFO - [2025-12-10 18:41:20,000] {dag.py:2396} INFO - Sync 1 DAGs
[2025-12-10 18:41:20,018] {logging_mixin.py:109} INFO - [2025-12-10 18:41:20,018] {dag.py:2935} INFO - Setting next_dagrun for tutorial_etl_dag to None
[2025-12-10 18:41:20,028] {processor.py:171} INFO - Processing /home/airflow/.local/lib/python3.6/site-packages/airflow/example_dags/tutorial_etl_dag.py took 0.075 seconds
[2025-12-10 18:41:50,286] {processor.py:163} INFO - Started process (PID=2233) to work on /home/airflow/.local/lib/python3.6/site-packages/airflow/example_dags/tutorial_etl_dag.py
[2025-12-10 18:41:50,288] {processor.py:642} INFO - Processing file /home/airflow/.local/lib/python3.6/site-packages/airflow/example_dags/tutorial_etl_dag.py for tasks to queue
[2025-12-10 18:41:50,289] {logging_mixin.py:109} INFO - [2025-12-10 18:41:50,289] {dagbag.py:500} INFO - Filling up the DagBag from /home/airflow/.local/lib/python3.6/site-packages/airflow/example_dags/tutorial_etl_dag.py
[2025-12-10 18:41:50,327] {processor.py:654} INFO - DAG(s) dict_keys(['tutorial_etl_dag']) retrieved from /home/airflow/.local/lib/python3.6/site-packages/airflow/example_dags/tutorial_etl_dag.py
[2025-12-10 18:41:50,337] {logging_mixin.py:109} INFO - [2025-12-10 18:41:50,337] {dag.py:2396} INFO - Sync 1 DAGs
[2025-12-10 18:41:50,356] {logging_mixin.py:109} INFO - [2025-12-10 18:41:50,355] {dag.py:2935} INFO - Setting next_dagrun for tutorial_etl_dag to None
[2025-12-10 18:41:50,375] {processor.py:171} INFO - Processing /home/airflow/.local/lib/python3.6/site-packages/airflow/example_dags/tutorial_etl_dag.py took 0.093 seconds
[2025-12-10 18:42:20,622] {processor.py:163} INFO - Started process (PID=2295) to work on /home/airflow/.local/lib/python3.6/site-packages/airflow/example_dags/tutorial_etl_dag.py
[2025-12-10 18:42:20,623] {processor.py:642} INFO - Processing file /home/airflow/.local/lib/python3.6/site-packages/airflow/example_dags/tutorial_etl_dag.py for tasks to queue
[2025-12-10 18:42:20,624] {logging_mixin.py:109} INFO - [2025-12-10 18:42:20,624] {dagbag.py:500} INFO - Filling up the DagBag from /home/airflow/.local/lib/python3.6/site-packages/airflow/example_dags/tutorial_etl_dag.py
[2025-12-10 18:42:20,654] {processor.py:654} INFO - DAG(s) dict_keys(['tutorial_etl_dag']) retrieved from /home/airflow/.local/lib/python3.6/site-packages/airflow/example_dags/tutorial_etl_dag.py
[2025-12-10 18:42:20,663] {logging_mixin.py:109} INFO - [2025-12-10 18:42:20,663] {dag.py:2396} INFO - Sync 1 DAGs
[2025-12-10 18:42:20,679] {logging_mixin.py:109} INFO - [2025-12-10 18:42:20,679] {dag.py:2935} INFO - Setting next_dagrun for tutorial_etl_dag to None
[2025-12-10 18:42:20,689] {processor.py:171} INFO - Processing /home/airflow/.local/lib/python3.6/site-packages/airflow/example_dags/tutorial_etl_dag.py took 0.070 seconds
[2025-12-10 18:42:51,206] {processor.py:163} INFO - Started process (PID=2347) to work on /home/airflow/.local/lib/python3.6/site-packages/airflow/example_dags/tutorial_etl_dag.py
[2025-12-10 18:42:51,208] {processor.py:642} INFO - Processing file /home/airflow/.local/lib/python3.6/site-packages/airflow/example_dags/tutorial_etl_dag.py for tasks to queue
[2025-12-10 18:42:51,208] {logging_mixin.py:109} INFO - [2025-12-10 18:42:51,208] {dagbag.py:500} INFO - Filling up the DagBag from /home/airflow/.local/lib/python3.6/site-packages/airflow/example_dags/tutorial_etl_dag.py
[2025-12-10 18:42:51,237] {processor.py:654} INFO - DAG(s) dict_keys(['tutorial_etl_dag']) retrieved from /home/airflow/.local/lib/python3.6/site-packages/airflow/example_dags/tutorial_etl_dag.py
[2025-12-10 18:42:51,246] {logging_mixin.py:109} INFO - [2025-12-10 18:42:51,246] {dag.py:2396} INFO - Sync 1 DAGs
[2025-12-10 18:42:51,262] {logging_mixin.py:109} INFO - [2025-12-10 18:42:51,261] {dag.py:2935} INFO - Setting next_dagrun for tutorial_etl_dag to None
[2025-12-10 18:42:51,270] {processor.py:171} INFO - Processing /home/airflow/.local/lib/python3.6/site-packages/airflow/example_dags/tutorial_etl_dag.py took 0.067 seconds
[2025-12-10 18:43:21,760] {processor.py:163} INFO - Started process (PID=2409) to work on /home/airflow/.local/lib/python3.6/site-packages/airflow/example_dags/tutorial_etl_dag.py
[2025-12-10 18:43:21,762] {processor.py:642} INFO - Processing file /home/airflow/.local/lib/python3.6/site-packages/airflow/example_dags/tutorial_etl_dag.py for tasks to queue
[2025-12-10 18:43:21,762] {logging_mixin.py:109} INFO - [2025-12-10 18:43:21,762] {dagbag.py:500} INFO - Filling up the DagBag from /home/airflow/.local/lib/python3.6/site-packages/airflow/example_dags/tutorial_etl_dag.py
[2025-12-10 18:43:21,788] {processor.py:654} INFO - DAG(s) dict_keys(['tutorial_etl_dag']) retrieved from /home/airflow/.local/lib/python3.6/site-packages/airflow/example_dags/tutorial_etl_dag.py
[2025-12-10 18:43:21,796] {logging_mixin.py:109} INFO - [2025-12-10 18:43:21,796] {dag.py:2396} INFO - Sync 1 DAGs
[2025-12-10 18:43:21,809] {logging_mixin.py:109} INFO - [2025-12-10 18:43:21,809] {dag.py:2935} INFO - Setting next_dagrun for tutorial_etl_dag to None
[2025-12-10 18:43:21,817] {processor.py:171} INFO - Processing /home/airflow/.local/lib/python3.6/site-packages/airflow/example_dags/tutorial_etl_dag.py took 0.060 seconds
[2025-12-10 18:43:52,359] {processor.py:163} INFO - Started process (PID=2461) to work on /home/airflow/.local/lib/python3.6/site-packages/airflow/example_dags/tutorial_etl_dag.py
[2025-12-10 18:43:52,361] {processor.py:642} INFO - Processing file /home/airflow/.local/lib/python3.6/site-packages/airflow/example_dags/tutorial_etl_dag.py for tasks to queue
[2025-12-10 18:43:52,361] {logging_mixin.py:109} INFO - [2025-12-10 18:43:52,361] {dagbag.py:500} INFO - Filling up the DagBag from /home/airflow/.local/lib/python3.6/site-packages/airflow/example_dags/tutorial_etl_dag.py
[2025-12-10 18:43:52,386] {processor.py:654} INFO - DAG(s) dict_keys(['tutorial_etl_dag']) retrieved from /home/airflow/.local/lib/python3.6/site-packages/airflow/example_dags/tutorial_etl_dag.py
[2025-12-10 18:43:52,394] {logging_mixin.py:109} INFO - [2025-12-10 18:43:52,394] {dag.py:2396} INFO - Sync 1 DAGs
[2025-12-10 18:43:52,407] {logging_mixin.py:109} INFO - [2025-12-10 18:43:52,407] {dag.py:2935} INFO - Setting next_dagrun for tutorial_etl_dag to None
[2025-12-10 18:43:52,413] {processor.py:171} INFO - Processing /home/airflow/.local/lib/python3.6/site-packages/airflow/example_dags/tutorial_etl_dag.py took 0.058 seconds
[2025-12-10 18:46:30,161] {processor.py:163} INFO - Started process (PID=60) to work on /home/airflow/.local/lib/python3.6/site-packages/airflow/example_dags/tutorial_etl_dag.py
[2025-12-10 18:46:30,163] {processor.py:642} INFO - Processing file /home/airflow/.local/lib/python3.6/site-packages/airflow/example_dags/tutorial_etl_dag.py for tasks to queue
[2025-12-10 18:46:30,163] {logging_mixin.py:109} INFO - [2025-12-10 18:46:30,163] {dagbag.py:500} INFO - Filling up the DagBag from /home/airflow/.local/lib/python3.6/site-packages/airflow/example_dags/tutorial_etl_dag.py
[2025-12-10 18:46:30,198] {processor.py:654} INFO - DAG(s) dict_keys(['tutorial_etl_dag']) retrieved from /home/airflow/.local/lib/python3.6/site-packages/airflow/example_dags/tutorial_etl_dag.py
[2025-12-10 18:46:30,207] {logging_mixin.py:109} INFO - [2025-12-10 18:46:30,207] {dag.py:2396} INFO - Sync 1 DAGs
[2025-12-10 18:46:30,226] {logging_mixin.py:109} INFO - [2025-12-10 18:46:30,226] {dag.py:2935} INFO - Setting next_dagrun for tutorial_etl_dag to None
[2025-12-10 18:46:30,237] {processor.py:171} INFO - Processing /home/airflow/.local/lib/python3.6/site-packages/airflow/example_dags/tutorial_etl_dag.py took 0.080 seconds
[2025-12-10 18:47:02,018] {processor.py:163} INFO - Started process (PID=112) to work on /home/airflow/.local/lib/python3.6/site-packages/airflow/example_dags/tutorial_etl_dag.py
[2025-12-10 18:47:02,020] {processor.py:642} INFO - Processing file /home/airflow/.local/lib/python3.6/site-packages/airflow/example_dags/tutorial_etl_dag.py for tasks to queue
[2025-12-10 18:47:02,022] {logging_mixin.py:109} INFO - [2025-12-10 18:47:02,021] {dagbag.py:500} INFO - Filling up the DagBag from /home/airflow/.local/lib/python3.6/site-packages/airflow/example_dags/tutorial_etl_dag.py
[2025-12-10 18:47:02,077] {processor.py:654} INFO - DAG(s) dict_keys(['tutorial_etl_dag']) retrieved from /home/airflow/.local/lib/python3.6/site-packages/airflow/example_dags/tutorial_etl_dag.py
[2025-12-10 18:47:02,094] {logging_mixin.py:109} INFO - [2025-12-10 18:47:02,094] {dag.py:2396} INFO - Sync 1 DAGs
[2025-12-10 18:47:02,127] {logging_mixin.py:109} INFO - [2025-12-10 18:47:02,127] {dag.py:2935} INFO - Setting next_dagrun for tutorial_etl_dag to None
[2025-12-10 18:47:02,148] {processor.py:171} INFO - Processing /home/airflow/.local/lib/python3.6/site-packages/airflow/example_dags/tutorial_etl_dag.py took 0.135 seconds
[2025-12-10 18:47:33,360] {processor.py:163} INFO - Started process (PID=174) to work on /home/airflow/.local/lib/python3.6/site-packages/airflow/example_dags/tutorial_etl_dag.py
[2025-12-10 18:47:33,370] {processor.py:642} INFO - Processing file /home/airflow/.local/lib/python3.6/site-packages/airflow/example_dags/tutorial_etl_dag.py for tasks to queue
[2025-12-10 18:47:33,373] {logging_mixin.py:109} INFO - [2025-12-10 18:47:33,373] {dagbag.py:500} INFO - Filling up the DagBag from /home/airflow/.local/lib/python3.6/site-packages/airflow/example_dags/tutorial_etl_dag.py
[2025-12-10 18:47:33,429] {processor.py:654} INFO - DAG(s) dict_keys(['tutorial_etl_dag']) retrieved from /home/airflow/.local/lib/python3.6/site-packages/airflow/example_dags/tutorial_etl_dag.py
[2025-12-10 18:47:33,446] {logging_mixin.py:109} INFO - [2025-12-10 18:47:33,445] {dag.py:2396} INFO - Sync 1 DAGs
[2025-12-10 18:47:33,466] {logging_mixin.py:109} INFO - [2025-12-10 18:47:33,466] {dag.py:2935} INFO - Setting next_dagrun for tutorial_etl_dag to None
[2025-12-10 18:47:33,479] {processor.py:171} INFO - Processing /home/airflow/.local/lib/python3.6/site-packages/airflow/example_dags/tutorial_etl_dag.py took 0.130 seconds
[2025-12-10 18:48:04,403] {processor.py:163} INFO - Started process (PID=227) to work on /home/airflow/.local/lib/python3.6/site-packages/airflow/example_dags/tutorial_etl_dag.py
[2025-12-10 18:48:04,405] {processor.py:642} INFO - Processing file /home/airflow/.local/lib/python3.6/site-packages/airflow/example_dags/tutorial_etl_dag.py for tasks to queue
[2025-12-10 18:48:04,407] {logging_mixin.py:109} INFO - [2025-12-10 18:48:04,406] {dagbag.py:500} INFO - Filling up the DagBag from /home/airflow/.local/lib/python3.6/site-packages/airflow/example_dags/tutorial_etl_dag.py
[2025-12-10 18:48:04,452] {processor.py:654} INFO - DAG(s) dict_keys(['tutorial_etl_dag']) retrieved from /home/airflow/.local/lib/python3.6/site-packages/airflow/example_dags/tutorial_etl_dag.py
[2025-12-10 18:48:04,466] {logging_mixin.py:109} INFO - [2025-12-10 18:48:04,466] {dag.py:2396} INFO - Sync 1 DAGs
[2025-12-10 18:48:04,494] {logging_mixin.py:109} INFO - [2025-12-10 18:48:04,494] {dag.py:2935} INFO - Setting next_dagrun for tutorial_etl_dag to None
[2025-12-10 18:48:04,512] {processor.py:171} INFO - Processing /home/airflow/.local/lib/python3.6/site-packages/airflow/example_dags/tutorial_etl_dag.py took 0.113 seconds
[2025-12-10 18:48:35,510] {processor.py:163} INFO - Started process (PID=289) to work on /home/airflow/.local/lib/python3.6/site-packages/airflow/example_dags/tutorial_etl_dag.py
[2025-12-10 18:48:35,512] {processor.py:642} INFO - Processing file /home/airflow/.local/lib/python3.6/site-packages/airflow/example_dags/tutorial_etl_dag.py for tasks to queue
[2025-12-10 18:48:35,513] {logging_mixin.py:109} INFO - [2025-12-10 18:48:35,513] {dagbag.py:500} INFO - Filling up the DagBag from /home/airflow/.local/lib/python3.6/site-packages/airflow/example_dags/tutorial_etl_dag.py
[2025-12-10 18:48:35,551] {processor.py:654} INFO - DAG(s) dict_keys(['tutorial_etl_dag']) retrieved from /home/airflow/.local/lib/python3.6/site-packages/airflow/example_dags/tutorial_etl_dag.py
[2025-12-10 18:48:35,563] {logging_mixin.py:109} INFO - [2025-12-10 18:48:35,562] {dag.py:2396} INFO - Sync 1 DAGs
[2025-12-10 18:48:35,582] {logging_mixin.py:109} INFO - [2025-12-10 18:48:35,582] {dag.py:2935} INFO - Setting next_dagrun for tutorial_etl_dag to None
[2025-12-10 18:48:35,594] {processor.py:171} INFO - Processing /home/airflow/.local/lib/python3.6/site-packages/airflow/example_dags/tutorial_etl_dag.py took 0.090 seconds
[2025-12-10 18:49:06,327] {processor.py:163} INFO - Started process (PID=342) to work on /home/airflow/.local/lib/python3.6/site-packages/airflow/example_dags/tutorial_etl_dag.py
[2025-12-10 18:49:06,328] {processor.py:642} INFO - Processing file /home/airflow/.local/lib/python3.6/site-packages/airflow/example_dags/tutorial_etl_dag.py for tasks to queue
[2025-12-10 18:49:06,328] {logging_mixin.py:109} INFO - [2025-12-10 18:49:06,328] {dagbag.py:500} INFO - Filling up the DagBag from /home/airflow/.local/lib/python3.6/site-packages/airflow/example_dags/tutorial_etl_dag.py
[2025-12-10 18:49:06,355] {processor.py:654} INFO - DAG(s) dict_keys(['tutorial_etl_dag']) retrieved from /home/airflow/.local/lib/python3.6/site-packages/airflow/example_dags/tutorial_etl_dag.py
[2025-12-10 18:49:06,363] {logging_mixin.py:109} INFO - [2025-12-10 18:49:06,363] {dag.py:2396} INFO - Sync 1 DAGs
[2025-12-10 18:49:06,376] {logging_mixin.py:109} INFO - [2025-12-10 18:49:06,376] {dag.py:2935} INFO - Setting next_dagrun for tutorial_etl_dag to None
[2025-12-10 18:49:06,383] {processor.py:171} INFO - Processing /home/airflow/.local/lib/python3.6/site-packages/airflow/example_dags/tutorial_etl_dag.py took 0.060 seconds
[2025-12-10 18:49:36,727] {processor.py:163} INFO - Started process (PID=404) to work on /home/airflow/.local/lib/python3.6/site-packages/airflow/example_dags/tutorial_etl_dag.py
[2025-12-10 18:49:36,728] {processor.py:642} INFO - Processing file /home/airflow/.local/lib/python3.6/site-packages/airflow/example_dags/tutorial_etl_dag.py for tasks to queue
[2025-12-10 18:49:36,729] {logging_mixin.py:109} INFO - [2025-12-10 18:49:36,729] {dagbag.py:500} INFO - Filling up the DagBag from /home/airflow/.local/lib/python3.6/site-packages/airflow/example_dags/tutorial_etl_dag.py
[2025-12-10 18:49:36,756] {processor.py:654} INFO - DAG(s) dict_keys(['tutorial_etl_dag']) retrieved from /home/airflow/.local/lib/python3.6/site-packages/airflow/example_dags/tutorial_etl_dag.py
[2025-12-10 18:49:36,766] {logging_mixin.py:109} INFO - [2025-12-10 18:49:36,766] {dag.py:2396} INFO - Sync 1 DAGs
[2025-12-10 18:49:36,780] {logging_mixin.py:109} INFO - [2025-12-10 18:49:36,780] {dag.py:2935} INFO - Setting next_dagrun for tutorial_etl_dag to None
[2025-12-10 18:49:36,788] {processor.py:171} INFO - Processing /home/airflow/.local/lib/python3.6/site-packages/airflow/example_dags/tutorial_etl_dag.py took 0.064 seconds
[2025-12-10 18:50:07,810] {processor.py:163} INFO - Started process (PID=456) to work on /home/airflow/.local/lib/python3.6/site-packages/airflow/example_dags/tutorial_etl_dag.py
[2025-12-10 18:50:07,812] {processor.py:642} INFO - Processing file /home/airflow/.local/lib/python3.6/site-packages/airflow/example_dags/tutorial_etl_dag.py for tasks to queue
[2025-12-10 18:50:07,812] {logging_mixin.py:109} INFO - [2025-12-10 18:50:07,812] {dagbag.py:500} INFO - Filling up the DagBag from /home/airflow/.local/lib/python3.6/site-packages/airflow/example_dags/tutorial_etl_dag.py
[2025-12-10 18:50:07,840] {processor.py:654} INFO - DAG(s) dict_keys(['tutorial_etl_dag']) retrieved from /home/airflow/.local/lib/python3.6/site-packages/airflow/example_dags/tutorial_etl_dag.py
[2025-12-10 18:50:07,848] {logging_mixin.py:109} INFO - [2025-12-10 18:50:07,848] {dag.py:2396} INFO - Sync 1 DAGs
[2025-12-10 18:50:07,862] {logging_mixin.py:109} INFO - [2025-12-10 18:50:07,862] {dag.py:2935} INFO - Setting next_dagrun for tutorial_etl_dag to None
[2025-12-10 18:50:07,870] {processor.py:171} INFO - Processing /home/airflow/.local/lib/python3.6/site-packages/airflow/example_dags/tutorial_etl_dag.py took 0.065 seconds
[2025-12-10 18:51:30,855] {processor.py:163} INFO - Started process (PID=273) to work on /home/airflow/.local/lib/python3.6/site-packages/airflow/example_dags/tutorial_etl_dag.py
[2025-12-10 18:51:30,856] {processor.py:642} INFO - Processing file /home/airflow/.local/lib/python3.6/site-packages/airflow/example_dags/tutorial_etl_dag.py for tasks to queue
[2025-12-10 18:51:30,857] {logging_mixin.py:109} INFO - [2025-12-10 18:51:30,857] {dagbag.py:500} INFO - Filling up the DagBag from /home/airflow/.local/lib/python3.6/site-packages/airflow/example_dags/tutorial_etl_dag.py
[2025-12-10 18:51:30,888] {processor.py:654} INFO - DAG(s) dict_keys(['tutorial_etl_dag']) retrieved from /home/airflow/.local/lib/python3.6/site-packages/airflow/example_dags/tutorial_etl_dag.py
[2025-12-10 18:51:32,594] {logging_mixin.py:109} INFO - [2025-12-10 18:51:32,593] {manager.py:496} INFO - Created Permission View: can read on DAG:tutorial_etl_dag
[2025-12-10 18:51:32,601] {logging_mixin.py:109} INFO - [2025-12-10 18:51:32,601] {manager.py:496} INFO - Created Permission View: can edit on DAG:tutorial_etl_dag
[2025-12-10 18:51:32,602] {logging_mixin.py:109} INFO - [2025-12-10 18:51:32,601] {dag.py:2396} INFO - Sync 1 DAGs
[2025-12-10 18:51:32,611] {logging_mixin.py:109} INFO - [2025-12-10 18:51:32,610] {dag.py:2415} INFO - Creating ORM DAG for tutorial_etl_dag
[2025-12-10 18:51:32,617] {logging_mixin.py:109} INFO - [2025-12-10 18:51:32,617] {dag.py:2935} INFO - Setting next_dagrun for tutorial_etl_dag to None
[2025-12-10 18:51:32,628] {processor.py:171} INFO - Processing /home/airflow/.local/lib/python3.6/site-packages/airflow/example_dags/tutorial_etl_dag.py took 1.777 seconds
[2025-12-10 18:52:03,411] {processor.py:163} INFO - Started process (PID=492) to work on /home/airflow/.local/lib/python3.6/site-packages/airflow/example_dags/tutorial_etl_dag.py
[2025-12-10 18:52:03,412] {processor.py:642} INFO - Processing file /home/airflow/.local/lib/python3.6/site-packages/airflow/example_dags/tutorial_etl_dag.py for tasks to queue
[2025-12-10 18:52:03,413] {logging_mixin.py:109} INFO - [2025-12-10 18:52:03,412] {dagbag.py:500} INFO - Filling up the DagBag from /home/airflow/.local/lib/python3.6/site-packages/airflow/example_dags/tutorial_etl_dag.py
[2025-12-10 18:52:03,441] {processor.py:654} INFO - DAG(s) dict_keys(['tutorial_etl_dag']) retrieved from /home/airflow/.local/lib/python3.6/site-packages/airflow/example_dags/tutorial_etl_dag.py
[2025-12-10 18:52:03,450] {logging_mixin.py:109} INFO - [2025-12-10 18:52:03,450] {dag.py:2396} INFO - Sync 1 DAGs
[2025-12-10 18:52:03,465] {logging_mixin.py:109} INFO - [2025-12-10 18:52:03,465] {dag.py:2935} INFO - Setting next_dagrun for tutorial_etl_dag to None
[2025-12-10 18:52:03,472] {processor.py:171} INFO - Processing /home/airflow/.local/lib/python3.6/site-packages/airflow/example_dags/tutorial_etl_dag.py took 0.066 seconds
