[2025-12-10 18:26:02,980] {processor.py:163} INFO - Started process (PID=210) to work on /home/airflow/.local/lib/python3.6/site-packages/airflow/example_dags/tutorial_taskflow_api_etl.py
[2025-12-10 18:26:02,981] {processor.py:642} INFO - Processing file /home/airflow/.local/lib/python3.6/site-packages/airflow/example_dags/tutorial_taskflow_api_etl.py for tasks to queue
[2025-12-10 18:26:02,981] {logging_mixin.py:109} INFO - [2025-12-10 18:26:02,981] {dagbag.py:500} INFO - Filling up the DagBag from /home/airflow/.local/lib/python3.6/site-packages/airflow/example_dags/tutorial_taskflow_api_etl.py
[2025-12-10 18:26:03,019] {processor.py:654} INFO - DAG(s) dict_keys(['tutorial_taskflow_api_etl']) retrieved from /home/airflow/.local/lib/python3.6/site-packages/airflow/example_dags/tutorial_taskflow_api_etl.py
[2025-12-10 18:26:04,975] {logging_mixin.py:109} INFO - [2025-12-10 18:26:04,975] {manager.py:496} INFO - Created Permission View: can edit on DAG:tutorial_taskflow_api_etl
[2025-12-10 18:26:04,982] {logging_mixin.py:109} INFO - [2025-12-10 18:26:04,982] {manager.py:496} INFO - Created Permission View: can read on DAG:tutorial_taskflow_api_etl
[2025-12-10 18:26:04,983] {logging_mixin.py:109} INFO - [2025-12-10 18:26:04,982] {dag.py:2396} INFO - Sync 1 DAGs
[2025-12-10 18:26:04,990] {logging_mixin.py:109} INFO - [2025-12-10 18:26:04,990] {dag.py:2415} INFO - Creating ORM DAG for tutorial_taskflow_api_etl
[2025-12-10 18:26:04,996] {logging_mixin.py:109} INFO - [2025-12-10 18:26:04,996] {dag.py:2935} INFO - Setting next_dagrun for tutorial_taskflow_api_etl to None
[2025-12-10 18:26:05,005] {processor.py:171} INFO - Processing /home/airflow/.local/lib/python3.6/site-packages/airflow/example_dags/tutorial_taskflow_api_etl.py took 2.029 seconds
[2025-12-10 18:26:35,959] {processor.py:163} INFO - Started process (PID=488) to work on /home/airflow/.local/lib/python3.6/site-packages/airflow/example_dags/tutorial_taskflow_api_etl.py
[2025-12-10 18:26:35,965] {processor.py:642} INFO - Processing file /home/airflow/.local/lib/python3.6/site-packages/airflow/example_dags/tutorial_taskflow_api_etl.py for tasks to queue
[2025-12-10 18:26:35,966] {logging_mixin.py:109} INFO - [2025-12-10 18:26:35,966] {dagbag.py:500} INFO - Filling up the DagBag from /home/airflow/.local/lib/python3.6/site-packages/airflow/example_dags/tutorial_taskflow_api_etl.py
[2025-12-10 18:26:36,077] {processor.py:654} INFO - DAG(s) dict_keys(['tutorial_taskflow_api_etl']) retrieved from /home/airflow/.local/lib/python3.6/site-packages/airflow/example_dags/tutorial_taskflow_api_etl.py
[2025-12-10 18:26:36,274] {logging_mixin.py:109} INFO - [2025-12-10 18:26:36,274] {dag.py:2396} INFO - Sync 1 DAGs
[2025-12-10 18:26:36,288] {logging_mixin.py:109} INFO - [2025-12-10 18:26:36,288] {dag.py:2935} INFO - Setting next_dagrun for tutorial_taskflow_api_etl to None
[2025-12-10 18:26:36,307] {processor.py:171} INFO - Processing /home/airflow/.local/lib/python3.6/site-packages/airflow/example_dags/tutorial_taskflow_api_etl.py took 0.365 seconds
[2025-12-10 18:27:06,889] {processor.py:163} INFO - Started process (PID=541) to work on /home/airflow/.local/lib/python3.6/site-packages/airflow/example_dags/tutorial_taskflow_api_etl.py
[2025-12-10 18:27:06,890] {processor.py:642} INFO - Processing file /home/airflow/.local/lib/python3.6/site-packages/airflow/example_dags/tutorial_taskflow_api_etl.py for tasks to queue
[2025-12-10 18:27:06,891] {logging_mixin.py:109} INFO - [2025-12-10 18:27:06,891] {dagbag.py:500} INFO - Filling up the DagBag from /home/airflow/.local/lib/python3.6/site-packages/airflow/example_dags/tutorial_taskflow_api_etl.py
[2025-12-10 18:27:06,926] {processor.py:654} INFO - DAG(s) dict_keys(['tutorial_taskflow_api_etl']) retrieved from /home/airflow/.local/lib/python3.6/site-packages/airflow/example_dags/tutorial_taskflow_api_etl.py
[2025-12-10 18:27:07,109] {logging_mixin.py:109} INFO - [2025-12-10 18:27:07,109] {dag.py:2396} INFO - Sync 1 DAGs
[2025-12-10 18:27:07,122] {logging_mixin.py:109} INFO - [2025-12-10 18:27:07,122] {dag.py:2935} INFO - Setting next_dagrun for tutorial_taskflow_api_etl to None
[2025-12-10 18:27:07,141] {processor.py:171} INFO - Processing /home/airflow/.local/lib/python3.6/site-packages/airflow/example_dags/tutorial_taskflow_api_etl.py took 0.256 seconds
[2025-12-10 18:27:38,137] {processor.py:163} INFO - Started process (PID=603) to work on /home/airflow/.local/lib/python3.6/site-packages/airflow/example_dags/tutorial_taskflow_api_etl.py
[2025-12-10 18:27:38,138] {processor.py:642} INFO - Processing file /home/airflow/.local/lib/python3.6/site-packages/airflow/example_dags/tutorial_taskflow_api_etl.py for tasks to queue
[2025-12-10 18:27:38,139] {logging_mixin.py:109} INFO - [2025-12-10 18:27:38,139] {dagbag.py:500} INFO - Filling up the DagBag from /home/airflow/.local/lib/python3.6/site-packages/airflow/example_dags/tutorial_taskflow_api_etl.py
[2025-12-10 18:27:38,177] {processor.py:654} INFO - DAG(s) dict_keys(['tutorial_taskflow_api_etl']) retrieved from /home/airflow/.local/lib/python3.6/site-packages/airflow/example_dags/tutorial_taskflow_api_etl.py
[2025-12-10 18:27:38,360] {logging_mixin.py:109} INFO - [2025-12-10 18:27:38,360] {dag.py:2396} INFO - Sync 1 DAGs
[2025-12-10 18:27:38,373] {logging_mixin.py:109} INFO - [2025-12-10 18:27:38,373] {dag.py:2935} INFO - Setting next_dagrun for tutorial_taskflow_api_etl to None
[2025-12-10 18:27:38,392] {processor.py:171} INFO - Processing /home/airflow/.local/lib/python3.6/site-packages/airflow/example_dags/tutorial_taskflow_api_etl.py took 0.259 seconds
[2025-12-10 18:28:08,615] {processor.py:163} INFO - Started process (PID=665) to work on /home/airflow/.local/lib/python3.6/site-packages/airflow/example_dags/tutorial_taskflow_api_etl.py
[2025-12-10 18:28:08,625] {processor.py:642} INFO - Processing file /home/airflow/.local/lib/python3.6/site-packages/airflow/example_dags/tutorial_taskflow_api_etl.py for tasks to queue
[2025-12-10 18:28:08,626] {logging_mixin.py:109} INFO - [2025-12-10 18:28:08,626] {dagbag.py:500} INFO - Filling up the DagBag from /home/airflow/.local/lib/python3.6/site-packages/airflow/example_dags/tutorial_taskflow_api_etl.py
[2025-12-10 18:28:08,665] {processor.py:654} INFO - DAG(s) dict_keys(['tutorial_taskflow_api_etl']) retrieved from /home/airflow/.local/lib/python3.6/site-packages/airflow/example_dags/tutorial_taskflow_api_etl.py
[2025-12-10 18:28:08,850] {logging_mixin.py:109} INFO - [2025-12-10 18:28:08,850] {dag.py:2396} INFO - Sync 1 DAGs
[2025-12-10 18:28:08,864] {logging_mixin.py:109} INFO - [2025-12-10 18:28:08,864] {dag.py:2935} INFO - Setting next_dagrun for tutorial_taskflow_api_etl to None
[2025-12-10 18:28:08,885] {processor.py:171} INFO - Processing /home/airflow/.local/lib/python3.6/site-packages/airflow/example_dags/tutorial_taskflow_api_etl.py took 0.274 seconds
[2025-12-10 18:28:38,965] {processor.py:163} INFO - Started process (PID=717) to work on /home/airflow/.local/lib/python3.6/site-packages/airflow/example_dags/tutorial_taskflow_api_etl.py
[2025-12-10 18:28:38,975] {processor.py:642} INFO - Processing file /home/airflow/.local/lib/python3.6/site-packages/airflow/example_dags/tutorial_taskflow_api_etl.py for tasks to queue
[2025-12-10 18:28:38,976] {logging_mixin.py:109} INFO - [2025-12-10 18:28:38,975] {dagbag.py:500} INFO - Filling up the DagBag from /home/airflow/.local/lib/python3.6/site-packages/airflow/example_dags/tutorial_taskflow_api_etl.py
[2025-12-10 18:28:39,005] {processor.py:654} INFO - DAG(s) dict_keys(['tutorial_taskflow_api_etl']) retrieved from /home/airflow/.local/lib/python3.6/site-packages/airflow/example_dags/tutorial_taskflow_api_etl.py
[2025-12-10 18:28:39,170] {logging_mixin.py:109} INFO - [2025-12-10 18:28:39,170] {dag.py:2396} INFO - Sync 1 DAGs
[2025-12-10 18:28:39,184] {logging_mixin.py:109} INFO - [2025-12-10 18:28:39,183] {dag.py:2935} INFO - Setting next_dagrun for tutorial_taskflow_api_etl to None
[2025-12-10 18:28:39,201] {processor.py:171} INFO - Processing /home/airflow/.local/lib/python3.6/site-packages/airflow/example_dags/tutorial_taskflow_api_etl.py took 0.240 seconds
[2025-12-10 18:29:10,004] {processor.py:163} INFO - Started process (PID=779) to work on /home/airflow/.local/lib/python3.6/site-packages/airflow/example_dags/tutorial_taskflow_api_etl.py
[2025-12-10 18:29:10,014] {processor.py:642} INFO - Processing file /home/airflow/.local/lib/python3.6/site-packages/airflow/example_dags/tutorial_taskflow_api_etl.py for tasks to queue
[2025-12-10 18:29:10,015] {logging_mixin.py:109} INFO - [2025-12-10 18:29:10,015] {dagbag.py:500} INFO - Filling up the DagBag from /home/airflow/.local/lib/python3.6/site-packages/airflow/example_dags/tutorial_taskflow_api_etl.py
[2025-12-10 18:29:10,045] {processor.py:654} INFO - DAG(s) dict_keys(['tutorial_taskflow_api_etl']) retrieved from /home/airflow/.local/lib/python3.6/site-packages/airflow/example_dags/tutorial_taskflow_api_etl.py
[2025-12-10 18:29:10,211] {logging_mixin.py:109} INFO - [2025-12-10 18:29:10,211] {dag.py:2396} INFO - Sync 1 DAGs
[2025-12-10 18:29:10,224] {logging_mixin.py:109} INFO - [2025-12-10 18:29:10,224] {dag.py:2935} INFO - Setting next_dagrun for tutorial_taskflow_api_etl to None
[2025-12-10 18:29:10,241] {processor.py:171} INFO - Processing /home/airflow/.local/lib/python3.6/site-packages/airflow/example_dags/tutorial_taskflow_api_etl.py took 0.241 seconds
[2025-12-10 18:29:40,531] {processor.py:163} INFO - Started process (PID=841) to work on /home/airflow/.local/lib/python3.6/site-packages/airflow/example_dags/tutorial_taskflow_api_etl.py
[2025-12-10 18:29:40,541] {processor.py:642} INFO - Processing file /home/airflow/.local/lib/python3.6/site-packages/airflow/example_dags/tutorial_taskflow_api_etl.py for tasks to queue
[2025-12-10 18:29:40,542] {logging_mixin.py:109} INFO - [2025-12-10 18:29:40,542] {dagbag.py:500} INFO - Filling up the DagBag from /home/airflow/.local/lib/python3.6/site-packages/airflow/example_dags/tutorial_taskflow_api_etl.py
[2025-12-10 18:29:40,577] {processor.py:654} INFO - DAG(s) dict_keys(['tutorial_taskflow_api_etl']) retrieved from /home/airflow/.local/lib/python3.6/site-packages/airflow/example_dags/tutorial_taskflow_api_etl.py
[2025-12-10 18:29:40,737] {logging_mixin.py:109} INFO - [2025-12-10 18:29:40,737] {dag.py:2396} INFO - Sync 1 DAGs
[2025-12-10 18:29:40,750] {logging_mixin.py:109} INFO - [2025-12-10 18:29:40,750] {dag.py:2935} INFO - Setting next_dagrun for tutorial_taskflow_api_etl to None
[2025-12-10 18:29:40,768] {processor.py:171} INFO - Processing /home/airflow/.local/lib/python3.6/site-packages/airflow/example_dags/tutorial_taskflow_api_etl.py took 0.241 seconds
[2025-12-10 18:30:11,038] {processor.py:163} INFO - Started process (PID=893) to work on /home/airflow/.local/lib/python3.6/site-packages/airflow/example_dags/tutorial_taskflow_api_etl.py
[2025-12-10 18:30:11,039] {processor.py:642} INFO - Processing file /home/airflow/.local/lib/python3.6/site-packages/airflow/example_dags/tutorial_taskflow_api_etl.py for tasks to queue
[2025-12-10 18:30:11,040] {logging_mixin.py:109} INFO - [2025-12-10 18:30:11,040] {dagbag.py:500} INFO - Filling up the DagBag from /home/airflow/.local/lib/python3.6/site-packages/airflow/example_dags/tutorial_taskflow_api_etl.py
[2025-12-10 18:30:11,070] {processor.py:654} INFO - DAG(s) dict_keys(['tutorial_taskflow_api_etl']) retrieved from /home/airflow/.local/lib/python3.6/site-packages/airflow/example_dags/tutorial_taskflow_api_etl.py
[2025-12-10 18:30:11,241] {logging_mixin.py:109} INFO - [2025-12-10 18:30:11,241] {dag.py:2396} INFO - Sync 1 DAGs
[2025-12-10 18:30:11,256] {logging_mixin.py:109} INFO - [2025-12-10 18:30:11,256] {dag.py:2935} INFO - Setting next_dagrun for tutorial_taskflow_api_etl to None
[2025-12-10 18:30:11,273] {processor.py:171} INFO - Processing /home/airflow/.local/lib/python3.6/site-packages/airflow/example_dags/tutorial_taskflow_api_etl.py took 0.238 seconds
[2025-12-10 18:30:41,425] {processor.py:163} INFO - Started process (PID=955) to work on /home/airflow/.local/lib/python3.6/site-packages/airflow/example_dags/tutorial_taskflow_api_etl.py
[2025-12-10 18:30:41,436] {processor.py:642} INFO - Processing file /home/airflow/.local/lib/python3.6/site-packages/airflow/example_dags/tutorial_taskflow_api_etl.py for tasks to queue
[2025-12-10 18:30:41,436] {logging_mixin.py:109} INFO - [2025-12-10 18:30:41,436] {dagbag.py:500} INFO - Filling up the DagBag from /home/airflow/.local/lib/python3.6/site-packages/airflow/example_dags/tutorial_taskflow_api_etl.py
[2025-12-10 18:30:41,465] {processor.py:654} INFO - DAG(s) dict_keys(['tutorial_taskflow_api_etl']) retrieved from /home/airflow/.local/lib/python3.6/site-packages/airflow/example_dags/tutorial_taskflow_api_etl.py
[2025-12-10 18:30:41,617] {logging_mixin.py:109} INFO - [2025-12-10 18:30:41,617] {dag.py:2396} INFO - Sync 1 DAGs
[2025-12-10 18:30:41,629] {logging_mixin.py:109} INFO - [2025-12-10 18:30:41,628] {dag.py:2935} INFO - Setting next_dagrun for tutorial_taskflow_api_etl to None
[2025-12-10 18:30:41,646] {processor.py:171} INFO - Processing /home/airflow/.local/lib/python3.6/site-packages/airflow/example_dags/tutorial_taskflow_api_etl.py took 0.224 seconds
[2025-12-10 18:31:11,865] {processor.py:163} INFO - Started process (PID=1007) to work on /home/airflow/.local/lib/python3.6/site-packages/airflow/example_dags/tutorial_taskflow_api_etl.py
[2025-12-10 18:31:11,867] {processor.py:642} INFO - Processing file /home/airflow/.local/lib/python3.6/site-packages/airflow/example_dags/tutorial_taskflow_api_etl.py for tasks to queue
[2025-12-10 18:31:11,868] {logging_mixin.py:109} INFO - [2025-12-10 18:31:11,867] {dagbag.py:500} INFO - Filling up the DagBag from /home/airflow/.local/lib/python3.6/site-packages/airflow/example_dags/tutorial_taskflow_api_etl.py
[2025-12-10 18:31:11,903] {processor.py:654} INFO - DAG(s) dict_keys(['tutorial_taskflow_api_etl']) retrieved from /home/airflow/.local/lib/python3.6/site-packages/airflow/example_dags/tutorial_taskflow_api_etl.py
[2025-12-10 18:31:12,072] {logging_mixin.py:109} INFO - [2025-12-10 18:31:12,072] {dag.py:2396} INFO - Sync 1 DAGs
[2025-12-10 18:31:12,084] {logging_mixin.py:109} INFO - [2025-12-10 18:31:12,084] {dag.py:2935} INFO - Setting next_dagrun for tutorial_taskflow_api_etl to None
[2025-12-10 18:31:12,093] {processor.py:171} INFO - Processing /home/airflow/.local/lib/python3.6/site-packages/airflow/example_dags/tutorial_taskflow_api_etl.py took 0.232 seconds
[2025-12-10 18:31:42,267] {processor.py:163} INFO - Started process (PID=1069) to work on /home/airflow/.local/lib/python3.6/site-packages/airflow/example_dags/tutorial_taskflow_api_etl.py
[2025-12-10 18:31:42,268] {processor.py:642} INFO - Processing file /home/airflow/.local/lib/python3.6/site-packages/airflow/example_dags/tutorial_taskflow_api_etl.py for tasks to queue
[2025-12-10 18:31:42,268] {logging_mixin.py:109} INFO - [2025-12-10 18:31:42,268] {dagbag.py:500} INFO - Filling up the DagBag from /home/airflow/.local/lib/python3.6/site-packages/airflow/example_dags/tutorial_taskflow_api_etl.py
[2025-12-10 18:31:42,299] {processor.py:654} INFO - DAG(s) dict_keys(['tutorial_taskflow_api_etl']) retrieved from /home/airflow/.local/lib/python3.6/site-packages/airflow/example_dags/tutorial_taskflow_api_etl.py
[2025-12-10 18:31:42,453] {logging_mixin.py:109} INFO - [2025-12-10 18:31:42,453] {dag.py:2396} INFO - Sync 1 DAGs
[2025-12-10 18:31:42,465] {logging_mixin.py:109} INFO - [2025-12-10 18:31:42,464] {dag.py:2935} INFO - Setting next_dagrun for tutorial_taskflow_api_etl to None
[2025-12-10 18:31:42,481] {processor.py:171} INFO - Processing /home/airflow/.local/lib/python3.6/site-packages/airflow/example_dags/tutorial_taskflow_api_etl.py took 0.218 seconds
[2025-12-10 18:32:12,674] {processor.py:163} INFO - Started process (PID=1131) to work on /home/airflow/.local/lib/python3.6/site-packages/airflow/example_dags/tutorial_taskflow_api_etl.py
[2025-12-10 18:32:12,675] {processor.py:642} INFO - Processing file /home/airflow/.local/lib/python3.6/site-packages/airflow/example_dags/tutorial_taskflow_api_etl.py for tasks to queue
[2025-12-10 18:32:12,675] {logging_mixin.py:109} INFO - [2025-12-10 18:32:12,675] {dagbag.py:500} INFO - Filling up the DagBag from /home/airflow/.local/lib/python3.6/site-packages/airflow/example_dags/tutorial_taskflow_api_etl.py
[2025-12-10 18:32:12,708] {processor.py:654} INFO - DAG(s) dict_keys(['tutorial_taskflow_api_etl']) retrieved from /home/airflow/.local/lib/python3.6/site-packages/airflow/example_dags/tutorial_taskflow_api_etl.py
[2025-12-10 18:32:12,878] {logging_mixin.py:109} INFO - [2025-12-10 18:32:12,877] {dag.py:2396} INFO - Sync 1 DAGs
[2025-12-10 18:32:12,890] {logging_mixin.py:109} INFO - [2025-12-10 18:32:12,890] {dag.py:2935} INFO - Setting next_dagrun for tutorial_taskflow_api_etl to None
[2025-12-10 18:32:12,907] {processor.py:171} INFO - Processing /home/airflow/.local/lib/python3.6/site-packages/airflow/example_dags/tutorial_taskflow_api_etl.py took 0.236 seconds
[2025-12-10 18:32:43,140] {processor.py:163} INFO - Started process (PID=1183) to work on /home/airflow/.local/lib/python3.6/site-packages/airflow/example_dags/tutorial_taskflow_api_etl.py
[2025-12-10 18:32:43,142] {processor.py:642} INFO - Processing file /home/airflow/.local/lib/python3.6/site-packages/airflow/example_dags/tutorial_taskflow_api_etl.py for tasks to queue
[2025-12-10 18:32:43,142] {logging_mixin.py:109} INFO - [2025-12-10 18:32:43,142] {dagbag.py:500} INFO - Filling up the DagBag from /home/airflow/.local/lib/python3.6/site-packages/airflow/example_dags/tutorial_taskflow_api_etl.py
[2025-12-10 18:32:43,172] {processor.py:654} INFO - DAG(s) dict_keys(['tutorial_taskflow_api_etl']) retrieved from /home/airflow/.local/lib/python3.6/site-packages/airflow/example_dags/tutorial_taskflow_api_etl.py
[2025-12-10 18:32:43,325] {logging_mixin.py:109} INFO - [2025-12-10 18:32:43,325] {dag.py:2396} INFO - Sync 1 DAGs
[2025-12-10 18:32:43,336] {logging_mixin.py:109} INFO - [2025-12-10 18:32:43,336] {dag.py:2935} INFO - Setting next_dagrun for tutorial_taskflow_api_etl to None
[2025-12-10 18:32:43,344] {processor.py:171} INFO - Processing /home/airflow/.local/lib/python3.6/site-packages/airflow/example_dags/tutorial_taskflow_api_etl.py took 0.207 seconds
[2025-12-10 18:33:13,530] {processor.py:163} INFO - Started process (PID=1245) to work on /home/airflow/.local/lib/python3.6/site-packages/airflow/example_dags/tutorial_taskflow_api_etl.py
[2025-12-10 18:33:13,541] {processor.py:642} INFO - Processing file /home/airflow/.local/lib/python3.6/site-packages/airflow/example_dags/tutorial_taskflow_api_etl.py for tasks to queue
[2025-12-10 18:33:13,541] {logging_mixin.py:109} INFO - [2025-12-10 18:33:13,541] {dagbag.py:500} INFO - Filling up the DagBag from /home/airflow/.local/lib/python3.6/site-packages/airflow/example_dags/tutorial_taskflow_api_etl.py
[2025-12-10 18:33:13,578] {processor.py:654} INFO - DAG(s) dict_keys(['tutorial_taskflow_api_etl']) retrieved from /home/airflow/.local/lib/python3.6/site-packages/airflow/example_dags/tutorial_taskflow_api_etl.py
[2025-12-10 18:33:13,742] {logging_mixin.py:109} INFO - [2025-12-10 18:33:13,742] {dag.py:2396} INFO - Sync 1 DAGs
[2025-12-10 18:33:13,754] {logging_mixin.py:109} INFO - [2025-12-10 18:33:13,754] {dag.py:2935} INFO - Setting next_dagrun for tutorial_taskflow_api_etl to None
[2025-12-10 18:33:13,771] {processor.py:171} INFO - Processing /home/airflow/.local/lib/python3.6/site-packages/airflow/example_dags/tutorial_taskflow_api_etl.py took 0.245 seconds
[2025-12-10 18:33:43,903] {processor.py:163} INFO - Started process (PID=1305) to work on /home/airflow/.local/lib/python3.6/site-packages/airflow/example_dags/tutorial_taskflow_api_etl.py
[2025-12-10 18:33:43,913] {processor.py:642} INFO - Processing file /home/airflow/.local/lib/python3.6/site-packages/airflow/example_dags/tutorial_taskflow_api_etl.py for tasks to queue
[2025-12-10 18:33:43,914] {logging_mixin.py:109} INFO - [2025-12-10 18:33:43,914] {dagbag.py:500} INFO - Filling up the DagBag from /home/airflow/.local/lib/python3.6/site-packages/airflow/example_dags/tutorial_taskflow_api_etl.py
[2025-12-10 18:33:43,949] {processor.py:654} INFO - DAG(s) dict_keys(['tutorial_taskflow_api_etl']) retrieved from /home/airflow/.local/lib/python3.6/site-packages/airflow/example_dags/tutorial_taskflow_api_etl.py
[2025-12-10 18:33:43,961] {logging_mixin.py:109} INFO - [2025-12-10 18:33:43,961] {dag.py:2396} INFO - Sync 1 DAGs
[2025-12-10 18:33:43,979] {logging_mixin.py:109} INFO - [2025-12-10 18:33:43,979] {dag.py:2935} INFO - Setting next_dagrun for tutorial_taskflow_api_etl to None
[2025-12-10 18:33:43,986] {processor.py:171} INFO - Processing /home/airflow/.local/lib/python3.6/site-packages/airflow/example_dags/tutorial_taskflow_api_etl.py took 0.086 seconds
[2025-12-10 18:34:14,306] {processor.py:163} INFO - Started process (PID=1360) to work on /home/airflow/.local/lib/python3.6/site-packages/airflow/example_dags/tutorial_taskflow_api_etl.py
[2025-12-10 18:34:14,316] {processor.py:642} INFO - Processing file /home/airflow/.local/lib/python3.6/site-packages/airflow/example_dags/tutorial_taskflow_api_etl.py for tasks to queue
[2025-12-10 18:34:14,317] {logging_mixin.py:109} INFO - [2025-12-10 18:34:14,317] {dagbag.py:500} INFO - Filling up the DagBag from /home/airflow/.local/lib/python3.6/site-packages/airflow/example_dags/tutorial_taskflow_api_etl.py
[2025-12-10 18:34:14,348] {processor.py:654} INFO - DAG(s) dict_keys(['tutorial_taskflow_api_etl']) retrieved from /home/airflow/.local/lib/python3.6/site-packages/airflow/example_dags/tutorial_taskflow_api_etl.py
[2025-12-10 18:34:14,539] {logging_mixin.py:109} INFO - [2025-12-10 18:34:14,538] {dag.py:2396} INFO - Sync 1 DAGs
[2025-12-10 18:34:14,551] {logging_mixin.py:109} INFO - [2025-12-10 18:34:14,551] {dag.py:2935} INFO - Setting next_dagrun for tutorial_taskflow_api_etl to None
[2025-12-10 18:34:14,569] {processor.py:171} INFO - Processing /home/airflow/.local/lib/python3.6/site-packages/airflow/example_dags/tutorial_taskflow_api_etl.py took 0.266 seconds
[2025-12-10 18:34:44,689] {processor.py:163} INFO - Started process (PID=1422) to work on /home/airflow/.local/lib/python3.6/site-packages/airflow/example_dags/tutorial_taskflow_api_etl.py
[2025-12-10 18:34:44,700] {processor.py:642} INFO - Processing file /home/airflow/.local/lib/python3.6/site-packages/airflow/example_dags/tutorial_taskflow_api_etl.py for tasks to queue
[2025-12-10 18:34:44,700] {logging_mixin.py:109} INFO - [2025-12-10 18:34:44,700] {dagbag.py:500} INFO - Filling up the DagBag from /home/airflow/.local/lib/python3.6/site-packages/airflow/example_dags/tutorial_taskflow_api_etl.py
[2025-12-10 18:34:44,730] {processor.py:654} INFO - DAG(s) dict_keys(['tutorial_taskflow_api_etl']) retrieved from /home/airflow/.local/lib/python3.6/site-packages/airflow/example_dags/tutorial_taskflow_api_etl.py
[2025-12-10 18:34:44,891] {logging_mixin.py:109} INFO - [2025-12-10 18:34:44,891] {dag.py:2396} INFO - Sync 1 DAGs
[2025-12-10 18:34:44,903] {logging_mixin.py:109} INFO - [2025-12-10 18:34:44,903] {dag.py:2935} INFO - Setting next_dagrun for tutorial_taskflow_api_etl to None
[2025-12-10 18:34:44,919] {processor.py:171} INFO - Processing /home/airflow/.local/lib/python3.6/site-packages/airflow/example_dags/tutorial_taskflow_api_etl.py took 0.233 seconds
[2025-12-10 18:35:14,994] {processor.py:163} INFO - Started process (PID=1474) to work on /home/airflow/.local/lib/python3.6/site-packages/airflow/example_dags/tutorial_taskflow_api_etl.py
[2025-12-10 18:35:14,995] {processor.py:642} INFO - Processing file /home/airflow/.local/lib/python3.6/site-packages/airflow/example_dags/tutorial_taskflow_api_etl.py for tasks to queue
[2025-12-10 18:35:15,001] {logging_mixin.py:109} INFO - [2025-12-10 18:35:15,001] {dagbag.py:500} INFO - Filling up the DagBag from /home/airflow/.local/lib/python3.6/site-packages/airflow/example_dags/tutorial_taskflow_api_etl.py
[2025-12-10 18:35:15,031] {processor.py:654} INFO - DAG(s) dict_keys(['tutorial_taskflow_api_etl']) retrieved from /home/airflow/.local/lib/python3.6/site-packages/airflow/example_dags/tutorial_taskflow_api_etl.py
[2025-12-10 18:35:15,039] {logging_mixin.py:109} INFO - [2025-12-10 18:35:15,039] {dag.py:2396} INFO - Sync 1 DAGs
[2025-12-10 18:35:15,052] {logging_mixin.py:109} INFO - [2025-12-10 18:35:15,052] {dag.py:2935} INFO - Setting next_dagrun for tutorial_taskflow_api_etl to None
[2025-12-10 18:35:15,058] {processor.py:171} INFO - Processing /home/airflow/.local/lib/python3.6/site-packages/airflow/example_dags/tutorial_taskflow_api_etl.py took 0.067 seconds
[2025-12-10 18:35:45,195] {processor.py:163} INFO - Started process (PID=1536) to work on /home/airflow/.local/lib/python3.6/site-packages/airflow/example_dags/tutorial_taskflow_api_etl.py
[2025-12-10 18:35:45,206] {processor.py:642} INFO - Processing file /home/airflow/.local/lib/python3.6/site-packages/airflow/example_dags/tutorial_taskflow_api_etl.py for tasks to queue
[2025-12-10 18:35:45,207] {logging_mixin.py:109} INFO - [2025-12-10 18:35:45,206] {dagbag.py:500} INFO - Filling up the DagBag from /home/airflow/.local/lib/python3.6/site-packages/airflow/example_dags/tutorial_taskflow_api_etl.py
[2025-12-10 18:35:45,234] {processor.py:654} INFO - DAG(s) dict_keys(['tutorial_taskflow_api_etl']) retrieved from /home/airflow/.local/lib/python3.6/site-packages/airflow/example_dags/tutorial_taskflow_api_etl.py
[2025-12-10 18:35:45,392] {logging_mixin.py:109} INFO - [2025-12-10 18:35:45,391] {dag.py:2396} INFO - Sync 1 DAGs
[2025-12-10 18:35:45,403] {logging_mixin.py:109} INFO - [2025-12-10 18:35:45,403] {dag.py:2935} INFO - Setting next_dagrun for tutorial_taskflow_api_etl to None
[2025-12-10 18:35:45,410] {processor.py:171} INFO - Processing /home/airflow/.local/lib/python3.6/site-packages/airflow/example_dags/tutorial_taskflow_api_etl.py took 0.218 seconds
[2025-12-10 18:36:15,773] {processor.py:163} INFO - Started process (PID=1598) to work on /home/airflow/.local/lib/python3.6/site-packages/airflow/example_dags/tutorial_taskflow_api_etl.py
[2025-12-10 18:36:15,775] {processor.py:642} INFO - Processing file /home/airflow/.local/lib/python3.6/site-packages/airflow/example_dags/tutorial_taskflow_api_etl.py for tasks to queue
[2025-12-10 18:36:15,775] {logging_mixin.py:109} INFO - [2025-12-10 18:36:15,775] {dagbag.py:500} INFO - Filling up the DagBag from /home/airflow/.local/lib/python3.6/site-packages/airflow/example_dags/tutorial_taskflow_api_etl.py
[2025-12-10 18:36:15,811] {processor.py:654} INFO - DAG(s) dict_keys(['tutorial_taskflow_api_etl']) retrieved from /home/airflow/.local/lib/python3.6/site-packages/airflow/example_dags/tutorial_taskflow_api_etl.py
[2025-12-10 18:36:16,051] {logging_mixin.py:109} INFO - [2025-12-10 18:36:16,051] {dag.py:2396} INFO - Sync 1 DAGs
[2025-12-10 18:36:16,066] {logging_mixin.py:109} INFO - [2025-12-10 18:36:16,066] {dag.py:2935} INFO - Setting next_dagrun for tutorial_taskflow_api_etl to None
[2025-12-10 18:36:16,077] {processor.py:171} INFO - Processing /home/airflow/.local/lib/python3.6/site-packages/airflow/example_dags/tutorial_taskflow_api_etl.py took 0.309 seconds
[2025-12-10 18:36:46,461] {processor.py:163} INFO - Started process (PID=1650) to work on /home/airflow/.local/lib/python3.6/site-packages/airflow/example_dags/tutorial_taskflow_api_etl.py
[2025-12-10 18:36:46,472] {processor.py:642} INFO - Processing file /home/airflow/.local/lib/python3.6/site-packages/airflow/example_dags/tutorial_taskflow_api_etl.py for tasks to queue
[2025-12-10 18:36:46,472] {logging_mixin.py:109} INFO - [2025-12-10 18:36:46,472] {dagbag.py:500} INFO - Filling up the DagBag from /home/airflow/.local/lib/python3.6/site-packages/airflow/example_dags/tutorial_taskflow_api_etl.py
[2025-12-10 18:36:46,512] {processor.py:654} INFO - DAG(s) dict_keys(['tutorial_taskflow_api_etl']) retrieved from /home/airflow/.local/lib/python3.6/site-packages/airflow/example_dags/tutorial_taskflow_api_etl.py
[2025-12-10 18:36:46,523] {logging_mixin.py:109} INFO - [2025-12-10 18:36:46,523] {dag.py:2396} INFO - Sync 1 DAGs
[2025-12-10 18:36:46,539] {logging_mixin.py:109} INFO - [2025-12-10 18:36:46,539] {dag.py:2935} INFO - Setting next_dagrun for tutorial_taskflow_api_etl to None
[2025-12-10 18:36:46,559] {processor.py:171} INFO - Processing /home/airflow/.local/lib/python3.6/site-packages/airflow/example_dags/tutorial_taskflow_api_etl.py took 0.101 seconds
[2025-12-10 18:37:16,881] {processor.py:163} INFO - Started process (PID=1712) to work on /home/airflow/.local/lib/python3.6/site-packages/airflow/example_dags/tutorial_taskflow_api_etl.py
[2025-12-10 18:37:16,882] {processor.py:642} INFO - Processing file /home/airflow/.local/lib/python3.6/site-packages/airflow/example_dags/tutorial_taskflow_api_etl.py for tasks to queue
[2025-12-10 18:37:16,882] {logging_mixin.py:109} INFO - [2025-12-10 18:37:16,882] {dagbag.py:500} INFO - Filling up the DagBag from /home/airflow/.local/lib/python3.6/site-packages/airflow/example_dags/tutorial_taskflow_api_etl.py
[2025-12-10 18:37:16,912] {processor.py:654} INFO - DAG(s) dict_keys(['tutorial_taskflow_api_etl']) retrieved from /home/airflow/.local/lib/python3.6/site-packages/airflow/example_dags/tutorial_taskflow_api_etl.py
[2025-12-10 18:37:17,082] {logging_mixin.py:109} INFO - [2025-12-10 18:37:17,082] {dag.py:2396} INFO - Sync 1 DAGs
[2025-12-10 18:37:17,096] {logging_mixin.py:109} INFO - [2025-12-10 18:37:17,096] {dag.py:2935} INFO - Setting next_dagrun for tutorial_taskflow_api_etl to None
[2025-12-10 18:37:17,115] {processor.py:171} INFO - Processing /home/airflow/.local/lib/python3.6/site-packages/airflow/example_dags/tutorial_taskflow_api_etl.py took 0.238 seconds
[2025-12-10 18:37:47,147] {processor.py:163} INFO - Started process (PID=1764) to work on /home/airflow/.local/lib/python3.6/site-packages/airflow/example_dags/tutorial_taskflow_api_etl.py
[2025-12-10 18:37:47,149] {processor.py:642} INFO - Processing file /home/airflow/.local/lib/python3.6/site-packages/airflow/example_dags/tutorial_taskflow_api_etl.py for tasks to queue
[2025-12-10 18:37:47,149] {logging_mixin.py:109} INFO - [2025-12-10 18:37:47,149] {dagbag.py:500} INFO - Filling up the DagBag from /home/airflow/.local/lib/python3.6/site-packages/airflow/example_dags/tutorial_taskflow_api_etl.py
[2025-12-10 18:37:47,178] {processor.py:654} INFO - DAG(s) dict_keys(['tutorial_taskflow_api_etl']) retrieved from /home/airflow/.local/lib/python3.6/site-packages/airflow/example_dags/tutorial_taskflow_api_etl.py
[2025-12-10 18:37:47,334] {logging_mixin.py:109} INFO - [2025-12-10 18:37:47,334] {dag.py:2396} INFO - Sync 1 DAGs
[2025-12-10 18:37:47,346] {logging_mixin.py:109} INFO - [2025-12-10 18:37:47,346] {dag.py:2935} INFO - Setting next_dagrun for tutorial_taskflow_api_etl to None
[2025-12-10 18:37:47,362] {processor.py:171} INFO - Processing /home/airflow/.local/lib/python3.6/site-packages/airflow/example_dags/tutorial_taskflow_api_etl.py took 0.218 seconds
[2025-12-10 18:38:17,528] {processor.py:163} INFO - Started process (PID=1826) to work on /home/airflow/.local/lib/python3.6/site-packages/airflow/example_dags/tutorial_taskflow_api_etl.py
[2025-12-10 18:38:17,529] {processor.py:642} INFO - Processing file /home/airflow/.local/lib/python3.6/site-packages/airflow/example_dags/tutorial_taskflow_api_etl.py for tasks to queue
[2025-12-10 18:38:17,529] {logging_mixin.py:109} INFO - [2025-12-10 18:38:17,529] {dagbag.py:500} INFO - Filling up the DagBag from /home/airflow/.local/lib/python3.6/site-packages/airflow/example_dags/tutorial_taskflow_api_etl.py
[2025-12-10 18:38:17,559] {processor.py:654} INFO - DAG(s) dict_keys(['tutorial_taskflow_api_etl']) retrieved from /home/airflow/.local/lib/python3.6/site-packages/airflow/example_dags/tutorial_taskflow_api_etl.py
[2025-12-10 18:38:17,716] {logging_mixin.py:109} INFO - [2025-12-10 18:38:17,715] {dag.py:2396} INFO - Sync 1 DAGs
[2025-12-10 18:38:17,728] {logging_mixin.py:109} INFO - [2025-12-10 18:38:17,728] {dag.py:2935} INFO - Setting next_dagrun for tutorial_taskflow_api_etl to None
[2025-12-10 18:38:17,736] {processor.py:171} INFO - Processing /home/airflow/.local/lib/python3.6/site-packages/airflow/example_dags/tutorial_taskflow_api_etl.py took 0.211 seconds
[2025-12-10 18:38:47,896] {processor.py:163} INFO - Started process (PID=1888) to work on /home/airflow/.local/lib/python3.6/site-packages/airflow/example_dags/tutorial_taskflow_api_etl.py
[2025-12-10 18:38:47,907] {processor.py:642} INFO - Processing file /home/airflow/.local/lib/python3.6/site-packages/airflow/example_dags/tutorial_taskflow_api_etl.py for tasks to queue
[2025-12-10 18:38:47,907] {logging_mixin.py:109} INFO - [2025-12-10 18:38:47,907] {dagbag.py:500} INFO - Filling up the DagBag from /home/airflow/.local/lib/python3.6/site-packages/airflow/example_dags/tutorial_taskflow_api_etl.py
[2025-12-10 18:38:47,938] {processor.py:654} INFO - DAG(s) dict_keys(['tutorial_taskflow_api_etl']) retrieved from /home/airflow/.local/lib/python3.6/site-packages/airflow/example_dags/tutorial_taskflow_api_etl.py
[2025-12-10 18:38:48,132] {logging_mixin.py:109} INFO - [2025-12-10 18:38:48,132] {dag.py:2396} INFO - Sync 1 DAGs
[2025-12-10 18:38:48,145] {logging_mixin.py:109} INFO - [2025-12-10 18:38:48,145] {dag.py:2935} INFO - Setting next_dagrun for tutorial_taskflow_api_etl to None
[2025-12-10 18:38:48,164] {processor.py:171} INFO - Processing /home/airflow/.local/lib/python3.6/site-packages/airflow/example_dags/tutorial_taskflow_api_etl.py took 0.270 seconds
[2025-12-10 18:39:18,244] {processor.py:163} INFO - Started process (PID=1940) to work on /home/airflow/.local/lib/python3.6/site-packages/airflow/example_dags/tutorial_taskflow_api_etl.py
[2025-12-10 18:39:18,244] {processor.py:642} INFO - Processing file /home/airflow/.local/lib/python3.6/site-packages/airflow/example_dags/tutorial_taskflow_api_etl.py for tasks to queue
[2025-12-10 18:39:18,245] {logging_mixin.py:109} INFO - [2025-12-10 18:39:18,245] {dagbag.py:500} INFO - Filling up the DagBag from /home/airflow/.local/lib/python3.6/site-packages/airflow/example_dags/tutorial_taskflow_api_etl.py
[2025-12-10 18:39:18,276] {processor.py:654} INFO - DAG(s) dict_keys(['tutorial_taskflow_api_etl']) retrieved from /home/airflow/.local/lib/python3.6/site-packages/airflow/example_dags/tutorial_taskflow_api_etl.py
[2025-12-10 18:39:18,434] {logging_mixin.py:109} INFO - [2025-12-10 18:39:18,434] {dag.py:2396} INFO - Sync 1 DAGs
[2025-12-10 18:39:18,445] {logging_mixin.py:109} INFO - [2025-12-10 18:39:18,445] {dag.py:2935} INFO - Setting next_dagrun for tutorial_taskflow_api_etl to None
[2025-12-10 18:39:18,453] {processor.py:171} INFO - Processing /home/airflow/.local/lib/python3.6/site-packages/airflow/example_dags/tutorial_taskflow_api_etl.py took 0.213 seconds
[2025-12-10 18:39:48,546] {processor.py:163} INFO - Started process (PID=2002) to work on /home/airflow/.local/lib/python3.6/site-packages/airflow/example_dags/tutorial_taskflow_api_etl.py
[2025-12-10 18:39:48,547] {processor.py:642} INFO - Processing file /home/airflow/.local/lib/python3.6/site-packages/airflow/example_dags/tutorial_taskflow_api_etl.py for tasks to queue
[2025-12-10 18:39:48,548] {logging_mixin.py:109} INFO - [2025-12-10 18:39:48,548] {dagbag.py:500} INFO - Filling up the DagBag from /home/airflow/.local/lib/python3.6/site-packages/airflow/example_dags/tutorial_taskflow_api_etl.py
[2025-12-10 18:39:48,576] {processor.py:654} INFO - DAG(s) dict_keys(['tutorial_taskflow_api_etl']) retrieved from /home/airflow/.local/lib/python3.6/site-packages/airflow/example_dags/tutorial_taskflow_api_etl.py
[2025-12-10 18:39:48,736] {logging_mixin.py:109} INFO - [2025-12-10 18:39:48,736] {dag.py:2396} INFO - Sync 1 DAGs
[2025-12-10 18:39:48,749] {logging_mixin.py:109} INFO - [2025-12-10 18:39:48,748] {dag.py:2935} INFO - Setting next_dagrun for tutorial_taskflow_api_etl to None
[2025-12-10 18:39:48,766] {processor.py:171} INFO - Processing /home/airflow/.local/lib/python3.6/site-packages/airflow/example_dags/tutorial_taskflow_api_etl.py took 0.224 seconds
[2025-12-10 18:40:18,930] {processor.py:163} INFO - Started process (PID=2054) to work on /home/airflow/.local/lib/python3.6/site-packages/airflow/example_dags/tutorial_taskflow_api_etl.py
[2025-12-10 18:40:18,931] {processor.py:642} INFO - Processing file /home/airflow/.local/lib/python3.6/site-packages/airflow/example_dags/tutorial_taskflow_api_etl.py for tasks to queue
[2025-12-10 18:40:18,932] {logging_mixin.py:109} INFO - [2025-12-10 18:40:18,932] {dagbag.py:500} INFO - Filling up the DagBag from /home/airflow/.local/lib/python3.6/site-packages/airflow/example_dags/tutorial_taskflow_api_etl.py
[2025-12-10 18:40:18,962] {processor.py:654} INFO - DAG(s) dict_keys(['tutorial_taskflow_api_etl']) retrieved from /home/airflow/.local/lib/python3.6/site-packages/airflow/example_dags/tutorial_taskflow_api_etl.py
[2025-12-10 18:40:19,126] {logging_mixin.py:109} INFO - [2025-12-10 18:40:19,126] {dag.py:2396} INFO - Sync 1 DAGs
[2025-12-10 18:40:19,140] {logging_mixin.py:109} INFO - [2025-12-10 18:40:19,140] {dag.py:2935} INFO - Setting next_dagrun for tutorial_taskflow_api_etl to None
[2025-12-10 18:40:19,157] {processor.py:171} INFO - Processing /home/airflow/.local/lib/python3.6/site-packages/airflow/example_dags/tutorial_taskflow_api_etl.py took 0.230 seconds
[2025-12-10 18:40:49,232] {processor.py:163} INFO - Started process (PID=2116) to work on /home/airflow/.local/lib/python3.6/site-packages/airflow/example_dags/tutorial_taskflow_api_etl.py
[2025-12-10 18:40:49,243] {processor.py:642} INFO - Processing file /home/airflow/.local/lib/python3.6/site-packages/airflow/example_dags/tutorial_taskflow_api_etl.py for tasks to queue
[2025-12-10 18:40:49,243] {logging_mixin.py:109} INFO - [2025-12-10 18:40:49,243] {dagbag.py:500} INFO - Filling up the DagBag from /home/airflow/.local/lib/python3.6/site-packages/airflow/example_dags/tutorial_taskflow_api_etl.py
[2025-12-10 18:40:49,274] {processor.py:654} INFO - DAG(s) dict_keys(['tutorial_taskflow_api_etl']) retrieved from /home/airflow/.local/lib/python3.6/site-packages/airflow/example_dags/tutorial_taskflow_api_etl.py
[2025-12-10 18:40:49,474] {logging_mixin.py:109} INFO - [2025-12-10 18:40:49,474] {dag.py:2396} INFO - Sync 1 DAGs
[2025-12-10 18:40:49,487] {logging_mixin.py:109} INFO - [2025-12-10 18:40:49,486] {dag.py:2935} INFO - Setting next_dagrun for tutorial_taskflow_api_etl to None
[2025-12-10 18:40:49,504] {processor.py:171} INFO - Processing /home/airflow/.local/lib/python3.6/site-packages/airflow/example_dags/tutorial_taskflow_api_etl.py took 0.276 seconds
[2025-12-10 18:41:19,658] {processor.py:163} INFO - Started process (PID=2178) to work on /home/airflow/.local/lib/python3.6/site-packages/airflow/example_dags/tutorial_taskflow_api_etl.py
[2025-12-10 18:41:19,659] {processor.py:642} INFO - Processing file /home/airflow/.local/lib/python3.6/site-packages/airflow/example_dags/tutorial_taskflow_api_etl.py for tasks to queue
[2025-12-10 18:41:19,659] {logging_mixin.py:109} INFO - [2025-12-10 18:41:19,659] {dagbag.py:500} INFO - Filling up the DagBag from /home/airflow/.local/lib/python3.6/site-packages/airflow/example_dags/tutorial_taskflow_api_etl.py
[2025-12-10 18:41:19,696] {processor.py:654} INFO - DAG(s) dict_keys(['tutorial_taskflow_api_etl']) retrieved from /home/airflow/.local/lib/python3.6/site-packages/airflow/example_dags/tutorial_taskflow_api_etl.py
[2025-12-10 18:41:19,893] {logging_mixin.py:109} INFO - [2025-12-10 18:41:19,893] {dag.py:2396} INFO - Sync 1 DAGs
[2025-12-10 18:41:19,909] {logging_mixin.py:109} INFO - [2025-12-10 18:41:19,909] {dag.py:2935} INFO - Setting next_dagrun for tutorial_taskflow_api_etl to None
[2025-12-10 18:41:19,928] {processor.py:171} INFO - Processing /home/airflow/.local/lib/python3.6/site-packages/airflow/example_dags/tutorial_taskflow_api_etl.py took 0.274 seconds
[2025-12-10 18:41:50,107] {processor.py:163} INFO - Started process (PID=2230) to work on /home/airflow/.local/lib/python3.6/site-packages/airflow/example_dags/tutorial_taskflow_api_etl.py
[2025-12-10 18:41:50,118] {processor.py:642} INFO - Processing file /home/airflow/.local/lib/python3.6/site-packages/airflow/example_dags/tutorial_taskflow_api_etl.py for tasks to queue
[2025-12-10 18:41:50,119] {logging_mixin.py:109} INFO - [2025-12-10 18:41:50,118] {dagbag.py:500} INFO - Filling up the DagBag from /home/airflow/.local/lib/python3.6/site-packages/airflow/example_dags/tutorial_taskflow_api_etl.py
[2025-12-10 18:41:50,150] {processor.py:654} INFO - DAG(s) dict_keys(['tutorial_taskflow_api_etl']) retrieved from /home/airflow/.local/lib/python3.6/site-packages/airflow/example_dags/tutorial_taskflow_api_etl.py
[2025-12-10 18:41:50,159] {logging_mixin.py:109} INFO - [2025-12-10 18:41:50,159] {dag.py:2396} INFO - Sync 1 DAGs
[2025-12-10 18:41:50,175] {logging_mixin.py:109} INFO - [2025-12-10 18:41:50,175] {dag.py:2935} INFO - Setting next_dagrun for tutorial_taskflow_api_etl to None
[2025-12-10 18:41:50,183] {processor.py:171} INFO - Processing /home/airflow/.local/lib/python3.6/site-packages/airflow/example_dags/tutorial_taskflow_api_etl.py took 0.081 seconds
[2025-12-10 18:42:20,263] {processor.py:163} INFO - Started process (PID=2292) to work on /home/airflow/.local/lib/python3.6/site-packages/airflow/example_dags/tutorial_taskflow_api_etl.py
[2025-12-10 18:42:20,265] {processor.py:642} INFO - Processing file /home/airflow/.local/lib/python3.6/site-packages/airflow/example_dags/tutorial_taskflow_api_etl.py for tasks to queue
[2025-12-10 18:42:20,265] {logging_mixin.py:109} INFO - [2025-12-10 18:42:20,265] {dagbag.py:500} INFO - Filling up the DagBag from /home/airflow/.local/lib/python3.6/site-packages/airflow/example_dags/tutorial_taskflow_api_etl.py
[2025-12-10 18:42:20,301] {processor.py:654} INFO - DAG(s) dict_keys(['tutorial_taskflow_api_etl']) retrieved from /home/airflow/.local/lib/python3.6/site-packages/airflow/example_dags/tutorial_taskflow_api_etl.py
[2025-12-10 18:42:20,479] {logging_mixin.py:109} INFO - [2025-12-10 18:42:20,478] {dag.py:2396} INFO - Sync 1 DAGs
[2025-12-10 18:42:20,491] {logging_mixin.py:109} INFO - [2025-12-10 18:42:20,491] {dag.py:2935} INFO - Setting next_dagrun for tutorial_taskflow_api_etl to None
[2025-12-10 18:42:20,511] {processor.py:171} INFO - Processing /home/airflow/.local/lib/python3.6/site-packages/airflow/example_dags/tutorial_taskflow_api_etl.py took 0.251 seconds
[2025-12-10 18:42:50,860] {processor.py:163} INFO - Started process (PID=2344) to work on /home/airflow/.local/lib/python3.6/site-packages/airflow/example_dags/tutorial_taskflow_api_etl.py
[2025-12-10 18:42:50,861] {processor.py:642} INFO - Processing file /home/airflow/.local/lib/python3.6/site-packages/airflow/example_dags/tutorial_taskflow_api_etl.py for tasks to queue
[2025-12-10 18:42:50,862] {logging_mixin.py:109} INFO - [2025-12-10 18:42:50,862] {dagbag.py:500} INFO - Filling up the DagBag from /home/airflow/.local/lib/python3.6/site-packages/airflow/example_dags/tutorial_taskflow_api_etl.py
[2025-12-10 18:42:50,896] {processor.py:654} INFO - DAG(s) dict_keys(['tutorial_taskflow_api_etl']) retrieved from /home/airflow/.local/lib/python3.6/site-packages/airflow/example_dags/tutorial_taskflow_api_etl.py
[2025-12-10 18:42:51,075] {logging_mixin.py:109} INFO - [2025-12-10 18:42:51,075] {dag.py:2396} INFO - Sync 1 DAGs
[2025-12-10 18:42:51,088] {logging_mixin.py:109} INFO - [2025-12-10 18:42:51,088] {dag.py:2935} INFO - Setting next_dagrun for tutorial_taskflow_api_etl to None
[2025-12-10 18:42:51,108] {processor.py:171} INFO - Processing /home/airflow/.local/lib/python3.6/site-packages/airflow/example_dags/tutorial_taskflow_api_etl.py took 0.252 seconds
[2025-12-10 18:43:21,440] {processor.py:163} INFO - Started process (PID=2406) to work on /home/airflow/.local/lib/python3.6/site-packages/airflow/example_dags/tutorial_taskflow_api_etl.py
[2025-12-10 18:43:21,451] {processor.py:642} INFO - Processing file /home/airflow/.local/lib/python3.6/site-packages/airflow/example_dags/tutorial_taskflow_api_etl.py for tasks to queue
[2025-12-10 18:43:21,451] {logging_mixin.py:109} INFO - [2025-12-10 18:43:21,451] {dagbag.py:500} INFO - Filling up the DagBag from /home/airflow/.local/lib/python3.6/site-packages/airflow/example_dags/tutorial_taskflow_api_etl.py
[2025-12-10 18:43:21,482] {processor.py:654} INFO - DAG(s) dict_keys(['tutorial_taskflow_api_etl']) retrieved from /home/airflow/.local/lib/python3.6/site-packages/airflow/example_dags/tutorial_taskflow_api_etl.py
[2025-12-10 18:43:21,642] {logging_mixin.py:109} INFO - [2025-12-10 18:43:21,642] {dag.py:2396} INFO - Sync 1 DAGs
[2025-12-10 18:43:21,655] {logging_mixin.py:109} INFO - [2025-12-10 18:43:21,655] {dag.py:2935} INFO - Setting next_dagrun for tutorial_taskflow_api_etl to None
[2025-12-10 18:43:21,673] {processor.py:171} INFO - Processing /home/airflow/.local/lib/python3.6/site-packages/airflow/example_dags/tutorial_taskflow_api_etl.py took 0.236 seconds
[2025-12-10 18:43:52,014] {processor.py:163} INFO - Started process (PID=2458) to work on /home/airflow/.local/lib/python3.6/site-packages/airflow/example_dags/tutorial_taskflow_api_etl.py
[2025-12-10 18:43:52,015] {processor.py:642} INFO - Processing file /home/airflow/.local/lib/python3.6/site-packages/airflow/example_dags/tutorial_taskflow_api_etl.py for tasks to queue
[2025-12-10 18:43:52,016] {logging_mixin.py:109} INFO - [2025-12-10 18:43:52,015] {dagbag.py:500} INFO - Filling up the DagBag from /home/airflow/.local/lib/python3.6/site-packages/airflow/example_dags/tutorial_taskflow_api_etl.py
[2025-12-10 18:43:52,048] {processor.py:654} INFO - DAG(s) dict_keys(['tutorial_taskflow_api_etl']) retrieved from /home/airflow/.local/lib/python3.6/site-packages/airflow/example_dags/tutorial_taskflow_api_etl.py
[2025-12-10 18:43:52,238] {logging_mixin.py:109} INFO - [2025-12-10 18:43:52,238] {dag.py:2396} INFO - Sync 1 DAGs
[2025-12-10 18:43:52,251] {logging_mixin.py:109} INFO - [2025-12-10 18:43:52,251] {dag.py:2935} INFO - Setting next_dagrun for tutorial_taskflow_api_etl to None
[2025-12-10 18:43:52,269] {processor.py:171} INFO - Processing /home/airflow/.local/lib/python3.6/site-packages/airflow/example_dags/tutorial_taskflow_api_etl.py took 0.258 seconds
[2025-12-10 18:46:29,641] {processor.py:163} INFO - Started process (PID=56) to work on /home/airflow/.local/lib/python3.6/site-packages/airflow/example_dags/tutorial_taskflow_api_etl.py
[2025-12-10 18:46:29,643] {processor.py:642} INFO - Processing file /home/airflow/.local/lib/python3.6/site-packages/airflow/example_dags/tutorial_taskflow_api_etl.py for tasks to queue
[2025-12-10 18:46:29,644] {logging_mixin.py:109} INFO - [2025-12-10 18:46:29,644] {dagbag.py:500} INFO - Filling up the DagBag from /home/airflow/.local/lib/python3.6/site-packages/airflow/example_dags/tutorial_taskflow_api_etl.py
[2025-12-10 18:46:29,682] {processor.py:654} INFO - DAG(s) dict_keys(['tutorial_taskflow_api_etl']) retrieved from /home/airflow/.local/lib/python3.6/site-packages/airflow/example_dags/tutorial_taskflow_api_etl.py
[2025-12-10 18:46:29,925] {logging_mixin.py:109} INFO - [2025-12-10 18:46:29,925] {dag.py:2396} INFO - Sync 1 DAGs
[2025-12-10 18:46:29,941] {logging_mixin.py:109} INFO - [2025-12-10 18:46:29,941] {dag.py:2935} INFO - Setting next_dagrun for tutorial_taskflow_api_etl to None
[2025-12-10 18:46:29,954] {processor.py:171} INFO - Processing /home/airflow/.local/lib/python3.6/site-packages/airflow/example_dags/tutorial_taskflow_api_etl.py took 0.318 seconds
[2025-12-10 18:47:00,978] {processor.py:163} INFO - Started process (PID=108) to work on /home/airflow/.local/lib/python3.6/site-packages/airflow/example_dags/tutorial_taskflow_api_etl.py
[2025-12-10 18:47:00,984] {processor.py:642} INFO - Processing file /home/airflow/.local/lib/python3.6/site-packages/airflow/example_dags/tutorial_taskflow_api_etl.py for tasks to queue
[2025-12-10 18:47:00,985] {logging_mixin.py:109} INFO - [2025-12-10 18:47:00,985] {dagbag.py:500} INFO - Filling up the DagBag from /home/airflow/.local/lib/python3.6/site-packages/airflow/example_dags/tutorial_taskflow_api_etl.py
[2025-12-10 18:47:01,097] {processor.py:654} INFO - DAG(s) dict_keys(['tutorial_taskflow_api_etl']) retrieved from /home/airflow/.local/lib/python3.6/site-packages/airflow/example_dags/tutorial_taskflow_api_etl.py
[2025-12-10 18:47:01,665] {logging_mixin.py:109} INFO - [2025-12-10 18:47:01,664] {dag.py:2396} INFO - Sync 1 DAGs
[2025-12-10 18:47:01,708] {logging_mixin.py:109} INFO - [2025-12-10 18:47:01,707] {dag.py:2935} INFO - Setting next_dagrun for tutorial_taskflow_api_etl to None
[2025-12-10 18:47:01,746] {processor.py:171} INFO - Processing /home/airflow/.local/lib/python3.6/site-packages/airflow/example_dags/tutorial_taskflow_api_etl.py took 0.777 seconds
[2025-12-10 18:47:32,072] {processor.py:163} INFO - Started process (PID=161) to work on /home/airflow/.local/lib/python3.6/site-packages/airflow/example_dags/tutorial_taskflow_api_etl.py
[2025-12-10 18:47:32,074] {processor.py:642} INFO - Processing file /home/airflow/.local/lib/python3.6/site-packages/airflow/example_dags/tutorial_taskflow_api_etl.py for tasks to queue
[2025-12-10 18:47:32,076] {logging_mixin.py:109} INFO - [2025-12-10 18:47:32,076] {dagbag.py:500} INFO - Filling up the DagBag from /home/airflow/.local/lib/python3.6/site-packages/airflow/example_dags/tutorial_taskflow_api_etl.py
[2025-12-10 18:47:32,143] {processor.py:654} INFO - DAG(s) dict_keys(['tutorial_taskflow_api_etl']) retrieved from /home/airflow/.local/lib/python3.6/site-packages/airflow/example_dags/tutorial_taskflow_api_etl.py
[2025-12-10 18:47:32,659] {logging_mixin.py:109} INFO - [2025-12-10 18:47:32,659] {dag.py:2396} INFO - Sync 1 DAGs
[2025-12-10 18:47:32,693] {logging_mixin.py:109} INFO - [2025-12-10 18:47:32,693] {dag.py:2935} INFO - Setting next_dagrun for tutorial_taskflow_api_etl to None
[2025-12-10 18:47:32,718] {processor.py:171} INFO - Processing /home/airflow/.local/lib/python3.6/site-packages/airflow/example_dags/tutorial_taskflow_api_etl.py took 0.656 seconds
[2025-12-10 18:48:03,595] {processor.py:163} INFO - Started process (PID=223) to work on /home/airflow/.local/lib/python3.6/site-packages/airflow/example_dags/tutorial_taskflow_api_etl.py
[2025-12-10 18:48:03,596] {processor.py:642} INFO - Processing file /home/airflow/.local/lib/python3.6/site-packages/airflow/example_dags/tutorial_taskflow_api_etl.py for tasks to queue
[2025-12-10 18:48:03,597] {logging_mixin.py:109} INFO - [2025-12-10 18:48:03,597] {dagbag.py:500} INFO - Filling up the DagBag from /home/airflow/.local/lib/python3.6/site-packages/airflow/example_dags/tutorial_taskflow_api_etl.py
[2025-12-10 18:48:03,637] {processor.py:654} INFO - DAG(s) dict_keys(['tutorial_taskflow_api_etl']) retrieved from /home/airflow/.local/lib/python3.6/site-packages/airflow/example_dags/tutorial_taskflow_api_etl.py
[2025-12-10 18:48:03,910] {logging_mixin.py:109} INFO - [2025-12-10 18:48:03,910] {dag.py:2396} INFO - Sync 1 DAGs
[2025-12-10 18:48:03,928] {logging_mixin.py:109} INFO - [2025-12-10 18:48:03,927] {dag.py:2935} INFO - Setting next_dagrun for tutorial_taskflow_api_etl to None
[2025-12-10 18:48:03,938] {processor.py:171} INFO - Processing /home/airflow/.local/lib/python3.6/site-packages/airflow/example_dags/tutorial_taskflow_api_etl.py took 0.347 seconds
[2025-12-10 18:48:34,582] {processor.py:163} INFO - Started process (PID=275) to work on /home/airflow/.local/lib/python3.6/site-packages/airflow/example_dags/tutorial_taskflow_api_etl.py
[2025-12-10 18:48:34,588] {processor.py:642} INFO - Processing file /home/airflow/.local/lib/python3.6/site-packages/airflow/example_dags/tutorial_taskflow_api_etl.py for tasks to queue
[2025-12-10 18:48:34,589] {logging_mixin.py:109} INFO - [2025-12-10 18:48:34,589] {dagbag.py:500} INFO - Filling up the DagBag from /home/airflow/.local/lib/python3.6/site-packages/airflow/example_dags/tutorial_taskflow_api_etl.py
[2025-12-10 18:48:34,637] {processor.py:654} INFO - DAG(s) dict_keys(['tutorial_taskflow_api_etl']) retrieved from /home/airflow/.local/lib/python3.6/site-packages/airflow/example_dags/tutorial_taskflow_api_etl.py
[2025-12-10 18:48:34,942] {logging_mixin.py:109} INFO - [2025-12-10 18:48:34,942] {dag.py:2396} INFO - Sync 1 DAGs
[2025-12-10 18:48:34,962] {logging_mixin.py:109} INFO - [2025-12-10 18:48:34,961] {dag.py:2935} INFO - Setting next_dagrun for tutorial_taskflow_api_etl to None
[2025-12-10 18:48:34,978] {processor.py:171} INFO - Processing /home/airflow/.local/lib/python3.6/site-packages/airflow/example_dags/tutorial_taskflow_api_etl.py took 0.403 seconds
[2025-12-10 18:49:05,729] {processor.py:163} INFO - Started process (PID=338) to work on /home/airflow/.local/lib/python3.6/site-packages/airflow/example_dags/tutorial_taskflow_api_etl.py
[2025-12-10 18:49:05,730] {processor.py:642} INFO - Processing file /home/airflow/.local/lib/python3.6/site-packages/airflow/example_dags/tutorial_taskflow_api_etl.py for tasks to queue
[2025-12-10 18:49:05,731] {logging_mixin.py:109} INFO - [2025-12-10 18:49:05,731] {dagbag.py:500} INFO - Filling up the DagBag from /home/airflow/.local/lib/python3.6/site-packages/airflow/example_dags/tutorial_taskflow_api_etl.py
[2025-12-10 18:49:05,761] {processor.py:654} INFO - DAG(s) dict_keys(['tutorial_taskflow_api_etl']) retrieved from /home/airflow/.local/lib/python3.6/site-packages/airflow/example_dags/tutorial_taskflow_api_etl.py
[2025-12-10 18:49:05,944] {logging_mixin.py:109} INFO - [2025-12-10 18:49:05,944] {dag.py:2396} INFO - Sync 1 DAGs
[2025-12-10 18:49:05,957] {logging_mixin.py:109} INFO - [2025-12-10 18:49:05,957] {dag.py:2935} INFO - Setting next_dagrun for tutorial_taskflow_api_etl to None
[2025-12-10 18:49:05,976] {processor.py:171} INFO - Processing /home/airflow/.local/lib/python3.6/site-packages/airflow/example_dags/tutorial_taskflow_api_etl.py took 0.252 seconds
[2025-12-10 18:49:36,031] {processor.py:163} INFO - Started process (PID=400) to work on /home/airflow/.local/lib/python3.6/site-packages/airflow/example_dags/tutorial_taskflow_api_etl.py
[2025-12-10 18:49:36,038] {processor.py:642} INFO - Processing file /home/airflow/.local/lib/python3.6/site-packages/airflow/example_dags/tutorial_taskflow_api_etl.py for tasks to queue
[2025-12-10 18:49:36,038] {logging_mixin.py:109} INFO - [2025-12-10 18:49:36,038] {dagbag.py:500} INFO - Filling up the DagBag from /home/airflow/.local/lib/python3.6/site-packages/airflow/example_dags/tutorial_taskflow_api_etl.py
[2025-12-10 18:49:36,072] {processor.py:654} INFO - DAG(s) dict_keys(['tutorial_taskflow_api_etl']) retrieved from /home/airflow/.local/lib/python3.6/site-packages/airflow/example_dags/tutorial_taskflow_api_etl.py
[2025-12-10 18:49:36,327] {logging_mixin.py:109} INFO - [2025-12-10 18:49:36,327] {dag.py:2396} INFO - Sync 1 DAGs
[2025-12-10 18:49:36,342] {logging_mixin.py:109} INFO - [2025-12-10 18:49:36,342] {dag.py:2935} INFO - Setting next_dagrun for tutorial_taskflow_api_etl to None
[2025-12-10 18:49:36,362] {processor.py:171} INFO - Processing /home/airflow/.local/lib/python3.6/site-packages/airflow/example_dags/tutorial_taskflow_api_etl.py took 0.334 seconds
[2025-12-10 18:50:07,244] {processor.py:163} INFO - Started process (PID=452) to work on /home/airflow/.local/lib/python3.6/site-packages/airflow/example_dags/tutorial_taskflow_api_etl.py
[2025-12-10 18:50:07,252] {processor.py:642} INFO - Processing file /home/airflow/.local/lib/python3.6/site-packages/airflow/example_dags/tutorial_taskflow_api_etl.py for tasks to queue
[2025-12-10 18:50:07,252] {logging_mixin.py:109} INFO - [2025-12-10 18:50:07,252] {dagbag.py:500} INFO - Filling up the DagBag from /home/airflow/.local/lib/python3.6/site-packages/airflow/example_dags/tutorial_taskflow_api_etl.py
[2025-12-10 18:50:07,283] {processor.py:654} INFO - DAG(s) dict_keys(['tutorial_taskflow_api_etl']) retrieved from /home/airflow/.local/lib/python3.6/site-packages/airflow/example_dags/tutorial_taskflow_api_etl.py
[2025-12-10 18:50:07,444] {logging_mixin.py:109} INFO - [2025-12-10 18:50:07,444] {dag.py:2396} INFO - Sync 1 DAGs
[2025-12-10 18:50:07,456] {logging_mixin.py:109} INFO - [2025-12-10 18:50:07,456] {dag.py:2935} INFO - Setting next_dagrun for tutorial_taskflow_api_etl to None
[2025-12-10 18:50:07,474] {processor.py:171} INFO - Processing /home/airflow/.local/lib/python3.6/site-packages/airflow/example_dags/tutorial_taskflow_api_etl.py took 0.233 seconds
[2025-12-10 18:51:26,912] {processor.py:163} INFO - Started process (PID=210) to work on /home/airflow/.local/lib/python3.6/site-packages/airflow/example_dags/tutorial_taskflow_api_etl.py
[2025-12-10 18:51:26,913] {processor.py:642} INFO - Processing file /home/airflow/.local/lib/python3.6/site-packages/airflow/example_dags/tutorial_taskflow_api_etl.py for tasks to queue
[2025-12-10 18:51:26,914] {logging_mixin.py:109} INFO - [2025-12-10 18:51:26,914] {dagbag.py:500} INFO - Filling up the DagBag from /home/airflow/.local/lib/python3.6/site-packages/airflow/example_dags/tutorial_taskflow_api_etl.py
[2025-12-10 18:51:26,948] {processor.py:654} INFO - DAG(s) dict_keys(['tutorial_taskflow_api_etl']) retrieved from /home/airflow/.local/lib/python3.6/site-packages/airflow/example_dags/tutorial_taskflow_api_etl.py
[2025-12-10 18:51:28,677] {logging_mixin.py:109} INFO - [2025-12-10 18:51:28,677] {manager.py:496} INFO - Created Permission View: can read on DAG:tutorial_taskflow_api_etl
[2025-12-10 18:51:28,683] {logging_mixin.py:109} INFO - [2025-12-10 18:51:28,683] {manager.py:496} INFO - Created Permission View: can edit on DAG:tutorial_taskflow_api_etl
[2025-12-10 18:51:28,684] {logging_mixin.py:109} INFO - [2025-12-10 18:51:28,683] {dag.py:2396} INFO - Sync 1 DAGs
[2025-12-10 18:51:28,691] {logging_mixin.py:109} INFO - [2025-12-10 18:51:28,690] {dag.py:2415} INFO - Creating ORM DAG for tutorial_taskflow_api_etl
[2025-12-10 18:51:28,696] {logging_mixin.py:109} INFO - [2025-12-10 18:51:28,696] {dag.py:2935} INFO - Setting next_dagrun for tutorial_taskflow_api_etl to None
[2025-12-10 18:51:28,704] {processor.py:171} INFO - Processing /home/airflow/.local/lib/python3.6/site-packages/airflow/example_dags/tutorial_taskflow_api_etl.py took 1.796 seconds
[2025-12-10 18:51:59,026] {processor.py:163} INFO - Started process (PID=488) to work on /home/airflow/.local/lib/python3.6/site-packages/airflow/example_dags/tutorial_taskflow_api_etl.py
[2025-12-10 18:51:59,034] {processor.py:642} INFO - Processing file /home/airflow/.local/lib/python3.6/site-packages/airflow/example_dags/tutorial_taskflow_api_etl.py for tasks to queue
[2025-12-10 18:51:59,034] {logging_mixin.py:109} INFO - [2025-12-10 18:51:59,034] {dagbag.py:500} INFO - Filling up the DagBag from /home/airflow/.local/lib/python3.6/site-packages/airflow/example_dags/tutorial_taskflow_api_etl.py
[2025-12-10 18:51:59,065] {processor.py:654} INFO - DAG(s) dict_keys(['tutorial_taskflow_api_etl']) retrieved from /home/airflow/.local/lib/python3.6/site-packages/airflow/example_dags/tutorial_taskflow_api_etl.py
[2025-12-10 18:51:59,239] {logging_mixin.py:109} INFO - [2025-12-10 18:51:59,239] {dag.py:2396} INFO - Sync 1 DAGs
[2025-12-10 18:51:59,251] {logging_mixin.py:109} INFO - [2025-12-10 18:51:59,251] {dag.py:2935} INFO - Setting next_dagrun for tutorial_taskflow_api_etl to None
[2025-12-10 18:51:59,269] {processor.py:171} INFO - Processing /home/airflow/.local/lib/python3.6/site-packages/airflow/example_dags/tutorial_taskflow_api_etl.py took 0.246 seconds
