[2025-12-21 19:51:23,378] {taskinstance.py:1032} INFO - Dependencies all met for <TaskInstance: SolovevEgor_HW_05_ds_2025.truncate_tables scheduled__2025-12-21T19:51:05.094788+00:00 [queued]>
[2025-12-21 19:51:23,389] {taskinstance.py:1032} INFO - Dependencies all met for <TaskInstance: SolovevEgor_HW_05_ds_2025.truncate_tables scheduled__2025-12-21T19:51:05.094788+00:00 [queued]>
[2025-12-21 19:51:23,389] {taskinstance.py:1238} INFO - 
--------------------------------------------------------------------------------
[2025-12-21 19:51:23,389] {taskinstance.py:1239} INFO - Starting attempt 1 of 2
[2025-12-21 19:51:23,389] {taskinstance.py:1240} INFO - 
--------------------------------------------------------------------------------
[2025-12-21 19:51:23,400] {taskinstance.py:1259} INFO - Executing <Task(PostgresOperator): truncate_tables> on 2025-12-21 19:51:05.094788+00:00
[2025-12-21 19:51:23,409] {standard_task_runner.py:76} INFO - Running: ['***', 'tasks', 'run', 'SolovevEgor_HW_05_ds_2025', 'truncate_tables', 'scheduled__2025-12-21T19:51:05.094788+00:00', '--job-id', '3159', '--raw', '--subdir', 'DAGS_FOLDER/SolovevEgor_HW_06_ds_2025.py', '--cfg-path', '/tmp/tmpfy066eui', '--error-file', '/tmp/tmpfssshc3w']
[2025-12-21 19:51:23,410] {standard_task_runner.py:77} INFO - Job 3159: Subtask truncate_tables
[2025-12-21 19:51:23,405] {standard_task_runner.py:52} INFO - Started process 385 to run task
[2025-12-21 19:51:23,465] {logging_mixin.py:109} INFO - Running <TaskInstance: SolovevEgor_HW_05_ds_2025.truncate_tables scheduled__2025-12-21T19:51:05.094788+00:00 [running]> on host f4f0113aed8c
[2025-12-21 19:51:23,512] {taskinstance.py:1426} INFO - Exporting the following env vars:
AIRFLOW_CTX_DAG_OWNER=Solovev Egor
AIRFLOW_CTX_DAG_ID=SolovevEgor_HW_05_ds_2025
AIRFLOW_CTX_TASK_ID=truncate_tables
AIRFLOW_CTX_EXECUTION_DATE=2025-12-21T19:51:05.094788+00:00
AIRFLOW_CTX_DAG_RUN_ID=scheduled__2025-12-21T19:51:05.094788+00:00
[2025-12-21 19:51:23,521] {base.py:79} INFO - Using connection to: id: postgresql. Host: postgres, Port: 5432, Schema: postgres, Login: ***, Password: ***, extra: {}
[2025-12-21 19:51:23,525] {dbapi.py:225} INFO - Running statement: truncate table customer, order_items, orders, product;, parameters: None
[2025-12-21 19:51:23,555] {taskinstance.py:1277} INFO - Marking task as SUCCESS. dag_id=SolovevEgor_HW_05_ds_2025, task_id=truncate_tables, execution_date=20251221T195105, start_date=20251221T195123, end_date=20251221T195123
[2025-12-21 19:51:23,586] {local_task_job.py:154} INFO - Task exited with return code 0
[2025-12-21 19:51:23,625] {local_task_job.py:264} INFO - 4 downstream tasks scheduled from follow-on schedule check
