[2025-12-21 19:28:17,692] {taskinstance.py:1032} INFO - Dependencies all met for <TaskInstance: SolovevEgor_HW_05_ds_2025.fill_table__customer scheduled__2025-12-21T19:27:57.742684+00:00 [queued]>
[2025-12-21 19:28:17,703] {taskinstance.py:1032} INFO - Dependencies all met for <TaskInstance: SolovevEgor_HW_05_ds_2025.fill_table__customer scheduled__2025-12-21T19:27:57.742684+00:00 [queued]>
[2025-12-21 19:28:17,703] {taskinstance.py:1238} INFO - 
--------------------------------------------------------------------------------
[2025-12-21 19:28:17,703] {taskinstance.py:1239} INFO - Starting attempt 1 of 2
[2025-12-21 19:28:17,703] {taskinstance.py:1240} INFO - 
--------------------------------------------------------------------------------
[2025-12-21 19:28:17,713] {taskinstance.py:1259} INFO - Executing <Task(PostgresOperator): fill_table__customer> on 2025-12-21 19:27:57.742684+00:00
[2025-12-21 19:28:17,721] {standard_task_runner.py:76} INFO - Running: ['***', 'tasks', 'run', 'SolovevEgor_HW_05_ds_2025', 'fill_table__customer', 'scheduled__2025-12-21T19:27:57.742684+00:00', '--job-id', '2610', '--raw', '--subdir', 'DAGS_FOLDER/SolovevEgor_HW_06_ds_2025.py', '--cfg-path', '/tmp/tmpbwrdr6ed', '--error-file', '/tmp/tmpokjghmwo']
[2025-12-21 19:28:17,722] {standard_task_runner.py:77} INFO - Job 2610: Subtask fill_table__customer
[2025-12-21 19:28:17,717] {standard_task_runner.py:52} INFO - Started process 360 to run task
[2025-12-21 19:28:17,787] {logging_mixin.py:109} INFO - Running <TaskInstance: SolovevEgor_HW_05_ds_2025.fill_table__customer scheduled__2025-12-21T19:27:57.742684+00:00 [running]> on host 6e44f93f8024
[2025-12-21 19:28:17,842] {taskinstance.py:1426} INFO - Exporting the following env vars:
AIRFLOW_CTX_DAG_OWNER=Solovev Egor
AIRFLOW_CTX_DAG_ID=SolovevEgor_HW_05_ds_2025
AIRFLOW_CTX_TASK_ID=fill_table__customer
AIRFLOW_CTX_EXECUTION_DATE=2025-12-21T19:27:57.742684+00:00
AIRFLOW_CTX_DAG_RUN_ID=scheduled__2025-12-21T19:27:57.742684+00:00
[2025-12-21 19:28:17,853] {base.py:79} INFO - Using connection to: id: postgresql. Host: postgres, Port: 5432, Schema: postgres, Login: ***, Password: ***, extra: {}
[2025-12-21 19:28:17,858] {dbapi.py:225} INFO - Running statement: 
                COPY customer FROM '/opt/***/data_files/customer.csv'
                DELIMITER ';' CSV HEADER;
        , parameters: None
[2025-12-21 19:28:17,876] {dbapi.py:233} INFO - Rows affected: 4000
[2025-12-21 19:28:17,891] {taskinstance.py:1277} INFO - Marking task as SUCCESS. dag_id=SolovevEgor_HW_05_ds_2025, task_id=fill_table__customer, execution_date=20251221T192757, start_date=20251221T192817, end_date=20251221T192817
[2025-12-21 19:28:17,939] {local_task_job.py:154} INFO - Task exited with return code 0
[2025-12-21 19:28:17,976] {local_task_job.py:264} INFO - 0 downstream tasks scheduled from follow-on schedule check
