[2025-12-21 18:59:13,910] {taskinstance.py:1032} INFO - Dependencies all met for <TaskInstance: SolovevEgor_HW_05_ds_2025.fill_table__orders scheduled__2025-12-21T18:53:40.650007+00:00 [queued]>
[2025-12-21 18:59:13,949] {taskinstance.py:1032} INFO - Dependencies all met for <TaskInstance: SolovevEgor_HW_05_ds_2025.fill_table__orders scheduled__2025-12-21T18:53:40.650007+00:00 [queued]>
[2025-12-21 18:59:13,949] {taskinstance.py:1238} INFO - 
--------------------------------------------------------------------------------
[2025-12-21 18:59:13,950] {taskinstance.py:1239} INFO - Starting attempt 2 of 2
[2025-12-21 18:59:13,950] {taskinstance.py:1240} INFO - 
--------------------------------------------------------------------------------
[2025-12-21 18:59:13,993] {taskinstance.py:1259} INFO - Executing <Task(PostgresOperator): fill_table__orders> on 2025-12-21 18:53:40.650007+00:00
[2025-12-21 18:59:14,016] {standard_task_runner.py:52} INFO - Started process 10328 to run task
[2025-12-21 18:59:14,035] {standard_task_runner.py:76} INFO - Running: ['***', 'tasks', 'run', 'SolovevEgor_HW_05_ds_2025', 'fill_table__orders', 'scheduled__2025-12-21T18:53:40.650007+00:00', '--job-id', '1737', '--raw', '--subdir', 'DAGS_FOLDER/SolovevEgor_HW_06_ds_2025.py', '--cfg-path', '/tmp/tmp9l6yzb8h', '--error-file', '/tmp/tmpq0beb51y']
[2025-12-21 18:59:14,042] {standard_task_runner.py:77} INFO - Job 1737: Subtask fill_table__orders
[2025-12-21 18:59:14,287] {logging_mixin.py:109} INFO - Running <TaskInstance: SolovevEgor_HW_05_ds_2025.fill_table__orders scheduled__2025-12-21T18:53:40.650007+00:00 [running]> on host b97b26732d6a
[2025-12-21 18:59:14,622] {taskinstance.py:1426} INFO - Exporting the following env vars:
AIRFLOW_CTX_DAG_OWNER=Solovev Egor
AIRFLOW_CTX_DAG_ID=SolovevEgor_HW_05_ds_2025
AIRFLOW_CTX_TASK_ID=fill_table__orders
AIRFLOW_CTX_EXECUTION_DATE=2025-12-21T18:53:40.650007+00:00
AIRFLOW_CTX_DAG_RUN_ID=scheduled__2025-12-21T18:53:40.650007+00:00
[2025-12-21 18:59:14,671] {base.py:79} INFO - Using connection to: id: postgresql. Host: postgres, Port: 5432, Schema: postgres, Login: ***, Password: ***, extra: {}
[2025-12-21 18:59:14,697] {dbapi.py:225} INFO - Running statement: 
                COPY orders FROM '/opt/***/data_files/orders.csv'
                DELIMITER ',' CSV HEADER;
        , parameters: None
[2025-12-21 18:59:14,988] {dbapi.py:233} INFO - Rows affected: 20000
[2025-12-21 18:59:15,095] {taskinstance.py:1277} INFO - Marking task as SUCCESS. dag_id=SolovevEgor_HW_05_ds_2025, task_id=fill_table__orders, execution_date=20251221T185340, start_date=20251221T185913, end_date=20251221T185915
[2025-12-21 18:59:15,190] {local_task_job.py:154} INFO - Task exited with return code 0
[2025-12-21 18:59:15,494] {local_task_job.py:264} INFO - 0 downstream tasks scheduled from follow-on schedule check
