[2025-12-21 18:59:18,944] {taskinstance.py:1032} INFO - Dependencies all met for <TaskInstance: SolovevEgor_HW_05_ds_2025.run_query1 scheduled__2025-12-21T18:53:42.262999+00:00 [queued]>
[2025-12-21 18:59:19,035] {taskinstance.py:1032} INFO - Dependencies all met for <TaskInstance: SolovevEgor_HW_05_ds_2025.run_query1 scheduled__2025-12-21T18:53:42.262999+00:00 [queued]>
[2025-12-21 18:59:19,036] {taskinstance.py:1238} INFO - 
--------------------------------------------------------------------------------
[2025-12-21 18:59:19,036] {taskinstance.py:1239} INFO - Starting attempt 1 of 2
[2025-12-21 18:59:19,037] {taskinstance.py:1240} INFO - 
--------------------------------------------------------------------------------
[2025-12-21 18:59:19,088] {taskinstance.py:1259} INFO - Executing <Task(PythonOperator): run_query1> on 2025-12-21 18:53:42.262999+00:00
[2025-12-21 18:59:19,128] {standard_task_runner.py:76} INFO - Running: ['***', 'tasks', 'run', 'SolovevEgor_HW_05_ds_2025', 'run_query1', 'scheduled__2025-12-21T18:53:42.262999+00:00', '--job-id', '1747', '--raw', '--subdir', 'DAGS_FOLDER/SolovevEgor_HW_06_ds_2025.py', '--cfg-path', '/tmp/tmpaowsvh1a', '--error-file', '/tmp/tmpqe737qee']
[2025-12-21 18:59:19,135] {standard_task_runner.py:77} INFO - Job 1747: Subtask run_query1
[2025-12-21 18:59:19,116] {standard_task_runner.py:52} INFO - Started process 10346 to run task
[2025-12-21 18:59:19,373] {logging_mixin.py:109} INFO - Running <TaskInstance: SolovevEgor_HW_05_ds_2025.run_query1 scheduled__2025-12-21T18:53:42.262999+00:00 [running]> on host b97b26732d6a
[2025-12-21 18:59:19,589] {taskinstance.py:1426} INFO - Exporting the following env vars:
AIRFLOW_CTX_DAG_OWNER=Solovev Egor
AIRFLOW_CTX_DAG_ID=SolovevEgor_HW_05_ds_2025
AIRFLOW_CTX_TASK_ID=run_query1
AIRFLOW_CTX_EXECUTION_DATE=2025-12-21T18:53:42.262999+00:00
AIRFLOW_CTX_DAG_RUN_ID=scheduled__2025-12-21T18:53:42.262999+00:00
[2025-12-21 18:59:20,593] {base.py:79} INFO - Using connection to: id: postgresql. Host: postgres, Port: 5432, Schema: postgres, Login: ***, Password: ***, extra: {}
[2025-12-21 18:59:20,665] {logging_mixin.py:109} WARNING - [ERROR] Неверный запрос!
[2025-12-21 18:59:20,666] {python.py:175} INFO - Done. Returned value was: 0
[2025-12-21 18:59:21,094] {taskinstance.py:1277} INFO - Marking task as SUCCESS. dag_id=SolovevEgor_HW_05_ds_2025, task_id=run_query1, execution_date=20251221T185342, start_date=20251221T185918, end_date=20251221T185921
[2025-12-21 18:59:21,236] {local_task_job.py:154} INFO - Task exited with return code 0
[2025-12-21 18:59:21,375] {local_task_job.py:264} INFO - 0 downstream tasks scheduled from follow-on schedule check
