[2025-12-21 20:09:08,979] {taskinstance.py:1032} INFO - Dependencies all met for <TaskInstance: SolovevEgor_HW_05_ds_2025.truncate_tables manual__2025-12-21T20:09:06.831304+00:00 [queued]>
[2025-12-21 20:09:08,991] {taskinstance.py:1032} INFO - Dependencies all met for <TaskInstance: SolovevEgor_HW_05_ds_2025.truncate_tables manual__2025-12-21T20:09:06.831304+00:00 [queued]>
[2025-12-21 20:09:08,991] {taskinstance.py:1238} INFO - 
--------------------------------------------------------------------------------
[2025-12-21 20:09:08,991] {taskinstance.py:1239} INFO - Starting attempt 1 of 2
[2025-12-21 20:09:08,991] {taskinstance.py:1240} INFO - 
--------------------------------------------------------------------------------
[2025-12-21 20:09:09,012] {taskinstance.py:1259} INFO - Executing <Task(PostgresOperator): truncate_tables> on 2025-12-21 20:09:06.831304+00:00
[2025-12-21 20:09:09,022] {standard_task_runner.py:76} INFO - Running: ['***', 'tasks', 'run', 'SolovevEgor_HW_05_ds_2025', 'truncate_tables', 'manual__2025-12-21T20:09:06.831304+00:00', '--job-id', '3471', '--raw', '--subdir', 'DAGS_FOLDER/SolovevEgor_HW_06_ds_2025.py', '--cfg-path', '/tmp/tmps1hukrgl', '--error-file', '/tmp/tmptia3opwv']
[2025-12-21 20:09:09,023] {standard_task_runner.py:77} INFO - Job 3471: Subtask truncate_tables
[2025-12-21 20:09:09,017] {standard_task_runner.py:52} INFO - Started process 609 to run task
[2025-12-21 20:09:09,094] {logging_mixin.py:109} INFO - Running <TaskInstance: SolovevEgor_HW_05_ds_2025.truncate_tables manual__2025-12-21T20:09:06.831304+00:00 [running]> on host 6bc1d04857cc
[2025-12-21 20:09:09,146] {taskinstance.py:1426} INFO - Exporting the following env vars:
AIRFLOW_CTX_DAG_OWNER=Solovev Egor
AIRFLOW_CTX_DAG_ID=SolovevEgor_HW_05_ds_2025
AIRFLOW_CTX_TASK_ID=truncate_tables
AIRFLOW_CTX_EXECUTION_DATE=2025-12-21T20:09:06.831304+00:00
AIRFLOW_CTX_DAG_RUN_ID=manual__2025-12-21T20:09:06.831304+00:00
[2025-12-21 20:09:09,156] {base.py:79} INFO - Using connection to: id: postgresql. Host: postgres, Port: 5432, Schema: postgres, Login: ***, Password: ***, extra: {}
[2025-12-21 20:09:09,161] {dbapi.py:225} INFO - Running statement: truncate table customer, order_items, orders, product;, parameters: None
[2025-12-21 20:09:09,192] {taskinstance.py:1277} INFO - Marking task as SUCCESS. dag_id=SolovevEgor_HW_05_ds_2025, task_id=truncate_tables, execution_date=20251221T200906, start_date=20251221T200908, end_date=20251221T200909
[2025-12-21 20:09:09,244] {local_task_job.py:154} INFO - Task exited with return code 0
[2025-12-21 20:09:09,292] {local_task_job.py:264} INFO - 4 downstream tasks scheduled from follow-on schedule check
