[2025-12-21 18:39:07,974] {taskinstance.py:1032} INFO - Dependencies all met for <TaskInstance: SolovevEgor_HW_05_ds_2025.fill_table__product scheduled__2025-12-21T18:38:41.414499+00:00 [queued]>
[2025-12-21 18:39:08,013] {taskinstance.py:1032} INFO - Dependencies all met for <TaskInstance: SolovevEgor_HW_05_ds_2025.fill_table__product scheduled__2025-12-21T18:38:41.414499+00:00 [queued]>
[2025-12-21 18:39:08,013] {taskinstance.py:1238} INFO - 
--------------------------------------------------------------------------------
[2025-12-21 18:39:08,014] {taskinstance.py:1239} INFO - Starting attempt 1 of 2
[2025-12-21 18:39:08,014] {taskinstance.py:1240} INFO - 
--------------------------------------------------------------------------------
[2025-12-21 18:39:08,072] {taskinstance.py:1259} INFO - Executing <Task(PostgresOperator): fill_table__product> on 2025-12-21 18:38:41.414499+00:00
[2025-12-21 18:39:08,094] {standard_task_runner.py:52} INFO - Started process 8133 to run task
[2025-12-21 18:39:08,105] {standard_task_runner.py:76} INFO - Running: ['***', 'tasks', 'run', 'SolovevEgor_HW_05_ds_2025', 'fill_table__product', 'scheduled__2025-12-21T18:38:41.414499+00:00', '--job-id', '962', '--raw', '--subdir', 'DAGS_FOLDER/SolovevEgor_HW_06_ds_2025.py', '--cfg-path', '/tmp/tmp3u0hq9y8', '--error-file', '/tmp/tmpkx79d7sv']
[2025-12-21 18:39:08,107] {standard_task_runner.py:77} INFO - Job 962: Subtask fill_table__product
[2025-12-21 18:39:08,281] {logging_mixin.py:109} INFO - Running <TaskInstance: SolovevEgor_HW_05_ds_2025.fill_table__product scheduled__2025-12-21T18:38:41.414499+00:00 [running]> on host b97b26732d6a
[2025-12-21 18:39:07,489] {taskinstance.py:1426} INFO - Exporting the following env vars:
AIRFLOW_CTX_DAG_OWNER=Solovev Egor
AIRFLOW_CTX_DAG_ID=SolovevEgor_HW_05_ds_2025
AIRFLOW_CTX_TASK_ID=fill_table__product
AIRFLOW_CTX_EXECUTION_DATE=2025-12-21T18:38:41.414499+00:00
AIRFLOW_CTX_DAG_RUN_ID=scheduled__2025-12-21T18:38:41.414499+00:00
[2025-12-21 18:39:07,525] {base.py:79} INFO - Using connection to: id: postgresql. Host: postgres, Port: 5432, Schema: postgres, Login: ***, Password: ***, extra: {}
[2025-12-21 18:39:07,548] {dbapi.py:225} INFO - Running statement: 
                COPY product FROM '/opt/***/data_files/product.csv'
                DELIMITER ',' CSV HEADER;
        , parameters: None
[2025-12-21 18:39:07,551] {dbapi.py:233} INFO - Rows affected: 190
[2025-12-21 18:39:07,761] {taskinstance.py:1277} INFO - Marking task as SUCCESS. dag_id=SolovevEgor_HW_05_ds_2025, task_id=fill_table__product, execution_date=20251221T183841, start_date=20251221T183907, end_date=20251221T183907
[2025-12-21 18:39:07,871] {local_task_job.py:154} INFO - Task exited with return code 0
[2025-12-21 18:39:08,084] {local_task_job.py:264} INFO - 0 downstream tasks scheduled from follow-on schedule check
