[2025-12-21 20:16:48,303] {taskinstance.py:1032} INFO - Dependencies all met for <TaskInstance: SolovevEgor_HW_05_ds_2025.run_query2 manual__2025-12-21T20:16:44.395038+00:00 [queued]>
[2025-12-21 20:16:48,313] {taskinstance.py:1032} INFO - Dependencies all met for <TaskInstance: SolovevEgor_HW_05_ds_2025.run_query2 manual__2025-12-21T20:16:44.395038+00:00 [queued]>
[2025-12-21 20:16:48,314] {taskinstance.py:1238} INFO - 
--------------------------------------------------------------------------------
[2025-12-21 20:16:48,314] {taskinstance.py:1239} INFO - Starting attempt 1 of 2
[2025-12-21 20:16:48,314] {taskinstance.py:1240} INFO - 
--------------------------------------------------------------------------------
[2025-12-21 20:16:48,325] {taskinstance.py:1259} INFO - Executing <Task(PythonOperator): run_query2> on 2025-12-21 20:16:44.395038+00:00
[2025-12-21 20:16:48,335] {standard_task_runner.py:76} INFO - Running: ['***', 'tasks', 'run', 'SolovevEgor_HW_05_ds_2025', 'run_query2', 'manual__2025-12-21T20:16:44.395038+00:00', '--job-id', '3500', '--raw', '--subdir', 'DAGS_FOLDER/SolovevEgor_HW_06_ds_2025.py', '--cfg-path', '/tmp/tmpqc4uemln', '--error-file', '/tmp/tmpfkyjjwij']
[2025-12-21 20:16:48,336] {standard_task_runner.py:77} INFO - Job 3500: Subtask run_query2
[2025-12-21 20:16:48,331] {standard_task_runner.py:52} INFO - Started process 1030 to run task
[2025-12-21 20:16:48,404] {logging_mixin.py:109} INFO - Running <TaskInstance: SolovevEgor_HW_05_ds_2025.run_query2 manual__2025-12-21T20:16:44.395038+00:00 [running]> on host 6bc1d04857cc
[2025-12-21 20:16:48,467] {taskinstance.py:1426} INFO - Exporting the following env vars:
AIRFLOW_CTX_DAG_OWNER=Solovev Egor
AIRFLOW_CTX_DAG_ID=SolovevEgor_HW_05_ds_2025
AIRFLOW_CTX_TASK_ID=run_query2
AIRFLOW_CTX_EXECUTION_DATE=2025-12-21T20:16:44.395038+00:00
AIRFLOW_CTX_DAG_RUN_ID=manual__2025-12-21T20:16:44.395038+00:00
[2025-12-21 20:16:48,468] {logging_mixin.py:109} INFO - Выполняется запрос query8.sql в 20251221_201648
[2025-12-21 20:16:48,716] {base.py:79} INFO - Using connection to: id: postgresql. Host: postgres, Port: 5432, Schema: postgres, Login: ***, Password: ***, extra: {}
[2025-12-21 20:16:48,760] {python.py:175} INFO - Done. Returned value was: 0
[2025-12-21 20:16:48,782] {taskinstance.py:1277} INFO - Marking task as SUCCESS. dag_id=SolovevEgor_HW_05_ds_2025, task_id=run_query2, execution_date=20251221T201644, start_date=20251221T201648, end_date=20251221T201648
[2025-12-21 20:16:48,836] {local_task_job.py:154} INFO - Task exited with return code 0
[2025-12-21 20:16:48,869] {local_task_job.py:264} INFO - 0 downstream tasks scheduled from follow-on schedule check
