[2025-12-21 17:15:23,500] {taskinstance.py:1032} INFO - Dependencies all met for <TaskInstance: SolovevEgor_HW_05_ds_20259834765986593865.fill_table__orders scheduled__2025-12-20T17:15:10.739199+00:00 [queued]>
[2025-12-21 17:15:23,527] {taskinstance.py:1032} INFO - Dependencies all met for <TaskInstance: SolovevEgor_HW_05_ds_20259834765986593865.fill_table__orders scheduled__2025-12-20T17:15:10.739199+00:00 [queued]>
[2025-12-21 17:15:23,528] {taskinstance.py:1238} INFO - 
--------------------------------------------------------------------------------
[2025-12-21 17:15:23,528] {taskinstance.py:1239} INFO - Starting attempt 1 of 2
[2025-12-21 17:15:23,528] {taskinstance.py:1240} INFO - 
--------------------------------------------------------------------------------
[2025-12-21 17:15:23,553] {taskinstance.py:1259} INFO - Executing <Task(PostgresOperator): fill_table__orders> on 2025-12-20 17:15:10.739199+00:00
[2025-12-21 17:15:23,588] {standard_task_runner.py:76} INFO - Running: ['***', 'tasks', 'run', 'SolovevEgor_HW_05_ds_20259834765986593865', 'fill_table__orders', 'scheduled__2025-12-20T17:15:10.739199+00:00', '--job-id', '239', '--raw', '--subdir', 'DAGS_FOLDER/SolovevEgor_HW_06_ds_2025.py', '--cfg-path', '/tmp/tmpt3hocdju', '--error-file', '/tmp/tmpl45oho0o']
[2025-12-21 17:15:23,590] {standard_task_runner.py:77} INFO - Job 239: Subtask fill_table__orders
[2025-12-21 17:15:23,571] {standard_task_runner.py:52} INFO - Started process 2889 to run task
[2025-12-21 17:15:22,703] {logging_mixin.py:109} INFO - Running <TaskInstance: SolovevEgor_HW_05_ds_20259834765986593865.fill_table__orders scheduled__2025-12-20T17:15:10.739199+00:00 [running]> on host b97b26732d6a
[2025-12-21 17:15:22,823] {taskinstance.py:1426} INFO - Exporting the following env vars:
AIRFLOW_CTX_DAG_OWNER=Solovev Egor
AIRFLOW_CTX_DAG_ID=SolovevEgor_HW_05_ds_20259834765986593865
AIRFLOW_CTX_TASK_ID=fill_table__orders
AIRFLOW_CTX_EXECUTION_DATE=2025-12-20T17:15:10.739199+00:00
AIRFLOW_CTX_DAG_RUN_ID=scheduled__2025-12-20T17:15:10.739199+00:00
[2025-12-21 17:15:22,843] {base.py:79} INFO - Using connection to: id: postgresql. Host: postgres, Port: 5432, Schema: postgres, Login: ***, Password: ***, extra: {}
[2025-12-21 17:15:22,852] {dbapi.py:225} INFO - Running statement: 
                COPY orders FROM '/opt/***/data_files/orders.csv'
                DELIMITER ',' CSV HEADER;
        , parameters: None
[2025-12-21 17:15:22,951] {dbapi.py:233} INFO - Rows affected: 20000
[2025-12-21 17:15:23,031] {taskinstance.py:1277} INFO - Marking task as SUCCESS. dag_id=SolovevEgor_HW_05_ds_20259834765986593865, task_id=fill_table__orders, execution_date=20251220T171510, start_date=20251221T171523, end_date=20251221T171523
[2025-12-21 17:15:23,093] {local_task_job.py:154} INFO - Task exited with return code 0
[2025-12-21 17:15:23,139] {local_task_job.py:264} INFO - 0 downstream tasks scheduled from follow-on schedule check
