[2025-12-21 18:58:08,696] {taskinstance.py:1032} INFO - Dependencies all met for <TaskInstance: SolovevEgor_HW_05_ds_2025.fill_table__orders scheduled__2025-12-21T18:57:42.267669+00:00 [queued]>
[2025-12-21 18:58:08,761] {taskinstance.py:1032} INFO - Dependencies all met for <TaskInstance: SolovevEgor_HW_05_ds_2025.fill_table__orders scheduled__2025-12-21T18:57:42.267669+00:00 [queued]>
[2025-12-21 18:58:08,762] {taskinstance.py:1238} INFO - 
--------------------------------------------------------------------------------
[2025-12-21 18:58:08,762] {taskinstance.py:1239} INFO - Starting attempt 1 of 2
[2025-12-21 18:58:08,763] {taskinstance.py:1240} INFO - 
--------------------------------------------------------------------------------
[2025-12-21 18:58:08,809] {taskinstance.py:1259} INFO - Executing <Task(PostgresOperator): fill_table__orders> on 2025-12-21 18:57:42.267669+00:00
[2025-12-21 18:58:08,826] {standard_task_runner.py:52} INFO - Started process 10217 to run task
[2025-12-21 18:58:08,862] {standard_task_runner.py:76} INFO - Running: ['***', 'tasks', 'run', 'SolovevEgor_HW_05_ds_2025', 'fill_table__orders', 'scheduled__2025-12-21T18:57:42.267669+00:00', '--job-id', '1698', '--raw', '--subdir', 'DAGS_FOLDER/SolovevEgor_HW_06_ds_2025.py', '--cfg-path', '/tmp/tmpvfkwsh3l', '--error-file', '/tmp/tmp0aa4lrep']
[2025-12-21 18:58:08,866] {standard_task_runner.py:77} INFO - Job 1698: Subtask fill_table__orders
[2025-12-21 18:58:09,233] {logging_mixin.py:109} INFO - Running <TaskInstance: SolovevEgor_HW_05_ds_2025.fill_table__orders scheduled__2025-12-21T18:57:42.267669+00:00 [running]> on host b97b26732d6a
[2025-12-21 18:58:09,517] {taskinstance.py:1426} INFO - Exporting the following env vars:
AIRFLOW_CTX_DAG_OWNER=Solovev Egor
AIRFLOW_CTX_DAG_ID=SolovevEgor_HW_05_ds_2025
AIRFLOW_CTX_TASK_ID=fill_table__orders
AIRFLOW_CTX_EXECUTION_DATE=2025-12-21T18:57:42.267669+00:00
AIRFLOW_CTX_DAG_RUN_ID=scheduled__2025-12-21T18:57:42.267669+00:00
[2025-12-21 18:58:09,566] {base.py:79} INFO - Using connection to: id: postgresql. Host: postgres, Port: 5432, Schema: postgres, Login: ***, Password: ***, extra: {}
[2025-12-21 18:58:09,601] {dbapi.py:225} INFO - Running statement: 
                COPY orders FROM '/opt/***/data_files/orders.csv'
                DELIMITER ',' CSV HEADER;
        , parameters: None
[2025-12-21 18:58:09,832] {dbapi.py:233} INFO - Rows affected: 20000
[2025-12-21 18:58:09,992] {taskinstance.py:1277} INFO - Marking task as SUCCESS. dag_id=SolovevEgor_HW_05_ds_2025, task_id=fill_table__orders, execution_date=20251221T185742, start_date=20251221T185808, end_date=20251221T185809
[2025-12-21 18:58:10,138] {local_task_job.py:154} INFO - Task exited with return code 0
[2025-12-21 18:58:10,318] {local_task_job.py:264} INFO - 0 downstream tasks scheduled from follow-on schedule check
