[2025-12-21 19:32:43,816] {taskinstance.py:1032} INFO - Dependencies all met for <TaskInstance: SolovevEgor_HW_05_ds_2025.fill_table__order_items scheduled__2025-12-21T19:32:24.109677+00:00 [queued]>
[2025-12-21 19:32:43,826] {taskinstance.py:1032} INFO - Dependencies all met for <TaskInstance: SolovevEgor_HW_05_ds_2025.fill_table__order_items scheduled__2025-12-21T19:32:24.109677+00:00 [queued]>
[2025-12-21 19:32:43,827] {taskinstance.py:1238} INFO - 
--------------------------------------------------------------------------------
[2025-12-21 19:32:43,827] {taskinstance.py:1239} INFO - Starting attempt 1 of 2
[2025-12-21 19:32:43,827] {taskinstance.py:1240} INFO - 
--------------------------------------------------------------------------------
[2025-12-21 19:32:43,837] {taskinstance.py:1259} INFO - Executing <Task(PostgresOperator): fill_table__order_items> on 2025-12-21 19:32:24.109677+00:00
[2025-12-21 19:32:43,846] {standard_task_runner.py:76} INFO - Running: ['***', 'tasks', 'run', 'SolovevEgor_HW_05_ds_2025', 'fill_table__order_items', 'scheduled__2025-12-21T19:32:24.109677+00:00', '--job-id', '2698', '--raw', '--subdir', 'DAGS_FOLDER/SolovevEgor_HW_06_ds_2025.py', '--cfg-path', '/tmp/tmpy55hep0l', '--error-file', '/tmp/tmphqnutgtm']
[2025-12-21 19:32:43,847] {standard_task_runner.py:77} INFO - Job 2698: Subtask fill_table__order_items
[2025-12-21 19:32:43,842] {standard_task_runner.py:52} INFO - Started process 137 to run task
[2025-12-21 19:32:43,921] {logging_mixin.py:109} INFO - Running <TaskInstance: SolovevEgor_HW_05_ds_2025.fill_table__order_items scheduled__2025-12-21T19:32:24.109677+00:00 [running]> on host 463ff1dff01d
[2025-12-21 19:32:43,991] {taskinstance.py:1426} INFO - Exporting the following env vars:
AIRFLOW_CTX_DAG_OWNER=Solovev Egor
AIRFLOW_CTX_DAG_ID=SolovevEgor_HW_05_ds_2025
AIRFLOW_CTX_TASK_ID=fill_table__order_items
AIRFLOW_CTX_EXECUTION_DATE=2025-12-21T19:32:24.109677+00:00
AIRFLOW_CTX_DAG_RUN_ID=scheduled__2025-12-21T19:32:24.109677+00:00
[2025-12-21 19:32:44,002] {base.py:79} INFO - Using connection to: id: postgresql. Host: postgres, Port: 5432, Schema: postgres, Login: ***, Password: ***, extra: {}
[2025-12-21 19:32:44,008] {dbapi.py:225} INFO - Running statement: 
                COPY order_items FROM '/opt/***/data_files/order_items.csv'
                DELIMITER ',' CSV HEADER;
        , parameters: None
[2025-12-21 19:32:44,089] {dbapi.py:233} INFO - Rows affected: 20000
[2025-12-21 19:32:44,110] {taskinstance.py:1277} INFO - Marking task as SUCCESS. dag_id=SolovevEgor_HW_05_ds_2025, task_id=fill_table__order_items, execution_date=20251221T193224, start_date=20251221T193243, end_date=20251221T193244
[2025-12-21 19:32:44,145] {local_task_job.py:154} INFO - Task exited with return code 0
[2025-12-21 19:32:44,203] {local_task_job.py:264} INFO - 0 downstream tasks scheduled from follow-on schedule check
