[2025-12-21 20:02:10,033] {taskinstance.py:1032} INFO - Dependencies all met for <TaskInstance: SolovevEgor_HW_05_ds_2025.fill_table__orders scheduled__2025-12-21T20:01:49.873629+00:00 [queued]>
[2025-12-21 20:02:10,057] {taskinstance.py:1032} INFO - Dependencies all met for <TaskInstance: SolovevEgor_HW_05_ds_2025.fill_table__orders scheduled__2025-12-21T20:01:49.873629+00:00 [queued]>
[2025-12-21 20:02:10,057] {taskinstance.py:1238} INFO - 
--------------------------------------------------------------------------------
[2025-12-21 20:02:10,057] {taskinstance.py:1239} INFO - Starting attempt 1 of 2
[2025-12-21 20:02:10,057] {taskinstance.py:1240} INFO - 
--------------------------------------------------------------------------------
[2025-12-21 20:02:10,078] {taskinstance.py:1259} INFO - Executing <Task(PostgresOperator): fill_table__orders> on 2025-12-21 20:01:49.873629+00:00
[2025-12-21 20:02:10,101] {standard_task_runner.py:76} INFO - Running: ['***', 'tasks', 'run', 'SolovevEgor_HW_05_ds_2025', 'fill_table__orders', 'scheduled__2025-12-21T20:01:49.873629+00:00', '--job-id', '3436', '--raw', '--subdir', 'DAGS_FOLDER/SolovevEgor_HW_06_ds_2025.py', '--cfg-path', '/tmp/tmp99sdk4if', '--error-file', '/tmp/tmpjh3odz1_']
[2025-12-21 20:02:10,104] {standard_task_runner.py:77} INFO - Job 3436: Subtask fill_table__orders
[2025-12-21 20:02:10,092] {standard_task_runner.py:52} INFO - Started process 212 to run task
[2025-12-21 20:02:10,243] {logging_mixin.py:109} INFO - Running <TaskInstance: SolovevEgor_HW_05_ds_2025.fill_table__orders scheduled__2025-12-21T20:01:49.873629+00:00 [running]> on host 6bc1d04857cc
[2025-12-21 20:02:10,386] {taskinstance.py:1426} INFO - Exporting the following env vars:
AIRFLOW_CTX_DAG_OWNER=Solovev Egor
AIRFLOW_CTX_DAG_ID=SolovevEgor_HW_05_ds_2025
AIRFLOW_CTX_TASK_ID=fill_table__orders
AIRFLOW_CTX_EXECUTION_DATE=2025-12-21T20:01:49.873629+00:00
AIRFLOW_CTX_DAG_RUN_ID=scheduled__2025-12-21T20:01:49.873629+00:00
[2025-12-21 20:02:10,406] {base.py:79} INFO - Using connection to: id: postgresql. Host: postgres, Port: 5432, Schema: postgres, Login: ***, Password: ***, extra: {}
[2025-12-21 20:02:10,422] {dbapi.py:225} INFO - Running statement: 
                COPY orders FROM '/opt/***/data_files/orders.csv'
                DELIMITER ',' CSV HEADER;
        , parameters: None
[2025-12-21 20:02:10,622] {dbapi.py:233} INFO - Rows affected: 20000
[2025-12-21 20:02:10,690] {taskinstance.py:1277} INFO - Marking task as SUCCESS. dag_id=SolovevEgor_HW_05_ds_2025, task_id=fill_table__orders, execution_date=20251221T200149, start_date=20251221T200210, end_date=20251221T200210
[2025-12-21 20:02:10,771] {local_task_job.py:154} INFO - Task exited with return code 0
[2025-12-21 20:02:10,940] {local_task_job.py:264} INFO - 2 downstream tasks scheduled from follow-on schedule check
