[2025-12-21 18:31:24,588] {taskinstance.py:1032} INFO - Dependencies all met for <TaskInstance: SolovevEgor_HW_05_ds_2025.fill_table__order_items scheduled__2025-12-21T18:31:02.061112+00:00 [queued]>
[2025-12-21 18:31:24,614] {taskinstance.py:1032} INFO - Dependencies all met for <TaskInstance: SolovevEgor_HW_05_ds_2025.fill_table__order_items scheduled__2025-12-21T18:31:02.061112+00:00 [queued]>
[2025-12-21 18:31:24,614] {taskinstance.py:1238} INFO - 
--------------------------------------------------------------------------------
[2025-12-21 18:31:24,614] {taskinstance.py:1239} INFO - Starting attempt 1 of 2
[2025-12-21 18:31:24,615] {taskinstance.py:1240} INFO - 
--------------------------------------------------------------------------------
[2025-12-21 18:31:24,665] {taskinstance.py:1259} INFO - Executing <Task(PostgresOperator): fill_table__order_items> on 2025-12-21 18:31:02.061112+00:00
[2025-12-21 18:31:24,686] {standard_task_runner.py:52} INFO - Started process 7312 to run task
[2025-12-21 18:31:24,696] {standard_task_runner.py:76} INFO - Running: ['***', 'tasks', 'run', 'SolovevEgor_HW_05_ds_2025', 'fill_table__order_items', 'scheduled__2025-12-21T18:31:02.061112+00:00', '--job-id', '680', '--raw', '--subdir', 'DAGS_FOLDER/SolovevEgor_HW_06_ds_2025.py', '--cfg-path', '/tmp/tmp8htd8ssh', '--error-file', '/tmp/tmp93ek9svj']
[2025-12-21 18:31:24,698] {standard_task_runner.py:77} INFO - Job 680: Subtask fill_table__order_items
[2025-12-21 18:31:24,857] {logging_mixin.py:109} INFO - Running <TaskInstance: SolovevEgor_HW_05_ds_2025.fill_table__order_items scheduled__2025-12-21T18:31:02.061112+00:00 [running]> on host b97b26732d6a
[2025-12-21 18:31:25,030] {taskinstance.py:1426} INFO - Exporting the following env vars:
AIRFLOW_CTX_DAG_OWNER=Solovev Egor
AIRFLOW_CTX_DAG_ID=SolovevEgor_HW_05_ds_2025
AIRFLOW_CTX_TASK_ID=fill_table__order_items
AIRFLOW_CTX_EXECUTION_DATE=2025-12-21T18:31:02.061112+00:00
AIRFLOW_CTX_DAG_RUN_ID=scheduled__2025-12-21T18:31:02.061112+00:00
[2025-12-21 18:31:25,052] {base.py:79} INFO - Using connection to: id: postgresql. Host: postgres, Port: 5432, Schema: postgres, Login: ***, Password: ***, extra: {}
[2025-12-21 18:31:25,065] {dbapi.py:225} INFO - Running statement: 
                COPY order_items FROM '/opt/***/data_files/order_items.csv'
                DELIMITER ',' CSV HEADER;
        , parameters: None
[2025-12-21 18:31:25,244] {dbapi.py:233} INFO - Rows affected: 20000
[2025-12-21 18:31:25,316] {taskinstance.py:1277} INFO - Marking task as SUCCESS. dag_id=SolovevEgor_HW_05_ds_2025, task_id=fill_table__order_items, execution_date=20251221T183102, start_date=20251221T183124, end_date=20251221T183125
[2025-12-21 18:31:25,371] {local_task_job.py:154} INFO - Task exited with return code 0
[2025-12-21 18:31:25,503] {local_task_job.py:264} INFO - 0 downstream tasks scheduled from follow-on schedule check
