[2025-12-21 15:59:47,773] {taskinstance.py:1032} INFO - Dependencies all met for <TaskInstance: HomeWork6.fill_table__product manual__2025-12-21T15:54:44.533486+00:00 [queued]>
[2025-12-21 15:59:47,786] {taskinstance.py:1032} INFO - Dependencies all met for <TaskInstance: HomeWork6.fill_table__product manual__2025-12-21T15:54:44.533486+00:00 [queued]>
[2025-12-21 15:59:47,787] {taskinstance.py:1238} INFO - 
--------------------------------------------------------------------------------
[2025-12-21 15:59:47,787] {taskinstance.py:1239} INFO - Starting attempt 2 of 2
[2025-12-21 15:59:47,787] {taskinstance.py:1240} INFO - 
--------------------------------------------------------------------------------
[2025-12-21 15:59:47,796] {taskinstance.py:1259} INFO - Executing <Task(PostgresOperator): fill_table__product> on 2025-12-21 15:54:44.533486+00:00
[2025-12-21 15:59:47,804] {standard_task_runner.py:52} INFO - Started process 2550 to run task
[2025-12-21 15:59:47,808] {standard_task_runner.py:76} INFO - Running: ['***', 'tasks', 'run', 'HomeWork6', 'fill_table__product', 'manual__2025-12-21T15:54:44.533486+00:00', '--job-id', '165', '--raw', '--subdir', 'DAGS_FOLDER/HomeWork6.py', '--cfg-path', '/tmp/tmpox5vwcft', '--error-file', '/tmp/tmphetf05bs']
[2025-12-21 15:59:47,808] {standard_task_runner.py:77} INFO - Job 165: Subtask fill_table__product
[2025-12-21 15:59:47,871] {logging_mixin.py:109} INFO - Running <TaskInstance: HomeWork6.fill_table__product manual__2025-12-21T15:54:44.533486+00:00 [running]> on host ee9896260e3b
[2025-12-21 15:59:47,934] {taskinstance.py:1426} INFO - Exporting the following env vars:
AIRFLOW_CTX_DAG_OWNER=Solovev Egor
AIRFLOW_CTX_DAG_ID=HomeWork6
AIRFLOW_CTX_TASK_ID=fill_table__product
AIRFLOW_CTX_EXECUTION_DATE=2025-12-21T15:54:44.533486+00:00
AIRFLOW_CTX_DAG_RUN_ID=manual__2025-12-21T15:54:44.533486+00:00
[2025-12-21 15:59:47,944] {base.py:79} INFO - Using connection to: id: postgresql. Host: postgres, Port: 5432, Schema: postgres, Login: ***, Password: ***, extra: {}
[2025-12-21 15:59:47,949] {dbapi.py:225} INFO - Running statement: 
                COPY product FROM '/opt/***/data_files/product.csv'
                DELIMITER ',' CSV HEADER;
        , parameters: None
[2025-12-21 15:59:47,950] {dbapi.py:233} INFO - Rows affected: 190
[2025-12-21 15:59:47,964] {taskinstance.py:1277} INFO - Marking task as SUCCESS. dag_id=HomeWork6, task_id=fill_table__product, execution_date=20251221T155444, start_date=20251221T155947, end_date=20251221T155947
[2025-12-21 15:59:47,980] {local_task_job.py:154} INFO - Task exited with return code 0
[2025-12-21 15:59:48,019] {local_task_job.py:264} INFO - 0 downstream tasks scheduled from follow-on schedule check
