[2025-12-21 18:59:46,514] {taskinstance.py:1032} INFO - Dependencies all met for <TaskInstance: SolovevEgor_HW_05_ds_2025.fill_table__order_items scheduled__2025-12-21T18:59:23.858510+00:00 [queued]>
[2025-12-21 18:59:46,537] {taskinstance.py:1032} INFO - Dependencies all met for <TaskInstance: SolovevEgor_HW_05_ds_2025.fill_table__order_items scheduled__2025-12-21T18:59:23.858510+00:00 [queued]>
[2025-12-21 18:59:46,537] {taskinstance.py:1238} INFO - 
--------------------------------------------------------------------------------
[2025-12-21 18:59:46,537] {taskinstance.py:1239} INFO - Starting attempt 1 of 2
[2025-12-21 18:59:46,537] {taskinstance.py:1240} INFO - 
--------------------------------------------------------------------------------
[2025-12-21 18:59:46,565] {taskinstance.py:1259} INFO - Executing <Task(PostgresOperator): fill_table__order_items> on 2025-12-21 18:59:23.858510+00:00
[2025-12-21 18:59:46,596] {standard_task_runner.py:76} INFO - Running: ['***', 'tasks', 'run', 'SolovevEgor_HW_05_ds_2025', 'fill_table__order_items', 'scheduled__2025-12-21T18:59:23.858510+00:00', '--job-id', '1773', '--raw', '--subdir', 'DAGS_FOLDER/SolovevEgor_HW_06_ds_2025.py', '--cfg-path', '/tmp/tmpxoacp142', '--error-file', '/tmp/tmprrw0a1md']
[2025-12-21 18:59:46,598] {standard_task_runner.py:77} INFO - Job 1773: Subtask fill_table__order_items
[2025-12-21 18:59:46,583] {standard_task_runner.py:52} INFO - Started process 10418 to run task
[2025-12-21 18:59:46,771] {logging_mixin.py:109} INFO - Running <TaskInstance: SolovevEgor_HW_05_ds_2025.fill_table__order_items scheduled__2025-12-21T18:59:23.858510+00:00 [running]> on host b97b26732d6a
[2025-12-21 18:59:46,933] {taskinstance.py:1426} INFO - Exporting the following env vars:
AIRFLOW_CTX_DAG_OWNER=Solovev Egor
AIRFLOW_CTX_DAG_ID=SolovevEgor_HW_05_ds_2025
AIRFLOW_CTX_TASK_ID=fill_table__order_items
AIRFLOW_CTX_EXECUTION_DATE=2025-12-21T18:59:23.858510+00:00
AIRFLOW_CTX_DAG_RUN_ID=scheduled__2025-12-21T18:59:23.858510+00:00
[2025-12-21 18:59:46,961] {base.py:79} INFO - Using connection to: id: postgresql. Host: postgres, Port: 5432, Schema: postgres, Login: ***, Password: ***, extra: {}
[2025-12-21 18:59:46,969] {dbapi.py:225} INFO - Running statement: 
                COPY order_items FROM '/opt/***/data_files/order_items.csv'
                DELIMITER ',' CSV HEADER;
        , parameters: None
[2025-12-21 18:59:47,089] {dbapi.py:233} INFO - Rows affected: 20000
[2025-12-21 18:59:47,192] {taskinstance.py:1277} INFO - Marking task as SUCCESS. dag_id=SolovevEgor_HW_05_ds_2025, task_id=fill_table__order_items, execution_date=20251221T185923, start_date=20251221T185946, end_date=20251221T185947
[2025-12-21 18:59:47,266] {local_task_job.py:154} INFO - Task exited with return code 0
[2025-12-21 18:59:47,404] {local_task_job.py:264} INFO - 2 downstream tasks scheduled from follow-on schedule check
