[2025-12-21 20:09:10,787] {taskinstance.py:1032} INFO - Dependencies all met for <TaskInstance: SolovevEgor_HW_05_ds_2025.run_query1 manual__2025-12-21T20:09:06.831304+00:00 [queued]>
[2025-12-21 20:09:10,797] {taskinstance.py:1032} INFO - Dependencies all met for <TaskInstance: SolovevEgor_HW_05_ds_2025.run_query1 manual__2025-12-21T20:09:06.831304+00:00 [queued]>
[2025-12-21 20:09:10,797] {taskinstance.py:1238} INFO - 
--------------------------------------------------------------------------------
[2025-12-21 20:09:10,798] {taskinstance.py:1239} INFO - Starting attempt 1 of 2
[2025-12-21 20:09:10,798] {taskinstance.py:1240} INFO - 
--------------------------------------------------------------------------------
[2025-12-21 20:09:10,817] {taskinstance.py:1259} INFO - Executing <Task(PythonOperator): run_query1> on 2025-12-21 20:09:06.831304+00:00
[2025-12-21 20:09:10,827] {standard_task_runner.py:76} INFO - Running: ['***', 'tasks', 'run', 'SolovevEgor_HW_05_ds_2025', 'run_query1', 'manual__2025-12-21T20:09:06.831304+00:00', '--job-id', '3477', '--raw', '--subdir', 'DAGS_FOLDER/SolovevEgor_HW_06_ds_2025.py', '--cfg-path', '/tmp/tmptsoidip5', '--error-file', '/tmp/tmpo1sjki3j']
[2025-12-21 20:09:10,828] {standard_task_runner.py:77} INFO - Job 3477: Subtask run_query1
[2025-12-21 20:09:10,822] {standard_task_runner.py:52} INFO - Started process 620 to run task
[2025-12-21 20:09:10,892] {logging_mixin.py:109} INFO - Running <TaskInstance: SolovevEgor_HW_05_ds_2025.run_query1 manual__2025-12-21T20:09:06.831304+00:00 [running]> on host 6bc1d04857cc
[2025-12-21 20:09:10,950] {taskinstance.py:1426} INFO - Exporting the following env vars:
AIRFLOW_CTX_DAG_OWNER=Solovev Egor
AIRFLOW_CTX_DAG_ID=SolovevEgor_HW_05_ds_2025
AIRFLOW_CTX_TASK_ID=run_query1
AIRFLOW_CTX_EXECUTION_DATE=2025-12-21T20:09:06.831304+00:00
AIRFLOW_CTX_DAG_RUN_ID=manual__2025-12-21T20:09:06.831304+00:00
[2025-12-21 20:09:10,951] {logging_mixin.py:109} INFO - Выполняется запрос query5.sql в 20251221_200910
[2025-12-21 20:09:11,337] {base.py:79} INFO - Using connection to: id: postgresql. Host: postgres, Port: 5432, Schema: postgres, Login: ***, Password: ***, extra: {}
[2025-12-21 20:09:11,392] {python.py:175} INFO - Done. Returned value was: 0
[2025-12-21 20:09:11,431] {taskinstance.py:1277} INFO - Marking task as SUCCESS. dag_id=SolovevEgor_HW_05_ds_2025, task_id=run_query1, execution_date=20251221T200906, start_date=20251221T200910, end_date=20251221T200911
[2025-12-21 20:09:11,489] {local_task_job.py:154} INFO - Task exited with return code 0
[2025-12-21 20:09:11,521] {local_task_job.py:264} INFO - 0 downstream tasks scheduled from follow-on schedule check
