[2025-12-21 19:26:33,293] {taskinstance.py:1032} INFO - Dependencies all met for <TaskInstance: SolovevEgor_HW_05_ds_2025.fill_table__product scheduled__2025-12-21T19:26:14.431821+00:00 [queued]>
[2025-12-21 19:26:33,318] {taskinstance.py:1032} INFO - Dependencies all met for <TaskInstance: SolovevEgor_HW_05_ds_2025.fill_table__product scheduled__2025-12-21T19:26:14.431821+00:00 [queued]>
[2025-12-21 19:26:33,319] {taskinstance.py:1238} INFO - 
--------------------------------------------------------------------------------
[2025-12-21 19:26:33,320] {taskinstance.py:1239} INFO - Starting attempt 1 of 2
[2025-12-21 19:26:33,320] {taskinstance.py:1240} INFO - 
--------------------------------------------------------------------------------
[2025-12-21 19:26:33,347] {taskinstance.py:1259} INFO - Executing <Task(PostgresOperator): fill_table__product> on 2025-12-21 19:26:14.431821+00:00
[2025-12-21 19:26:33,366] {standard_task_runner.py:76} INFO - Running: ['***', 'tasks', 'run', 'SolovevEgor_HW_05_ds_2025', 'fill_table__product', 'scheduled__2025-12-21T19:26:14.431821+00:00', '--job-id', '2558', '--raw', '--subdir', 'DAGS_FOLDER/SolovevEgor_HW_06_ds_2025.py', '--cfg-path', '/tmp/tmpc5daohn7', '--error-file', '/tmp/tmpyjpmxoo2']
[2025-12-21 19:26:33,367] {standard_task_runner.py:77} INFO - Job 2558: Subtask fill_table__product
[2025-12-21 19:26:33,357] {standard_task_runner.py:52} INFO - Started process 173 to run task
[2025-12-21 19:26:33,488] {logging_mixin.py:109} INFO - Running <TaskInstance: SolovevEgor_HW_05_ds_2025.fill_table__product scheduled__2025-12-21T19:26:14.431821+00:00 [running]> on host 6e44f93f8024
[2025-12-21 19:26:33,590] {taskinstance.py:1426} INFO - Exporting the following env vars:
AIRFLOW_CTX_DAG_OWNER=Solovev Egor
AIRFLOW_CTX_DAG_ID=SolovevEgor_HW_05_ds_2025
AIRFLOW_CTX_TASK_ID=fill_table__product
AIRFLOW_CTX_EXECUTION_DATE=2025-12-21T19:26:14.431821+00:00
AIRFLOW_CTX_DAG_RUN_ID=scheduled__2025-12-21T19:26:14.431821+00:00
[2025-12-21 19:26:33,604] {base.py:79} INFO - Using connection to: id: postgresql. Host: postgres, Port: 5432, Schema: postgres, Login: ***, Password: ***, extra: {}
[2025-12-21 19:26:33,611] {dbapi.py:225} INFO - Running statement: 
                COPY product FROM '/opt/***/data_files/product.csv'
                DELIMITER ',' CSV HEADER;
        , parameters: None
[2025-12-21 19:26:33,613] {dbapi.py:233} INFO - Rows affected: 190
[2025-12-21 19:26:33,680] {taskinstance.py:1277} INFO - Marking task as SUCCESS. dag_id=SolovevEgor_HW_05_ds_2025, task_id=fill_table__product, execution_date=20251221T192614, start_date=20251221T192633, end_date=20251221T192633
[2025-12-21 19:26:33,760] {local_task_job.py:154} INFO - Task exited with return code 0
[2025-12-21 19:26:33,820] {local_task_job.py:264} INFO - 0 downstream tasks scheduled from follow-on schedule check
