[2025-12-21 18:11:21,923] {taskinstance.py:1032} INFO - Dependencies all met for <TaskInstance: SolovevEgor_HW_05_ds_2025.fill_table__orders manual__2025-12-21T18:11:17.849601+00:00 [queued]>
[2025-12-21 18:11:21,936] {taskinstance.py:1032} INFO - Dependencies all met for <TaskInstance: SolovevEgor_HW_05_ds_2025.fill_table__orders manual__2025-12-21T18:11:17.849601+00:00 [queued]>
[2025-12-21 18:11:21,936] {taskinstance.py:1238} INFO - 
--------------------------------------------------------------------------------
[2025-12-21 18:11:21,936] {taskinstance.py:1239} INFO - Starting attempt 1 of 2
[2025-12-21 18:11:21,936] {taskinstance.py:1240} INFO - 
--------------------------------------------------------------------------------
[2025-12-21 18:11:21,949] {taskinstance.py:1259} INFO - Executing <Task(PostgresOperator): fill_table__orders> on 2025-12-21 18:11:17.849601+00:00
[2025-12-21 18:11:21,955] {standard_task_runner.py:52} INFO - Started process 5879 to run task
[2025-12-21 18:11:21,959] {standard_task_runner.py:76} INFO - Running: ['***', 'tasks', 'run', 'SolovevEgor_HW_05_ds_2025', 'fill_table__orders', 'manual__2025-12-21T18:11:17.849601+00:00', '--job-id', '384', '--raw', '--subdir', 'DAGS_FOLDER/SolovevEgor_HW_06_ds_2025.py', '--cfg-path', '/tmp/tmpfby3gdtc', '--error-file', '/tmp/tmp0p9y128g']
[2025-12-21 18:11:21,960] {standard_task_runner.py:77} INFO - Job 384: Subtask fill_table__orders
[2025-12-21 18:11:22,027] {logging_mixin.py:109} INFO - Running <TaskInstance: SolovevEgor_HW_05_ds_2025.fill_table__orders manual__2025-12-21T18:11:17.849601+00:00 [running]> on host b97b26732d6a
[2025-12-21 18:11:22,103] {taskinstance.py:1426} INFO - Exporting the following env vars:
AIRFLOW_CTX_DAG_OWNER=Solovev Egor
AIRFLOW_CTX_DAG_ID=SolovevEgor_HW_05_ds_2025
AIRFLOW_CTX_TASK_ID=fill_table__orders
AIRFLOW_CTX_EXECUTION_DATE=2025-12-21T18:11:17.849601+00:00
AIRFLOW_CTX_DAG_RUN_ID=manual__2025-12-21T18:11:17.849601+00:00
[2025-12-21 18:11:22,111] {base.py:79} INFO - Using connection to: id: postgresql. Host: postgres, Port: 5432, Schema: postgres, Login: ***, Password: ***, extra: {}
[2025-12-21 18:11:22,115] {dbapi.py:225} INFO - Running statement: 
                COPY orders FROM '/opt/***/data_files/orders.csv'
                DELIMITER ',' CSV HEADER;
        , parameters: None
[2025-12-21 18:11:22,169] {dbapi.py:233} INFO - Rows affected: 20000
[2025-12-21 18:11:22,182] {taskinstance.py:1277} INFO - Marking task as SUCCESS. dag_id=SolovevEgor_HW_05_ds_2025, task_id=fill_table__orders, execution_date=20251221T181117, start_date=20251221T181121, end_date=20251221T181122
[2025-12-21 18:11:22,213] {local_task_job.py:154} INFO - Task exited with return code 0
[2025-12-21 18:11:22,244] {local_task_job.py:264} INFO - 2 downstream tasks scheduled from follow-on schedule check
