[2025-12-21 18:53:15,586] {taskinstance.py:1032} INFO - Dependencies all met for <TaskInstance: SolovevEgor_HW_05_ds_2025.run_query1 scheduled__2025-12-21T18:52:40.650007+00:00 [queued]>
[2025-12-21 18:53:15,636] {taskinstance.py:1032} INFO - Dependencies all met for <TaskInstance: SolovevEgor_HW_05_ds_2025.run_query1 scheduled__2025-12-21T18:52:40.650007+00:00 [queued]>
[2025-12-21 18:53:15,637] {taskinstance.py:1238} INFO - 
--------------------------------------------------------------------------------
[2025-12-21 18:53:15,637] {taskinstance.py:1239} INFO - Starting attempt 1 of 2
[2025-12-21 18:53:15,638] {taskinstance.py:1240} INFO - 
--------------------------------------------------------------------------------
[2025-12-21 18:53:15,687] {taskinstance.py:1259} INFO - Executing <Task(PythonOperator): run_query1> on 2025-12-21 18:52:40.650007+00:00
[2025-12-21 18:53:15,706] {standard_task_runner.py:52} INFO - Started process 9656 to run task
[2025-12-21 18:53:15,732] {standard_task_runner.py:76} INFO - Running: ['***', 'tasks', 'run', 'SolovevEgor_HW_05_ds_2025', 'run_query1', 'scheduled__2025-12-21T18:52:40.650007+00:00', '--job-id', '1493', '--raw', '--subdir', 'DAGS_FOLDER/SolovevEgor_HW_06_ds_2025.py', '--cfg-path', '/tmp/tmpvp_cf8zw', '--error-file', '/tmp/tmp3jx_pyse']
[2025-12-21 18:53:15,734] {standard_task_runner.py:77} INFO - Job 1493: Subtask run_query1
[2025-12-21 18:53:16,024] {logging_mixin.py:109} INFO - Running <TaskInstance: SolovevEgor_HW_05_ds_2025.run_query1 scheduled__2025-12-21T18:52:40.650007+00:00 [running]> on host b97b26732d6a
[2025-12-21 18:53:16,401] {taskinstance.py:1426} INFO - Exporting the following env vars:
AIRFLOW_CTX_DAG_OWNER=Solovev Egor
AIRFLOW_CTX_DAG_ID=SolovevEgor_HW_05_ds_2025
AIRFLOW_CTX_TASK_ID=run_query1
AIRFLOW_CTX_EXECUTION_DATE=2025-12-21T18:52:40.650007+00:00
AIRFLOW_CTX_DAG_RUN_ID=scheduled__2025-12-21T18:52:40.650007+00:00
[2025-12-21 18:53:17,610] {base.py:79} INFO - Using connection to: id: postgresql. Host: postgres, Port: 5432, Schema: postgres, Login: ***, Password: ***, extra: {}
[2025-12-21 18:53:17,745] {python.py:175} INFO - Done. Returned value was: None
[2025-12-21 18:53:17,817] {taskinstance.py:1277} INFO - Marking task as SUCCESS. dag_id=SolovevEgor_HW_05_ds_2025, task_id=run_query1, execution_date=20251221T185240, start_date=20251221T185315, end_date=20251221T185317
[2025-12-21 18:53:17,920] {local_task_job.py:154} INFO - Task exited with return code 0
[2025-12-21 18:53:18,070] {local_task_job.py:264} INFO - 0 downstream tasks scheduled from follow-on schedule check
