[2025-12-21 19:57:10,399] {taskinstance.py:1032} INFO - Dependencies all met for <TaskInstance: SolovevEgor_HW_05_ds_2025.fill_table__customer scheduled__2025-12-21T19:56:46.534496+00:00 [queued]>
[2025-12-21 19:57:10,436] {taskinstance.py:1032} INFO - Dependencies all met for <TaskInstance: SolovevEgor_HW_05_ds_2025.fill_table__customer scheduled__2025-12-21T19:56:46.534496+00:00 [queued]>
[2025-12-21 19:57:10,436] {taskinstance.py:1238} INFO - 
--------------------------------------------------------------------------------
[2025-12-21 19:57:10,436] {taskinstance.py:1239} INFO - Starting attempt 1 of 2
[2025-12-21 19:57:10,437] {taskinstance.py:1240} INFO - 
--------------------------------------------------------------------------------
[2025-12-21 19:57:10,455] {taskinstance.py:1259} INFO - Executing <Task(PostgresOperator): fill_table__customer> on 2025-12-21 19:56:46.534496+00:00
[2025-12-21 19:57:10,468] {standard_task_runner.py:76} INFO - Running: ['***', 'tasks', 'run', 'SolovevEgor_HW_05_ds_2025', 'fill_table__customer', 'scheduled__2025-12-21T19:56:46.534496+00:00', '--job-id', '3336', '--raw', '--subdir', 'DAGS_FOLDER/SolovevEgor_HW_06_ds_2025.py', '--cfg-path', '/tmp/tmp2yrhqhw9', '--error-file', '/tmp/tmpbhuz_rwn']
[2025-12-21 19:57:10,470] {standard_task_runner.py:77} INFO - Job 3336: Subtask fill_table__customer
[2025-12-21 19:57:10,462] {standard_task_runner.py:52} INFO - Started process 941 to run task
[2025-12-21 19:57:10,584] {logging_mixin.py:109} INFO - Running <TaskInstance: SolovevEgor_HW_05_ds_2025.fill_table__customer scheduled__2025-12-21T19:56:46.534496+00:00 [running]> on host f4f0113aed8c
[2025-12-21 19:57:10,697] {taskinstance.py:1426} INFO - Exporting the following env vars:
AIRFLOW_CTX_DAG_OWNER=Solovev Egor
AIRFLOW_CTX_DAG_ID=SolovevEgor_HW_05_ds_2025
AIRFLOW_CTX_TASK_ID=fill_table__customer
AIRFLOW_CTX_EXECUTION_DATE=2025-12-21T19:56:46.534496+00:00
AIRFLOW_CTX_DAG_RUN_ID=scheduled__2025-12-21T19:56:46.534496+00:00
[2025-12-21 19:57:10,721] {base.py:79} INFO - Using connection to: id: postgresql. Host: postgres, Port: 5432, Schema: postgres, Login: ***, Password: ***, extra: {}
[2025-12-21 19:57:10,727] {dbapi.py:225} INFO - Running statement: 
                COPY customer FROM '/opt/***/data_files/customer.csv'
                DELIMITER ';' CSV HEADER;
        , parameters: None
[2025-12-21 19:57:10,754] {dbapi.py:233} INFO - Rows affected: 4000
[2025-12-21 19:57:10,786] {taskinstance.py:1277} INFO - Marking task as SUCCESS. dag_id=SolovevEgor_HW_05_ds_2025, task_id=fill_table__customer, execution_date=20251221T195646, start_date=20251221T195710, end_date=20251221T195710
[2025-12-21 19:57:10,814] {local_task_job.py:154} INFO - Task exited with return code 0
[2025-12-21 19:57:10,878] {local_task_job.py:264} INFO - 0 downstream tasks scheduled from follow-on schedule check
