[2025-12-21 19:00:48,436] {taskinstance.py:1032} INFO - Dependencies all met for <TaskInstance: SolovevEgor_HW_05_ds_2025.run_query1 scheduled__2025-12-21T19:00:23.858510+00:00 [queued]>
[2025-12-21 19:00:48,465] {taskinstance.py:1032} INFO - Dependencies all met for <TaskInstance: SolovevEgor_HW_05_ds_2025.run_query1 scheduled__2025-12-21T19:00:23.858510+00:00 [queued]>
[2025-12-21 19:00:48,465] {taskinstance.py:1238} INFO - 
--------------------------------------------------------------------------------
[2025-12-21 19:00:48,466] {taskinstance.py:1239} INFO - Starting attempt 1 of 2
[2025-12-21 19:00:48,466] {taskinstance.py:1240} INFO - 
--------------------------------------------------------------------------------
[2025-12-21 19:00:48,495] {taskinstance.py:1259} INFO - Executing <Task(PythonOperator): run_query1> on 2025-12-21 19:00:23.858510+00:00
[2025-12-21 19:00:48,518] {standard_task_runner.py:76} INFO - Running: ['***', 'tasks', 'run', 'SolovevEgor_HW_05_ds_2025', 'run_query1', 'scheduled__2025-12-21T19:00:23.858510+00:00', '--job-id', '1809', '--raw', '--subdir', 'DAGS_FOLDER/SolovevEgor_HW_06_ds_2025.py', '--cfg-path', '/tmp/tmp52qi4xoh', '--error-file', '/tmp/tmp3o6ht0k3']
[2025-12-21 19:00:48,519] {standard_task_runner.py:77} INFO - Job 1809: Subtask run_query1
[2025-12-21 19:00:48,510] {standard_task_runner.py:52} INFO - Started process 10519 to run task
[2025-12-21 19:00:48,607] {logging_mixin.py:109} INFO - Running <TaskInstance: SolovevEgor_HW_05_ds_2025.run_query1 scheduled__2025-12-21T19:00:23.858510+00:00 [running]> on host b97b26732d6a
[2025-12-21 19:00:48,718] {taskinstance.py:1426} INFO - Exporting the following env vars:
AIRFLOW_CTX_DAG_OWNER=Solovev Egor
AIRFLOW_CTX_DAG_ID=SolovevEgor_HW_05_ds_2025
AIRFLOW_CTX_TASK_ID=run_query1
AIRFLOW_CTX_EXECUTION_DATE=2025-12-21T19:00:23.858510+00:00
AIRFLOW_CTX_DAG_RUN_ID=scheduled__2025-12-21T19:00:23.858510+00:00
[2025-12-21 19:00:48,719] {logging_mixin.py:109} INFO - Вот мой DF!
[2025-12-21 19:00:49,581] {base.py:79} INFO - Using connection to: id: postgresql. Host: postgres, Port: 5432, Schema: postgres, Login: ***, Password: ***, extra: {}
[2025-12-21 19:00:49,729] {python.py:175} INFO - Done. Returned value was: 0
[2025-12-21 19:00:49,985] {taskinstance.py:1277} INFO - Marking task as SUCCESS. dag_id=SolovevEgor_HW_05_ds_2025, task_id=run_query1, execution_date=20251221T190023, start_date=20251221T190048, end_date=20251221T190049
[2025-12-21 19:00:50,084] {local_task_job.py:154} INFO - Task exited with return code 0
[2025-12-21 19:00:50,192] {local_task_job.py:264} INFO - 0 downstream tasks scheduled from follow-on schedule check
