[2025-12-21 20:02:13,019] {taskinstance.py:1032} INFO - Dependencies all met for <TaskInstance: SolovevEgor_HW_05_ds_2025.run_query1 scheduled__2025-12-21T20:01:49.873629+00:00 [queued]>
[2025-12-21 20:02:13,066] {taskinstance.py:1032} INFO - Dependencies all met for <TaskInstance: SolovevEgor_HW_05_ds_2025.run_query1 scheduled__2025-12-21T20:01:49.873629+00:00 [queued]>
[2025-12-21 20:02:13,067] {taskinstance.py:1238} INFO - 
--------------------------------------------------------------------------------
[2025-12-21 20:02:13,067] {taskinstance.py:1239} INFO - Starting attempt 1 of 2
[2025-12-21 20:02:13,067] {taskinstance.py:1240} INFO - 
--------------------------------------------------------------------------------
[2025-12-21 20:02:13,110] {taskinstance.py:1259} INFO - Executing <Task(PythonOperator): run_query1> on 2025-12-21 20:01:49.873629+00:00
[2025-12-21 20:02:13,133] {standard_task_runner.py:76} INFO - Running: ['***', 'tasks', 'run', 'SolovevEgor_HW_05_ds_2025', 'run_query1', 'scheduled__2025-12-21T20:01:49.873629+00:00', '--job-id', '3441', '--raw', '--subdir', 'DAGS_FOLDER/SolovevEgor_HW_06_ds_2025.py', '--cfg-path', '/tmp/tmps9jmhtl2', '--error-file', '/tmp/tmpia9zsf7h']
[2025-12-21 20:02:13,134] {standard_task_runner.py:77} INFO - Job 3441: Subtask run_query1
[2025-12-21 20:02:13,120] {standard_task_runner.py:52} INFO - Started process 217 to run task
[2025-12-21 20:02:13,343] {logging_mixin.py:109} INFO - Running <TaskInstance: SolovevEgor_HW_05_ds_2025.run_query1 scheduled__2025-12-21T20:01:49.873629+00:00 [running]> on host 6bc1d04857cc
[2025-12-21 20:02:13,500] {taskinstance.py:1426} INFO - Exporting the following env vars:
AIRFLOW_CTX_DAG_OWNER=Solovev Egor
AIRFLOW_CTX_DAG_ID=SolovevEgor_HW_05_ds_2025
AIRFLOW_CTX_TASK_ID=run_query1
AIRFLOW_CTX_EXECUTION_DATE=2025-12-21T20:01:49.873629+00:00
AIRFLOW_CTX_DAG_RUN_ID=scheduled__2025-12-21T20:01:49.873629+00:00
[2025-12-21 20:02:14,144] {base.py:79} INFO - Using connection to: id: postgresql. Host: postgres, Port: 5432, Schema: postgres, Login: ***, Password: ***, extra: {}
[2025-12-21 20:02:14,245] {python.py:175} INFO - Done. Returned value was: 0
[2025-12-21 20:02:14,343] {taskinstance.py:1277} INFO - Marking task as SUCCESS. dag_id=SolovevEgor_HW_05_ds_2025, task_id=run_query1, execution_date=20251221T200149, start_date=20251221T200213, end_date=20251221T200214
[2025-12-21 20:02:14,583] {local_task_job.py:154} INFO - Task exited with return code 0
[2025-12-21 20:02:14,686] {local_task_job.py:264} INFO - 0 downstream tasks scheduled from follow-on schedule check
