[2025-12-21 20:37:34,890] {taskinstance.py:1032} INFO - Dependencies all met for <TaskInstance: SolovevEgor_HW_05_ds_2025.run_query2 manual__2025-12-21T20:37:28.210010+00:00 [queued]>
[2025-12-21 20:37:34,907] {taskinstance.py:1032} INFO - Dependencies all met for <TaskInstance: SolovevEgor_HW_05_ds_2025.run_query2 manual__2025-12-21T20:37:28.210010+00:00 [queued]>
[2025-12-21 20:37:34,908] {taskinstance.py:1238} INFO - 
--------------------------------------------------------------------------------
[2025-12-21 20:37:34,908] {taskinstance.py:1239} INFO - Starting attempt 1 of 2
[2025-12-21 20:37:34,908] {taskinstance.py:1240} INFO - 
--------------------------------------------------------------------------------
[2025-12-21 20:37:34,918] {taskinstance.py:1259} INFO - Executing <Task(PythonOperator): run_query2> on 2025-12-21 20:37:28.210010+00:00
[2025-12-21 20:37:34,930] {standard_task_runner.py:76} INFO - Running: ['***', 'tasks', 'run', 'SolovevEgor_HW_05_ds_2025', 'run_query2', 'manual__2025-12-21T20:37:28.210010+00:00', '--job-id', '3527', '--raw', '--subdir', 'DAGS_FOLDER/SolovevEgor_HW_06_ds_2025.py', '--cfg-path', '/tmp/tmp2ewyrl8v', '--error-file', '/tmp/tmpxqcor_v_']
[2025-12-21 20:37:34,931] {standard_task_runner.py:77} INFO - Job 3527: Subtask run_query2
[2025-12-21 20:37:34,924] {standard_task_runner.py:52} INFO - Started process 161 to run task
[2025-12-21 20:37:35,037] {logging_mixin.py:109} INFO - Running <TaskInstance: SolovevEgor_HW_05_ds_2025.run_query2 manual__2025-12-21T20:37:28.210010+00:00 [running]> on host 5d7f2889b39e
[2025-12-21 20:37:35,141] {taskinstance.py:1426} INFO - Exporting the following env vars:
AIRFLOW_CTX_DAG_OWNER=Solovev Egor
AIRFLOW_CTX_DAG_ID=SolovevEgor_HW_05_ds_2025
AIRFLOW_CTX_TASK_ID=run_query2
AIRFLOW_CTX_EXECUTION_DATE=2025-12-21T20:37:28.210010+00:00
AIRFLOW_CTX_DAG_RUN_ID=manual__2025-12-21T20:37:28.210010+00:00
[2025-12-21 20:37:35,143] {logging_mixin.py:109} INFO - Выполняется запрос query8.sql в 20251221_203735
[2025-12-21 20:37:35,562] {base.py:79} INFO - Using connection to: id: postgresql. Host: postgres, Port: 5432, Schema: postgres, Login: ***, Password: ***, extra: {}
[2025-12-21 20:37:35,685] {python.py:175} INFO - Done. Returned value was: 0
[2025-12-21 20:37:35,723] {taskinstance.py:1277} INFO - Marking task as SUCCESS. dag_id=SolovevEgor_HW_05_ds_2025, task_id=run_query2, execution_date=20251221T203728, start_date=20251221T203734, end_date=20251221T203735
[2025-12-21 20:37:35,764] {local_task_job.py:154} INFO - Task exited with return code 0
[2025-12-21 20:37:35,792] {local_task_job.py:264} INFO - 0 downstream tasks scheduled from follow-on schedule check
