[2025-12-21 18:33:48,435] {taskinstance.py:1032} INFO - Dependencies all met for <TaskInstance: SolovevEgor_HW_05_ds_2025.fill_table__product scheduled__2025-12-21T18:33:24.241242+00:00 [queued]>
[2025-12-21 18:33:48,464] {taskinstance.py:1032} INFO - Dependencies all met for <TaskInstance: SolovevEgor_HW_05_ds_2025.fill_table__product scheduled__2025-12-21T18:33:24.241242+00:00 [queued]>
[2025-12-21 18:33:48,464] {taskinstance.py:1238} INFO - 
--------------------------------------------------------------------------------
[2025-12-21 18:33:48,464] {taskinstance.py:1239} INFO - Starting attempt 1 of 2
[2025-12-21 18:33:48,465] {taskinstance.py:1240} INFO - 
--------------------------------------------------------------------------------
[2025-12-21 18:33:48,496] {taskinstance.py:1259} INFO - Executing <Task(PostgresOperator): fill_table__product> on 2025-12-21 18:33:24.241242+00:00
[2025-12-21 18:33:48,510] {standard_task_runner.py:52} INFO - Started process 7521 to run task
[2025-12-21 18:33:48,528] {standard_task_runner.py:76} INFO - Running: ['***', 'tasks', 'run', 'SolovevEgor_HW_05_ds_2025', 'fill_table__product', 'scheduled__2025-12-21T18:33:24.241242+00:00', '--job-id', '743', '--raw', '--subdir', 'DAGS_FOLDER/SolovevEgor_HW_06_ds_2025.py', '--cfg-path', '/tmp/tmprvh8b0zg', '--error-file', '/tmp/tmpgj045hct']
[2025-12-21 18:33:48,537] {standard_task_runner.py:77} INFO - Job 743: Subtask fill_table__product
[2025-12-21 18:33:48,714] {logging_mixin.py:109} INFO - Running <TaskInstance: SolovevEgor_HW_05_ds_2025.fill_table__product scheduled__2025-12-21T18:33:24.241242+00:00 [running]> on host b97b26732d6a
[2025-12-21 18:33:48,870] {taskinstance.py:1426} INFO - Exporting the following env vars:
AIRFLOW_CTX_DAG_OWNER=Solovev Egor
AIRFLOW_CTX_DAG_ID=SolovevEgor_HW_05_ds_2025
AIRFLOW_CTX_TASK_ID=fill_table__product
AIRFLOW_CTX_EXECUTION_DATE=2025-12-21T18:33:24.241242+00:00
AIRFLOW_CTX_DAG_RUN_ID=scheduled__2025-12-21T18:33:24.241242+00:00
[2025-12-21 18:33:48,892] {base.py:79} INFO - Using connection to: id: postgresql. Host: postgres, Port: 5432, Schema: postgres, Login: ***, Password: ***, extra: {}
[2025-12-21 18:33:48,901] {dbapi.py:225} INFO - Running statement: 
                COPY product FROM '/opt/***/data_files/product.csv'
                DELIMITER ',' CSV HEADER;
        , parameters: None
[2025-12-21 18:33:48,903] {dbapi.py:233} INFO - Rows affected: 190
[2025-12-21 18:33:49,118] {taskinstance.py:1277} INFO - Marking task as SUCCESS. dag_id=SolovevEgor_HW_05_ds_2025, task_id=fill_table__product, execution_date=20251221T183324, start_date=20251221T183348, end_date=20251221T183349
[2025-12-21 18:33:49,197] {local_task_job.py:154} INFO - Task exited with return code 0
[2025-12-21 18:33:49,293] {local_task_job.py:264} INFO - 0 downstream tasks scheduled from follow-on schedule check
